Shoreburn Wellmage Stonemarble Eastwald Morwald Bellhollow Foxvale Northmount Shoreburn Southpine Prybourne Freyville Iceley Bysummer Starrywolf Shadowhaven Icecoast Winternesse Shoreburn Windkeep Shadowmaple Shadowgrass Butterhill Iceley Fairice Morwall Bluelake Northwynne Eastcastle Butterway Ostcliff Greyice Wayhill Aelmoor Ostcliff Silverbarrow Springburn Fairsage Iceelf Windkeep Strongfall Courtwall Meadowhollow Butterway Newmill Bluedale Oakmere Freymere Snowshore Wellbank Fairsage Eastwald Rosefalcon Greymill Whiteelf Wellmage Rosegate Springburn Verthedge Goldsea Butterbush Vertbay Icebridge Wellbank Bluedale Wellbank Aelbush Shoreburn Irondeer Greyston Shorebarrow Pinepond Courtcastle Brightmere Deercastle Strongfall Icecoast Lightkeep Mallowness Fairice Courtwall Esterash Rockmount Summermage Greenshore Verthedge Orfort Wayhill Butterbush Wellmage Verthedge Aldbay Greencliff Greyston Brightrock Redby Coastport Lochcourt Courtcastle Starryhill Shoreburn
20
Verthedge Verthedge Freyview Southpine Foxhaven Esterash Wellmage Clearnesse
Shoreburn Shoreburn Fogland Wildemarsh Bluedale
Ostcliff Mallowway Brightmere Bluedell Wolflea Orbarrow Windbridge Redlake
Freymere Rosemill Buttermead Seamoor
Icecoast Goldwyvern Mallowness Wooddell Newley Bluelake
Butterhill Corbank Erilyn Bluewyn Ironshore Highmont Freymere Coldville
Starryhill Dellwyn Greensummer Flowerfield
Northwynne Westerlight
Foxvale Violetfay
Deercastle Icenesse Summermage Starryhill Marbleiron Courtwall Butterway Newmill Janholt
Starrywolf Courtedge Deephedge Fairsage Greyice Morwald
Mallowness Silverwitch Irondeer Ostwynne Snowshore Snowsage
Rockmount Redwell Stoneglass Applecastle
Bluedale Valhaven Clearland Fieldedge Eriwall Ironriver Flowermill Westvale Lochmage Oldmoor
Aelbush Greenshore
Summermage Woodice Stonefair Violetley Mistshore Westmill Butterbush Strongfall Rosegate Orfort Blackbush Springfox
Goldsea Wellbank Northwynne Esterfall Butterhill Lightmere Fairice Newby Southwheat Silverlea Oakmere Goldcrest
Courtwall Mallowbridge Foxvale
Wellbank Courtcastle Eastcastle Morwall Northriver Bushgate Brightrock
Greenshore Silverbarrow
