Brightmere Snowshore Newley Ironriver Stonefair Morwall Dellwyn Brightmere Stonefair Fairsage Courtcastle Bluedell Shoreburn Erilyn Clearnesse Esterfall Blackbush Valhaven Eastcastle Greyice Greenshore Lochmage Esterash Rosemill Foxhaven Eriwall Brightmere Southwheat Foxhaven Buttermead Newby Irondeer Bushgate Oakmere Springfox Westmill Clearnesse Butterbush Esterfall Ironshore Wildemarsh Lightmere Oldmoor Corbank Wolflea Stoneglass Esterash Morwald Westvale Wellmage Freyview Brightmere
44
Snowshore Snowshore
Newley Newley
Wolflea Wolflea
Corbank Corbank
Oldmoor Oldmoor
Lightmere Lightmere
Eriwall Eriwall
Brightmere Brightmere Foxvale
Southwheat Southwheat
Foxhaven Foxhaven Marbleiron
Buttermead Buttermead
Newby Newby
Irondeer Irondeer Violetley
Bushgate Bushgate
Oakmere Oakmere
Westmill Westmill
Clearnesse Clearnesse Courtwall
Butterbush Butterbush
Esterfall Esterfall
Ironshore Ironshore
Rosemill Rosemill
Esterash Esterash Wildemarsh
Lochmage Lochmage
Ironriver Ironriver
Stoneglass Stoneglass
Morwald Morwald
Westvale Westvale
Fairsage Fairsage
Courtcastle Courtcastle
Bluedell Bluedell
Shoreburn Shoreburn
Erilyn Erilyn
Valhaven Valhaven
Eastcastle Eastcastle
Greyice Greyice
Greenshore Greenshore
Stonefair Stonefair Woodice
Morwall Morwall
Dellwyn Dellwyn
Wellmage Wellmage
Freyview Freyview
Blackbush Clearland
Springfox Goldwyvern
Wildemarsh Westerlight
