FacultyClub VisitorCenter LeConte OldArtGallery Lewis MartinezCommons Tan Campbell VisitorCenter TAAP Cal1CardOffice GoldmanSchool Birge BAMPFA Wheeler Parking Mulford Anthony FacultyClub AquaticCenter Evans KoretVisitorCenter UCBExtension SpaceLab AnnaHeadAlumnae MoffittLibrary CesarChavez Archaeological Wellman Zellerbach ChanningBowditch FacultyClub SproulPlaza Senior CITRIS AndersenAuditorium VisualCenter FacultyClub GraduateServices FoxCottage BrainImagingCenter FacultyClub McCone RegionalLibrary EthnicLibrary ChanningBowditch HaasClubhouse ArtHistoryLibrary AndersenAuditorium Foothill Haviland SharedServices Blum LawSchool LiKaShingCenter University StudentUnion Gilman Stanley GPB FacultyClub University Bechtel NatrLaboratory FacultyClub VisitorCenter Morgan ArtHistoryLibrary FSM VisitorCenter InternationalHouse HearstMining TheGlade CITRIS ChildCenter PhilosophyLibrary IdaHouse McLaughlin Barrows VisitorCenter WestGate MSRI JuliaMorgan TheGlade Wheeler WooHonFai FacultyClub Anthony HearstFountain CesarChavez MoffittLibrary LeConte LatinAmerican LawSchool Hertz GreekTheatre Unit1 RecreationalSports PhilosophyLibrary KoretVisitorCenter Koshland Extension MemorialPool BusinessLibrary Pimentel Morrison FacultyClub
23
FacultyClub FacultyClub AquaticCenter PhysicsLibrary TAAP EarthquakeLibrary Underhill BanwayBuilding LatinAmerican HearstGreekTheatre IdaHouse Koshland
AquaticCenter Latimer Library StudentUnion WooHonFai
Extension CareerCenter Campbell Bowles
TAAP HearstFountain OBrien FoxCottage LawrenceofScience
University HearstGym PacificFilmArchive Manville MathLibrary Soda
KoretVisitorCenter AlumniHouse
MartinezCommons Giauque Jacobs Morrison LeConte EthnicLibrary MelvinLaboratory Wellman FPF Bechtel FoundersRock
MoffittLibrary Davis VisualCenter SocialLibrary LawSchool SEAsianLibrary
SproulPlaza Unit3
VisitorCenter Warren AnthropologyLibrary Durant MaxwellField
LiKaShingCenter Sproul
CesarChavez VLSB
FSM Cheit
CITRIS Stanley Evans BerkeleyLawLibrary BioscienceLibrary
HearstMining Hildebrand Wheeler ArtHistoryLibrary EarthLibrary MLK
Birge MediaCenter Hilgard Pimentel EngineeringLibrary CesarChavez InternationalHouse Boalt UpperHearstParking
OldArtGallery BancroftLibrary
Cal1CardOffice Etcheverry NorthGate
ArtHistoryLibrary SpringerGateway HealthServices Durham IRLE AndersenAuditorium SutardjaDai EastAsianLibrary SimpsonCenter BerkeleyWayWest
UCBExtension CITRIS UniversityHouse Spieker McCone BancroftDance BrainImagingCenter DonnerLaboratory SproulPlaza MartinezCommons Mulford
Campbell Stephens
HaasClubhouse Birge OptometryLibrary MSRI Investigative HearstFieldAnnex
Wheeler EnergyBuilding NewspapersLibrary StowPlaza Senior
