0 118 179 128 7 164 2 127 59 167 191 3 144 195 138 159 64 0 76 19 93 0 179 106 102 0 38 31 1 133 151 17 112 136 148 187 0 54 99 30 124 1 171 99 12 106 1 81 2 110 0 55 71 154 12 173 84 5 0 160 191 1 72 8 132 3 93 64 86 154 122 127 18 63 8 67 179 0 129 62 0 43 20 122 75 47 141 166 0 193 65 0 163 158 130 58 51 101 164 146 1 36 0 112 107 54 149 10 1 142 45 0 48 0 172 20 87 64 7 69 0
20
0 92 91
172 135
76 120 83 169 71 112 153 173 124 105 74 191 148 3 162 119 174 132 65
154 67 180 13 52
160 97 60 102
163 177 178 42 38 48 188 145 32 197 171
7 33
127 56 199 44 113 80 143 195 64 51 18 8
67 93 49 94
20 87 136
64 133 69 96 149 167 140 15
38 19 131 141
193 26 103
12 55 114 76 154 85
118 181 88 17 134 155
171 46 82 75 25 77
191 99 139 58 73 106 161 47 170
93 117
81 175 168 158 123 35 90
19 172
