1 94 74 50 105 172 42 76 186 44 61 193 86 50 127 24 55 136 153 106 64 126 102 76 7 33 9 114 9 35 45 16 25 164 44 88 133 35 9 93 2 96 171 65 29 86 29 162 187 34 132 50 97 25 4 81 78 194 152 14 49 14 159 7 175 55 53 173 110 79 156 79 32 79 37 61 187 45 99 125 116 118 50 28 84 133 35 199 37 24 11 88 151 198 183 18 92 34 66 142 94 163 32 115 133 35 9 71 65 95 16 45 187 112 187 162 158 171 158 123 12 147 61 9 22 123 22 118 2 126 2 61 37 60 157 49 112 173 53 22 150 135 67 17 184 107 168 39 96 176 52 166 170 29 109 80 36 27 163 127 163 94 4 53 118 192 186 76 177 9 177 167 79 13 46 91 104 61 2 126 75 111 138 111 123 67 112 92 68 180 64 176 198 99 55 123 166 18 176 171 72 82 45 127 31 159 194 29 37 29 86 50 184 71 94 1 65 35 58 161 19 27 90 63 136 55 79 8 200 185 30 141 79 174 47 6 65 1 94 1
19
171 79 37 55 53 73
123 9 5 89 46 14 49 19
162 39 30 77
1 60
110 93 2 18 28 81 100 25 82 94 11 52 97 8 13
142 68 69
94 34 7
53 4
127 21 62 87 27
74 83 56 33 84 26
79 32 96
46 12 90 66 45 20 51 35 86 44 67 3 70 80 92 17 88 48 50 98
104 10 101 31 99 74
133 85 65 29 91
186 64 95 16 59 42 15
102 58 36 76 47 75 6 23
93 22 43 71 54
34 72 63 38 40
52 41 24 78 57 61
