159 77 75 33 100 59 147 73 147 101 1 167 8 189 32 79 57 79 32 98 32 164 159 77 75 37 46 142 129 55 129 41 20 164 81 164 20 41 129 41 148 51 65 98 32 79 57 95 57 64 130 64 156 81 138 25 104 20 164 159 77 140 77 159 109 127 142 129 55 42 170 79 160 118 195 118 84 56 93 65 93 56 14 140 77 159 164 32 98 65 165 184 76 149 4 44 107 130 192 46 49 136 195 118 84 118 195 152 173 133 17 36 141 48 182 48 141 142 127 61 127 142 141 36 17 36 141 142 127 137 53 193 153 5 177 64 57 95 22 159 164 81 156 31 124 117 189 59 100 33 75 37 46 142 127 61 127 109 159 164 20 24 193 153 93 154 2 154 93 56 96 78 129 55 129 142 127 137 76 149 76 137 101 25 104 11 104 20 41 129 142 141 32 189 8 178 16 84 56 84 16 178 8 189 59 147 101 25 104 25 101 137 85 137 127 142 141 32 189 92 114 175 114 31 156 81 138 25 101 137 19 152 172 119 67 119 172 152 173 27 166 121 63 13 16 84 56 84 118 195 152 173 27 173 152 172 119 86 129 41 129 142 141 48 141 32 164 6 164 20 24 193 8 189 92 158 74 129 142 46 90 168 53 193 8 189 117 189 59 100 139 91 87 20 24 193 153 93 56 156 81 164 159 109 127 142 129 55 129 142 127 146 127 112 1 167 1 101 137 85 137 127 142 141 32 164 81 30 11 104 20 24 193 53 193 8 189 32 164 159 77 140 14 56 93 154 2 125 2 154 93 153 5 33 100 33 5 177 111 177 5 33 75 108 94 1 101 25 138 69 138 81 156 31 114 175 114 92 189 92 158 74 129 142 127 137 76 137 127 142 129 74 129 142 127 137 53 137 76 184 165 183 165 65 93 153 5 33 100 33 5 102 123 102 158 170 79 32 98 65 93 70 93 56 96 78 129 86 129 15 167 1 167 8 189 107 134 107 130 64 156 31 156 64 130 64 156 31 9 28 81 138 25 104 20 164 159
29
22 22 79 64
65 65 93 165 26
159 102 82 123 43 32 98
127 61 85
30 11 192 45
130 111 174 128
77 140 14 97 126 76 4
158 185 74 158 116
134 134 120 107
117 31 156 52 48 28 35 114 72 7
129 86 191 96 41 47 148 51
57 145 121 63 13 6
17 155 138 133 200
189 40 100 199 60
125 2 154
183 137
108 37 77 190 38
100 36 10 17 21 181
111 34
175 106
166 172 169
168 88
55 99 3
73 71 139
193 146 109 180
53 53 132 101
46 46
91 15 167 157 59 122 24 193 87
2 178
