K BL DT BI ED B CS B GA C FW FS AZ B CE B P CK A BJ A AB B CD B EO X DL Q DC C GV DQ CE F CB AR CB A EF DA M A V B CG BV CG C CR E EX BN EX FB CM CR DP A AG A AB BM E GU AL B F B GB GI G BR FT EX B V GV EB BL DS H FY GU AP CD B AQ A CN DH AN CP GC FK AK A DZ A EV AN BG CC A DI AM CA CB GK A AV AX A BF EJ FW BJ BR EJ A EZ C AJ BC B Q B DG FY B EM A FR AO J K
23
K K E M
EF CT BQ AS AQ
FS CV I AC P
FY J C CL AA CA N AJ AI CE CN A BY AN BX BV AY
AG CR BU
CB CJ AG
FB BM BB BN AK AO CC
DA CQ AT AV L X
CR AE CF
BJ AF
FK S D
DI BZ CO V
DT BK AW CG AX CB AZ
BF F
M BO W G BT T AM AR CU AU CI R BE BA
BG O BI CD BC CM AB U
J CH Q BF CP
AK BH
BI BS Z
BV CS
FT AH BG CK B
DG Y AL AP H BL BP AD BW
CS BR BD BJ
