129 0 16 56 25 1 47 1 144 7 138 7 157 0 107 53 12 137 45 3 146 3 107 0 85 10 62 1 8 43 0 88 14 151 0 19 35 0 141 0 64 0 157 0 137 0 41 0 19 76 3 159 0 2 0 116 0 43 189 144 123 48 0 72 0 1 160 129 71 0 74 40 0 193 0 96 111 38 21 63 153 3 75 197 4 146 1 31 6 0 141 68 0 137 0 188 0 127 154 58 111 24 75 2 69 0 50 2 89 24 3 138 163 177 0 137 0 36 0 102 44 3 132 0 96 0 55 134 1 146 24 75 116 41 0 158 30 147 85 9 33 2 151 5 139 34 92 0 129
21
139 62 9 57 105 188
129 36 13
36 59 155 184 122 88 49
158 178 130
55 125 81 161 151 65 183 108 84
24 190 40 98 91 156
56 174 163 121 101 48 189 5
71 44 152 33 76
68 192 39 58 55 171 15
137 23 26 114 128 82 157 180 126 123
41 16 6 61
146 96
53 177 53
154 175
3 100
141 99 103 63 110 158 85
116 89 4 66 97 145
74 21 160
33 92 197 56 17 25 195 29 50 107
102 14 11 8 64 196 191 109 194
189 142 51 150 2 87 95 0 137
