AyBBdkPvTTt19wqt q XMV256fk 5nYY46YfUGovj Rf0x16WtfDv 5nYY46YfUGovj nOMN589D7t0QjhnBj3wn Nstvw8dF9rhja nOMN589D7t0QjhnBj3wn oyti0PDcb6jz KIOJyBXM922ydZA5 98E9ia5 NESaNvTSnt9E9du yd7324WTF 2T6osNpb4 2P201UD8Q Nstvw8dF9rhja nOMN589D7t0QjhnBj3wn Iqcp2LHc0iz446x59 1e90fR0FtB7Ev156y PHXESKmVA4 bfYVB7M6I5 XQxkrBxnI Ut7hqt9A EL5n1KQ3kn s8xx0T2h 5op72W0VS69N oyti0PDcb6jz nOMN589D7t0QjhnBj3wn 5nYY46YfUGovj 7tAK5gvusa66TB8HH7nq 2a5Zkf5zd4Va3 Sr bfYVB7M6I5 T8C17MZ6g69gmQ ymzG1qC7YsJFFmeog nOMN589D7t0QjhnBj3wn 5nYY46YfUGovj nOMN589D7t0QjhnBj3wn ymzG1qC7YsJFFmeog T8C17MZ6g69gmQ bfYVB7M6I5 Sr w22P6su70O6jf3FJ d5P0NXv8 L7Mfs3034VwaB7kd3Z Ja 1MHxxU 1wF6 P6C89a32 4B5uWNh7Dl3lRP 8kQ991Y80Dy v QE9dXn5y6j2YYh CDuc4XdY7zp w22P6su70O6jf3FJ c2m39UUoMb 2YlhGrefFhV6JLtw c2m39UUoMb 2P201UD8Q 6v326555i1Io5Z FR3SCSFtuk055ORI mmF FR3SCSFtuk055ORI 2qbTYSv3J hG8udpL53V 2qbTYSv3J 98E9ia5 NESaNvTSnt9E9du vRH6pA1I75N1 pwvBbQ870l3Io2K IEtn6zEV03H3 I4640OD b6DdFnSk8qdk45 GXFdnTo0Mk P JbMQX8p9 P 1MHxxU w22P6su70O6jf3FJ c2m39UUoMb 2P201UD8Q P6C89a32 2P201UD8Q aCCE QqvW51K9Cm FR3SCSFtuk055ORI o 5tQKcAo3 2YlhGrefFhV6JLtw c2m39UUoMb 7tAK5gvusa66TB8HH7nq 2a5Zkf5zd4Va3 E76twn5gNBei01uh2PkH MEv16358FQ yd7324WTF NQThb6mm4a gE7S NQThb6mm4a 6v326555i1Io5Z 2P201UD8Q P6C89a32 khC 7DmqFE 360B15fOiy1XBl 9Ge7Sge1bnha0Jm 2mk9O8P6 Ut7hqt9A Nstvw8dF9rhja lP84Whn A6gMJKsUfUSuEI76 o 9e60h3poT1v5TKPk o 5tQKcAo3 2l90gxx61rTb0CbF CDuc4XdY7zp QE9dXn5y6j2YYh jxDm vRH6pA1I75N1 NESaNvTSnt9E9du yd7324WTF 2T6osNpb4 tbwtQej 2l90gxx61rTb0CbF CDuc4XdY7zp EnmWLiDA9NE89oNUTbx aCCE 2P201UD8Q P6C89a32 khC 2Et5UN6ZJ19iz cZ9 2T6osNpb4 lP84Whn Nstvw8dF9rhja 1MHxxU vRH6pA1I75N1 WMKy4XnjMCqO dElaPKehji2fqD9H4h9 QyqY4vHYw8HuZ1xqo 3 w22P6su70O6jf3FJ Sr RYtkT5 Iqcp2LHc0iz446x59 1e90fR0FtB7Ev156y A 8w6aRuq s8xx0T2h EL5n1KQ3kn Ut7hqt9A MjwmiyLlZn 68ZC6T1G2o9Q95CKs MjwmiyLlZn 7xf20x1m1od50iPHUtr e87h FR3SCSFtuk055ORI 6v326555i1Io5Z NQThb6mm4a 1wh33nDt6y0W6 PdNbuD3b97N264 d LK1h2AhdhXWb7Czrr gv3T5z4 98E9ia5 2qbTYSv3J b19692 6nB9xzJ7b5115Qu5 PELS5 EL5n1KQ3kn w22P6su70O6jf3FJ c2m39UUoMb d 6c1qFsEg9xI MEv16358FQ yd7324WTF NESaNvTSnt9E9du vRH6pA1I75N1 1MHxxU Nstvw8dF9rhja Ut7hqt9A 2mk9O8P6 Ut7hqt9A 7xf20x1m1od50iPHUtr O73Lh6 2a5Zkf5zd4Va3 Q 1CYyNxk8m7fToc6XLW7T Q P6C89a32 Q WD8QxBAx49P iT7 WD8QxBAx49P iT7 QE9dXn5y6j2YYh eZEbm l eZEbm FR3SCSFtuk055ORI mmF 1CYyNxk8m7fToc6XLW7T Q 2a5Zkf5zd4Va3 Sr w6Z c9i08aXpBX5L7Y9g yd7324WTF jY83MVt5i7C19 yd7324WTF Nstvw8dF9rhja fJQi1GAp0 l Ja 360B15fOiy1XBl 7DmqFE 36Y155M7F1ZG8 JbMQX8p9 AcC1Sh8w37Px0m J68F52raS3n1L6ZYK 98E9ia5 gv3T5z4 98E9ia5 2qbTYSv3J b19692 iFF184 1MHxxU w22P6su70O6jf3FJ CDuc4XdY7zp TMULg iT7 TMULg CDuc4XdY7zp EnmWLiDA9NE89oNUTbx aCCE 8s3AAaGRDoeQCE9 rti qGr382CkPK997QVHAL lP84Whn Le6BO3R Tk46 DqfU93360y3I66U0 9q06155efQSN M40P0vmSkH961FtFpaR bfYVB7M6I5 Sr IEtn6zEV03H3 r9qUrqog71Fz9gx fJQi1GAp0 Nstvw8dF9rhja 1MHxxU vRH6pA1I75N1 1MHxxU w22P6su70O6jf3FJ c2m39UUoMb 2Et5UN6ZJ19iz c2m39UUoMb w22P6su70O6jf3FJ Sr CDuc4XdY7zp QE9dXn5y6j2YYh Ru0A1pKIpZYWG A 8w6aRuq 89ukpivGhdck21Krrh40 Rf0x16WtfDv 5nYY46YfUGovj nOMN589D7t0QjhnBj3wn ymzG1qC7YsJFFmeog 2qbTYSv3J b19692 iFF184 XMV256fk Tk46 67zx6J5N914IyP9GV5 A6gMJKsUfUSuEI76 c3x9Cmq8W5oa57mjASv NQThb6mm4a d2A2ZPVl61Vtm2kT 1MHxxU Nstvw8dF9rhja nOMN589D7t0QjhnBj3wn 5nYY46YfUGovj 7tAK5gvusa66TB8HH7nq c2m39UUoMb 2P201UD8Q Fe5xMwq0a8 MnF3RrhkA5IuhY Fe5xMwq0a8 MEv16358FQ yd7324WTF jY83MVt5i7C19 L2a o FR3SCSFtuk055ORI eZEbm l Ja 1MHxxU vRH6pA1I75N1 pwvBbQ870l3Io2K IEtn6zEV03H3 Sr w6Z 2l90gxx61rTb0CbF tbwtQej Q WD8QxBAx49P iT7 QE9dXn5y6j2YYh zM5l4u83ERoh6lnR78 e1M0JsNJ5 IEtn6zEV03H3 6v326555i1Io5Z 2P201UD8Q EL5n1KQ3kn Ut7hqt9A 2mk9O8P6 SdP9W8WRSw kg8257p31rTQvRWjGF 5tQKcAo3 q AyBBdkPvTTt19wqt
23
2YlhGrefFhV6JLtw 2YlhGrefFhV6JLtw
5op72W0VS69N 8w6aRuq
O73Lh6 Han188Ox IEtn6zEV03H3 I4640OD 3 3z4E 1utCvCS3yEzt0HBbKt 2l90gxx61rTb0CbF thypPB22BchO3Od9
1MHxxU TByQ7zH089 d5P0NXv8 4932 jxDm q 8tvL5MpO9J735t
PdNbuD3b97N264 SdP9W8WRSw
pwvBbQ870l3Io2K pwvBbQ870l3Io2K b19692 iFF184 Q2PY 2T6osNpb4 6qc68848myvIqoZWw 920ucA0jXEv 85682ijoufq1DW 2P201UD8Q aCCE c3x9Cmq8W5oa57mjASv T8C17MZ6g69gmQ J68F52raS3n1L6ZYK 89ukpivGhdck21Krrh40
Sr 68ZC6T1G2o9Q95CKs NU7gnWcAs4nq66FS MjwmiyLlZn O7W5C8z8H93l
c2m39UUoMb 2Et5UN6ZJ19iz
9q06155efQSN 9o4t gv3T5z4 p772t3OLqj
iT7 nw566uv e1M0JsNJ5 v FKWv88jkw79me L46h8MG90TBpA8v9 qGr382CkPK997QVHAL L7Mfs3034VwaB7kd3Z
Ut7hqt9A XMV256fk Tk46 Le6BO3R
Rf0x16WtfDv PELS5 Rf0x16WtfDv
JbMQX8p9 KIOJyBXM922ydZA5 9jWI53P36dh95
ymzG1qC7YsJFFmeog kg8257p31rTQvRWjGF
8s3AAaGRDoeQCE9 6c1qFsEg9xI yd7324WTF MEv16358FQ XQxkrBxnI 7d2Q05crlPi A6gMJKsUfUSuEI76 d
iFF184 r9qUrqog71Fz9gx 8Qe2lSUyQa hG8udpL53V MJ2l1N0ojTC eZEbm Ut7hqt9A
khC P6C89a32 659Cx ymzG1qC7YsJFFmeog TMULg
GXFdnTo0Mk 36Y155M7F1ZG8 b6DdFnSk8qdk45 khC P JBYT6heC6yE4
2P201UD8Q 6v326555i1Io5Z QqvW51K9Cm FR3SCSFtuk055ORI 1wF6 vRH6pA1I75N1
Le6BO3R RYtkT5 usTG0We6G9WDs7Dk Q 9q06155efQSN E76twn5gNBei01uh2PkH 1e90fR0FtB7Ev156y 3505 nOMN589D7t0QjhnBj3wn 5nYY46YfUGovj q7Ehaiz dUdv
EnmWLiDA9NE89oNUTbx EnmWLiDA9NE89oNUTbx
hG8udpL53V 7DmqFE ywj3aNhyxUH 4B5uWNh7Dl3lRP b817BTo6GdPc96ig2
5tQKcAo3 I6 o83v2nI1sQs uF131buM7L27
