0 112 96 73 153 73 89 103 20 53 102 143 154 143 32 99 73 89 103 162 64 141 31 109 22 46 41 46 22 107 55 107 47 110 125 77 118 151 145 42 51 105 7 33 72 83 72 33 7 105 51 96 51 47 107 81 107 47 51 105 7 76 7 149 84 24 63 103 169 25 169 103 63 24 195 130 55 107 142 199 142 136 162 196 162 103 63 55 63 103 89 73 99 124 35 100 134 44 165 44 134 100 168 126 101 55 107 47 51 96 112 108 54 24 84 185 61 14 122 10 42 51 105 173 105 92 17 92 124 166 113 90 0 112 96 51 105 7 76 34 76 7 149 8 67 71 128 53 102 143 135 27 2 36 56 174 114 145 159 146 159 145 42 18 57 1 196 168 119 168 126 60 198 18 198 88 182 2 27 135 143 166 113 90 0 123 0 112 96 51 47 157 47 51 96 112 108 54 98 54 24 84 97 147 99 32 143 102 65 2 27 135 143 166 124 92 105 141 64 9 107 81 107 47 51 96 112 0 140 53 57 142 107 22 109 5 109 22 107 55 63 24 54 172 102 118 151 51 47 51 105 111 31 111 105 173 88 182 2 101 171 178 166 124 35 100 35 124 99 73 96 112 191 112 96 51 42 51 105 7 33 72 33 7 105 51 42 18 198 103 162 103 20 126 101 2 65 3 12 139 16 197 23 89 73 96 51 6 198 60 126 60 140 0 137 0 112 96 51 105 7 149 167 153 121 171 101 2 33 74 33 7 149 82 99 32 143 32 99 73 153 73 96 51 42 10 42 18 198 103 89 138 89 103 63 55 107 22 46 158 40 100 134 44 134 100 35 124 92 105 51 96 112 0 86 0 188 171 101 2 158 2 33 7 76 7 105 51 96 112 0 90 113 166 25 32 99 147 97 173 88 182 88 173 97 147 97 84 149 8 128 53 20 126 168 119 168 100 35 124 127 124 35 100 40 158 46 22 107 9 50 112 0 186 0 112 96 51 105 111 17 92 124 99 110 125 175 178 171 188 0
27
0 0 59 62 90 86 43 15
96 94 71
162 30 50 80 9 64
41 41 28 83
174 56 29 38
105 17 21 92 22 13 82
31 7 31
54 16
74 98 54 26 89
22 46 5
10 61 70
42 10 14 58 51 42 48 96 18 88 6 60 57 1 53
199 39
173 97
84 99 93 95 79 66 73
137 37 52
157 19 47
158 69 40 68 85
17 33 72 74
197 8 45 67
165 44 49 35
25 63 20 24 55 81 23 32 25
153 91
20 2 36 78 27
76 84 87 76 34
77 11 75 4
2 65 3 12 77
