loc0 loc1 loc121 loc1 loc51 loc59 loc197 loc23 loc48 loc196 loc98 loc57 loc152 loc12 loc17 loc12 loc26 loc25 loc86 loc8 loc78 loc3 loc196 loc72 loc189 loc5 loc59 loc3 loc12 loc75 loc39 loc147 loc6 loc46 loc37 loc95 loc70 loc4 loc79 loc4 loc155 loc15 loc187 loc7 loc32 loc81 loc61 loc120 loc84 loc195 loc122 loc28 loc110 loc104 loc110 loc77 loc44 loc132 loc5 loc38 loc4 loc128 loc121 loc62 loc117 loc41 loc47 loc159 loc161 loc39 loc2 loc41 loc47 loc103 loc101 loc99 loc0 loc195 loc164 loc160 loc16 loc134 loc16 loc160 loc10 loc94 loc10 loc49 loc5 loc189 loc24 loc57 loc34 loc131 loc4 loc90 loc54 loc4 loc196 loc50 loc122 loc124 loc182 loc108 loc60 loc192 loc24 loc145 loc173 loc122 loc148 loc42 loc25 loc5 loc2 loc19 loc139 loc35 loc77 loc35 loc109 loc59 loc5 loc78 loc8 loc34 loc64 loc99 loc1 loc114 loc60 loc192 loc134 loc96 loc134 loc35 loc91 loc31 loc58 loc158 loc34 loc8 loc187 loc98 loc45 loc118 loc12 loc108 loc12 loc118 loc68 loc84 loc190 loc23 loc74 loc0
21
loc190 loc69 loc185 loc156 loc17 loc25
loc39 loc46 loc96 loc49 loc52 loc109
loc159 loc131 loc8 loc78 loc196 loc27 loc191 loc45 loc179 loc11 loc31 loc54 loc182 loc167 loc160
loc155 loc14 loc129 loc84
loc189 loc75 loc112 loc57
loc49 loc89 loc130 loc37 loc119 loc66
loc34 loc118 loc82 loc122 loc144 loc172
loc78 loc39 loc28
loc61 loc184 loc42 loc20 loc92 loc138 loc116 loc165
loc51 loc97
loc32 loc67
loc90 loc106
loc4 loc41 loc186 loc197 loc83 loc32 loc93 loc15
loc121 loc85 loc168
loc58 loc183 loc134 loc147 loc157
loc84 loc187 loc100 loc105
loc173 loc192 loc150 loc120
loc48 loc177 loc188 loc10 loc198
loc152 loc164 loc162
loc57 loc36
loc104 loc47 loc113
