a0 a1 b1 a1 b0 a1 a0 t8 a0 d8 e9 d8 a0 m4 n0 n1 n0 m4 a0 d7 a0 s8 a0 i3 a0 a3 c0 c1 a4 a5 a6 a7 a8 a9 d0 c2 a3 a0 m3 m2 m1 m0 j9 j8 j9 m0 m1 m2 m3 a0 c3 c4 c5 c4 c3 a0 h7 i7 h8 i7 h7 a0 d3 c7 d3 c8 d3 a0 d4 e0 e1 e0 d4 a0 o9 a0 d4 e0 e1 e0 d4 a0 d6 e3 d6 a0 k6 a0 d7 e7 e6 e5 d5 a0 r1 a0 k2 a0 h7 i7 h8 i7 h7 a0 f4 f5 g8 g7 g5 g4 g2 g1 f5 g8 f5 g1 f5 g8 i0 g8 f5 g1 g2 g3 g2 g1 f5 f4 a0 g9 e8 g9 a0 f4 f5 g8 i0 g8 f5 f4 a0 k5 a0 d1 a0 a3 a0 h7 i7 h7 a0 i3 a0 d1 a0 d3 c8 d3 a0 r4 a0 d1 c6 d2 c6 d1 a0 b9 a0 f2 a0 t5 a0 h9 j0 h9 a0 h4 p0 h5 p0 h4 a0 b6 a2 b6 a0 l0 l1 l0 a0 l0 l1 l0 a0 l0 l1 l2 l3 l4 l5 l6 l7 l8 l9 l8 l7 l6 l7 l8 l7 l6 l5 l6 l7 l8 l9 j1 j2 j3 j4 j5 j6 j7 j8 j9 m0 m1 m2 m3 a0 m4 n0 m5 n2 m6 n2 m5 n0 m4 a0 n4 n5 n6 n7 n8 n9 o0 o1 o2 o3 o2 o1 o0 n9 n8 n9 n8 n7 n6 n5 n4 n5 n6 n7 n8 n9 o0 o1 o0 n9 n8 n7 n8 n9 o0 o1 o2 o3 o4 o5 o6 o5 o4 o3 o2 o1 o0 n9 o0 o1 o2 o3 o4 o5 o6 o7 o8 o9 o8 o7 o6 o5 o6 o7 o8 o9 a0 h4 p0 h5 h6 h5 p0 h4 a0 o9 o8 o7 o6 o7 o8 o9 a0 g9 e8 h0 p8 p7 p8 h0 e8 g9 a0 k2 a0 p1 p2 p3 p4 p5 p4 p3 p2 p1 a0 g9 e8 h0 p8 p7 p6 p5 p6 p7 p8 h0 e8 g9 a0 d4 e0 d4 a0
25
p7 p7 p6 p8 p5
a0 p1 p9 k2 c3 i3 k5 k1 k0 k4 k3 b4 k6 k8 i4 i1 k9 i9 l0 k7 b5 i2 e5 i6 g9 e8 i5 e4 c0
h6 p0
i0 g6 g1 g2 g4 g3 g8 g7 i0
c8 c8 c9
l1 l4 l3 l2 l1 l6 l5
e9 e9 g0
n8 n8 n7 n6
e7 e6 e7
a9 c2
e0 e1 e0 e2 e3
b1 b3 b0 b1 b2
p5 p3 p2 p4
c7 c7
n4 n4 n5
h8 i7 i8
o6 o8 o9 o7 o6
j7 l9
d2 c5 c4 c6
b9 b8 b9 b7 b6
n1 n3 n2 n1 n0
o3 o5 o4 o3 o2 o0 n9 o1
g1 g5
l6 l8 l7
a6 c1
