74 123 109 82 99 11 42 8 141 8 146 54 146 8 52 177 144 93 144 9 26 122 184 154 109 199 109 154 18 34 9 30 9 197 9 30 176 179 168 4 193 61 193 51 77 1 18 146 54 179 54 146 8 49 124 49 8 146 45 13 1 28 14 39 32 130 198 120 116 125 98 102 199 51 103 147 95 172 170 143 122 56 80 125 73 146 86 146 122 26 169 166 126 68 23 68 121 195 86 57 24 167 24 64 73 125 103 51 193 127 114 127 47 102 188 88 113 49 10 137 99 82 6 14 59 65 170 172 170 65 59 65 102 98 102 47 127 32 127 47 102 47 127 32 184 122 66 25 23 41 156 160 156 41 23 68 121 13 15 13 45 146 86 146 122 70 79 137 99 11 42 8 65 91 131 53 37 152 47 127 32 153 169 116 125 80 104 80 125 83 60 59 14 28 1 18 146 73 100 173 66 25 44 107 44 25 23 68 71 35 188 75 142 42 8 123 81 26 9 16 85 16 152 37 178 37 152 47 1 13 192 13 121 6 82 6 14 59 65 170 175 165 175 79 70 189 98 125 73 100 198 120 187 43 158 43 58 28 186 127 32 184 136 194 57 86 128 86 146 18 34 193 149 143 122 146 86 195 121 68 58 28 142 176 165 64 17 187 43 58 68 121 195 57 185 75 4 193 34 94 34 7 166 14 118 14 6 82 109 82 99 137 10 137 50 102 98 102 47 25 23 41 23 25 66 138 34 141 34 151 39 117 3 180 3 43 58 28 142 181 20 161 18 146 86 134 86 146 8 141 61 76 166 131 84 122 146 18 110 18 1 13 15 148 105 117 39 14 28 186 127 47 198 113 49 8 123 74
22
125 98 125 116 157 138 52 152 88 108
82 72 109 123 81 76
146 134 100 73 97 128 199 190 155
198 198 113 120 17 31 133
148 105 115 192 63
141 163 129 61 42
59 12 60 200 167
76 184 154 96
75 174 139 83 136 143
53 44
124 58 142 146 86 14 59 118 89 135
127 39 130 91 53 127 193 47 32 45 4
122 56 80 112 114 107 173 132
104 20 161 11 94 16 140
158 158 103 27 95
41 23
184 90
178 178
179 165 171 179
172 5 54
10 111 51 77 99 50 66
77 18
