112 188 175 8 104 103 50 65 175 4 37 75 194 34 0 60 69 21 49 194 122 95 180 12 53 49 82 155 73 143 165 126 30 15 114 177 54 139 117 186 130 116 42 40 2 142 94 83 89 93 175 2 160 72 121 40 126 179 145 118 137 91 87 145 6 155 82 153 126 152 62 19 2 128 39 127 82 18 183 118 151 174 145 47 132 120 102 136 194 170 192 101 91 25 13 8 1 100 137 112
24
112 166 174
122 84
0 23
136 72 143 64 187 8 190
13 68 99 73 24 136 109
49 70 21
60 151 44 20 69 144
104 41 194 75 60 0
165 107 147
127 28
53 29 182 27 54
101 170 121 53 130 95 9 71 80 188 102 52 97 6 171 33 118 149 160 120 157 154 129 56
179 138 172 162 11
91 146
177 49 14 34 183 127 104 181 158 114
4 13 94 42
120 40 58 169
145 168 123 126 184 59 119
39 163
121 105
155 36
170 85 78 83
72 17 66 124 117 35 165 96
103 81 131 152
