Soda loc3 loc179 loc143 loc177 loc1 loc82 loc98 loc195 loc43 loc27 loc176 loc164 loc27 loc43 loc1 loc54 loc186 loc43 loc27 loc60 loc100 loc12 loc77 loc122 loc8 loc55 loc76 loc176 loc76 loc12 loc183 loc27 loc43 loc190 loc46 loc45 loc67 loc90 loc1 loc43 loc27 loc86 loc21 loc164 loc111 loc30 loc39 loc198 loc28 loc198 loc24 loc31 loc111 loc66 loc111 loc30 loc39 loc198 loc28 loc198 loc24 loc31 loc111 loc8 loc96 loc8 loc111 loc30 loc39 loc30 loc111 loc150 loc12 loc8 loc197 loc76 loc27 loc43 loc92 loc57 loc157 loc59 loc157 loc57 loc72 loc57 loc92 loc2 loc85 loc2 loc92 loc75 loc137 loc40 loc137 loc75 loc92 loc186 loc92 loc75 loc137 loc40 loc137 loc75 loc92 loc43 loc27 loc8 loc194 loc101 loc77 loc164 loc47 loc52 loc196 loc113 loc196 loc52 loc47 loc164 loc176 loc164 loc47 loc52 loc196 loc51 loc103 loc178 loc103 loc178 loc61 loc196 loc113 loc61 loc16 loc61 loc196 loc52 loc47 loc164 loc27 loc43 loc1 loc5 loc1 loc43 loc27 loc86 loc8 loc89 loc8 loc86 loc8 loc55 loc8 loc12 loc66 loc111 loc77 loc173 loc107 loc173 loc77 loc141 loc77 loc56 loc159 loc110 loc159 loc56 loc77 loc12 loc35 loc27 loc43 loc50 loc74 loc13 loc34 loc88 loc34 loc189 loc34 loc138 loc34 loc84 loc97 loc84 loc34 loc88 loc14 loc34 loc118 loc34 loc94 loc17 loc129 loc82 loc132 loc129 loc17 loc94 loc34 loc14 loc34 loc189 loc34 loc94 loc23 loc94 loc83 loc50 loc43 loc1 loc98 loc186 loc104 loc168 loc179 loc199 loc64 loc3 Soda loc106 loc36 loc145 loc156 loc6 loc172 loc36 loc145 loc36 loc106 Soda loc3 loc179 loc43 loc179 loc3 Soda
23
Soda Soda loc36
loc189 loc138 loc34 loc94 loc14 loc88 loc189 loc32
loc190 loc171 loc42
loc101 loc101 loc141 loc77 loc95 loc37 loc15 loc131 loc147
loc54 loc82 loc151 loc45 loc163 loc154 loc90 loc65
loc164 loc126 loc170 loc192 loc61 loc185 loc142 loc183 loc35 loc10 loc180 loc41 loc55 loc193
loc103 loc155 loc51 loc103
loc12 loc165 loc22
loc83 loc17 loc83 loc50
loc172 loc172 loc6 loc25 loc106 loc156 loc145
loc40 loc40 loc137 loc57 loc72 loc75
loc16 loc7
loc97 loc97 loc167 loc84 loc118 loc121
loc72 loc157 loc59 loc20
loc110 loc146 loc107
loc60 loc38 loc181 loc188
loc111 loc8 loc122 loc100 loc24
loc107 loc111 loc128 loc173
loc46 loc13 loc74 loc23
loc82 loc58 loc80 loc199 loc64 loc3 loc140 loc53
loc28 loc109 loc28 loc30 loc136 loc11 loc39
loc66 loc26 loc194 loc79
loc86 loc114 loc9
