0 144 157 69 103 146 106 156 199 53 87 31 13 30 176 30 178 43 109 94 138 63 88 90 12 34 8 114 192 155 110 26 63 190 169 73 122 22 5 174 5 195 99 195 7 64 40 64 2 0 74 48 37 48 72 150 152 7 176 114 181 63 9 50 9 162 22 162 156 103 138 8 38 8 114 176 42 5 86 8 138 63 21 99 195 5 42 5 196 4 133 194 184 3 25 3 48 46 49 20 130 20 137 153 30 166 19 28 20 52 20 137 156 90 3 67 3 125 32 77 146 106 86 139 37 47 76 125 76 114 102 111 174 105 23 12 62 83 68 121 91 67 74 59 74 4 141 43 109 100 92 20 130 108 115 132 95 189 193 5 195 35 78 111 70 82 196 18 20 92 60 8 114 102 186 94 138 70 58 15 113 124 198 132 95 188 87 103 58 103 137 153 30 148 196 5 42 120 125 149 128 149 162 140 62 4 89 51 59 177 72 150 18 188 63 138 46 48 72 115 116 114 8 34 145 58 70 116 132 53 151 66 194 152 120 143 127 22 5 65 123 199 156 162 140 65 5 114 181 28 19 28 8 98 9 85 9 170 134 25 174 53 199 53 87 24 16 18 158 45 54 68 79 114 176 1 25 1 169 135 0
20
0 13 28 54 1
198 81
67 95 10 93 71 26 63 14 41 77 88 83
25 25 55 98 8 34 38 35 52
176 68 79 76 90 33 30 27 19
174 31 100 66 9 72 23
16 91
153 58
40 5 65 57 89 22 62
58 69
194 97 96 20 37 47 49
132 53 87 4 2 74
106 46 48 44 36
195 11 21 6 59 29 50 92 60 12 7 51 84 3 42 67
110 17 39 80 94 85 86 75 78 70 82 16 43
140 56 15
158 99
18 18 32 73 64 40
196 45 61
22 24
