48 153 59 63 92 54 72 163 173 97 119 126 130 49 67 98 101 43 2 141 196 121 40 16 98 38 147 27 95 176 95 114 80 47 187 7 175 140 175 7 187 47 188 168 109 139 116 146 150 41 31 143 137 15 99 102 192 76 199 138 176 122 170 3 155 116 146 116 155 143 0 156 0 143 0 105 147 100 133 37 153 48 153 37 133 121 196 46 111 188 47 102 26 82 15 118 80 114 157 114 80 47 102 179 102 99 15 87 43 17 25 171 25 42 62 89 21 12 143 1 86 134 162 8 84 51 5 142 174 59 63 92 126 119 78 113 181 96 183 46 168 109 168 83 55 36 55 47 84 8 119 93 13 59 63 57 63 161 170 3 170 106 133 100 133 50 25 42 62 132 6 106 133 70 45 191 96 181 96 80 114 157 146 116 139 185 39 85 152 29 96 80 148 21 12 143 155 199 141 2 124 56 4 127 199 138 176 95 114 80 96 29 152 29 36 163 173 62 42 9 129 136 152 29 36 147 38 165 28 170 122 176 40 16 62 89 21 12 91 180 9 129 136 72 108 47 84 60 30 11 6 139 185 39 128 39 185 168 46 168 20 168 188 47 80 114 157 194 193 98 38 147 105 0 32 185 39 85 92 63 161 38 165 13 59 174 179 174 73 171 144 182 113 89 21 79 11 6 106 82 15 118 58 164 154 7 78 119 93 133 121 196 162 123 114 80 96 191 45 70 133 106 6 11 30 60 84 51 180 94 126 18 133 121 133 100 172 91 12 21 89 62 16 40 121 133 37 99 5 51 180 9 129 136 72 163 72 54 92 177 107 66 73 171 163 72 54 50 133 100 172 110 102 26 115 10 159 96 183 66 73 48
28
48 48 109 143 167
152 152 136 85
171 84 73 186 42 158
36 20 74 55
16 16 40 119 93 78 113 145
47 107 66 177 46
96 181 29 120 147
70 126 9
114 19 35
119 125 175 165 34 190 185 39 23
132 11 79
121 151 103
116 170 155 199 88 163 36 108 38
185 21 148
109 64
182 182 171 69
177 191 149
143 101
54 135 180
146 123
2 56
59 179 90 25 87
147 176 138 196 117
84 60
56 137 5
165 67 98 133
49 129 141 2 194 193 157
5 156 52 7 53 110 154 115 10 197 3 58 164 118
