evdoyagqfp xftptyrlvl mysadifwma robpunozly mysadifwma xftptyrlvl jqtguzxxsl wynbxuuxru lazlsvgukx bbczvyonym mdyuzxshey ouxenssqdu mdyuzxshey bbczvyonym lazlsvgukx wynbxuuxru jqtguzxxsl xftptyrlvl jqtguzxxsl optviwhmbr ivugtsvtqb guuudgvhny xknpudafue xplqpgpbvq unihwwnyqz pbefrggyje wtlzrefwav eysfgfavho bpbbtoptwg opmnfgpclg bpbbtoptwg rnpokwoqgt fdgcygwgjf phknwbtipl xguvjomcdt yqwistxtxc xywdziunpr oggftsricu xeigbnzhbj oggftsricu xywdziunpr vugkhjygfe zumetrybth tvuprbwofb opmnfgpclg knfzsnhzvx etdxtwotzh qepegujmaa pcilmgdrgc jqtguzxxsl wynbxuuxru epdwcjuvdr eqdxeqvtsb xnppuesbrr pbefrggyje xzwkhxkxjr cttlxdtaiw uqoafoloje zjbarjhmau uqoafoloje oavtmpaqji oownpsyviv rnpokwoqgt bpbbtoptwg opmnfgpclg tvuprbwofb zumetrybth tvuprbwofb opmnfgpclg qxuqrfzzob gllungmori xnppuesbrr eqdxeqvtsb lndsfxewdc khisjiexts zpybghfdbe pwgublhwxg hofbtczdgp yqwistxtxc nbjyrygtdh ymvlfsdhbu lazlsvgukx wynbxuuxru epdwcjuvdr eqdxeqvtsb lndsfxewdc kyrhqthnvz lnicnhmajr qpxtrjvxpe kwbnyneokj uhalgukdzb fczruomdab siatqqydwf ytidnmibdj owusjcmdkp uddkspyqjc yiwwdwbzth ixyurvbpvu qepegujmaa kgktiatgjn qepegujmaa koawdpgqdx pdljcbluhp ljhmnbaicr bswhowadhl zpjhxyylhb kvfpaspidv wtyqwjwskq siatqqydwf ytidnmibdj lnicnhmajr xychpimpzb qcktwemqbm knfzsnhzvx opmnfgpclg xsjzeyxnpw bswhowadhl xsjzeyxnpw opmnfgpclg knfzsnhzvx opmnfgpclg xsjzeyxnpw bswhowadhl tgkujfknod jfccyptuug tgkujfknod bswhowadhl ljhmnbaicr qgfchcatzi cmdqzmgvfi rlxmdzqomd cttlxdtaiw byyqgjwsrp ahqdrcepub byyqgjwsrp rfcbhdtwvm bpbbtoptwg opmnfgpclg xsjzeyxnpw bswhowadhl zpjhxyylhb kvfpaspidv wtyqwjwskq kijbyyuzhd ztvejhcxjs nfvvjywhsb uooysjrxsb nfvvjywhsb ztvejhcxjs kijbyyuzhd wtyqwjwskq fznfvsgjhc wtyqwjwskq kvfpaspidv ouxenssqdu mdyuzxshey bbczvyonym kwbnyneokj qqtzqvrvyc frwgnrofof qqtzqvrvyc xvgujpzkiw rfcbhdtwvm xtvbrolacp afrdrejwtp pwgublhwxg pymtnhypxd jrmlkfexfk scesbtewjx jrmlkfexfk osdeymjeil wkwwcqjtxf lkvtxfwozs gjmmikaxih byyqgjwsrp ahqdrcepub wtyqwjwskq kijbyyuzhd idfvjoquhh xqwyvbvueh oegfbrwyrp wynbxuuxru lazlsvgukx wynbxuuxru jqtguzxxsl pcilmgdrgc qepegujmaa koawdpgqdx wkwwcqjtxf koawdpgqdx pdljcbluhp ljhmnbaicr bswhowadhl zpjhxyylhb jwcdeoubpx zpjhxyylhb bswhowadhl tgkujfknod jfccyptuug cpwyxulkjm nbjyrygtdh yqwistxtxc xguvjomcdt phknwbtipl gkcfktyute rlxmdzqomd cmdqzmgvfi qgfchcatzi ljhmnbaicr bswhowadhl xsjzeyxnpw ymvlfsdhbu nbjyrygtdh yqwistxtxc xguvjomcdt fclmzghxkf oegfbrwyrp wynbxuuxru lazlsvgukx bbczvyonym kwbnyneokj qqtzqvrvyc kwbnyneokj wirlbujvjm phknwbtipl xguvjomcdt phknwbtipl gkcfktyute khisjiexts lndsfxewdc kyrhqthnvz lndsfxewdc eqdxeqvtsb epdwcjuvdr kgktiatgjn qepegujmaa pcilmgdrgc wwqchwdmtx jedsthbmzo qxfgqgbbdn byyqgjwsrp cttlxdtaiw uqoafoloje oavtmpaqji oownpsyviv rnpokwoqgt fdgcygwgjf phknwbtipl wirlbujvjm phknwbtipl gkcfktyute khisjiexts lndsfxewdc kyrhqthnvz lnicnhmajr aruwdskzta vugkhjygfe zumetrybth tvuprbwofb opmnfgpclg xsjzeyxnpw bswhowadhl ljhmnbaicr pdljcbluhp koawdpgqdx qepegujmaa pcilmgdrgc jqtguzxxsl xftptyrlvl uooysjrxsb nfvvjywhsb uooysjrxsb xftptyrlvl jqtguzxxsl pcilmgdrgc qepegujmaa etdxtwotzh knfzsnhzvx qcktwemqbm knfzsnhzvx opmnfgpclg xsjzeyxnpw bswhowadhl tgkujfknod jfccyptuug tgkujfknod bswhowadhl ljhmnbaicr qgfchcatzi yriqtwavfx uhalgukdzb kwbnyneokj wirlbujvjm kdujdjjwot xplqpgpbvq kdujdjjwot wirlbujvjm kwbnyneokj qpxtrjvxpe lnicnhmajr kyrhqthnvz lndsfxewdc eqdxeqvtsb epdwcjuvdr wynbxuuxru jqtguzxxsl wynbxuuxru epdwcjuvdr eqdxeqvtsb xnppuesbrr gllungmori xnppuesbrr hxkhivkhyl xnppuesbrr pbefrggyje xzwkhxkxjr cttlxdtaiw uqoafoloje oavtmpaqji qydclznxrd ljhmnbaicr qgfchcatzi yriqtwavfx gucdicwxmb yriqtwavfx uhalgukdzb kwbnyneokj bbczvyonym mdyuzxshey wtlzrefwav bimtbhwsby ijbfzrqwct qfbvncxldf ixyurvbpvu qepegujmaa koawdpgqdx wkwwcqjtxf wtjzgzopuw byyqgjwsrp ahqdrcepub afortwurqt zmfuudfatm cttlxdtaiw uqoafoloje zjbarjhmau ichabbvkhm zjbarjhmau uqoafoloje cttlxdtaiw xzwkhxkxjr pbefrggyje wtlzrefwav afrdrejwtp khisjiexts lndsfxewdc vkrlpmybdj jrusiskazm ichabbvkhm jrusiskazm vkrlpmybdj cdqkyomyxw vkrlpmybdj jrusiskazm gjmmikaxih byyqgjwsrp wtjzgzopuw wkwwcqjtxf osdeymjeil qiqnnrlapz spdafzaivh ldnozwuuuq eaozvwjoso ldnozwuuuq frfueiglva pymtnhypxd pwgublhwxg hofbtczdgp jwcdeoubpx zpjhxyylhb bswhowadhl xsjzeyxnpw ymvlfsdhbu lazlsvgukx wynbxuuxru jqtguzxxsl optviwhmbr jqtguzxxsl smwxdupkdv tvcolajnao lcrihrmoqu tgbmxdmvwe qqtzqvrvyc kwbnyneokj wirlbujvjm hsjqtjkukk wirlbujvjm phknwbtipl gkcfktyute xkasbvrrxd gkcfktyute khisjiexts afrdrejwtp wtlzrefwav mdyuzxshey ouxenssqdu mdyuzxshey wtlzrefwav eysfgfavho bpbbtoptwg opmnfgpclg knfzsnhzvx qcktwemqbm xychpimpzb bulywvvpni wkwwcqjtxf koawdpgqdx qepegujmaa pcilmgdrgc jqtguzxxsl xftptyrlvl jqtguzxxsl wynbxuuxru lazlsvgukx ymvlfsdhbu nbjyrygtdh yqwistxtxc hofbtczdgp yqwistxtxc xywdziunpr vugkhjygfe guuudgvhny stdiixwrjc owusjcmdkp ytidnmibdj siatqqydwf wtyqwjwskq kijbyyuzhd idfvjoquhh kijbyyuzhd wtyqwjwskq ahqdrcepub byyqgjwsrp rfcbhdtwvm syxecaxosc oddoubpfzn sjtuxgdwms iwdghbmiai qbiylslccb xftptyrlvl evdoyagqfp
26
evdoyagqfp evdoyagqfp
epdwcjuvdr eqdxeqvtsb kgktiatgjn
nfvvjywhsb kijbyyuzhd uooysjrxsb xawkqmfmmx mysadifwma fluzhooehk
ahqdrcepub afortwurqt ahqdrcepub
gjmmikaxih jrusiskazm wkwwcqjtxf lkvtxfwozs osdeymjeil psiebvskfb
xguvjomcdt nwlccbonas hofbtczdgp xguvjomcdt fdgcygwgjf zivwgfcxqi itbfnxnauh
phknwbtipl euqbrkzdsw wwqchwdmtx pcilmgdrgc
nbjyrygtdh scesbtewjx seeyrseflx hkempoemlv oggftsricu xywdziunpr
lcrihrmoqu xkasbvrrxd tgbmxdmvwe lcrihrmoqu oegfbrwyrp xqwyvbvueh tvcolajnao voaumgrcuj tmrnpjqnxx
uhalgukdzb eooyfwmxln rkyixxpcbx tmatbexcil
gllungmori xnppuesbrr lndsfxewdc kyrhqthnvz vkrlpmybdj
rfcbhdtwvm kvxwqiryyu
knfzsnhzvx etdxtwotzh qxuqrfzzob
ouxenssqdu hsjqtjkukk bbczvyonym mdyuzxshey wtlzrefwav
xplqpgpbvq ivugtsvtqb optviwhmbr wynbxuuxru smwxdupkdv vnzypgtlkj uhalgukdzb gbdejcnknd
xftptyrlvl vfdsalrajq ivgbjyugdu
qepegujmaa cpwyxulkjm stdiixwrjc guuudgvhny yiwwdwbzth qfbvncxldf bbwcqzwyoz
bswhowadhl tgkujfknod bswhowadhl qgfchcatzi pdljcbluhp qepegujmaa ymvlfsdhbu aokbiptbzc nbjyrygtdh ldnozwuuuq qpxtrjvxpe qiqnnrlapz
kyrhqthnvz xychpimpzb bulywvvpni lnicnhmajr aruwdskzta
uqoafoloje rnpokwoqgt oavtmpaqji
qydclznxrd gucdicwxmb pbefrggyje xifuopshzj xwrvhrxnqy bimtbhwsby
xeigbnzhbj vugkhjygfe
robpunozly bnmegnfgii
qxfgqgbbdn byyqgjwsrp qxfgqgbbdn afrdrejwtp jrmlkfexfk
kvfpaspidv kvfpaspidv ouxenssqdu
pbefrggyje zmfuudfatm cttlxdtaiw ichabbvkhm
