AwxIeucriHjf27FhspG 9kAz3lcOVx7Yyjh45dQ 1pEvPaYSub2mW8eItUO JX3fUkTlirV92nytHdI PAGrNvthUc84px5JbWS AwxIeucriHjf27FhspG ZHjC78bVpocuktm5Mg9 I6Srv8cPQsFqxiR2TGo ZHjC78bVpocuktm5Mg9 AwxIeucriHjf27FhspG 8k6dAwsMG4NnfBOevUL 3eU0yIswmKxLq6Yg7Tu PAGrNvthUc84px5JbWS 2oDxBYX4AFTcdsuyjS7 DRs1litXOcAQoN2M5F8 LKpfxPqdJvaI8C0We3z N5rjMo2s1ZAEJL6U4pv pWqv5bzYdQrxn3whCGt 8k6dAwsMG4NnfBOevUL yWzqUasT3R6D74kKJru JQ7e620AfbYtkUHEPVo yWzqUasT3R6D74kKJru GYoLb7PsEtAWv056yRm 1pEvPaYSub2mW8eItUO JX3fUkTlirV92nytHdI sSIU0LhF3iBgWXqmEQk AwxIeucriHjf27FhspG 8dt5mq27eksALHIuQgh 8aKYx2SdqPRjFvi6yr4 Xg1vud0DImw24fbLhOt r7atW26zvHYEAjxZB5I FPdVJhzL0QXGwcbKxes AwxIeucriHjf27FhspG i1X8bBqcpaOv7PtxHzy GYoLb7PsEtAWv056yRm 8aKYx2SdqPRjFvi6yr4 KJwAq0SmfUlOGo8Pbeh H361sN2bytgnSrlFL8V YdfrPxpi4hmXIq2Ss9c NCitHRhmgX02L7OSpdJ J6ComdZW9qLG5V7D2Qb yfojKR4t2HQN6IZaeG9 weiO89Us3SIvoaPtrB0 vfNKIx7Y0WnEkGrRmXw dLzEgnCZKowbF2kJImP qR1w8vWKJ9GTMoIVHEe N4xuWFlCoSegmctI20M CrwBY4qKI0eOiAjtvzZ Nji35abpK0CTUSlWGuA OzSVlAJPB8pD7McueaG l8EFJZci17KdbnTx9Ch 8aKYx2SdqPRjFvi6yr4 KJwAq0SmfUlOGo8Pbeh GpTdeJ4jlQkvCMFtiU8 lVYgEuIbtUKZ9BpSWJh Kziaen3V8Um1wETpYt7 dhXvUkRL28FGAxDyIYB ZbLed95SUxqPAVGltNu u6NmRbBjavFMC89JWQy SfVYr3x27ctXzykPZQH 8dt5mq27eksALHIuQgh wtRf1nEDh4u0iWYsOVm yWzqUasT3R6D74kKJru ZzYyulPGeQEkJtvs8CW yWzqUasT3R6D74kKJru i1X8bBqcpaOv7PtxHzy 81enwCUSxbBZOYdyVNm oXD0mSLKMYy5gjbW7s3 81enwCUSxbBZOYdyVNm w4L9W3TiU2vmdEZozyC 45o0iUnaMRuHrILENSg 5bm8s6gOuPLxM2cIGXE ZU4OFqH2PfgLpEJVSG6 LKpfxPqdJvaI8C0We3z yWzqUasT3R6D74kKJru sBNmdn0ScKeWHtTEw8G qhxzpBY9Ge3TsiJDCRH KJwAq0SmfUlOGo8Pbeh GpTdeJ4jlQkvCMFtiU8 6OhBRdtHjncfMpQmIAY CjAJ7W0LVI1qz3B5Oos yWzqUasT3R6D74kKJru bCKdV7zvcx1wDkTaAEq 4LxtbrVK16vaZhMqPTf ZU4OFqH2PfgLpEJVSG6 gkIdtam3XO0GhSfHMn2 oXD0mSLKMYy5gjbW7s3 3rkIDVhYGmRCoQbTuLF CjAJ7W0LVI1qz3B5Oos ZHjC78bVpocuktm5Mg9 4bOB2s6KaRrTXkec7pC yWzqUasT3R6D74kKJru ILEw3dp8bC7yilBnYuX yWzqUasT3R6D74kKJru hSCJQcfq7GH0wKLZMIT MxPw0tBF9auZHDR5NLg PyJKts960QpjhTLD2OE HWsfzdlbC4SPwEuKhy7 iYI8LowClq2xG0XWSdZ ytaHPFEmwDcQ3oOhSAG 2oDxBYX4AFTcdsuyjS7 9kAz3lcOVx7Yyjh45dQ iEFbnXL3WCYzGIBsQyg yWzqUasT3R6D74kKJru rQfO86XIUiqbWE4azPs qR1w8vWKJ9GTMoIVHEe Y4pFOJ6VP8bxu9lNyeH aGXM5NfbYTsxiSQvB3H LKpfxPqdJvaI8C0We3z sSIU0LhF3iBgWXqmEQk AwxIeucriHjf27FhspG CjAJ7W0LVI1qz3B5Oos yWzqUasT3R6D74kKJru s8AWPE5NaizcVDYlfFp yWzqUasT3R6D74kKJru 0Lvysj6zrhcmOG25DUo KdmOqJzTZ14iH6NnR70 LKpfxPqdJvaI8C0We3z DRs1litXOcAQoN2M5F8 GdpO4y3ZR5mzHVrDTN9 6OhBRdtHjncfMpQmIAY yWzqUasT3R6D74kKJru MKdyYb8tGeSZJfovuFX yWzqUasT3R6D74kKJru MxPw0tBF9auZHDR5NLg XfrmtaWRUdFACN809yS NCitHRhmgX02L7OSpdJ sho45SEzbYFQpR1CwZm H5W1Z0mh4LNI9BjDgp3 SMpBnYlLGWZCf5mhOb3 f0JPGEvKuMcqjgi5XlZ p39vLN8ZTmldOHc7FQq Kziaen3V8Um1wETpYt7 PyJKts960QpjhTLD2OE SfVYr3x27ctXzykPZQH yWzqUasT3R6D74kKJru MxPw0tBF9auZHDR5NLg AwxIeucriHjf27FhspG GYoLb7PsEtAWv056yRm SgEu94o85QKaBwRnUqk ORVoYgr9pvTkjDEn3z1 iEFbnXL3WCYzGIBsQyg 9k3KERBOiDm5tSLWTuV p39vLN8ZTmldOHc7FQq YwUVh34Ex8t6JsD0lOX KJwAq0SmfUlOGo8Pbeh w4L9W3TiU2vmdEZozyC AwxIeucriHjf27FhspG
21
AwxIeucriHjf27FhspG AwxIeucriHjf27FhspG LdUAKJjGy23PM8pSE0H
sSIU0LhF3iBgWXqmEQk LKpfxPqdJvaI8C0We3z dLzEgnCZKowbF2kJImP p80UhzCbyXmZiGjNTVY kC0UP5yi37XTohZLezu GpTdeJ4jlQkvCMFtiU8
YwUVh34Ex8t6JsD0lOX gkIdtam3XO0GhSfHMn2 SBXYtjvfK32xzIsAgbu oXD0mSLKMYy5gjbW7s3
NCitHRhmgX02L7OSpdJ OzSVlAJPB8pD7McueaG
wtRf1nEDh4u0iWYsOVm ORVoYgr9pvTkjDEn3z1 JX3fUkTlirV92nytHdI
JX3fUkTlirV92nytHdI N4xuWFlCoSegmctI20M qR1w8vWKJ9GTMoIVHEe
Nji35abpK0CTUSlWGuA Z67LKcAUNbXP0xGtue2 iYI8LowClq2xG0XWSdZ
3eU0yIswmKxLq6Yg7Tu C7gXPVA3YZ2QWdsUkGx
SMpBnYlLGWZCf5mhOb3 sho45SEzbYFQpR1CwZm ou7YpydAjD9Tzn0MSEv tW8U5JQYoGLH1fxkDly Jlkixpd2cLWGKCrVSmf p39vLN8ZTmldOHc7FQq 5Sgq2KH8U61EC0W3VNR bXmHFcCtVZPv4oxBweM v8rJpjBE2GMRcaD7w4V IxZGeW9SUK2QcXf7aJs VmTt9Ek3YP0ioL4huqK DZKQ08WnbkSIqz2rAm6 yWzqUasT3R6D74kKJru weiO89Us3SIvoaPtrB0 wJPGQIr4Njpk7Re6sbX NWGQdEXnhM5gUqcJ13T
45o0iUnaMRuHrILENSg EyCHsSP5XZrQR0L23jf EtZy03uSNxdF1kcjeG7
KJwAq0SmfUlOGo8Pbeh KJwAq0SmfUlOGo8Pbeh vBQ8qjbgmCfZIxY2zJP ciYOlIwSpvHz3ybj2mV 8XNwOR4jem9hBP3VKuk jIi2sVXxaTR5vQNo6uH uhaSszxK8v16PtwWV50 5Hz2glV7fhLTxX0iEyu XBQSWe7pwDs2Ik8lnAv BMxnoGrf91mOZwU8P3C srXSIvPOWTzJ7opbjGc 2SbQ735yxpaYRJGdLNt EwF5nLVG0tZTx9dWU1D LgX3GoqbTpRCdhOElKA uFkwq6pWAKVEXdDRGQb KtuJ8324zFfxhcgNUO0 Ou5bfz3rmJwxCBhTatL
CjAJ7W0LVI1qz3B5Oos ZDtoyidIR6aqQwg1rfL 9k3KERBOiDm5tSLWTuV SWcTa048zDXHmAk67vq
ytaHPFEmwDcQ3oOhSAG 4WPDhRB2vq5G1CNxpiz BS8iY9aPlgh1QqrIpVd SILZWArv6k7FcGhyeb5 TD1lnWQY5GcdEjtfVzs sP8cQuHBaxI7wkL0VTS
DRs1litXOcAQoN2M5F8 J1VXRSak3EBr6AGsmz7 mqAocERyYrzi36U5pTt 4RPkH7Dc2lSytIEjdvZ
ORVoYgr9pvTkjDEn3z1 mxbN18fatelypn20FLZ 8CRHxDVKFZsYB6tMpik 81enwCUSxbBZOYdyVNm sOhbeTrPJkB5zIDlpEx FhQNEw3VjK7YeUgT8rm oqS8bChDzaEOsTV2FZp XMuchaoDbgs8v65ECIF VMPr01qNctRo2GspAdh 8XdiGJQuvDq0O45cAa3
dhXvUkRL28FGAxDyIYB r7atW26zvHYEAjxZB5I ZyajO0zqmgFGd4PUlik ZiPlEIqjAW0gpVoJsT6 Nji35abpK0CTUSlWGuA RZydCPMgeNYjxh8sAGI IlfLurGFiMO9W3wUAXR M7vKqQH6U3sGneYpBmr 4LxtbrVK16vaZhMqPTf
8k6dAwsMG4NnfBOevUL PyJKts960QpjhTLD2OE XfrmtaWRUdFACN809yS 32iUhWwbaRQdpGN6CP9 OFnyj64xurghSV8Cz13 UhV08bJKBApcNP4O7xl 1pEvPaYSub2mW8eItUO 3WN1qBmcvAExjdM6Gr7 wdEaysuC74BJzk6lPtZ CN1OwEHxoMR8mP7VXyj J6ComdZW9qLG5V7D2Qb
I6Srv8cPQsFqxiR2TGo JOjfABw83oFCiaXDvMs pdb3WuP0IFN8hwBkH69 SgEu94o85QKaBwRnUqk XHfCu7qLi0aIveTUmlM TwZjBSskDY4E9OdRuXv 0l5Q4wHKrGTtYmko6uB
f0JPGEvKuMcqjgi5XlZ JcQAO3uxterl9IUwhKB 8aKYx2SdqPRjFvi6yr4
FPdVJhzL0QXGwcbKxes 2oDxBYX4AFTcdsuyjS7 NXV1D2dbScZ4y9pUtqW
J6ComdZW9qLG5V7D2Qb eqi0fKTM2RdD6zkSAEr
