0 71 59 12 10 22 35 85 11 87 60 54 19 9 3 48 4 67 36 55 56 10 47 79 63 5 28 24 45 38 13 14 44 27 46 96 66 77 47 16 94 46 74 43 58 67 60 84 51 90 89 41 66 11 34 69 60 128 60 87 71 53 37 85 11 40 37 10 47 164 165 164 47 61 89 55 83 167 168 167 83 21 50 0 7 27 8 61 70 53 176 53 56 30 44 94 90 182 183 182 90 21 57 188 189 188 57 44 53 73 69 16 74 62 11 4 95 49 194 195 194 49 14 94 0
24
85 101 100 166 118 132 133 193 142 110 145 184 124
0 103 102 106 123 122 127 126 154 150 149
22 146
47 152 153 187 186 167 185 198 199 197 137 141 140
195 195 196
84 143 144 163 161 162 151
43 155 111 148 147 181 190 136 188
3 113 112
183 182 183
165 165 164
61 107 125 194
7 130 131
41 120 189 115 114 105 119
11 121
21 170 116
128 129 128
168 168 169
79 174 175 173
73 104 134 135 179 180 191 192 158 159 160
28 117
60 108 109
50 171 172 139 138
176 178 177 176
87 156 157
