0 4 104 150 64 4 30 4 59 149 169 129 185 85 0 2 34 119 94 170 114 44 49 125 128 125 160 125 110 4 169 189 109 140 64 29 129 4 115 30 85 9 59 164 64 144 4 135 4 180 4 199 44 130 44 174 4 35 80 39 149 4 50 4 129 4 40 39 64 170 134 174 119 145 155 4 25 115 117 115 55 4 164 180 155 39 159 119 39 40 42 40 4 59 99 175 174 195 130 4 149 4 120 69 170 149 4 20 195 50 4 164 14 190 192 190 130 4 139 4 120 195 197 195 4 0 4 104 54 90 89 4 0
18
2 2 13 101
0 125 3 108 102 82 166
39 79 192 94 104 142 122 47 64
160 97 145 148 168 129 141 72 133 144 160 78 131 132
94 184
30 152 32 161 139
4 39 65 136 27 118
144 57 56
99 67 123 20 66 183
9 95 87 54 69 134 120 52
59 55 105 172 149 35 30 38 37 135 179 138
25 36 189 182 195 128 114 124 159
44 187 186 116 181 110 43 15 17
104 44 68 180 99 154 16
40 100 74
180 25 28 58 12 11 197 113
42 41 42
192 91 92
