loc0 loc103 loc40 loc104 loc149 loc14 loc149 loc104 loc40 loc104 loc149 loc59 loc158 loc62 loc125 loc23 loc176 loc122 loc103 loc13 loc157 loc138 loc192 loc174 loc183 loc30 loc147 loc30 loc183 loc129 loc49 loc129 loc183 loc186 loc87 loc168 loc195 loc168 loc87 loc156 loc123 loc147 loc87 loc168 loc105 loc52 loc178 loc16 loc133 loc42 loc105 loc168 loc87 loc159 loc141 loc60 loc105 loc51 loc132 loc105 loc52 loc160 loc88 loc160 loc52 loc150 loc52 loc178 loc124 loc178 loc16 loc142 loc169 loc26 loc116 loc188 loc98 loc197 loc125 loc80 loc125 loc134 loc53 loc197 loc116 loc44 loc179 loc80 loc125 loc23 loc176 loc194 loc149 loc86 loc125 loc197 loc125 loc158 loc62 loc116 loc26 loc169 loc187 loc16 loc133 loc16 loc142 loc124 loc34 loc115 loc166 loc13 loc121 loc175 loc0 loc103 loc166 loc115 loc160 loc115 loc166 loc103 loc31 loc103 loc0 loc148 loc140 loc149 loc5 loc149 loc122 loc103 loc31 loc140 loc149 loc59 loc158 loc23 loc176 loc14 loc131 loc14 loc149 loc59 loc167 loc23 loc176 loc104 loc31 loc139 loc10 loc109 loc199 loc37 loc101 loc73 loc137 loc5 loc149 loc59 loc158 loc23 loc176 loc95 loc184 loc40 loc194 loc113 loc29 loc146 loc128 loc74 loc191 loc110 loc11 loc110 loc74 loc128 loc137 loc118 loc139 loc121 loc67 loc129 loc183 loc129 loc49 loc130 loc31 loc112 loc38 loc112 loc31 loc184 loc0 loc175 loc145 loc20 loc118 loc73 loc181 loc136 loc100 loc172 loc45 loc111 loc1 loc190 loc139 loc112 loc38 loc137 loc118 loc139 loc121 loc67 loc129 loc183 loc6 loc183 loc129 loc49 loc130 loc190 loc19 loc109 loc10 loc111 loc120 loc75 loc129 loc66 loc102 loc48 loc135 loc9 loc135 loc72 loc163 loc127 loc163 loc90 loc171 loc63 loc171 loc99 loc171 loc36 loc135 loc48 loc138 loc174 loc129 loc120 loc157 loc12 loc111 loc153 loc81 loc198 loc9 loc135 loc18 loc153 loc91 loc153 loc39 loc102 loc75 loc102 loc39 loc163 loc180 loc66 loc165 loc135 loc90 loc153 loc1 loc190 loc175 loc140 loc148 loc0
29
loc188 loc23 loc68 loc35 loc89 loc80 loc17 loc53 loc44 loc98
loc140 loc50
loc183 loc48
loc195 loc96 loc51 loc60 loc15
loc19 loc64 loc73 loc29 loc19 loc1 loc100
loc150 loc42 loc78 loc69
loc102 loc10 loc72 loc22 loc12 loc65
loc174 loc99 loc49 loc75 loc84 loc39 loc57
loc156 loc93
loc158 loc86
loc51 loc24
loc198 loc55 loc82 loc45 loc91 loc54 loc81
loc194 loc95 loc40 loc5 loc83 loc56
loc11 loc11 loc47 loc92
loc142 loc16 loc34
loc147 loc87 loc33 loc30
loc129 loc4 loc3 loc6
loc133 loc97 loc70 loc61
loc160 loc79 loc25 loc52 loc43 loc88
loc29 loc2 loc20 loc38 loc74
loc124 loc7
loc31 loc67 loc46
loc66 loc21 loc66 loc27 loc36 loc18 loc90
loc20 loc37 loc28
loc197 loc8 loc26 loc71 loc62
loc131 loc14 loc32
loc14 loc59 loc77
loc0 loc76 loc41 loc94 loc58 loc13 loc31 loc85
loc18 loc63 loc9
