loc189 loc64 loc167 loc4 loc58 loc107 loc124 loc55 loc84 loc78 loc199 loc57 loc160 loc108 loc159 loc9 loc22 loc95 loc192 loc99 loc80 loc172 loc144 loc149 loc125 loc33 loc16 loc104 loc190 loc175 loc168 loc7 loc151 loc24 loc67 loc167 loc141 loc144 loc124 loc17 loc78 loc19 loc31 loc115 loc168 loc32 loc145 loc115 loc192 loc158 loc14 loc54 loc162 loc93 loc186 loc50 loc44 loc20 loc45 loc117 loc19 loc143 loc78 loc35 loc85 loc0 loc136 loc47 loc19 loc150 loc190 loc28 loc92 loc87 loc172 loc52 loc136 loc197 loc83 loc137 loc135 loc80 loc167 loc58 loc74 loc156 loc115 loc37 loc170 loc39 loc182 loc70 loc123 loc101 loc135 loc197 loc66 loc17 loc92 loc113 loc15 loc189
21
loc19 loc100 loc23 loc158 loc183 loc20 loc41 loc114 loc66 loc109 loc133 loc164
loc35 loc58 loc125
loc22 loc39 loc180
loc189 loc136 loc169 loc55 loc150 loc161 loc152 loc61 loc159 loc139 loc73 loc163 loc131 loc147 loc16
loc47 loc62 loc34 loc77 loc143 loc47 loc37 loc104 loc145 loc194
loc9 loc83
loc24 loc108 loc127 loc156 loc168 loc27 loc11
loc182 loc113 loc50
loc32 loc22 loc54 loc129 loc148 loc195 loc31 loc38 loc74 loc154 loc96 loc4 loc17 loc177 loc142
loc197 loc117 loc172 loc36 loc128
loc141 loc18 loc76 loc85 loc191 loc70
loc50 loc78 loc98
loc78 loc146
loc101 loc59 loc26
loc175 loc188 loc86 loc111 loc119 loc101 loc165 loc0 loc112 loc94 loc185 loc65 loc15
loc0 loc95
loc136 loc79
loc33 loc69 loc162 loc53
loc168 loc88 loc135 loc25 loc184
loc117 loc190 loc40
loc172 loc32 loc153
