81 195 72 200 79 121 123 107 156 123 143 101 198 27 38 149 143 179 148 5 162 19 39 134 160 147 90 68 84 117 4 58 86 187 45 69 14 194 128 161 146 18 150 92 135 151 34 32 42 28 154 84 9 86 1 32 67 58 75 134 175 163 155 148 185 90 171 8 180 165 59 7 187 162 1 154 89 99 11 178 22 112 14 194 179 147 130 99 3 178 5 78 19 113 185 125 31 45 101 100 81
22
81 81 97 183 180 84 188 103 191 167 49 27 1 200
147 127 88 115
5 48 95 158 184
58 12 159 123
100 178 182 87
19 16 126 166
18 125
99 108 59 24 70 199 45 132
92 58 162 100 189 124 90 9 69 43 130 145 117 152 76
22 197 74
150 92 86 42 14 165 164
90 64 107 161 135 198 78 57 34 65 20 156 93 35
101 53 196 41 56 153 170
187 85 179
42 89
4 23 150
86 46 141 36 154 71 195
59 18
3 8
143 77 17
38 96 109 33 121 80 52
14 138
