0 1 49 138 97 68 100 6 55 179 2 36 161 165 188 22 171 76 185 0 33 89 129 45 2 120 124 188 166 172 44 61 106 93 18 69 152 178 0 69 190 114 90 187 102 8 186 2 111 0 175 80 1 6 175 93 0 66 164 75 55 0 197 156 29 25 20 139 65 55 13 162 188 0 106 12 13 90 24 178 50 100 153 78 54 190 139 95 2 159 138 50 184 67 89 80 116 7 130 193 52 70 110 126 0 158 0 175 28 187 93 175 73 0
21
188 83
120 90 56 11 53 66 24 25 39 17 96 82 20 84 49 88
0 30 98 99 14 73
55 51 72 26 5
184 22 32
70 48
50 87
90 71 38
6 41
106 40 18 6 34 58 37 93 62 8 28 77 43 67 60 44 61
139 95 15 9 100 36 23 65
69 80 78
54 63 42
158 45
12 16 86 29 21 46
68 85 19 54 57 92
138 59 64 81 50
80 68 91 52 79 76
161 12 97 3 75 55 47
73 94 69 1
20 13 35 70 2 27 31 33 7 89 74 10 4
