0 1 69 71 72 71 69 1 0 2 3 5 6 7 6 5 3 4 28 30 31 32 33 34 41 42 41 43 44 45 46 47 29 28 30 31 32 33 35 36 38 39 40 39 38 36 35 33 32 31 30 28 4 3 5 6 7 8 9 10 20 21 23 24 25 26 25 24 23 21 20 21 23 24 25 24 23 21 20 10 9 11 12 13 15 13 12 11 9 10 20 21 23 24 25 24 23 21 20 10 9 8 9 11 12 11 9 11 12 13 15 16 17 16 15 13 12 11 9 8 7 6 5 3 2 0 1 69 71 73 74 75 76 77 78 79 80 81 83 84 85 86 85 84 83 81 80 79 78 77 76 75 74 73 71 72 91 72 90 105 106 105 90 72 71 72 91 93 95 93 91 72 90 105 90 72 91 92 98 99 100 101 102 101 100 99 98 92 91 72 90 105 106 107 108 109 110 112 113 115 116 117 118 119 118 117 116 115 113 112 110 109 108 107 106 105 90 72 71 69 70 122 124 125 131 132 131 125 124 126 124 125 131 132 133 134 135 136 135 134 133 132 131 125 124 122 123 138 139 140 141 142 143 145 146 152 146 145 147 148 149 148 147 145 146 152 153 154 155 156 157 158 159 160 159 158 157 156 155 154 153 152 146 145 143 142 141 140 139 138 123 122 70 121 163 164 165 166 167 168 169 171 173 171 172 177 178 179 180 179 178 177 172 171 169 170 183 185 186 187 191 192 191 189 188 186 185 183 185 186 187 191 192 193 194 195 196 197 198 197 196 195 194 195 194 193 192 191 187 186 185 183 170 169 168 167 166 165 164 163 121 70 122 124 122 123 138 123 122 70 69 68 67 66 64 63 64 63 57 56 55 53 52 51 50 49 48 49 50 51 52 51 50 49 48 49 50 51 52 53 55 56 57 63 64 66 67 66 64 63 64 66 67 68 69 68 67 66 67 68 69 1 0
34
0 0 1 69 68 121
90 90 91 73
13 13 14 15 11
149 147 148 150 146
24 22 24
132 131
93 96 95 94 93
42 45 44
102 101 100
84 82 83 80 79
40 38 39
20 10 19 21
26 26 25 27
136 134 132 137 136
78 78 76 77 75 74
126 128 129
63 59 61 65 58 57 63 62
122 163
48 52 54 51 50
69 66
155 153 154
145 142
198 196 195 199 198
113 107 113 108
119 118 120
173 175 176
183 191 188 183
160 158 159
164 167 168 166 170
7 9 5 4 29 2
138 141 140
15 18 17
28 35 31 42
180 172 181
