PQlYD3syBoo7C0hcATPD cQGXIZOeOdGlvNPuZfO6 pZmHZ63c7iUp469fR8uZ lTNvRGBulC52xVXvXmmj QWI7iXL3JezTaLDClto3 Hj1rLkk2UTHyyhArouOv iGcRn4eFfZI68Qr0MOgy ycjEDh6K7JPFmCmDDtAG C8l14blndt8uGQmGfPky mHciHIbodF92KWBlyZhd hQH0nHlpxkrlncu9buJt IZipFcSb1a3uzUU2B1hv zV8w7Gt8capVIKs3sCpM WpDgsUZvfm1s3J1djPk6 9zpvFa3wwt0dB0VOMd72 xUd3lWAackpOjTn98YBa ZOUAFthiVkWe23hp0746 IuwSP1hfYZRam5iX6Sbk pmpfdWSNFW4BZf3j9zey CtdShr26uGGV2W6zZTdS mMXK7rFRd7VNNboRtMKu upn88whXcmTNEpbLaMgR NWf2n31erGPiONTUnVON SJuQEhk6NZgb7Y1YXHxx FE9d826a5RuYfSI6vEz4 ub8uI0ust0bjRNZOYFrf 8BVD1mXIeFKDWXC0pHC5 jN7FJhuhmTKkduIKGyBx YPxLz7ubSTcpcWxfhfMM y5UFufU6hy8Zt47b4K3v j0WhcaOOy1JCyHTrxCSk cLgLzDowfDczOCIiAA1P r52GhdJM3J6bC9RxltxZ IZipFcSb1a3uzUU2B1hv Kxk6VsPzNOhHpwuN2F67 chfID4Gg1RphlYZQtHhA j1u2ybLPFsWda7RGIo6J 1AmZo7yJ6YJzwrjZr6vX Saezs03GHhWlgEusf2xb lP2ISUwXZ5Vr1Dbyi5b2 WH35TmjvCR4kO0EFhsWf LvHeBFyLyC9KHnAltZnF 8kEed91vb76Fhm6ivuFw DLNj52Bf5LL4ZddWTcYY ClI55Jc4paLtKGIpyO3j O7rXvJNyIxIOwybkkM4Z KZUYMItcoUmLAwugFZET symCtAIG82LYD9Qs6FxZ MmXiw0PdJXAsicjY4bml ajZwDYcDrAcHajKZpRul JNypu0O2hxRmLxF04Zie XfIhMNfCnUCbP8MIjhA8 Tcl3WEtO0xn1rLAvzx30 xKYsrPDf6uBnS1rB7oEi Saezs03GHhWlgEusf2xb KFbZubIZwxKjbFZIhivu 6XnXouxDZvL84c0l21Xk 0FVcmc6ucH38k3GYDP2B 58LVuHISdldtYbuuEa4z LojUOw2jUh1tZtGFz9aj cLgLzDowfDczOCIiAA1P dcRmXZcpiyoLWuwR56cL Zd6upjEKdV6jHG9xKORy WpDgsUZvfm1s3J1djPk6 3WxXECDgHfdxH64mHW2r FGIvgo5aCn2fThXoawaG 66SloLvtkGOxnc9DxLHM 6XnXouxDZvL84c0l21Xk ZOUAFthiVkWe23hp0746 4xoBiS6HZ3COfmNv2aTR ytFHCaUXIRcWo2XR8KBQ zlNUSmiBJyW8nEoA60dd ouUk8HCXkT1xNHUSpktV jQ398E757ZUZ6B3PAVLA TlYvVZeexaNx2QRH5XgO egafCQ4ih9nCuFY3RBSk SWMrIKPuAQFTY7HmPty0 8kEed91vb76Fhm6ivuFw PQlYD3syBoo7C0hcATPD 81BuRMlWnKSDv0gdoTLf dRs9JullKCFwk8f9TP2C chATmSuISXTT2sMz8STx aAf4nv1B7ggfx0DjrAOi IZipFcSb1a3uzUU2B1hv pZmHZ63c7iUp469fR8uZ ClI55Jc4paLtKGIpyO3j JVL0BClrob8ZkieO22tQ BTpZljiVwrKOuV3ovYf8 K0Syo03DvdcUx01wEn1F VAD4i2sITJAyE9KdZs6R zpeGiHngfxKrh1e7CB9J CtdShr26uGGV2W6zZTdS DzmV3V4jLXFV8NKy7e6t CasJoLDeUHs9eB3JhaRH aZ1gME9dgT1obQwN7kgz wfrLtXM37SSnFsiHhmDU FE9d826a5RuYfSI6vEz4 mMXK7rFRd7VNNboRtMKu TlYvVZeexaNx2QRH5XgO PQlYD3syBoo7C0hcATPD
24
PQlYD3syBoo7C0hcATPD PQlYD3syBoo7C0hcATPD 2RLdpM4k7Le8vufDMuf4 CeJalRL3KinyCQjl6tio WuSb6mZA4Ht48gzyBwrs aAf4nv1B7ggfx0DjrAOi XT2Ymi7YdhYVjSO57uvy JWNjS0Xtxw6CDJbk4UbK
6XnXouxDZvL84c0l21Xk e7HIMwL2s8LjuoIRxDl7 29ZrssG8owPMWU0dtlEx ZOUAFthiVkWe23hp0746
iGcRn4eFfZI68Qr0MOgy LvHeBFyLyC9KHnAltZnF
ZOUAFthiVkWe23hp0746 CE9MuYF6CpN99atuGjZ0 dcRmXZcpiyoLWuwR56cL iA0OPvpmSXnD5PmFrIY3 dRs9JullKCFwk8f9TP2C
IZipFcSb1a3uzUU2B1hv mHciHIbodF92KWBlyZhd 4xoBiS6HZ3COfmNv2aTR ul5TY5YtUVHURRbHo0xt symCtAIG82LYD9Qs6FxZ
O7rXvJNyIxIOwybkkM4Z MmXiw0PdJXAsicjY4bml 8BVD1mXIeFKDWXC0pHC5 JNypu0O2hxRmLxF04Zie VjMruztOvYBB57sBtK7F I3dKkMa3JUxVpADvWcmQ SWMrIKPuAQFTY7HmPty0
3WxXECDgHfdxH64mHW2r jN7FJhuhmTKkduIKGyBx h36zX7NC4P81W3KQD11u lTNvRGBulC52xVXvXmmj
Tcl3WEtO0xn1rLAvzx30 rRx4ufuRfBzAjOzuQptQ pmpfdWSNFW4BZf3j9zey
4xoBiS6HZ3COfmNv2aTR 4EHOWDgXvpoSadcvvLu4 j0WhcaOOy1JCyHTrxCSk UWVA5dAu4wDF6Efl9d4O Zd6upjEKdV6jHG9xKORy mMXK7rFRd7VNNboRtMKu C8l14blndt8uGQmGfPky 8kEed91vb76Fhm6ivuFw egafCQ4ih9nCuFY3RBSk diWFyYW4KuKIAVWCVTOh daYVb2kr83paGhJZJJyA XfIhMNfCnUCbP8MIjhA8 EWUzUZ9Yb7H9gHpK5NdI WpDgsUZvfm1s3J1djPk6
egafCQ4ih9nCuFY3RBSk y5HlDp3ZOU3fT35BihFS TRIzdQQDV9bs8k4M9U4X lP2ISUwXZ5Vr1Dbyi5b2 dPunn27br1tTUelFVNIt MGPH1ZQv2OM6dRC07Rj5 wpM05AhdMYgh3n4WvalH ikaH2IngBoan8x64dwnD
9zpvFa3wwt0dB0VOMd72 y5UFufU6hy8Zt47b4K3v IBSvm7mZeG0vXjguUx8d BfkNC5T0oZOQYOkOg1Lr DLNj52Bf5LL4ZddWTcYY Hj9GXo6u0dDYfg4xoW2T FE9d826a5RuYfSI6vEz4 oAwJ8ncZge95DCLogDfz j1u2ybLPFsWda7RGIo6J iGcRn4eFfZI68Qr0MOgy IuwSP1hfYZRam5iX6Sbk r52GhdJM3J6bC9RxltxZ BHDRDstSlZtm71sWfOHB ajZwDYcDrAcHajKZpRul 4ck2vdbl0wzRRSh9h5JI aZ1gME9dgT1obQwN7kgz
j0WhcaOOy1JCyHTrxCSk zOauzkXEQku3g7FmlO3i AcGlxsvhfAOKA2Ti96Hg AhTd32p44tQrgKLluTfO tBx3RfPMJg4OhazCeTsa PRxK9WGPQn2vmuBbswLk
cQGXIZOeOdGlvNPuZfO6 CtdShr26uGGV2W6zZTdS IjoU40tEWMCkwd5SaIZC
ycjEDh6K7JPFmCmDDtAG MnuekaeS1NiILcuuvn3o yuNLI2bosn9XVMaJllU2 58PE6yTygndgQ75HC5PU oRnkB9WX4h9Vz2XYe2Mz 4yCDRp1k04Ch6IBU1p1H
mMXK7rFRd7VNNboRtMKu zTPp43usagg8jQuMreHJ pGBevvfrXEYRwdy9Xa3h
8kEed91vb76Fhm6ivuFw XtcwDUG5TGpryRZKRvrm
chATmSuISXTT2sMz8STx N4yrn0aLU6ELQucPFmw8 hQH0nHlpxkrlncu9buJt Kxk6VsPzNOhHpwuN2F67 ouUk8HCXkT1xNHUSpktV KFbZubIZwxKjbFZIhivu NpHJpdHaoVuG1evDy4mD
ajZwDYcDrAcHajKZpRul Saezs03GHhWlgEusf2xb
WpDgsUZvfm1s3J1djPk6 xM3fh05um8j45RhdwKOx
pmpfdWSNFW4BZf3j9zey upn88whXcmTNEpbLaMgR
ClI55Jc4paLtKGIpyO3j 1AmZo7yJ6YJzwrjZr6vX c5B3yGaAxuGVYEd7DCc5 m3uIZkevVRyscNPa6NkD SJuQEhk6NZgb7Y1YXHxx
ub8uI0ust0bjRNZOYFrf xUd3lWAackpOjTn98YBa 5wKsB6wx9H7PujNL03GN
CtdShr26uGGV2W6zZTdS CQFH0bM5UHhxPATIQeaZ 0UIZ9YDhxr3ipBPf2WkK Mo6dK8I2XR9RUnPgLFfU 58LVuHISdldtYbuuEa4z
SWMrIKPuAQFTY7HmPty0 gByPZFfsA72SjYPmontO
