Loc151 Loc4 Loc85 Loc11 Loc149 Loc111 Loc85 Loc145 Loc132 Loc1 Loc171 Loc159 Loc148 Loc112 Loc133 Loc130 Loc1 Loc73 Loc92 Loc113 Loc86 Loc11 Loc22 Loc111 Loc12 Loc112 Loc0 Loc198 Loc167 Loc154 Loc8 Loc128 Loc154 Loc2 Loc135 Loc81 Loc0 Loc132 Loc190 Loc31 Loc103 Loc70 Loc134 Loc2 Loc155 Loc0 Loc48 Loc90 Loc1 Loc180 Loc0 Loc179 Loc88 Loc1 Loc100 Loc121 Loc125 Loc107 Loc1 Loc88 Loc1 Loc85 Loc0 Loc166 Loc0 Loc115 Loc32 Loc37 Loc149 Loc2 Loc52 Loc137 Loc4 Loc127 Loc41 Loc61 Loc1 Loc3 Loc1 Loc182 Loc178 Loc83 Loc1 Loc168 Loc81 Loc34 Loc115 Loc98 Loc182 Loc94 Loc105 Loc180 Loc30 Loc95 Loc186 Loc20 Loc114 Loc22 Loc98 Loc101 Loc54 Loc138 Loc95 Loc126 Loc1 Loc162 Loc0 Loc158 Loc135 Loc40 Loc104 Loc1 Loc176 Loc17 Loc0 Loc188 Loc6 Loc23 Loc3 Loc2 Loc14 Loc79 Loc151
23
Loc151 Loc151 Loc54 Loc101 Loc195 Loc170 Loc167
Loc41 Loc125 Loc65 Loc61 Loc124 Loc50 Loc46 Loc131
Loc135 Loc180 Loc126 Loc120
Loc85 Loc85 Loc15 Loc94 Loc17 Loc57 Loc98
Loc149 Loc147 Loc118 Loc187 Loc160 Loc41 Loc135 Loc127 Loc109 Loc43 Loc104
Loc166 Loc89 Loc3 Loc123 Loc27 Loc34 Loc138
Loc105 Loc32 Loc96 Loc102 Loc47 Loc142 Loc20
Loc1 Loc4 Loc77 Loc59 Loc171
Loc79 Loc92
Loc11 Loc154
Loc92 Loc66 Loc49 Loc190 Loc158 Loc70
Loc154 Loc62 Loc122 Loc156 Loc163 Loc157
Loc17 Loc99 Loc148 Loc177 Loc130
Loc14 Loc72 Loc38 Loc181 Loc182
Loc159 Loc16 Loc166 Loc33 Loc141 Loc173 Loc134 Loc2
Loc132 Loc55 Loc6 Loc13 Loc36
Loc3 Loc7 Loc194 Loc110 Loc111 Loc117 Loc172 Loc165 Loc93
Loc138 Loc68
Loc115 Loc21
Loc100 Loc52 Loc48 Loc161 Loc128 Loc24 Loc115
Loc4 Loc185
Loc20 Loc183
Loc95 Loc58 Loc28 Loc184
