g3ylJsdLuC idQHxtSnxr onlLq65Azx j98kcW9qGB bsEkAY2K41 33omYiVXOD LeZK9UvMT9 emYRLTiyj9 D0kECQ0RvI JD3uem81Lg oIVQ2qkgnR uIf3wnJUdn MXIvZpEPtW 4TTtdOaCTp YpRs8m6oyX oEdovEhrWM wiMdNn30Xd TyL7NE2puV 0SQlBVJ1YY 0mnwiU4XrT 1KJyArncTt 5gZkkIkl56 1KJyArncTt 0mnwiU4XrT 9LabQjTqkn vUu8ijgxxf ZqWjuL44qr MXIvZpEPtW lfdanPGo3c Pijq8aHqIR nFqfAnhO3U euuICgBLD4 r8njDwxc2t FqFik17fFH dqqG7Zio8x CSjLrGbUz3 WYEDqSuNRX oVMPVsMWrZ g2I4si69gU u4FAx2sHZm uqBwmUCwgE u4FAx2sHZm g2I4si69gU Qu2MUNKITj g2I4si69gU u4FAx2sHZm uqBwmUCwgE 0mnwiU4XrT 0SQlBVJ1YY fWIjO8yhE3 EG1t1o8YrR 8KtuAXHUy3 rCoEuOa7EU XW1Wn7EqpN FqFik17fFH r8njDwxc2t euuICgBLD4 vUu8ijgxxf yvMowGbkvn IGpxjveim7 x7iq98BiN3 eV8Vk47Uma AOmNEQMr29 eV8Vk47Uma x7iq98BiN3 IGpxjveim7 yvMowGbkvn QOx0Q2p9eD VpC9l6m3bG 7wS9dKOnJR qnkfLCmfDn dMOAUqH7Z3 CUEWGmB7Gt 5sNanI9agV CUEWGmB7Gt oEdovEhrWM YpRs8m6oyX 4TTtdOaCTp uqBwmUCwgE 0mnwiU4XrT 1KJyArncTt XlU2fx0ZPn 7wS9dKOnJR 723MhcLxt0 TBzLS0OAYU xjSWG1YKh9 KZfI0wRW9K 8ZKCAWlImg KZfI0wRW9K fWIjO8yhE3 WAi18jd2vJ Tk8ERvdKxF uIf3wnJUdn fXy828RCG4 GQ4F0g3Mdj RxW7o7Y2pP AXNCIbkEJh 7ZWqK2F5XG 0SQlBVJ1YY fWIjO8yhE3 uvoepIQg9n IA0Uf143OT BNkM7qaRNw yky49wE4YG 723MhcLxt0 7wS9dKOnJR IT4pKw3giW pWVnBerIra gTAImjNH8G z8wUSSybzM 1KJyArncTt XlU2fx0ZPn Cqa6jMOeIY KO0qxEFqYe YpRs8m6oyX 4TTtdOaCTp MXIvZpEPtW kwH6Lwl5ed MXIvZpEPtW lfdanPGo3c Pijq8aHqIR qnkfLCmfDn Pijq8aHqIR fXy828RCG4 GQ4F0g3Mdj XW1Wn7EqpN GQ4F0g3Mdj RxW7o7Y2pP 9ZP8NtfLqm S8BtTu4yH9 WAi18jd2vJ fWIjO8yhE3 vLjEFrUVJv qqiMfzDvYA 5SSy593K31 33omYiVXOD LeZK9UvMT9 vnZBjkVngj M2hatQPY96 CxfzSa2YOV PcFJuErB3q FvzkpZRSj8 YAqGe4tKAP VpC9l6m3bG ZqWjuL44qr MXIvZpEPtW biWuM2iRnz mok9StGG0X rCoEuOa7EU XW1Wn7EqpN GQ4F0g3Mdj fXy828RCG4 Cqa6jMOeIY XlU2fx0ZPn 1KJyArncTt XlU2fx0ZPn BNkM7qaRNw yky49wE4YG 2nSOTVmvxV MXIvZpEPtW g2I4si69gU IT4pKw3giW 7wS9dKOnJR 12ECENJIev Oiowits7js nKHFs5cKTX Oiowits7js N6YnWF3Aqg 5hWe1EOa3M RxW7o7Y2pP GQ4F0g3Mdj fXy828RCG4 VpC9l6m3bG ZqWjuL44qr O6QhQ7e2YE 4TTtdOaCTp MXIvZpEPtW g2I4si69gU u4FAx2sHZm uqBwmUCwgE 0mnwiU4XrT 1KJyArncTt 5gZkkIkl56 1KJyArncTt 0mnwiU4XrT u4LnQNaaiz AOdvD4kI7u gNPoyTno9C I6HmSOF6YH 97ZNlakBoq TSSOUimHPg Q1N77BLmyb bsEkAY2K41 KZfI0wRW9K xjSWG1YKh9 KZfI0wRW9K fWIjO8yhE3 EG1t1o8YrR WDULGPTRTU FqFik17fFH dqqG7Zio8x CSjLrGbUz3 WYEDqSuNRX oVMPVsMWrZ vnZBjkVngj idQHxtSnxr 0mnwiU4XrT 0SQlBVJ1YY fWIjO8yhE3 uvoepIQg9n LCKLTNE1vp 9LabQjTqkn 2eMl9AO5o8 QrJxLpX875 2eMl9AO5o8 9LabQjTqkn vUu8ijgxxf DJYFSgxecW O6QhQ7e2YE 6LMX14aEdy CxfzSa2YOV M2hatQPY96 gTAImjNH8G 7ZWqK2F5XG AXNCIbkEJh BUMLJo6sc3 TSSOUimHPg LCKLTNE1vp 9LabQjTqkn nFqfAnhO3U 9LabQjTqkn 0mnwiU4XrT 1KJyArncTt tubjzjzUpV M2hatQPY96 tubjzjzUpV 1KJyArncTt 0mnwiU4XrT 2fevl06VRg pk0Vh75DnH 2fevl06VRg t25XjDwQhD DJYFSgxecW vLjEFrUVJv qjDSEKmZMW vLjEFrUVJv DJYFSgxecW t25XjDwQhD 2fevl06VRg yUArOGL7bN 2fevl06VRg 0mnwiU4XrT 9LabQjTqkn nFqfAnhO3U Pijq8aHqIR s3eMpsYH00 fWIjO8yhE3 uvoepIQg9n LCKLTNE1vp 9LabQjTqkn uqBwmUCwgE oCk2Yieytb TSSOUimHPg LCKLTNE1vp 9LabQjTqkn uqBwmUCwgE oCk2Yieytb dC48GQHGzO oWmQcQwHPo 0SQlBVJ1YY fWIjO8yhE3 s3eMpsYH00 Pijq8aHqIR qnkfLCmfDn QTNhZIciNJ 9LabQjTqkn 2eMl9AO5o8 9LabQjTqkn LCKLTNE1vp 9LabQjTqkn 2eMl9AO5o8 9LabQjTqkn 0mnwiU4XrT 1KJyArncTt z8wUSSybzM 49R5E9I4Wp WCfxK7Y8pw CUEWGmB7Gt oEdovEhrWM YpRs8m6oyX 2S929yZddP QTNhZIciNJ ZjhU7PWKtj WcyuqGYOzU oWmQcQwHPo dC48GQHGzO AXNCIbkEJh BUMLJo6sc3 AXNCIbkEJh RxW7o7Y2pP GQ4F0g3Mdj fXy828RCG4 KUJdxKVZFO vUu8ijgxxf bsEkAY2K41 j98kcW9qGB jPXsbXPNMq j98kcW9qGB bsEkAY2K41 KZfI0wRW9K fWIjO8yhE3 s3eMpsYH00 Pijq8aHqIR nFqfAnhO3U 9LabQjTqkn 0mnwiU4XrT u4LnQNaaiz yvMowGbkvn IGpxjveim7 TSSOUimHPg oCk2Yieytb O4Rh9n5Clo WcyuqGYOzU XOxGPscMMG yU6iUY8YgO qnkfLCmfDn 7wS9dKOnJR 723MhcLxt0 WYEDqSuNRX oVMPVsMWrZ vnZBjkVngj oVMPVsMWrZ WYEDqSuNRX oEdovEhrWM qnkfLCmfDn Pijq8aHqIR fXy828RCG4 GQ4F0g3Mdj RxW7o7Y2pP 5hWe1EOa3M 2nSOTVmvxV MXIvZpEPtW g2I4si69gU oVMPVsMWrZ vnZBjkVngj idQHxtSnxr BUMLJo6sc3 srT70dfQEr BUMLJo6sc3 idQHxtSnxr g3ylJsdLuC
22
Pijq8aHqIR Pijq8aHqIR lfdanPGo3c s3eMpsYH00 z9nRKYQ1ub KHDeTTvJC1 0hs3CNDF4L TBzLS0OAYU
g3ylJsdLuC idQHxtSnxr onlLq65Azx
idQHxtSnxr QrJxLpX875 BUMLJo6sc3 srT70dfQEr fecMfiAuGC jPXsbXPNMq oCk2Yieytb bWDewy6WbV
gTAImjNH8G M2hatQPY96 CxfzSa2YOV
fWIjO8yhE3 uvoepIQg9n JD3uem81Lg 8KtuAXHUy3 gZXiityEnU
nFqfAnhO3U XlU2fx0ZPn
jPXsbXPNMq tubjzjzUpV
AXNCIbkEJh K05xB79KZo 97ZNlakBoq xtp1B5q0W1 Q1N77BLmyb LCKLTNE1vp
2S929yZddP 2S929yZddP
qjDSEKmZMW qjDSEKmZMW r8njDwxc2t jBYJ7v19BQ
vnZBjkVngj 1QXjsHNYao BNkM7qaRNw IA0Uf143OT KpxiCfRqh3 5SSy593K31 YAqGe4tKAP
4TTtdOaCTp yky49wE4YG WRd4lScvm6 u4FAx2sHZm 1TfvXd6dPZ mbSdju1TJK biWuM2iRnz
nKHFs5cKTX Oiowits7js nKHFs5cKTX FvzkpZRSj8 03xK87sjTf 7g0Idy1nzK WvFZJEkTrw 12ECENJIev CUEWGmB7Gt dMOAUqH7Z3
AOmNEQMr29 x7iq98BiN3
WcyuqGYOzU WcyuqGYOzU
Cqa6jMOeIY XW1Wn7EqpN TyL7NE2puV GQ4F0g3Mdj fXy828RCG4 TP2TNyk7wl CSjLrGbUz3 WAi18jd2vJ S8BtTu4yH9 bhojeHeddF oIVQ2qkgnR h5Si5BAPN0 uIf3wnJUdn IT4pKw3giW yvMowGbkvn dj8JMfo3hX KUJdxKVZFO 0wTk0mYkLH vUu8ijgxxf bsEkAY2K41 yU6iUY8YgO QTNhZIciNJ qnkfLCmfDn 723MhcLxt0 oEdovEhrWM 4znnlMjVra
dC48GQHGzO YpRs8m6oyX 2OsmeZV9xh Pv5LMSkQii oVMPVsMWrZ LeZK9UvMT9 emYRLTiyj9 pk0Vh75DnH t25XjDwQhD
QrJxLpX875 0mnwiU4XrT u4LnQNaaiz wRn7Oi1bcW Pz3egMzKU8
MXIvZpEPtW RN0bCAV6rQ g2I4si69gU
oEdovEhrWM 2O61j91J3T
mok9StGG0X mwzQG3SxnO
CxfzSa2YOV oWmQcQwHPo Tk8ERvdKxF aEo62SfMqH
