1 1cY 1 E 1dO 1bV 1 1cJ 1 1eG 1 1bT 1cI T 1aC a P 1aL 1 1eH 1 1bH 1 g 1 u Y 1 1dE 1bY 1 1dU 1 1aC W 1bV 1 1cG 1aD 1dN 1dQ 1aC 1dO 1aC I 5 6 1aD 1cW 1aC 1aX 1aE d 1cF 1cZ 1aN F 1dV 1aA H 1aF 1 1bW 1aB 1bP 1aB 1bW U 1aF 1eG X 1cZ 1cN 3 1aA h 1eQ 1 w 1 1bO 1aC r 1aC D 1 1bX m 1dZ 1aC j N 1cG 1aS 1dN 1aD 1aE o 1 1cP g 1cG 1aL q 1cL 1aA y 1cT 1 1aI 1 n 1aU 1aF 1eA 1aA 1cI 1 s 1bE p 1aA 1eH 1aW 1cQ l 1aH 1cV 1aG q 1bP 1aA 1eS 1eT 1 1cG D 1dL 1 I 1 u 1bL 1eD 1 1aC 5 1aB 1
21
1 1
T 1eI 1dI 1aI 1dF 1dH 1cE 1cQ 1cT 1cP 1bP 1bG 1dS 1eB 1eG 1dO 1aP 1aW
N 1cS 1bQ 1cO 1bC 1aK
h 1cZ 1cN 1aJ 1aT 1bS 1bO 1cG 1cB 1aB 1eE 1dM 1aC
1dZ 1cX 1bA 1bU 1bK
j 1bY 1dT
1eS 1cW 1aX 1bT
n 1dK 1dW 1dV 1dE 1dY 1dP 1dN
1cQ 1aS 1bE
1cI 1dC 1cU 1cD 1aE 1eC
1aF 1aM 1aY 1dA 1dR 1bM 1bF 1cV 1cH 1cI 1dZ
q 1eF
m 1cK 1dG 1bH
1eA 1aQ 1bR 1aL
d 1aZ
1aL 1eJ 1bD 1cR 1aN 1eA
W 1aA 1bX 1bW 1cJ 1cC 1eH 1bV 1aV
1cZ 1cF
1aW 1dJ 1eD
1cG 1aR 1aU 1dD 1bJ
D 1bN 1cY 1bB 1bL
