153 140 178 95 54 81 17 4 57 1 57 12 51 84 48 63 126 124 123 23 178 133 85 131 105 43 15 105 131 105 12 105 94 89 165 83 138 29 48 7 21 83 105 178 152 199 127 19 97 111 105 141 105 90 65 33 85 47 126 53 5 64 5 53 83 153 178 180 7 56 50 74 28 57 194 146 173 184 150 123 109 83 98 180 22 180 129 192 164 85 79 115 105 181 105 138 105 4 57 5 165 173 40 50 172 24 19 29 190 95 181 105 67 141 105 77 81 80 1 84 78 105 139 126 11 155 182 175 63 178 143 199 33 77 21 169 54 199 12 97 23 123 46 190 6 28 57 41 89 78 82 40 50 163 105 195 16 107 77 0 77 116 57 149 131 20 56 7 66 19 51 19 24 153
24
153 153 35
173 2 12 81 118 70 5
67 93 40 138 36 108
115 4 89 177 136 180 187
77 196
90 0 88 79 119 182 161 184 86 156
94 28 120 169 37 113 99
124 21
65 8 98 96 188
56 11 83
133 129 16 195 50 20 15 53 171 170
15 68 127 23 41
46 134 179 19
149 56 135 77 60
1 26 74 42
164 49 194 95 163
105 168 61
78 29 137 160 167 7 3 128 126
41 34 192
141 145 43 140
53 58 131 124 90
28 178 172 150 146
47 112 47 13 52 152
127 197 122 147
