Patrick0 Frank5 Julia9 Frank5 Patrick0 Elaine1 Patrick0 Frank5 Julia9 Matthew10 Julia9 Frank5 Patrick0 Lawrence3 Patrick0 Frank5 Julia9 Ray12 Julia9 Ray12 Tempie14 Christine15 Ian16 Mary17 Ian16 Christine15 Tempie14 Doris19 Robert20 Doris19 John24 Lorraine25 Louise26 Lorraine25 John24 Lorraine25 Louise26 Lorraine25 John24 William28 Phyllis29 Kyle30 Phyllis29 William28 Danny31 Flora33 Stephane34 Flora33 Donna38 Brenda42 Donna38 Flora33 Danny31 William28 Danny31 Flora33 Donna38 Scott43 Gina44 Scott43 Donna38 Maria39 Donna38 Scott43 Gina44 Jose45 Gina44 Jose45 Gina44 Scott43 Carolyn47 Sylvia50 Don52 Cheryl57 Don52 Anthony53 Jack54 Anthony53 Don52 Cheryl57 Amy62 Joseph66 Steven67 Rhonda68 Steven67 Joseph66 Amy62 Cheryl57 Christine60 Cheryl57 Amy62 Joseph66 Amy62 Cheryl57 Charles58 Cheryl57 Amy62 Paul63 Amy62 Joseph66 Michell69 Cheryl71 Ray76 Luisa81 Billie85 Keith88 Billie85 Luisa81 Ray76 Cheryl71 Michell69 Joseph66 Michell69 Cheryl71 Aaron72 Sarah73 Aaron72 Cheryl71 Ray76 Cheryl71 Michell69 Cheryl71 Ray76 Luisa81 Billie85 Luisa81 Dorothy82 David83 Tom84 David83 Dorothy82 Luisa81 Billie85 Keith88 Velva90 Nancy95 Michael96 Nancy95 Velva90 Johnathan91 Velva90 Johnathan91 Cinthia92 Joel93 Cinthia92 Johnathan91 Velva90 Keith88 Billie85 Keith88 Velva90 Nancy95 Colleen100 Dominique101 Glen102 Dominique101 Colleen100 Vicente104 Colleen100 Dominique101 Glen102 Dominique101 Colleen100 Vicente104 Ryan105 Jared106 Ryan105 Vicente104 Ruth107 Jeremy109 Helen110 Morton111 Bill113 Morton111 Helen110 Jeremy109 Gordon114 Jeremy109 Helen110 Morton111 Valerie112 Morton111 Helen110 Jeremy109 Gordon114 Peggy119 Mark123 Marlene124 Mark123 Peggy119 Susie120 Peggy119 Gordon114 Barbara117 Gordon114 Peggy119 Mark123 Levi126 Rick128 Levi126 Joshua127 Levi126 Rick128 Christi133 Eric138 Irma139 Eric138 Christi133 Rick128 Christi133 Eric138 Irma139 Eric138 Christi133 Eric138 Sharon142 Roberta145 Sharon142 Samuel143 Man144 Samuel143 Sharon142 Eric138 Christi133 Eric138 Sharon142 Roberta145 Elizabeth147 Michael148 Brent149 Michael148 Elizabeth147 Karl152 Kristy157 Karl152 Michael155 Karl152 Elizabeth147 Roberta145 Sharon142 Eric138 Christi133 Rick128 Levi126 Mark123 Peggy119 Gordon114 Jeremy109 Ruth107 Vicente104 Colleen100 Nancy95 Velva90 Keith88 Billie85 Luisa81 Ray76 Cheryl71 Michell69 Joseph66 Amy62 Cheryl57 Don52 Sylvia50 Carolyn47 Scott43 Donna38 Flora33 Danny31 William28 John24 Doris19 Tempie14 Ray12 Julia9 Frank5 Patrick0
30
Louise26 Louise26 Tisha27 Lorraine25
Christi133 Robert137 Robert136 William134 Andrew135
Patrick0 Minnie4 Louis6 Antoinette2 Lawrence3 Elaine1 Taylor7 Gabrielle8 Lela13
Morton111 Bill113 Valerie112 Fidel118 Christina116 Barbara117 Marlene124 Ashley115
Billie85 Evangelina87 Ellis89 Darnell86 Robert98 Michael96 Judith99 Donna97
Ray76 Salvador78 Thomas80 Carol79 Emily77
Eric138 Heidi140 Scott141 Irma139
Karl152 Michael155 Patricia153 John154 Tony156
Brent149 Nicholas150 Rebecca151
Paul63 David65 Joshua64 Paul63
Peggy119 Naomi122 Luz121 Susie120
Lorraine25 Vivian22 Robert20 Paula23 Catherine21
Stephane34 William37 Fred36
Cheryl57 Lori51 Lena55 Jenny59 Joseph61 Christine60 Charles58 Mercedes56
Keith88 Joyce94 Joel93
Joshua127 Darla131 Joshua127
Vicente104 Jared106 Ryan105 Jean108
Levi126 Richard125
Flora33 Yvonne32
Glen102 Glen102 Dominique101 Brandon103
John24 Kyle30 Phyllis29
Luisa81 David83 Dorothy82 Tom84
Amy62 Steven67 Rhonda68
Joseph66 Dorothy70 Loretta75 Josephine74
Ian16 Dave18 Mary17
Man144 Man144 Samuel143 Margaret146
Gina44 Ronald48 Gerald49
Rick128 Timothy132
Brenda42 Brenda42 William41 Maria39 Bette40 Jose45 Richard46 Gina44
Matthew10 Brenda11 Matthew10
