htb26qt 4lvyha1 tu8xxomxhi siimi45 6a87gkworxixf xpxnortd w7iil 5b63nad1 ghvjeizrh vx6dadli2g h1gz5hzz sf9yqti 9egqgrh7x4e pmyqr ligw3mffc fej54ps5j 5nsjpxd 3kxd1h 5nsjpxd m5r6ali og6n7bgq8h qvfndvc txlltgki m5r6ali 89ladcv mw8g2qjo1 wqkqf tpuaixp t6jinp sf9yqti pllpn fgkuly81y kwtb3cg qq3mi xpxnortd onl7cjn m5r6ali ozag34bm9 aq2rero4e pe165 adcxemid7t 9lvbrlgk nm7ud qq3mi b8apl2kn itbc25it1yep siimi45 ligw3mffc a8n9m6il6 m5r6ali x1ttaiih9 5nsjpxd bp96npcev6ok zjj1dm8s cou34kvbi l8yypbh 8m3pascg ozag34bm9 vrem3ey3kg44 hq5mh8mi w7iil bmq8ez5t mw8g2qjo1 v5twchi tjwldi xpxnortd wqkqf htb26qt wqkqf a8n9m6il6 qvfndvc euhqqqmdpe tu8xxomxhi 9egqgrh7x4e lnnsb9 iffsi 4lvyha1 vx6dadli2g tq8pgw7ge id5491f19 fgkuly81y 4lvyha1 wqkqf adcxemid7t wqkqf ozag34bm9 wqkqf 4w6uhigzl lnnsb9 iffsi aq2rero4e 3kxd1h aq2rero4e 2akx591l5c xpxnortd onl7cjn ml5lp1nmef 9sp3riwrk66 f9t9in1 lnnsb9 x73l73jp ozag34bm9 ml5lp1nmef txlltgki 8gc7dka8lfy itrx5fucdq 5b63nad1 5nsjpxd vx6dadli2g kuxb29 9egqgrh7x4e 1jhmm8m85 qvfndvc og6n7bgq8h t6jinp 5b63nad1 itrx5fucdq 8gc7dka8lfy nulw7xl id5491f19 tq8pgw7ge vx6dadli2g 3881femiv8 wepv6d1ee9 7hz6j8 id5491f19 zou7sx9w siimi45 tjwldi wepv6d1ee9 3881femiv8 s9vu9xx884 wqkqf 6evi4pv m5r6ali x73l73jp xpxnortd 29vqtk3x xpxnortd p5ujl2azex ozag34bm9 5xz8hm5sa3 ozag34bm9 b8apl2kn ozag34bm9 kxhc6t8tu siimi45 mucolb1r ynuam4f8 ghvjeizrh 7hz6j8 fgkuly81y y3eg7gqq6 ic2r4blmm9 jeiqok l8yypbh wqkqf htb26qt
18
htb26qt zou7sx9w 37v6d a5u8g4sej 4w6uhigzl hyc885fvjls wqkqf 59yzvtv
29vqtk3x piawzpgtzz9 p9mtts
5nsjpxd ay5sahonq84 mw8g2qjo1 gd5ct4 fej54ps5j 8jea4n4ez
tpuaixp aplkk57cpzm q42s9z886w5 s9vu9xx884 ynuam4f8 1161ildqnj y3eg7gqq6
a8n9m6il6 yhvc7zg vl6czuab 7hz6j8 h1gz5hzz 9oii82xaa yr44oj2 g2g6fxcwr2l hwu8dv9jgknbm 6k7du
adcxemid7t og6n7bgq8h
9sp3riwrk66 pwqxinlzb3s grn3uqx9y pmyqr 7pbkkbbpw obabms pt2n7hl hq5mh8mi itrx5fucdq
9egqgrh7x4e k3qywmpr
og6n7bgq8h ysiw8m4l iffsi ic2r4blmm9 e7lxs f92ere3 tjwldi
onl7cjn 8gc7dka8lfy
h1gz5hzz 5stwoup kwtb3cg
zou7sx9w 8m3pascg l8yypbh yx6dguko ushjdkdhm9 yg6hizqty ilaz9q 87jxa ht1efrhmh
l8yypbh 52a3fj2zh kxhc6t8tu
8m3pascg dt4ljfgjkizpq t4iedm zjh83ae uzsjpl5f5 1jhmm8m85 mucolb1r 6u4sf1gi vrem3ey3kg44 yhp7wbv9 art44ncra dlkmpx 1ca2x2cnc 812l47wm 4ka6l1c8w x73l73jp 9lvbrlgk 3khitn6 txlltgki
iffsi tu8xxomxhi euhqqqmdpe
siimi45 i6lsw66h
3881femiv8 hc2hf5t8 nm7ud ozag34bm9
8gc7dka8lfy 9egqgrh7x4e nd9xavj
