index155 index22 index116 index62 index67 index164 index70 index29 index70 index60 index3 index76 index89 index2 index80 index5 index35 index0 index81 index111 index93 index91 index1 index147 index122 index195 index64 index0 index7 index0 index144 index5 index195 index157 index148 index72 index164 index25 index120 index22 index1 index114 index65 index179 index195 index69 index0 index118 index2 index187 index93 index5 index13 index147 index51 index70 index91 index77 index58 index144 index0 index78 index189 index179 index92 index91 index72 index2 index97 index39 index0 index51 index166 index170 index1 index153 index1 index181 index1 index75 index49 index70 index0 index10 index0 index56 index92 index5 index177 index1 index58 index1 index117 index159 index64 index3 index2 index88 index136 index168 index177 index194 index0 index144 index136 index16 index178 index91 index132 index127 index37 index0 index160 index3 index143 index131 index77 index89 index20 index183 index87 index5 index92 index5 index0 index61 index40 index155
21
index155 index155 index108 index150 index44
index194 index198 index159 index121 index106 index186 index69 index24 index142 index126 index167 index56
index29 index14
index69 index49 index30 index40 index97
index187 index170 index128 index58 index199
index132 index100 index165
index64 index15 index47 index156
index25 index164 index5
index147 index133 index87 index114 index113 index62 index143
index120 index130 index26
index195 index115 index22 index141
index35 index32 index20
index166 index6 index25 index110
index77 index9 index129 index3 index4 index90 index17 index83 index109 index137
index131 index86 index11 index99 index63 index42 index107 index131 index118 index172 index67 index125 index158 index23 index95 index18 index60 index89
index153 index31 index134 index152 index21
index181 index174 index10 index116 index169 index144
index178 index50
index3 index39 index92 index19
index76 index157 index27 index196 index88 index52 index190 index55 index37 index124 index57 index66
index118 index96 index81 index112
