hC71hIuyRaST3AiaSZqg oakCd1HozhO35GtImcF2 CuGwf3E2mmIEpZeaF5CW b7ZT2hEEnAs84vAc9csm 6KcltWtleWJ6izN3XL0F EEWjQ3rZ3GM9oucA2vc5 m54EIZlfduVsUOzACS5b D3gODzQIzHZRe5A487BX 72cxNTZ1Tw5teVGiR2xj LkczcKgnoMrSVImHJ0fO yMXdJdorJpzOHHt9uIfg JuSdCG8HSUzwufkmRvTN z0rRwRZbA1TaaAgS8PYu 61VEe5QpRdEG1AHTZmSn gZiMcGUkLd8qaWleLH1T uwYFKqdXzHrDjwNLVxGZ k3PQRnKD222tnpAYeJ4O FE29I03FH1qEyEvIQNGT l5OFQGDhW1xJJ8ERuglz zbsjvfwSdNExCnTFLo8x qzhMj5jvroYQ0sxm9D9f NXZByMrsstrrXRLxVcyg uwYFKqdXzHrDjwNLVxGZ C5aQkckiWq5qVUhbiI57 uwYFKqdXzHrDjwNLVxGZ qtHpIO00aVjMjk7M0v9K Wvcwm6VpeYnZXpTH3IZP kITtdSORrLGuHqAl2YGb 6KcltWtleWJ6izN3XL0F G2jsO08FPT3xFngeyu4B ymIUUgCvgB7r5le0Mh11 9WdSftrlWeJdclTkQ4Ss uJlmjikTUoEO48jGpFMW 9WdSftrlWeJdclTkQ4Ss CMQ0OeWc1jOFVxmSr3hH 9WdSftrlWeJdclTkQ4Ss qmJjxb5ffqkJdxtR9mHb NqvNOj5h3GSbJm5NawjL EqrhH8oFQmMRN10foGjV CMQ0OeWc1jOFVxmSr3hH fm9EBymrV0VSOljfjrTQ cXmjc3Wu4kjM1IHGgfA5 Udew7VNFg6dndWFd4Xv7 3MmCPAjYheu6g9TkIxDm Dv6lwBgjbbZceuQXFzFf VkEnPX1CQCoh4CxlXSlf UQEmoPmHSH2FlTDuXOEx 7DZfG4yobV0xCcSaxf27 EqrhH8oFQmMRN10foGjV b7ZT2hEEnAs84vAc9csm EfhuR5UGBxqkoqdQBn2E Wvcwm6VpeYnZXpTH3IZP b9q1t3OMZ6dXE5R6ca5w 3MmCPAjYheu6g9TkIxDm hYQ8wC7QWWx5wW2TCt2Y 3MmCPAjYheu6g9TkIxDm jGNThQH3U9Qqi91Eop7X 3MmCPAjYheu6g9TkIxDm NjrNYv2s9TjuFmdhy6vq Tgouk8HApNFShyYjQedR CuGwf3E2mmIEpZeaF5CW D3gODzQIzHZRe5A487BX v0QCMKnmfkXllH4nQHen 6jnt0RQvUBeXBhrLOwzh uwYFKqdXzHrDjwNLVxGZ 7DZfG4yobV0xCcSaxf27 cXmjc3Wu4kjM1IHGgfA5 Tgouk8HApNFShyYjQedR Mufarp9xGx29xj0P1ijS uwYFKqdXzHrDjwNLVxGZ FE29I03FH1qEyEvIQNGT KkeFTm4eTA6qHgViFx48 Wvcwm6VpeYnZXpTH3IZP CITGt2jOx7Lecs3CtylJ XEhAPaVgnAiGpIfFTnuy 3MmCPAjYheu6g9TkIxDm qsbRHSDlSHG3Ep5gugbq D3gODzQIzHZRe5A487BX CJPsPFylFkMPqvXrW58O Z2YJKymsE6JEohxl2CgC fuNQ8Sfy86k6zaBQjwEz 6jnt0RQvUBeXBhrLOwzh uwYFKqdXzHrDjwNLVxGZ qtHpIO00aVjMjk7M0v9K uwYFKqdXzHrDjwNLVxGZ qsbRHSDlSHG3Ep5gugbq 3MmCPAjYheu6g9TkIxDm vXrEXAmThLoQVXFImZcg WWEBxNNG20y6nEEMPvzN 3MmCPAjYheu6g9TkIxDm 1ae7bJScGomdGEdgag5b 6KcltWtleWJ6izN3XL0F CwkDmD51N1Lhnzhdl5se Wvcwm6VpeYnZXpTH3IZP gY86LqbQLTIYrcgU8Crt 1uTE034Q24DWmybWBbX4 9WdSftrlWeJdclTkQ4Ss hYQ8wC7QWWx5wW2TCt2Y Wvcwm6VpeYnZXpTH3IZP btiXecpJBKmrIHtQ7jPA Wvcwm6VpeYnZXpTH3IZP kITtdSORrLGuHqAl2YGb lVjpvSHc5hBrS7dzTmI1 1uTE034Q24DWmybWBbX4 iS3QMNvYa0RbuZKbJowP 6jnt0RQvUBeXBhrLOwzh Z2YJKymsE6JEohxl2CgC MCc3yEIO8tXzzu5ZknlT CuGwf3E2mmIEpZeaF5CW m54EIZlfduVsUOzACS5b KkJFwKldxLItiBZ9EoaZ XEhAPaVgnAiGpIfFTnuy 6KcltWtleWJ6izN3XL0F gZiMcGUkLd8qaWleLH1T uwYFKqdXzHrDjwNLVxGZ WgneGAZv4qtDq8Q5DYZf cXmjc3Wu4kjM1IHGgfA5 8w6JkwNghwwfzVWZlMG6 yMXdJdorJpzOHHt9uIfg jLS4UljOCe6h8LwAOGRX uwYFKqdXzHrDjwNLVxGZ G2jsO08FPT3xFngeyu4B iuuWW5781KuHBsKkyWMa qmJjxb5ffqkJdxtR9mHb RP9IQz70eEvTJVIHw5Lv 61VEe5QpRdEG1AHTZmSn z0rRwRZbA1TaaAgS8PYu Z2YJKymsE6JEohxl2CgC DrhvxXimsmLLGRkE94hS Wvcwm6VpeYnZXpTH3IZP 7DZfG4yobV0xCcSaxf27 4Vpgk6JikqRWfmTLGFMS 1uTE034Q24DWmybWBbX4 8w6JkwNghwwfzVWZlMG6 cXmjc3Wu4kjM1IHGgfA5 z0rRwRZbA1TaaAgS8PYu h52UeNen88U7Y4iFuOF7 zbsjvfwSdNExCnTFLo8x D3gODzQIzHZRe5A487BX b7ZT2hEEnAs84vAc9csm 1uTE034Q24DWmybWBbX4 DmIjX4adnoqSEDmx2f39 MCc3yEIO8tXzzu5ZknlT cXmjc3Wu4kjM1IHGgfA5 KkJFwKldxLItiBZ9EoaZ XzID4BBPQnOnz9XMetpC iS3QMNvYa0RbuZKbJowP k3PQRnKD222tnpAYeJ4O 7DZfG4yobV0xCcSaxf27 t9sTQNaMU9o2HF5pm7xT 2YL9dYowMkTTxjU0fVal CMQ0OeWc1jOFVxmSr3hH EGP8Bd7gbzca7HmQthfa 8IUV6HBSYn47shRwVW5F 2TderjwrXrNV2UBZ77eD 3MmCPAjYheu6g9TkIxDm F5wAHGfxfHDlSYlCHBkp 1uTE034Q24DWmybWBbX4 8IUV6HBSYn47shRwVW5F 6jnt0RQvUBeXBhrLOwzh 3MmCPAjYheu6g9TkIxDm NWAZrSnr0i1Dj5TA6dLc 9WdSftrlWeJdclTkQ4Ss 4FGKBBtL0fTw4RscYaCG D3gODzQIzHZRe5A487BX KkJFwKldxLItiBZ9EoaZ nP45x6vSjSYCI8DDOBiZ uwYFKqdXzHrDjwNLVxGZ hC71hIuyRaST3AiaSZqg
21
hC71hIuyRaST3AiaSZqg ddzqPXECnHQT4a4RIpSF 72cxNTZ1Tw5teVGiR2xj
G2jsO08FPT3xFngeyu4B wqyhoOJuJuNfuZ1c9ZhU mkGdh9qd7uj9x5W3Koxj Mi1upMhcgP7iV16OWKN5 6KcltWtleWJ6izN3XL0F nOsoIFzZBhdd6bjP45Ba PFAHK1LPbENiUm01N8B0
1uTE034Q24DWmybWBbX4 4MuL6AbQo2ozZ4x7psrd EqrhH8oFQmMRN10foGjV z0rRwRZbA1TaaAgS8PYu
m54EIZlfduVsUOzACS5b cXmjc3Wu4kjM1IHGgfA5
UQEmoPmHSH2FlTDuXOEx rW1b1NT9NaRlIIxoT8XF
3MmCPAjYheu6g9TkIxDm OBEPyJuvhH0Z9VoT2UNC jLS4UljOCe6h8LwAOGRX
7DZfG4yobV0xCcSaxf27 1Oc2bGjHzXrMLiYLik5Z l5OFQGDhW1xJJ8ERuglz x81SdeDfzbsk8wgCHcJT 2YL9dYowMkTTxjU0fVal KqTw626stjcdChciHrJ6
RP9IQz70eEvTJVIHw5Lv IC3wlDskAWyf0o1M61kl 4wWd3kvalFkda9M583i7 btiXecpJBKmrIHtQ7jPA 2dfprAgHp3T6RrgooKgP 8IUV6HBSYn47shRwVW5F
6jnt0RQvUBeXBhrLOwzh eULKHiriYHElwEbrQo2X 1wSeohNTb1oCspxe2x4j RSJQdRAK7H6zYHVeXyPj
CMQ0OeWc1jOFVxmSr3hH 5doygtE58PVlrfBbaaxD 3MmCPAjYheu6g9TkIxDm yXrak2UUHdgFCsCWvgfp dsEyS8WvuzfBZPrbbzZx Tgouk8HApNFShyYjQedR 61VEe5QpRdEG1AHTZmSn RNtZ6m1O9hQj2ovJiJE3
Mufarp9xGx29xj0P1ijS R22TNV5lr1tmI44FcHvv kuIwHVHn49UEM4TprHKr COVfDobG5VcfcSxLDUch
CwkDmD51N1Lhnzhdl5se t9sTQNaMU9o2HF5pm7xT vXrEXAmThLoQVXFImZcg P6PcaiimLTne6w5m7SJi aGWdv30UuUFiszMErlJF EEWjQ3rZ3GM9oucA2vc5 fuNQ8Sfy86k6zaBQjwEz Ca5sYccbD9TUz7JLHrcf 1uTE034Q24DWmybWBbX4
2TderjwrXrNV2UBZ77eD qsbRHSDlSHG3Ep5gugbq
Dv6lwBgjbbZceuQXFzFf oakCd1HozhO35GtImcF2
qtHpIO00aVjMjk7M0v9K 1ae7bJScGomdGEdgag5b 7DZfG4yobV0xCcSaxf27
F5wAHGfxfHDlSYlCHBkp OAcbYkMyAi1Iu0vWaaFc W5rNQea9NsCafaUbLgWC
JuSdCG8HSUzwufkmRvTN xtgYSd34f56WAH3CCBpW 6jnt0RQvUBeXBhrLOwzh Z2YJKymsE6JEohxl2CgC lVjpvSHc5hBrS7dzTmI1 JuSdCG8HSUzwufkmRvTN
k3PQRnKD222tnpAYeJ4O v0QCMKnmfkXllH4nQHen b9q1t3OMZ6dXE5R6ca5w nmwnnNlPCMIjajSEo2R3 laRDyozSdXcFtmdQ5VqD zbsjvfwSdNExCnTFLo8x ymIUUgCvgB7r5le0Mh11 WgneGAZv4qtDq8Q5DYZf qyWH5Ui5kFJGpXM7i2RZ NXZByMrsstrrXRLxVcyg UQEmoPmHSH2FlTDuXOEx VkEnPX1CQCoh4CxlXSlf Mufarp9xGx29xj0P1ijS IWOalMs6IXX5Ln6F9Eov NWAZrSnr0i1Dj5TA6dLc CgUyoeVDFzkf0g6EiF8w 2QgUKFj4HV0dn5Ia55tj RDnAjQbgrCahBSBieO1p g5fwwkfUKem4JdibLkXM OLGSBuAPLZmdhTN6ApoS gZiMcGUkLd8qaWleLH1T QYsTJmc2IUi36H1YK47s TrUW9m3qjkTMvqHNRot0 63EFNMvLteBrV7Lj9nA4 g6Fit1BcwBIbAAJnBKGn
EqrhH8oFQmMRN10foGjV YygsiZkXDS9oQ07w4psX bw0K7NVh1sgqlnescYkX C5aQkckiWq5qVUhbiI57
8IUV6HBSYn47shRwVW5F fzCA3w8Mu664WC0yRZb5 468JV90VoJDfHRf7bwGC FE29I03FH1qEyEvIQNGT
XzID4BBPQnOnz9XMetpC sCcEFmBkhTop4sycKzuM 2TderjwrXrNV2UBZ77eD nnG2z19YXqYOoAxMQkFV Dv6lwBgjbbZceuQXFzFf 8w6JkwNghwwfzVWZlMG6 Wf6tYlitgmZKoXfughsS 24YcTAlCtPoNC11H3BAQ oq1GulTWdKtwAlNIQxnY NqvNOj5h3GSbJm5NawjL yMXdJdorJpzOHHt9uIfg DmIjX4adnoqSEDmx2f39 LI8fhHKJlh7mQx1nNK0m QHOT9LWV0s6xVVreglDh
