Chattanooga ElPaso Denton Detroit SantaAna OuterHaven Boston Munich Boston Salem Surprise Anchorage Riverside Fremont Atlanta Chicago Washington SaintPaul Oakland SaintPaul Modesto JerseyCity Hayward Jacksonville Mesa Richmond CorpusChristi WinstonSalem VirginiaBeach Glendale Lancaster Tallahassee Gilbert PembrokePines Fresno MorenoValley Denver Sunnyvale Providence ElPaso Chattanooga Nashville Louisville Lubbock Dallas Shreveport Buffalo Denver Sunnyvale Lakewood Detroit Vancouver Tucson Newark RanchoCucamonga Austin Dallas Corona Modesto ColoradoSprings HuntingtonBeach Milwaukee LosAngeles SanJose Montgomery OklahomaCity Pasadena LosAngeles Cary Chesapeake Cleveland Huntsville Houston Surprise Stockton ChulaVista Anaheim NewYork SantaClarita Augusta ElkGrove Houston Sacramento Riverside ChulaVista Chesapeake Midland Tucson Cincinnati Stockton OklahomaCity Springfield LosAngeles Lakewood Boise SanBernardino Boston OuterHaven Boston Tacoma Tempe Tucson Newark Plano Fresno GrandRapids Pittsburgh Cincinnati LongBeach Cincinnati Tucson Tempe Tacoma Austin OklahomaCity Lincoln Bridgeport Milwaukee HuntingtonBeach Modesto Paterson Berkeley Frisco Seattle Yonkers Miami Sacramento Portland Chicago OklahomaCity Lincoln Olathe OverlandPark Scottsdale Riverside Anchorage Surprise Anchorage Phoenix MorenoValley Lancaster Tallahassee LongBeach Oxnard Memphis Glendale VirginiaBeach Jacksonville Killeen SantaAna Chicago Irvine Miami StLouis Murfreesboro Madison Portland Fresno GrandRapids CorpusChristi Jacksonville SanJose Boston Frisco Omaha Murfreesboro Charlotte MorenoValley Phoenix Anchorage Bridgeport Thornton Ontario Rochester Reno Torrance Ontario OverlandPark Oakland Paterson SantaClarita Hayward Arlington Portland Honolulu Portland JerseyCity Modesto Hollywood Columbus Mesa Norfolk Scottsdale GrandRapids SanJose Denver LittleRock Macon Shreveport Madison Honolulu Huntsville Houston ElkGrove Amarillo Escondido Knoxville ElPaso StPetersburg Clarksville Yonkers Fayetteville BatonRouge Ontario Orlando Plano Lubbock SantaAna Aurora Garland Aurora Madison RanchoCucamonga Montgomery OklahomaCity Lincoln Tampa Bakersfield Fresno MorenoValley Chattanooga
22
Providence SantaClarita Oceanside Paterson GardenGrove Midland NewYork Yonkers Aurora
RanchoCucamonga Bakersfield BatonRouge Toledo Chicago SanAntonio
Lubbock Corona Riverside Scottsdale
OklahomaCity FortLauderdale Madison NewportNews Orlando Denton PortStLucie Plano
Norfolk Louisville Naperville SanJose SantaAna Waco Ontario Charlotte Salem
Midland Austin Richmond Savannah
Oakland ElPaso LittleRock Lubbock Cincinnati Boston Orange Henderson
Phoenix GrandPrairie
Amarillo Murfreesboro GrandRapids Buffalo Berkeley ChulaVista Syracuse
GrandRapids SanBernardino Boise Jackson Indianapolis Brownsville
Olathe FortWorth
Madison Worcester KansasCity Fayetteville Glendale CapeCoral SanDiego Anaheim LosAngeles Oxnard Tallahassee
Murfreesboro SaintPaul Akron Hayward Irvine Phoenix Anchorage Surprise Memphis Tacoma Tempe
Hollywood Knoxville
OuterHaven DesMoines Cleveland SanFrancisco Baltimore
Pasadena Newark
Tampa Springfield McAllen Spokane
Lakewood Wichita Frisco Washington
Sacramento Olathe Shreveport Alexandria Joliet
Paterson Jacksonville Honolulu Lincoln Fremont
Lancaster Lexington
Hayward Fontana Pomona Vancouver Durham Raleigh
