Porterton Dianashire Ashleyborough Paulburgh Robertsstad Paulburgh Walltown Scotttown Jacksonview Scotttown Walltown Callahantown Walltown Callahantown Maryport Callahantown Walltown Paulburgh Ashleyborough Clarkberg Burtonview Murphyside Bakertown Derekville Bakertown Murphyside Burtonview Clarkberg Reevestown Judithview Reevestown Clarkberg Burtonview Murphyside Burtonview Clarkberg Ashleyborough Osborneville Payneview Barnesmouth Harrisport Barnesmouth Payneview Teresafort Payneview Barnesmouth Harrisport Brendaview Harrisport Barnesmouth Payneview Jacksonville Christopherhaven Jacksonville Payneview Teresafort Calvinton Teresafort Payneview Jacksonville Payneview Teresafort Payneview Osborneville Ashleyborough Dianashire Ashleyborough Osborneville Payneview Teresafort Payneview Osborneville Ashleyborough Clarkberg Ashleyborough Osborneville Christophermouth Beckerton Christophermouth Osborneville Ashleyborough Dianashire Burgessview Marcusburgh Matthewburgh Virginiastad Matthewburgh Virginiastad Robinsonmouth Virginiastad Matthewburgh Bondfort Shawnmouth Bondfort Adamview Bondfort Shawnmouth Buckleyside Shawnmouth Bondfort Adamview Bondfort Matthewburgh Marcusburgh Tylerbury Jamestown Wilsonstad Jamestown Tylerbury Marcusburgh Fletcherland Willisfurt Fletcherland Kingview Williamschester Kingview Fletcherland Marcusburgh Burgessview Billton Banksburgh Yvonneborough Parkermouth Shawnfort Parkermouth Yvonneborough Banksburgh Billton Gabrielfort Billton Banksburgh Simmonsburgh Michaelville Simmonsburgh Banksburgh Billton Burgessview Williamfort Moodyburgh Gregoryberg Smithfort Millerborough Smithfort Gregoryberg Moodyburgh Heatherberg Thomasborough Heatherberg Moodyburgh Williamfort Moodyburgh Gregoryberg Smithfort Millerborough Smithfort Gregoryberg Moodyburgh Williamfort Thomasville Martinchester Thomasville Lopezburgh Byrdfurt Garciamouth Byrdfurt Lopezburgh Thomasville Williamfort Williamport Ashleystad Codyton Ashleystad Williamport Williamfort Burgessview Marcusburgh Burgessview Williamfort Williamport Ashleystad Codyton Ashleystad Williamport Williamfort Burgessview Dianashire Porterton Wallton Danielleport Scottburgh Laurenbury Haleview Laurenbury Scottburgh Danielleport Melissaview Cheyennefurt Watsonville Cheyennefurt Melissaview Danielleport Cooperton Lopezborough Waltersmouth Adamport Waltersmouth Lopezborough Cooperton Danielleport Melissaview Campbellhaven Melissaview Cheyennefurt Watsonville Cheyennefurt Melissaview Campbellhaven Annberg Houstonchester Annberg Campbellhaven Melissaview Danielleport Wallton Porterton Dianashire Porterton Wallton Davisstad Newmanburgh Gallowaymouth Rioshaven Gallowaymouth Newmanburgh Samanthashire Newmanburgh Davisstad Jacksonton Singletonton Jacksonton Davisstad Leechester Pettyton Bondmouth Taylorton Bondmouth Pettyton Leechester Davisstad Wallton Davisstad Jacksonton Singletonton Clarkbury Jermaineton Clarkbury Singletonton Jacksonton Davisstad Leechester Castanedachester Suttonville Castanedachester Leechester Davisstad Wallton Derekmouth Jeffreyfort Johnsonchester Jeffreyfort Johnsonchester Jeffreyfort Derekmouth Charlesberg Derekmouth Jeffreyfort Johnsonchester Jeffreyfort Derekmouth Charlesberg Kevinberg Patriciabury Kevinberg Charlesberg Derekmouth Geraldside Derekmouth Charlesberg Kevinberg Adamside Kevinberg Adamside Kevinberg Patriciabury Kevinberg Charlesberg Sethland Charlesberg Derekmouth Wallton Danielleport Scottburgh Danielleport Wallton Derekmouth Geraldside Michellehaven Ramosborough Fordhaven Ramosborough Michellehaven Cranemouth Michellehaven Ramosborough Michellehaven Geraldside Joseport Gabrielburgh Joseport Geraldside Derekmouth Wallton Porterton Dianashire Porterton Wallton Derekmouth Geraldside Joseport Hallborough Joseport Geraldside Derekmouth Wallton Porterton
35
Maryport Reynoldsview Combsville Maryport
Cranemouth Cranemouth Joneschester Fordhaven Ramosborough
Gabrielburgh Hallborough Gabrielburgh Hodgesstad Kylieview
Kevinberg Adamside Andrewschester Bradberg Troyfort Thomasmouth Patriciabury
Brendaview Brendaview Harrisport Clarkborough
Wilsonstad Wilsonstad Hansonbury
Millerborough Smithfort Millerborough
Sethland Tannerhaven Ellisstad Osbornemouth
Robinsonmouth Johnsonberg Robinsonmouth Horneside
Bakertown Bakertown Derekville Jameston
Byrdfurt Byrdfurt Loweryborough Garciamouth
Watsonville Watsonville Christyland Robertomouth
Beckerton Dannyside Candaceborough
Robertsstad Swansonshire Abigailhaven Williamshire Jacksonview Danielville
Charlesberg Kimberlyburgh Clarkport Candiceland Nealfurt Susanfort
Porterton Christopherhaven Calvinton
Codyton Mindyview Ryanside Codyton Holthaven Vickiville
Campbellhaven Haleview Annberg Houstonchester Thompsonshire
Singletonton Clarkbury Jermaineton Suttonville
Annberg Dyerport
Rioshaven Rioshaven Josephstad
Christopherhaven Jennifertown Feliciaville
Thomasborough Ortegaberg Thomasborough Masseyside
Michaelville Williamland Michaelville
Willisfurt Williamschester Mirandaview Ortizberg
Adamport Adkinsberg Adamport
Adamview Adamview Harrisborough Priceville Buckleyside Shawnmouth
Suttonville Bondmouth Jonesfurt Taylorton
Jeffreyfort Patriciaside Audreyfort
Haleview Hallstad
Yvonneborough Parkermouth Shawnfort
Teresafort Smithtown Jacksonland Abigailville
Taylorton Mercedesmouth
Marcusburgh Leahmouth
Judithview Clarenceview Michaelview
