A0 N5 D5 J9 T1 L6 A7 N6 H7 K7 H3 M6 F2 Q3 Q8 F6 T4 T9 B3 A3 S6 G3 L5 N7 A2 N5 E4 A4 S9 B3 N7 J3 G5 M0 J7 L7 F0 G4 O5 P4 A4 J4 T4 S5 M7 H8 N6 C8 F7 M8 K8 O6 S1 P7 J2 N9 L1 F5 K8 H9 L3 I5 J4 T5 J2 A1 H5 M1 P9 J6 G0 R0 A1 H6 M1 L7 K9 D7 J9 D3 J1 P8 N3 G0 J7 R7 J3 E4 S9 N3 F7 K1 S0 S3 C0 B3 Q0 J1 G1 B3 R2 A0
28
A0 C1 F1 H2
A3 H3
G0 C5 E7 I1 B0 D6 F2 B1 G4 I8 D9 I4 A2 J8 J4 H6 C7 G8
S1 B8 D5 A9 I5 G6
I5 H1 J3 H0
M0 C2
J4 G2
J6 J2 A4
F5 G9
J1 F7 H4 J5
J9 I0 E8 D1 C3 I2 B9
M8 F9 A3
R7 F4 B6 I9 I7 G3
L3 G5 B5
A2 C9 D2 D3 G1 E1
P7 E6 H8
J3 C8
H6 B2 D4
O6 J6 F3 D7 F6 J0 A6
P9 F8
Q8 D8 J1 B7
N3 E5 J7 I6 F5
N6 A8 A7 D0 H9 J9
A4 E4 B3 H7 I3
H7 C4
T1 G0 E2 A1 C6
S0 E9 K0 G7 H5 B4 E0 F0
N9 A5 E3 C0
