0 173 151 110 1 127 185 81 91 182 168 142 63 0 87 0 98 1 150 111 1 77 84 111 186 185 3 0 30 81 187 88 0 191 128 1 64 1 49 149 0 175 70 1 183 119 4 148 11 61 147 69 166 128 21 65 17 92 118 134 115 0 96 94 1 152 100 146 0 57 186 78 70 1 17 173 0 53 135 38 26 175 0 78 59 135 5 23 0 189 5 187 74 65 169 96 139 171 1 64 74 188 27 135 62 66 157 93 158 149 15 99 0 141 0 12 179 0 19 0 138 118 148 2 0
25
0 0 89 52 19 8 87
88 68 82
84 75 55 6 66 30
26 47 34
187 78 62 45 37 26 48 49 18
152 5 33 69 56
30 2
173 88 53 65 14
175 64 96
148 25 74 4 84 35 80
3 79 31 73 71 40 7 32 22 10
57 15 44
127 27 92
78 50
91 91 41 38 63 42
139 59 21 77
128 3 13 94
66 97 90 17 1
5 72 57 51 12 23
23 93 29 60 28
191 83 70
157 86 24 76 67 58 61 54
188 81 36
142 46 16 39 20 9 85 98 11 43 99
17 95
