K FF D FV AZ EG GM DN GO B AO F CN AJ D O A DR A AT A DZ A GG A DF C BH BB GH CV F BQ B EK F AT A CJ DT CD DR A GP DN CT D CW A FC EM I CR CS AQ D EO F FE A CD F CR DW AP C Y EP H M G FO A BS D BR D DV H C CV CA D FD BJ A CJ EQ GC AJ AG C F C CH E FB EQ D ET AR A CD BW AC A FA A AT FP K DM EA A CB L Q CF CJ C Q B BM B ER B EA P CO EJ H FB K EH AK AG CH AU B GJ DO F FI DC A FJ A BS DZ A FO A K
19
K DK
AG FR GE EL AJ ED EG DP EJ CJ FM
CD DZ CQ EK BL AS U BA FV DH
CH AF EA M CM BJ P GL CW CT Y BR BP FX GR
AJ BB
DN DG T FI FU GI
CF AN EQ
EP BE FD EN EZ Z BQ DV GK FH CB
GJ AM GD
CR FE DS
DR CK DR AW FS AG AX CE GC
ER EV FO CF G DC V GO DI DX X EM
CV FZ BI I BG AH FJ BF EO B
F EC
CO R FG DB BX GF
FP L CY BY
GG FP AB GG EU
FJ BO EH
GO GJ
