89 36 101 41 55 51 151 94 149 191 152 105 79 74 48 25 197 116 63 164 192 20 87 75 156 97 138 162 78 77 111 84 26 77 194 10 76 95 197 107 116 152 116 165 143 87 195 67 114 168 167 115 81 195 41 2 194 145 183 185 11 80 138 117 154 189 143 31 139 69 21 48 58 87 9 187 173 73 93 92 85 51 183 192 86 156 1 150 164 101 145 182 143 68 75 111 32 34 52 89 15 89
26
51 147 41 27
75 146 1
9 69 39
41 16
93 12 133 121
149 31 144 33 83 132 18
139 125 4 128
116 118 98 160 102 187 36 151 183 49 155
87 141 169 109 112 135 58 32 79 23 9 127 44 192 136 173 38
101 197 100 81
111 59 124
164 94 29 82 25
67 96
151 178 88 190 97 75
48 179
138 11 195 37 99 107 188 189 148
76 61
192 191
89 78 73 86 114
20 56
114 21 80 194
189 101 70 6 51 13
195 3 140 156 64 111 199 172 149 122 5
94 193
34 48 130
84 65 85
