FortCollins Austin Clearwater Akron Columbus McAllen Durham Cambridge Hollywood DaytonaBeach Alexandria Huntington Alexandria Augusta Layton Jefferson Albany Louisville Allentown Madison Chesapeake Fresno Appleton Abilene Madison Greenville Akron Bellevue Hartford Barnstable Abilene Akron Gilbert Hickory LasCruces Akron Bakersfield LittleRock Dallas Albany Laredo Concord Abilene Austin Allentown Knoxville Hemet CedarRapids Charleston Antioch Albuquerque Anaheim Laredo Billings Charlotte Aberdeen Fitchburg Howell Chandler Escondido Chandler Jefferson Akron DesMoines Abilene LasVegas Carrollton Evansville Akron Hialeah CathedralCity Charleston Carrollton Akron Amarillo ElPaso Champaign Aberdeen Kaneohe Lakewood Elizabeth Baltimore Boulder Indianapolis GrandRapids Aberdeen Kissimmee Garland FortCollins Akron Erie Aberdeen Arlington Greenville Jackson Akron Boston BelAir Glendale Boston Chattanooga Huntsville Aberdeen Charleston Aberdeen Hesperia Kaneohe Lexington Albuquerque Marina Denton Akron GardenGrove Aberdeen Kalamazoo Akron Elizabeth JerseyCity Antioch Aberdeen Hesperia Aberdeen Kissimmee Aberdeen Beaumont CoralSprings Clearwater Dallas Akron Aberdeen Hickory FortCollins
23
FortCollins FortCollins
Dallas FortWaltonBeach Independence Lacey ElPaso ColoradoSprings Erie Eugene
Howell AppleValley Frederick
CedarRapids Louisville Barnstable
Charlotte Kennewick Cleveland Amarillo Hemet Lafayette
Escondido Austin
Boston Grayslake Aberdeen DesMoines
Chattanooga Henderson Joliet
Charleston Jefferson Jacksonville Indianapolis Garland Manchester Elizabeth Brighton CollegeStation Beaumont DalyCity Burbank Brownsville
Columbus Fremont Irving Kalamazoo Abilene
Cambridge Chandler BoiseCity Fayetteville Leominster Anchorage Akron Augusta
Kalamazoo Hampton Champaign Dallas Bakersfield Layton Fargo Inglewood
Madison Lubbock Alexandria Lorain Bremerton ElMonte GrandRapids Boise Harlingen
JerseyCity Berkeley Knoxville Atlanta Detroit
Antioch Danbury
GardenGrove Arvada Hickory
Appleton Chicago DavidsonCounty
BelAir Baltimore Bellevue CapeCoral Bradenton Hollywood
Indianapolis Irvine Carrollton Lakewood Elkhart Harrisburg Cary CedarRapids Appleton AnnArbor Lakeland Fontana
Albuquerque Denver
Augusta Lancaster Bethlehem Gilbert
Lakewood Anaheim Evansville LasCruces Allentown
Carrollton BonitaSprings Albuquerque LittleRock Fairfield Fresno Houston
