location34 location59 location77 location86 location77 location135 location79 location89 location118 location87 location133 location125 location155 location128 location4 location89 location94 location123 location95 location92 location62 location61 location79 location55 location79 location168 location72 location177 location12 location188 location167 location184 location46 location128 location46 location42 location139 location42 location183 location42 location106 location42 location180 location42 location139 location92 location25 location12 location163 location4 location32 location59 location29 location12 location37 location12 location177 location117 location126 location117 location177 location73 location69 location46 location186 location46 location2 location177 location128 location155 location162 location52 location25 location79 location9 location26 location9 location104 location40 location4 location134 location92 location20 location49 location20 location28 location80 location165 location40 location103 location101 location32 location4 location134 location199 location63 location189 location83 location151 location71 location151 location104 location135 location55 location83 location158 location39 location34 location133 location4 location40 location17 location46 location17 location4 location32 location75 location97 location99 location97 location41 location151 location165 location151 location143 location188 location12 location177 location156 location107 location5 location107 location156 location87 location22 location87 location142 location177 location28 location16 location79 location33 location59 location61 location117 location61 location23 location4 location128 location155 location162 location155 location125 location46 location183 location149 location82 location149 location183 location77 location142 location92 location95 location92 location142 location163 location87 location184 location153 location184 location197 location169 location118 location89 location116 location5 location181 location185 location37 location74 location183 location151 location61 location59 location186 location33 location79 location119 location120 location195 location192 location15 location123 location115 location177 location184 location59 location81 location134 location92 location20 location46 location69 location46 location20 location92 location25 location30 location108 location60 location108 location32 location3 location160 location83 location55 location4 location17 location4 location134 location92 location114 location92 location134 location89 location134 location92 location25 location79 location9 location59 location34 location192 location195 location120 location83 location19 location34
18
location34 location34 location39
location116 location107 location132 location89 location3 location176 location79 location119 location6 location64
location184 location21 location103 location131 location187 location158 location76 location111 location59 location163 location9 location46 location125 location17
location86 location142 location180 location177 location120 location88 location164 location121 location55 location174 location92 location134
location62 location117 location172
location83 location170 location38 location99 location175 location96 location27 location68 location115 location72 location98 location15 location140 location151 location181 location71 location130 location149 location91 location159
location99 location23
location26 location105
location155 location109 location2 location90 location136
location33 location86 location167
location168 location54 location144 location60 location114
location188 location11 location199
location134 location194 location192
location37 location24 location161 location122 location139
location153 location12 location188 location37 location47 location135
location82 location52 location137 location162 location155 location189 location0
location17 location197
location4 location157 location28 location45 location143
