fab8g rO2GE DvVMC I7fCS 6iHOa 4Dy05 vkp9u 4Dy05 AGorf 8PY0r zgyDJ n9AEE hbrXC xoAtW Nbb6U KBkC3 exra7 tcyH9 015ql Lqz0g iy8Ty yM9nQ b4E7v cQMFl xoAtW 77EXR xoAtW iJ4Mz HigE0 g1WJz 83RWH VUKiE a0yqa gc3GT H6HgM XDGuI RgC1Q e1dxq g1WJz H6HgM bSoeD 8xyrX F8mws zgyDJ jeyZK 4Dy05 RgC1Q 4Dy05 pnHil 4Dy05 KzS0e 4Dy05 5Ix1v f5Qx2 BXKN1 tcyH9 gwQSf KB016 Lqz0g tEdSo fab8g f5Qx2 BwNt0 4Dy05 6iHOa tcyH9 b4E7v cQMFl 0SCRq 1rURn bSoeD 4cLlE xoAtW KBkC3 8tK4L zgyDJ eHREN cQMFl tcyH9 TjmY2 sF84c I7fCS HaHFT l0HDP pnHil dzQhZ 77EXR tcyH9 4Dy05 sJxOk HigE0 0SCRq zgyDJ P5ucv pnHil sJxOk 4Dy05 f5Qx2 B3NSd DvVMC I7fCS HigE0 wPPZK hbrXC tB1i9 Xe1JT pnHil n9AEE pnHil l0HDP IG74z H6HgM 015ql zgyDJ VIl39 I7fCS DvVMC Lqz0g tQXF5 Upoa8 rO2GE H6HgM F8mws H6HgM h3Iq1 H6HgM BybTG QxiXc fab8g f5Qx2 iy8Ty 77EXR LEdo3 1rURn yLjxK cQMFl e1dxq wiGnS zgyDJ a0yqa 4Dy05 9ZatH f5Qx2 PYeFH H6HgM reoTJ BWyM2 cQMFl xoAtW LBzlR zgyDJ P5ucv HigE0 BXKN1 f5Qx2 DHhK9 4Dy05 vonuO TjmY2 uQK8T G91ym H6HgM x8KLa HaHFT 4ORRk 4cLlE wPPZK ZaUro H6HgM reoTJ H6HgM obqW1 H6HgM BybTG f5Qx2 fab8g
22
fab8g fab8g FW6DI O1QPI 3FUsL mgHYN gwQSf KzS0e BWyM2 kCdcu dAx9s BybTG
DvVMC b4E7v lcarA
F8mws H6HgM 015ql
b4E7v G944F g1WJz 5Ix1v 3XMfZ
8xyrX eDWES yM9nQ VIl39 1xx4U
cQMFl uQK8T n9AEE Q0oXi pesnn nScgp adW6k VUKiE 8tK4L o4F0A GHmnJ 4ORRk
BybTG c17Qf
n9AEE fr0Bd TQZik Gt2w1 cQMFl
zgyDJ F7m3U 9u8oD 2Z0oU iy8Ty 7J90B guI5B Nbb6U 0YoJb
AGorf 8xyrX
jeyZK wKKkJ tQXF5 HaHFT KWmhW XDGuI rzyrR G91ym Lqz0g RnwlC Flgse 9ZatH KB016 RhMSo
QxiXc BJ1iC Bw1D7 ZlgGe
G91ym TtUXd qchZ3 tEdSo fhc2k
015ql sF84c AGorf nRTkO 1pNjr CT8M8 aiycm
uQK8T PpZP8 ciJ7c 1SvIs
wPPZK f5Qx2 HKgVO cDkiZ 4b2sA bD2TR
eHREN obqW1 x8KLa 4GEPG lJfgZ Vjk2Z B3NSd P5ucv 1OpM2 bepE0 8PY0r
77EXR wiGnS
reoTJ lJJK2
wiGnS DHhK9
tcyH9 RgC1Q l0HDP L54Jg
PYeFH LBzlR cm8oa
