0 15 94 97 30 41 30 7 164 14 81 66 16 172 113 4 51 7 89 77 63 46 96 139 96 12 4 51 79 41 173 49 13 53 80 60 80 146 194 36 165 39 190 39 92 82 26 8 175 4 113 18 49 83 34 7 9 25 35 112 27 48 85 67 8 111 8 32 193 22 137 41 79 72 52 35 42 36 28 100 163 2 167 37 5 41 184 10 56 42 36 18 49 173 1 2 17 5 41 95 78 23 48 198 42 36 18 30 189 8 42 192 5 40 66 45 42 31 30 136 24 142 191 5 33 197 34 7 164 101 44 27 55 13 16 69 16 52 72 52 34 56 41 144 13 16 167 2 80 2 168 38 18 36 18 49 18 30 11 79 11 30 31 107 31 78 91 3 20 189 8 51 4 81 18 30 18 36 18 49 173 41 129 41 95 57 18 33 18 38 110 109 41 16 41 181 41 30 166 165 39 190 140 41 66 81 4 51 44 27 40 3 106 31 1 2 17 5 33 197 27 55 12 16 19 16 167 37 5 93 32 45 92 37 5 129 77 87 43 1 24 142 60 65 3 116 14 86 16 12 43 0
21
36 169 165 166 141 109 101
140 192 158
0 179 171 110 163 102
5 173 159 115 186 134 124 133
18 151 198
164 176
41 156 161 182 128 127 126 107 108 197 137
30 120 177 152 132 190
16 195 153 145 172 147 105 185 114 178 122 131 135
46 148 157 130 119 184 160 189
77 121
9 191 111
12 136 154 155 188 100 140 167 168 106 196 170 138 125 180 104 193 118 181
181 162 174
87 116 175
92 150 117 187 103
142 142 143 139
113 112
109 146 194 129 164
80 144
28 123 183 113 149
