0 1 4 10 22 45 92 45 91 45 22 10 4 9 20 41 83 41 84 41 20 42 85 42 20 42 86 42 20 41 20 9 4 10 22 46 93 46 22 10 4 1 3 7 15 32 66 133 66 32 65 131 65 32 15 31 63 31 15 32 15 31 63 128 63 31 15 7 3 8 17 8 18 8 17 35 71 35 17 8 18 38 77 38 78 158 78 38 18 37 76 37 75 152 75 37 76 37 75 37 18 8 17 35 71 143 71 35 72 146 72 35 17 8 3 7 16 33 67 136 67 33 68 33 16 34 69 140 69 34 16 33 67 33 16 34 70 34 16 33 67 135 67 33 16 34 16 7 3 1 4 10 22 46 93 187 93 46 22 10 21 43 87 43 21 44 90 44 89 44 21 43 87 175 87 43 21 10 4 9 19 39 80 39 19 9 19 40 82 40 19 40 82 40 19 9 20 42 85 42 20 9 19 40 81 40 19 9 4 10 22 46 93 46 22 10 4 1 0 2 6 13 27 55 27 56 113 56 27 13 27 55 27 13 28 57 28 13 6 14 29 14 30 62 30 14 29 60 29 59 29 14 30 62 30 14 30 61 30 14 6 2 5 12 5 11 23 47 95 47 23 48 98 48 97 195 97 48 23 11 5 12 25 51 103 51 25 12 5 12 25 51 25 12 5 11 24 49 24 50 102 50 24 11 23 47 96 47 95 191 95 47 96 47 23 11 24 11 5 12 26 54 109 54 26 53 107 53 26 12 25 12 5 2 0
40
81 164 163
71 143 144
63 127 128
102 101 102
53 107 108
18 147 148
135 136 135 138 137
90 181 182
62 125 126
56 113 114
158 157 158 156
61 123 124
25 106 105
187 189 190 188 187
191 193 194 192 191
98 198 197
29 121 122
55 112 111
91 183 184
85 165 166
76 154 153 152 151
109 110 109
59 120 119
140 139 140
13 117 118
70 141 142
7 129 130
41 169 170
92 186 185
49 100 199
17 146 145 149 150
51 103 104
89 179 180
43 177 178 176 175
77 155
57 116 115
195 196 195
131 131 132 133 134
19 161 162 159 160
83 168 167 172 171 173 174
