5 130 46 20 24 90 2 51 183 111 38 22 35 138 35 5 4 137 25 30 126 1 119 1 54 28 149 133 34 76 147 13 23 95 130 151 109 22 38 9 4 130 51 2 27 91 35 20 11 117 1 58 45 10 103 132 102 189 186 56 47 123 1 58 38 191 43 33 76 2 51 194 51 140 123 69 141 5 4 88 19 53 18 68 18 144 91 191 74 71 77 10 130 118 3 154 74 71 38 37 177 18 168 84 109 151 19 167 100 20 61 28 180 112 84 49 153 11 53 199 24 99 161 132 188 48 122 42 98 180 112 186 69 138 0 14 12 46 28 185 174 25 30 141 30 88 97 6 38 191 124 191 38 6 97 53 0 150 161 143 56 165 91 165 173 61 138 35 157 152 42 141 107 2 98 25 30 88 157 5 195 167 42 147 13 141 107 2 70 10 70 18 82 154 3 23 99 133 7 18 82 170 182 144 91 165 63 108 182 0 35 157 5 4 5 198 133 90 139 45 58 109 22 42 115 42 22 175 116 9 167 171 167 165 91 35 135 66 193 165 94 5
22
138 138 55 69 153 34 67 63
5 159
38 179 71 77 164 37
27 51 85 194 183 32 53 196 189 20 102
53 146 9 193 180 152 43 68 58 75 25 96 39 28 61 140
20 10 50 26 100 122
12 76 156 78
132 105 64 133 149 99 199 184 56 48 18
91 123 178 91 162 171
109 173 170
88 11 151 80 44 158
122 101 41 187 110
143 92 46 135 81
171 83 16 154 52
183 137 42 31 174 33 47 157 22 17
82 188 14
139 2
152 168 116
180 192
157 1 104
130 177 103
76 143
