A42 A100 A184 A23 A184 A100 A183 A87 A169 A44 A63 A30 A53 A176 A55 A176 A53 A176 A57 A23 A184 A100 A184 A23 A15 A168 A125 A72 A114 A83 A119 A76 A39 A2 A67 A133 A157 A133 A67 A13 A167 A77 A66 A45 A108 A193 A10 A35 A58 A176 A58 A35 A130 A159 A130 A35 A10 A193 A185 A56 A154 A2 A39 A195 A178 A195 A39 A2 A154 A56 A88 A13 A67 A133 A36 A133 A67 A2 A39 A195 A95 A101 A13 A67 A133 A67 A2 A130 A159 A130 A2 A39 A149 A106 A144 A98 A0 A98 A24 A107 A101 A13 A163 A134 A170 A65 A50 A98 A197 A142 A83 A6 A45 A66 A170 A134 A74 A40 A73 A190 A39 A47 A128 A47 A39 A190 A73 A40 A180 A61 A71 A42 A147 A164 A154 A2 A5 A44 A63 A98 A12 A139 A142 A197 A161 A128 A146 A63 A98 A144 A98 A132 A147 A42 A71 A153 A158 A11 A122 A162 A72 A167 A77 A115 A77 A167 A13 A163 A134 A74 A109 A74 A134 A163 A13 A167 A72 A125 A182 A125 A168 A29 A91 A93 A183 A93 A91 A29 A168 A125 A171 A125 A72 A165 A82 A194 A82 A77 A1 A87 A50 A98 A0 A173 A0 A98 A50 A117 A187 A188 A167 A9 A108 A193 A185 A166 A44 A166 A185 A193 A10 A35 A2 A39 A2 A67 A116 A105 A16 A137 A32 A195 A39 A190 A73 A40 A73 A190 A39 A195 A32 A127 A196 A30 A63 A199 A63 A30 A53 A73 A53 A30 A189 A3 A14 A3 A189 A30 A191 A30 A189 A2 A39 A195 A95 A169 A64 A186 A34 A186 A64 A169 A28 A169 A44 A120 A24 A107 A186 A121 A179 A121 A186 A111 A186 A67 A13 A70 A150 A70 A13 A163 A124 A91 A93 A153 A166 A151 A166 A44 A63 A98 A132 A147 A164 A154 A2 A189 A3 A189 A2 A67 A13 A101 A95 A151 A17 A151 A95 A169 A129 A107 A186 A121 A179 A115 A77 A167 A72 A168 A29 A174 A186 A67 A2 A39 A149 A27 A149 A39 A195 A95 A169 A95 A101 A106 A101 A107 A186 A143 A19 A143 A172 A73 A53 A30 A196 A30 A63 A199 A7 A168 A72 A167 A13 A67 A2 A154 A56 A185 A193 A40 A74 A134 A170 A65 A50 A98 A197 A13 A167 A77 A115 A4 A7 A199 A99 A153 A93 A91 A118 A104 A67 A85 A67 A13 A163 A134 A170 A65 A50 A87 A169 A44 A169 A87 A183 A43 A163 A13 A197 A142 A83 A142 A197 A13 A140 A13 A167 A77 A1 A87 A50 A98 A132 A147 A164 A147 A42
24
A42 A42 A71
A39 A135 A58 A32 A2 A5 A35 A130 A159 A39 A128 A114 A103
A139 A98 A117 A0 A144
A169 A34 A64 A143 A111 A94
A154 A185 A113 A88 A154 A193
A40 A40 A20
A23 A78
A125 A92 A100 A184 A57 A38 A176 A23
A182 A102 A182 A181
A183 A84 A43 A145 A118 A93
A187 A139 A124 A142 A187 A76
A149 A106 A33
A73 A172 A123
A1 A194 A82 A167 A77 A65 A179 A54
A17 A51 A17
A199 A120
A106 A148 A192 A132
A150 A96 A13 A75 A70 A28 A21
A85 A67 A122 A136 A7 A4 A198
A65 A72 A37 A126
A164 A183
A191 A30 A189 A90 A3 A196 A127 A191 A46
A179 A95 A177
A34 A107 A9 A45 A105 A16 A137
