COM SLB GUY NPL PRY NLD PRY PSE CAN HTI NCL DZA NCL HTI HKG LVA HUN PAK DOM DZA NCL HTI HRV ROU SHN GRC SJM JAM PRI PNG NIC MDG SGP SGS KEN SJM NIC IRL IOT IRQ SDN SHN SGS KAZ SGS PYF MLI MCO SAU EST ESH EST SAU REU CZE DEU CZE REU SGP CCK PNG PRY PNG CCK PNG PRY BIH BFA BRA MYT NER COM BWA NOR PRY BIH BEL BDI BEL BRA MYT NAM HUN MEX SHN SGS KAZ SGS HUN CAN GNB CRI BVT CCK CPV MAF MNE POL MYT ARM MYT POL PYF CRI CAF IDN MMR HMD CCK HMD GTM CRI JPN BVT CHE CCK SHN SGS MSR NIC ABW AGO MYS EGY GGY FRO PSE RUS PYF SGS KHM LIE GRD SAU EST NCL CIV GUY HMD HTI SHN CRI GTM PAK COK SHN SEN PHL SAU MCO GUF HRV LCA NOR CRI MLT SGP SAU EST GIB ETH EGY GIB ESP GIB GHA GIB ESP FSM NGA NOR LCA LKA RWA HUN GMB NGA CUB NER IRQ SDN REU CZE CYM CZE REU CAN RUS RWA LKA RWA HUN NGA NIC MDG IDN CAN IDN GNQ GNB SAU SJM NIC SJM JOR SJM NIC ALA NIC MWI MYS EGY EST NCL HTI SHN CRI PRI MMR ROU BTN CRI BWA NOR NGA BMU NGA NIC DOM PAK PSE CHE PSE FRO GGY GHA GIB ESP FSM GIN FRA GBR FLK EGY MYS ATA SDN SHN HUN NGA BMU BEN BOL BIH PRY GLP PYF SLB COM
20
COM GUM ALA NIC AUS ITA RWA DMA
CCK HMD KHM KNA LBN KOR NZL PAN AFG
GLP CIV
EST GIB
COK HTI CAN
HTI MLI
LKA PNG LUX LIE LTU CHN NPL NIU PAK PSE PRY MOZ GRC COD
GUY IDN MAC MYT SGS MTQ NRU HRV HND DZA CPV RUS
LVA COG HKG
BMU BLM BMU BHR BHS
PYF MEX POL REU SHN SDN COK CAF MMR MDA
JPN HUN ATG ABW NER
NGA DEU CYP JEY NFK BEN MAR FSM FIN DJI GMB
GMB JPN LBR
FRA GHA GEO
PRY AZE BDI
NAM IRL IRN IOT
KAZ LAO COL
GTM CXR ARE ALB ARM LKA KAZ GNQ KWT
GHA GBR GIN ESH ECU EGY GAB ESP FRA
