9c2647cde6e44cc385c8 0a53d934f24848f9bda3 f2ab71e12a0b4ca8a555 4f25aeb09138402682fa a16cd2da79714541abf7 a2e35f0c3c9143c68a9e 9a6fd45cb4d44509bce9 e5d122afc38c45dea5ae bd01ba7047cb4d04a847 8fb88a81c320403c8940 d8780223b4744b5b91e5 9b93a8a7d0b543339985 cd51464f29fe4984870b d616480638a04c3b955f c69875060dcb453ead1a e5d122afc38c45dea5ae 9a0ec8a933e541059e59 0b82efcb8c2c45aeb8a2 a8d23aa0d64b4c80a726 ca0b4771edab4289a9de 8fb88a81c320403c8940 3c323f20a75249bb9b7e 529d899e8f2545bfbc5a a22afbff48914ac888a0 8fb88a81c320403c8940 849492e2a4f04946a2c6 f2ab71e12a0b4ca8a555 06d5c776fda04040b880 934f0cae8959401e9aa3 bbd144150de64860b03c a2e35f0c3c9143c68a9e 012098d40d184746bba5 a2e35f0c3c9143c68a9e 3db131116e904db799f7 67a7e017424a4a94b871 2bcf7711ba8b49129f0c 19f204e30ad4442cb966 53afa325a7d34c438292 716e6af4ffca4576a224 df9fcc997b4f4a18b94a 7e6d763cc1df4cdcba88 8fb88a81c320403c8940 bd01ba7047cb4d04a847 e5d122afc38c45dea5ae 242983dadb1f4402a4a9 f2ab71e12a0b4ca8a555 8fb88a81c320403c8940 d616480638a04c3b955f 8fb88a81c320403c8940 8ae0afe573b34065b929 211ddbbf614a47428f13 f2ab71e12a0b4ca8a555 644cf1c01a4740578444 f2ab71e12a0b4ca8a555 3db131116e904db799f7 42e3ccb6ddd54a0aa3cb 8fb88a81c320403c8940 845bea1cad81493ea425 4c8b2bb0f24f4375a715 7823e79686964ea6a4cc 8fb88a81c320403c8940 4f6bd13f81714bdb882b 8fb88a81c320403c8940 fab56f22f8684dd18893 8fb88a81c320403c8940 d8a94f0302fe46df820e 3e010983b03e4fcd9e0f f4a1ab9d71dc4c2c880c 8fb88a81c320403c8940 7e0770b0df094f329117 8fb88a81c320403c8940 09b94d1b44c348ceadb9 2b0e5d986b0a4f1cb926 a2e35f0c3c9143c68a9e f74897e94729433fa22f e6237b02869349c2bcc8 8fb88a81c320403c8940 a581f1b5cd374bd0ba96 a2e35f0c3c9143c68a9e 3574209d67b74478ae2e e5d122afc38c45dea5ae 54de46f8d4f647d1baa7 babcd00b2c484c36bc48 e5d122afc38c45dea5ae 9a0ec8a933e541059e59 fc38d8b64f88401c97fd ca0b4771edab4289a9de 8563fff9bc9b483e839f 8a66a2d4fdf74f2e9b0e 2746836e92824d2bb044 2bcf7711ba8b49129f0c dbfc82377b8f4429bc5e b927c43e198546078ea6 e5d122afc38c45dea5ae 3e010983b03e4fcd9e0f 4b0552fc8849432cb855 2bcf7711ba8b49129f0c 67a7e017424a4a94b871 9c2647cde6e44cc385c8 2bcf7711ba8b49129f0c 072f6cb2b13c4dba9ed8 f2ab71e12a0b4ca8a555 00dd89601f03490d8809 3ab839e5a91246f58aa6 8fb88a81c320403c8940 35b87b961a62477c9874 8fb88a81c320403c8940 644cf1c01a4740578444 1e0fece7be3f41c786cb 12a170c171ef44d4b662 0753fe21061c4e058dad f2ab71e12a0b4ca8a555 2783e022fae94929bf16 b590c18164cf4e94bf14 6cdca42ad550495aa84f a93ad0e2cf094eb9b1f3 fb99bf17106441ce9e47 934f0cae8959401e9aa3 8563fff9bc9b483e839f 0a53d934f24848f9bda3 749b651af1d040659e8f 8fb88a81c320403c8940 d8780223b4744b5b91e5 8fb88a81c320403c8940 a22afbff48914ac888a0 19f204e30ad4442cb966 8fb88a81c320403c8940 7de7910c524e4920822e e0d1e21ff6cc4d64aff7 8fb88a81c320403c8940 0753fe21061c4e058dad 8fb88a81c320403c8940 849492e2a4f04946a2c6 8fb88a81c320403c8940 d8780223b4744b5b91e5 a8d23aa0d64b4c80a726 09b94d1b44c348ceadb9 f2ab71e12a0b4ca8a555 2783e022fae94929bf16 5a3b69fa8cfb4982a27c 2ca31ea1efaa4d6c8d67 8fb88a81c320403c8940 a16cd2da79714541abf7 934f0cae8959401e9aa3 da158d239b1d47a9b845 9070eab74d144b2d9fe3 404713e80e9740c9b7cd df9fcc997b4f4a18b94a 9c2647cde6e44cc385c8
23
9c2647cde6e44cc385c8 c15cfb41ef824fd2a1c0
d8a94f0302fe46df820e 85ec82d3a96e4436a5a2 ec162ad32a614344923a 82654fedf62042cb92dc babcd00b2c484c36bc48 b47b7b94e7d74f398b8f 44c8674ccef1477b965f 5fd6476364e640bea476 ca0b4771edab4289a9de bbd144150de64860b03c
7e0770b0df094f329117 529d899e8f2545bfbc5a 19f204e30ad4442cb966 0f214fa889a6406e8826
1e0fece7be3f41c786cb b96177c96ab740b3965b 934f0cae8959401e9aa3
749b651af1d040659e8f 9b9da0cbe5514fabb1ae 26a1d084007f489fba55 87788962cd304b248baf e5a9ca3b130945588284
d8780223b4744b5b91e5 eff3a759e4134e70a252 910d00572d9d42cebb4a 5a3b69fa8cfb4982a27c 884e85a591684c7ebc61 d8316f23d67e43ccb5e7 884523a7277b40f4972f
bd01ba7047cb4d04a847 a2e35f0c3c9143c68a9e 00dd89601f03490d8809
9a6fd45cb4d44509bce9 74bfaa171ba342fc9e58 e5d122afc38c45dea5ae f47cbc59a0584307a0f1 cd51464f29fe4984870b c69875060dcb453ead1a fa1e4bc6ddcc462f984f
3db131116e904db799f7 e05275dbed2540ddb1d0 e0d1e21ff6cc4d64aff7 242983dadb1f4402a4a9
4f6bd13f81714bdb882b af0a537d56ff42a99a0a bb5eae787bbc407b98a6 a581f1b5cd374bd0ba96 664988394a5f48d79e79 211ddbbf614a47428f13 2783e022fae94929bf16 df9c93ed7a63447389dd
2746836e92824d2bb044 54de46f8d4f647d1baa7 f74897e94729433fa22f
d616480638a04c3b955f 06635824d9b841f7b41e 53afa325a7d34c438292 3574209d67b74478ae2e ce2f0e6b8eb94a748c7d 7e0770b0df094f329117
0b82efcb8c2c45aeb8a2 12a170c171ef44d4b662 fab56f22f8684dd18893
012098d40d184746bba5 d5bccd7804014eca8c6c 09b94d1b44c348ceadb9 a0f6a505c8184e86afc9 e6237b02869349c2bcc8
e0d1e21ff6cc4d64aff7 b3a599b5126842e1bf24 9b93a8a7d0b543339985 dee15252c0e54b84beaf 849492e2a4f04946a2c6 5dc9f852f2454533879f c947a496d2b34bb89bb9 5215b0f0bd724c5cb095 dbfc82377b8f4429bc5e 0753fe21061c4e058dad 8e02573f1324425c9311 d484483c58914446843f
0753fe21061c4e058dad b3931f6d1087486cb913
ca0b4771edab4289a9de 2bcf7711ba8b49129f0c
849492e2a4f04946a2c6 8fb88a81c320403c8940
06d5c776fda04040b880 bd01ba7047cb4d04a847 cfa4f7b46ab548c1a67a b927c43e198546078ea6 5b7e4d089e434c6a9293 76432c67ac2d44b384c1
404713e80e9740c9b7cd e74a97c92dba4d8ea2d5 1a4c9d2bea59474aa118
a16cd2da79714541abf7 42f0effdbad6403aad72 1c62a698c79e460eb5ff d4f8d48cee014966a5b7 7a1df78f40b245bfbb97 42e3ccb6ddd54a0aa3cb e3726a85ffc34b1282cf 2b0e5d986b0a4f1cb926 0a53d934f24848f9bda3 4c8b2bb0f24f4375a715 d8780223b4744b5b91e5 404713e80e9740c9b7cd df9fcc997b4f4a18b94a
09b94d1b44c348ceadb9 8a66a2d4fdf74f2e9b0e a22afbff48914ac888a0
6cdca42ad550495aa84f 5b3dce289f444b0aa162 fc38d8b64f88401c97fd 205f1eddbda0478aada6 b42e69fcc93540ff9100 ef84408a20334d7d9940 c7ef0821b71641f390ee 9a6fd45cb4d44509bce9 33edfebd58804049be59 e87b98454fe24297b210
