Soda 1 102 1 174 Soda 44 23 197 119 194 1 197 122 4 175 110 93 132 120 2 134 9 146 165 0 181 49 0 126 186 117 0 171 0 35 190 1 80 0 109 113 143 193 1 162 136 27 14 132 57 53 48 196 120 7 Soda 144 71 101 180 Soda 193 41 73 90 0 11 0 26 125 92 8 35 106 1 118 Soda 190 Soda 61 63 147 189 Soda 10 134 89 106 3 179 190 12 0 191 36 34 197 113 33 4 53 0 173 2 60 1 72 37 179 92 10 186 73 138 9 0 77 159 0 14 84 151 153 93 Soda 130 147 4 114 29 135 1 Soda
23
Soda 167 198
89 118 102 132 170 107 122 178 179 115 182
36 180 176 138 177 108
35 101 157 190
193 129 187 120 116
114 194 152 173 148
159 133 121 171
186 127
191 105 104 150 113
109 188 149
102 159 197
63 112 172 142 195 155 168 162 135 186
135 165 158 131 160
44 124 183 169 134 143
12 189 175 137
53 109 136 145 103 140 126 184 141 139 174 151 119
84 106 144 161 185 130 166 128 111 146 192 147 193
11 181 117 114
101 191 196 99
92 156 164
147 153 123 125
190 110
33 154 163 100
