Soda 42 188 106 2 15 54 74 43 40 168 100 130 181 25 35 44 189 85 Soda 31 33 116 113 196 179 44 199 Soda 123 47 108 192 194 157 Soda 170 189 23 128 65 19 92 49 175 3 120 48 72 Soda 153 Soda 23 125 27 Soda 66 83 186 183 141 2 76 64 36 64 Soda 181 Soda 172 151 48 92 11 Soda 14 162 4 147 113 Soda 48 167 70 181 Soda 64 192 100 3 66 Soda 47 179 17 135 Soda 190 104 93 38 Soda 101 11 181 3 198 24 104 190 23 159 60 30 57 2 108 11 155 99 3 180 Soda
20
47 59
130 13 6 12 18 14 19 81 40 38 21 27 50 23 69 71 68 86
198 78 64 29 54 47 94 39 37 72 8 35 101 53 62
108 22 77 16 70
104 85 99
194 5 82 32 79 26 76 75 96 66 56
66 43 84 87 61 55
64 52 33 49 73
155 28
125 91 93 4 41 48 97 25
33 63 88
175 44 83 9
151 34
43 80 58 24 100 30 45
123 57 89 92
49 31 7 65 2 98
199 95
92 10 17 51 11 15 67 42 46 60 74
179 3 20
120 36 90
