Rhode Campbell Residence East Madison Lewis Giauque Indianapolis California Topeka Wickson Recreational Salt Tan Simon Northwest Hargrove Lansing Evans Bechtel Columbia Mathematical Dwinelle Jackson Campanile Hartford Boalt CNMAT Grinnell Dover Columbia Alabama New Stern Northwest University Bismarck Frank Life Boston Observatory Kroeber Berkeley Dover Berkeley Idaho Wickson Connecticut Richmond Giannini Optometry Indianapolis Soda Dover Cheyenne BART Boise Optometry Oregon Eshleman Morrison University Giauque Mulford Concord Topeka Martinez Banway Hawaii Senior New Illinois Wyoming Witter Des Warren Hearst Albany Witter Lower Tallahassee Bechtel Colorado Bancroft Optometry Soda Michigan Valley Pennsylvania Cheyenne Wheeler New Jefferson Minnesota Bechtel Carson Boalt Oklahoma Doe East Rhode
30
Rhode Rhode Little
Indianapolis Trenton Maxwell
Salt Stadium Lower Moses West Sproul Grinnell Santa
Concord Brain Nashville Blackwell
Topeka Boalt Salt Cheyenne Oregon McLaughlin Providence
Tallahassee Florida
Grinnell Birge
Lower Columbus Jefferson
Cheyenne Edwards Kentucky
Boalt Barrows Richmond Mississippi
Albany East Tang Mathematical Montana
Simon Hartford Madison Mulford Hearst CNMAT
Pennsylvania Lansing Topeka
California Jacobs Insectary Simon Columbia
Boise Maryland Morrison Baton Donner
East Springer
Alabama BART Chou Olympia Montgomery Haste Observatory Cory Simpson Chvez Foothill Bancroft Life
Columbia Etcheverry McEnerney Minnesota Michigan Energy Martin Moffitt Bowles Austin Durant Durham Harrisburg
Bechtel Campanile Cleary
Senior LeConte Nevada Annapolis
Lewis Valley
Hawaii Wisconsin International
Dover Heating Concord Warren
Campbell Clark
Frank Police
Richmond Hellman Berkeley Krutch Illinois
Colorado Pennsylvania Tennessee Silver University
Eshleman Hawaii
Hargrove Jones Class
Giannini Hargrove Utah Hertz
