YuhuaEast BedokNorth JurongPort BedokNorth Yunnan Sentosa BukitBatokEast PayaLebarEast Sentosa MonksHill Woodleigh SerangoonCentral BedokNorth Hillcrest Moulmein ChangiWest Queensway MountEmily Redhill HollandDrive Crawford Sentosa PulauPunggolTimor Anson SembawangCentral TamanJurong Woodleigh BukitTimah ReservoirView Port MountEmily Punggol BedokNorth YioChuKangEast ChangiWest ReservoirView SwissClub DairyFarm Aljunied Tanglin Sentosa TanjongIrau Sentosa SenokoNorth Sentosa Commonwealth Sentosa SerangoonNorth Woodleigh LowerSeletar PotongPasir Plab Khatib Redhill Geylang Cairnhill BenoiSector PearlsHill TampinesWest Sentosa SembawangEast Khatib BedokNorth ClarkeQuay Woodleigh Marymount PulauPunggolBarat OneTreeHill Woodleigh SenokoSouth Woodleigh BoonLayPlace SungeiKadut PasirPanjang2 SungeiKadut Khatib HougangCentral Changi Geylang UpperPayaLebar TiongBahru BedokNorth Kembangan Woodleigh HongKahNorth CliffordPier Marymount Sentosa SouthernIslands Paterson Sentosa Sengkang Sentosa SimpangSouth Sentosa Sennett TagoreSindo SenokoSouth DairyFarm Geylang Changi KianTeck Brickworks Kranji Sentosa TamanJurong MandaiWest Geylang Shipyard Sentosa CityHall Sentosa YioChuKang PearlsHill Matilda Sentosa TanglinHalt BoonLay Woodleigh ClementiWest BoonLayPlace DefuIndustrialPark ClementiCentral WestCoast Woodleigh LowerSeletar PotongPasir SungeiKadut Geylang PearlsHill Sentosa UluPandan SerangoonGarden KeatHong BedokNorth ChinaSquare Sentosa ShangriLa MountEmily MandaiWest SingaporeRiver TamanJurong PearlsHill Sentosa JurongWestCentral SenokoSouth Anson PearlsHill YuhuaEast
22
YuhuaEast JooSengPayaLebar BedokNorth SerangoonCentral SerangoonNorth SungeiKadut HongKah
DairyFarm Trafalgar UpperThomson ChangiPoint PearlsHill HougangCentral Sentosa YioChuKang PulauPunggolTimor EastCoast OrangeGrove
MonksHill TampinesNorth CityHall Matilda BedokSouth SembawangStraits PasirRisDrive Paterson BenoiSector PeoplesPark Moulmein
Commonwealth RochorCanal SembawangHills UluPandan ClementiNorth MandaiEast Saujana OneNorth DhobyGhaut Sembawang DefuIndustrialPark
BoonLayPlace JurongPort PayaLebarEast PasirRis
TamanJurong Shipyard SingaporeRiver TagoreSindo
ReservoirView Punggol BoatQuay PangSua
Cairnhill KeatHong Commonwealth BukitBatokWest Mountbatten Museum TuasNorthPioneer
SenokoNorth InstitutionHill PunggolField SouthernIslands
Crawford Serangoon ChangiWest
ShangriLa Khatib Aljunied
SerangoonGarden BukitBatokSouth TuasPromenade Northland
TampinesWest Chatsworth
Hillcrest Sennett Tampines
OneTreeHill LowerSeletar TiongBahru Kembangan TohGuan
SembawangEast IstanaNegara
ChinaSquare TelokBlangahRise EvertonPark SimpangNorth PeiChun ChoaChuKang TuasBay
SerangoonNorth Tanglin
HougangCentral Port AngMoKioTownCentre GeylangEast
PasirPanjang2 Mandai YioChuKangEast KentRidge AlexandraNorth Cairnhill PasirRisPark OneTreeHill
ClementiWest ReservoirView WoodlandsWest ChinaSquare BayfrontSubzone Geylang HongKahNorth Brickworks SerangoonGarden DairyFarm BoonLayPlace JurongWestCentral
PulauPunggolBarat KebunBahru SungeiRoad WaterwayEast
