139 18 11 106 153 112 120 50 6 4 84 4 6 191 24 95 182 45 152 136 111 17 70 17 111 120 92 187 17 64 184 9 66 197 44 175 21 30 10 80 27 125 169 114 140 181 27 183 170 7 60 159 57 39 55 37 109 95 161 44 41 112 113 21 139 198 200 167 107 33 67 80 184 45 144 30 111 153 2 161 9 164 64 17 200 167 41 22 125 176 157 83 5 158 85 139 173 48 154 119 158 105 53 138 24 14 195 30 21 196 125 42 124 42 149 3 104 146 23 146 119 89 1 110 53 105 84 4 34 28 57 70 113 70 17 168 105 127 68 38 2 72 196 21 54 140 19 156 58 90 114 140 148 32 47 76 37 87 64 151 24 138 53 105 168 88 66 90 128 81 65 49 84 9 66 104 138 38 68 38 97 25 36 17 3 96 27 100 4 21 78 9 53 181 53 138 170 196 85 158 36 158 106 67 33 170 141 191 6 4 104 146 12 43 64 28 34 171 34 173 113 189 183 20 187 129 10 37 5 54 21 54 194 47 40 20 179 126 154 194 180 83 157 179 155 161 130 123 20 67 82 90 58 139
28
139 58 21 30
197 32
148 113 112 119 146 123 39 156 186 95 152 96
157 8 138
158 11 14 72
149 108
78 43 57 142 37 109 79 89 158
187 84 27 144 7 182
24 16
33 191 128
170 65 106 69 130 67 157
44 172 161 44 101
173 77 153
113 9
123 47 78
129 81 145 22 173 48 26 125 85 75 33 60 104
30 198 2
112 41
168 131
125 18 15 98 188 23 134
37 5 176
53 187 31 141 118 111 82 35
76 25 147 184 165
17 127 91 74 189
66 64
64 114 122 178 1
90 105 13
97 71 148
