F8 C3 N3 J5 R7 B3 A8 C6 T1 H8 N2 A3 L2 A3 B2 S0 D2 I3 M1 A0 E1 K8 D6 K3 D6 T0 M8 G6 N1 A7 R4 M3 F3 R1 K0 L2 T6 B0 F1 C1 R5 T7 J1 R4 A7 Q4 I1 F1 Q0 N2 O9 B7 L7 G1 L7 C7 J8 E9 Q1 E2 B8 O6 L2 E9 C2 O4 N2 K3 P8 H9 T1 H8 N2 O9 I0 C0 G8 M4 Q7 A7 Q9 R2 M8 E3 B7 T6 C9 H6 C9 D0 A1 A5 T9 H7 T9 L4 C8 F4 E6 G1 K7 O4 T1 O7 Q3 P1 H8 L7 R3 G0 E0 O3 T5 M9 G9 R4 N0 R9 S6 K9 J5 E4 D9 K9 K5 J7 E5 J7 P3 B6 G0 D1 D7 R0 B2 A3 O4 A3 F2 G3 D8 G9 H2 A3 O4 K7 A1 C7 O9 L2 A3 N2 L8 A2 O8 O1 J2 I0 J2 T5 R7 C9 O0 J9 K3 H4 B2 T7 C7 G9 G0 I7 S1 E4 F7 A9 L2 T6 B0 D5 E8 D4 K4 H4 H1 N2 A3 I5 B8 J1 T7 B2 R0 M3 J0 F8 H6 H2 A2 R3 O3 A4 J0 L7 H8 D3 G2 A8 T9 M3 F3 H9 L8 B0 T9 H3 I6 B4 I4 B3 F6 I6 N5 E6 A4 R5 A4 J0 F8
25
N2 H3 Q3 T5 A1
I6 M5 C3
F8 F1 M0 J2 I2 B2 K1 A8 G9
M3 E2
L7 I3 P9 K6
Q0 Q8 F9 O3 P2 N8 A0 H2
C9 B4 E4 B3 L6
T1 N4 S0 I0 D7 P5 B0
A9 E8
J5 S7 A9 I4 S8
E8 P6 T8 S5 N7
C7 T9 C4
G8 Q7 G1 I6 H0 I8 R9 R4 G4 K5 H1 J0 E7 D4 C1 R6
E2 H4
P3 M6 D9 C0 F2 D5
T7 N1 F6
O1 O1 G0 N6 D3 G6
I7 C2 S2 E5
A8 O5
N5 L9 R8
G1 R0 J1 E3 C8 T1 D8
O4 T0 A3 Q0
M9 N0
K3 Q5 I9 H6 H5
H4 O2 P7 K3 N2 A2 S9
