Monroe Danbury Champaign Baltimore Boise Lancaster Indianapolis Atlantic Akron Independence Brownsville Athens Kailua Asheville Fullerton Danbury Myrtle Abilene Jackson Chicago Kenosha Monterey Kennewick Modesto Seven Frederick Athens Huntington Athens Champaign Julian Cathedral Athens Laredo Athens Cleveland Vegas Brownsville Athens Fayetteville Aberdeen Jackson Appleton McAllen Asheville Daly Danbury Indianapolis Columbia Collins Evansville Hagerstown Lauderdale Julian Danbury Moreno Milwaukee Danbury Hayward Chula Athens Fresno Athens Five Danbury Bethlehem LA Hagerstown Fairfield Hagerstown Lancaster Hagerstown Fairfield Danbury Kennewick Asheville Jefferson Leominster Naperville Danbury Boulder Danbury Hemet Fargo CSprings Joliet Johnson Clarke Chicago Julian Danbury Kissimmee Hagerstown Downey Three Downey Hagerstown Honolulu LA Five Gastonia Abilene Jackson Davidson Collins CSprings Marysville CSprings Canton Amarillo Five Jackson Five Aurora Athens Charlotte Athens Gainesville Five Daytona Danbury Fairfield Danbury Atlanta Danbury Miami Hagerstown Houston Louisville Danbury Erie Akron Vegas Naples Gainesville Five ElkGrove Five Irvine Ten Five Memphis Jackson Fayetteville Athens Brownsville Marina Minneapolis Evansville Danbury Monroe
21
Monroe Monroe Hesperia Kissimmee
Naperville Naples Cary Lowell Manchester Lakeland
Naples Lafayette Huntington
Boise Prairie Detroit Gilbert Irving
Bethlehem Denton Elizabeth Elkhart Dallas
Laredo Merced Abilene Hartford Lewisville Gainesville
Johnson Glendale Hialeah Huntsville Carrollton Melbourne Killeen Ten Baltimore Dayton Bridgeport Clarke Amarillo Kennewick Birmingham Apple Rapids Arlington Viejo Johnson
Three Anchorage
Kailua Boise Modesto Hagerstown Fairfield Bradenton
Daytona Allentown Asheville Corpus Laredo Lacey Three Julian Vista
Brownsville Daytona Four
Amarillo Kenosha Lancaster
Kennewick Mesquite Hampton
Minneapolis Layton Bedford Mobile
Irvine Akron Seven Boulder Anaheim Jacksonville Greensboro Austin Brownsville Miami Montgomery Cambridge Kailua Aberdeen Hayward Mesa
Milwaukee Monterey Canton
Marina Denver Fayetteville
Champaign Havre
Atlanta Charleston Muskegon Davidson
Asheville Clarksville Burlington Leominster
Julian Antioch Baton Bethlehem Athens Hickory Erie Albany Chesapeake Cleveland
