DK BZ AB EW EQ FE HB GP FY ER AC AZ ES AV GC GZ AB BL AB AC FZ EE AF HB EE HG CH AD BE EM CR AA AY DX DJ CK DS FH DS EH CT GI BP AB EO AB DH AB FJ AB FM AA FI AA CX FT AA DK EU AE HG AB GU GO FB AA DZ AA FY AZ AA DB AE HJ AB DK BP AE EK ES AA FL FP CY AR AA FK AA BF BM AD EU AC EA AC BO AC GG AF GH DG HE EP AD BD FS FF AL AO FN EI AB EO AC DW BZ AB BT EW AE BA DJ CK DU AF AD BI DY AB CS AB DK
23
DH FP DI DM
DK CW HJ CI
BF FA HF EW CS FZ
FH FB EQ CK
GP EL DF
FB DP FW GT AY HE BZ BF
CR CA HC CU CG
BO AU EP GB
BZ AM
EO GN AB FT DX FN FH BL GZ GV
FK DZ DO BR DE EO ED ES
GZ BI CE FG GY ET EA BV HD CC CY BH AG GG
FZ CD BM
CY CM GX AZ
AF AN AO CR BC
ER EM DD DN EN EF CP FD AA AK
GU EY GR DL CT
CS HI HB AV
CK AT DT EB
GO BE
HG BP
EE CX
EM DB DU BW
