Soda MemorialGladeandPool VisitorCenter RSF BirgeHall FoundersRock Novato Cory Insectary BowlesHall SimpsonCenter UniversityHall Sonoma Classof1914Fountain AmericanCanyon HargroveMusicLibrary Sonoma BlackwellHall Belmont HearstFieldAnnex UniversityHall BarrowLane StanleyHall FrankSchlessingerWay BarrowLane ElCerrito SanRafael FrankSchlessingerWay BarrowsHall LevineFrickeField Fairfield GrinnellNaturalArea KleebergerFieldHouse IshiCourt StanleyHall Napa LevineFrickeField McLaughlinHall EshlemanHall HildebrandHall Pittsburg SatherGate Gilroy Berkeley GianniniHall OBrienHall LewisHall WomenFacultyClub Larkspur Fairfield SanRamon WheelerHall LeConteHall BirgeHall Hayward ResidenceHalls SternHall Fairfield MartinezCommons EyeCenter SatherRd OldArtGallery Hayward BerkeleyWayWest SproulPlaza FosterCity WellmanHall SanRamon FoundersRock BoaltHall Soda
18
Soda WicksonNaturalArea Pacifica ClarkKerrCampus AnthonyHall Fairfield GoldmanField WheelerHall Alameda MartinezCommons
Classof1914Fountain KleebergerFieldHouse StHelena BlumHall
Belmont SatherTower MulfordHall
FoundersRock Orinda
GianniniHall EastGate
LevineFrickeField Healdsburg SanRafael GilmanHall
HargroveMusicLibrary Benicia
SatherRd Campanile
McLaughlinHall Insectary WellmanHall
UniversityHall Saratoga ZellerbachHall Pittsburg GiauqueHall DonnerLab ZellerbachPlayhouse HearstGreekTheatre Piedmont Unit1 WestGate Pinole LewisHall Oakley PimentelHall
FrankSchlessingerWay Brisbane EtcheverryHall Belmont SternHall KroeberHall HargroveMusicLibrary SanPablo StadiumRimWay
Cory Emeryville
MemorialGladeandPool Cory
WomenFacultyClub ChouHall BarkerHall MinorHallAddition WestCircle SproulPlaza HearstMiningCircle LowerSproulPlaza
BarrowLane WomenFacultyClub NorthGateHall ClearyHall
StanleyHall IshiCourt Hillsborough Unit3 WursterHall
SanRamon Hayward CalvinLaboratory FrankSchlessingerWay BancroftLibrary
ElCerrito FoundersRock SanRamon HertzHall Albany EvansHall
