a b an ey bp c n b ev el a da a av ah bv bp bm a gj di ae dt b gd a cd b bs bd a s gp by am a fr ff fn c fl gb a al a ee ce ew dj dg c et fi ad cj w i fs gd q j a cd a dn a co eo fh ej a cj d dy eu n fe az fj dq cl gr bl b cm cg a bt bs b fn ax ep fx ga cm cc b ex ce ca fw a cn a cf bx fj fc ah b fz bh a er du fd b ga fk gf ai ff fd b dr fe am bb em c a
21
a a ah aj ch ex bl aw by dj
gb gb h en bb df
ey er
bl t br fr fu
fe ck
ff gn cq ey fh b dx
dr ev e cd cl cv gm fa de fv j o
du em an ar fy ak aa fl bz
fn fg gp ap m dg y ga u dn dt do
ca al cb
s fb ep dv
fw ab
dq fs eu bf
w eq ea w p bm ff
ce bv bd du et cs ew gl az cu
az fn k ci
n bc gh ed fd
cn fz
j ae dm ag dq
co ct bi ee eg
da cp l c ec
