Fizz NaturesProphet Morgana Rubick Kindred TreantProtector Silencer Doom Heimerdinger Shen Kindred BountyHunter Zeus Vayne Trundle Kindred Venomancer Karma Huskar OutworldDevourer Zed Tryndamere DrMundo Brewmaster CrystalMaiden Leshrac Terrorblade AncientApparition Malphite Morphling Vi SpiritBreaker Terrorblade Puck Urgot Aatrox Poppy Maokai Brand Kindred Thresh Tidehunter Xerath MasterYi JarvanIV Medusa Irelia Kindred Lulu Kindred Gragas Nunu Alchemist Thresh Poppy Kindred Elise Swain Visage BountyHunter Cassiopeia Doom Urgot Zed Doom Medusa Malzahar AncientApparition Singed Swain Alistar Kindred NightStalker Io ArcWarden Kindred Nasus Medusa Gyrocopter Aatrox Fizz Sona Trundle Bloodseeker ShadowFiend Kindred Zed Kindred Invoker Yorick BountyHunter Lina Invoker Volibear Fiora Zeus Kindred Kayn ArcWarden Sven Rumble Lucian Fizz
21
Fizz Fizz Rubick Oracle
Zed Tiny
Kayn Puck Katarina Fiddlesticks Nidalee Medusa Huskar
BountyHunter Talon Jinx VelKoz
TreantProtector TrollWarlord
Gyrocopter Pantheon
Bloodseeker Viktor Orianna Warlock Lucian Rengar Nunu Bane Ekko LeBlanc Kassadin Ziggs
Poppy Sven Syndra DeathProphet Sona NightStalker
SpiritBreaker Brewmaster Sniper Techies WinterWyvern Magnus SpiritBreaker Chen Trundle Gragas
Fiora Undying Vladimir
OutworldDevourer Terrorblade Timbersaw Quinn Nasus Amumu ShadowFiend Slark Irelia
Thresh Vi Leona Heimerdinger Kennen
Silencer Rumble Xayah Annie Weaver Kled Kayn Zilean Mirana TahmKench JarvanIV
Shen ShadowDemon FacelessVoid Thresh
Karma Visage LoneDruid
Invoker Karma Zed KhaZix Slardar Azir
Yorick Venomancer Cassiopeia Singed Yorick Morphling Jayce Ryze CentaurWarrunner
Volibear ShadowShaman Omniknight BountyHunter
AncientApparition Janna
Trundle Tristana
Lina StormSpirit Beastmaster
