0 7 8 10 11 12 13 14 15 16 99 83 82 83 98 83 99 16 15 14 13 12 11 12 28 12 13 14 13 12 28 30 31 40 31 30 29 34 38 75 95 75 38 34 29 28 12 11 71 68 64 60 51 60 61 65 69 73 12 13 14 15 16 99 80 88 94 89 94 88 80 43 91 46 47 14 13 12 11 10 8 74 8 10 11 12 73 69 73 12 28 29 35 39 37 84 37 39 35 29 28 27 28 29 35 39 37 39 35 29 30 31 14 13 12 11 10 9 10 11 12 13 14 17 18 19 20 19 18 17 14 47 46 47 14 31 30 29 28 12 11 71 68 64 60 61 65 69 73 12 13 14 15 16 99 83 99 79 81 41 33 36 35 39 37 39 35 29 28 12 73 69 65 70 65 69 73 12 13 14 47 48 49 50 93 89 93 50 49 48 47 14 13 12 11 10 8 7 0 2 3 4 3 2 0 7 8 74 66 62 58 56 52 55 52 56 58 62 66 74 8 7 0 2 3 2 0 7 8 10 11 12 13 14 47 45 47 14 13 12 11 71 68 64 60 61 65 69 73 12 30 31 30 12 73 69 65 61 65 69 73 12 13 14 47 46 47 14 31 14 47 48 49 50 93 89 93 50 49 48 47 14 13 12 73 69 65 70 65 61 60 64 68 71 11 12 13 14 31 30 29 35 39 37 39 35 29 30 32 30 28 27 28 29 34 38 75 95 96 97 98 83 99 80 43 44 90 44 43 80 99 83 98 97 96 95 75 38 34 29 28 26 10 72 10 11 12 13 14 15 16 99 83 99 16 15 14 13 12 11 10 9 24 23 24 9 10 11 12 13 14 15 16 15 14 31 32 31 14 47 48 49 92 90 44 43 91 46 47 14 31 30 12 73 69 65 69 73 12 13 14 15 16 99 85 99 16 15 14 13 12 11 10 72 67 63 59 57 51 60 64 68 71 11 10 8 7 25 7 8 74 66 74 8 74 66 62 58 56 52 55 52 56 58 62 66 74 8 10 11 10 8 74 66 62 66 74 8 10 11 71 68 64 68 71 11 12 30 33 41 81 41 33 30 12 11 10 72 10 11 12 73 69 65 69 73 12 11 10 8 7 0 7 8 10 72 10 9 24 23 0 2 3 4 3 2 0 7 8 10 8 7 8 10 26 28 26 10 8 7 0
23
0 0 1 23 24 21 22
10 10 11 26 8 74 7
62 62 66 56 52 58 55
69 69 73 12 65 61 70
83 83 82 87
7 9 25
60 64 60 68 51 59 57
12 40 76
31 32 31
28 27 77
72 72 63 67
14 46 47 15 16 14 45 78 18 19 17 20
4 3 4 5 6 2
81 79
71 71
89 90 92 49 94 88 89 93 50 48
32 13 34 30 29 33 36 81 41
37 35 39 37 28 84
55 53 54
45 86 85 42
38 75 38
95 98 97 96 95
44 44 43 91 80 99
