6 3 5 3 1 3 6 11 18 11 6 1 6 11 24 20 23 20 24 11 16 11 24 27 24 30 35 30 24 25 24 11 17 11 24 30 42 40 49 40 42 30 36 30 39 30 24 11 10 19 10 11 24 30 42 55 51 55 42 30 35 30 42 47 48 40 42 55 58 55 42 45 42 55 51 55 67 60 64 65 63 69 67 55 42 44 42 55 67 73 67 61 67 73 80 73 78 73 67 73 80 81 80 96 90 96 80 73 70 73 80 96 93 90 91 90 91 96 103 100 107 100 106 105 103 111 117 111 103 96 103 111 124 125 124 111 116 110 116 111 103 109 103 111 124 125 123 129 120 121 120 124 133 130 136 130 139 130 131 134 133 143 141 142 140 143 140 143 158 150 157 152 150 158 143 145 143 158 168 162 168 172 170 174 172 170 174 172 189 183 185 188 183 189 199 190 197 190 195 190 198 199 6 0 6
28
51 51 50
27 23
80 87 88 85
130 134
48 41 40 59 57 46 48
188 187
19 10 18 15
67 63 62 69 65 60 74 79 75 81
36 36 38 39
39 31
123 126
168 164 166 163
136 130 132 137 139
150 167
157 150 152 157 153
141 148 149 144 145 146
93 90 98 97
124 128 125 129 120
170 170 176 179 178 177
5 8 0 7 4 1
106 109
17 19 14
91 95
6 196 194 191 198 190
183 185 181 182 186
35 20 26 21
78 77 78
96 101 105 107 106 115 114 112 113 118
