5 179 178 179 5 0 5 11 17 23 17 11 5 179 5 11 7 11 17 13 17 23 17 11 17 16 17 23 29 35 33 32 31 35 29 23 20 23 17 12 16 15 17 23 29 28 29 23 21 23 29 24 29 35 34 35 41 47 46 47 41 40 41 35 34 35 29 35 30 35 41 38 41 35 41 47 53 59 53 47 42 47 53 50 53 47 43 47 41 47 53 59 53 49 53 59 57 58 59 53 47 53 59 65 60 65 71 66 71 65 60 61 62 65 62 65 71 77 74 77 71 68 71 77 74 77 83 79 83 77 71 68 71 77 83 80 81 82 83 80 83 77 71 77 83 78 83 89 88 84 89 95 90 95 101 95 90 95 101 107 103 107 101 96 100 99 101 107 101 95 101 107 105 104 107 101 107 105 107 113 119 125 131 137 143 149 155 161 167 173 179 5
18
5 1 3 2 4 0
47 52 51 48 45 46
49 49 50
12 13 12 14 15 16
33 30 31 32
11 7 10 6 9 8
96 97 96 100 99 98 106 104 103 105
79 82 81 78 79 80
77 72 76 75
90 86 87 88 91 90 94 92 93
15 22 21 19 18 20
34 39 38 40 44 43 42 36 37 34 33
29 24 27 28 26 25
105 102
59 58 57 56 55 54
84 85 84
62 61 62 60 63 64
68 68 69 66 73 70 74 67
