0 7 67 7 114 122 26 18 10 5 120 5 40 5 2 90 84 12 18 106 18 138 133 9 82 78 71 44 40 47 109 21 13 11 13 21 13 110 90 56 64 56 138 111 104 105 128 85 83 75 132 129 20 12 5 28 30 49 30 71 30 23 39 44 39 23 17 14 114 14 85 101 107 44 86 92 53 49 89 82 8 0 148 1 86 92 100 31 32 147 144 63 16 124 132 35 27 20 13 63 69 62 3 6 5 120 5 11 57 58 50 46 14 114 120 5 6 51 59 62 146 0 108 109 106 122 50 52 44 147 44 41 33 30 63 144 136 137 64 65 44 90 98 104 13 19 18 11 61 66 48 54 101 98 97 5 2 90 44 51 6 5 120 5 4 0 108 112 104 43 35 132 125 62 52 48 51 6 0 26 38 43 35 27 143 0 70 71 63 58 12 11 32 29 76 70 62 125 133 136 84 12 13 63 13 15 13 63 13 20 107 113 115 125 94 101 89 122 124 16 10 135 142 0
20
0 0
148 141 137 133 127 118 134
104 60 123
84 16 18 8 93 9 101
19 10
13 109
124 110 98
17 67 65 146
128 39 122 34 44 53 120 125 119 135 131
18 31 28 111 30
146 12 117 22 13 104 80 83 77 19 82 84 89 81 96
51 86 94 85 128 26
114 24 148 138 132 143 56 142 11 15
4 7 4 145
43 43 47
21 75 69 64 68 42 70 78 66
113 5 97 95 108 114 36 113 105 32
63 62 55
54 49 45 76 73 51 23 29 27 33
23 25 40 35
