1 156 2 121 149 3 192 86 98 31 7 37 39 150 2 4 2 76 138 4 105 4 185 87 2 156 2 140 38 163 8 89 159 3 105 3 22 2 65 47 2 87 8 6 30 9 186 4 152 11 81 39 78 5 198 5 54 1 158 1 153 191 174 1 194 17 58 1 199 173 69 143 1 16 6 5 130 3 119 29 6 21 3 148 4 9 2 139 168 21 170 41 13 61 155 17 24 3 20 165 2 78 181 3 83 3 159 89 140 30 1 86 109 2 141 80 2 4 2 187 8 157 100 2 127 73 5 13 5 151 162 21 170 83 88 3 22 1 85 1 168 1 102 1 66 1 153 149 1
25
181 181 163 78 64 159 21 99 79 11 129
61 172 167 13
13 191 155 57 117 183
73 3 149 108 165 93 176 20 131 186 190 65 139 153 188 89 27 67
155 184 164
30 2 17
143 137 52 182 112
170 16 151 29 81 42 14
121 35
85 34 53
140 45 44 100
65 6 170 92 120
194 192
159 143 197 161 122 59
86 140 36 87 119
4 95
6 7 118 40
174 32 68 97
31 114 160
41 94 116 28 127 12 142
151 132 123 74 60 147
87 70 126 77 25 9
88 91 76 178
191 148
20 121 180
