187 152 34 3 119 8 12 7 156 2 128 2 37 5 40 5 57 193 3 86 169 4 181 4 171 56 162 38 4 163 5 12 123 3 104 4 181 130 3 97 5 167 5 159 2 83 7 156 136 12 171 16 57 69 117 145 4 178 7 45 7 107 9 122 15 90 16 13 19 46 79 179 65 38 1 76 3 20 8 20 4 137 3 83 2 16 35 60 35 7 170 30 1 38 5 18 185 9 42 167 5 159 180 1 167 163 80 2 35 112 98 4 149 13 47 70 4 144 123 45 2 1 0 74 0 93 4 22 6 82 3 96 6 87 164 14 177 14 129 151 127 0 54 118 5 38 4 63 111 10 41 137 36 187
23
187 134 65 80 39 15 191 154 169 111
93 133 59 128 83 126 52 30 180 45
171 142 132
164 176
152 163 89 183 48 119 78 63
83 70 36 9 152 33 7 47 82 175 54 107 148 114 13
1 184
56 8
86 160 95
87 71 72
90 90 55 161
38 120 53 164 146 181 2
193 87
159 172 6 190 165 153 117 157
35 23 124 171 92 199 69 41
127 12 196
112 97 166 150 67 68
137 140 127
5 79 44 86 156 18
178 73
41 109 173 29 162 42 136 32
65 131 110
80 94 58 108 93
