location1 location147 location91 location29 location13 location28 location98 location189 location169 location100 location130 location153 location114 location161 location138 location47 location58 location81 location58 location199 location100 location182 location1 location132 location101 location29 location118 location200 location33 location152 location116 location141 location149 location116 location99 location117 location147 location153 location5 location26 location34 location77 location81 location79 location36 location181 location171 location159 location83 location12 location176 location74 location73 location34 location197 location1 location150 location28 location32 location13 location10 location146 location113 location28 location128 location149 location95 location50 location121 location194 location98 location3 location55 location87 location46 location177 location165 location122 location61 location185 location67 location182 location125 location159 location39 location151 location122 location131 location109 location138 location189 location77 location120 location108 location28 location146 location150 location77 location65 location1
21
location1 location148 location133 location152 location175 location130 location91 location17 location178 location172 location74 location128 location136 location181 location68 location92 location90 location69 location95 location127 location140 location108 location65 location37 location196 location96
location58 location16
location61 location97 location20 location139 location149 location2 location159 location164 location161
location55 location106 location129 location185 location180
location118 location49 location123 location35 location111 location193 location44
location34 location105 location143
location138 location28
location5 location57 location10 location25
location146 location171 location82
location13 location197 location142 location87
location147 location109
location33 location146 location58 location5 location56 location107 location75 location110
location150 location30 location179 location182 location154 location169 location190 location186
location159 location93 location118 location94
location81 location116 location13 location195
location199 location165
location153 location157 location40 location177 location199 location100 location114 location32 location150 location188 location22 location26 location43 location27
location120 location85 location59
location122 location46
location189 location12 location33 location184
location98 location11 location3 location6 location158
