0 1 97 1 67 59 130 31 96 122 142 164 165 168 114 106 1 47 172 182 24 163 162 173 177 17 96 18 145 110 93 0 120 74 119 26 127 185 101 78 196 42 105 60 0 152 176 73 0 59 41 179 176 175 69 176 106 45 73 161 185 96 0 59 146 79 152 0 85 145 0 67 61 125 84 183 44 172 192 8 166 10 174 86 23 2 43 130 64 65 181 115 8 118 119 172 80 18 197 173 0 42 70 1 61 169 150 116 199 0 59 195 122 174 0
21
175 51
84 8 96 16 82 66 26
65 45 1 64 79 5 67 95 47 60
195 21 18 19 63 81 2 29 84 39 15
183 57 56 73 55 65 40 4 91
172 94 24
96 23
78 48 43 100 10 89 98 76 71 36 53
67 3 74
199 77 6 58 49 34
105 68 86 46 37 93 28 59 85 92
64 70 52 83 35 54
44 72 33 50 41
59 99 75
164 87 97 32 17 42
42 25
173 31
161 7 62 88 44 27
41 13 69 38 14 90 20 61 12 22
176 80
185 11 9 78 30
