c5 e1 p6 c8 h1 l3 q3 i2 p5 d4 h5 l8 p4 c9 i8 h8 e0 f7 r3 e9 b9 o9 h0 m2 g0 g8 c9 o8 c9 g2 p3 s5 o1 g8 h0 c0 j6 h1 a3 c9 h1 j8 o1 k9 k6 k8 b9 d1 n5 a4 e0 i5 s5 q0 g3 t8 c8 n6 l4 s1 k7 g9 l2 e2 a0 i0 n4 l3 q0 k8 r0 r4 h4 s9 i1 a8 e9 m6 b8 n9 c8 m4 e0 m6 f7 q1 c7 f2 r1 f3 g5 h2 j9 a9 b9 m9 a8 h7 o5 b1 g2 c5
25
c5 l3
q0 e5
b8 s3 t6 q1 n3 e1 a7 t1 j2
o8 q8 r4
b1 j5 s9
e9 g0
p4 f6 i5 i0
r0 h6 n4 l4
i0 h0 e2 g1 h2 i4 h3 g5 l0 n6 t8
l2 c8 o0 f3 k9 h4 c4 e0
g8 o6 s4
q1 h1 m7 t2 f2 o4 m0 a8 s2
j9 j3
f2 o8 o5 g9 k1 t5 n0
r3 c3 r1
i5 s1 l8
a8 a4 p9 g6 g3 q5
o5 k6 d5 a6 g7 r9 b3
s9 g8 j7 s7
g5 b1 t7
q3 m4 t0 g4 f5 r7
l3 a1 b5 q3 d6 o2 p0 q0 l1
h7 b7 h5 p7 t9 a0 l6
g0 e4 d4 o7
m9 i1 j6 r2
