0 174 42 89 181 27 154 195 144 119 121 77 166 199 154 158 169 54 146 133 128 70 101 39 194 190 12 58 141 19 164 49 90 179 38 133 127 120 112 61 147 166 104 25 128 56 180 89 158 105 23 0 65 54 69 53 32 22 189 31 174 196 156 177 12 146 160 198 44 27 19 49 182 144 32 1 59 36 60 61 159 24 195 192 135 193 27 29 127 48 165 125 73 40 146 185 155 84 185 5 0
23
0 93 63 177 5 39
189 7
70 183 71
104 197 167 127 125
56 151 21 11
58 199
112 155 95 67 47 69 161 187
158 101
12 179
61 129 3 45
160 131 75 13 9 81 135 87 99 17 89 165 33 105 145 91 163 157
135 185 85
22 15 19 139
69 195 61
185 193 171 137 123 31 141 65
49 55 147 113 1 77 27 41 43
154 51 29 111 97 169
77 173
89 107
54 133 79 103 181 119 189 23 159 53
38 191 109 59 49
73 149 25 83 143
195 73 117 35 115 57 153 121 37 175
