0 21 84 22 189 23 171 12 94 5 123 23 57 25 112 126 3 31 8 179 11 77 114 13 117 8 143 17 146 17 9 186 57 32 35 50 9 127 4 45 4 10 29 9 71 32 21 58 2 50 19 42 1 46 22 63 5 128 147 179 17 1 12 32 137 14 20 49 11 143 113 3 174 7 82 7 121 2 83 56 5 14 8 179 19 170 34 119 11 144 1 192 14 162 9 143 1 12 32 88 23 138 1 163 10 187 0 88 26 143 25 196 45 199 152 16 115 30 57 15 70 14 120 25 16 154 0 147 0 39 150 1 42 1 74 15 59 61 124 29 195 39 0
18
0 0
31 70 17 125 143 136 103 188 160 68 170 198 52
16 195
35 12 191 9 129 183 131 62 177 19
113 3 33 35 46
120 189 142 193 31
9 197 78 24 80 51 190 58
174 74 105
186 29 199
126 184 16
154 38
32 96
82 185
199 60 115 116 174 157 50 2
77 94 4 178 182 159 156 119 192 32 179 109
88 69 133
187 43 126 21 8 194
12 39 77 180 18 93 163 158 86
