190 1 154 112 0 62 36 45 7 142 129 96 3 179 3 40 5 152 3 35 2 131 105 2 90 2 199 2 196 1 154 1 150 8 3 4 107 4 7 28 4 26 4 155 92 0 105 0 31 10 0 193 0 32 40 78 1 104 1 40 0 162 1 151 8 3 195 23 52 7 74 73 191 186 7 141 148 75 0 44 3 161 93 69 48 0 152 1 71 1 174 12 7 131 53 2 198 0 75 10 24 1 104 185 112 197 16 187 39 7 2 90 178 68 9 62 144 0 63 134 1 122 35 158 6 68 1 112 0 38 5 169 121 126 155 61 145 2 108 162 152 47 1 43 66 0 49 1 176 190
23
190 3
141 116 146 54
161 100 141 23 185 182 152 44 1
43 99 76 55 50
39 192
152 11 114 193 101 5 29
23 176 164 106
108 165 121
112 112
96 32 149 10 117
75 66 61
104 123 156
49 111 169 133
10 102
3 52 67
131 8 38 132 163 168
129 33
155 179 95
78 69 27 118 40 129 36 162 189 56 94 71 45 177
68 181 21 22 113 172 34
52 60 137 30 166
32 46 173 104 57 188 83 195 138 139 65 109 135 153
145 136 68 92 142 62 103 108 84 2 186 93 47 198
