Loc1 Loc128 Loc55 Loc113 Loc15 Loc68 Loc151 Loc114 Loc8 Loc15 Loc81 Loc169 Loc137 Loc47 Loc77 Loc100 Loc33 Loc11 Loc84 Loc135 Loc172 Loc109 Loc172 Loc15 Loc25 Loc11 Loc112 Loc130 Loc16 Loc42 Loc50 Loc18 Loc98 Loc36 Loc13 Loc173 Loc7 Loc76 Loc182 Loc10 Loc79 Loc173 Loc7 Loc6 Loc78 Loc12 Loc38 Loc95 Loc28 Loc74 Loc8 Loc130 Loc8 Loc50 Loc103 Loc180 Loc13 Loc101 Loc89 Loc7 Loc16 Loc142 Loc151 Loc173 Loc43 Loc20 Loc87 Loc188 Loc65 Loc11 Loc2 Loc11 Loc84 Loc95 Loc117 Loc73 Loc67 Loc46 Loc54 Loc52 Loc1 Loc12 Loc63 Loc69 Loc17 Loc69 Loc137 Loc33 Loc105 Loc3 Loc8 Loc74 Loc115 Loc181 Loc3 Loc28 Loc182 Loc34 Loc18 Loc142 Loc136 Loc15 Loc20 Loc99 Loc28 Loc151 Loc84 Loc77 Loc84 Loc23 Loc84 Loc3 Loc24 Loc86 Loc115 Loc102 Loc194 Loc64 Loc21 Loc133 Loc29 Loc184 Loc87 Loc18 Loc27 Loc40 Loc17 Loc41 Loc141 Loc123 Loc172 Loc15 Loc0 Loc150 Loc0 Loc14 Loc26 Loc27 Loc56 Loc13 Loc189 Loc5 Loc12 Loc31 Loc64 Loc98 Loc38 Loc87 Loc164 Loc51 Loc152 Loc123 Loc140 Loc3 Loc4 Loc170 Loc18 Loc135 Loc30 Loc18 Loc87 Loc18 Loc142 Loc116 Loc198 Loc36 Loc55 Loc16 Loc47 Loc77 Loc168 Loc51 Loc28 Loc3 Loc69 Loc17 Loc40 Loc107 Loc54 Loc107 Loc32 Loc114 Loc166 Loc90 Loc72 Loc17 Loc48 Loc43 Loc121 Loc61 Loc64 Loc98 Loc38 Loc4 Loc142 Loc20 Loc75 Loc62 Loc28 Loc3 Loc120 Loc3 Loc28 Loc178 Loc90 Loc80 Loc49 Loc97 Loc65 Loc185 Loc89 Loc164 Loc1
24
Loc1 Loc1 Loc97 Loc172 Loc91 Loc37
Loc173 Loc199 Loc152 Loc3 Loc164 Loc135 Loc104 Loc26 Loc111
Loc26 Loc119 Loc192 Loc92
Loc130 Loc55 Loc132 Loc58 Loc44 Loc106
Loc2 Loc87 Loc157 Loc144 Loc19 Loc154 Loc12
Loc87 Loc85 Loc33 Loc196 Loc198 Loc178 Loc60 Loc186 Loc70
Loc36 Loc66 Loc82 Loc22
Loc20 Loc5 Loc59 Loc36
Loc46 Loc131
Loc18 Loc171 Loc6 Loc4 Loc175 Loc63 Loc180
Loc47 Loc115 Loc99
Loc63 Loc127 Loc76 Loc31
Loc11 Loc18 Loc98 Loc39 Loc156 Loc194 Loc166
Loc29 Loc73 Loc123 Loc153 Loc117 Loc51 Loc69 Loc113 Loc121 Loc155 Loc167 Loc38
Loc164 Loc112 Loc29
Loc182 Loc83 Loc177 Loc187 Loc160 Loc150 Loc13 Loc188 Loc161 Loc89
Loc142 Loc145 Loc15
Loc28 Loc130 Loc122 Loc68 Loc169 Loc8
Loc95 Loc62
Loc140 Loc72
Loc181 Loc114
Loc184 Loc102 Loc64
Loc133 Loc45
Loc17 Loc126 Loc28 Loc183 Loc128 Loc50 Loc110
