114 4 30 5 141 0 73 6 167 199 15 5 37 13 32 9 135 0 147 5 106 131 4 114 68 8 2 137 118 126 0 190 0 171 11 32 182 0 72 0 80 171 109 115 119 58 0 155 53 99 5 48 34 0 37 0 172 0 152 0 126 110 0 62 127 8 180 164 6 34 39 0 170 0 168 0 57 30 4 86 194 59 1 127 126 0 97 135 0 197 177 134 88 0 57 170 0 65 0 75 0 16 15 197 47 0 147 0 29 0 158 3 128 89 67 133 1 186 158 0 155 78 6 34 6 78 88 0 130 122 5 68 53 4 24 92 2 120 2 65 156 1 40 0 110 0 197 2 162 1 108 66 8 114
22
114 114 98 170 14 167 94 199 103 161 5
126 37 18
128 92 36 69 124
119 0 75
15 197 112 150
24 111 148 43
92 21 146
1 49 87 115 100 29 119 166
34 32 147 35 131 108 109 41
78 15 134 67 177 169
32 62 38 91 187
58 76 53 183 154
89 96 26 16 10 93 102
37 171
131 133 70
59 191 12 89 42 81 1 105 63 28
110 7 164 47
97 4 155 188 175 51 117
147 196 127 66 33 182
88 24 176 135 149 181
122 59 78 3 95 174 74
158 31 84 195 173
