gc en cf bi a fy bo aj ec fd be gj i go cf ah s y ds a ag a ev da fe c bb bh cu bf ax fd bm cm a bx dv bp bo a ac bf l ew ej cf fh ax fc go b eb ds e fu ah bt w gh dn k dq dg az a bc fd z fk a cl c q db ck i ee c bh dp gl ao fz dr ga fw fi bf f j f dz az a cg dc b di af fk a gh a bu dq ck ci af ei fe b ee dx n ak dw a gc
21
gc fr
dr dg as eq bx ey cv cq
dv at db
ag ck bp dy am ee el an co ft bc dn ff cz p az ds fh cr bn
bf q fd
fd dj fn bl ge d
dc ab ap dx bi u
cm ep j cs ad fw es bt fy
ew en
bx bq bj dh a gh
ee gg di ae bu fo b
dx gj fq
ci cp ah
bm gk bb fe er
fy bv by dw fa
ej dp cn gm cg g
dn aw et cm br go y gi ac dq v
fe cj em fi ao
bt fk gn do ga ai
dq e gq
fw cl
