n0 n18 n71 n90 n65 n60 n48 n177 n137 n194 n39 n105 n46 n193 n24 n79 n133 n143 n96 n57 n144 n199 n142 n195 n84 n143 n188 n130 n48 n138 n13 n182 n100 n149 n157 n106 n131 n3 n51 n193 n23 n70 n65 n155 n44 n101 n130 n37 n120 n37 n129 n174 n93 n43 n6 n96 n15 n77 n10 n186 n196 n172 n115 n37 n56 n110 n30 n156 n176 n22 n95 n168 n176 n55 n148 n199 n180 n82 n178 n187 n32 n98 n100 n120 n70 n72 n178 n16 n69 n122 n44 n142 n168 n51 n37 n55 n115 n43 n36 n41 n0
23
n0 n0
n18 n57 n91 n28 n52 n8 n31 n85
n22 n54 n17 n14
n137 n13 n19 n1 n29 n48 n58 n53 n41
n178 n47 n12
n101 n21 n70 n49
n168 n46
n196 n87 n92 n93 n38 n56 n89 n99
n72 n32 n36 n43 n88 n22 n63 n71 n7 n10 n2 n16 n98 n26 n64 n40 n86
n37 n77 n76 n78 n59 n39 n66 n44
n193 n6 n81 n75
n36 n62 n65 n95
n57 n82
n186 n67 n90 n15 n84
n70 n74 n5 n25
n96 n4 n97 n37
n156 n51 n33 n72 n94 n68 n9 n83
n10 n55 n73 n20 n27 n30 n61 n24
n155 n60 n79
n122 n96
n157 n34 n69 n23 n3 n35 n50 n18
n30 n42 n80 n11
n177 n45
