Liam Jordan Jack Joshua Cooper Timothy August Zion Messiah Micah Maverick Alex Eli Alex Dawson Zion Rhett Christian Nicholas Caleb Waylon Asher John Bennett John Messiah Lorenzo Patrick Michael Nolan Ryan Xavier Steven Jonathan Preston Jonathan Steven Marcus Aaron Michael Nolan Ryan Jonah Ivan Weston Messiah Jeremy Jayce Jameson Jayce Gabriel Jesus Gabriel Victor Hayden Zion Hayden Grant Cooper Alex Dawson Gavin Dawson Ryder Nathaniel Ryder Silas Nicholas Caleb Cameron Jaxson Harrison Jack Oscar Levi Oscar Jack Joshua Lucas Noah Calvin Michael Patrick Nathaniel Joel Jeremy Jayce Jeremy Declan Brayden Ayden George Harrison Jesse Cooper Alex Maverick Anthony Maxwell Dean Chase Kai Xander Leonardo George Harrison Adrian Harrison George Emmett Brandon Noah Maverick Micah Messiah John Kevin Finn Kevin John Joshua Lucas Joshua Jack Jordan Andrew Logan Nolan Miles Luke Finn Jacob Brantley Braxton Jackson Ezra Matteo Brody Dawson Declan Dawson Alex Roman Avery Camden Emmett Josiah Justin Bennett Jayce Gabriel Christian Nicholas Silas Braxton Abraham Grayson Nathaniel Patrick Oliver James Karter Nathan Connor Ashton Grant Hayden Bennett John Messiah Jesse Andrew Logan Andrew Dylan Luca Colton Luca Steven Hunter Steven Abel Adrian Elijah Nolan Miles Luke Finn Matteo August Timothy Cooper Grant King Grant Cooper Timothy Aiden Victor Hayden Christian Brody George Leonardo George Ayden Cole Zayden Grant Ashton Calvin Blake Messiah Jeremy Elliott Caleb Wesley Jason Joshua Cooper Alex Theodore Alex Dawson Ryder Matteo Ezra Matteo Jameson Jayce Matthew John Kevin Finn Matteo Brody George Harrison Jesse Messiah Jeremy Jayce Jameson Matteo Finn Luke Kingston Brandon Emmett Xavier Steven Eric Messiah Eric Matteo Julian Matteo Brody Elliot Jasper Jude Jace Jude Joseph Maximus Dominic Joel Jeremy Declan Dawson Oscar Xander Oscar Karter Zion August Matteo Ryder Nathaniel Alan Nathaniel Joel Jeremy Messiah Jesse Harrison Adrian Elijah Nolan Thomas Emmett Josiah Emmett Camden Maverick Anthony Maverick Noah Lucas Joshua Jack Jordan Liam
24
Liam Liam
Messiah Jackson Colton Ezra Austin Matthew Gabriel Dominic
Camden Jack
Alan Charles Mason Christian Landon William Oliver Christopher
Declan Connor Jace Wyatt Ryan Hudson Brayden Jonathan Ethan
Julian Alexander Grayson Jaxon Benjamin
Bennett Parker Josiah Julian
Zion Nicholas
Roman David Lincoln Jayden Evan Aaron Michael
Eli Eli Ian
Ezra Jeremiah Ezekiel
Jason Owen Leo
James James Isaac Elias Isaiah
Victor Maverick Noah
Brody Robert Nathan Joseph Theodore
Jameson Jose
Leonardo Joshua Cooper Levi Sebastian Aiden Carson Caleb Mateo
Finn Jaxson Angel Cameron Anthony Elijah Asher John Andrew Dylan Adrian Luke Daniel
Xander Easton Carter
Jesse Samuel Greyson
Lucas Adam Henry
Hunter Hunter Xavier Jacob Nolan Thomas Logan
Hayden Lucas
Aiden Jordan Bryson
