0 5 67 129 106 132 7 93 35 120 101 199 119 60 116 80 83 12 79 194 109 180 68 26 44 88 44 124 44 48 35 19 35 110 35 65 181 140 78 96 120 106 62 163 53 74 26 58 106 149 27 105 27 145 85 102 190 146 195 163 177 19 194 102 194 140 59 135 48 44 0 159 176 29 44 88 92 157 31 74 21 38 137 195 163 165 153 76 185 164 151 125 80 45 96 120 105 173 194 19 80 197 162 71 33 130 98 120 12 79 93 181 51 67 5 163 24 136 57 156 6 156 133 44 121 77 198 80 47 195 53 136 99 197 51 158 29 154 128 4 57 153 117 16 106 26 68 29 75 31 2 21 184 156 49 100 171 27 16 153 19 99 63 30 191 198 80 83 80 84 169 122 0
25
0 0 65 50 40 18 81 39 66
119 42 68 12 99 19 98 84
62 15 34 94 21 95 96 44 54 48 43 37 75 91 3 76
105 63 58 22
30 77 92
154 41 52
128 7
99 30
53 24
5 53 49 57 33 74 70 46 25 86 32 23 1 59 8 97
19 31 36 27
59 45 80 11 60
153 55 26 61 90 83 62 87 35
116 56 88 73
93 10
16 5 67 2 47
198 85
38 82
185 38 89 69
7 17 6 20
109 72 93 13
74 28
65 79 71 9 14
197 64 51 29
48 16 4 78
