Afghanistan Malawi Afghanistan TheUnitedArab Afghanistan Romania Afghanistan Albania Algeria Andorra Angola Antigu Angola Andorra Algeria Andorra Angola Antigu Argentina Armenia Australia Austria Austrian Azerbaijan Austrian Azerbaijan Baden Bahrain Bangladesh Bahrain Bangladesh Barbados Bavaria Belarus Belgium Belize Belgium Belarus Bavaria Barbados Bangladesh Bahrain Baden Azerbaijan Baden Bahrain Bangladesh Barbados Bavaria Belarus Belgium Belize Benin Bolivia Bosnia Botswana Brazil Brunei Brazil Botswana Bosnia Bolivia Benin Belize Belgium Belarus Bavaria Belarus Belgium Belize Benin Bolivia Bosnia Botswana Brazil Brunei Brunswick Bulgaria Burkina Burma Burundi Burma Burkina Bulgaria Burkina Burma Burundi Burma Burkina Bulgaria Brunswick Brunei Brazil Botswana Brazil Brunei Brunswick Bulgaria Burkina Burma Burundi Cabo Cambodia Cameroon Cambodia Cabo Burundi Burma Burkina Bulgaria Burkina Burma Burundi Cabo Cambodia Cameroon Canada Chad Chile China Colombia Comoros Costarica Comoros Colombia China Chile Chad Canada Chad Chile China Chile Chad Canada Cameroon Cambodia Cabo Cambodia Cameroon Canada Chad Chile China Colombia Comoros Costarica CotedIvoire Croatia Cuba Cyprus Cuba Croatia Cuba Cyprus Czechi Cyprus Czechi Czechoslovakia Congo Denmark Djibouti Denmark Congo Czechoslovakia Czechi Czechoslovakia Congo Denmark Djibouti Dominica Djibouti Denmark Congo Denmark Djibouti Dominica Dominicanrepublic Ecuador Egypt ElSalvador EquatorialGuinea Eritrea Estonia Eritrea EquatorialGuinea ElSalvador Egypt Ecuador Dominicanrepublic Ecuador Egypt ElSalvador EquatorialGuinea Eritrea Estonia Eswatini Ethiopia Fiji Finland France Gabon Georgia Germany Georgia Gabon France Finland Fiji Ethiopia Eswatini Estonia Eritrea Estonia Eswatini Ethiopia Fiji Finland France Gabon Georgia Germany Ghana Greece Grenada Guatemala Guinea Guatemala Grenada Guatemala Guinea GuineaBissau Guyana GuineaBissau Guinea Guatemala Grenada Greece Ghana Germany Georgia Germany Ghana Greece Grenada Guatemala Guinea GuineaBissau Guyana Haiti Hanover HanseaticRepublics Hawaii HanseaticRepublics Hanover Haiti Hanover HanseaticRepublics Hawaii Hesse HolySee Honduras Hungary Honduras HolySee Hesse Hawaii HanseaticRepublics Hanover HanseaticRepublics Hawaii Hesse HolySee Honduras Hungary Iceland India Iceland Hungary Honduras HolySee Hesse HolySee Honduras Hungary Iceland India Indonesia Iran Iraq Iran Iraq Iran Indonesia India Iceland Hungary Honduras Hungary Iceland India Indonesia Iran Iraq Ireland Israel Italy Jamaica Italy Israel Italy Jamaica Japan Jordan Kazakhstan Kenya Kiribati Korea Kosovo Kuwait Kyrgyzstan Laos Afghanistan Laos Kyrgyzstan Kuwait Kosovo Korea Kiribati Kenya Kazakhstan Jordan Japan Jamaica Japan Jordan Kazakhstan Kenya Kiribati Korea Kosovo Kuwait Kyrgyzstan Laos Afghanistan Somalia Afghanistan RepublicofGenoa Afghanistan Laos Kyrgyzstan Kuwait Kosovo Korea Kiribati Kenya Kiribati Korea Kosovo Kuwait Kyrgyzstan Laos Afghanistan Tajikistan Afghanistan
22
Afghanistan Afghanistan Laos Kyrgyzstan Kuwait Algeria Andorra Albania Kosovo Korea Kiribati Kenya
Gabon France Germany Gabon Georgia
Haiti Haiti Hanover GuineaBissau Guyana
Antigu Argentina Antigu Angola
India India Indonesia
Djibouti Egypt Ecuador Dominica Djibouti Denmark Congo Dominicanrepublic
Ghana Greece Ghana Grenada Guatemala Guinea
Cyprus Czechi Czechoslovakia Cyprus Cuba Croatia CotedIvoire
Hungary Hungary Iceland
Botswana Brunei Benin Bosnia Bolivia Botswana Brazil
Azerbaijan Austrian Azerbaijan Austria Baden Australia Armenia
France Fiji Ethiopia Finland
Belize Belize
Kenya Kazakhstan Jordan Japan Jamaica Italy
Bahrain Bahrain Barbados Bangladesh Bavaria Belarus Belgium
Canada Chad China Colombia Comoros Chile Cameroon Canada
ElSalvador ElSalvador EquatorialGuinea Eritrea Estonia Eswatini
China Costarica
Cabo Cambodia Cabo Burundi
Hawaii HolySee Honduras HanseaticRepublics Hawaii Hesse
Burundi Burma Brunswick Bulgaria Burkina
Iraq Israel Iraq Iran Ireland
