F1E81B 112AE7 D1AE72 5EFED0 0C73D8 8C971D D2BE39 A94B37 E0BEFC 17BB75 BDE94D 191510 1111F7 6B4619 6CAF46 103724 1977E0 2BF7B5 1977E0 002274 6CAF46 17BB75 9D4968 D8AAF4 112AE7 CDC6D4 EC4D08 6CAF46 79BC3D 53C6C8 2334E8 490F1E 7E1C6C F3EDB3 0C73D8 94941B 112AE7 1977E0 C9AF85 1977E0 9A8DF4 6CAF46 CB3924 825EC5 A9F1B8 1D21D3 825EC5 2CA4AD 6CAF46 AD0427 825EC5 3EDE7E 825EC5 6CAF46 7D997B 6CAF46 06C557 94941B B27903 825EC5 2924CB 825EC5 C4303B 825EC5 099830 1D21D3 EC4D08 B27903 3EDE7E EDF90E 13A782 C4303B 1111F7 C3B3E7 E0BEFC 112AE7 82A1F6 825EC5 6B4619 6CAF46 E33276 1B337D 086D53 8BFCAC 086D53 10520F 2CA4AD 6CAF46 191510 6CAF46 E63884 CD2CA7 825EC5 CDC6D4 40D10E A7D03E 825EC5 846159 825EC5 2CA4AD B27903 5D0E2E 17BB75 6CAF46 E2CE9F 6CAF46 EAD0E3 2595F1 846159 AD0427 C9AF85 6C010A 0C73D8 086D53 BA32D6 6CAF46 2595F1 1D21D3 ABD8FE 3C5D7A 13A782 2BF7B5 B23276 BA3320 86493E 53C6C8 CC6D2A 6CAF46 6C010A 9D4968 124C90 612FAA CB3924 E63884 612FAA CDC6D4 2FEDFB 191510 17BB75 C18C9B 17BB75 002274 C45E71 2CCB19 614224 8C971D 112AE7 F1E81B
23
F1E81B F1E81B
B27903 52C88C C9AF85 851F90 59843B 305D33 8015E0 239994
825EC5 6B622D 5F4E43
CB3924 E3C2C9 7829D7 61199E
0C73D8 5BB557 D337F2 20EAE7
A94B37 93EBE3 ABD8FE
2FEDFB 8B519F 0F5860
EC4D08 AE4A01 DCE144
5EFED0 B7F75A 14B430
1D21D3 CC9C14 14994D A1F104 3B4B53 77A0B5 4099A6 D4A75D 8F495E
F3EDB3 4B97F1 4CAD30 36C862 DE6899 596CF6 C3EF62 614224 6966D7 1E1095 8B6C2F
CD2CA7 66048A
2BF7B5 5C7062
CDC6D4 C3B3E7 FFFD4B 17779E CEAC59 BB40E6 86493E 4A28BA 0CBC31 8BFCAC E51A66
8C971D 813B05 B69F55 124C90 396D53 E81014 28F6D1 7E1C6C D1967A
191510 AEFF96 685D1A
10520F 90451D 63361A B47658 6E313C
112AE7 C18C9B E80628 4A5708
3EDE7E 6B340B 8417C8 770D1A 2FEDFB 29D5D7 2CCB19 E5E6C0 BB4908 1F842B 7E78F3 293D59 573788 151BC9 490F1E 47FACD 9096DB D6CC7A
5D0E2E 8F17C0 2BF7B5
8BFCAC 783751 8EBF8A
7D997B 6D51F4 C4303B 85D6DB 36590B 94A561 F33196 FFEEBD
AD0427 230A7C
