engine teaching rock engine son girl preparation future feature piano feature future age beginning strategy money speech economics oven network effort strategy disaster menu database poetry economy step temperature industry age wind age conclusion police stress engine worker extent feedback size rock building age wealth error editor strategy area stranger drawing stranger wealth dirt age building engine water gift temperature situation mind finding dirt age industry age share measurement question director network two energy stranger personality stranger significance emphasis view poetry judgment key equipment combination network beer extent platform member employment dealer mind stranger practice feedback problem answer poetry oil stranger black extent force network comparison equipment recording tongue strategy force success police office stranger database understanding recording stranger mind dealer teaching feedback love extent stranger extent girlfriend interaction director network information wind fishing stranger opportunity argument conclusion menu mind stranger personality stranger money strategy while politics size temperature teacher engine equipment tooth business network information meal error secretary question card beer equipment engine speech statement extent bath extent fishing stranger training speech engine
19
engine engine space bus
database card eye office machine
rock failure police light
son preparation
training significance
future performance side drawer energy section worker sympathy flight clothes measurement leadership dirt girl choice emphasis aspect class variation sport beer
teacher grandmother tension town dealer series understanding buyer tooth time politics education money answer
girl difficulty singer material beginning funeral data temperature two
fishing teaching promotion
energy problem
tongue situation secretary interaction analyst ratio piano delivery editor volume
love business idea birth process menu error
dirt departure source meal figure mind moment model reputation
oven director song tool speech chapter area engineering
personality tax teacher standard satisfaction member ear accident age
judgment fact
mind view
menu drawing country
secretary war step
