a1 a2 a3 a193 a126 a125 a126 a193 a134 a6 a166 a167 a168 a169 a170 a171 a155 a154 a153 a154 a155 a123 a139 a155 a156 a160 a156 a155 a27 a26 a27 a75 a76 a77 a76 a75 a59 a58 a57 a58 a59 a193 a83 a84 a83 a193 a118 a193 a155 a193 a126 a193 a19 a20 a24 a23 a22 a166 a193 a126 a125 a124 a123 a27 a28 a32 a28 a27 a193 a43 a139 a138 a137 a138 a139 a193 a118 a117 a118 a38 a193 a67 a68 a72 a68 a67 a193 a155 a156 a155 a59 a123 a193 a38 a70 a182 a166 a167 a168 a167 a166 a54 a22 a23 a24 a25 a26 a27 a123 a122 a121 a120 a116 a115 a193 a46 a193 a83 a82 a83 a193 a123 a193 a118 a102 a101 a97 a96 a92 a91 a123 a122 a121 a122 a123 a43 a91 a90 a91 a193 a91 a92 a91 a107 a106 a107 a193 a179 a178 a179 a193 a102 a193 a91 a11 a91 a193 a118 a193 a11 a123 a122 a123 a193 a102 a193 a139 a123 a124 a128 a124 a123 a193 a78 a77 a78 a193 a22 a193 a78 a77 a78 a193 a131 a132 a131 a193 a3 a4 a8 a7 a6 a150 a193 a163 a162 a163 a193 a139 a140 a144 a140 a139 a193 a134 a133 a134 a193 a107 a106 a107 a193 a139 a138 a137 a138 a139 a123 a124 a123 a107 a106 a105 a104 a100 a99 a193 a171 a193 a22 a54 a150 a149 a145 a144 a140 a141 a140 a139 a187 a27 a193 a174 a193 a59 a193 a38 a118 a38 a118 a193 a30 a29 a28 a27 a187 a188 a192 a188 a187 a193 a3 a2 a1
22
a1 a1 a3 a4
a123 a123 a129 a11 a59 a9 a171 a139 a169
a193 a110 a158 a43 a147 a46 a62 a115 a67 a14 a12 a190 a179 a132 a131 a35 a51 a52 a148 a145 a30 a25 a105 a100 a99 a83 a84 a54 a150 a22 a102 a57
a118 a134 a166
a22 a20 a86 a6
a150 a70 a65 a73 a68
a155 a108
a59 a60
a166 a180
a91 a107 a41 a155 a156 a153 a81
a132 a124 a126
a11 a187 a185 a188
a32 a33 a36 a38 a182
a25 a17 a19 a27 a75 a91 a28
a174 a172 a174 a177
a137 a140 a137 a142
a169 a164 a163 a161
a124 a121
a43 a44 a49
a96 a89 a92 a94 a97
a77 a76 a78
a117 a113 a118 a116
