Bowles Birge Bechtel Cory Jacob Foothill Dwinelle Haas Crossroads Lawrence UCTheatre Lawrence Crossroads Haas Dwinelle Foothill Jacob Evan Moffitt Cloyne Moffitt Evan Jacob Cory Stanley LeConte Campanile LeConte Stanley Cory Jacob Foothill Dwinelle Haas Subway Haas Dwinelle Foothill Jacob Cory Bechtel Kroeber Bechtel Cory Jacob Evan Blackwell Evan Jacob TopDog Fenwick TopDog Jacob Cory Bechtel Minor Stephens Minor Bechtel Birge Bowles Calvin Graduate Calvin Bowles Birge Bechtel Cory Stanley Moses Wellman Lewis Campanile Wurster McCone Spats Stonefire Spats McCone Wurster Campanile LeConte Stanley Moses Greek Unit2 Milano IndianRock FallRush IndianRock Milano Unit2 Greek Moses Stanley LeConte Campanile Wurster McCone Spats Stonefire Spats McCone Wurster Campanile LeConte Stanley Cory Bechtel Cory Jacob TopDog Jacob Foothill Dwinelle Haas Pavilion GBC Pavilion Haas Dwinelle Foothill Jacob Cory Stanley Moses Wellman Sutardja Kah Sutardja Wellman Moses Stanley Cory Bechtel Kroeber Bechtel Minor Bechtel Cory Jacob TopDog Jacob Cory Stanley LeConte Campanile OCF Campanile LeConte Stanley Cory Jacob Foothill Dwinelle HearstAnnex Dwinelle Foothill Jacob Cory Stanley LeConte VLSB Boalt Kresge Boalt VLSB LeConte Stanley Cory Bechtel Kroeber Bechtel Baker Strada UCha PhiKappaTau Hoyt Tan Hargrove MemorialStadium Campbell Stanley Moses SigmaOmicronPi Moses Stanley Cory Jacob Foothill Jacob Cory Bechtel Kroeber Bechtel Cory Stanley LeConte VLSB Boalt Kresge Boalt VLSB LeConte Stanley Cory Jacob Hertz CVStarr Unit3 CKerr Unit3 CVStarr Hertz Jacob Foothill Dwinelle Haas Crossroads Haas Dwinelle Foothill Jacob Hearst MLK Latimer Bechtel Baker Daiso Baker Bechtel Cory Stanley Moses Greek Stebbins Safeway Stebbins Greek Unit2 Milano Unit2 Greek Moses Stanley LeConte Campanile Wurster McCone Spats Stonefire PiLambda PiAlphaPhi PiLambda Stonefire Spats McCone Wurster Campanile LeConte Stanley Moses Stanley LeConte VLSB Boalt Kresge Castro Kresge Boalt VLSB LeConte Stanley Moses Stanley Cory Bechtel Birge Bowles Calvin Etcheverry Calvin Bowles Birge Bechtel Cory Jacob Foothill Unit1 Foothill Jacob Cory Stanley LeConte Campanile OCF Campanile Lewis Morrison LaNote Morrison Lewis Campanile Wurster McCone Spats Botanical Spats McCone Wurster Campanile LeConte Stanley Cory Jacob TopDog Jacob Cory Bechtel Baker Daiso Baker Bechtel Minor Memorial Minor Bechtel Cory Stanley LeConte Stanley Campbell Eshleman Campbell Stanley Cory Jacob Evan Jacob Cory Bechtel Baker Strada UCha Strada Baker Bechtel Birge Bowles Birge Bechtel Cory Stanley Campbell Koshland Campbell Stanley Cory Bechtel Birge Bowles Calvin Etcheverry Sather Target Sather Etcheverry Calvin Bowles Birge Bechtel Cory Stanley LeConte Campanile Lewis Morrison ThetaChi Morrison Lewis Campanile LeConte Stanley Cory Jacob Foothill Dwinelle Haas Crossroads Lawrence Crossroads Haas Dwinelle Foothill Haviland Morgan LKShing Ippuku ChancellorHouse Ippuku LKShing Morgan Haviland Foothill Dwinelle Haas Crossroads sweetgreen Crossroads Haas Dwinelle Foothill Jacob Evan SigmaPhiOmega BearFoodCourt Hargrove Tan Warren Tan Hargrove BearFoodCourt SigmaPhiOmega Evan Jacob Hertz CVStarr Unit3 CKerr Unit3 CVStarr Hertz Jacob Cory Stanley Moses Wellman Moses RareTea Gypsys RareTea Moses Greek Stebbins Safeway Warren Tan Hargrove BearFoodCourt SigmaPhiOmega Evan Blackwell Evan Jacob Foothill Dwinelle Haas Crossroads Haas Dwinelle Foothill Jacob Hertz Jacob Foothill Davis Hildebrand Davis Foothill Jacob Cory Bechtel Birge Bowles Calvin Etcheverry Sather Etcheverry Calvin Bowles
18
Bowles Birge Calvin Graduate LaVals Crescent Mulford
Foothill HearstAnnex Lothlorien Browns Hildebrand YogurtPark Evan Blackwell BearFoodCourt Extension Foothill Unit1 Morgan Martinez GammaPhiBeta Chipotle MFoundry GenPlantBio
Moses Unit2 Wolf StrawberryCreek Wilde Koshland Doe Campbell Gypsys
MLK Rochdale Stacks Sherman Edwards Easterly
Stonefire Spats
Kah PeoplesPark Castro NorthGate
Lawrence Pavilion
Jacob Barker VLSB Boalt Kresge
Memorial Barrows TacoBell Maxwell AlphaSigmaPhi
Campanile Campanile ShengKee Bongo ALS RSF Moses Greek Wellman Sutardja Wurster Zellerbach Cheeseboard
FallRush IndianRock
Daiso Baker Strada Simons RoseGarden Daiso
sweetgreen Crossroads Haas UCTheatre NCEM
CKerr Ridge WayWest Unit3 CKerr
PiAlphaPhi PiLambda PiAlphaPhi
Safeway Safeway
Sather Etcheverry
Cloyne Cloyne
