0 3 20 3 0 100 101 110 169 110 168 110 101 100 106 100 101 115 101 100 0 13 35 64 73 86 0 3 29 3 0 86 5 22 5 86 98 12 89 99 10 83 10 81 19 27 75 17 25 17 4 3 20 23 20 3 0 100 106 148 106 100 103 127 103 100 107 153 107 100 101 113 183 113 101 100 0 17 48 17 0 100 102 122 102 100 0 31 89 77 87 13 0 100 101 112 101 109 101 100 102 119 102 100 101 113 187 113 101 108 101 110 171 110 101 100 0 3 75 3 90 3 91 3 0 100 101 116 198 116 101 113 101 112 101 100 0 3 68 44 68 81 15 81 0 100 105 100 106 100 104 134 104 100 0 13 25 17 48 17 35 31 10 64 8 64 35 13 27 3 0 100 101 109 101 100 0 3 16 3 0 100 101 113 101 100 0 3 0 17 4 3 11 19 81 87 13 0 100 106 142 106 148 106 100 102 121 102 100 101 110 175 110 101 100 103 100 0 81 0 100 106 143 106 100 101 114 192 114 101 100 0 17 5 17 0 100 101 110 175 110 101 100 106 147 106 100 101 111 178 111 101 100 107 151 107 100 101 108 156 108 101 100 0 3 8 73 8 3 54 12 35 90 3 0 3 9 81 89 31 0 100 107 151 107 100 102 122 102 100 0 3 30 3 57 0 100 101 108 161 108 101 100 104 136 104 100 101 109 164 109 101 100 105 100 101 110 101 112 101 100 0 57 21 57 0 100 101 112 101 100 0 17 5 17 0
19
81 81 82 1 89 99 53 31 72 85 75 18 28 10 83 17 77 13
112 112 179 180 182
108 101 158 154 156 160
106 106 146 149 147 144 142 145
35 87 22
3 66
98 96 55 14
89 49 44 35 90 51 26 24 70
113 113 188 189
48 29 68
5 5 42 65 56 25
4 7
134 136 104
109 167 109
119 102 123 121 118 124
103 128 130 127
101 177 178 117 100 153 196 194 198 105 138 151 152
0 20 43 58 86 62 54 59 98 57 21 63 4
168 168 171 175 172 173 169
