MapLocation152 MapLocation182 MapLocation96 MapLocation1 MapLocation0 MapLocation175 MapLocation191 MapLocation149 MapLocation7 MapLocation6 MapLocation128 MapLocation189 MapLocation0 MapLocation140 MapLocation104 MapLocation135 MapLocation118 MapLocation98 MapLocation23 MapLocation152 MapLocation63 MapLocation1 MapLocation56 MapLocation67 MapLocation137 MapLocation3 MapLocation47 MapLocation167 MapLocation148 MapLocation19 MapLocation132 MapLocation21 MapLocation111 MapLocation0 MapLocation34 MapLocation38 MapLocation190 MapLocation113 MapLocation1 MapLocation16 MapLocation119 MapLocation132 MapLocation96 MapLocation77 MapLocation0 MapLocation81 MapLocation55 MapLocation53 MapLocation87 MapLocation110 MapLocation75 MapLocation193 MapLocation46 MapLocation130 MapLocation135 MapLocation121 MapLocation13 MapLocation143 MapLocation100 MapLocation60 MapLocation97 MapLocation0 MapLocation133 MapLocation54 MapLocation99 MapLocation3 MapLocation0 MapLocation50 MapLocation2 MapLocation8 MapLocation87 MapLocation186 MapLocation0 MapLocation3 MapLocation77 MapLocation84 MapLocation0 MapLocation52 MapLocation150 MapLocation1 MapLocation179 MapLocation28 MapLocation1 MapLocation23 MapLocation0 MapLocation89 MapLocation140 MapLocation199 MapLocation113 MapLocation112 MapLocation6 MapLocation165 MapLocation83 MapLocation1 MapLocation113 MapLocation163 MapLocation161 MapLocation139 MapLocation1 MapLocation77 MapLocation14 MapLocation0 MapLocation64 MapLocation0 MapLocation185 MapLocation1 MapLocation130 MapLocation148 MapLocation71 MapLocation1 MapLocation139 MapLocation3 MapLocation149 MapLocation0 MapLocation128 MapLocation83 MapLocation0 MapLocation64 MapLocation119 MapLocation0 MapLocation17 MapLocation128 MapLocation74 MapLocation73 MapLocation56 MapLocation71 MapLocation152
20
MapLocation152 MapLocation152 MapLocation99 MapLocation122 MapLocation183 MapLocation125 MapLocation136 MapLocation116
MapLocation137 MapLocation47 MapLocation22 MapLocation145 MapLocation170 MapLocation97 MapLocation35 MapLocation185 MapLocation189 MapLocation107 MapLocation70 MapLocation67
MapLocation56 MapLocation50 MapLocation166 MapLocation150
MapLocation130 MapLocation85 MapLocation16 MapLocation12 MapLocation57 MapLocation32
MapLocation121 MapLocation119 MapLocation94 MapLocation113 MapLocation41 MapLocation81 MapLocation175 MapLocation36
MapLocation112 MapLocation127
MapLocation87 MapLocation69 MapLocation164 MapLocation56 MapLocation7 MapLocation72 MapLocation105 MapLocation128 MapLocation28 MapLocation198
MapLocation14 MapLocation161
MapLocation100 MapLocation121 MapLocation29 MapLocation194 MapLocation23 MapLocation71
MapLocation132 MapLocation18 MapLocation53 MapLocation106 MapLocation55 MapLocation182 MapLocation9 MapLocation103 MapLocation111 MapLocation61 MapLocation154 MapLocation14 MapLocation10
MapLocation113 MapLocation171 MapLocation146 MapLocation17
MapLocation175 MapLocation114 MapLocation86
MapLocation110 MapLocation133 MapLocation192
MapLocation60 MapLocation156 MapLocation59 MapLocation118 MapLocation92 MapLocation42 MapLocation104
MapLocation28 MapLocation179 MapLocation43 MapLocation109 MapLocation186 MapLocation79 MapLocation102 MapLocation153 MapLocation173
MapLocation89 MapLocation4
MapLocation52 MapLocation8 MapLocation123 MapLocation13
MapLocation149 MapLocation20 MapLocation19 MapLocation149 MapLocation135 MapLocation15
MapLocation119 MapLocation129 MapLocation60 MapLocation148
MapLocation150 MapLocation62 MapLocation77 MapLocation76 MapLocation100 MapLocation137 MapLocation96
