86 169 147 113 182 115 95 77 19 49 19 3 127 94 134 94 127 97 115 68 100 182 108 94 46 25 68 90 68 25 143 6 143 48 61 118 129 118 61 104 24 104 61 71 67 86 67 71 188 191 49 12 8 55 114 32 175 166 19 77 131 134 131 5 98 107 70 111 129 118 61 79 187 186 172 88 143 127 3 11 37 73 147 39 156 142 12 138 147 169 147 138 62 84 88 199 188 191 49 19 77 43 51 18 88 34 122 49 12 48 143 25 68 115 67 114 8 60 87 127 94 136 18 165 180 26 9 171 2 187 98 33 98 187 186 178 52 114 8 55 40 3 5 103 71 78 147 70 114 52 135 131 126 191 99 107 70 117 70 147 101 115 169 83 26 164 184 147 73 58 26 180 161 108 44 134 36 20 38 83 159 111 70 63 2 187 10 103 43 58 26 83 10 127 3 5 98 104 24 124 24 104 61 71 67 86 67 22 68 90 68 55 114 70 107 61 79 12 142 4 31 115 89 136 43 185 23 78 131 196 186 169 115 95 109 13 9 26 186 200 46 94 114 55 40 141 40 38 20 187 98 104 24 168 189 168 24 104 62 39 147 160 131 78 49 98 107 61 48 77 48 12 181 12 149 188 147 70 111 54 171 7 145 7 23 58 93 55 8 12 138 147 169 86
23
86 120 125
62 84 138 19 192 149 158 106 26 87 184 101 38 10
49 173
143 6 145 74 177
114 132 121 105 126 157 175 169 123 137 21 30
178 52
24 189 107 56 129
107 45 71 140 11
98 22 53 89 2 93 198 181 27
180 163 57
145 13 5 183 94 146
171 69
3 196
185 185 153 154 91 122 36 199
115 117 100 152 92 82
99 14 116 148 8 150 139 41 54 159
71 66
127 113 51
134 48 72 35 90 44
83 28 73 64
141 76 1
184 97 17 160 75 110 194
196 174 156 179
