110 170 123 166 108 115 45 131 95 174 132 61 65 103 66 133 61 4 20 89 172 76 122 83 106 37 67 162 38 40 136 155 176 154 72 44 50 168 94 12 43 165 104 28 0 32 74 65 196 24 154 180 136 72 68 156 3 13 52 88 90 144 110 28 45 178 161 100 13 59 108 78 9 149 59 142 31 41 42 51 107 161 60 14 137 125 73 5 198 153 173 18 168 164 90 129 107 50 119 50 110
21
110 110 182 41 91
18 140 28 122 56 154 74 13 159 141 171 55 30 132
3 19 103
173 60 142 79 50 0 160 123 96
0 170 64 14 40 178 3 124
161 192
90 1
32 20 76 29
132 197 36 22
94 121 45 127 161
144 189 44 66
165 98
174 147 165 18 53 39 199 73 85 181 101
65 126 81 152 94 67 83 6 72
107 190
52 99 138 169 193
154 145 90 77
73 15 52 176 51 38 107 54 26 148 43 195 25 100 87 172 168
67 11 92 47
137 149 163
50 131 5 175
