0x19 0xb8 0x64 0xb8 0x19 0x8b 0x11 0x8 0x11 0x8b 0x19 0x1 0x22 0xaf 0x35 0x56 0x47 0x56 0xb6 0x72 0x48 0x24 0x9d 0x20 0x7f 0x20 0x76 0x97 0x3c 0xe 0xa2 0x35 0x93 0x80 0x13 0x80 0x93 0x35 0x67 0x7f 0x20 0x9d 0x19 0xc4 0x3e 0x88 0x59 0x54 0x3f 0x34 0x3e 0x88 0x52 0x88 0x16 0x64 0x9e 0x99 0x92 0xb 0x2a 0x57 0x9c 0xa2 0x34 0x3f 0x54 0x35 0xb8 0x35 0x67 0x14 0x40 0x86 0xc2 0x86 0x40 0x14 0x67 0x35 0xaf 0x57 0x2a 0x71 0x2a 0x1 0x27 0xac 0xa2 0xe 0x3c 0x89 0x8 0x11 0x8b 0x19 0x2b 0xbd 0xd 0xaa 0x9b 0xaa 0x47 0x71 0x66 0x4 0x66 0x71 0x16 0x71 0x2a 0x9d 0x53 0x24 0x59 0x88 0x52 0xa3 0x2f 0x23 0x30 0x8a 0x2c 0xa0 0x0 0x5 0x79 0xe 0x3c 0x89 0x3c 0xe 0xa2 0x35 0x67 0xb2 0x2e 0xb3 0x98 0xae 0x98 0xb3 0x2e 0xb2 0x67 0x14 0x40 0x86 0xc2 0x86 0x40 0x14 0x30 0x6f 0x9c 0x44 0xc7 0x44 0x9c 0x35 0x93 0x80 0x93 0x35 0x26 0x3e 0xc4 0x10 0x7b 0x5e 0x7b 0x10 0xc4 0x3e 0x71 0x2a 0x1 0x27 0x7d 0x27 0x77 0x6f 0x77 0x27 0x67 0x78 0x49 0xa1 0x49 0x34 0x47 0xaa 0x9b 0xaa 0x47 0x30 0xc4 0x30 0xa6 0xa1 0x49 0x34 0x71 0x16 0x6 0x31 0x77 0x54 0x73 0x54 0x35 0xaf 0x24 0x9d 0x12 0x9d 0x2a 0x78 0x4f 0x56 0xab 0x38 0x7c 0xb0 0x6f 0x12 0x61 0x2 0x61 0x12 0x9d 0x24 0x48 0x24 0x62 0x3e 0x9a 0x3e 0x2a 0x57 0x36 0x4f 0x78 0x8f 0x78 0x2a 0xb 0x92 0xb 0x2a 0x3e 0x34 0x49 0x34 0x3e 0x9a 0x3e 0x88 0xbd 0x52 0xab 0x56 0x4f 0x36 0x81 0x17 0x5c 0xc0 0x3e 0xc4 0x30 0x21 0x61 0x2 0x61 0x21 0x30 0x47 0xaa 0x47 0x30 0xc4 0x10 0xc4 0x3e 0x34 0x3f 0x55 0xb7 0xd 0xbd 0x27 0x67 0x7f 0xab 0x38 0x63 0xe 0x3c 0x74 0x6 0x74 0x25 0xf 0xa 0x4b 0x2e 0xb3 0xb4 0x5e 0x7b 0x10 0xc4 0x19 0xb8 0x35 0x54 0x73 0x3 0x69 0x3 0x4 0x66 0x71 0x16 0x91 0x16 0xd 0xbd 0xc 0xbe 0xc 0xbd 0x54 0x4f 0x54 0x59 0xbb 0x74 0x25 0x51 0x41 0x3 0xa1 0x18 0x4c 0x37 0x7e 0x2 0x61 0x21 0x30 0x8a 0x38 0x62 0xa1 0xa6 0x78 0x4f 0x36 0x8d 0x36 0x4f 0xaa 0xd 0xbd 0x27 0x1 0x19
24
0xa6 0x78 0xa6 0x7 0x34 0x25 0xb5
0xc4 0xa1 0x18 0x60 0x5 0xa3
0x35 0x53 0xb6 0x3d 0xa4 0xba 0x1f 0x6f 0xf
0xaf 0x5d 0x91 0xa7 0x8e 0x4d 0x80 0x59 0xb0 0xbd 0x2b 0x1a
0x4f 0xaa
0x5 0x79 0x0 0xa0 0x2c
0x27 0x42
0x9b 0x45
0x8d 0x85 0x6d 0x4 0x4e 0x77
0x16 0x81
0x9d 0x2a 0x8c 0x46 0x1 0x9f 0x99 0x9e 0xab
0x8f 0x87 0x9c 0x68
0x89 0x8f 0x70 0xc6 0x97
0x9c 0xc7
0x13 0x9
0x25 0xbb 0x7a 0x84 0x5a 0x6b 0x31
0x47 0x1b 0x6a 0x28 0xac 0x3b 0x12
0xc2 0x86 0xc2 0x14 0x56 0xb2
0xb3 0x2d 0x9b 0xae 0x98 0xb4 0x7b
0x78 0x1d 0xbc
0x8 0x11 0x8b 0x89 0x74 0x3a
0xaa 0x52 0xc4 0x10 0x9a
0x3f 0xc3
0x92 0x83 0xa8 0x15 0x61 0x21
