1 33 169 4 22 2 118 141 1 194 58 1 127 69 11 119 65 36 27 1 31 76 166 10 173 8 163 2 92 2 13 3 188 3 169 96 3 195 2 17 173 1 31 119 105 1 58 3 192 9 8 1 71 1 129 13 186 7 149 39 23 5 9 83 111 123 57 1 132 15 161 3 40 160 35 11 69 4 12 189 157 2 68 2 17 2 86 106 3 161 15 130 2 176 2 36 105 52 2 78 128 2 94 2 185 45 193 2 6 2 15 2 16 1 116 29 3 85 107 6 169 176 2 113 1 99 16 35 11 2 118 2 33 37 99 192 151 200 2 12 2 50 112 1
19
1 1 116 141 164 16 156 151
132 150 85
57 133
173 81 138
58 50 58 124 139 36 198 42
15 33 10 83 6 126 136 77
99 165 34 182
17 74 53 47 75 89 131 169 51 184 2 177 161 68 60 97 61 88 37 111 102 3
52 143
11 157 176 84 86 49 137 95 59 35
160 110 26 103 21 13
105 130 193 87 56 159
27 162 129 9 106 44 27 171
107 41 31 200 189
141 20
106 57 99 8 167 92 80
69 144
94 127 140 101 69 55 82 174
13 70
