0 50 65 64 62 66 62 64 65 50 0 15 14 3 2 3 14 12 16 17 13 11 13 9 20 18 7 8 7 18 20 9 13 11 13 9 20 21 30 29 23 24 26 24 23 29 30 21 20 21 30 29 23 24 26 24 23 29 30 34 33 47 44 48 44 47 33 34 30 35 37 38 36 42 46 42 36 38 28 38 37 35 37 38 37 35 30 21 20 9 13 17 16 12 14 15 0 50 100 115 114 115 100 50 65 64 62 66 67 63 59 70 68 70 59 63 67 66 67 63 59 70 68 57 68 70 59 63 59 70 71 80 85 87 85 80 84 80 79 73 74 73 79 80 79 73 74 73 79 80 84 83 97 94 97 83 84 95 93 95 84 83 84 80 81 80 84 83 97 94 97 83 84 80 85 87 88 86 88 87 85 80 84 95 84 80 85 87 88 78 88 87 85 80 71 70 59 63 67 66 62 64 65 50 100 150 165 164 165 150 100 50 100 115 114 103 114 112 116 117 113 109 120 118 107 108 106 108 107 118 120 109 113 109 120 119 132 134 132 134 130 135 137 138 141 138 137 135 130 129 123 129 130 134 145 143 145 134 132 134 133 147 144 148 144 147 133 147 144 148 144 147 133 134 130 135 137 138 136 138 137 135 130 121 120 118 120 121 130 135 137 138 137 135 130 121 120 109 113 117 116 112 114 115 100 150 199 198 194 197 194 198 199 150 165 164 162 166 167 163 161 154 161 163 159 170 159 170 171 180 185 187 188 189 188 187 185 180 179 173 174 176 174 173 179 180 171 170 159 163 167 166 162 164 165 150 199 198 194 197 183 184 195 184 183 197 194 198 199 150 165 150 100 50 51 50 100 150 199 198 194 197 183 184 180 185 187 188 186 188 191 190 191 188 186 192 186 188 187 185 180 184 183 197 194 198 199 150 100 50 0
29
0 1 3 2
188 191 190 172
11 10 4
46 46 42 36
108 106 105
26 24 26 33 22 27 25
150 199 198 101 151 194 197 152 153 103 102 51
138 146 142 141
154 154
113 104 110
148 149 148 144
94 97 83 94 98 99
159 177
85 60
57 55
86 86 91 96 92 90
123 127 126 124 125
143 133 147
66 52 53 56 54
170 160 155 156
192 196 192 186
134 122 136
20 5 6
44 49 47 48 44
173 176 174 175
73 77 72 74 75 76
141 140
36 40 41
197 183
