31 102 145 32 74 20 177 108 165 25 105 13 2 23 37 21 76 60 177 74 118 75 56 151 183 190 48 131 21 171 67 131 28 23 112 94 14 141 123 47 143 104 103 29 62 159 149 52 131 75 62 114 187 18 173 184 179 87 182 197 172 186 42 25 78 8 71 9 77 58 105 78 139 91 147 81 170 87 138 47 82 60 149 53 102 162 58 24 63 56 38 178 198 62 83 75 35 64 109 31
24
62 168 143 83 167
13 33 34 4 156
63 64
83 197 119 46 137 146
60 186 198
94 22 89 38 58 138 82
74 94 9 66 20 93 29 32 149 123
58 127
177 147 108 28
114 191 67 45
109 48 134 120 78 42
197 115 148 68
25 106 47 196 52 117
71 6 30 57 128 103 164 74 13 169
170 171 160 175
105 131
8 125
143 65 12 105 80 77 121 35
118 173 21 60 141 170
2 180 69 86
112 195
78 90 114 199 151
131 7 14 99 112 49 81 179 110 188 88 107 184 140
56 27 152
