A0 S1 Z3 Q5 S5 D6 D1 I6 R1 K6 S3 I5 U5 T3 K4 K6 M0 V1 Z0 A7 Y3 L1 K5 L3 Y2 K4 U0 G3 L2 I4 D7 F7 W5 W0 B5 O3 W2 B2 A5 J0 A3 F3 R0 T5 N2 D4 D2 P6 H3 Z6 J2 P3 T1 P7 G5 M4 L4 P2 Q0 B2 M4 N4 K3 B3 Z5 B1 B5 J4 I0 O6 G7 T5 E6 Y4 D2 P3 F7 U5 W5 K4 O5 C7 H7 C6 T0 N3 F5 Q6 T1 Q3 F5 L3 E0 A1 K0 C4 S6 Z1 C3 A0
19
A0 A0 A2 K4 P0 V2 N2
C3 U6 W4 S2
G7 Y3
K4 M4 D0 T3 J5 T5
B5 A4
A1 W2 I1
K5 A6 E5 T6 Y4 U2 J1
S5 G1 C7 M1 Q6 L5 Q0 J6 K1 R4 A1 F0 D3 X4 S6 B5 X6 G3 C4 X0
G5 M6
W0 J0 X2 G0 P6 K2 I5 A5 R5
O6 H6 T2 M3 Z3 O4 C3
D4 C6 B2 B4 Z4
T0 I0 E1 P5 V6 F3 F6
D2 Z6 R6 L0 E3
D1 D7 O3 H0 S1 Z1
S6 N1
H3 Q5 R3 W6
Q0 X3 Z5 M5 M0 W5 D2 A7 G6 F4
I4 I3 E4 Y0 G4 P2 Y6 O5 Q4 C0 X1
