149 154 98 99 108 182 180 85 126 168 177 4 158 19 23 61 135 128 92 149 24 134 97 123 86 30 157 76 72 195 44 29 34 86 124 68 85 133 196 13 44 170 43 153 45 106 78 198 121 39 42 81 191 152 101 168 98 130 146 81 198 86 0 191 56 128 81 168 14 0 179 66 149 99 67 12 181 188 64 180 19 115 103 122 10 118 32 22 158 78 47 82 163 101 199 160 52 20 69 149
21
149 100 93 95 43 9 91 70 88 74
168 92 54 83 94 90
135 73 11 15 29 53 46 71 77
158 22 69 38
118 60 52 32 82
56 16 47 6 65 41 24 99 10 67
92 8 89 14 98 79 64 78 19 34 72 87 1 45 25 35 63 26
0 66
99 17 58 86 75 81 68 84
85 7
78 42 36 12 30 49 55 50
152 37 28 57 85 23 39
14 56 33
123 48 2 20 5 21
108 80 40
34 76 27
69 59 18 44 13
19 96
103 61 62 3
22 4
124 51 97 31
