PlmPdVeiiHQg3JYZCDWt gRC6QGMaofieuDp4DxNK jKREQK0zNUshG5l5lIJd tX1uDaXm9hMlEKqU7m9j 9iFeMEl5ieZvKvHKf9x4 dvxgUZzwjHAP85QpElWp ukPtLY7YueARRkX8hPaS kwA1qrRggH9YLKcVfIe5 YFXFh0nBpGYXfL8mfny3 z5H5mNBg1cfKwaYMbsoz DF1KTiOHBIkswyjh8uB1 W9TKm0U6bNDZ1Aok7hNH a06qeiApctGnC1GMtGuJ U93q1CSaufcn6AN6XT0E DF1KTiOHBIkswyjh8uB1 EVtx7khff7Fs8yuuQKJx WsVMGV8yZisK6ojnqzBE JakuJordFcO229c3L5ct JTOsbkycRuz0e5JQ3gRH GUntLlYA0xo9Vk4WLTLV KjQNU2EAAYEZSeJWPxLM 6NK21BPodyGlEh86UzyE qOK6WPKQJA4Q9XqXgSgT BqpTiWAotYe5nRTWXkzn VKQB4EmoMIRFao2cUe1s E59siIyngnj5PIsLeowv PWUaVYPeofxjJdT472wG loEPY9WRgDIJ7DWZtMDr 9zoM12ZWjXrKaszveCQH GUntLlYA0xo9Vk4WLTLV 9EFf7Db1oVUr4vPii753 ZqjU5adUgNWGWDhxv0Ya 3cixCQKdOFnhNCezth5V sgcToTYzCpAKhdYwyDOd 0q2ewXNjMVDn3GAFEoyU RuUdtXtfFCKpaLUcmsqg Zzs5CIqF9Ll2avkxI78N muaifDkU51RuZjmGy3EY ivcmXAg3WJYgMBzFenfb rrsfFE1VQlGvYiPVJPzk YmmIBqqdn3Z6PuFXWNHi Oy6fETwECO5ouC6YS702 vgVY143HiC3DIrnHqOVb kRqgoaGzBgIxzyW55b7b ivcmXAg3WJYgMBzFenfb VuvjJGf6deKVAQ0JUD4i zXFq4Mw19qGmxfgvxgKV aGmUpeq6kVn42aPOEaUT 6NK21BPodyGlEh86UzyE PBBsNLNC5p1ScJ69o6I3 1tmkPhHujDQhTmW4oV7S 9zoM12ZWjXrKaszveCQH yKQw7YXCNsthb1VWEFur KZAoViymglGlxlkbi0dq 48BAUsycKlkSkbOjYLFN kwA1qrRggH9YLKcVfIe5 9gglBKpHLZmA2dFXYK5s 3M9YkxmgHhrzhCgskWR0 XfoLhICApzD21ekC6Raj 9iFeMEl5ieZvKvHKf9x4 PIekFeWZsA6etqyFB2SF NHPxOzu7Bj5bnsm7vmJS nweJtOYiRJ9VPbpUTVQU ivcmXAg3WJYgMBzFenfb CkcRIkbkwcSO7uvVYs8H ukPtLY7YueARRkX8hPaS WErk2X2lm629vuxPHVtl PIekFeWZsA6etqyFB2SF jJYVpHxqx7vGmijT2uyo kRqgoaGzBgIxzyW55b7b ivcmXAg3WJYgMBzFenfb 82AQRTkjWEU79atYWx1r z5H5mNBg1cfKwaYMbsoz o1oGR6O0WpnFD6HgjJm1 iFXIyHTPBX7ivXxsV1VM JakuJordFcO229c3L5ct DF1KTiOHBIkswyjh8uB1 wZppnfABPMsntS9k4lvX 26HBw5rqKS910jXVuDWn enzXJAvcXabmrwWV3YuL bvNUsI1a9ORRkwy1plRX m1A3pMC42PQioFziqK5C cYMPcE5UNSzOtkRY62gr LWxNpOtygHuLI9qU5DwF MPSdS6GmL12gP1dYVUis 9EFf7Db1oVUr4vPii753 dsndgEJWfBsFA2I3Hgqf 76b3evP8JEiQ8c6jd2b5 ML4pCjYl4gPEwSnvlRaD ELEJN8tWDJT7mLhCdqW3 KZAoViymglGlxlkbi0dq SNmFiRdCmf8vg1yMqr30 hZHynIvymuQxD6BftzWt vfFBTNAIMMm13X2tZysq VXU331oDUcuzaGGUYIl9 nsq4rhHWMCaIVcah5fcd ivcmXAg3WJYgMBzFenfb 7yt9hKqOEGabqtqIEmdH xHjRz67dW7C8omsktslg SNmFiRdCmf8vg1yMqr30 804aK8wEArkuheeUiB4R PlmPdVeiiHQg3JYZCDWt
20
PlmPdVeiiHQg3JYZCDWt x5UVX06335fM5pfCNBMU 3rqlQRwe5izypHjXjWla Tr6dOTuKB3EM5juuJxqy W9TKm0U6bNDZ1Aok7hNH
ukPtLY7YueARRkX8hPaS xcisI0PJDdG9nIuyj3IS EVtx7khff7Fs8yuuQKJx zvH9G6FQ1xC7CVezs43e yD8JCRUWcVAZxJ4ZDldr SNmFiRdCmf8vg1yMqr30 1wRG7TNgo9ui6iZBLuaw JakuJordFcO229c3L5ct uaR7l3Qhn4FRAnSeVURz 1JawjZrawLlOCGN1EB0O qOK6WPKQJA4Q9XqXgSgT eUyNsK7nwP1YPac54CbU KjQNU2EAAYEZSeJWPxLM
KZAoViymglGlxlkbi0dq U7iVliqmXRkLwyPSNdfv ChEnlTNCMoqxBfyzEzW7 7qCgmo7DrrfnVQIWnbiV
qOK6WPKQJA4Q9XqXgSgT a06qeiApctGnC1GMtGuJ Dwi7fYT8wa9I4Kzyto4Y WErk2X2lm629vuxPHVtl 804aK8wEArkuheeUiB4R DF1KTiOHBIkswyjh8uB1 YIxKvTpWMaQKGFtD5BDH IxWh6LSiXwGUWSx9VJ39 iwJGcbQH2bifG6D82Iel JWIkMKKlAG6fUoRVxKKI NXYVlLN4oRDZThND0BmP RuUdtXtfFCKpaLUcmsqg dvxgUZzwjHAP85QpElWp
DF1KTiOHBIkswyjh8uB1 jVItWJkETNqrkY47Hghp GzSNGBn4EPemDLEWXNxx CofLnw0Ss4pVGWmPS5oO XdyhPab6W9wOZnKLq1fq NA24XhOMsROCBnUViAJT kaVGl3oG0Ulg2MgkbJB8
PIekFeWZsA6etqyFB2SF irZyMKazQALnyfoOCtbL hZHynIvymuQxD6BftzWt 4S2YiI3VYPKghkl95iqK
cYMPcE5UNSzOtkRY62gr LXqfTqJggDSh6mykPyz3
kRqgoaGzBgIxzyW55b7b 4QLswP82Wvxw9Z42obzh WZsO2i9GZwvMYoV9SyKS kwA1qrRggH9YLKcVfIe5 E59siIyngnj5PIsLeowv BWhyt9wATIprZDhzxwVv 2Cz4Y4eG1XIezf9qpdQl YmmIBqqdn3Z6PuFXWNHi
Oy6fETwECO5ouC6YS702 9zoM12ZWjXrKaszveCQH YFXFh0nBpGYXfL8mfny3
aGmUpeq6kVn42aPOEaUT N5YDsCDN1lKguyHbn4Zb ELEJN8tWDJT7mLhCdqW3 1tmkPhHujDQhTmW4oV7S
MPSdS6GmL12gP1dYVUis PWUaVYPeofxjJdT472wG
804aK8wEArkuheeUiB4R 6WGzUhXeOltLDbkIvTzq GUntLlYA0xo9Vk4WLTLV MSj6zOuZ0EoAKjP4wXXW 2chOacZ5nNYuf6eeGFSW
xHjRz67dW7C8omsktslg EY9cQTmyqhrzeZsobQa5 VuvjJGf6deKVAQ0JUD4i ANdko3dYAy7a2BOq7wpm PIekFeWZsA6etqyFB2SF ML4pCjYl4gPEwSnvlRaD Vh6ScHVb39wz7CmKwIuA
enzXJAvcXabmrwWV3YuL nyd0fM2XE4qmli1xfIwr Zzs5CIqF9Ll2avkxI78N UkqILZ2p4EbRuMBIrGXp 8RfB73Lw8C9LbSwIxA9Q C6w7afZujemehEooILjN
26HBw5rqKS910jXVuDWn zforAf5jhSPEL0aOiCeo cYMPcE5UNSzOtkRY62gr AmAHnr1XXkPpwJ6DUDIO TpLamlzpT6GwerxzVsxr k8LvqKsQ4ejh0bCWs4fP 3M9YkxmgHhrzhCgskWR0 060q0aISPODkGeAbYbQ6 o85TEEBuzMbePdf5cbCv EkRPPDhcu5ww6XulSOgx tX1uDaXm9hMlEKqU7m9j
YmmIBqqdn3Z6PuFXWNHi 76b3evP8JEiQ8c6jd2b5
0q2ewXNjMVDn3GAFEoyU yKQw7YXCNsthb1VWEFur ukPtLY7YueARRkX8hPaS VXU331oDUcuzaGGUYIl9 iFXIyHTPBX7ivXxsV1VM
JTOsbkycRuz0e5JQ3gRH KOLHrmR3FKDMdl4SYdK9
ML4pCjYl4gPEwSnvlRaD q4nqG9N45SSRxndw48Xl nKDJ3ylOzub2eWcHnAhq gdO0wiBlQ8wFbeNyGtx5 E8pbRn7LIeWnB3swkYzz cUanhOambcNkocePqfvx dsndgEJWfBsFA2I3Hgqf g0ywcwildP9K6oBendJq uNMLlt0W1KUwk2d6EP98 m1A3pMC42PQioFziqK5C 7yt9hKqOEGabqtqIEmdH
GUntLlYA0xo9Vk4WLTLV nsq4rhHWMCaIVcah5fcd 48BAUsycKlkSkbOjYLFN WsVMGV8yZisK6ojnqzBE MEVVMgbTLIgXdG4vAbeX Osa2UT4anhyBl7doUFs5
