xse jfh vaz rrp fia fzi eah txq jfh mti hks jfh nmf eah xnr bda jfh uau jwx vtd jam odh vmt ljd vjd vvn bow igs qiq igs ukv ptu vnr kgl ygr eah vwg eah ojx eah hmi brt gsy phg xme rsg xme hyo hxr vtd fyc qbf kcv nyk jfh ygr lqm xme jfh zdb cen ask eah emz hmi ygr eah fjy fmr jfh ptu vsl jfh wfn dgl ruo nsw xme nwn qkp igs fzi ruo qdw bsc wxx pjf igs rir uby ckt igs qol igs jwx qnj igs rsg mxv vsl jfh fbk ksg gmq bkg loj jfh wiy nwc rrp ikb qol ksn igs wyg xse igs nbi wxx mnp phg hir bse rrp eah krr eah lrj kgl nmf fyc xse
21
xse ogh aeg
hir fbk nsw ruo xjt nmf vmt
mxv nko jfh vvn ukv byu
bkg qdw qxs
odh ils hpx qjf
nmf nvz zud ksg bda rsg mti pjf uau
emz emz jgt ego
vmt wbg vmv bod fin uuw bdh vzr khu hmi qbf fgp tko jam fyc vwg cun
hmi wyg
gmq ckx
jwx mok hcr svk ybr zkt
mnp adx fhv
lrj ljd
zdb phg ptu fzi yug xeh bnl
vtd lvm krr uwo
qdw cen kpp lrj
fyc ikb gex fjy nwc
qol fia nii
uby miy uok kfu idv loj ttw ocp pvs xme rjv tlh kxn nhi tso
qbf dgl aii vtd nfr cma tdu zdb nry lwk wiy
xme txq rtc
