Vernon Glencoe Portola Davenport Glennville Northern California Glencoe Castle Skydive Cambridge Cerro Chittenden Castle Washington Vernon Church Cypress Veterans Bangor Santa Carmel Louis Portola Buena Bonny Civic Madera Rowland City Susan Portola East Jacumba All Cherokee Castle Flinn Parchester Castle Rough Clayton Palomar California Singing Stanton Marina Le Bonita Stone California Woody Delta Castle Ellis Livingston City Ballena Industry Pumpkin Kentfield Castle Livingston Castle Oildale Louis Aptos Castle Warner Blue California Smartsville Calaveras Castle Flying Roseland Castle Manker Castle Dulzura Inaja Bodad Castle Portola Fiorini City Smith City Olivehurst Dutch Dulzura Castle Warner Castle Pleasant Castle Cerro Castle Rough Castle Kentfield Castle Potrero Palomar Portola Le Carnelian Creston Balboa Hub California Clipper City Chicken City Bodad Castle Collins Carnelian Boulder California Jacumba Stanton Patrick Stanton Magic Roseland Encanto Buena Portola Davis Castle Collins Industry City Sherman Wallace California Woody Terra Butte Boulevard Aptos Carnelian Sherman City Smartsville California Magic Stanton Patrick Chicken City Huron Castle Ophir Vernon
21
Portola Rough Yankee Garcia Rowland
Cypress Portola Cerro South Winterhaven Ritter Timbuctoo Wallace
Creston Temecula
Pleasant Santa Robertsville Pacheco
Magic Calaveras Sulpizio Clayton
Glencoe Smoke Hammer Tijuana Terra
Dutch Quail
Chittenden Cressey Presidio Alamo Grasslands All Chittenden Blue Glencoe Anaheim Civic
Carmel Strawberry Buena Mecca Downtown Del Capuchino Le
Fiorini Lake Armstrong Bodad Sherman Donner Cypress Three
Bonny Ramona Woody Bell Escondido Fiorini Fullerton
Woody Cudahy Escalon Manker Veterans Flinn Cabbage Hoffman
Smartsville Coddingtown Bradley Potrero Roseland Collins Industry
Palomar California Huron Fox Davenport Bangor
Collins Sunny Delta Industrial Stockdale Bonny Sacramento Brundage Costa
Cerro Yurok
Louis Carmel Smith Dulzura Beach Helm Crestmont Marshall
Oildale Forbestown Cambridge Parchester
Washington Richvale Louis Antelope Pleasant Moores
Blue Kaiser Saint Warner Balboa
Olivehurst Bakersfield
