loc0 loc1 loc9 loc128 loc1 loc3 loc108 loc43 loc1 loc164 loc3 loc133 loc30 loc3 loc119 loc103 loc125 loc1 loc54 loc16 loc2 loc188 loc74 loc85 loc6 loc153 loc28 loc91 loc2 loc181 loc17 loc0 loc129 loc182 loc0 loc110 loc40 loc149 loc40 loc23 loc0 loc87 loc130 loc13 loc56 loc39 loc134 loc167 loc0 loc133 loc0 loc17 loc83 loc1 loc58 loc125 loc92 loc0 loc111 loc84 loc2 loc35 loc87 loc117 loc2 loc71 loc92 loc71 loc45 loc165 loc141 loc140 loc178 loc0 loc196 loc0 loc151 loc106 loc6 loc71 loc139 loc0 loc2 loc58 loc1 loc14 loc131 loc0 loc36 loc4 loc80 loc2 loc178 loc0 loc199 loc185 loc178 loc98 loc133 loc1 loc54 loc72 loc86 loc0 loc95 loc0 loc98 loc0 loc26 loc0 loc34 loc0 loc36 loc8 loc0 loc75 loc162 loc44 loc101 loc149 loc58 loc8 loc39 loc139 loc87 loc0 loc153 loc20 loc134 loc183 loc0
22
loc0 loc127 loc197 loc97 loc177 loc81 loc119
loc34 loc161 loc169 loc129
loc106 loc23 loc149 loc25
loc71 loc167 loc159
loc44 loc115 loc179
loc14 loc77 loc123 loc55
loc178 loc17 loc143 loc193 loc189 loc75 loc113 loc199 loc27
loc54 loc89 loc137 loc195 loc153 loc49 loc99 loc45
loc149 loc121 loc69
loc139 loc131 loc163
loc167 loc37 loc101 loc79 loc111 loc165 loc47 loc91 loc181 loc59
loc110 loc29 loc95 loc19
loc128 loc183 loc71
loc98 loc15 loc103 loc139
loc92 loc65 loc171
loc40 loc109 loc67 loc155
loc36 loc39 loc31 loc117 loc173 loc11 loc147 loc35 loc157
loc39 loc187 loc13 loc9 loc141 loc145 loc151 loc87 loc1 loc133 loc33 loc107 loc61 loc83 loc5 loc93 loc185 loc57 loc105 loc43 loc175 loc73 loc135
loc164 loc53
loc58 loc125 loc3
loc131 loc51 loc41 loc21 loc85 loc63
loc129 loc7 loc191
