1 5 6 35 36 35 158 3 198 3 78 19 18 17 21 22 3 126 83 84 83 22 21 20 19 46 3 166 3 22 23 22 75 74 73 74 75 86 87 86 123 54 3 142 3 174 107 190 131 70 3 46 115 182 181 177 178 179 14 83 62 61 62 195 6 59 58 59 6 195 78 3 110 75 6 67 62 63 64 63 62 35 6 27 134 3 78 77 78 155 30 3 54 3 70 91 102 3 118 119 120 119 118 83 118 99 100 99 6 19 6 59 6 35 36 35 22 27 166 3 78 79 78 3 14 27 6 43 198 107 38 37 33 34 35 134 133 132 131 62 131 110 3 142 143 142 3 158 43 6 139 86 87 88 87 86 139 190 3 198 163 164 163 70 3 174 3 110 91 92 96 92 91 166 167 168 164 165 161 165 166 123 198 199 198 59 54 43 6 99 182 3 62 3 110 27 6 155 86 3 190 191 190 3 62 51 190 191 192 188 187 6 5 1
22
1 5 199 197 196 2 4
123 122 130 116 157 154 148 114 69 68 77 127 124 125 178 133 180
17 18 21 10
54 53
99 98 92 103 101 100
133 132 135
62 63 52 191 50 108
88 34 183
64 71 74
107 167 165 173 143 170 141 138 106 109 111
182 42 39 37 36
58 58
91 119
142 146 149 140
23 23 26 20
155 181 175 172 188 7 117 13 15 12
164 162 159 156
191 194 189 186
51 151 55 31 29 28 90
73 82 79 76
96 93 164 95 84 87 85
102 45 60 61 66 44 47
