Ippudo Platano Soda HildebrandHall TPTea Campanile LeConte AmoebaMusic GrizzlyPeak FoxTheater GrizzlyPeak AmoebaMusic LeConte AshaTeaHouse JacobsApartment NorthBerkeleyBart JacobsApartment AshaTeaHouse CaliforniaHall Gadani Rachas LiKaShing SmokesPoutinerie Bowles HearstAnnex Bowles AshaTeaHouse CaliforniaHall Gadani CaliforniaHall AshaTeaHouse LeConte Wikiwiki Underhill HortonHall Stern BerkeleyHigh Toss BerkeleyHigh TennisCourts BancroftLibrary LittleCampanile EastAsianLibrary LittleCampanile WindmillCoffee PokeBar Plentea PokeBar Homeroom TheHabit Ikea Milkbomb Foothill Milkbomb ThaiBasil SutardjaDai BerkeleyThaiHouse HeatCafe BerkeleyThaiHouse SutardjaDai ThaiBasil HesseHall ThaiBasil Milkbomb Ikea GiauqueHall Mezzo Moffit Mezzo BerkeleyArtStudio Quicklys PeoplesPark ThaiNoodle Cafe3 ExtremePizza LaNote Toss BerkeleyHigh Stern ClarkKerr Gongcha Ikes Fengcha LittleBird FoxTheater LakeAnza VLSB Morganhall GiauqueHall Mezzo HAAS Chipotle Staples Chipotle HearstMining Campbell MemorialGlade Namaste StrawberryCreek TennisCourts BerkeleyHigh TraderJoes YogurtPark GreatChina YogurtPark OptometryBuilding BenAndJerry DollarTree ClarkKerr BSC TukTukThai DavisHall Cinnaholic Tilden Gather TraderJoes Gather Tilden HeatCafe SaturnCafe BerkeleyArtStudio Quicklys PeoplesPark ThaiNoodle Cafe3 LeConte AmoebaMusic GrizzlyPeak FoxTheater LittleBird Fengcha UniversityVillage Dwinelle GiauqueHall Mezzo HAAS Mezzo GiauqueHall Dwinelle UniversityVillage TToust EndlessSweets HalalGuys Gadani CaliforniaHall HearstGym Boalt Jupiter Morganhall GiauqueHall Mezzo GiauqueHall Ikea Milkbomb BotanicalGardens Milkbomb Ikea Eureka Ikes BetaLounge Ikes Eureka Ikea TheHabit FireTrails BrandyMelville ThaiBasil SutardjaDai Rachas Gadani Marugame BobbyGPizza BagOCrab GreekTheatre ACuppaTea Wikiwiki NoodleGirl MSRI Gongcha ClarkKerr Plentea PokeBar WindmillCoffee PokeBar Homeroom Underhill Wikiwiki CVS Jupiter TopDog Jupiter Boalt SproulHall BerkeleyBart BigC TenderGreens BigC BerkeleyBart Barrows HeatCafe Tilden Gather TraderJoes BerkeleyHigh TennisCourts BobaNinja TToust UniversityVillage UCafe Flavia HearstGym LaBurrita BerkeleyBart BigC TenderGreens BigC BerkeleyBart Barrows HeatCafe Tilden Gather TraderJoes YogurtPark OptometryBuilding LaBurrita Unit3 Eshelman Namaste MemorialGlade Namaste StrawberryCreek Morganhall Jupiter CVS Wikiwiki NoodleGirl Teazone NoodleGirl Unit3 Eshelman Unit3 Underhill HortonHall Stern BerkeleyHigh TennisCourts BancroftLibrary LittleCampanile EastAsianLibrary Campbell HearstMining Chipotle HAAS BerkeleyRoseGarden Spats Evans DavisHall TukTukThai Venus TukTukThai BSC ClarkKerr Gongcha Ikes Eshelman Unit3 LaBurrita OptometryBuilding BenAndJerry Marugame BobbyGPizza Marugame Gadani CaliforniaHall AshaTeaHouse CaliforniaHall HearstGym Flavia UCafe Bonchon Wheeler Chipotle HearstMining Campbell MemorialGlade Namaste Bowles SmokesPoutinerie LiKaShing Rachas Gadani HalalGuys LittleBird FoxTheater LakeAnza VLSB Morganhall StrawberryCreek Namaste StrawberryCreek TennisCourts BerkeleyHigh Toss Etcheverry Marugame Gadani Rachas SutardjaDai ThaiBasil Milkbomb ThaiBasil Milkbomb BotanicalGardens AmoebaMusic LeConte Campanile Cornerstone Campanile LeConte Cafe3 ExtremePizza LaNote Toss BerkeleyHigh TraderJoes Gather Tilden HeatCafe Kresge AndrewsApartment Flavia HearstGym CaliforniaHall AshaTeaHouse Bowles AshaTeaHouse Barrows HeatCafe Tilden Cinnaholic HortonHall Cinnaholic Tilden HeatCafe SaturnCafe HeatCafe Tilden LatimerHall Jupiter CVS Wikiwiki LeConte Cafe3 GPB AuCoquelet GPB Cafe3 LewisHall BagOCrab LawrenceHall BagOCrab GreekTheatre ACuppaTea Wikiwiki Underhill Homeroom Underhill HortonHall Cinnaholic Tilden Gather Tilden GreekTheatre BagOCrab LawrenceHall HearstAnnex Pappys SuperDuperBurgers ThaiBasil BrandyMelville FireTrails TheHabit Ikea GiauqueHall Mezzo HAAS Chipotle LaBurrita Unit3 Underhill SteamTrains BotanicalGardens AmoebaMusic GrizzlyPeak AndrewsApartment Flavia UCafe Bonchon Cinnaholic HortonHall Underhill Unit3 LaBurrita HearstGym Boalt Cory NatApartment Rachas SutardjaDai ThaiBasil SutardjaDai BerkeleyThaiHouse HeatCafe SaturnCafe BerkeleyArtStudio Quicklys PeoplesPark ThaiNoodle Cafe3 LewisHall SmokesPoutinerie Flavia UCafe Bonchon Cinnaholic DavisHall NorthHall Yifang DurantHall ZellerbachHall McDonalds ZellerbachHall Tzone Chipotle LaBurrita HearstGym Boalt Jupiter LatimerHall Tilden GreekTheatre Tilden Cinnaholic HortonHall Underhill Unit3 NoodleGirl MemorialStadium NoodleGirl Wikiwiki LeConte Cafe3 LeConte AshaTeaHouse CaliforniaHall HearstGym WursterHall Spats Gather Tilden GreekTheatre BagOCrab GreekTheatre Tilden HeatCafe SaturnCafe BerkeleyArtStudio Mezzo HAAS Cream BerkeleyWayWest Artichokes MemorialStadium Cheeseboard BancroftLibrary TennisCourts StrawberryCreek TennisCourts TPTea HildebrandHall Soda Platano Ippudo
32
TraderJoes TraderJoes
Boalt TopDog LaBurrita WursterHall
Rachas HalalGuys Gadani
Homeroom LaNote TacoBell TheHabit MulfordHall
HearstGym Bonchon
WindmillCoffee EastAsianLibrary Gypsys Platano
SmokesPoutinerie BanshoRamen
Eshelman KroeberHall Namaste AshaTeaHouse StrawberryCreek Wikiwiki
GreatChina GreatChina SatherGate
FoxTheater Raretea
VLSB Morganhall Jupiter Ucha
HortonHall Artichokes HappyLemon SnackShack
Cornerstone BSC UrbanOutfitters Cornerstone AndrewsApartment ChezPanisse
TukTukThai Spats Gather NorthHall TukTukThai Venus
Pappys Milkbomb Kips Muraccis EastBaySpiceCompany SuperDuperBurgers ThaiBasil
Cafe3 AmoebaMusic ExtremePizza
Moffit Mezzo BerkeleyArtStudio OptometryBuilding PokeBar Homeroom Plentea
TopDog Firewings Quicklys JambaJuice ThaiNoodle
BetaLounge BetaLounge
BagOCrab Yifang
MemorialGlade MemorialGlade Eureka
McDonalds ImmThai Pappys Morrisonhall
Gather Slivers TripleRock HortonHall LatimerHall
BerkeleyHigh ClarkKerr Gongcha Target LowerSproul Shengkee
Teazone LittleCampanile TPTea BobaNinja Crossroads
Etcheverry Marugame
Bonchon Wheeler Chipotle
AndrewsApartment McDonalds Cheeseboard Underhill SweetheartCafe PeoplesCafe
TenderGreens Safeway SaturnCafe BigC SproulHall TenderGreens Teazone
HearstAnnex LewisHall Cafe3 SmokesPoutinerie UCafe TheDwight
Mezzo GrizzlyPeak
ThaiBasil Rachas Ikes Fengcha
