S B C 4 U 29 28 29 U 4 P B S B P F E J O W G 7 12 17 Q Q3 127 E3 127 Q3 Q 17 12 7 G W O 2 T 6 V 38 39 40 41 40 39 38 V 1 I B2 C2 H2 C2 B2 I 1 V 6 T 2 O W G 7 12 17 Q Q3 50 51 128 P3 64 P3 128 51 23 19 14 9 H 10 T 8 M N 28 34 28 N V 1 V N U D C B P 8 T 10 H 9 14 19 23 19 20 15 Y 5 Z 6 M 4 C D 24 25 26 27 26 25 24 D U N V 1 I B2 I 1 V N U D C B S F K 8 M N V 1 I B2 C2 H2 C2 B2 I 5 I B2 G2 L2 Q2 Y2 74 54 59 65 59 54 74 Y2 Q2 L2 G2 H2 I2 J2 K2 J2 I2 N2 T2 U2 O2 N2 M2 L2 16 15 16 L2 M2 H2 I2 J2 I2 H2 G2 11 Y 9 14 19 20 R Q2 R2 T2 U2 A3 U2 O2 N2 M2 N2 O2 U2 O2 J2 E2 D2 C2 B2 I 1 I B2 C2 H2 M2 R2 Z2 Z3 55 60 66 60 55 Z3 52 B3 A3 U2 O2 J2 I2 J2 K2 P2 V2 49 53 A2 53 B3 52 Z3 74 73 72 51 50 131 F3 K3 F3 131 50 51 72 73 74 Y2 Q2 L2 G2 B2 C2 D2 E2 J2 O2 U2 A3 B3 57 62 68 62 57 B3 A3 U2 O2 J2 E2 F2 E2 D2 C2 B2 G2 L2 Q2 Y2 74 54 59 65 79 86 94 86 W3 X3 Y3 82 68 67 66 65 N3 M3 78 75 78 M3 58 129 128 129 130 54 55 56 61 67 81 X3 81 80 79 V3 78 M3 58 129 72 W2 20 19 18 17 Q Q3 127 E3 J3 O3 77 G3 95 111 112 111 95 G3 77 76 84 75 78 M3 58 U3 59 60 61 60 59 U3 58 P3 F3 K3 70 76 91 L3 113 L3 91 G3 77 O3 J3 E3 127 131 128 129 130 54 55 56 61 67 81 X3 D3 I3 104 105 106 99 94 86 79 80 79 V3 78 71 70 76 84 75 78 M3 N3 65 66 67 68 62 63 A2 53 49 V2 P2 K2 J2 I2 H2 G2 11 Y 9 H 10 T 8 P B S
23
S A B
74 Z3 X2 Y2
T P O K X W
K E J F
Q3 Q
Z R Y I Z H T
78 M3 V3 N3 W3
76 H3
J2 Q2 R2 L2
U C D
34 M N
B2 G2 H2 C2 V
94 C3
27 U
K3 W2 E3 Q3 P3 F3
75 J3 K3
68 Y3 A2 T2 U3
9 L G
Y3 I3 D3 X3
K2 U2 N2 M2 Z2 D2 B2 I2 J2 E2 O2 V2 K2 F2 P2
A3 A3 B3
113 L3 O3 G3
106 R3 T3
