0 4 15 113 1 146 150 96 101 44 94 130 147 0 146 77 36 85 124 4 50 4 119 27 42 39 145 125 0 147 0 124 16 136 0 117 83 151 129 52 62 1 28 1 9 1 62 2 45 53 161 83 96 58 128 136 0 45 81 131 60 149 21 24 0 86 23 149 48 6 88 83 1 9 2 7 38 1 95 1 38 161 162 163 164 165 166 165 164 163 162 163 164 165 166 167 168 169 170 171 172 173 174 175 174 173 172 171 170 171 172 173 174 175 174 173 174 175 176 177 178 179 180 181 180 179 178 177 176 177 178 177 176 177 178 179 180 181 182 183 184 185 186 185 184 183 182 181 182 183 184 183 182 181 180 179 178 177 176 175 174 173 172 171 170 169 168 167 166 165 164 163 162 161 43 6 69 188 189 190 191 192 193 194 195 196 195 194 193 192 193 194 195 196 197 198 199 198 197 196 195 194 193 194 195 194 195 196 197 198 199 198 197 196 195 194 193 192 191 190 189 188 69 2 0
25
181 181 180 179 183 182
0 118 68
175 175 174 173 172 171 168 169 170
38 146 159
176 177 176 178
186 187 185 186 184
77 142 12
15 56 5
146 121 124 148 151 60 83 61 51 54 77
24 72 24 35
45 163 162
166 164 166 167 165
52 43 107
60 19 122 129 135 66
194 192 194 193 195 196
50 13 34 7
129 153 53
192 191 190
21 188 189 3 36 44 73 62
58 112
147 94 80 28 65 47 59 160 155 102 95 69 157 86 133
199 198 199 197
113 31 101 120
95 143 145
145 140 22 2 67
