stop0 stop109 stop0 location13 stop1 stop171 stop1 stop9 location20 stop4 stop81 stop3 location28 stop1 stop134 stop1 stop24 stop1 location2 stop36 stop15 stop99 stop0 location18 stop81 stop31 stop116 location23 stop0 stop124 stop0 stop145 stop87 stop3 stop81 stop3 stop50 stop3 stop62 stop192 location28 stop38 stop0 location14 stop0 location12 location9 location25 stop0 stop5 stop61 location8 stop84 stop70 location1 stop0 location23 stop10 stop176 stop1 stop0 stop13 stop14 stop2 stop36 stop6 stop12 stop4 stop81 stop3 stop48 stop3 stop87 stop15 stop23 stop70 stop50 stop3 stop25 stop0 stop159 stop0 stop61 stop12 stop52 stop191 stop0 stop95 stop0 stop6 stop0 stop101 stop9 stop42 stop1 stop69 stop60 stop68 stop3 stop171 stop194 stop4 stop15 stop88 stop0 stop65 stop49 stop19 stop72 stop0 location24 stop0 stop22 stop138 stop0 stop24 stop112 location8 stop0 location28 stop1 stop166 stop6 stop162 stop6 stop56 stop3 location28 stop155 stop1 stop74 stop2 stop22 stop9 stop33 stop3 location22 stop48 stop0 stop133 stop10 stop197 stop6 stop75 stop128 stop0 stop11 location23 stop91 stop78 stop95 stop0
20
stop0 stop0 stop58 stop70 stop181 stop133 stop197 stop189 stop182 stop122 stop22 stop33
stop171 stop171
stop159 stop124 stop123 stop15 stop102
stop42 stop147 stop84 stop3 stop126 stop54 stop158
stop38 stop88 stop2 stop128
stop91 stop130
stop65 stop92 stop41
stop60 stop17 stop64 stop109
location1 stop162 stop18 stop73 stop55 stop60
location18 stop4 stop106 stop138
stop162 stop150
stop6 stop72 stop90 stop31
stop5 stop13 stop44 stop89 stop114 stop68 stop176 stop153 stop139 stop7 stop155 stop69
stop24 stop180 stop100 stop65 stop39 stop167 stop23 stop148 stop183 stop187 stop159 stop186 stop144 stop142 stop192 stop199
location22 stop163 stop112 stop135 stop172 stop38 stop21 stop40 stop8
stop95 stop101
stop11 stop14 stop42 stop62 stop34 stop74 stop51 stop9 stop35 stop105
stop22 stop156 stop194 stop195 stop81 stop77 stop166
location2 stop96 stop145 stop191 stop137 stop80 stop25
stop56 stop16
