Hayward Norwich Paterson VeroBeach Monroe FortWaltonBeach Syracuse SantaBarbara Salem Baltimore Fresno SaintPetersburg SanJose Eugene Roseville Lorain RoundLakeBeach Nashua Cambridge Bakersfield SouthBend SantaMaria SouthBend Bakersfield Concord Bakersfield Lafayette GreenBay Laredo Paterson VeroBeach PalmBay Cambridge Visalia Layton SanBuenaventura Layton Tacoma Merced Medford Anchorage Visalia Anchorage ElPaso SaintPaul Youngstown SouthBend NorthLasVegas KansasCity Eugene MyrtleBeach Carrollton Boulder Hemet Fairfield Shreveport Reno Medford Hayward Norwich Anchorage Carrollton MyrtleBeach Eugene Torrance Albuquerque Oxnard SanBuenaventura Tucson NewYork Tucson PuntaGorda Hagerstown Detroit Merced ElMonte Boston Hialeah Roseville Monroe FortWaltonBeach RoundLakeBeach Arvada Youngstown OverlandPark Savannah Lacey Murrieta SanBuenaventura Oxnard PembrokePines Frederick Lafayette GreenBay Duluth Elkhart Seaside CapeCoral Huntsville Fargo SouthBend Burlington HavredeGrace PuntaGorda Tucson SantaClarita Racine Melbourne Arvada Boulder Louisville SiouxCity Monroe FortWaltonBeach Laredo Roseville Topeka Warren DesMoines Columbus DesMoines Warren CathedralCity NewBedford SouthLyon Utica Pittsburgh Hartford SanBernardino PortStLucie Deltona Tucson Deltona PortStLucie Fullerton Lorain Anchorage Minneapolis Frederick FortWaltonBeach RoundLakeBeach Kalamazoo Worcester Burlington HavredeGrace York Downey Kaneohe StLouis Norwalk Jefferson Scranton Jefferson Norwalk StLouis DesMoines Warren Tallahassee LasVegas Medford Anchorage Orem Lacey Plano Fullerton Flint Fullerton Toledo Salem Poughkeepsie Elkhart Seaside RichmondCounty Torrance Eugene Anaheim SanBuenaventura Hemet PuntaGorda BatonRouge Nashua Cambridge Lincoln Sacramento MorenoValley Columbia MorenoValley Harrisburg Downey Hartford NorthLasVegas SterlingHeights Lafayette SanJose Eugene Roseville Hialeah Harlingen HavredeGrace PuntaGorda BatonRouge PuntaGorda Hagerstown Detroit Duluth SaintPaul ElPaso Anchorage Carrollton OverlandPark NewBedford CathedralCity Bethlehem Huntsville Downey Eugene Roseville Monroe FortWaltonBeach Brighton Hayward Waterbury ThousandOaks PortSaintLucie Pueblo Youngstown Arvada RoundLakeBeach Independence Cincinnati Roseville Laredo PembrokePines Layton SanBuenaventura Hemet PuntaGorda BatonRouge Eugene Fitchburg SanBernardino Pueblo Waterbury Victorville Waterbury Pueblo GrandRapids RichmondCounty Seaside CapeCoral PalmBay Cambridge Scranton SanBernardino Mobile Hemet PuntaGorda Hagerstown Youngstown SaintPaul GrandRapids Burlington LasVegas SiouxCity Monroe Escondido Monroe Roseville Hialeah Albuquerque Oxnard Phoenix Boulder Anchorage Norwich Hayward
25
Visalia Tyler Charlotte Champaign Lubbock Scottsdale Henderson LakeCharles GreenBay
Boulder Hemet Mobile PuntaGorda
Minneapolis RoundLakeBeach Barnstable Fresno Racine LasVegas Waterbury Pueblo Hialeah
PuntaGorda RichmondCounty Topeka Kalamazoo Birmingham
SanBuenaventura Boise Newark Layton SanBuenaventura Norwich Anaheim
PortStLucie Marina Kissimmee Arvada Laredo HuntingtonBeach Bloomington Hagerstown SaintPaul Louisville
OverlandPark Aberdeen
SouthBend Marysville
MyrtleBeach ElPaso Anchorage Scranton
FortWaltonBeach Flint Newburgh Downey
Monroe Monroe
PortSaintLucie Oxnard
GrandRapids Burlington HavredeGrace Utica Vancouver Olympia SantaClara
LasVegas Ogden Omaha Hartford Tucson
Oxnard Spartanburg Mesquite NewBedford
Lafayette Bethlehem Deltona York Salem NewYorkCity CathedralCity
Scranton Melbourne
Syracuse GrandRapids Duluth Detroit Fullerton Bakersfield
Columbus McAllen ThousandOaks Frederick JohnsonCity
Salem Cincinnati
Tallahassee SiouxFalls
Harlingen Huntsville StLouis Nashua Albuquerque Harlingen Greenville Plano NorthLasVegas Eugene Elkhart
Eugene CorpusChristi PalmBay Stamford OverlandPark Columbus Torrance Modesto
Sacramento NewportNews Savannah Lacey
Arvada CapeCoral
