AndyandZeyu e d j b e AndyandZeyu e10 AndyandZeyu b6 AndyandZeyu i0 AndyandZeyu b3 AndyandZeyu j15 e16 j15 AndyandZeyu g0 AndyandZeyu d12 AndyandZeyu g6 AndyandZeyu AndyandZeyu1 AndyandZeyu f2 h2 AndyandZeyu2 e2 AndyandZeyu j2 AndyandZeyu b3 AndyandZeyu AndyandZeyu17 AndyandZeyu i3 AndyandZeyu j3 AndyandZeyu f8 AndyandZeyu f4 AndyandZeyu AndyandZeyu12 c12 AndyandZeyu12 AndyandZeyu j5 AndyandZeyu b4 AndyandZeyu AndyandZeyu11 AndyandZeyu b10 g10 b10 AndyandZeyu e AndyandZeyu b14 AndyandZeyu f15 AndyandZeyu j5 e6 j5 AndyandZeyu AndyandZeyu6 AndyandZeyu i0 AndyandZeyu j5 AndyandZeyu d7 h7 d7 AndyandZeyu AndyandZeyu18 AndyandZeyu e7 g7 e7 AndyandZeyu AndyandZeyu8 d8 g8 AndyandZeyu8 j7 AndyandZeyu8 AndyandZeyu e13 AndyandZeyu AndyandZeyu8 AndyandZeyu b9 h9 d9 AndyandZeyu e12 g12 e12 AndyandZeyu b10 j9 b10 AndyandZeyu e8 AndyandZeyu h10 AndyandZeyu f10 AndyandZeyu10 g10 AndyandZeyu10 f10 AndyandZeyu j10 c11 j10 AndyandZeyu f6 AndyandZeyu AndyandZeyu7 b7 AndyandZeyu7 AndyandZeyu g4 AndyandZeyu c0 d0 c0 AndyandZeyu AndyandZeyu12 b12 i12 c12 AndyandZeyu12 AndyandZeyu b16 d16 b16 AndyandZeyu f13 b13 i13 AndyandZeyu AndyandZeyu8 AndyandZeyu b9 AndyandZeyu9 b9 AndyandZeyu f11 AndyandZeyu h14 AndyandZeyu i6 AndyandZeyu f15 AndyandZeyu15 b15 AndyandZeyu i11 AndyandZeyu AndyandZeyu8 AndyandZeyu f16 AndyandZeyu f15 AndyandZeyu e17 g17 e17 AndyandZeyu j2 AndyandZeyu f10 AndyandZeyu b15 j14 b15 AndyandZeyu d17 i17 AndyandZeyu17 AndyandZeyu c0 AndyandZeyu0 c0 AndyandZeyu c18 AndyandZeyu h16 AndyandZeyu e8 AndyandZeyu i18 AndyandZeyu
20
AndyandZeyu i13 h5 g11 i5 h1 i11 h16 g16 g0 i0 i18 j3 i3 f14 g14 h11 j10 j13 i16 h4 g4 f16 g8 j i h6 j5 g1 f1 i1 f5 j4 g5 i14 h14 f18 j17 h18
e6 f6 g6 i6
AndyandZeyu17 f17 j16 h17 i17 g17
f16 j15
AndyandZeyu8 f8 j8 j7 i8 h8
AndyandZeyu1 j1
e10 j9 h10 g10 i10 f10
c11 f11
i12 h12 g12 i12 j11 f12
b13 g13 j12 f13 h13
e h g f
h9 i9 f9 g9 h9
b3 g3 h3 f3
j2 h2 i2 f2
f15 f15 g15 j14 h15 i15
b4 i4 f4
g0 h0 f0 j0
h2 g2 j2
h7 g7 i7 j6 h7 f7
i18 g18 j18
