A TA1912NN A O TA4 TA82N C P2 F TA1512NN H12 X1 TA182N TA312NN A TA19 TA1 TA1712NN B TA231 H TA24 F12 G1 TA1012NN U2 TA12 Y2 B TA7 B TA192N TA21 K TA612NN TA91 C G A TA162N TA212N B TA TA61 TA6 TA212NN H12 TA112N TA1712NN TA11 M TA17 I E1 I J2 TA512NN A1 L R1 A TA12NN TA182N G TA2412NN A A1 H2 A TA222N TA24 A TA5 TA11 TA212NN TA14 TA171 I12 G1 E J E R12 O1 C B TA31 TA20 S W B TA A TA31 TA52N U12 TA112NN TA141 M2 D P1 A Q TA1 TA112N C M N12 C B C2 M L I H TA1012NN G12 C12 TA10 D W1 D1 N A1 D A12 P2 P G12 O2 TA19 A
20
TA52N TA121 TA6
O1 TA22 TA62N TA122N TA12N TA42N TA52N TA3
H12 TA2212NN TA612NN TA2N TA182N TB11 TA131 TA212N TA241 TA211 TA132N TA92N TA161
U2 TA18 TA23 TA41 TA151
K TA171 TA152N TA221 TA412NN TA51 TA
TA TA212NN TA2 TA12NN TA112NN TA191 TA162N
TA171 TA17
TA1 TA142N
TA11 TA141 TA19 TA172N TA1212NN TA61 TA1812NN TA1612NN TA232N TA13
I TA202N TA20 TA1112NN TA4 TA812NN TA201
TA6 TA5 TA9 TA222N TA2012NN TA72N TA71 TA11 TA111
O TB21 TA2312NN TA22N TA181 TA21 TA512NN TA82N TA1 TA7 TA312NN TA1312NN
TA222N TA1712NN TA81 TA1012NN TB1 TA14 TA1412NN TA712NN
G TA112N
R1 TA16
P1 TA10 TA12 TA242N
TA212NN TA8
P2 TA2112NN TA1512NN TA2412NN TA24 TA231 TA32N
TA1012NN TA102N
TA61 TA1912NN TA31 TA912NN TA15 TA91 TA101 TA192N
