IvOdahrtFwzZ ZPYnROAizafx wXjNgGRCXYRl ZPYnROAizafx nxbMBCPhfQij yFQWQWtUUMle WsLfQLsirtHk ZPYnROAizafx EKWhDcEeEkGK FenKhdsiadPr iCJxwFELfPya WUHzPIhaINNz TglqUXfjbefC OaFvNWZuTHit IcNVObbuvzWY EUIZeYDuGKec xIUhUxhCILsJ jUpZsMKPsWME lRgeGnDJBtMa KpiCGGuakHIr ZPYnROAizafx zcAOlsVDUDkc EKWhDcEeEkGK vRfpxkfTkxRJ TKKLChjfijhn EUIZeYDuGKec BujzcwTOtypK ZPYnROAizafx SnErwRYEuFXf lRgeGnDJBtMa ZPYnROAizafx YyCbFndgmpDL BdgcPRHAevMd ZPYnROAizafx AhJBAeSEuUkL ZPYnROAizafx TZmWJenJbEsV DarYoJPRvpJy fiHhqLtPfdZy JNoAmCxHcsYw EnxwoQoiuLow ZPYnROAizafx EKWhDcEeEkGK IcNVObbuvzWY etbjZlqcYdPF cxysDYemjhta XUPTpPSzeKdd IQvKLYGCcCbd tFUGlRwdZPSe ZPYnROAizafx uaSeXTkrhIdS TTwdgXpOLyxF vfHFyZGRGvFq pJYrGRIbLWnD HOzyAfsDoQkb WnABnktZDxMx ZPYnROAizafx EOKLHvbbCToE NxxrxPgsnMqG EKWhDcEeEkGK xIUhUxhCILsJ ZPYnROAizafx lRgeGnDJBtMa qxhFFIUEfnzV ZPYnROAizafx TTwdgXpOLyxF WHSGrQQrrotE QxNjgiXciQma nxbMBCPhfQij jUpZsMKPsWME ZPYnROAizafx yVSfaizVeLPT ZPYnROAizafx ynBAbhbIrUei KIFXVOTzTwvk fiHhqLtPfdZy awuknolWPSuP AuldkFyUpsYo ZPYnROAizafx qFGlIHDqKyPA RQBxIsRWzmfl ctZWqndwhbJm kzPlYxPdIHVo LTAwItzHPRQl ubtvaUeVUfmV ZPYnROAizafx qlMzHEurfTvO LdhPogfUCfUq OaFvNWZuTHit dXlgwkdKhUmB TAclfZjkIgUg ZPYnROAizafx zcAOlsVDUDkc qlMzHEurfTvO KtoZVrQmJWki YIFfrMiRNqqd OaFvNWZuTHit IfTQNEFsiTgr TAclfZjkIgUg ZPYnROAizafx WsLfQLsirtHk iCJxwFELfPya QFfSmYtuSTPl iCJxwFELfPya SnErwRYEuFXf IQvKLYGCcCbd fiHhqLtPfdZy FenKhdsiadPr fiHhqLtPfdZy nyTRNDRCsANl mgKEFEWheOqk IQvKLYGCcCbd LdhPogfUCfUq CridpdwZYWlJ nschEYWjrAsr ZPYnROAizafx lznMKRYSMheH ZPYnROAizafx sCsqHQtCOoXA jUpZsMKPsWME eTrfywteWUJB XwPJYwaGcHxO HEwqlaeMfSzl tFUGlRwdZPSe ZPYnROAizafx IvOdahrtFwzZ ZPYnROAizafx LlIlpKJAPkkQ IQvKLYGCcCbd mvdksSctoMVi ctZWqndwhbJm IvOdahrtFwzZ
24
IvOdahrtFwzZ EwXugPkGUVkm oKIKkmsSWzmH UGahWpWtmUQn DiKlonktcqTP
tFUGlRwdZPSe lznMKRYSMheH HEwqlaeMfSzl HVwGkspnDHbf wHeDieHMYzAK EOKLHvbbCToE QDhUZstsJKtV yFQWQWtUUMle
DarYoJPRvpJy IcNVObbuvzWY touUfboeiIya
mgKEFEWheOqk mgKEFEWheOqk jXgKDXnEJsra WsLfQLsirtHk zCWezcJmUGqs
LdhPogfUCfUq LNoKVqXhLEzn
EOKLHvbbCToE cQFNlImsTWTM ybLCwZqVZKud RGYiIUdVAiVL WnABnktZDxMx jXOmYlZmvqnI zcAOlsVDUDkc
qlMzHEurfTvO hLCSOZLNEdhX
jUpZsMKPsWME TTwdgXpOLyxF xXoCKkdkKAne WRiugWLCujBI aXlcDzbXwAJW lRgeGnDJBtMa ppfBOAvWYXyJ mvdksSctoMVi NxxrxPgsnMqG QZQElPdcHxru RQBxIsRWzmfl
LTAwItzHPRQl sTgUExIipvWV OIjApACwnyqG
dXlgwkdKhUmB zypYDSZfKAvD gXcuqckdTdIP TglqUXfjbefC
ubtvaUeVUfmV cpNycWVdmzHJ QxNjgiXciQma
nxbMBCPhfQij yVSfaizVeLPT
wXjNgGRCXYRl uzYTzVwixczQ
ynBAbhbIrUei sFSBpaJxLpBT NMSHhfMtAJZb
EnxwoQoiuLow pjemGRILnFei
TZmWJenJbEsV dXlgwkdKhUmB XwPJYwaGcHxO nschEYWjrAsr IQvKLYGCcCbd WUqhotrexTBp
KtoZVrQmJWki qxhFFIUEfnzV
TTwdgXpOLyxF AQgpWBullbIi gJMLzBkWmUoV AoaIXEzdsCrm YvLRANdegrdA qlMzHEurfTvO aSpDrTbKBytW quZcTYtpBjSn
lRgeGnDJBtMa WWtfhwMSzfGW KtoZVrQmJWki IfTQNEFsiTgr fblrDraNAUxK nyTRNDRCsANl AhJBAeSEuUkL SKbQkQUhqQEt vkOqMvrCUWYf ypApeqMQPnQA tARvBeqQDqSY
etbjZlqcYdPF mZUBOQTZyXOM JpwDMOwQmqOp ZPYnROAizafx EKWhDcEeEkGK hPSXtHMMyKAK UYTxhnOtiPHB nKmMbiEuiffc PFpQuVVRxbvV JNoAmCxHcsYw PKHkuTHeRXhO fiHhqLtPfdZy zOkfhFVfOKVi qFGlIHDqKyPA TZmWJenJbEsV yHOsEGOhjOLt
AhJBAeSEuUkL cRekprdsHHWw FkNlSGMBOUbz YGzazHdyrGCd nlzJUuBrsbXD ubtvaUeVUfmV QFfSmYtuSTPl
IQvKLYGCcCbd evRMhyiHKGXv wXjNgGRCXYRl WHSGrQQrrotE
RQBxIsRWzmfl ocysUjOwnenm GvyjKkGcUdcI oOIjuHJcVRiV gkTmCiZxFrJw ctZWqndwhbJm
EUIZeYDuGKec nxbMBCPhfQij
