loc0 loc10 loc28 loc2 loc64 loc37 loc145 loc67 loc113 loc29 loc56 loc147 loc146 loc93 loc72 loc33 loc20 loc78 loc29 loc133 loc0 loc157 loc19 loc77 loc93 loc77 loc45 loc0 loc107 loc142 loc58 loc56 loc173 loc116 loc162 loc0 loc124 loc129 loc87 loc0 loc133 loc85 loc43 loc116 loc34 loc57 loc72 loc153 loc100 loc93 loc27 loc29 loc72 loc95 loc65 loc47 loc44 loc6 loc55 loc29 loc0 loc44 loc153 loc35 loc108 loc69 loc134 loc49 loc161 loc115 loc19 loc182 loc105 loc92 loc124 loc1 loc188 loc1 loc3 loc139 loc167 loc143 loc88 loc129 loc174 loc152 loc127 loc84 loc140 loc9 loc72 loc0 loc23 loc63 loc125 loc0 loc95 loc21 loc20 loc0 loc144 loc67 loc138 loc189 loc100 loc117 loc51 loc190 loc2 loc144 loc172 loc0
26
loc0 loc18
loc145 loc59 loc110 loc68 loc16
loc56 loc28 loc24 loc135 loc105 loc40 loc34 loc122 loc75
loc133 loc126 loc52
loc146 loc198 loc93 loc188 loc159 loc17 loc153
loc173 loc182 loc142 loc51
loc167 loc117 loc123 loc38 loc13 loc39 loc79
loc43 loc170 loc158 loc63 loc97 loc4 loc103
loc77 loc171
loc189 loc3
loc28 loc141
loc138 loc43 loc84 loc49 loc55 loc15
loc129 loc189
loc172 loc154 loc112
loc47 loc161 loc53 loc176 loc197 loc148 loc116 loc67 loc90
loc35 loc169
loc10 loc179 loc119
loc107 loc7 loc96
loc93 loc95 loc33 loc25 loc109 loc2 loc78 loc31 loc145
loc23 loc23 loc26 loc94 loc152 loc11
loc85 loc115 loc108 loc133 loc184
loc100 loc8 loc64 loc155 loc61 loc9
loc116 loc20 loc5 loc178 loc107 loc89 loc195 loc143 loc190 loc187 loc186 loc181 loc57
loc67 loc82
loc29 loc100 loc62
loc144 loc1 loc41 loc160
