0 2 99 2 60 165 75 167 0 2 1 193 17 62 1 38 1 16 8 69 1 11 196 20 0 150 4 111 4 7 151 6 80 11 36 195 1 49 1 195 1 180 1 163 9 86 4 170 1 52 79 2 65 2 126 4 114 176 65 0 50 180 74 162 4 143 11 9 38 39 5 193 3 8 6 195 109 0 9 156 80 166 109 136 101 7 172 27 194 7 109 41 155 102 136 1 141 146 196 22 1 183 130 20 0 50 58 165 131 5 61 197 3 186 194 26 100 1 54 52 192 2 3 113 2 40 37 178 125 155 0 23 0 29 14 0 21 192 155 70 0
25
0 10 30 24 42 184 26 147 152
29 151 142 122 108 140 156
21 61 25 135 198 163
194 189
3 109
27 56 130 6
17 67 96 104 161
192 12 80 194
9 162 11 36 158 164 171 111 71 101 18 178 27 119
20 173 7
162 172 55 145 9 136 23
109 95 105
52 38 118 79 73 155 93 87
125 193 31 83 144
131 66 49 35
111 129
1 75 22 102 15 5 179 50 157
170 1
62 68 91 196 124
22 62
99 187
54 21 150 141 34 110 16 40 138
155 168 123 39 89 160
130 59 17
186 60
