Soda C9 A7 D2 A7 C9 Soda a0 c4 e9 c6 e9 c4 a0 Soda a g s ak h a i u v u i a Soda a0 c2 d5 a1 a7 c9 a0 Soda A5 A6 A2 C8 B4 A3 A4 A9 A5 Soda a0 c2 d4 c2 a0 Soda C5 B2 E5 E6 E5 B2 C5 Soda A5 A9 A4 A3 A8 A3 A4 A9 A5 Soda A D K T AJ AK AH AI K D A Soda a e p q ai q p e a Soda C2 D4 C3 D4 C2 Soda a0 a5 a9 a4 a3 a8 b5 b7 a9 a5 a0 Soda C2 D4 D7 D10 B10 A7 C9 Soda a0 c9 a7 d2 a7 c9 a0 Soda A5 A9 A4 A3 A8 A3 A4 A9 A5 Soda a0 c2 e2 c2 a0 Soda A Soda a0 a5 a9 a5 a0 Soda C2 D4 E2 C2 Soda A D K AI AH AW AK AJ T K D A Soda A5 A6 A2 A6 A5 Soda a0 a5 a9 a4 a3 a8 a3 a4 a9 a5 a0 c4 a0 Soda A C I C A E L E A Soda a d a Soda C5 B2 C5 Soda A5 Soda a i j aa at z ar z aa j i a i j aa z as z aa j i a Soda A5 A9 B7 B5 B6 B5 B7 A9 A5 Soda a0 c5 b2 c5 a0 Soda A E L V U L E A Soda a0 c5 b2 e5 b2 c5 a0 Soda A F M F A Soda a0 c5 b2 e5 b2 c5 a0 Soda a g s ak h a b k l ax l k b a Soda A G N G A Soda a g f r f g a e p q ai q p e a Soda a0 c4 e9 c6 b1 e7 b1 c6 e9 c4 a0 Soda a b k b k ab av ab k b a i w ap ao v u i a Soda a0 c4 e9 c4 a0 Soda A B S Z AR Y N G A Soda C9 A7 C10 D9 C10 A7 C9 Soda a0 c4 a0 Soda a b k b a Soda C4 E9 C6 E9 C4 Soda C2 E2 D4 D7 D10 B10 A7 C9 Soda C4 E3 C4 Soda a Soda A F M AC M F A D K AI AS AI K D A Soda C4 E9 C6 B1 C6 E9 C4 Soda C9 A7 B10 A7 C9 Soda a0 c9 a7 b10 b9 d8 c3 e1 c3 d8 b10 a7 b8 a7 c9 a0 Soda C5 B2 E5 E6 E5 B2 C5 Soda A G N Y N G A Soda a0 c2 d5 c2 a0 Soda
27
Soda h d A5 H AB
B1 E7 B1 B3 C7 E5 E3 C5
a n
b8 d1
e7 b1 b3
B5 B7 A3 A9 D3 B5 C1
AS AU T AW AS
ax ad
ai ah af p
e5 e7
k av ax l b ab
c6 c5 e3 c7
a9 b5 a9 b7 d3 c1 a5
e1 d7 d5 a7 c9 a1
s t al r f aj
C3 E1 C3 A7
as j at z ar
b2 e5
AR AP N
D10 C9
V AG P Q
a3 a3
w ap v an x
A AF J
A7 D7 D5 A1 D9 D1 B9
M AO AC
e2 c3 e1 d9 b9
