a0 a6 a77 a162 a72 a15 a195 a179 a61 a53 a190 a73 a190 a23 a90 a180 a178 a170 a153 a84 a176 a59 a99 a13 a166 a101 a27 a13 a93 a73 a93 a122 a177 a33 a154 a30 a23 a99 a106 a132 a142 a8 a181 a173 a163 a148 a15 a105 a43 a144 a168 a189 a28 a88 a109 a79 a67 a106 a101 a3 a94 a194 a142 a21 a68 a92 a108 a106 a83 a179 a120 a79 a16 a157 a11 a54 a96 a167 a182 a45 a24 a67 a51 a169 a141 a116 a98 a31 a41 a136 a187 a9 a48 a101 a90 a92 a16 a166 a153 a0
23
a0 a124 a42 a186 a60 a57 a17 a144 a11 a155
a54 a198 a7 a21
a77 a129 a161 a63 a45
a190 a126 a33 a99 a195 a159 a101
a61 a50 a165 a149 a158 a88
a176 a134 a138 a75 a183 a145
a8 a108 a27
a101 a192 a178
a168 a79 a130
a73 a160 a93 a10
a154 a22 a16 a59 a121 a135
a182 a32 a104 a154 a68 a37 a49
a122 a44
a179 a98 a103 a120 a31
a157 a56 a58
a79 a172 a28 a168 a55 a163 a41
a106 a153 a29 a6 a185 a175 a156 a107 a133 a77
a15 a102 a173
a99 a142 a131 a80
a141 a96 a151 a82 a38 a78 a196 a43 a83 a157 a87 a85
a24 a46 a53 a180
a21 a14 a94 a8 a3 a25
a167 a140 a177
