ssp200 13 10 2 7 3 7 2 9 2 181 137 181 2 8 2 181 17 25 28 1 28 25 17 22 18 19 18 22 17 25 28 25 17 181 32 44 32 37 33 34 35 36 35 34 33 37 32 181 182 188 186 188 182 181 32 39 32 181 62 181 47 57 56 57 47 55 47 181 62 70 62 181 47 52 48 49 48 52 47 57 47 181 62 181 62 68 66 68 62 70 62 72 62 181 47 55 58 55 47 181 77 82 78 82 77 84 77 85 88 61 88 85 77 83 77 82 78 82 77 87 77 89 90 89 77 181 92 98 96 95 94 93 97 92 102 92 100 103 100 92 181 122 132 131 132 122 181 92 181 122 134 135 134 122 181 107 113 111 110 109 108 112 107 115 107 181 167 177 176 177 167 181 32 42 32 181 92 99 92 181 122 132 122 128 126 125 126 128 126 125 124 123 127 122 181 167 177 167 181 122 132 131 132 122 181 137 142 138 139 140 141 143 137 181 2 8 2 181 137 147 137 181 62 67 62 181 152 157 153 154 153 157 152 158 156 158 152 160 152 181 92 102 92 181 152 164 152 181 167 173 167 174 167 181 182 190 182 181 167 175 167 181 62 181 167 173 167 181 122 129 122 181 182 190 182 187 183 184 183 187 182 192 182 181 152 164 152 181 137 149 137 181 2 10 13 ssp200
25
2 6 14 15 11 3 4 5
72 71
128 126 125 135 134
156 153 161 156 155
181 186 116 108 109 110 111 120 119
182 194 195 191
62 75 63 65 66 64
125 123 124
102 104 101
92 105 96 95 94 93
28 21 26 29 30
184 184 183 185
32 33 34 35 44 45 36 41
154 154
17 19 18 20
149 149 150 141 140
67 74
90 86 81 90 89
164 165 164
47 51 56 49 50 48 138 176 131 179 180 168 169
147 146
173 171 170
140 139
57 60 59
78 78 79 80
