Jason Derek Kylie Derek Douglas Julia Jason Johnathan Stephanie Derek Martha Derek Jasmine Kevin Krista Jane Adam Edwin Misty Taylor Patricia Janet George Jason Bruce Anthony Maurice Sandra Nathaniel Mark Kristine Gabriel Linda Luis Mark Dana Maurice Heather Jon Derek Jeffrey Carlos Regina Billy Joshua Jose Kevin Molly Derek Jeffrey Heather Harry Kevin Kara Kevin Derek Jason Stacie Jason Alexandra Jason Donald Jason Mercedes Kevin Brian Cynthia Nathaniel Sarah Nathaniel Ricky Heather Jane Heather Kristina Jason Donald Angelica Evan Victoria Donald Kathy Stephanie Derek Nicole Derek Jason Derek Monique Derek Douglas Rebecca Derek Angelica Derek Sydney Deanna Jason Keith Jason Derek Nicholas Gregory Derek Megan Luis Anthony Reginald Ricky Kara Katelyn Derek Jasmine Kevin Derek Jacob Derek Samuel Derek Taylor Miranda Heather Janet Brittany Jason Benjamin George Jason Mercedes Kyle Brittany Kristine Kristina Dana Melissa Kevin Brian Sabrina Derek Julia Jason Tristan Harry Kristy Larry Jason Phillip Derek Jessica Derek Megan Luis Angela Bryan Jason
22
Jason Jane Kyle Johnathan
Benjamin Megan Jeffery
Jacob Dustin Rebekah Crystal
Keith Laura Mario
Anthony Evan Adrian Jill Kimberly
Kristina Lauren Tommy Kayla
Jane Christina Carrie Adam
Nicholas Edwin Rachel Gabriel
Joshua Mark
Miranda Dana John Brett
Tristan Wendy David Roy Jacqueline Jeffrey
Megan Mary Kathy Karen Brad Monica Heather Cristian Bryan Joshua Shawn Melinda Amanda Grace Brittany Nicole Jeremy Jose
Kristy Derek Katelyn Tristan Joseph
Evan April Nathaniel Rebecca
Douglas Misty Shane Jordan Kristen Sabrina Kari Kelsey Andrew James
Stacie Tammy Paul
George Melissa Michelle Robin Wayne Alexandra Ashley Charles Shannon Jennifer Scott Susan Regina Kara Robert
Kevin Logan Randy
Sydney Samantha
Dana William Claire Mercedes Elizabeth Juan Brian Carol
Stephanie Cheryl Stacie Ronnie Timothy Dylan Nicholas
Reginald Gregory Stephen Ricky
