Granbull Absol Dustox Lombre Kangaskhan Deoxys Wailord Ninjask Rapidash Skrelp Rapidash Whismur Heatran Marshtomp Goomy Corsola Reshiram Carbink Ampharos Eelektross Magikarp Amoonguss Machop Purrloin Electrike Crawdaunt Cosmog Cubone Ivysaur Serperior Lotad Serperior Alomomola Sentret Bronzor Deino Milotic Staravia Smeargle Azurill Metagross Glaceon Shellder Feraligatr Ampharos Ivysaur Metapod Furret Binacle Chinchou Rhyhorn Mimikyu Unown Mimikyu Bagon Metagross Butterfree Furret Butterfree Absol Tirtouga Mawile Finneon Darkrai Mimikyu Milotic Deino Volcarona Lotad Lombre Fletchling PorygonZ Granbull Castform Whismur Heatran Marshtomp Altaria Marshtomp Milotic Qwilfish Budew Gliscor Zebstrika Rockruff Zebstrika Reshiram Zebstrika Marshtomp Milotic Staryu Cosmog Corsola Cinccino Heliolisk Dustox Pidgeot Dustox Masquerain Dustox Staryu Cosmog Crawdaunt Electrike Probopass Zebstrika Lombre Blissey TypeNull Electivire Sylveon Octillery Roserade Carnivine Roserade Kyurem Dragonair Alomomola Dragonair Corsola Cinccino Heliolisk Spiritomb Mudkip Tsareena Elekid Pancham Politoed Castform Whismur Rotom Butterfree Relicanth Ursaring Castform Volcarona Marshtomp Heatran Lampent Staravia Quilava Magmortar Elekid Whimsicott Mightyena Cradily Charmander Flareon Goomy Darkrai Swanna Exeggcute Bergmite Jirachi Furfrou Jirachi Bergmite Bulbasaur Castform Elekid Tsareena Rapidash Crabominable Fletchling Darkrai Lunala Octillery Dustox Patrat Remoraid Illumise Chespin Torracat Tyrunt Metang Oshawott Cinccino Amoonguss Charmander Deino Salandit Bagon Purrloin Beedrill Rapidash Heatran Mimikyu Unown Trumbeak Furfrou Trumbeak Rotom Whismur Sentret Deoxys Golbat Illumise Furret Magmar Bagon Buizel Torracat Torkoal Cosmog Cubone Vivillon Dustox Staryu Heatmor Flareon Granbull
23
Castform Vivillon
Magmortar Torchic Spinda Skitty Krookodile Mawile
Goomy Trumbeak Lapras Nuzleaf Cascoon Electrode
Granbull Crawdaunt Goomy
Octillery Buizel
Lombre Remoraid Floette Tsareena Flygon Beedrill Butterfree Heatmor Golbat Quilava Heatran Crabominable Raichu
Mudkip Lileep PorygonZ Mantine Dustox Whiscash Deoxys
Whimsicott Arbok Diggersby
Qwilfish Roserade Mudsdale
Heliolisk Spiritomb Glalie Floatzel
Skrelp Binacle
Rockruff TypeNull Blissey
Pidgeot Torracat Chespin
Deoxys Corphish Darkrai Gliscor
Pancham Carnivine Jolteon Probopass Feraligatr Unown Grumpig Budew
Milotic Charizard Magmar Whimsicott Reshiram Cubone
Staravia Jirachi Absol Exeggcute Happiny Charmander
Salandit Machamp Serperior Chatot Chinchou Malamar Kangaskhan Slakoth Ninjask Infernape Magmortar Bronzor
Marshtomp Bergmite Cinccino Cosmog Torkoal Mightyena Typhlosion Swanna Metagross Rockruff
Cosmog Carbink Ampharos Metapod Greninja Reuniclus Electrike Bonsly Hitmontop Sylveon Rufflet Lampent Mimikyu
Darkrai Pidgeot
Golbat Relicanth
Corsola Luvdisc Lycanroc
