L12 L43 L82 L151 L82 L194 L148 L50 L153 L138 L161 L123 L22 L20 L65 L108 L154 L63 L50 L199 L56 L40 L20 L90 L136 L167 L71 L113 L33 L192 L147 L14 L190 L33 L82 L197 L171 L92 L37 L171 L116 L27 L128 L113 L123 L111 L0 L72 L39 L90 L10 L7 L113 L173 L116 L68 L152 L167 L141 L160 L83 L6 L111 L118 L144 L31 L16 L34 L183 L177 L126 L199 L9 L199 L32 L72 L52 L85 L101 L145 L13 L63 L170 L171 L32 L167 L196 L188 L195 L43 L40 L44 L77 L179 L104 L126 L104 L179 L153 L34 L12
18
L12 L45 L150 L168 L173 L75 L114 L135 L195 L196
L111 L112 L61 L86 L199 L121 L102 L96 L186 L10 L87 L103 L174
L151 L154 L78 L88 L79 L73 L36
L153 L146 L48 L0 L126 L65 L20 L116 L106 L144 L105 L3 L189 L165 L2 L131 L70
L44 L40 L125 L74 L117 L27 L139 L60 L130
L82 L53 L149 L122
L92 L164 L115
L160 L141 L59 L95 L158 L68 L192 L190
L167 L90 L169 L28 L197 L187
L20 L148 L171 L37 L97 L22 L133
L179 L32 L24 L85
L32 L182 L11 L82 L181 L92 L7 L107 L147 L50 L180
L196 L83 L98
L113 L155
L104 L108 L172
L33 L23
L152 L56 L99 L55 L72
L90 L34 L175 L104
