0 4 115 4 17 2 87 41 13 44 37 179 6 153 21 59 3 151 2 197 5 39 22 49 85 16 22 30 145 51 43 9 185 20 116 2 38 155 17 118 17 155 85 51 23 39 26 145 26 39 28 68 1 5 1 186 45 101 19 1 131 60 7 185 20 116 11 8 127 90 11 135 1 186 106 74 4 192 4 174 11 193 11 171 199 22 177 0 52 0 13 28 102 9 19 9 15 4 171 4 154 32 114 1 167 93 16 170 173 176 0 56 81 59 30 119 50 21 143 14 184 9 20 6 167 2 16 23 162 11 5 13 87 162 157 0 167 2 111 2 149 59 15 31 22 199 39 170 53 28 23 37 99 10 168 0 193 0 66 164 93 20 104 20 133 22 128 11 189 27 199 1 2 96 16 105 0
21
116 116 45 147 137 40 152 23 168 198
0 143 76 196
16 105 136 97 177 157 27
111 70 16 66
15 13
50 19 106
51 26 69 126
119 88 184 111 195 80
199 156 91 87 185 151 62
93 140
171 81
185 125 74 72
192 114 52 199
162 46 122 121 50 130 84 181 30 48 53 197 75 10 85 98 176 189
105 160 102 174 171 145
20 31 109 128 35 131
193 82 9 67 34 139 103 144 42 4
23 138 17
145 20 11 149 63 59 134 117 36 108 55 162
59 183 180 179 83
85 166
