21 24 46 69 46 198 199 200 199 198 10 9 111 26 111 42 35 154 155 154 29 36 31 113 45 23 25 165 164 189 124 89 90 89 78 98 99 100 62 100 99 156 21 152 111 42 35 52 49 50 78 98 189 135 58 59 114 183 65 121 74 136 15 190 107 188 135 170 108 109 106 43 4 97 36 35 74 160 17 18 38 37 36 61 196 126 57 113 171 69 186 149 142 139 138 34 35 42 111 112 189 98 122 121 182 183 100 31 24 1 139 1 96 8 59 58 135 136 69 186 33 155 196 126 196 120 119 115 153 16 126 196 195 95 97 152 111 42 187 186 69 46 45 44 98 39 38 169 57 56 118 24 33 186 149 176 68 97 4 185 15 14 15 83 133 29 30 167 176 100 103 174 6 33 6 79 108 164 76 35 74 160 23 45 78 4 78 89 177 89 124 189 98 122 121 20 40 39 119 115 88 94 8 59 138 191 23 79 48 64 95 177 178 63 83 15 190 15 131 197 148 147 153 125 153 48 64 48 19 48 64 22 3 22 64 17 77 44 115 116 133 56 57 73 57 58 100 165 155 196 197 54 51 50 27 101 194 171 69 171 172 26 72 187 38 18 198 10 63 10 9 8 96 97 36 35 34 115 119 31 76 104 110 124 84 115 34 35 42 41 44 98 44 41 11 81 175 29 154 155 8 9 111 42 41 40 143 50 49 52 21
23
21 21 157
126 17 99 27 177 19 97
171 171 133 113 69 129 45 107 193 121
98 143 185 147 37 189 47
50 169
41 73 51
189 15 131 103 55 5 49 39 163 197 159 165 65 59 135 79 77 57 179 127 115 125 137
63 83 63 71
120 155 145
155 93 181 53 13 191 167
77 109
108 183
8 7
107 151 141 11 87 1 29 95 195 111 9
183 187 43
52 153
170 119 31
97 85 3 75 33 35 173 161
33 123
14 25 23
100 89 67 149
111 61 81
101 117 105 101 91 175 139 41
