74 78 75 21 28 21 151 153 156 153 151 21 24 30 29 27 21 151 153 156 153 151 153 156 153 151 2 10 2 46 18 38 18 15 18 58 53 58 182 18 13 17 18 46 2 46 38 172 171 174 180 174 172 18 16 18 172 171 175 171 172 87 75 63 61 62 61 63 87 82 87 169 87 85 87 98 95 98 87 89 87 172 182 185 182 98 38 35 38 132 38 31 34 31 38 46 41 43 41 46 141 142 141 63 169 164 167 169 87 169 163 169 58 63 70 63 169 161 169 75 76 75 132 135 132 102 132 134 140 131 132 121 192 195 192 63 192 18 75 78 75 102 107 102 132 141 148 141 192 191 196 191 192 141 142 141 75 73 75 118 114 118 141 118 111 118 182 118 115 118 46 2 9 2 46 121 63 67 63 132 139 132 63 70 68 63 121 128 121 38 40 38 121 128 121 182 190 182 87 89 87 192 102 107 102 58 53 56 58 172 171 175 171 172 58 121 98 97 91 98 75 80 79 75 58 75 78 74
24
74 74 77
141 126 142 145 146 141 148
153 157 153 156 160
172 179 151 165 166 167 55 59
169 161 163 164 168
171 174 175 180 178
79 75 80 192 136 131 73 76
18 14 16 19 11 13
121 52 53 54 57 104
62 169 66
34 36 38 39 37 32 35 31
89 85
135 139 140 135 137
63 68 61 62 69 70
43 41
10 6 8 2
128 122 128
87 199 86 81 82 89 88 83
97 96 99
195 191 198 197
175 172 58 46 50 47
29 29 30 23 26 25 28
185 189 185
114 116 119 113 111 114 118
