0 1 175 111 112 113 78 15 47 127 147 13 12 13 147 127 147 13 12 11 103 107 106 107 103 11 12 13 147 54 147 127 47 15 78 113 112 111 175 1 0 179 0 1 175 111 110 111 112 113 78 79 165 125 124 125 165 79 78 15 78 113 112 111 175 1 8 117 116 115 116 117 8 1 175 111 112 113 112 111 175 1 0 1 175 111 112 113 78 79 165 125 124 123 83 123 124 125 165 79 78 15 47 127 126 174 126 127 47 15 78 113 112 111 110 21 20 142 141 140 139 138 95 137 136 135 92 91 118 89 118 91 92 135 136 137 95 138 139 140 141 142 20 21 110 111 112 113 78 79 78 15 47 127 126 127 47 15 78 113 112 111 175 1 0 179 178 150 70 150 178 179 0 1 175 111 112 113 78 79 165 164 163 120 4 14 152 14 4 120 163 164 165 79 78 15 47 127 147 54 24 23 43 23 24 54 147 127 47 15 78 79 165 164 163 120 163 164 165 125 124 123 83 82 83 123 124 125 165 79 78 113 112 111 110 21 20 142 141 140 139 138 95 137 136 135 92 91 118 89 132 30 29 46 32 63 62 170 3 170 62 63 32 46 29 30 132 89 118 91 92 135 136 137 95 138 139 140 141 142 20 21 110 111 175 1 175 111 112 113 78 15 47 127 126 174 126 127 47 15 78 113 112 111 175 1 0 179 108 159 108 179 0 1 175 111 112 113 78 79 165 164 163 120 163 164 165 79 78 15 47 127 147 54 24 23 22 23 24 54 147 127 47 15 78 113 112 111 110 21 20 142 141 140 139 138 95 137 136 135 92 91 118 89 132 30 29 28 27 26 25 161 25 26 27 28 97 28 29 46 32 31 32 46 29 30 132 89 118 91 92 135 136 137 95 138 139 140 141 142 20 21 110 111 112 113 78 79 165 166 167 168 169 151 34 151 169 168 167 166 165 79 78 113 37 36 88 87 88 36 37 113 78 79 165 164 163 120 4 120 163 164 165 79 78 113 112 111 175 1 0 179 178 177 178 179 0 1 175 111 110 21 20 142 141 140 139 138 95 137 136 135 92 91 118 39 130 51 50 51 130 39 118 91 92 135 136 137 95 138 139 140 141 142 20 21 110 111 112 113 78 15 47 127 147 54 24 23 22 154 153 154 22 23 24 54 147 127 47 15 78 113 112 111 110 21 20 142 141 140 139 138 95 137 136 135 92 91 118 89 132 30 29 28 97 28 29 46 32 31 32 46 45 99 98 99 45 46 29 30 132 89 118 91 92 135 136 137 95 138 139 140 141 142 20 21 110 111 175 1 0 179 178 150 149 150 178 179 0 1 175 111 110 21 20 142 141 140 139 138 139 140 141 142 20 21 110 111 175 1 0 179 178 150 149 148 149 150 178 179 0 1 175 111 110 21 20 142 141 140 139 138 95 137 136 135 92 91 118 39 118 91 92 135 136 137 95 138 139 140 141 142 20 21 110 111 112 113 78 79 165 164 73 164 165 79 165 125 124 123 122 123 83 82 81 82 83 123 124 125 165 79 78 113 112 111 110 21 20 142 141 140 139 138 95 137 136 135 92 91 118 89 132 30 29 46 32 63 62 170 85 157 156 155 156 157 85 170 62 63 32 46 29 30 132 89 118 91 92 135 136 137 95 138 139 140 141 142 20 21 110 111 112 113 78 79 165 164 163 120 163 164 165 79 78 113 37 36 88 36 37 113 78 15 47 127 147 54 24 54 147 127 47 15 78 113 112 111 110 21 20 142 141 140 139 138 95 137 136 135 134 135 136 137 95 138 139 140 58 57 56 57 58 140 139 138 95 137 136 135 134 52 72 52 134 135 92 91 118 89 132 30 29 28 27 26 25 26 27 28 29 46 32 63 62 170 85 170 62 63 32 46 29 30 132 89 118 91 92 135 136 137 95 138 139 140 141 142 20 21 110 111 175 1 0
26
23 24 53 54
22 154 153 22
123 83 122 123
73 86
174 173 55
15 73 77 111 112 102 113
177 178 44
20 172 109
26 26 25
98 99 98 63 62
39 90 72
34 34
110 175 116
152 4 152 2 158
97 96 29 27
81 16 81 17 80
149 69 70 150
31 32 61
87 87 35
54 147 126 47 15 9
115 115 114
106 106 103 105
155 84 170
138 58 95 94 93 7
89 131
50 49
