L55 L5 L99 L115 L159 L127 L198 L0 L143 L57 L185 L158 L44 L4 L7 L24 L0 L143 L15 L2 L127 L16 L2 L33 L1 L77 L149 L189 L85 L9 L23 L173 L2 L48 L27 L0 L145 L0 L41 L60 L0 L157 L0 L144 L42 L178 L143 L92 L1 L50 L179 L2 L97 L2 L57 L143 L127 L172 L74 L77 L29 L1 L190 L2 L159 L64 L2 L144 L0 L150 L69 L167 L71 L69 L5 L105 L5 L51 L2 L63 L5 L65 L3 L117 L0 L16 L128 L5 L30 L0 L1 L136 L45 L104 L4 L44 L4 L107 L135 L68 L180 L23 L185 L21 L0 L197 L17 L103 L72 L59 L6 L167 L1 L88 L185 L70 L0 L184 L76 L7 L22 L0 L184 L0 L60 L172 L1 L151 L0 L180 L0 L63 L0 L178 L0 L180 L0 L185 L5 L165 L92 L148 L159 L55
23
L55 L55 L102 L103
L44 L23 L93 L191 L45 L20 L82 L34 L114
L63 L105 L174 L70 L90 L190 L178 L168 L166 L193 L94
L60 L142 L6 L95 L8 L89 L133 L160 L196 L177 L158 L73
L117 L121
L185 L30 L24 L16 L117
L178 L19 L167 L131 L159
L144 L36 L129 L38 L144
L127 L50
L184 L10 L99 L71 L7 L165 L127
L69 L56
L72 L53 L189 L134
L158 L152
L149 L112 L2 L33 L54 L41 L15 L37
L51 L195 L87 L143
L115 L136 L185 L104
L0 L4 L101
L70 L67 L47 L119 L184 L108 L182 L139 L141 L186 L96 L138 L35 L115
L48 L199 L145
L145 L76 L0 L31
L74 L170 L69 L59 L132 L22
L143 L42 L43 L64 L68
L23 L74
