0 3 9 3 117 36 0 54 57 0 35 74 66 0 26 184 144 0 102 181 0 62 0 29 0 133 15 3 137 3 39 0 94 135 3 79 179 199 105 156 52 49 38 103 140 116 98 111 53 33 185 103 132 4 154 40 3 11 152 1 82 6 23 22 84 137 52 1 187 42 6 196 18 2 0 2 64 45 6 125 31 1 186 105 50 28 4 129 0 127 63 5 133 0 37 1 130 27 0 122 137 3 181 115 149 81 155 1 188 65 0 66 146 190 3 92 158 45 2 71 2 7 3 46 118 36 164 93 199 120 68 66 120 2 0
25
0 71 47 2 74 4 42 61 55 62 46 3 29
135 23 38 31 15 60 8 81 100 10 32
196 51
115 56 77 21 98
146 84
46 88 57 99 28 67
190 91 87 86 17 70 90 53
54 93 83
103 13 80 34 45 49 7 95 72
84 75
94 58 63 9 35 50
27 6 26 96 14 97 1
26 44
186 69 54 37 59
164 78 40 22
132 89
9 27 76 18
38 39 5
102 92 52 36 94 82
50 24
120 41 25 19 43 66 79
3 20 85 33
53 48
37 30 11 68 16
140 73 64 12 65
