101 100 0 9 80 81 87 79 71 79 87 86 53 56 50 100 157 100 0 4 35 30 36 81 86 85 46 19 11 61 65 60 97 15 14 17 10 74 10 18 10 93 92 99 40 1 7 11 16 79 6 23 26 28 21 20 100 136 100 20 22 50 58 50 22 24 21 22 20 33 37 47 41 48 67 64 6 9 7 1 40 28 29 20 100 99 92 99 3 1 40 48 47 37 83 88 87 25 29 28 40 42 46 19 14 10 49 42 48 41 48 40 50 53 86 81 84 68 60 97 99 40 47 37 31 6 3 6 64 62 64 50 53 50 40 42 40 50 55 70 71 74 10 13 11 23 29 20 54 52 17 68 63 62 87 85 46 41 71 74 10 88 10 49 42 40 28 20 54 20 74 76 70 55 56 53 86 81 84 68 67 64 50 58 50 3 21 89 84 80 9 80 82 87 79 77 74 10 11 61 66 62 87 88 87 62 66 100 136 100 66 68 60 97 98 94 4 2 3 99 90 92 30 31 30 92 93 94 4 3 21 25 20 33 30 66 63 66 100 101
18
24 24 27 21 33 22 26
67 67 68 60 64 66 62 71 75 69
99 99 15 44 40 94 30 34
60 63
47 48 43 49 46
97 91 92 98 97 95 96 93 90
21 29 37 28
17 23 59 51 13 16 12 18 10 17 14 36 39 38 19 11 61
79 77 76 73
56 50 56 57 20 78
63 87 84 89
41 65 52 58
28 31 35
77 70 74 55
4 6 8 0 1 72 32 45 47 42 41 2 54 53 3 7 5
88 82 85 88 79 80 81 86 83
136 25
68 4 9
