Essos TheSpiritWorld KnifesEdge TheCommonwealth Lorien Aerodenn AirTempleIsland Omniverse CastleBlack Meereen TheArcanum FogofLostSouls Prongdale SerpantsPass Prongdale FogofLostSouls Ceald Eggmanland Arkham Rivendell Naboo ShriekingShack Bellechulish Shinovar TheSwamp Tralfamadore TheVale Bobbingbourne Peterborough ThePrancingPony Mordor Millingburg Duskhollow Eastborne Naboo Mordor VaultofSouls Toffingburg ThePrancingPony Yll BayofDragons BaSingSe TheWall TheVale Kinecardine Alethkar ShatteredPlains Millingburg Duskhollow Westeros Blackwater Ebonfall Millingburg TheSpine Omniverse TheShire Meckgue TheGreatDivide LeakyCauldron Toffingburg VaultofSouls Toffingburg Lorien Toffingburg Carvahall Grimbarrow Durnatel TheSpiritWorld MountOlympus Naboo ShriekingShack Belhaben Ramshorn BorginBurkes FlourishBlotts Bobbingbourne SouthernAirTemple Endor Snozgate WonderCity Tralfamadore WonderCity Ramshorn Durnatel TheShire Toffingburg JahKeved Arrowcave Valyria Vexhollow Ademre ThePrancingPony TheArcanum HighGarden Accrington Alderaan TheSpiritWorld MountOlympus Aerodenn BayofDragons RepublicCity TheGreatDivide IronIslands Rivendell MountOlympus Naboo ShriekingShack GodricsHollow TheWall CrastersKeep Aerodenn Chrofall Peridrift Barkamsted Yunkai Glimthain Hogwarts GooLagoon MenoaTree Meereen BubblegumKingdom TheHogsHead FleaBottom TheHogsHead ShriekingShack Penketh ShriekingShack StationSquare TheWall Essos TheRiverStyx Tartarus TheUnderworld Ivormere TheWall Omashu WesternAirTemple Alethkar BeyondtheWall Braavos LakeLaogai Aerodenn Tralfamadore Soda Durnatel Coalwatch Essos Toffingburg Dubwall Toffingburg TheRiverStyx Mirkwood TheRiverStyx WonderCity JarrensOutpost Keld Mordor Rohan Tartarus TheRiverStyx RepublicCity Snozgate WonderCity Bellechulish Hogwarts Bellechulish Neddingtown TheCommonwealth DuWeldenvarden BeyondtheWall Alethkar TheBurningPlains Kharbranth TheHogsHead Rivendell IslesofElysium FogofLostSouls Shinovar Neddington TheEyrie UtgardMountain TheWhompingWillow Millingburg Duskhollow TheShire Toffingburg LeakyCauldron Astapor LeakyCauldron Glimthain Dragonstone Yll BayofDragons Atlantas Meckingbourne Meereen TheArcanum Eggmanland Arkham Alethkar Vintas GodricsHollow Omniverse Rivendell Millingburg Mordor Neverland DiagonAlley Riverrun AirTempleIsland Newarre ShatteredPlains Westeros ZhaoFu WitheredHeath Arkham Alethkar EasternAirTemple Coalwatch Gizton Tatooine TheShire Duskhollow Millingburg TheSpiritWorld Essos
18
Essos Essos
Mordor Shinovar Neddingtown Grimbarrow Lockinge CastleBlack Arcwallow TheFae
IronIslands Accrington FlourishBlotts Soda
TheSwamp Severen ProBendingArena TheVale Hogsmead
TheSpine Karth KnifesEdge Meereen TheGreatDivide Omashu HighGarden Sanlow Keld Duskhollow TheKrustyKrab Lorien Tarbean Aerodenn TheReshiIsles Toperhagen Bobbingbourne Azir WesternAirTemple TheBoilingRock Ivormere Carvahall Braavos Chrofall TheChumBucket GooLagoon
BayofDragons Arkham Tartarus TheSpine ShriekingShack Riverrun Penketh TheGodswood Ademre TheWhompingWillow Netherfort Newarre
Tralfamadore Arrowcave TheRiverStyx
WesternAirTemple Trebon
TheWall Batcave Yll Hogwarts Westeros Astapor Endor WitheredHeath TheEyrie Jakku TheUnderworld
Vexhollow Castamere Dragonstone
Coalwatch DiagonAlley Alderaan TheSpiritWorld SatishVille FireNation Urubaen
Snozgate BeyondtheWall Winterfell FleaBottom
Aerodenn Boatwright Helgrind BaSingSe Neddington ShatteredPlains Valyria Toffingburg Dubwall Peridrift Barkamsted
Neverland Vintas
ThePrancingPony JarrensOutpost JahKeved
Soda MountOlympus Ellesmera CaveofTwoLovers Atlantas Steeltown Gizton Blackwater RepublicCity
Meereen DuWeldenvarden TheCommonwealth
Rivendell Alethkar BikiniBottom
