21 153 124 131 162 100 1 46 4 19 79 86 125 0 35 150 0 54 127 118 0 135 59 71 132 2 111 4 135 107 21 198 59 88 63 174 3 106 113 0 94 0 23 155 172 91 126 45 76 155 195 111 79 10 0 27 108 0 41 187 91 0 41 0 87 0 95 124 131 0 188 114 13 149 1 42 185 0 33 119 143 0 168 1 48 44 145 2 11 2 145 122 47 106 21 44 129 183 99 170 44 151 81 173 97 178 101 111 160 45 100 0 28 137 41 82 119 86 4 141 3 15 110 2 21
19
21 21 184 7 152 159 137 120 142 64 115 10 32 48 37 68 61 38 97 163 75 190 108
54 54 40 51 62
59 167 23 34 170 168
91 29 74 90 18 87 154 78 14
185 27 53 178 131 160
131 91 133 176 81 2 72 60
135 177 151 95 47
107 42
160 194
119 186
178 20 15 46 49 118
100 16 125 82
35 188 105 196 100 122 180 147
19 96 56 135 88 136 172 134 45 116 149 17 30 130
111 114
150 146
27 119 156 169 144 24 31 139
195 127 121
81 36 103 102
