s l61 l56 l92 h141 l21 l26 l4 h133 l41 h189 h137 l84 l23 l10 l19 h120 h110 h114 l1 l26 h187 s l61 l73 h179 l73 l15 l91 l52 l74 l85 h124 h172 h109 l60 h141 h119 h155 h122 h183 h120 l18 l45 h127 l30 s l52 l68 l66 h119 h141 l86 l92 h184 l30 h104 h168 l45 l53 l72 h133 l4 h122 h125 l60 h187 l54 h116 l54 h152 l1 l47 l18 h132 h192 l55 l7 h194 l53 l21 h110 h107 l97 l9 l1 h164 l45 l8 l57 l65 l46 l45 l8 l41 l66 h148 l26 h182 l39 h160 l76 l80 l9 h144 l66 h195 h119 h105 h184 l56 l44 h112 l21 h142 l58 l90 l20 h199 l47 l3 h178 h172 h111 l37 l33 l17 l1 h114 h153 l36 l97 l34 h146 l30 l33 l6 l33 h121 h187 h184 l21 h171 l21 h117 l52 s l39 l11 h125 l9 h181 l32 l60 l99 l74 l52 l26 h182 h162 l63 h198 l7 l87 l11 l67 l48 l4 h122 l14 l13 l30 l48 l11 l58 l5 l73 h101 s l69 h131 h150 h160 h134 l64 h131 l49 l17 l43 l15 l65 l11 h159 l82 h135 h133 l16 l39 s
20
l37 h144 h170 h140 h107 h124 h171
l21 h125 h182 h150
l61 h173 h174 h136
h146 h179 h160 h186 h146 h133 h151 h128 h127
h101 h109 h137 h117 h178
h195 h177 h123 h139 h120 h159 h197
h122 h180 h172
l56 h147 h103 h185 h141 h115 h149 h155 h111 h163 h104 h152 h176 h145 h101
l10 h118 h129 h153
l85 h121 h148 h164 h156 h195 h130 h100 h198 h194
l58 h181 h167 h131
l52 h138 h188 h142
h110 h175 h199 h108
h171 h106 h190 h134 h143 h126
l64 h193
l45 h192 h169 h157 h154
l26 h158 h119 h116
l57 h114 h110 h135
h125 h165 h196 h105 h102 h112 h161 h168 h113 h184 h132 h162 h187
l3 h166 h191 h189 h183 h122
