507 d326 87bd 1ce84 6993 a5e7 415b 2e80c 26556 33375 9bd9 11988 36ac2 18822 19c3e 200ca 392fa 12da4 31f59 a0e 1ecae ce1f a0e0 365bb 5f85 164f1 223fb 12396 1790d 2604f 30b3d a0e 33375 15ae3 25641 1c476 d326 3387c 32967 2ddfe 24225 3246 1fbc3 39d08 31044 23310 26a5d 11481 c918 7daf 415b 24225 30b3d 507 2e80c 11481 b4fc 1d38b 388ec 22902 9bd9 507 141c 146c7 35bad 507 1289d 2a1aa 10065 2604f 1d892 2e305 20fdf 155dc 12396 132ab f150 3a20f 1b561 24c33 2bfd4 2a6b1 507 2ed13 f150 6993 507 14bce 200ca 18822 37ede 28887 507 9bd9 1ce84 19737 16eff 392fa 17e14 507 15ae3 507 2b5c6 33375 17e14 507
20
392fa 91cb 1056c 6993
15ae3 3246 2fc28 374d0 33375 2b0bf 1f1b5 379d7
11481 360b4 3012f 9bd9 25641 23310 146c7 15fea 27e79 12396
d326 c411 1dd99 2472c 214e6 aff5 22902 c918 3387c 155dc
415b 1ba68 1ecae
a5e7 26f64 27972
2ed13 dd34 2ddfe 2d8f7 82b6 1d892 1790d 25b48 3c54
155dc 36ac2 19737 30636
39d08 ba03 8cc4 1831b 1a64c d326
5f85 169f8
2604f 2f21a 26a5d 18d29
164f1 648c 36fc9 10065 1c97d 2e305 78a8 23817
ce1f 2bacd 32460 20fdf d82d 1e2a 11988 2513a 200ca 11e8f 31a52 17e14 2cee9 24c33 4b69 22e09 2b5c6 150d5 1923
388ec 2c9e2
132ab 13cb9 3428a 5577 e742 1ab53
36ac2 38df3 23d1e 374d
17e14 32e6e ec49 2a6b1 4662 28d8e
11988 356a6 164f1 2604f
25641 18822 388ec
28887 16eff
