node0 node14 node145 node1 node146 node126 node4 node53 node3 node101 node149 node6 node69 node5 node45 node140 node81 node0 node78 node177 node151 node0 node147 node165 node0 node178 node62 node5 node195 node3 node183 node7 node165 node0 node55 node56 node0 node50 node11 node1 node4 node94 node0 node96 node3 node194 node3 node173 node134 node107 node192 node77 node54 node0 node154 node1 node36 node80 node2 node41 node2 node85 node1 node47 node178 node5 node131 node12 node163 node7 node157 node6 node3 node6 node97 node29 node171 node3 node53 node17 node9 node69 node0 node156 node5 node116 node162 node2 node87 node2 node70 node78 node6 node4 node1 node73 node2 node67 node0 node8 node0 node164 node5 node51 node16 node79 node14 node59 node129 node0 node75 node0 node47 node4 node99 node134 node81 node0 node37 node66 node52 node0 node91 node0 node4 node1 node46 node1 node178 node0 node83 node138 node57 node106 node149 node6 node197 node0 node52 node173 node137 node2 node162 node2 node166 node3 node168 node0 node88 node0 node21 node0 node83 node136 node5 node57 node1 node142 node0 node92 node14 node145 node14 node0
23
node194 node128 node198 node171
node0 node107
node37 node110 node118 node153 node195 node189 node165 node199 node140 node150
node142 node193 node147 node166 node190 node174 node142
node17 node108 node102
node97 node163 node155 node177 node131
node192 node181 node197 node188
node149 node136 node115 node164 node137 node168
node140 node178 node119 node124
node85 node179
node106 node123 node130 node145 node143 node100 node167 node135 node106 node196 node175
node165 node126 node151 node134 node144 node187 node170
node131 node139 node154 node182 node146 node103
node1 node184 node160 node132 node112 node114 node172 node185 node141 node176 node194 node173 node116 node161 node157 node121 node101
node156 node183
node69 node104
node88 node117 node186 node109
node57 node149 node162 node169 node138 node133
node56 node105 node192
node83 node113 node122 node152 node148
node101 node111 node180 node127
node195 node156 node159 node158 node125 node191 node120
node197 node129
