8 9 13 20 101 148 90 27 22 38 108 36 84 124 83 86 146 99 54 35 20 24 102 24 37 53 67 50 98 153 106 70 51 36 18 23 92 150 92 23 17 13 9 8 96 151 189 151 104 65 48 34 99 12 82 142 105 34 14 17 23 92 89 135 87 15 9 8 9 13 17 22 41 61 41 24 100 156 148 92 140 91 28 43 26 21 17 15 84 85 131 86 38 14 9 4 8 98 155 98 97 151 97 84 80 122 80 11 86 146 159 101 56 73 60 111 42 22 17 16 17 23 17 13 12 97 12 13 18 39 60 119 60 39 24 17 13 10 30 49 30 10 36 98 153 97 84 34 54 116 54 34 86 84 125 83 15 87 136 183 148 110 148 182 132 85 12 33 14 19 89 137 90 40 110 40 18 13 11 80 122 80 11 13 17 22 41 22 20 99 38 57 37 14 9 1 3 30 52 115 156 182 132 99 52 113 52 35 18 23 91 24 17 13 10 30 10 35 56 101 149 101 56 35 12 82 12 36 10 1 9 14 37 57 76 109 38 16 98 153 97 50 33 14 37 58 37 14 9 4 31 8 84 145 84 126 82 142 97 106 32 3 5 1 10 35 55 57 76 57 37 14 11 82 31 47 63 49 104 163 105 34 16 100 158 100 132 182 132 86 34 4 31 81 123 79 8
24
8 79
115 70
36 6
91 91 61 181 179
73 78
109 59
16 71 73 190 115
151 63 68
84 5 2
123 185 173 142
158 89 137 42
23 135 136 147 116 55
106 54 64 49 66 51 29 99 87 85 23 17 26
146 21 25 102 45 95 93 193 24 22 88
50 174 125 172 97 152 153 164 105 113 65 47
153 123 120
148 118 109 171
31 82 121
99 165
54 69 35 3 4 53 38 33 52
111 72 39 40
140 183 182 169 188 191 160 192 167 168
4 83 127 124 80 126 100 145 30
131 90 19 144
