0 1 18 1 0 7 2 5 37 5 2 7 0 1 18 62 139 138 137 138 139 62 18 1 0 8 4 16 4 8 0 7 2 5 78 5 2 7 0 8 4 10 4 8 0 80 81 80 0 8 75 8 0 1 19 3 9 48 9 3 19 1 0 8 4 8 11 8 0 1 18 62 139 138 137 138 139 62 18 1 19 3 41 3 19 1 0 60 0 8 4 16 24 16 4 8 0 1 19 3 19 1 12 26 120 121 120 26 12 1 19 3 13 17 13 3 19 1 0 8 4 16 4 8 0 1 0 8 0 7 2 42 2 7 0 8 4 16 24 16 4 8 0 7 2 7 0 1 45 1 19 3 49 3 19 1 21 1 12 26 120 26 12 1 0 8 4 10 6 53 6 10 4 8 0 1 19 3 13 17 32 17 13 3 19 1 0 8 4 10 6 53 6 10 4 8 0 1 19 3 9 3 19 1 0 8 4 10 6 10 4 8 0 7 2 5 2 7 0 8 4 8 0 7 2 5 2 7 0 8 4 8 0 1 19 3 54 3 19 1 0 7 2 72 2 7 0 8 51 8 0 80 119 118 119 80 0 8 11 64 11 8 4 10 6 20 6 10 4 8 0 1 19 3 9 3 19 1 0 7 2 5 50 5 2 7 0 8 11 8 0 7 2 55 2 7 0 8 4 10 4 8 0 1 19 3 9 3 19 1 0 7 2 5 2 7 0 8 0 7 2 7 0 29 0 8 0 1 12 26 12 1 0 8 4 10 40 10 4 8 0 66 0 7 2 77 2 7 0 1 19 3 19 1 0 8 4 43 4 8 0 7 2 55 2 7 0 8 0 7 2 7 0 8 4 10 6 10 4 8 0 8 11 22 11 8 0 7 2 7 0 8 65 8 0 7 0 80 81 82 83 82 83 84 85 86 87 88 89 90 91 92 93 94 93 92 91 90 89 90 91 92 93 94 95 96 97 98 99 100 101 102 103 102 101 100 99 98 97 98 99 100 101 102 101 102 103 104 105 106 107 106 105 104 103 102 103 104 105 106 107 108 109 110 111 112 113 114 115 116 117 118 119 80 0 1 12 26 120 121 122 123 124 125 126 125 124 123 122 121 120 26 12 1 0
19
3 3 49 13 27 41 54 19 17 32
4 4 38 16 15 47 69 43 36 74
11 11 64 22 46 8 75 51 57 65 76
0 66 60 33 14 30 71 29 79 52 25 59 7 80 44
5 39 37 5 78 50
2 42 56 2 67 55 23 77 70 72
104 106 104 108 110 112
10 40 10
101 102 100 98 96
126 129
83 84 82 88 86
6 6 31 73 20 34 53
121 26 12 63
89 90 94 92
24 61 24
114 114
118 116 118
1 1 28 21 58 45 18 62
9 48 9 68 35
