USZWPSB JCPDBZK AXCWU EPJHOESBB OIANIWMW ILXWSRIC SLZXPPYMC SICVXMLGL DISRURKA RUGMYM AERLK TPDLFKGVB SICVXMLGL NXLMTIMTQ ORCMU FPWMJC GGPIEJ KAUIIR KKEUJFUJH EPJHOESBB AREJBCDAP EPJHOESBB GMRFZFR NJLNWKM XODUVJHE FZNKCK UDNWTRHT RUGMYM EPJHOESBB BCHOPGEE YKOGGTNN GMRFZFR LZJJRVPRK FZGDAQKRC HEFYBKPUF LTNYJY GGPIEJ KYSSK CCCWKB BTMJSONW XQOMNCXDB HWJUZVNH FZGDAQKRC RBNAR URZULNA XSWDY AXCWU EPJHOESBB NJLNWKM EPJHOESBB YMKTHRU QPHYDQYV EPJHOESBB AROLW GGPIEJ WTQCHXQ FZGDAQKRC FXTET GGPIEJ EJXSCSGM EPJHOESBB UBODMUMJ BNKNHMV QCACRVPWK JXLFSOAT SIAFKK URZULNA TOAKXEQ EPJHOESBB YCGJNQA EPJHOESBB CCTJZN XSWDY JVWIZDBS JXLFSOAT OZFZCKVUN FZGDAQKRC VFEEU EMAAQWO OVKLH QMOAKJJK EMAAQWO URZULNA XZUPVI GLYDZ XENTNT EMAAQWO GNXDBJSVR EMAAQWO FZGDAQKRC JVWIZDBS BHAMV RLWAP ORCMU GGPIEJ XODUVJHE YOUZA EMAAQWO ACYPAPBPW SLZXPPYMC TGPYEAP JVWIZDBS FZNKCK EMAAQWO AOVKACB JOXQIX OVKLH JCPDBZK HEFYBKPUF YVIRIDDRA UBODMUMJ EPJHOESBB EHQRYBZ FZGDAQKRC LNDUQDYSK YVIRIDDRA OLUPAJLP FZGDAQKRC VVSNO FZGDAQKRC FBLXKVQA LZJJRVPRK FZGDAQKRC GLYDZ EPJHOESBB TPDLFKGVB SLZXPPYMC DFFFG EMAAQWO URZULNA SLZXPPYMC VTPZPDXM EPJHOESBB OTYFK EMAAQWO GEGFOSJ EPJHOESBB EMAAQWO JJQBPSV EMAAQWO MNOXM EPJHOESBB SLZXPPYMC WEKQXMG GSVJPWC ORCMU UDNWTRHT ORCMU PRDJZT EMAAQWO UBODMUMJ EMAAQWO NUBNDQ EMAAQWO USZWPSB
20
USZWPSB USZWPSB MYDTJZPES JEGRK JVWIZDBS ANHOTJN
BHAMV DIXXP GLYDZ HVERBTBS RGSOR EPJHOESBB
URZULNA ACYPAPBPW GALHVZ BHAMV TQSCIQTX YFEZIO DKINCMT NCPEGX TOAKXEQ PJXURKPC FZGDAQKRC
VTPZPDXM AXCWU RUGMYM YKOGGTNN RGLCPSJQE
RUGMYM FJQMKJNWE NTZSZ SICVXMLGL FZNKCK FLOTLYFG ORCMU AIGGLZT XQOMNCXDB JQHORKB VWNAJFRNG HNOOUELP NHNDWOH CCTJZN
EHQRYBZ EFOWXJQKY AHZYCQM EJXSCSGM KRUSUHB RVPJHZLQQ
OTYFK QMHLIXVD SIAFKK
LNDUQDYSK HWJUZVNH GNXDBJSVR FCWRH HSAIPP GEGFOSJ ZKGYGD AOVKACB MWXYLX WEXBJV VFEEU KAUIIR YVIRIDDRA MSHZNEX FPWMJC
QCACRVPWK TTXGTNV ZEZKNGTK
AROLW CWLLCM VWHRKOPZ YAETAC BLXWCB HSJUMJH RJDHJFNIN
GEGFOSJ XSWDY
EJXSCSGM APBFJMOOF JXLFSOAT
XODUVJHE MRXNI
YVIRIDDRA XZUPVI RLWAP DFFFG MOXGRP
UBODMUMJ TGPYEAP OLUPAJLP
HEFYBKPUF XHMMLM EMAAQWO VBAQD
AERLK LNDUQDYSK
ACYPAPBPW NZJGYK ZNZOQPE LYRSZA YOUZA APIOYKU ILXWSRIC RBNAR EHQRYBZ XENTNT UDNWTRHT UBODMUMJ NIVCBBO JOXQIX
YMKTHRU BCHOPGEE RQWCFDHW
DFFFG WTQCHXQ VVSNO NBRZI OVKLH HEFYBKPUF
