73 37 0 179 0 112 1 101 2 25 4 113 4 182 81 124 110 162 111 0 194 165 4 59 1 88 6 133 130 44 3 49 171 1 72 98 4 56 151 4 183 4 0 74 168 186 90 0 85 76 65 0 80 102 199 6 36 5 32 5 9 174 170 3 2 45 52 3 93 20 2 29 8 21 163 0 64 170 9 35 6 78 124 22 115 2 1 0 129 64 29 2 50 0 192 0 151 15 1 30 8 157 105 68 199 0 121 176 0 28 0 145 0 14 102 84 30 9 2 29 4 173 5 122 57 0 37 138 13 25 197 1 106 110 0 45 0 91 37 1 108 24 1 189 1 73
20
73 73
37 96 190 112
105 77 55 110 185 27 135 71 35 76 58
111 119 41 138 186
163 7 123 12 109 115 6 66
110 47 53 136 166
179 2 169 155 145 52 197 81 16 92 122
36 195 196 11 129 125
44 163 107
84 89 184 191
29 15 187
170 167 98 128 26 68 39 127 48
98 24 42 62 161 99 176 0 153 133 61
174 63 173 101 118 44 60 168 143 189 75 40 183
4 21 171 95 83 10
9 154 70
194 124
2 37 82 72 162
115 194 19 49 57 192 159
113 175
