39 79 148 92 152 44 149 169 94 15 104 118 90 54 37 115 152 178 65 115 181 147 115 122 71 66 80 19 159 122 22 104 199 1 178 183 141 182 96 81 93 2 41 134 112 165 191 2 119 147 161 106 182 191 31 161 10 0 56 121 151 131 152 19 60 92 106 118 24 123 35 134 116 113 78 193 62 47 27 174 151 146 117 102 137 179 121 84 168 47 114 36 21 90 151 56 177 40 145 46 39
19
46 46 27 23 140 91 3 154 77 54 178
36 115 51
147 194 30 48 130 191
112 16
56 197 70 157 126 44
24 93 74 6 97 99
168 182 135 177 174 179
169 81 163 83 43 4 156 55 11 113 118 109 173 103 100
179 36 111 160 63 56 183 110 198 41 151 161
44 148 49 116 88 112
102 96 149 192 28 108 158 139 133 84
19 123
2 31
0 150
118 180 193 76
123 107 59 195 22 89 80
165 78 152 147 13 176 119
22 94 12 114
199 129 42 0 75 17 169 20
