0 4 13 10 36 35 22 30 29 42 44 48 43 72 61 79 61 62 66 60 66 78 92 84 98 83 80 81 88 81 80 99 92 78 65 71 65 78 92 91 96 84 92 78 69 75 72 43 42 29 28 37 27 29 42 56 43 72 70 72 43 46 45 41 43 72 64 72 43 41 58 42 49 42 47 42 29 28 39 28 36 10 12 19 10 2 7 11 4 9 5 6 10 36 10 0
31
12 12
75 75
37 37
4 4
70 70
18 11
78 61
40 46
55 49 47
67 65
32 39
54 48
59 45
11 19 10 2
42 58 44
85 88 81
86 80
20 28
14 6 5
31 27
5 9
26 30 35 36
88 96 99 91
72 66
69 79 62
68 71
17 13
82 84
57 56
98 83 98
74 60 64
