132 139 178 173 16 35 140 127 196 15 91 7 74 195 38 68 145 30 120 107 179 20 102 39 127 74 134 153 53 103 57 71 39 10 125 124 39 1 17 29 99 51 178 44 43 100 106 88 74 195 113 81 62 82 133 23 50 53 26 58 31 38 110 102 123 150 171 80 141 15 62 147 83 72 113 199 123 200 74 64 78 6 3 170 130 48 181 165 130 2 155 37 134 33 183 53 187 156 100 126 25 132
26
39 135 91 39 193
150 33 62 133 8 152 177 66 171 85
50 166 35
35 6
178 182 192 183 68 60 109 155
91 194 148 149 159 2 98
10 41 181 47
88 56
145 78
100 118
30 176 38 184 96 104 162 86 61 185 100 31
171 46
120 45
2 126 3 40 198 108 156 82 36
74 106 189
179 101 122 27 136
127 160 77 80 44 146
113 5 92
53 9 197 75 25 28 138 81 95 195 196
134 154 161
1 137 88 26 180 87
106 13 17 188 64
23 76 167 97 105
147 142
153 90 102 113 173
123 72
