140 67 157 6 180 84 153 139 19 107 127 92 159 92 127 0 187 150 73 118 73 150 105 64 140 193 57 180 26 40 100 109 97 75 5 84 57 166 139 19 196 142 3 86 5 94 195 64 57 83 17 155 49 117 67 36 165 90 20 39 38 23 154 77 18 82 18 62 137 12 166 6 101 125 112 46 63 16 124 35 54 4 142 3 53 19 121 19 21 183 93 151 93 90 20 71 86 18 185 26 185 18 96 9 61 183 59 62 3 86 41 176 41 52 58 50 141 15 77 18 35 148 195 94 56 5 158 58 107 136 78 48 193 12 196 36 199 77 18 130 115 171 5 54 173 128 113 49 14 49 1 48 75 156 21 183 165 103 162 71 57 8 159 92 127 168 50 134 148 136 81 83 18 77 18 194 193 62 112 53 196 1 99 1 49 190 64 194 93 70 174 44 145 78 48 130 18 68 132 150 56 37 113 177 154 4 41 75 25 110 129 117 14 112 53 171 5 94 140
23
140 102 65 170 21
121 190 49 14 146 182 77 112 22
127 25 104
18 35 45 73 82 196 11 18 185 89
180 101 139
109 127 177 97 197 130 115 62 61 193
56 4 160
67 103 176 76 125 158 95 41 19 13 173 12 29
183 27 123 186 44 59 108
162 132 169
174 151
75 150 40
150 9 42 154 80
57 93 5 159 83 142
159 167 79
171 32
99 57 8 153 39 6 117 53
142 84 133 114 175 7
165 178 85 36
93 55 168
195 135 96 10 166 51
196 56 94 50 134 128 179
190 47
