L11 L1 L152 L6 L104 L149 L137 L4 L118 L95 L0 L170 L2 L59 L191 L167 L10 L59 L5 L44 L114 L54 L1 L127 L124 L136 L44 L4 L85 L1 L21 L197 L1 L102 L1 L63 L77 L1 L125 L7 L16 L7 L125 L103 L117 L1 L127 L1 L144 L3 L195 L3 L147 L60 L5 L192 L157 L68 L30 L164 L125 L4 L92 L0 L169 L28 L158 L75 L170 L47 L5 L122 L2 L13 L9 L167 L8 L5 L2 L30 L62 L114 L192 L176 L104 L8 L5 L12 L62 L3 L19 L4 L174 L6 L52 L0 L41 L0 L35 L75 L0 L78 L8 L20 L2 L72 L0 L7 L165 L163 L6 L138 L25 L186 L0 L116 L28 L17 L126 L67 L4 L87 L63 L107 L9 L143 L2 L77 L6 L3 L91 L7 L0 L22 L164 L2 L108 L2 L20 L4 L48 L42 L35 L0 L155 L0 L24 L4 L108 L4 L137 L159 L1 L11
24
L11 L9
L52 L88 L96 L28 L62 L87 L16 L145 L79 L115 L84 L74
L35 L192 L118
L60 L141 L65 L22 L40 L53
L59 L69 L110
L21 L64 L46 L76 L137
L165 L130 L29 L90 L193 L54
L75 L70
L197 L150 L119
L104 L168 L124
L54 L147 L181 L72 L189 L197 L43 L132 L146 L99 L161 L175 L184
L125 L7 L19 L89
L191 L32 L27 L169 L23
L117 L188 L190 L102 L155 L121 L103
L44 L8 L191 L31 L131
L167 L187
L195 L177 L160
L12 L42 L93 L139 L101 L14
L30 L66 L134 L113 L180
L137 L1 L86 L112 L109 L114 L125
L158 L195 L120 L100
L28 L58 L179 L91 L10 L85 L198
L95 L136 L128 L75
L157 L173 L154 L106 L48 L30 L104
