TA0 TA1 TA2 TA3 TA51 TA50 TA137 TA136 TA137 TA50 TA49 TA48 TA197 TA48 TA49 TA50 TA51 TA3 TA4 TA5 TA6 TA7 TA8 TA183 TA182 TA191 TA192 TA191 TA182 TA183 TA8 TA7 TA6 TA5 TA4 TA5 TA6 TA7 TA8 TA183 TA182 TA191 TA190 TA189 TA188 TA187 TA186 TA185 TA184 TA62 TA134 TA62 TA61 TA121 TA61 TA62 TA184 TA183 TA182 TA191 TA190 TA189 TA190 TA191 TA192 TA193 TA194 TA195 TA196 TA197 TA48 TA197 TA64 TA63 TA62 TA184 TA185 TA186 TA185 TA184 TA183 TA92 TA93 TA87 TA86 TA85 TA84 TA83 TA82 TA194 TA70 TA71 TA72 TA73 TA179 TA178 TA177 TA176 TA175 TA12 TA11 TA10 TA9 TA8 TA183 TA182 TA191 TA182 TA183 TA92 TA106 TA105 TA120 TA119 TA120 TA121 TA61 TA62 TA134 TA135 TA136 TA135 TA134 TA62 TA61 TA121 TA120 TA119 TA118 TA117 TA116 TA115 TA114 TA115 TA116 TA117 TA118 TA119 TA120 TA121 TA61 TA62 TA184 TA185 TA184 TA11 TA12 TA175 TA176 TA177 TA178 TA179 TA73 TA72 TA71 TA136 TA137 TA138 TA139 TA138 TA137 TA136 TA135 TA134 TA66 TA67 TA68 TA69 TA70 TA71 TA72 TA73 TA74 TA75 TA76 TA77 TA78 TA79 TA80 TA173 TA80 TA79 TA78 TA77 TA76 TA75 TA74 TA151 TA152 TA153 TA154 TA153 TA152 TA151 TA74 TA73 TA179 TA178 TA177 TA178 TA179 TA73 TA74 TA151 TA150 TA149 TA148 TA147 TA146 TA168 TA167 TA166 TA73 TA166 TA167 TA168 TA169 TA170 TA125 TA126 TA127 TA126 TA125 TA170 TA169 TA168 TA76 TA77 TA76 TA75 TA59 TA60 TA61 TA62 TA184 TA185 TA186 TA185 TA184 TA183 TA182 TA191 TA192 TA193 TA194 TA70 TA69 TA68 TA67 TA66 TA65 TA11 TA65 TA64 TA197 TA48 TA49 TA50 TA51 TA52 TA53 TA54 TA55 TA56 TA57 TA58 TA59 TA60 TA61 TA62 TA184 TA11 TA12 TA13 TA14 TA13 TA12 TA11 TA65 TA64 TA197 TA198 TA197 TA64 TA63 TA62 TA61 TA60 TA59 TA58 TA144 TA143 TA144 TA58 TA59 TA75 TA74 TA73 TA166 TA165 TA164 TA163 TA164 TA165 TA166 TA167 TA168 TA169 TA170 TA171 TA172 TA173 TA172 TA171 TA170 TA125 TA126 TA127 TA128 TA129 TA130 TA129 TA128 TA127 TA126 TA125 TA124 TA123 TA122 TA121 TA61 TA62 TA184 TA11 TA10 TA11 TA12 TA175 TA174 TA175 TA12 TA13 TA14 TA15 TA16 TA17 TA18 TA19 TA162 TA33 TA34 TA33 TA162 TA19 TA20 TA21 TA22 TA23 TA22 TA21 TA20 TA19 TA18 TA105 TA106 TA92 TA93 TA94 TA93 TA87 TA88 TA87 TA86 TA85 TA84 TA83 TA84 TA85 TA86 TA87 TA93 TA94 TA95 TA96 TA97 TA98 TA97 TA96 TA32 TA33 TA34 TA35 TA36 TA37 TA38 TA39 TA40 TA41 TA42 TA43 TA44 TA45 TA46 TA47 TA48 TA197 TA64 TA63 TA62 TA184 TA183 TA92 TA93 TA94 TA95 TA96 TA97 TA98 TA97 TA96 TA32 TA33 TA34 TA33 TA32 TA31 TA160 TA159 TA158 TA156 TA155 TA154 TA155 TA156 TA158 TA159 TA160 TA31 TA32 TA96 TA95 TA96 TA97 TA98 TA99 TA100 TA101 TA102 TA103 TA104 TA105 TA120 TA121 TA122 TA123 TA124 TA125 TA170 TA171 TA172 TA173 TA80 TA81 TA82 TA194 TA82 TA81 TA80 TA173 TA174 TA175 TA12 TA13 TA14 TA15 TA16 TA17 TA18 TA19 TA162 TA33 TA34 TA35 TA34 TA33 TA162 TA19 TA18 TA105 TA106 TA107 TA108 TA109 TA110 TA111 TA112 TA113 TA112 TA111 TA110 TA109 TA108 TA107 TA106 TA105 TA18 TA17 TA16 TA17 TA18 TA105 TA106 TA92 TA183 TA184 TA11 TA65 TA64 TA197 TA48 TA47 TA46 TA45 TA44 TA45 TA46 TA47 TA48 TA197 TA196 TA195 TA194 TA193 TA192 TA191 TA182 TA181 TA182 TA183 TA92 TA106 TA107 TA108 TA109 TA108 TA107 TA106 TA105 TA18 TA19 TA162 TA163 TA162 TA33 TA32 TA31 TA30 TA29 TA28 TA27 TA28 TA29 TA30 TA31 TA160 TA159 TA160 TA31 TA30 TA29 TA28 TA27 TA26 TA25 TA24 TA23 TA22 TA21 TA20 TA19 TA162 TA33 TA34 TA35 TA36 TA37 TA38 TA39 TA40 TA41 TA40 TA39 TA40 TA41 TA42 TA43 TA44 TA45 TA46 TA47 TA48 TA49 TA50 TA51 TA52 TA51 TA3 TA2 TA1 TA0
39
TA183 TA185 TA65 TA8 TA9 TA94
TA16 TA16 TA15 TA107 TA106
TA5 TA7
TA0 TA2
TA194 TA80 TA175 TA68 TA67 TA70 TA136
TA120 TA119 TA116
TA188 TA191 TA190 TA189 TA182 TA192 TA187 TA188
TA124 TA124 TA122 TA169 TA171
TA27 TA25 TA26
TA42 TA43
TA95 TA17 TA20 TA35 TA95 TA32 TA33 TA34 TA99 TA98
TA121 TA92 TA90
TA23 TA24 TA23 TA22
TA158 TA158
TA67 TA66 TA134
TA4 TA5 TA50 TA51 TA3 TA49
TA84 TA83 TA84
TA147 TA75
TA108 TA108
TA134 TA131
TA92 TA85
TA130 TA127 TA126
TA71 TA184 TA133 TA63 TA135
TA34 TA37
TA39 TA39 TA41
TA154 TA151 TA74 TA154 TA155
TA113 TA114
TA87 TA86 TA88
TA163 TA19
TA159 TA31
TA44 TA44
TA48 TA47 TA46 TA64 TA195
TA136 TA137 TA139 TA141
TA57 TA54 TA165
TA109 TA109
TA177 TA73 TA181 TA178 TA179 TA180
TA76 TA167 TA147 TA148
TA99 TA103
TA150 TA149
