AAA ABA ACA ADA BAA BBA BAA ADA ACA ABA ACA ADA BAA ADA ACA ABA ABB ABC ABB ABA ACA ADA BAA BAB BAC BBC BCC BCB BCA BDA CAA CAB CBB CCB CBB CAB CAA BDA BDB BCB BBB BBA BCA BDA CAA CAB CAC CAB CAA BDA BDB BDC BDB BDA CAA CBA CCA CDA CCA CBA CBB CCB CBB CAB CAA BDA BCA BCB BCA BDA CAA CAB CAC CBC CCC CDC CCC CBC CBD CBC CBB CBA CCA CDA DAA DBA DCA DBA DBB DBC DBB DCB DCC DDC DCC DBC DBD DBC DBB DBA DCA DDA EAA EAB EBB ECB EDB ECB EBB EAB EAA EAB EAC EAD EAC EBC ECC EBC EBD EBC EBB EBA ECA EDA FAA FAB FAC FAD FAC FAB FBB FCB FBB FBA FAA EDA EDB EDC EDD EDC EDB EDA FAA FAB FAC FAD FBD FBC FBB FBA FCA FDA GAA GAB GAA GBA GCA GBA GAA GAB GAC GAD GAC GAB GAA GBA GCA GCB GCC GCD GDD GCD GCC GCB GCA GDA HAA HBA HCA HDA HCA HBA HAA HBA HCA HDA HCA HBA HBB HBC HBD HCD HBD HAD HAC HAB HAA HBA HCA HDA IAA IAB IAC IAD IBD IAD IAC IAB IAA HDA HDB HDA IAA IAB IAC IBC IBB IBA ICA IDA ICA IBA IAA HDA HDB HDC HDB HDA IAA IBA ICA IDA JAA JAB JAC JAD JBD JBC JBB JBA JBB JBC JBD JCD JBD JBC JBB JBA JAA JAB JAC JAD JBD JCD JDD JCD JBD JAD JAC JAB JAA JBA JCA JDA KAA KAB KAC KAD KBD KCD KDD KCD KCC KCB KBB KAB KAA KBA KCA KDA LAA LAB LAC LBC LBB LCB LDB LCB LBB LBC LBD LAD LAC LAB LAA LBA LBB LBC LBD LCD LBD LAD LAC LAB LAA KDA KCA KBA KAA JDA JCA JBA JAA IDA ICA IBA IAA HDA HCA HBA HAA GDA GCA GBA GAA FDA FCA FBA FAA EDA ECA EBA EAA DDA DCA DBA DAA CDA CCA CBA CAA BDA BCA BBA BAA ADA ACA ABA AAA
23
LCD LAD
JDD JCD JDD
FBA FCD FDD FBC
DBC DCD DCB DDD DBB DBC DAD
JAC ICB ICD IDD
CBA CCB CBB
GAB GBC GAD
BCC BAD BDD BCD BBC BBB
AAA AAD ABC
EDA FBB FCB FAD
GCA GBB GCB
GDD GDD GCD
JBA JBB JCB JBC JAD
EBD ECD EDD EAD EBC
CDC CBC CAD CDD CCD
EAD ECB EBB
HBB HDD HCD HAD
KAB KBB KAD KCB KBC KCD KDD
BBB BCB
BAA ACD ADD ACB ABB
LDB LCB LBB LBC LCD LDD
HAA HBB HBC HCB
IBC IAD IBB IBC
