Milton Magway Kamnik Koronadal Berkley Esmeraldas Martin Mauldin Tunapuna Thulusdhoo Sylvester Monee Zahedan Georgetown Hengshui Koronadal Thulusdhoo Monee Dunhuang Wallington Makinsk Bangassou Tunapuna Abaza Lukulu Shostka Wallington Bonao Sofia Monee Jacmel Koronadal Maidstone Tunapuna Chicago Hayden Koronadal Aylesbury Ankaran Koronadal Pleasantville Koronadal Ninde Koboko Tunapuna Hengshui Esik Burylbaytal Sari Piran Moanda Tula Clawson Jambi Koronadal Busan Koronadal Keene Sari Kiruna Monee Swansboro Westmont Balyqshy Magway Tabuk Magway Koronadal Scottsdale Cairo Nashville Cairo Littlestown Kiruna Pasadena Magway Vyska Magway Salsk Toktogul Jambi Shamva Koronadal Kamnik Campana Ashtabula Ankaran Lucena Koronadal Keene Pakalongan Winona Lukulu Koronadal Kamnik Waldwick Boosaaso Koronadal Kigali Koronadal Dhule Koronadal Jambi Tunapuna Thulusdhoo Koronadal Martin Clawson Monee Esperance Lochbuie Koronadal Shu Managua Dalby Georgetown Shu Huron Georgetown Koronadal Tallaght Elburn Kasaali Pakalongan Koronadal Tumen Koronadal Serpukhov Zicheng Dalby Barabinsk Mangalore Jizan Plast Dalby Heath Milton
21
Milton Milton Jeonju Chicopee
Barabinsk Ashtabula Campana Zvezdnyy Hengshui Devine Madrid
Keene Cooma Martin Zumpango Cochrane Shamva Totness Kitamilo Joliet Plast
Tabuk Bam Salsk Kirovohrad Pleasantville Eydhafushi
Berkley Winona Siquijor
Kiruna Kimba Elburn Skiatook Burylbaytal Chancay Ipatinga
Chicago Shu Barabinsk Socorro Esmeraldas Moanda Boosaaso Kasaali Kanoya Karur Zicheng Yevlax Zadar Koboko Helotes Managua Clawson
Jambi Jerusalem Cairo
Esperance Bonao Ihosy Piran
Nashville Lodja Jizan Mauldin Carnikava Morondava Sari Rumuruti San Heath Arras
Elburn Aizawl Barddhaman Kelang Kerma Luga Littlestown Marsaskala
Pleasantville Nusaybin Agago
Abaza Kiruna
Pasadena Esik Chicago Quime Tallaght Trang
Pakalongan Dalby Dunhuang Multan
Moanda Samux Moorhead Jambi Keene
Shamva Tunapuna
Esik Toktogul
Aylesbury Plainfield Wallington Tabriz Scottsdale Sofia Harahan Nguigmi Tabuk
Sari Pakalongan
Ankaran Makinsk Hayden Crawfordsville Berkley Pasadena
