Soda Location50 Location190 Location0 Location27 Location31 Location34 Location30 Location4 Location107 Location113 Location56 Location178 Location35 Location178 Location56 Location192 Location79 Location68 Location76 Location129 Location135 Location129 Location133 Location43 Location122 Location94 Location64 Location83 Location73 Location47 Location80 Location47 Location73 Location83 Location64 Location133 Location43 Location122 Location48 Location81 Location57 Location117 Location26 Location74 Location11 Location80 Location107 Location4 Location30 Location141 Location23 Location141 Location115 Location144 Location65 Location62 Location126 Location62 Location65 Location144 Location115 Location19 Location25 Location31 Location177 Location98 Location80 Location11 Location74 Location26 Location121 Location52 Location94 Location122 Location55 Location173 Location153 Location163 Location129 Location135 Location130 Location92 Location49 Location13 Location188 Location168 Location180 Location6 Location16 Location73 Location16 Location125 Location192 Location156 Location133 Location174 Location149 Location104 Location148 Location81 Location48 Location16 Location125 Location58 Location125 Location26 Location74 Location11 Location89 Location67 Location61 Location42 Location153 Location163 Location153 Location173 Location55 Location122 Location79 Location68 Location142 Location184 Location75 Location61 Location109 Location61 Location70 Location124 Location168 Location188 Location33 Location143 Location141 Location23 Location146 Location103 Location149 Location191 Location11 Location80 Location47 Location80 Location98 Location177 Location31 Location27 Location82 Location63 Location175 Location157 Location175 Location49 Location92 Location169 Location190 Location0 Location122 Location79 Location83 Location73 Location47 Location39 Location169 Location137 Location169 Location39 Location119 Location42 Location61 Location70 Location45 Location23 Location146 Location56 Location99 Location19 Location25 Location112 Location2 Location174 Location133 Location134 Location101 Location156 Location97 Location115 Location144 Location52 Location94 Location127 Location192 Location20 Location113 Location107 Location80 Location47 Location39 Location89 Location127 Location192 Location56 Location99 Location19 Location163 Location19 Location27 Location82 Location127 Location82 Location112 Location2 Location75 Location7 Location48 Location16 Location125 Location58 Location50 Location22 Location156 Location97 Location28 Location97 Location115 Location27 Location82 Location27 Location95 Location27 Location31 Location177 Location98 Location177 Location135 Location130 Location69 Location155 Location64 Location144 Location64 Location155 Location81 Location71 Location81 Location48 Location122 Location0 Location27 Location31 Location24 Location114 Location143 Location17 Location129 Location163 Location88 Location57 Location88 Location163 Location19 Location164 Location19 Location68 Location179 Location14 Location191 Location14 Location179 Location68 Location142 Location184 Location99 Location19 Location27 Location60 Location88 Location163 Location179 Location163 Location129 Location130 Location37 Location167 Location185 Location18 Location160 Location146 Location23 Location141 Location115 Location27 Location21 Location64 Location83 Location64 Location133 Location43 Location122 Location48 Location16 Location125 Location26 Location74 Location11 Location191 Location14 Location145 Location0 Location122 Location79 Location192 Location18 Location192 Location156 Location133 Location174 Location133 Location13 Location159 Soda
22
Location179 Location179 Location49 Location104 Location149 Location32 Location10 Location11 Location99 Location142 Location164 Location40 Location25 Location115 Location16 Location1 Location113
Soda Soda Location190 Location50
Location133 Location119 Location39 Location27 Location19 Location60 Location34 Location33
Location145 Location180 Location29
Location25 Location74 Location87 Location57 Location101 Location90
Location47 Location127 Location125 Location162
Location55 Location123 Location118 Location173 Location88
Location28 Location89
Location18 Location112 Location46
Location35 Location176 Location8 Location38 Location36 Location163 Location30 Location3 Location0 Location131 Location56
Location56 Location9 Location135
Location64 Location102 Location41 Location182
Location137 Location128
Location180 Location42 Location64 Location144 Location120 Location12 Location72
Location167 Location116 Location134 Location151 Location28 Location132
Location27 Location62 Location191 Location181 Location43
Location126 Location147
Location104 Location75 Location187
Location70 Location189 Location184 Location172 Location154 Location158
Location61 Location105 Location145
Location129 Location143 Location129 Location48
Location192 Location70 Location168 Location188
