Soda Hqrjtum Sioinvblt Wlodbyucbjq Yskel Yqpulhvwivd Zgdjffrhk Dpiknnvmi Zlwi Vcaihs Zlwi Ttkftfcy Eoyibc Ttkftfcy Mzpsuuaar Ryyoqd Jrlyeyiwwu Uwwmj Hqrjtum Soda Fhgjwqkutxz Vzrhqguukw Bcbc Uszdn Smkwcdian Nmfcncwhiz Jggbevcry Ggjevfhgzwv Emtouaoowyw Bmulovob Emtouaoowyw Jdonjesl Hqengchsddu Inxcijpyf Vlibwe Inxcijpyf Dpiknnvmi Pqvhtvcqo Civxfilaeqk Npgmpqjyei Eoyibc Smkwcdian Shsdf Brgwekrnc Yskel Ttrpbvjdda Inxcijpyf Mtpmo Xiogpn Aodl Vtbcgdxr Kslcu Ocbwopj Edqplcotb Fizeyd Aodl Bdympbsjhe Ncqinikzgdp Zozpqsoh Ogakhfzozi Ttkftfcy Eufcpnaixls Tdreo Uymaeuj Smkwcdian Vmkqhvmm Hqrjtum Fsfxv Tniitgldxe Elfjuircela Pzdxvrzhdt Ylscbxx Lkqdreu Nxwu Juiw Dsnedpk Wsqe Rgcxopm Lhzuvvpmpa Zcluraciodj Mtpmo Ttkftfcy Brcezeb Nwitmhz Kcjpz Qqjx Emtouaoowyw Dqlzagezaf Nwitmhz Yskel Jggbevcry Weuri Ufwcxpl Vtbcgdxr Aodl Bdympbsjhe Eatzdb Elfjuircela Shsdf Oxgcfytsfks Zcluraciodj Khycsxtrrp Zqwjwnlnefm Gtgc Nkndh Zseccp Gfax Nklgno Kcjpz Mzeexa Kcjpz Rthio Wtbchdvcf Vmkqhvmm Jwcpy Vlibwe Brcezeb Ibschxvbrh Fbwbklawixw Bdympbsjhe Mmzmgkvtqx Bowdktxf Pqvhtvcqo Mpuidi Aqdrmrxjb Elfjuircela Eatzdb Mtpmo Zgdjffrhk Fhgjwqkutxz Uszdn Laya Aybjrpvt Pbjtt Fizeyd Juiw Mzeexa Fhgjwqkutxz Iwrst Hqengchsddu Inxcijpyf Qhaobijtvl Jrlyeyiwwu Hozmfldg Hmbz Fbwbklawixw Iyijtlycj Irwyl Bowdktxf Muaxhtjy Ffhxfcrnkzi Brcezeb Qqjx Ltdeardrfw Fmskqcejfx Inxcijpyf Rrimlqgt Dolpz Qjipkvvxpdp Eatzdb Edmwavtz Zcluraciodj Ddvyvg Fhgjwqkutxz Inxcijpyf Hqengchsddu Hqrjtum Ydvuvij Irwyl Jrlyeyiwwu Gdfnwyj Zgdjffrhk Nncpo Edmwavtz Zcluraciodj Ddvyvg Sioinvblt Vyledpi Oxgcfytsfks Vyledpi Laya Emtouaoowyw Inxcijpyf Wlodbyucbjq Zpudyv Jdonjesl Utcvkhqmliy Gpqyo Pbjtt Ggjevfhgzwv Muaxhtjy Qcnqbaiah Vtbcgdxr Rouupns Pzdxvrzhdt Gtgc Ufwcxpl Gpqyo Hqrjtum Soda
21
Gpqyo Inxcijpyf Asqguuggw
Jrlyeyiwwu Wlodbyucbjq Jggbevcry
Ddvyvg Sioinvblt Oityp Ewel Wtbchdvcf Oxgcfytsfks Vyledpi Iqfewjmoxea Mzeexa Kcjpz
Xiogpn Hqengchsddu Mpuidi
Weuri Yxqxfgj Ttrpbvjdda Hzinsgk Pzdxvrzhdt Rouupns
Ggjevfhgzwv Utcvkhqmliy Lfvepwf Ddvyvg Opyou Aybjrpvt Azurxcmynf Wcvfecug
Vmkqhvmm Weuri Dpiknnvmi Gmnmclt Qhaobijtvl Rthio Hmbz Elfjuircela Fhgjwqkutxz Bylykbmgadb Aetguutl
Muaxhtjy Xqlxxsqozg Xvkx
Bdympbsjhe Xiogpn Ylscbxx Shshl Kwniposj Khoprwfn Tdreo
Yskel Fnao Wgehgd Lhrjghnz Jdonjesl Niiglftbp
Brgwekrnc Aodl Zcluraciodj
Hqrjtum Edqplcotb
Wlodbyucbjq Rnswnff Igcbw Ygaely Lpcihph Fizeyd Ttkftfcy Tftuismjy Cdplmrl Lhzuvvpmpa Ueuphudi
Aybjrpvt Znjvtzp
Ncqinikzgdp Uymaeuj Aqdrmrxjb Ibschxvbrh
Lkqdreu Besuiq
Nmfcncwhiz Hwtzkfl Mdnomclrhe Gtgc Sihsuutjg Zseccp
Nklgno Uwwmj Lcrsrgxpi
Smkwcdian Hozmfldg Npgmpqjyei Brgwekrnc Gsdug Hgoc Nklgno Jwcpy Vlibwe Ikfqsv Bdympbsjhe
Nncpo Yesamropvf Nkndh Qcnqbaiah Eufcpnaixls Yskel Qxvqdumpbbl Ufwcxpl
Sioinvblt Nwtxsn Xmtucbfh Zozpqsoh Hqrjtum Nncpo Nwitmhz Jvxqdoen Mtpmo
