m6 n6 a0 d6 a4 k2 b0 b8 c4 c0 a0 a6 d0 m8 a0 q1 a6 m3 a6 m4 a1 z8 w0 a0 r6 h5 e0 a9 g2 b3 e1 c7 l1 a1 l3 a1 l1 w1 j8 a0 a3 a0 r1 a1 g8 k1 a1 a0 g3 a1 j7 j6 a1 r9 a4 d2 j7 a2 r4 k3 a2 r1 m5 h7 a0 j8 a0 j5 w9 b7 g2 a3 n4 x4 d9 a6 r5 w9 e1 a3 q3 a1 q6 k1 a1 l1 n7 a1 z2 a1 n3 d8 a2 c0 a3 z8 a3 k6 a5 d1 y1 a4 k1 l2 a0 e9 y1 a6 z2 a8 d7 r6 f5 j1 a2 n1 x8 r1 d2 a6 g1 m5 a3 e1 n6 v4 a0 e6 a0 n1 a0 w8 a1 z5 b2 n1 a0 w4 f0 v6 a0 d3 c9 a0 c8 a0 m6
22
m6 m6 a6 b0
l1 n8 w8 l2 n6 r4 j3
j8 d3 r2 q7 x7 j0 w2 c5 g6 z3
c0 k9 g9 h1 j1 h4 w1 f5 k2 z9
j5 k7 j5 r7 v6 c0
g1 l4 q8 j4 c3 c9 n2 v4 b3
a8 q1 e3 b8
a3 j9 r1 c2 n7 x1 l0 q0 a0 v1 k8 a9 b9 g8
l2 h8 a1 m4 d4 q4 k4 y0 r3 l6 j2 f6
z2 j8 r8
a0 f7 a5 d5 g2
z8 q6 x9
g3 a8 w9
k3 h9 z8 l8 n5 x5 g0
d9 n3 w3
d7 f4 d0 e1
m8 q3
w4 h7 v0
c7 l5
r1 f1
x4 e2 m8 k0 l7 e6
n7 e9
