0 189 104 189 111 93 102 190 13 154 93 17 31 82 28 27 192 198 151 165 144 78 31 67 68 139 17 19 8 145 155 164 81 179 185 4 118 31 53 97 54 97 37 113 128 49 73 13 135 124 97 180 25 170 29 115 57 29 93 112 44 17 4 50 186 81 77 118 31 53 139 62 145 85 88 144 112 24 16 108 178 71 105 91 48 194 121 127 17 31 146 194 81 196 5 105 8 165 179 88 26 14 128 60 61 121 36 121 120 50 170 19 85 114 95 116 128 68 128 160 128 82 139 161 142 17 197 74 152 74 64 170 5 57 65 62 121 178 114 161 119 189 104 34 170 110 170 116 106 170 166 66 68 158 139 132 74 45 17 102 128 80 128 113 97 9 128 121 128 139 49 31 7 75 42 75 0
18
0 0 3 94 99 70
77 38 37
151 59 26 85 30 62 76 77 51 78 79 21 42 61 89
132 73 43 46 84 11 39 29
139 20 83 91 87 12 54 31
8 22 35 7 63 1 13 14
53 47 97 32 16
19 64 44 74 67 57 96 4 40 92
170 52 65 72 60 55 53 5 93 41 28 98
82 27 90
108 17
93 34 82
49 86
73 6 33 25
7 66 68 23 9
114 45 48 10 56
110 95 58 24 69 80 19 2 71 36 50 81 75
60 88 15 49 8 18
