0 1 6 1 116 126 4 2 19 142 186 16 0 4 2 99 108 75 6 86 135 25 54 43 0 85 27 137 2 8 147 1 38 12 109 117 2 27 2 54 172 1 18 102 98 1 36 2 70 0 137 84 25 1 149 1 106 28 115 141 109 98 33 1 39 169 0 161 124 0 5 108 0 125 65 1 140 129 0 160 0 189 103 0 143 0 108 0 136 53 178 139 149 1 184 0 110 0 128 1 71 10 0 15 70 2 8 19 154 184 121 0 102 49 9 1 26 0 98 100 158 171 0 124 2 157 9 174 4 72 2 146 52 195 2 192 182 0 175 158 57 0
26
0 164 46 141 5
71 99 59
27 49 143 77 104 177 194 131 27 162 192 152 14 2
98 130 73 29 47 186
6 24 110 97 132 115
157 72 126
103 66
140 10
117 101
106 56 108
146 11 183 50 170 71
161 149 44
108 105 193 30
19 155 94
52 136 62 189 100 79 175 34
36 13 85
75 146 172
109 1 35 45 87
102 93 26 121 76
149 195 179 38
192 52 150 91 120 140 127 178 23 139 64
186 133 82 78 12 168 39 42
142 163 22 51 142 28
57 31
72 67
8 63 68 21 103
