0 86 1 114 134 119 194 20 6 157 80 168 169 133 179 150 75 101 83 198 126 193 99 137 22 138 93 147 32 50 96 175 86 164 85 167 15 1 86 0 155 0 55 57 73 57 33 5 3 128 17 18 41 157 6 5 33 156 169 86 175 96 46 14 167 98 159 199 164 184 153 129 92 59 171 35 32 50 96 25 96 50 145 132 145 38 116 140 2 33 156 33 199 159 187 72 150 186 53 110 153 134 119 194 20 14 46 96 142 30 110 170 3 128 153 58 103 114 12 69 161 151 134 57 47 57 60 131 36 189 34 189 167 15 35 182 31 19 152 168 169 86 0 55 92 55 174 116 52 116 38 125 195 36 56 53 186 67 34 189 36 56 140 116 174 24 153 110 53 56 18 106 147 104 126 104 147 72 30 142 143 11 65 194 20 149 7 135 85 167 14 20 194 65 104 147 23 124 122 16 7 123 120 79 141 95 65 169 86 164 127 4 111 44 174 24 153 134 114 39 79 13 84 0 155 137 172 120 196 106 18 56 53 110 170 124 90 124 122 16 7 149 133 115 181 61 33 57 134 151 134 119 109 10 167 189 193 126 172 120 112 16 122 124 157 6 20 14 167 10 109 2 112 139 113 93 72 93 113 174 44 111 7 16 131 36 189 11 143 90 161 69 12 114 103 166 98 167 52 151 122 16 7 40 99 137 22 138 46 96 175 86 169 21 73 182 31 19 58 56 18 41 18 56 53 186 89 117 164 184 124 90 143 119 86 0
26
0 101 172 198 13 97
95 10 86 105 72 119 143 148 77 21
106 14 49 89 182 176
138 83
92 55 92 59 152 56 2
111 16 112
32 161
90 24 52
126 68 106 147
151 19 139 175 196
114 170 3
96 157 1 9 35
164 82
131 160 99 137
3 29 189 71 195 20 188
98 125 38
72 138 64 150 129 124 26
53 107 167 123
7 104 141 169 66
73 46 185 95 90 197
34 94 67 186
89 85 164 27
25 43 166 11 41
135 74 51 102
142 45
52 132 50 100 39 12 103 23 73 57 108 142 69
