0 13 3 126 3 61 165 1 34 1 25 60 158 120 0 162 0 129 16 11 187 5 160 58 6 70 6 98 61 1 182 90 3 136 39 0 86 0 34 143 0 4 26 180 4 141 46 3 76 150 162 0 143 179 170 6 122 0 97 11 17 58 1 22 7 53 0 21 0 127 95 110 142 62 99 8 131 110 11 33 0 63 0 49 7 168 76 67 0 104 2 142 3 163 14 15 20 131 48 136 68 137 0 124 2 55 162 192 2 156 88 1 108 0 40 0 131 158 159 0 194 175 5 169 101 3 0 159 4 18 31 1 163 121 4 180 79 132 1 110 95 4 172 7 38 69 0
21
0 0 90 132 194 70 16 64 162
172 172 22 74 80 108
159 122 148
142 76 106
31 94 48 72 20
120 18 158 146 138 168 198 126 190
104 52 86 100
182 42 154 196 144 78 30 92 120 184
63 44 174
194 60 38 152 112 6 82 66
121 180
179 4 156 98 192 68 10 150 26 176
126 62 140 104 34 32 136 102 114 40 124 188
76 36 110 178 116
108 46 12 8 56
136 134 50
150 96 118 54 128 142
170 58 182 14 160 164 84 166 186
4 24 130 2
40 88 170
38 28
