Soda Etcheverry1 Mulford1 Soda Haste Cleary Mulford Dwinelle1 SutardjaDai1 CalvinLaboratory BarrowsHall Hesse Boalt Simon Bechtel MemorialGlade FoxCottage1 Bechtel Bowles Cleary1 Soda Insectary Soda SproulPlaza1 Soda Latimer HearstMiningCircle1 Mulford Bechtel Simon1 HearstFieldAnnex1 Soda Morgan1 Soda Giauque Soda HearstGymnasium Bechtel Haviland1 Wheeler1 GoldmanPlaza1 Soda Sproul1 KrutchTheater1 Soda Mulford1 Campbell EastGate Kroeber1 CaliforniaHall Cleary1 Wellman Morgan1 Soda Giauque Soda Sproul1 BancroftLibrary EastGate ClarkKerr1 EdwardsStadium1 Bechtel HearstMiningCircle TangCenter BarkerHall Dwinelle1 Gilman Bechtel Bowles Giannini Hildebrand1 McLaughlin1 LowerSproul1 CalvinLaboratory Campanile MLK Hertz Pimentel1 Bechtel HearstMiningCircle MLK1 Boalt Wellman1 Boalt MLK1 SproulPlaza Boalt Kleeberger1 GreekTheatre Greenhouse1 Soda Boalt Wellman Moffitt1 McCone1 Haviland NorthGate Chvez1 Haste OBrien1 HearstMiningCircle1 Sproul1 Greenhouse TangCenter1 Wheeler Sibley Soda Etcheverry Blackwell1 Durant1 Soda Evans Etcheverry Wellman Bechtel Stanley HeatingPlant Campanile Boalt Pitzer Chou Cory Lewis Kroeber Moses1 Soda Birge1 Boalt SatherGate SproulPlaza1 Davis Bowles Boalt Soda
22
Bowles HearstFieldAnnex Cheit1 Sibley WooHonFai1
Campanile Haviland Wellman Greenhouse Hildebrand1 Cory1 Zellerbach1
HearstGymnasium Hesse Bechtel1
EastGate CalvinLaboratory1
Mulford FoxCottage LifeSciences1 Warren Kleeberger Minor
MLK1 HeatingPlant DoeLibrary Evans Soda1
McLaughlin1 Durant Observatory1 SutardjaDai1 Stanley Haste1 NorthGate
Giannini Davis Hargrove McLaughlin1 McCone Jacobs1
BarkerHall EdwardsStadium
GoldmanPlaza1 Kroeber Hertz
Campbell Insectary Mulford StadiumRim Latimer Tan
SproulPlaza1 Moses1 Chvez OBrien Lewis Giannini1 WestGate Koshland Hilgard Dwinelle1 Wurster SatherGate BarrowsHall MemorialStadium Gilman
Greenhouse1 TangCenter Bechtel LowerSproul McEnerney Morrison Sproul
Etcheverry Etcheverry1 SutardjaDai Pitzer Pimentel Eshleman
Wellman BotanicalGarden Campanile BancroftLibrary KrutchTheater1 Boalt1
Sproul1 Chou TangCenter1 Zellerbach
Pimentel1 GoldmanPlaza Simon IshiCourt WestGate1 CaliforniaHall Stephens1 Blum MemorialGlade Bowles Foothill
Cleary1 Moffitt Morgan Warren1 GreekTheatre1 Giauque HaasPavilion WooHonFai HearstMiningCircle1
Haste MLK1
OBrien1 EastGate
Latimer Birge ClarkKerr
Hertz LeConte Cleary Stephens HearstGymnasium
