2 157 53 193 50 42 108 105 21 105 108 57 94 88 78 88 148 195 199 35 60 70 185 70 100 198 128 198 100 70 60 9 60 35 188 42 108 105 21 92 21 105 108 42 188 163 158 110 82 178 37 86 128 198 147 32 146 148 88 94 57 108 42 50 129 48 175 126 114 135 66 135 114 126 175 87 8 87 175 126 114 100 198 147 115 104 166 113 99 174 176 51 76 22 14 62 90 95 82 178 72 197 120 133 16 179 16 133 120 197 72 178 82 95 90 62 139 55 50 42 103 172 113 99 165 140 165 99 113 172 61 168 61 172 103 116 67 134 69 13 69 89 68 53 157 2 41 85 41 2 157 53 193 53 68 119 136 167 84 167 136 119 68 53 193 50 1 58 73 83 38 186 64 75 185 70 177 90 62 139 55 50 42 103 24 103 172 113 99 165 140 149 66 135 124 46 38 83 73 58 1 50 193 53 68 119 136 186 0 192 176 51 176 192 0 186 64 75 141 27 98 172 61 168 61 172 98 27 20 59 5 125 31 10 194 93 101 150 185 70 177 90 62 94 28 94 88 78 20 59 5 125 31 10 194 93 101 150 185 70 60 35 199 195 148 88 94 57 180 126 114 135 66 135 114 100 198 147 32 147 198 128 86 65 4 65 86 128 198 100 114 107 43 80 118 6 71 6 118 6 71 43 107 114 135 124 46 124 135 66 149 3 153 3 77 185 70 60 35 188 163 188 35 199 97 183 91 27 98 172 113 99 165 99 174 28 116 103 172 137 96 62 14 18 171 149 66 135 114 126 175 48 129 50 55 139 62 94 57 180 174 182 117 182 174 180 126 114 107 43 80 54 80 43 107 114 126 180 57 108 42 50 42 188 163 5 169 5 163 158 110 82 178 82 95 90 177 70 60 70 185 170 89 68 53 193 50 42 103 172 98 36 98 27 20 78 88 148 102 45 181 34 23 11 26 63 131 109 161 4 112 158 163 188 35 60 9 60 35 188 42 50 1 58 73 58 1 50 193 53 157 49 157 53 193 50 55 50 129 48 175 126 180 57 108 105 21 92 190 112 158 110 82 178 37 25 37 178 155 196 121 199 195 56 44 104 115 147 198 128 86 65 4 65 86 128 173 59 20 78 88 94 57 180 126 175 126 180 174 182 117 102 45 181 45 102 117 164 138 13 69 134 94 88 148 195 56 44 104 115 147 198 128 86 65 4 112 158 163 5 169 160 166 113 172 137 96 62 90 177 70 177 90 62 94 134 69 89 68 53 157 2
30
2 2 157 53 193 145 52 49
50 48
181 23 34
55 130 55 139 122
183 27 141 98 36 97
9 106
66 3 149
4 156 112 4 161 158 128 131 92
149 14 171 165
125 93 194 188 35 125 26 63
137 90 177 95
175 174
54 80 54
72 133 179
102 56 44 181
5 115 100
53 119 136
168 61
76 51 76
121 82 110 178 86 25 121 196 7 79
82 12
117 189 182
32 32 59 173
6 118 6
83 114 126 46 38 73 187 50 58
186 0
24 142 85 42 113 96 94 15 30
180 8 13 28 116 67
13 164 138
99 192
