ffffff c yyy gggggg iiiiiii zzzzz wwwwwww eee x zz hhhhh z hhhhhhh tttt hhh llllllll q a aaaaaa p rrrr uuuuu mmm ggggg g nnnnnnn nnn bbbbbbb mm e ii w uuuuu iiiiiii hhh hhhhhhh rrrrr iiiiii rrrrr mmmmmmmm rrr iiii rr aaaaaaaa bbb r dddddd ee ss wwwww rrrrr m yyyy mmmm k ii jjjjjjjj ttt hhhhhhhh kkkkk iiiiii ddddd bbbbbb www nnnnnnn rr y ssssss aaa zzz o yyy f ggg aaa jjjj iiiii qqqqqqq iiiiiiii rrrrr kkkkk mmmm cccccc qq pppppp tttt wwww jjjjjj jjjjj kkkkkkk y eeeeeee aaaaaaa ccccc d kkkkkkkk ssssss mmmmm u iiiiiiii ffffff
23
ffffff ffffff ffff vvvvvv a cccccc wwww ccccccc ssss ttttttt
aaaaaa sssssss
iiiiiiii rr wwwwww uuuuuu lll nnn vvvvv uu jjjjjj m llllll xxxxxxx
k llllllll
ee mm zzzzz oooooo
mmmmmmmm aaaaaa mmmm k
u ffffffff gggggggg tttttt
x bbbbbbbb cccc zzz oooooooo
www ggggg aaaa
nnnnnnn lllllll ssssss
hhhhhhh ooooo
a pppp eeee wwwww xxx d
dddddd hhhh
rrrrr iiiiiiii kkkkkkkk bbbbbb qqqqqq nnnnnn ggggggg ppppp iiiiiii eeeeeee xxxx eeeee uuu dddd eeeeee
ssssss sss vvv hhhhhhh dd b s
wwwwwww x
ddddd aa fffff qq mmmmmmmm jjjj
wwww ee tttt ttttt xxxxx
mmmm kkkk tt e ll jjj aaaaaaaa ii
kkkkkkkk pppppppp kkkkkk yyyyyyy gggg
w j q qqq uuuuuuu cc
c yy
zz bbbbbbb o rrrrr rrrrrr hhh aaa sssss
