199 24 29 39 5 44 166 134 53 163 75 163 49 142 26 54 150 20 60 164 55 83 38 83 21 88 77 51 160 7 177 23 177 103 81 103 67 13 108 13 101 50 178 93 188 95 189 176 46 47 129 47 46 72 193 128 173 74 192 74 156 86 65 5 44 60 20 150 49 142 184 142 26 54 176 88 64 194 159 35 159 194 64 88 77 51 160 7 135 7 177 103 197 147 94 55 83 124 37 145 107 127 25 190 25 127 107 145 130 120 32 84 122 183 87 149 121 149 172 197 103 81 16 194 86 156 163 17 127 25 113 1 108 13 101 50 178 93 188 38 83 124 37 145 130 120 130 145 37 124 83 21 88 64 194 16 48 5 65 86 156 74 192 58 192 74 156 163 156 86 194 159 68 195 68 159 35 130 145 107 36 47 93 178 50 123 147 94 55 164 60 20 60 44 5 175 41 177 103 182 35 130 145 37 124 83 55 83 38 188 93 188 115 171 62 15 91 133 105 77 88 176 46 47 93 178 121 178 93 188 95 188 38 83 55 94 147 197 151 10 24 29 39 5 44 166 44 5 48 16 182 133 182 16 48 5 39 90 39 29 7 91 137 91 133 182 35 130 145 107 106 42 106 107 127 110 85 99 139 181 20 11 114 59 114 11 20 61 20 181 139 99 85 110 85 99 139 181 146 174 96 174 40 33 109 161 197 103 81 16 81 16 198 185 160 7 177 41 157 31 193 72 6 184 142 49 163 156 86 194 16 182 103 177 79 38 188 80 45 104 85 104 45 80 175 5 39 90 39 5 48 151 48 16 182 133 91 137 91 133 105 1 113 25 153 71 158 28 197 147 94 55 83 21 59 118 27 2 71 158 139 99 85 110 127 107 106 42 23 177 41 157 31 97 102 113 25 190 152 190 25 113 1 108 57 11 57 108 13 67 103 182 35 159 78 167 78 159 194 86 156 74 192 58 192 74 156 86 194 159 80 159 78 119 156 74 192 116 192 74 173 128 193 31 157 41 175 5 48 151 48 5 44 60 20 150 49 163 53 134 70 8 65 86 156 74 192 58 186 144 73 21 88 176 189 11 114 11 57 109 161 197 151 10 24 199
26
85 85 99 71 28 45 36 37 47 56
199 82 35 10 24 69
20 20 61 60 44
16 68 80 51
55 62 15 83 88 3 18 55 94
74 74
124 4 17 75 53
79 21 73 59 38 79
54 46 26 54
107 93 66 30
108 25 50 1 77 13 67 34 57 33
166 5 48 41 39 90
150 0
137 91 7 12 19 98 8 70 76 65
195 63 22
90 29
120 32 84
121 86 64 14 89 87
192 40 58
5 42 23
182 97 52
31 72
177 78 31
193 6 49 43 92 16 81 27 2
96 96 9 95
59 11
