dweidxeutk xqqirblyjw qjjslhkvnr gmvwahagsy scgsokjwvw cavyunvwuk fxpsowceqq gbihbtjqog cpdpvshtof yvizyauxul veqndedhgo dweidxeutk lvqqznnzyn ftmprcpodf dldiwncohw tzpaywhybw bmqnvmwdel elifcmozpf dweidxeutk xhbihjwgij dnbdlutvqn ylgtgxhujb wbdpumkvfu dfgysrnikx nqdbgeypdu hhrqqsxmle nimybvgttg dweidxeutk wqeazvzkdf bmqnvmwdel htfyksgccp ebbcmbhgnc dllzvxpcgk xawomxeyut aqetyrnion dsflclsebb agablikqzu hjvmodgwdg qrlovctbtr elifcmozpf cnbqxrvlvl sdrvuvvtzb gcfwrdoced nqdbgeypdu gibfnosbtf tehmqpfdnn kgpqjqjrhc iqbyvqgkcp lvqqznnzyn ggkwgytekr klbefaxnzg qnujamvdng sdrvuvvtzb fuhtgylsov hpqsgalvar taoimnqdrr zzydddjmri qjjslhkvnr siwbsyuwap alsvefjqwa kpdfwhwwqb fwwnyjpwnp flrbhumcno mdwwftewyk fuhtgylsov dweidxeutk cavyunvwuk klbefaxnzg ivgiotlrrr sjqdgtugly htfyksgccp nqdbgeypdu ffisecgfqt sqejvmzqyo yugelanmtk aqetyrnion djsmjhzrzl mjukgouxqr dweidxeutk nmxtcoxqde dweidxeutk pbrhlhvhzj mjukgouxqr nqdbgeypdu vqlbufoinm nqdbgeypdu pgiiochubt hcvrravrik dweidxeutk nxiuvgpakn dweidxeutk njcgixsmgk vtquakjujf uqhdcumthr scgsokjwvw xawomxeyut dsflclsebb vtquakjujf gpbaqafhdz itouxsyevo seqrxdjigd hjvmodgwdg wlzaatlgns cavyunvwuk odytfbnuuh dweidxeutk yugelanmtk dweidxeutk drtcvphibq elifcmozpf cpdpvshtof tigyjzilmz dweidxeutk
20
dweidxeutk dweidxeutk
zzydddjmri kgpqjqjrhc
ffisecgfqt gkbqwvqnfu
djsmjhzrzl fwwnyjpwnp irtbznwvcu dlfzngcmgq
gmvwahagsy tofdobbbjt
qjjslhkvnr tdtlnqnprm aihlvhrjir cxrfqntbtm hjvmodgwdg rqmdukqpbg
klbefaxnzg itouxsyevo gvxfzzmwzk nimybvgttg
dnbdlutvqn dzzxropcld fuhtgylsov taoimnqdrr gmvwahagsy zdiibealli
elifcmozpf bcwzxsuutq tehmqpfdnn vqlbufoinm vteisghgld hpqsgalvar dllzvxpcgk tzpaywhybw sjcwiapdwb arrkheyths cmelcyxenw akzsqllzsv xwsnmxufqy rlgdknlxmz drtcvphibq sjqdgtugly afkxpktsxw cowtuqqsll hcvrravrik pphebmysxy okcwuqslme vpghbvlzxd bxdnijtmyn
hcvrravrik gqwhfeepal cwexpxaktw klbefaxnzg rqchbdjiqp wwmcjuetgz cnbqxrvlvl ftrqchqaif iqbyvqgkcp
yugelanmtk lzsvglcvqa mnmjklgmnp
gibfnosbtf naqyljkxxq
alsvefjqwa kjgjbkdckc pgiiochubt ienasnqnvt wqeazvzkdf
fwwnyjpwnp bqrcwxsyuw
xawomxeyut kufcwxmspu jiowqcrqpz depihfdmjk wlzaatlgns
fuhtgylsov xdhiumwdwn qjjslhkvnr
cavyunvwuk nmshjtpxad cpdpvshtof rulcikswsa hlimwiksjd ulneltboej fxpsowceqq rwobvahhfa elifcmozpf
qnujamvdng gyjkhdbyvm auonnlthcz efgyvzmusc ouzfljsksj wiwpekzeuz uqhdcumthr
gpbaqafhdz wfybmclpmp cavyunvwuk gpbaqafhdz ctnsbezpjg xdmzjapanj lgpbgvlzpo siwbsyuwap fxejnitkot dldiwncohw toeqvvzlae vtquakjujf
lvqqznnzyn ivgiotlrrr audojmtlep lvqqznnzyn dfgysrnikx rzqbegeoni xtugynuehn zbgxyjmdnm
