Place102 Place67 Place149 Place0 Place94 Place0 Place91 Place147 Place0 Place45 Place130 Place161 Place2 Place46 Place33 Place7 Place31 Place119 Place196 Place44 Place123 Place99 Place142 Place32 Place193 Place3 Place13 Place170 Place58 Place164 Place0 Place69 Place4 Place21 Place26 Place0 Place167 Place54 Place152 Place0 Place44 Place2 Place155 Place166 Place49 Place0 Place35 Place118 Place0 Place85 Place59 Place0 Place124 Place10 Place131 Place95 Place0 Place101 Place0 Place49 Place25 Place185 Place1 Place70 Place45 Place0 Place6 Place3 Place157 Place24 Place198 Place27 Place71 Place192 Place72 Place164 Place0 Place165 Place105 Place2 Place1 Place3 Place132 Place160 Place143 Place66 Place0 Place61 Place0 Place22 Place3 Place1 Place194 Place4 Place199 Place15 Place0 Place57 Place143 Place0 Place133 Place10 Place118 Place0 Place22 Place163 Place61 Place0 Place4 Place0 Place164 Place62 Place1 Place58 Place1 Place156 Place157 Place136 Place106 Place1 Place19 Place175 Place0 Place45 Place1 Place42 Place182 Place177 Place66 Place18 Place0 Place56 Place0 Place94 Place5 Place0 Place102
23
Place192 Place156
Place102 Place174 Place178 Place182 Place1 Place153
Place10 Place164
Place4 Place171 Place42 Place23
Place33 Place47 Place56 Place81 Place80 Place114 Place145 Place144 Place148 Place25 Place55
Place58 Place41
Place49 Place166 Place117 Place152 Place86 Place6 Place137 Place32 Place135 Place163 Place76
Place45 Place150 Place26 Place176 Place116 Place155 Place58 Place8 Place104
Place25 Place107 Place181 Place124 Place146 Place3 Place151 Place168
Place5 Place110 Place68
Place0 Place142 Place120 Place185 Place95 Place112 Place13 Place75 Place18
Place196 Place74 Place115 Place71 Place79 Place198 Place106
Place118 Place199 Place100 Place16
Place3 Place196 Place82
Place131 Place127 Place118 Place24 Place50 Place129
Place106 Place20 Place125 Place139
Place72 Place140 Place190 Place77 Place83 Place21
Place152 Place33 Place39 Place186 Place28 Place7 Place72
Place21 Place175 Place27
Place6 Place96 Place197
Place71 Place10 Place172 Place108
Place22 Place97 Place147 Place45 Place98 Place57 Place128
Place105 Place59
