node0 node1 node0 node189 node191 node189 node0 node1 node5 node1 node6 node1 node0 node7 node8 node12 node8 node10 node11 node9 node7 node14 node21 node28 node29 node31 node29 node28 node21 node14 node16 node18 node16 node14 node21 node23 node25 node23 node21 node14 node15 node20 node15 node14 node21 node23 node21 node28 node29 node31 node32 node30 node32 node30 node28 node35 node42 node43 node45 node43 node42 node49 node51 node53 node51 node49 node42 node44 node46 node45 node43 node45 node46 node44 node42 node49 node50 node49 node42 node44 node46 node44 node42 node49 node51 node53 node51 node49 node56 node57 node56 node58 node60 node62 node57 node56 node63 node64 node66 node67 node65 node63 node70 node77 node79 node77 node84 node85 node90 node85 node84 node77 node70 node71 node76 node71 node70 node77 node78 node83 node78 node77 node84 node86 node88 node89 node85 node84 node91 node93 node95 node93 node91 node84 node86 node84 node91 node84 node86 node84 node91 node93 node91 node98 node99 node103 node102 node101 node99 node98 node91 node84 node91 node98 node105 node106 node105 node98 node105 node112 node114 node116 node114 node112 node114 node116 node114 node112 node105 node106 node108 node106 node105 node112 node119 node121 node123 node121 node119 node126 node128 node130 node129 node127 node126 node133 node140 node147 node148 node152 node148 node147 node140 node133 node134 node139 node137 node135 node133 node140 node141 node145 node141 node140 node142 node140 node147 node154 node161 node163 node161 node154 node147 node148 node153 node151 node149 node147 node154 node155 node157 node158 node156 node154 node161 node162 node161 node168 node161 node162 node161 node168 node175 node182 node184 node182 node189 node0 node1 node0 node189 node182 node175 node168 node169 node173 node169 node168 node175 node182 node175 node176 node178 node176 node175 node182 node184 node186 node187 node183 node182 node189 node0 node7 node9 node11 node9 node7 node0 node189 node190 node189 node0
28
node7 node13 node10 node12
node0 node194 node192 node173 node174
node141 node143 node145 node146
node46 node48 node47 node45 node40 node38 node41
node162 node166 node167 node164
node20 node20 node17 node19
node127 node129 node132 node131
node98 node110 node111 node108
node112 node117 node118 node115
node99 node103 node101 node104
node58 node62 node61 node59 node69 node68 node66
node182 node171
node178 node178 node181 node180
node151 node152 node153 node150
node123 node125 node122 node124
node31 node33 node31
node190 node195
node89 node96 node90 node87 node89
node79 node76 node73 node75
node53 node52 node54 node55
node187 node188 node187 node185
node25 node26 node24 node27
node30 node34
node155 node159 node160 node157
node83 node82 node83 node80
node6 node6 node5 node3
node91 node97 node94
node137 node139 node138 node136
