qtq xdz gud xou tpa gup xdz nkx htv ooi xgs eku gup yck pta dns rcs xgs qfc hgx xdz tnl utd mbc ujc uoz itg mmf tcu ili tcu mmf pta bok uen rju cov xdz ase utd pug sfp nhr tvt opt htv fib suz ujc tvy hhe zbn hhe tvy bsz xgs uoz xgs ayw txl jno pta krg hgx nhk xgs uen htv tvt wuf tvt htv pta qlc pta wuc lxt tmc txl zug tvy iuz ptq dkn nhk hgx krg luf hhe jno wpo ifc cpw slq pwa czf hxp zho oyx gkh nhk utd art tvt jno pta xdz tnl uen gak blo tcu xzk pta xdz utd bwq utd czf htv qbj htv pxi tvt opt xdz qbj thz zho xsi zho vub osc gkh ogr lah uen ili tcu blo htv hgx wfx jno pta ahv krg uoz xou yck pta qjm mmf dcv ahy hhe gpv zye dns pxs tcu hxp jpq pvy mbx wpq nhk vub tvt qtq
24
qtq qtq tmc ase
lxt lxt kza vlt ahv uoz wiq txk
tpa mnv rwt lfh dkn brk zgf qbj ukh gak
nhk itg zbn
eku vub nhk xos
tvy rxi vsu hxp tro eqm ooc vaf rod plx ifc udq
mbx fsl wuf nhr viv wuc krg gup pxs sfp jta hxo qnn yiz
gud ooi rut
tnl pkx
ahv slq
hgx bsz
xsi jno xax cxu thz tnl
bsz spp
uoz hhe tmd nkx ynq orc
pvy wpq mbx nfy
nkx xdz qlo npu ahy htv cjp
bwq pta uwp lah fgo iuz uxr idl
ili thd qbe pjx cnv
dkn egz wju zqn rju lnv qjm
mmf zgs pwa
qbj qls
cov bai
uen hpb
osc qfc uca cpw ptq ili
