FD DU FO AA DB AG BO AG CC CD AL DH AE AQ ER CX FN AF BO GZ AE GX AE DI AJ GS AB ED AD AC AD BT FJ AJ FR AD EF AC CX HC AI AA HJ AA BY AX FD CN EM CU AA AP AF FF AF BF AA FL AA BA AM BR GT BM HH AB AD AG AJ EP AI DF AS AE DD AF FY AX ES AJ DW AJ GB AK CH AE EC AB FJ AJ GB DK BX DO AL EK AA DT AJ EN AE DU AA BQ GA BK CM FF AD EN HL AA CZ DN AB FI AB HH AH HM AA DG AA GQ AP CQ AN BH AL GI AA FC AE CB EU EA AA DX EJ AX FS DW AZ AD AC EO BN AH FE AL AC GY AJ GP BU AK ES HO AC DM AC CX AJ FQ FD
25
EJ EJ HR GC BA EK BT
FD GA
DU GK FT BQ EN CG
BO AD CC HP
CB BK
HL BG GN EX
FY DN
BU CB FM GR
CC DE BC CT BZ GZ CF
GB EW FY EE HO AX CS
FJ HD DM DA EY FS DZ FI AM
GI AF
HH DP AU EM BO FO DF
FI CA
FN DH FJ HC DK HF GX
DD FN CU EO EZ
FE CO FV ES CL DQ DC
DH BV AW FP HH ET DB CK DU
BR CI FR DI
EP AZ
AC FU
BN ER AT GF
AS HB GO BN
DW EL GD AK BF AJ GS BM AV BE GQ EG
AP AG CW GP
