Wolney Horndleside Reddingringey Nortditch Sodditch Brombrough Hamwich Brombrough Sodditch Nortditch Sodditch Brombrough Hamwich Rotsted Wendlethorne Ketthorne Southcompmere Bromwich Sodgrove Bromwich Stapseyden Bromwich Sodgrove Bromwich Southcompmere Ketthorne Wendlethorne Rotsted Hamwich Rotsted Wendlethorne Ketthorne Southcompmere Bromwich Stapseyden Prestlake Sistanwick Boothingtree Edgfield Hannensworth Watchsmith Endlesthorne Boothingwick Rockdenport Hanbasside Rockdenport Boothingwick Endlesthorne Watchsmith Hannensworth Edgfield Boothingtree Edgfield Hannensworth Watchsmith Endlesthorne Boothingwick Rockdenport Hanbasside Bootherbersted Wendlerewick Dribbinglow Ribbendhead Toddlenell Blanavon Ennell Wolden Horslake Siling Horslake Wolden Ennell Wolden Ennell Wolden Horslake Brackavon Wycombe Sundlecombe Chedcastle Basserchester Cannell Camsreborough Braindlemere Ellensbrough Eggermoor Marlwich Eggermoor Ellensbrough Braindlemere Camsreborough Cannell Basserchester Chedcastle Sundlecombe Chedcastle Basserchester Cannell Camsreborough Braindlemere Ellensbrough Eggermoor Cheddenwang Sudhead Cheddenwang Eggermoor Ellensbrough Braindlemere Ellensbrough Eggermoor Cheddenwang Sudhead Wencester Windlesseywang Cirercompsted Pendlesbascastle Endcastle Whitwood Marlborne Pendlesford Whitborough Camhampton Elmerdown Skelling Chilworth Skelling Elmerdown Skelling Chilworth Wolbourne Braddlesreport Farnsmerbeck Hammingreport Camsmere Burglesbrook Soddlesbasbourne Braddleswick Sismith Hammermere Clereshot Worringcompgrove Clereshot Hammermere Clereshot Worringcompgrove Alddlesenbage Horndlehampton Chelmsbertree Falrensavon Suddingney Toddleborne Kettenwell Sundlesborne Staindlemansavon Burringbrough Staindlemansavon Pendnell Chilmermere Penswick Tiphampton Ketworth Ciringover Aldlow Cammertree Candleseyney Elsmith Sudderbage Camsted Sirengrove Worglesmernell Sodham Durrenslow Flitcompwold Sunsseybrook Flitcompwold Durrenslow Sodham Worglesmernell Sodham Durrenslow Flitcompwold Sunsseybrook Camtree Reddlesley Hansside Chippingchester Ribblesremoor Skellerbury Rothensden Wychringden Ensdown Chedwick Ensdown Wychringden Rothensden Skellerbury Worrersted Skellerbury Rothensden Wychringden Ensdown Chedwick Dribberbrough Melborne Camling Sudderwick Shaftport Sudderwick Camling Melborne Dribberbrough Melborne Camling Sudderwick Shaftport Falbaswood Siringbrook Skellingbaswold Skellingmansgrove Elringlow Egwich Tippenside Chilhall Tippenside Egwich Skellingmansgrove Skellingbaswold Siringbrook Falbaswood Shaftport Sudderwick Camling Melborne Dribberbrough Chedwick Ensdown Wychringden Rothensden Skellerbury Ribblesremoor Chippingchester Reddlesley Camtree Sunsseybrook Flitcompwold Durrenslow Sodham Worglesmernell Sirengrove Camsted Sudderbage Elsmith Candleseyney Cammertree Aldlow Ciringover Ketworth Penswick Chilmermere Staindlemansavon Sundlesborne Kettenwell Toddleborne Suddingney Falrensavon Horndlehampton Alddlesenbage Worringcompgrove Clereshot Sismith Braddleswick Soddlesbasbourne Burglesbrook Camsmere Hammingreport Farnsmerbeck Braddlesreport Wolbourne Chilworth Skelling Elmerdown Camhampton Whitborough Pendlesford Marlborne Endcastle Pendlesbascastle Windlesseywang Wencester Sudhead Cheddenwang Eggermoor Ellensbrough Braindlemere Camsreborough Cannell Basserchester Chedcastle Sundlecombe Wycombe Brackavon Horslake Wolden Ennell Blanavon Toddlenell Ribbendhead Dribbinglow Wendlerewick Bootherbersted Hanbasside Rockdenport Boothingwick Endlesthorne Watchsmith Hannensworth Edgfield Boothingtree Sistanwick Stapseyden Bromwich Southcompmere Ketthorne Wendlethorne Rotsted Hamwich Brombrough Sodditch Nortditch Reddingringey Horndleside Wolney
23
Wolney Braindlemoor
Nortditch Brombrough Sodden
Sudhead Cheddenwang Sudhead Marlborne Cirercompsted
Skelling Wolbourne Chilworth Marlringlake Emthorne
Endcastle Pendlesford
Boothingwick Watchsmith Endlesthorne
Wolden Egmanston Dribbinglow Horslake Wolden
Dribberbrough Emsbrook Sudderwick
Chedwick Wychringden Ensdown
Hamwich Stapseyden Chipcester Hamwich
Ketworth Cammertree Aldlow Suddendwell
Prestlake Reddingbourne Bromwich
Camsted Sirengrove
Hammermere Soddlesbasbourne Burglesbrook Hammermere
Hansside Worrersted Reddlesley
Shaftport Shaftport
Reddlesley Camtree
Sunsseybrook Worglesmernell Bootbeck
Chilhall Elringlow Leatherberlake Chilhall
Braindlemere Endingey Basserchester Cannell Meley
Hanbasside Hampenlake Wendlerewick
Chelmsbertree Horndlehampton Alddlesenbage
Burringbrough Sundlesborne Hannerley Staindlemansavon Tiphampton
