Whitgrove Worberney Falderseythorne Chipbridge Worbrook Warsmith Sundlethorne Sundendford Sundlethorne Endleberey Barndlesborough Skellingover Suddingover Ellerbridge Falderseythorne Durbrook Falderbrough Farndlesover Falderbrough Southbury Chelmdenmoor Bothenton Cookfield Worbrook Shaftwick Egton Marlbeck Hampingworth Worford Abcester Chilsmith Cannerthorne Elside Boothingchester Basditch Bothenton Ribbenhall Staindledown Worhall Ribenwell Stapbrook Staincombe Suddenmoor Siavon Todhampton Bootwick Wycastle Rothead Egbeck Skellenshot Rotherlow Abgleham Dribwold Reddendeney Prestwick Sundcompney Hampingbascombe Wenton Chilmerdon Egford Wolley Hampingcastle Burblemansbage Penby Falderseythorne Warblestancester Waltbeck Hampingcastle Shaftborough Ribberrenston Whitgrove Worberney Alfmere Endlenell Faldenhall Watchlake Dartden Toddenmerbrough Tippenbrook Suddenmoor Sodberling Rockbage Sirenshall Emmerley Dribwold Emmerley Southbury Emmerley Whitringlake Endleshall Ellerbridge Rockbage Falderbrough Warsmith Wetsmith Worbrook Toddingchester Stafcombe Chilmerdon Wenton Marlbrook Wychchester Eley Reddingtree Stapbrough Reddingtree Endleberey Staplow Nortwell Toddingchester Braddlesnell Sundcompney Hampingbascombe Sirenshall Burglemere Pemnell Stapby Waltbeck Wychchester Durbrook Wychchester Reddendeney Alddleringworth Basbage Worberney Alfmere Clereennell Durbrook Bromssmith Warblestancester Falderseythorne Burglemere Redcombe Egmerditch Alfmere Sundcompney Botbage Botbeck Ciborough Warsmith Worbrook Ketnell Siey Barndlesborough Egford Farndlesover Windleshead Burlake Sundendford Blansbrook Rotherlow Blansbrook Faldenhall Falderbrough Bothenton Bootwick Burglemere Bursted Ketchester Hamsborough Tipstoke Milthorne Enborough Sundlethorne Horsmere Siavon Penddenchester Tipstoke Shafthead Marlbrook Wychchester Botwick Skelberden Botwick Wychchester Eley Elfield Falworth Elwold Endingnell Sifield Enderbeck Sodport Bromrenslake Staincombe Toddlesdon Egford Reddingtree Hampingworth Hamsborough Hampingbascombe Bothenton Chelmdenmoor Elside Wetsmith Dribwold Rothead Chilsmith Blansbrook Rotherlow Bromssmith Wenton Elwold Ketnell Staplow Endleberey Sundlethorne Horsmere Siavon Elwold Falworth Tippendham Ciringnell Rothingenbage Wolley Hampingworth Edgwich Boothingmanstree Tippendham Falworth Whitringlake Abcester Botbeck Ciborough Worberney Alfmere Endingrensby Sodberling Whitgrove
27
Whitgrove Whitgrove Rothendcombe Bootwick Basditch Waltbeck Tippingbage Rothingcombe Eley Siey Wychchester Hampingcastle
Elwold Staincombe Egsted Abcester Worhall Ribberrenston
Worford Wolley Marlbrook Alfmere Redcombe Staplow Nortwell Whitringlake Abgleham Endingnell Watchlake Botbeck Bromstanham
Tipstoke Rotherlow Wendleringdown
Clereennell Toddenmoor
Shafthead Abglewold
Penddenchester Ellerbridge Worrenberwang Falderseythorne Cannerthorne Farnditch Egmerhampton Reddendeney Wethampton
Ellerbridge Sundendford Blansbrook Melwood Hamwold
Basbage Skelberden Sifield
Horsmere Sundlethorne
Sundlethorne Southbury Prestwick Skellingover Casbrook Falworth
Shaftborough Emmerley
Waltbeck Siavon Tippendham
Dartden Bastlebury Wycastle Todhampton Suddenmoor
Bothenton Farndlesover
Alfmere Leatherport Southmere
Durbrook Wetsmith Bothenhall Milthorne
Elfield Chedworth Dribblecombe Ketnell Marlcester Horstleover
Enderbeck Endleberey Dribberham
Sundendford Stapbrough Tipstoke Clereennell Shaftborough
Chelmdenmoor Boothingmanstree Ketchester Sirenshall
Ketnell Candleswick Dartden Horsnell Suddingover Cihead Skellenshot Penby
Suddenmoor Wetwick Hampingbascombe Durbrook Sodport Bursmith Elside
Staplow Wychcompwold
Farndlesover Sodberling Enderbeck
Bootwick Bothenton Tippenbrook
Enborough Faldenhall Hampingworth Worford
