0 32 134 62 55 6 73 5 191 91 37 68 86 17 4 44 13 7 52 14 4 72 46 172 29 71 54 65 39 8 111 41 173 26 128 142 112 194 29 169 4 17 23 102 48 41 84 16 42 129 32 189 42 99 9 114 5 17 23 10 12 78 2 92 35 140 17 2 6 41 93 138 8 98 8 138 25 172 25 109 12 144 5 185 45 182 136 0 181 33 107 29 95 6 81 33 124 5 176 4 187 4 138 25 144 0 193 0 117 0 87 0 167 58 76 44 133 27 3 23 94 4 1 53 104 14 185 3 57 28 106 112 17 105 18 30 57 11 41 10 106 178 9 115 114 10 107 20 152 8 26 28 17 53 107 29 126 29 133 115 21 120 160 31 96 11 136 3 99 59 0 11 169 7 189 28 131 28 89 16 87 16 191 31 6 67 18 0
23
0 91 70 14 51 87 106 145 138
114 120 193
140 103 31 22 178 108 81 28 134 156 77 58 47 109 75 117 104 116 180 24 99
16 18 119 98 100 186 111
81 85 63 197 126 44 196
107 157
181 179 6
41 17 67 121 130 83 27 185 151 10
169 48
87 19 166
194 159 182 155
76 79
57 146 184 26 199
112 32 194
172 20 160
105 25 12 69 95 173 137
124 170 128
55 176 125 168 139 50 96 175 64 42 9 65 38
129 49 102
191 78
17 133 163 39 36 89
117 4 74
138 149
