location0 location151 location145 location53 location90 location30 location169 location159 location126 location115 location15 location25 location9 location18 location165 location145 location21 location198 location84 location30 location11 location191 location152 location110 location28 location189 location53 location142 location53 location54 location34 location176 location33 location178 location16 location118 location160 location33 location67 location148 location36 location185 location0 location73 location51 location44 location51 location73 location146 location21 location145 location199 location36 location46 location192 location114 location70 location15 location99 location18 location119 location19 location22 location43 location92 location2 location141 location108 location178 location122 location166 location155 location21 location145 location165 location18 location189 location169 location184 location37 location29 location72 location34 location65 location33 location189 location69 location155 location79 location64 location96 location151 location62 location37 location184 location52 location157 location143 location9 location151 location147 location95 location133 location25 location32 location137 location186 location51 location10 location18 location58 location74 location21 location38 location10 location3 location181 location106 location30 location4 location179 location4 location131 location63 location190 location0 location161 location40 location7 location54 location16 location147 location114 location6 location129 location187 location7 location153 location119 location98 location118 location16 location127 location47 location97 location146 location8 location115 location193 location24 location78 location167 location16 location46 location112 location181 location120 location9 location46 location131 location16 location11 location143 location181 location8 location139 location101 location153 location71 location37 location71 location40 location184 location114 location6 location55 location69 location120 location136 location105 location107 location19 location4 location109 location131 location5 location32 location21 location1 location152 location19 location34 location65 location166 location11 location118 location160 location33 location65 location63 location67 location158 location171 location0
26
location0 location13
location148 location24
location118 location68 location27 location22 location7 location58 location96 location5
location21 location40 location20 location19 location88
location189 location85 location50 location74 location17 location62 location94 location37 location86 location46 location41 location38 location9 location32 location90 location67 location44 location47 location72 location78 location30 location83 location84
location18 location59 location18 location8
location141 location14 location42
location178 location64 location73 location97 location33 location52 location21
location32 location53
location145 location98 location51 location61 location1 location75
location30 location10
location147 location87
location38 location80 location36 location6 location63 location34
location3 location16 location54 location49
location109 location70 location28 location12 location3
location114 location82 location56 location48 location2 location11 location71 location91 location95
location73 location60 location99
location37 location31 location4 location89
location34 location77
location46 location23
location185 location15
location187 location55 location79 location93 location100 location25
location65 location45 location39 location69
location169 location76 location81 location43 location66 location26 location65 location29 location92
location179 location35
location165 location57
