0 64 77 59 143 23 22 157 9 70 2 25 44 127 13 78 165 1 133 35 131 43 17 70 84 38 125 19 29 97 12 182 75 25 160 28 27 47 166 56 67 87 89 76 107 156 133 79 9 70 77 90 127 91 37 17 199 180 10 41 167 25 194 95 8 170 13 14 109 172 35 3 27 47 196 114 66 129 180 10 138 11 19 120 12 76 1 22 58 8 7 111 7 71 132 31 49 68 130 154 114 90 91 90 70 90 127 26 165 77 79 177 17 193 17 180 17 193 29 36 29 90 97 32 31 29 36 75 36 99 0 142 0 30 197 24 35 73 95 26 3 35 49 94 28 133 7 37 0 1 22 197 152 155 63 13 79 140 64 0 156 23 39 140 14 135 14 122 23 123 42 138 110 194 24 108 1 164 77 65 32 137 108 137 46 178 23 62 85 15 0 67 178 67 87 103 37 0
27
0 0 193 94
25 8 160 71 154 164 111 93 197 141
103 133 15
13 138 68 78 100 166
122 84 89 26 83 47 86
62 42 159 153 120
27 183
23 98
66 5 74
172 17
194 146
94 174
37 67 23 52
197 11 65 80 128 69 137 157 172
111 167
29 151
75 130 143
10 24 31 129 21 43
32 102
8 16 1 33 114 59 116 190 66 39 96 184 125 152 107 27 134 177 50
15 18 20 13 72 2 187 14
140 101 4 38
77 81 3 173
87 103 182 28 56 22
165 158
142 35 199 51 115
127 70 9
