13 160 3 42 3 160 187 5 97 0 102 138 18 57 4 11 4 161 5 188 2 3 2 190 2 167 1 85 53 4 170 55 60 122 60 103 135 136 0 94 3 27 1 57 1 69 19 5 145 76 4 70 9 72 9 22 4 172 0 163 0 150 1 120 1 99 0 93 5 24 133 1 158 1 155 2 79 2 117 2 198 2 188 134 0 136 0 169 141 89 0 9 168 8 83 127 167 1 198 2 192 10 66 11 29 31 2 11 189 101 3 108 8 57 1 83 0 197 22 3 90 6 3 138 50 150 0 141 178 112 87 131 3 165 0 184 52 3 117 103 46 196 132 99 154 120 60 1 198 0 67 0 2 46 127 0 13
23
13 149 177
27 192 125 172 157 190 150 120 152 142 131 186 162 133 110 167 127 180 194 146
169 171 170 164
127 109 156
198 151 165 111
50 197
79 188 114 169 181 112
99 145 198 136 173 148 108 147 101 100 117 159 102
122 153
161 121 154 196 137 163 130 176
3 124 184
134 115 128
76 106 123
187 168
158 199 166 140
154 182 185 122 143 141 189 175 103 155 144 105 195 178 129 134 160 174 187 118
120 116
112 126 191 113 119
46 132
167 107 183
57 138 139 135
83 158 161 193 179
90 104
