A0 A199 A194 A199 A0 A4 A5 A10 A11 A10 A5 A4 A0 A4 A5 A10 A15 A14 A15 A10 A15 A14 A13 A1 A16 A17 A16 A1 A13 A14 A15 A24 A22 A24 A19 A24 A22 A24 A25 A28 A25 A29 A30 A29 A25 A29 A30 A35 A36 A35 A30 A34 A30 A35 A40 A39 A38 A26 A41 A42 A43 A42 A41 A26 A38 A39 A40 A49 A50 A54 A55 A59 A55 A54 A50 A49 A40 A35 A30 A29 A25 A29 A30 A35 A40 A49 A50 A49 A46 A49 A50 A54 A55 A59 A55 A54 A50 A54 A55 A60 A65 A60 A62 A60 A65 A64 A63 A51 A66 A67 A66 A51 A63 A64 A65 A74 A72 A71 A70 A74 A75 A79 A81 A79 A75 A74 A73 A74 A75 A79 A80 A85 A80 A79 A75 A74 A65 A64 A63 A51 A63 A64 A65 A74 A72 A74 A75 A79 A80 A85 A80 A79 A80 A85 A90 A99 A94 A99 A100 A102 A100 A104 A106 A104 A100 A99 A90 A85 A90 A99 A100 A104 A106 A107 A106 A104 A100 A103 A100 A99 A100 A104 A105 A110 A111 A110 A105 A104 A105 A110 A115 A124 A115 A114 A113 A101 A116 A101 A113 A114 A115 A124 A121 A124 A125 A129 A130 A134 A133 A132 A131 A129 A125 A128 A125 A129 A130 A135 A140 A135 A130 A129 A131 A132 A131 A129 A130 A135 A136 A135 A130 A134 A130 A135 A140 A139 A138 A126 A141 A142 A143 A142 A141 A126 A138 A139 A140 A149 A150 A149 A144 A149 A140 A135 A130 A129 A125 A128 A125 A129 A130 A135 A140 A149 A150 A154 A150 A153 A150 A154 A155 A159 A158 A157 A156 A154 A150 A153 A150 A154 A155 A160 A165 A160 A155 A154 A155 A160 A165 A164 A163 A151 A163 A164 A165 A174 A169 A174 A173 A174 A175 A179 A180 A185 A180 A179 A181 A182 A183 A182 A181 A179 A175 A179 A180 A184 A183 A184 A180 A185 A190 A189 A188 A176 A191 A192 A193 A192 A191 A176 A188 A189 A190 A199 A198 A194 A195 A199 A0 A4 A0 A3 A0
32
A24 A21 A28 A27 A20 A19 A22 A29 A31
A0 A2 A3 A4 A6
A103 A103 A102 A97 A96 A94 A95
A150 A152 A153 A147 A145 A144 A146
A198 A194 A195 A197 A196
A67 A68
A62 A61 A62
A79 A87 A86
A151 A168
A74 A78 A77 A81 A79
A80 A83
A59 A58 A56
A175 A179 A181 A183 A178 A177
A154 A158 A154 A156
A50 A53 A54 A45 A52
A136 A133 A129 A136 A128 A127 A131 A137
A169 A169 A171 A172 A170
A14 A11 A12
A185 A187 A186
A143 A143
A116 A118
A70 A72 A70 A69 A71
A4 A8
A25 A33 A37 A36 A47
A165 A162 A161
A121 A122 A121 A119 A120
A49 A44 A46
A104 A108 A112 A111 A104 A106
A17 A18
A193 A193
A43 A43
A99 A93
