0 161 174 0 196 0 140 119 0 189 99 106 166 148 46 0 111 0 82 116 45 0 139 154 0 93 0 178 166 0 124 166 0 138 0 199 21 0 114 194 0 151 88 0 66 0 189 24 2 94 119 0 82 0 133 88 0 134 140 155 169 76 0 197 0 173 0 68 0 190 3 100 0 17 0 196 0 132 0 45 0 56 44 17 146 0 87 73 0 42 0 134 0 145 0 36 178 142 82 0 36 31 0 161 78 0 169 101 20 0 72 0 12 0 131 0 55 0 195 0 67 56 0 172 2 129 21 45 59 0 94 0 186 124 58 155 0 114 51 54 142 83 0 164 0 159 0
22
0 90 69 75
21 13
36 22 43 31 4 35 18 41 20 11 95 49 52 40 30 47 84
68 44
31 99 66 68 87 98 86 24 23 39 16
172 59
54 73 15
3 79 81 45
164 51
129 100 14 6 83 91 26
199 2
146 9 25 78 77 3
196 8 60 42 63 56 36 7 93 92 85 34
189 88 72
88 71 53 32
169 37 50 33 12 55 48 46 19 21 10
155 70
2 61 28
139 38 80 67 29 74 27 89
66 96 57
87 97 94 58 65 64 76 62 82 54
114 5 1 17
