Soda L49 Soda L146 L9 L157 L195 Soda L117 L26 L34 L197 Soda L147 L30 L20 L23 L81 Soda L22 L49 L1 L9 L1 L171 L19 L125 L58 L106 Soda L146 Soda L194 L40 L11 L124 L176 L2 L126 L43 L101 L5 L80 L24 L121 L10 L62 L19 L185 L189 L14 L21 L63 L8 L155 L2 L132 L5 L25 L38 L48 L47 L145 L13 L53 L118 L0 L100 L8 L99 Soda L101 L6 L123 L0 L74 L9 L146 L16 L7 L104 L6 L18 L22 L77 L3 L177 L1 L86 L131 L25 L39 L167 Soda L169 L8 L72 L45 L7 L28 L18 L22 L141 L150 L13 L192 L31 L66 L85 Soda L117 L78 Soda L195 L7 L111 L54 L73 L22 L114 L13 L98 L6 L46 L5 L17 L176 L15 L87 Soda L84 L8 L100 L19 L106 L83 L34 L3 L13 L2 Soda L130 L9 L183 L11 L177 L1 L21 L27 L80 L7 L102 L33 L154 L31 L193 L11 L159 L1 L103 L6 L78 L30 L73 L31 L83 L42 Soda
27
Soda L76 L69 L108 L194 L39 L176 L37
L167 L135
L100 L12 L124 L169 L5 L84
L26 L24 L198 L89
L46 L113
L6 L60 L54 L63 L191 L52 L114
L177 L163 L27 L171
L146 L150
L106 L85 L50 L157 L99 L93 L193 L61 L86 L13 L192 L102 L62
L124 L35 L11
L101 L21 L168
L18 L149 L164 L70 L115 L130 L23
L14 L159 L43 L122 L34
L169 L132 L166 L158 L126
L9 L119 L25
L40 L190 L45
L20 L103
L73 L172
L72 L133 L101 L67 L117 L74
L126 L4 L167 L90 L177 L125 L188 L92 L189 L83 L107
L54 L14 L22
L193 L49
L80 L75 L9
L81 L186 L121 L0 L174 L81 L143 L68 L79
L117 L183 L151 L173 L116 L44 L98
L130 L145 L97
L194 L32
