Soda location3 location48 location3 location95 location176 location2 location127 location157 location15 location58 location122 location26 location28 Soda location16 location161 location190 location13 location167 location23 location187 location18 location106 location2 location52 location13 location97 location192 location180 location4 location16 location142 location1 location26 location10 location70 location2 location81 location23 location26 location132 location2 location34 location1 location61 Soda location161 location3 location40 location3 location140 Soda location72 location19 location20 location173 location15 location175 location13 location141 location2 location16 location178 location13 location100 location13 location170 location31 location76 location4 location56 location4 location2 location89 location4 location199 location5 location15 location189 location7 location106 location11 location132 location108 location34 location88 location16 location189 location145 location5 location96 location72 location8 location129 location17 location26 location50 location162 location25 location54 location7 location106 location2 location164 location61 Soda location57 location5 location38 location22 location140 Soda location76 location16 location74 location5 location60 location134 location25 location40 location31 location77 location8 location132 location4 location3 location159 location3 location92 location3 location28 location86 location25 location112 location10 location155 location69 location193 location171 location17 location167 location17 location184 location14 location104 location71 location1 location47 location1 location49 location5 location197 location23 location1 location13 location140 Soda location19 location5 location29 location11 location45 location12 location129 location12 location39 location1 Soda
20
Soda location38 location68 location59 location39 location90
location184 location80 location63 location55 location44 location42 location49 location60 location93 location22
location74 location35
location69 location6 location14
location60 location88 location25 location8 location45
location106 location47
location132 location73 location70 location96 location13 location29 location52 location21 location3 location50 location27 location83 location81 location92 location57 location20 location94 location26
location161 location82
location134 location62 location36 location97 location84 location76
location127 location53 location66 location18 location78 location56 location30 location24 location77 location23 location10 location37
location189 location17
location26 location75 location41 location11 location34 location28 location65 location100
location171 location7 location91 location5 location74
location199 location33 location98
location112 location87
location180 location2 location4 location85 location12 location72 location86 location43
location86 location1 location79 location64 location61 location32 location99 location16 location40 location69
location72 location58 location19 location9
location108 location46 location95 location15
location190 location51 location71 location89 location54 location31 location48 location67
