Soda melissa massachusetts Soda rosen wyatt syu wang noor massachusetts bloch emily ian sun greg vikram ellen charles srinivasan pabreja grace harim maya erika netzke greg clark connor erika winston cal nichole hanlon tsai singhal rouzbahani tamara tan quiterio ravi shahroz lebron sahai connor chloe yip woolf hari hsu misyutina krishnan massachusetts garbers anna chase melissa achacoso chris lewis srivastava william zhou grace burns lucy misyutina devesh cal hari nguyen doshi emily lo steven jifu inderpal deven king xin ohio guan robbie curry hsu liang rao ravi lebron garcia singorahardjo james jifu irvin guan massachusetts rabie deven sam wang kanika Soda
27
garcia zou saurav patagonia connor zhou djajadi alvin
winston danyal ohio wu william
syu sunny kanika sun
pabreja singhal
sahai wong vikram hari chloe adhikiari
vikram amanda krista
ellen ani barth
robbie chase maniku annie
kanika devesh king bears
lebron kevin hanlon franco lindsey lewke andrew
liang nichole aanika
wang angelis doshi ritter
anna caroline lebron liang mack jacob scott oscar subbaraj
emily ashley
lo kaur grace soman li yip massachusetts
rosen zhifei rob logan ahluwalia
misyutina rouzbahani ellen xin
greg charles
jifu parham mittal
rouzbahani weaver george
ohio umar evan berit winifred sophia celine
srivastava wyatt gobears maya ishaan
grace cal emily singorahardjo srinivasan eshaan erika
woolf tyler greg srivastava gregory ravi
tsai daniel chung du
singorahardjo krishnan brett ruhi melissa vilaythong
massachusetts chen shah olivia
