loc79 loc143 loc158 loc3 loc133 loc95 loc4 loc1 loc45 loc112 loc58 loc120 loc161 loc141 loc42 loc188 loc171 loc159 loc17 loc175 loc179 loc0 loc112 loc57 loc26 loc161 loc41 loc22 loc116 loc169 loc0 loc52 loc152 loc28 loc125 loc68 loc13 loc2 loc166 loc112 loc80 loc188 loc31 loc67 loc114 loc86 loc178 loc196 loc31 loc0 loc69 loc37 loc24 loc46 loc37 loc33 loc145 loc0 loc65 loc0 loc77 loc154 loc71 loc152 loc41 loc138 loc10 loc0 loc45 loc88 loc136 loc7 loc60 loc122 loc145 loc14 loc1 loc24 loc126 loc169 loc109 loc139 loc67 loc0 loc101 loc18 loc96 loc0 loc52 loc178 loc45 loc0 loc197 loc56 loc86 loc94 loc199 loc34 loc160 loc10 loc33 loc112 loc131 loc46 loc26 loc75 loc123 loc90 loc3 loc164 loc33 loc81 loc79
20
loc79 loc16 loc78 loc113 loc33 loc58
loc179 loc130 loc140
loc52 loc111 loc124 loc92 loc83 loc4
loc126 loc36 loc9 loc118 loc66 loc164 loc48 loc80 loc171 loc96
loc143 loc6 loc133 loc52 loc68
loc46 loc170 loc189 loc120 loc159
loc122 loc132 loc162 loc43 loc3 loc94 loc107 loc64 loc44
loc69 loc60 loc153 loc145
loc154 loc191 loc70
loc152 loc158 loc122 loc181 loc196 loc142
loc17 loc187 loc155 loc106 loc98 loc167 loc69 loc73 loc41 loc185 loc109 loc76 loc150 loc91 loc45 loc186 loc146 loc115 loc160 loc19 loc25 loc54 loc180 loc89
loc2 loc174 loc148 loc114
loc81 loc0 loc34 loc154
loc139 loc128 loc59 loc173 loc134
loc197 loc17
loc169 loc131 loc18 loc176
loc96 loc2 loc90
loc114 loc30 loc97 loc8 loc152
loc120 loc110 loc127 loc11 loc26 loc121
loc109 loc87 loc14 loc62 loc50 loc40
