LesLilas Ipil Braila Bury GongdanglegiKulon Acarau GongdanglegiKulon Tsukuba CamRanh Tsukuba Gunzenhausen Marchena Namerikawa Belalcazar HalfWayTree Nagar Shimofurano Fili Ibirataia SouthSaintPaul ArRumaythiyah Arzamas Geyve DrexelHill Gowurdak EastLongmeadow Scottsdale Purnia Ipil LesLilas Fontem Ibirataia Hirosaki Gastonia Hirosaki Daokou Twante Naron MiguelAlemanLaDoce Fili Gorgan Twante Wachtberg Butuan SantanadoLivramento LesLilas Nahorkatiya Skelmersdale BlueIsland Garbsen PortoVelho Rhondda Purnia Ipil Fuxin Nagar NahiyatashShinafiyah Karlsfeld Oerlinghausen Chelles Manacapuru Turek Kotka Karlsfeld Sorada Kikuchi Arang Licata Wachtberg WestIslip Purnia Pamulang SantanadoLivramento Shchekino AshtonunderLyne Cachan Manacapuru Shobara Fili TagbilaranCity CerroAzul Rivas Zalingei Rivas ChalcodeDiazCovarrub Rivas Sevlievo SpanishTown AinArnat Aracuai Gunzenhausen Cachan Geyve Tias Gastonia Wachtberg Garbsen Kikuchi Manacapuru Chelles ArRumaythiyah Wachtberg Anjarah Dadu SouthSaintPaul Lembang Chelles Manacapuru Bhatkal Battambang Licata Shobara FetestiGara CerroAzul Turek Purnia Haora Kineshma Manacapuru Bhatkal Banting Shchekino AinBessem Namerikawa Cachan Mendes Ronnenberg SpanishTown AinArnat Milledgeville MadinatHamad Biskra SouthSaintPaul Haora Arusha Braila Biskra Gowurdak Tangzhai Scottsdale AramokoEkiti SouthSaintPaul Gunzenhausen Aracuai AinArnat Gorgan NahiyatashShinafiyah Zalingei Mandan Magdeburg AscoliPiceno Fuxin AscoliPiceno NorthAurora Aracuai AinArnat Milledgeville Pozzuoli LesLilas Ipil Rivas CerroAzul Bourgoin Kambove Shchekino Nahorkatiya Haora Pozzuoli Haripur Khulm AscoliPiceno Fuxin Sevlievo SpanishTown Ranong SpanishTown Sosnovka GuaMusang Lloydminster Haripur Langenhorn Kasamwa Akcaabat Kambove Turek Kotka SpanishTown CerroAzul Kambove Pamulang Ortaca Magdeburg Grajau CerroAzul Mabopane AramokoEkiti Mandan ArRumaythiyah Escada Kairouan AinBessem Lalago MiguelAlemanLaDoce Berezhani SenadorPompeu SanJuandelaMaguana Pozzuoli LesLilas Ipil Rivas Twante Fontem Pozzuoli Milledgeville MadinatHamad MineralnyeVody Ipil LesLilas
20
Haora Ortaca Morwa NoblePark AshtonunderLyne SaintCyrlEcole Anjarah Rhondda Rivas
Mandan Shurugwi
CerroAzul Haripur Korsakov Gunzenhausen Hangu Aracuai Zhaodong SanJuandelaMaguana Braila Mocoa SantanadoLivramento Angleton Acireale Battambang SpanishTown Lloydminster Fuxin Baramula
TagbilaranCity TagbilaranCity VillaPauladeSarmient KotRadhaKishan Izhevsk Garbsen CapimGrosso
Biskra Twante Ontinyent ChalcodeDiazCovarrub
Manacapuru Butuan SouthSaintPaul Embu Tabou Gorgan EastLongmeadow Kemise Kambove Turek Sobue Pozzuoli MineralnyeVody
Garbsen Yafo Vaniyambadi Itororo Andrychow Espiye Vyazniki NahiyatashShinafiyah
Pozzuoli FortWorth
Daokou Skelmersdale
Gunzenhausen Kaifeng Ibirataia Oerlinghausen AinArnat
Scottsdale AinBessem Wenchi Sosnovka Shieli
MiguelAlemanLaDoce Wangon SenadorPompeu Belalcazar WestIslip GuaMusang BlueIsland Pezinok
Lembang MadinatHamad Shchekino Kotka MonteAlegre Akcaabat Prostejov Shimofurano Johnston
Namerikawa FetestiGara
Langenhorn Escada Kairouan Mabopane Khulm Sorada
ChalcodeDiazCovarrub Daokou Kineshma Manacapuru Bury PriegodeCordoba
Rhondda Acarau Nagar Langenhorn Arzamas
Licata SenaMadureira
WestIslip PortoVelho
Ipil HaciendaLaCalera Hirosaki Haora Gowurdak
