0 186 189 0 41 0 192 107 1 177 5 142 6 135 159 0 187 15 161 3 187 12 135 3 173 5 0 141 0 69 0 8 153 2 130 0 61 185 97 77 196 23 1 42 0 179 0 42 1 65 171 7 44 4 55 5 79 83 4 55 174 25 7 172 2 196 126 133 3 161 59 133 10 3 93 114 11 67 25 42 1 2 66 2 54 77 122 36 150 114 1 6 126 6 147 0 1 190 146 7 59 12 2 24 6 81 8 19 112 14 85 3 175 2 193 11 135 73 10 86 147 0 176 0 147 36 1 128 1 73 63 8 152 176 28 108 171 138 3 144 3 109 1 97 0
20
0 0 19
61 43 125 146 78 56 57 52 113
108 100 162 38 185
133 72 114 86
24 77 26 196 24 59 32 96 35 188 116 176 25 81
85 104 134
196 103 40
67 187 119 163
81 126 115 3 67 175 107 22 132 110 39 6
187 55 144 171 41 105
73 30 60 5
8 172 195 151 173 48 109 51 68 121 191 14 84 76 10 83 93
97 20 64 70 37 166 159 182 88 148 66
54 102
193 97 42
59 160
147 65 53 58 190 168 62
77 183 21 71 85
189 8 23 174
6 169
