2 133 21 81 20 114 20 99 112 19 85 1 41 11 44 31 174 39 10 18 82 22 48 86 56 99 15 175 15 65 24 7 38 16 51 4 72 28 1 186 22 81 20 33 4 86 16 108 32 116 25 175 25 55 25 4 21 84 21 28 1 186 4 148 5 189 112 161 13 174 4 150 1 90 8 188 4 122 106 99 7 148 9 167 9 123 7 6 47 105 26 21 1 45 17 154 26 60 14 97 4 111 11 95 60 58 5 135 27 131 41 83 1 45 18 82 29 9 31 2 74 3 77 178 4 45 109 28 21 30 194 34 116 4 188 3 144 56 5 28 68 6 82 18 112 19 151 19 10 62 8 187 5 53 5 146 149 20 103 20 88 9 72 11 43 13 25 26 142 21 58 5 135 10 116 4 123 166 2
24
2 83 31 89 29
41 133 59 197 49 7
21 21 153 181
72 11 179 85 115 183
60 105 157
82 35
188 71 37 141 73 113
45 165 111
24 189 177
103 41 57 159 15 81
43 143 3 61
77 67 161 79 187 119 139 193 147 131 149
186 171 127 19 99
39 5 185 125 97
13 199 43 101 173 13 17 53
81 55 195
166 65 163 103
58 45 9 93 155 191 145 47 69 87 175
116 107 1
30 75 167 39 77
18 27
105 63 25 135 33
112 121
28 151 137 109 51 117 95 169 123 91 23 129
