S 1M 1Aa 1Ab 1Ac 1Ab 1Ad 1Ab 1Af 1Ag 1Af 1M 1Fa 1Fd 1Fa 1M 1Aa 1Ab 1Aa 1M 1Fa 1M 1Ca 1Cb 1Cc 1Cb 1Ca 1M S 3M 3Ea 3M S 1M 1Bf 1M 1Ea 1M 1Ba 1M S 2M S 1M 1Ca 1M 1Bf 1M 1Fa 1M 1Ea 1M 1Fa 1Fc 1Fa 1M 1Da 1M 1Ea 1Ec 1Ea 1Ed 1Em 1Ed 1Ea 1M 1Fa 1Fe 1Fa 1M S 2M 2Ea 2Ed 2Ek 2Ed 2Ea 2M 2Aa 2Ab 2Aa 2M 2Da 2Dc 2Da 2M 2Ea 2M 2Aa 2Ab 2Ad 2Ab 2Aa 2M 2Ba 2Bb 2Ba 2M 2Da 2M 2Aa 2Ab 2Aa 2M 2Bf 2M 2Aa 2Ab 2Aa 2M 2Bf 2Bi 2Bf 2M 2Da 2M 2Ca 2Cb 2Cc 2Cd 2Cc 2Cb 2Ca 2M 2Aa 2Ab 2Ac 2Ab 2Aa 2M 2Da 2M 2Aa 2M 2Ea 2Ec 2Eg 2Ec 2Ea 2Ed 2El 2Ed 2Ea 2M S 4M 4Fa 4M S 3M 3Aa 3Ab 3Af 3M 3Ea 3Ed 3Ea 3M 3Da 3M 3Ba 3M 3Af 3Ag 3Af 3M 3Ba 3M 3Ea 3Ed 3Ea 3M 3Ak 3M 3Da 3M 3Ca 3M 3Af 3M 3Ea 3M 3Fa 3M 3Ea 3Ed 3Ea 3M 3Ba 3Bc 3Ba 3M 3Ea 3Ec 3Ea 3Ed 3Ea 3M 3Fa 3M S 1M 1Ca 1Cb 1Cc 1Cd 1Cc 1Cb 1Ca 1M S 4M 4Af 4Ab 4Ac 4Ab 4Aa 4M 4Ba 4Bf 4M 4Af 4Ag 4Ai 4Ag 4Aj 4Ag 4Ak 4M S 4M 4Ba 4Bf 4M S 1M S 4M 4Bf 4M 4Ca 4Cb 4Cc 4Cd 4Cc 4Cb 4Ca 4M 4Da 4M S 1M S 4M 4Ea 4Ec 4Ei 4Ec 4Ea 4Ed 4Ea 4M 4Da 4De 4Da 4M S 2M 2Ea 2M S 4M 4Fa 4M S
26
2Ab 2Ab 2Ae 2Ac 2Ad
2M 2Aa 2Ee 2Fe 2Bb 2Ag 2Ai 2Aj 2Ah 2Ca 2Cb 2De 2Dd
3Da 3Dd 3De
3Ed 3Ek 3Ee 3Eh
4Da 4Dd
4Af 4Ab 4Ac 4Ad 4Aa 4Ae 4Ah
1M 1Aa 1Ac 1Ad 1Ae 1Ab
2Bf 2Bj 2Bf 2Bi
1Bf 1Bf 1Bj 1Bi 1Bb
3Af 3Ac 3Ae 3Ab 3Aa 3Ad
2Cc 2Cd 2Cc
3Ag 3Ah 3Ag 3Ai 3Aj
1Ea 1Ee 1Ag 1Ca 1Cb 1Ah 1Ai 1Aj 1Ei 1Eh 1Ek
1Fa 1Fe
3M 3Cc 3Cd 3Cb 3Ca 3Bj 3Bi 3Bf
3Bc 3Bb
3Fa 3Fe
3Ec 3Ei
1Cc 1Cd 1Cc
4Fa 4De 4Ca 4Bf 4Bj 4Bi 4Ag 4Aj 4Ai 4Fe
4Cd 4Cb 4Cd 4Cc
1Da 1Dd 1De
4Ed 4Ee 4Ek 4Ei 4Eh
2Ec 2Ei 2Eh
2El 2Ek
4Bf 4Bb
