0 198 197 196 191 192 186 181 176 171 166 167 161 162 156 151 146 141 136 141 143 141 146 151 153 151 146 141 136 139 136 131 126 127 121 122 121 116 111 112 106 101 96 91 92 86 87 81 87 86 92 91 96 101 106 108 106 112 111 116 120 116 121 127 126 131 136 141 146 151 156 151 146 141 145 141 136 137 136 141 146 151 156 162 161 167 166 171 176 181 186 181 183 181 186 192 191 196 197 198 0 1 6 11 16 21 26 32 31 37 36 42 41 46 51 53 51 46 41 42 36 40 36 37 31 32 26 21 16 11 14 11 6 1 0 198 197 196 197 198 0 1 6 11 16 21 26 29 26 32 26 21 16 11 12 11 6 9 6 11 16 21 26 32 26 21 16 11 6 1 0 198 197 196 191 192 186 181 176 171 166 169 166 171 176 181 186 192 191 196 197 198 0 1 6 11 16 21 26 32 31 37 36 42 41 46 47 46 41 42 36 37 31 32 26 21 16 11 6 8 6 11 16 21 26 32 31 37 36 42 41 46 51 57 56 61 66 71 76 81 83 81 76 71 66 61 56 57 51 46 48 46 51 57 56 61 62 61 66 71 76 81 87 86 92 91 96 101 106 112 111 116 121 127 126 131 136 141 146 151 156 160 156 151 146 141 143 141 136 131 135 131 136 141 146 151 154 151 146 147 146 151 156 162 161 167 166 171 176 181 186 190 186 192 191 196 197 198 0 1 5 1 6 11 16 21 16 11 6 1 0 198 197 196 191 192 186 181 176 177 176 171 166 167 161 167 166 171 176 181 186 192 193 192 186 181 176 171 166 170 166 167 161 162 156 151 146 141 146 148 146 141 136 131 126 127 121 116 117 116 121 127 121 116 111 112 106 101 96 101 106 108 106 109 106 107 106 101 96 98 96 101 105 101 106 110 106 101 96 91 92 86 87 81 76 71 66 61 56 57 51 46 41 42 36 37 31 32 26 21 23 21 26 30 26 21 16 11 6 1 0 198 197 196 191 192 186 181 176 179 176 171 166 167 161 162 156 151 146 141 136 131 126 127 121 116 111 113 111 116 121 127 126 131 136 141 146 151 156 158 156 162 161 167 166 169 166 171 176 181 186 192 191 196 197 198 0 1 6 11 16 21 26 32 33 31 37 36 42 41 46 51 57 58 56 61 64 61 56 57 51 46 47 46 51 57 56 61 66 71 76 81 87 86 92 91 96 101 106 112 111 116 118 116 111 112 106 101 96 91 93 92 86 88 87 81 76 79 76 71 66 61 66 71 75 71 76 81 87 86 87 81 76 71 66 70 66 61 56 61 66 71 76 81 83 81 76 71 66 69 66 61 56 57 51 46 41 42 36 37 31 32 26 21 16 19 16 11 6 1 0
32
30 29 33 32 27 30
106 112 105 104 107 108 109
61 62 65 64 58 70
186 187
16 17 19
9 7 3
141 144 145 142 143
160 162 159
56 60 59 63
51 53 52
76 80 78 82 79
176 183 192 189 184 185 179 180
41 44 42 39 38
147 149
101 102 103
86 90
48 48 47
136 140 139 137 135 138
21 22 24 25
113 114
161 165 164 163
169 170 169 173
33 34 35
81 87 83 84
127 127 128 129 130
154 153 155 152
66 68
96 98 97 93 94 95 100 99
12 14 12 13
196 195 193
120 118 113 122
75 75 73 74 72
