74 30 68 163 125 27 3 159 130 124 62 1 186 175 182 171 78 100 184 1 56 1 188 82 1 58 92 149 92 62 77 92 31 92 89 63 0 139 43 61 115 116 178 58 184 69 7 35 26 105 118 2 11 2 187 2 27 38 121 45 128 162 16 82 1 160 93 3 101 176 20 162 0 55 17 61 110 1 24 74
18
74 26 8
100 50 31 16 36
92 0 54 46 40
176 21 61 2 27 3 14 37 9 62 41 38 49 25 10
38 33
56 7
30 59
118 55 23 17
124 52 42
45 11 60
162 53 4 19 48 30 24 6
16 34 1 58 43 29 64 35 51
175 47 18 32 45 44 65
62 12 15
78 5
31 57
149 13 28 63 39 20 22
20 56
