Acton Compton Bowles Dublin Brisbane Belmont Brisbane Corning Bell Cerritos Bell Corning Brisbane Belmont Brisbane Dublin Denair Banning Alamo Avalon Columbia Fortuna Bonsall Clyde Boronda Beckwourth Azusa Brea Bishop Fruitdale Escondido Atwater Emeryville Folsom Bayview Colfax Bradley Cromberg Cupertino Columbia Carpinteria Farmersville Atascadero Angwin Bayview Colfax Aromas Davis Aromas Barstow Cobb Fillmore Alpine Fontana Castroville August Forestville Byron Fruitdale Bishop Brea Avery Chowchilla Benicia Alpaugh Bell Corning Brisbane Anaheim Calistoga Beckwourth Boronda Cherryland Copperopolis Cloverdale Altadena Foresthill Covelo Ashland Alhambra Burlingame Ducor Bayview Folsom Antioch Banning Dinuba Colusa Coronado Belmont Cambria Almanor Farmersville Almanor Brawley Corning Brisbane Anaheim Brisbane Corning Delleker Buttonwillow Corona Auberry Cupertino Columbia Fortuna Diablo Brentwood Biola Bluewater Fresno August Cotati Exeter Fillmore Arcata Corning Burbank Calimesa Barstow Capitola Avery Fullerton Armona Berkeley Armona Delano Alpine Fontana Colusa Crestline Biola Brentwood Galt Firebaugh Cherryland Boronda Buttonwillow Corona Dunsmuir Chualar Cutler Cloverdale Copperopolis Beaumont Calabasas Brentwood Biola Brentwood Galt Burbank Calimesa Davis Boronda Cherryland Avery Capitola Bradley Arnold Campbell Crestline Biola Arbuckle Cartago Bodfish Cartago Arbuckle Blythe Arbuckle Biola Bluewater Cerritos Bluewater Biola Crestline Campbell Arnold Bradley Cromberg Cypress Colma Clyde Boronda Cherryland Avery Chowchilla Cutten Biola Bluewater Antioch Carson Bloomington Friant Encinitas Carlsbad Concow Eureka Brawley Biggs Byron Fruitdale Bishop Clearlake Cambria Belmont Arcadia Clio August Fowler Adelanto Clayton Diablo Fortuna Avenal Fruitdale Bishop Arvin Bishop Carson Antioch Folsom Emeryville Folsom Bayview Colfax Calexico Florin Calexico Colfax Bradley Capitola Avery Fullerton Armona Delano Carson Calwa Arcadia Belmont Coronado Colusa Crestline Campbell Arnold Firebaugh Cherryland Boronda Cherryland Avery Cherryland Cambria Almanor Farmersville Almanor Esparto Blythe Danville Armona Delano Armona Encinitas Carlsbad Alpaugh Benicia Chowchilla Cutten Cottonwood Cutten Chowchilla Avenal Fortuna Avenal Fruitdale Fremont Concow Carrick Alameda Berkeley Crest Azusa Bootjack Chino Bootjack Cloverdale Ducor Cerritos Bluewater Cerritos Bell Corning Cambria Clearlake Bishop Carson Antioch Folsom Bayview Colfax Aromas Bootjack Cutler Chualar Delano Alpine Columbia Ferndale Firebaugh Arnold Bradley Colfax Calexico Florin Bootjack Cloverdale Altadena Cloverdale Ducor Bayview Folsom Caribou Anderson Calexico Corralitos Bradbury Bakersfield Bradbury Colma Ashland Clearlake Bishop Carson Antioch Banning Coachella Amesti Broadmoor Amesti Coachella Freedom Coachella Banning Antioch Banning Fresno Artesia Fallbrook Fairfax Fallbrook Carson Antioch Carson Fallbrook Bonita Carrick Alameda Berkeley Auburn Farmersville Gardena Campbell Coachella Calabasas Coachella Banning Alamo Avalon Columbia Coalinga Felton Capitola Bradley Cromberg Cypress Colma Adelanto Georgetown Bellflower Carlsbad Acton
23
Farmersville Ceres Auburn Belden Carpinteria
Cottonwood Bradbury
Fresno Campbell Carmichael Cabazon
Antioch Bonsall Angwin Biggs
Calabasas Calabasas Benicia
August August Arbuckle Cartago Biola Brentwood Bodfish
Arnold Arnold Bradley Caruthers
Bishop Arvin Cambria Cayucos Boronda Beckwourth Bishop Alamo
Arcadia Carson Banning Atascadero Antioch Alameda Calistoga Arcadia Brisbane Burbank Calimesa Belmont Castroville
Colusa Carlsbad Bolinas Alpaugh Bellflower Adelanto Capitola Avery Armona Berkeley Brea Boron Belvedere Bonita Carrick Canyondam Aromas Calipatria Buttonwillow Auberry
Florin Azusa
Fullerton Blythe Almanor Altadena
Atwater Atwater Albany Bayview Alturas
Avalon Avalon Alpine Anderson Bloomington
Beckwourth Calwa Avenal
Emeryville Calexico Byron
Boronda Barstow
Forestville Broadmoor Amesti
Cupertino Burney
Clearlake Bakersfield Beaumont
Brawley Alhambra Ashland Burlingame Bootjack
Dunsmuir Blairsden Atherton
Belmont Bell Cerritos Bluewater Artesia Brawley Caribou Arcata Aptos Bystrom Bowles Anaheim Camarillo
