0a 15l 0a 0b 0a 15l 15i 15h 15e 15h 15i 15l 0a 0d 0e 0h 0i 0l 1a 1d 1e 1d 1a 1c 1a 1d 1e 1g 1e 1d 1e 1f 1e 1h 1i 1l 2a 2d 2e 2f 2e 2d 2a 2d 2e 2h 2e 2d 2e 2h 2i 2j 2i 2l 3a 3b 3a 3d 3e 3g 3e 3h 3i 3k 3i 3h 3e 3g 3f 3e 3h 3i 3l 4a 4d 4e 4d 4a 3l 3i 3l 4a 4d 4e 4h 4i 4j 4i 4l 5a 5d 5e 5g 5e 5h 5i 5h 5e 5g 5e 5h 5i 5l 6a 6d 6e 6h 6i 6j 6i 6h 6e 6d 6a 5l 5i 5h 5e 5d 5a 5b 5a 5d 5e 5h 5i 5l 6a 6d 6e 6h 6i 6l 7a 7d 7e 7g 7e 7d 7a 7d 7e 7f 7e 7d 7a 7b 7a 7d 7e 7h 7i 7l 8a 8d 8e 8f 8e 8h 8i 8l 9a 9b 9a 8l 8i 8k 8i 8h 8i 8l 9a 9d 9e 9h 9e 9d 9a 8l 8i 8l 9a 9d 9e 9h 9i 9l 10a 10c 10a 9l 9i 9l 10a 10d 10e 10h 10e 10d 10a 9l 9i 9h 9e 9h 9i 9l 10a 10d 10e 10h 10i 10j 10i 10l 11a 11d 11e 11f 11e 11d 11a 11b 11a 11d 11e 11f 11e 11d 11e 11h 11i 11k 11i 11l 12a 12b 12a 12d 12e 12g 12e 12h 12i 12l 13a 13b 13a 13d 13e 13h 13i 13j 13i 13l 14a 13l 13i 13h 13e 13d 13a 13b 13a 12l 12i 12l 13a 13d 13e 13g 13e 13d 13e 13h 13i 13h 13e 13g 13e 13h 13i 13l 14a 14d 14e 14f 14e 14h 14i 14k 14i 14l 15a 15d 15e 15h 15i 15k 15i 15h 15e 15d 15a 14l 14i 14l 15a 15d 15e 15h 15i 15l 0a 15l 15i 15k 15i 15l 0a
35
0a 0b 0f 0c
3l 4g 4f
8k 8k 8j
11b 11b
4i 4j 4k
5b 5c 5b 5f 5g
8h 8f 8g 8b
2f 2g 2f 2j 2k
3g 3b 3c 3g 3f 3k 3j
7f 7f 7g 7b 7c 6k
14a 14b 14c
7h 7k 7j
12g 12g
5i 5k 5j 6c
0d 0g
1e 1g 1f 0k 0j
14f 14g 14f
13b 13g 13f 12j 12k 13b 13c
9e 9f 9g 9k 9j
9i 10c 10b
6a 6b
1d 1c 1b
10i 10j 10k 10f 10g
11f 11g 11f 11c
4a 4c 4b
11k 11j 11k
13j 13k 13j
2a 2c 2b 1j 1k
8i 9b 9c
14e 14j 14k 15c
12b 12f 12b 12c
5g 6g
6h 6f 6j
15k 15k 15j 15b 15g 15f
8a 8c
