6 195 194 192 194 195 6 13 20 18 15 18 20 13 6 195 188 186 188 195 6 13 11 8 11 13 6 195 193 195 6 13 20 27 25 27 20 13 20 18 20 27 26 27 34 33 30 33 34 41 48 41 34 32 28 32 34 41 39 35 39 41 48 55 53 50 53 55 48 41 40 41 48 47 45 47 48 46 43 46 48 55 62 55 54 51 54 55 48 41 34 27 26 23 26 27 34 41 48 55 62 69 68 69 62 55 62 69 67 64 67 69 76 83 90 97 96 97 90 83 76 74 70 74 76 75 73 75 76 83 90 89 86 89 90 83 82 83 90 88 90 88 85 88 90 97 104 111 118 116 112 116 118 111 104 111 118 111 104 97 90 89 86 89 90 97 104 111 109 111 104 97 90 89 90 97 104 111 109 106 109 111 118 125 124 125 118 116 118 125 124 121 124 125 118 125 132 139 138 136 138 139 146 139 132 139 137 139 146 153 152 153 160 159 160 153 146 144 146 153 151 153 146 144 146 153 160 167 166 167 160 159 160 167 174 167 166 167 174 181 188 195 6 195 188 181 174 167 160 153 151 153 160 167 174 172 169 172 174 181 179 175 179 181 180 181 174 173 170 173 174 181 188 195 6 5 6 195 188 187 188 186 183 186 188 195 6 195 188 181 188 195 193 195 6
29
6 6 2 1
186 186 182
106 106 105
193 194 184 189 190
139 128 129 134 133 142
175 179
88 88 90 87
51 51
67 65 64
30 30 31
18 11
69 74 83 76 80 77 75
112 112
45 44 47 43
118 110 115
132 126 136
48 38 41 39
160 154 155
28 32
25 22 27 19 18 25
166 166
97 91 103 101 100 96 94
62 69 60 62 61
152 149 150 148 145
170 174 160 161 165 172 169 177 181
144 140
13 10 12 17
124 124 116 120 122
50 53 50
