0 1 80 26 14 194 183 20 115 189 187 164 86 101 16 53 116 90 74 0 172 0 76 0 141 74 83 143 52 92 85 88 85 13 1 185 101 36 147 199 37 78 6 72 49 154 75 0 15 23 184 40 1 20 49 139 103 174 110 4 0 144 183 92 158 160 150 54 148 79 121 111 56 1 182 80 44 40 69 9 118 172 164 125 33 82 139 5 128 0 157 41 109 96 23 177 105 176 121 143 66 149 8 177 130 0
23
0 178
164 62 77 91 31 15 58 132 107 28 151
160 192 51 47 92
23 63 139 55 30 126
143 158 26
9 184 17 162
66 115 168
44 57 11 75 66 188
149 135 138
125 174 27 35 186 112 22 36
83 161 157 171 147 123 143 175
14 172
6 114 33 155 43 52 156 82 90 159
118 40 45 6 46 84 20 95 167 196 149
141 12 54 3 137 173
26 4 87 111 8
189 148
176 180 150 13 104 94
85 56 85
177 193
69 76 89 119 24 124 19
92 80 64 73
49 185 105
