Loc1 Loc152 Loc179 Loc15 Loc165 Loc34 Loc0 Loc70 Loc1 Loc83 Loc48 Loc199 Loc92 Loc166 Loc163 Loc148 Loc38 Loc1 Loc131 Loc56 Loc168 Loc1 Loc39 Loc1 Loc62 Loc198 Loc49 Loc139 Loc194 Loc119 Loc56 Loc165 Loc84 Loc169 Loc157 Loc65 Loc165 Loc101 Loc1 Loc8 Loc34 Loc102 Loc31 Loc1 Loc99 Loc138 Loc140 Loc111 Loc22 Loc81 Loc72 Loc120 Loc193 Loc113 Loc1 Loc25 Loc108 Loc3 Loc1 Loc54 Loc194 Loc104 Loc145 Loc186 Loc45 Loc29 Loc181 Loc158 Loc63 Loc97 Loc108 Loc34 Loc83 Loc113 Loc10 Loc147 Loc161 Loc88 Loc146 Loc175 Loc113 Loc24 Loc103 Loc130 Loc12 Loc166 Loc61 Loc1 Loc32 Loc72 Loc126 Loc34 Loc48 Loc45 Loc102 Loc76 Loc1 Loc95 Loc21 Loc154 Loc1 Loc101 Loc1 Loc62 Loc104 Loc47 Loc110 Loc1 Loc67 Loc1 Loc98 Loc173 Loc143 Loc155 Loc1
23
Loc1 Loc20 Loc128
Loc186 Loc195
Loc102 Loc168 Loc109 Loc124 Loc163 Loc85
Loc48 Loc50 Loc188 Loc18 Loc62 Loc103 Loc129 Loc96 Loc37 Loc106
Loc47 Loc175 Loc53 Loc132 Loc95
Loc98 Loc8 Loc176 Loc189 Loc101 Loc38 Loc133 Loc177 Loc0 Loc97 Loc74 Loc60
Loc34 Loc77 Loc171 Loc154 Loc54 Loc83 Loc141 Loc5
Loc139 Loc46 Loc52
Loc108 Loc160 Loc180 Loc11 Loc31 Loc39 Loc111 Loc143
Loc173 Loc172
Loc110 Loc110 Loc140
Loc157 Loc3 Loc137 Loc23 Loc25 Loc144
Loc45 Loc147 Loc107 Loc99 Loc183 Loc153
Loc63 Loc30 Loc17 Loc149
Loc113 Loc123 Loc151 Loc59
Loc38 Loc16 Loc100 Loc91 Loc71 Loc190 Loc32 Loc159 Loc75
Loc169 Loc57 Loc15 Loc14 Loc44
Loc161 Loc7 Loc145 Loc9 Loc122 Loc33
Loc181 Loc182
Loc158 Loc61
Loc175 Loc13 Loc167 Loc6 Loc94 Loc19 Loc67 Loc170
Loc72 Loc76 Loc65 Loc51 Loc192 Loc197 Loc27
Loc10 Loc118
