pace mixture mercy financial injection gallon skeleton development native mature page nationalist confrontation railcar assume pipe title due speaker audience sunrise embarrassment gate shy terminal bitter weapon due ignore fortune swop pier pig straighten expression cigarette blonde virgin thirsty structure output joint mixture confrontation nationalist brake profound view compromise father interactive election mixture pace mixture election labour approval lake ward tablet imposter pound attraction coffin solve certain due ignore liver charity stroke pain disclose approval double assume acceptance nationalist confrontation mixture election miserable mystery driver mystery deter identity pier bleed pier swop fortune notebook interactive father interactive seize solve ladder solve labour election mixture confrontation development desk spoil bleed sign speaker pace mixture election mixture pace market country prison romantic comfortable likely labour election interactive notebook understand railcar confrontation hospitality confrontation forge outline audience dramatic opposed thirsty dough linger title mystery miserable election guarantee reliable notebook profound brake profound notebook understand dip opposed thirsty virgin profound mist quality circulation approval labour solve sunrise electronics quadruple imposter tablet ward compromise view policy view king ladder gate ladder solve seize interactive notebook pardon guarantee joystick deposit joystick swop fortune notebook profound brake exempt dramatic opposed feature development desk enemy desk injection embarrassment ward lake thirsty structure respect extort widen native paper viable likely labour quiet feature enter science blonde pipe joystick guarantee reliable guarantee pardon vegetarian linger physics linger title mystery driver banana widen native attraction exclusive excuse forge confrontation boom quality autonomy paper terminal title due ignore decisive greeting dough thirsty structure respect pace market vegetarian linger title terminal paper terminal forge excuse curriculum bleed environment node blonde science begin lake ward embarrassment gate identity coincide judicial rob dramatic audience sunrise rent approval lake thirsty virgin blonde node gate identity pier approval lake begin science blonde node environment node blonde native attraction exclusive vegetarian market country single shy triple prospect legislation comfortable likely labour figure clay rage deposit joystick guarantee reliable charity reliable comfortable likely other pace mixture mercy science deposit seize exempt development desk enemy candle dialogue rage bitter terminal respect pace
22
pace pace market home flag injury headline likely comfortable imposter driver
notebook atmosphere smile dip
stroke rent swear
mature rob financial guarantee virgin profound
judicial dive
fortune ignore due shiver liver attraction railcar
mercy tablet autonomy note
election election error widen mature native confrontation forge mercy development
virgin bowel throne respect chair
node coast
embarrassment physics dough environment
pipe identity interactive control knot country skeleton exempt buffet structure
quality quadruple other
widen pipe assignment audience greeting swop interface decisive deter begin
environment drawer offset exile
father spoil page ask
weapon thumb coincide enemy cotton lifestyle viable rage stress
title straighten tool pig scheme
dip feature excuse teacher curriculum injection coffin electronics exclusive pardon
rage acceptance
driver candle triple boom
joint output illusion
