0 182 27 34 133 134 38 132 40 131 44 135 138 1 139 141 5 24 26 24 5 142 143 140 1 139 141 5 6 5 24 144 24 5 141 5 24 144 20 146 145 14 147 149 11 150 152 151 60 64 60 151 152 150 11 149 147 14 145 146 20 144 24 5 141 139 1 139 141 5 24 144 20 146 145 14 18 14 147 149 11 149 147 14 145 146 20 144 24 5 142 5 24 144 20 146 145 14 145 146 20 144 24 5 7 5 141 139 1 138 135 44 131 40 132 38 134 133 34 27 182 27 28 27 182 0 182 27 34 133 134 38 132 40 42 40 132 38 134 133 34 27 31 27 34 133 134 38 134 133 34 133 134 38 132 40 42 40 41 40 131 44 135 44 131 40 131 44 45 44 135 138 1 139 141 5 24 144 20 146 145 14 147 149 11 150 152 151 60 153 57 54 154 155 52 156 47 50 47 51 47 156 52 155 154 54 57 59 57 153 60 63 60 151 152 151 60 153 57 59 57 153 60 65 60 153 57 54 154 155 52 155 154 54 57 153 60 64 60 153 57 54 154 155 52 156 47 157 159 160 120 162 163 162 120 128 120 162 163 67 164 165 76 165 164 67 70 67 164 72 164 67 70 67 164 165 76 166 167 80 84 80 167 166 167 80 92 80 167 166 76 166 167 80 92 86 92 93 92 80 85 80 92 86 168 89 169 89 168 86 92 80 167 166 76 165 76 166 167 80 92 86 168 89 169 94 99 94 96 94 97 94 169 94 100 94 102 171 170 171 102 94 102 171 170 173 170 172 175 172 170 173 170 172 175 106 176 111 114 117 114 111 176 111 114 118 177 118 114 111 176 106 175 172 170 171 102 94 169 89 168 86 92 80 167 166 76 165 164 67 163 162 120 124 120 160 120 126 120 162 163 67 163 162 120 128 120 127 120 160 159 157 47 156 52 155 154 54 57 153 60 151 152 150 11 149 147 14 145 146 20 144 24 5 141 139 1 138 135 44 131 40 132 38 134 133 34 27 182 0
21
106 107 108 110 109
94 96 101 99 98 100 95 97 105 104 103 90
155 53
164 70 68 69 71 75 73 74
86 88 87 91
5 8 6 10 9 7 25 26
14 19 16
166 78
154 56 55
176 113 112 115 117 116
128 129 128 125 122 124 126 130 123 121 127
52 49 51 50 48
63 63 65 66 61 64 59 58 62 12
85 77 79 93 81 84 83 82 85
1 3 13 4 2
27 36 35 37 30 32 31 33 28 29
135 45 46 41 43 42
149 17 15 18
20 21 22 23
114 119
38 39
