C0 C2 C21 C128 C2 C115 C177 C52 C123 C0 C27 C102 C2 C166 C157 C34 C155 C3 C192 C3 C159 C101 C13 C1 C56 C14 C160 C164 C1 C70 C3 C183 C59 C161 C2 C4 C162 C4 C0 C22 C3 C147 C3 C103 C57 C184 C2 C123 C112 C7 C168 C1 C92 C152 C157 C194 C54 C110 C134 C195 C60 C93 C108 C2 C27 C158 C0 C135 C0 C55 C161 C2 C98 C2 C39 C76 C11 C1 C97 C1 C192 C1 C4 C79 C0 C74 C134 C71 C198 C13 C129 C184 C124 C1 C165 C66 C105 C57 C123 C3 C100 C190 C1 C114 C1 C73 C1 C188 C122 C65 C1 C190 C184 C113 C88 C7 C138 C7 C152 C127 C3 C105 C10 C83 C3 C63 C12 C4 C116 C0 C153 C3 C89 C5 C0
23
C0 C0 C11
C183 C172 C153 C52 C68 C63 C2 C26 C120 C70
C190 C168 C20
C27 C43
C102 C55 C10 C54 C35
C65 C1 C71 C18 C47 C198 C139 C167 C19 C122
C128 C161 C165 C30 C48 C144 C123 C179
C138 C3 C51 C146 C181 C28 C100
C184 C95 C129
C74 C7 C5 C193 C190
C12 C192 C93 C59
C123 C78
C194 C169
C76 C8 C87 C88
C66 C57 C56
C101 C77 C149 C114 C121 C127 C166 C97 C185 C49 C86
C63 C124 C103 C154 C25 C182 C171 C137
C93 C105 C134
C112 C145 C50 C74 C110 C58 C104 C84 C32 C194
C108 C4
C89 C164 C141 C45 C152 C107
C103 C31 C27 C101 C66 C24
C116 C119 C132 C160 C16 C196
