HAZtD 6gp0A kPB79 UqGfS NqBQW Xqwfz jcSDd Xqwfz NqBQW UqGfS GxQg8 qXBVG p3gJd 15wtn npBgR 15wtn p3gJd C4biR p3gJd GxQg8 EyMEe xF1Bj ED9em bW6Ms GxQg8 p3gJd C4biR KtlQd C4biR p3gJd GxQg8 UqGfS kPB79 UqGfS GxQg8 p3gJd jesVt ox9Gx jesVt 4AhmX AwFdf hvF70 C4biR p3gJd jesVt fWz4T jesVt 0FMEI 3JtxZ GrnJ7 UbqWX GrnJ7 rmW0U GfIsc rmW0U SfSL1 RkCLD E6pda e7SjH o2JtM BIY9X o2JtM Jbr8u 6sv9O fiXIW 0moVI fiXIW 6sv9O Jbr8u o2JtM e7SjH E6pda e7SjH o2JtM Jbr8u 6sv9O kYZ5P iimZq fiXIW g8MpX fiXIW 6sv9O OEGHh Vg6Sz iIQll GrnJ7 3JtxZ 0FMEI jesVt 69WZh iHR3J 69WZh jesVt 0FMEI 3JtxZ GrnJ7 rmW0U bMhFI GfIsc rmW0U GrnJ7 UPel5 4jcrD Vg6Sz iPRoT Q8lcd GaZ4O o2JtM e7SjH o2JtM Jbr8u 6sv9O GWb7L 6sv9O iPRoT Vg6Sz 4jcrD UbqWX 4jcrD Vg6Sz iPRoT 6sv9O URrao qz2Of OEGHh Vg6Sz 4jcrD DmTRc tgL8p 0FMEI jesVt p3gJd aWuHk p3gJd jesVt 0FMEI 3JtxZ GrnJ7 rmW0U GrnJ7 3JtxZ 0FMEI jesVt 15wtn 69WZh Q5zY0 tkVif Q5zY0 7WH0C mdIe6 69WZh jesVt p3gJd C4biR O8CwF C4biR p3gJd jesVt 69WZh onBu6 VJX0I onBu6 69WZh jesVt GmE3O 15wtn b9v0q VG4na Q5zY0 fWz4T 15wtn Mm2U8 2zHfe Mm2U8 15wtn 69WZh ZKvNM ntxuv 7WH0C R6NzB 0FMEI 5EAEu sU69u 4PSW9 9cp56 p3gJd 4AhmX cu5FB 4AhmX p3gJd GxQg8 bW6Ms GxQg8 p3gJd cpzS8 p3gJd jesVt 69WZh onBu6 VJX0I onBu6 69WZh jesVt UQeyk p3gJd 9cp56 4PSW9 9cp56 p3gJd C4biR dmbCw C4biR p3gJd cC0Rg 1gvq4 p3gJd 15wtn 4AhmX AwFdf hvF70 C4biR p3gJd GxQg8 UqGfS NqBQW Xqwfz 7kY28 qz2Of 7kY28 Xqwfz 7kY28 qz2Of OEGHh qz2Of 7kY28 Xqwfz jyRQW zcuSA cC0Rg lJnz7 GxQg8 EyMEe F7CZj EyMEe GxQg8 p3gJd 15wtn b9v0q 69WZh R6NzB 69WZh jesVt p3gJd 1gvq4 cC0Rg u60s4 jyRQW Xqwfz pLg86 0moVI GDCfm iimZq kYZ5P iimZq 7kY28 Xqwfz jyRQW zcuSA 4PSW9 sU69u 3JtxZ GrnJ7 rmW0U bMhFI rmW0U GrnJ7 3JtxZ 0FMEI jesVt 69WZh iHR3J v0WXM onBu6 69WZh jesVt p3gJd C4biR p3gJd GxQg8 lJnz7 cC0Rg zcuSA jyRQW Xqwfz 7kY28 URrao 7kY28 Xqwfz jyRQW zcuSA 9cp56 p3gJd 9cp56 zcuSA jyRQW Xqwfz 7kY28 234po 7kY28 fiXIW g8MpX SxklZ Xqwfz NqBQW UqGfS GxQg8 EyMEe wnnBN EyMEe xF1Bj EyMEe GxQg8 1gvq4 O8CwF 1gvq4 GxQg8 vfAR8 GxQg8 1gvq4 O8CwF TlJnt C4biR p3gJd jesVt p3gJd GxQg8 EyMEe J0OP0 EyMEe kPB79 4Tt2a kPB79 UqGfS GxQg8 lJnz7 cC0Rg lJnz7 GxQg8 EyMEe HAZtD
23
ox9Gx fWz4T wedr3 69WZh cu5FB
xF1Bj Ssao4 4Tt2a 4PXv9 RN9nS iqOI4 UqGfS Cg1yP wnnBN
HAZtD J0OP0 iKwe0 z82fM
234po Pk19A URrao fiXIW iimZq Vg6Sz OWqP4 0moVI
vfAR8 Lusir ED9em 5h4rt
4jcrD iIQll gNinx p4kTx
p3gJd GxQg8 bW6Ms p3gJd 1gvq4 lJnz7 jesVt zcuSA Zxvdf gpbSj 0F8yg cC0Rg acHTt kNG2j DaieK uPUO1
URrao SxklZ VESmp
kYZ5P 8Qx0C Q8lcd
UPel5 iaaYU UbqWX 4jcrD
tkVif SEkfX WVEjT Agb0E eVDVP
v0WXM iHR3J mdIe6 TzGS5 R6NzB
O8CwF O8CwF
rmW0U HOuAL 9tf0w DmTRc 5EAEu v9joy bMhFI lF8gH CHx6u xKTIz E6pda DuU0x BIY9X H1xt8 2LhKB
1gvq4 X2hjX NqBQW
b9v0q VG4na Ia6ul fExZu v7hOX
4PSW9 u60s4
7kY28 7kY28 1VA1I
3JtxZ 2GCiD
iimZq Zok18 IOpdQ pLg86 6owsT HAKlt
C4biR AwFdf
Xqwfz BaYb3
jesVt rH3nx 4AhmX cpzS8 TlJnt aegld EgumV zrVPv ox9Gx aWuHk vfAR8
