location1 location2 location1 location4 location79 location58 location59 location62 location8 location11 location50 location28 location31 location124 location125 location67 location64 location63 location66 location179 location176 location173 location172 location169 location71 location68 location156 location155 location158 location161 location160 location54 location51 location50 location11 location8 location5 location6 location137 location20 location17 location14 location15 location166 location169 location71 location70 location67 location64 location61 location62 location142 location139 location138 location137 location6 location7 location34 location37 location34 location7 location6 location137 location20 location19 location51 location52 location49 location46 location43 location73 location72 location69 location76 location7 location34 location7 location10 location108 location107 location110 location113 location116 location16 location19 location51 location48 location45 location42 location43 location40 location37 location34 location148 location149 location152 location155 location154 location157 location160 location54 location51 location48 location45 location42 location43 location73 location118 location121 location124 location31 location34 location31 location28 location51 location177 location176 location179 location66 location63 location64 location63 location78 location148 location145 location144 location141 location142 location62 location8 location7 location34 location37 location74 location71 location68 location69 location68 location25 location22 location25 location68 location156 location157 location156 location68 location71 location169 location168 location171 location87 location84 location81 location78 location75 location74 location37 location34 location148 location78 location81 location84 location87 location86 location89 location86 location83 location55 location54 location57 location60 location57 location54 location55 location83 location86 location89 location92 location91 location94 location97 location94 location93 location96 location99 location102 location105 location108 location111 location114 location111 location108 location105 location102 location99 location100 location101 location1 location4 location1 location101 location104 location107 location106 location109 location112 location40 location41 location40 location112 location109 location106 location105 location106 location109 location112 location40 location43 location46 location49 location52 location55 location52 location53 location50 location11 location10 location108 location111 location108 location10 location3 location2 location130 location129 location132 location129 location126 location123 location120 location121 location120 location119 location122 location125 location128 location131 location134 location133 location49 location52 location49 location46 location43 location73 location43 location46 location49 location133 location136 location133 location49 location48 location47 location50 location53 location56 location53 location50 location11 location10 location3 location6 location137 location136 location133 location49 location151 location148 location78 location77 location78 location148 location145 location142 location139 location136 location133 location132 location129 location126 location125 location67 location68 location156 location159 location162 location159 location160 location54 location57 location60 location57 location54 location51 location48 location49 location151 location148 location145 location146 location143 location144 location71 location68 location67 location125 location126 location125 location67 location68 location156 location153 location154 location155 location156 location159 location162 location165 location166 location165 location168 location171 location87 location90 location87 location88 location85 location82 location51 location48 location47 location44 location43 location73 location70 location67 location66 location179 location176 location173 location170 location167 location164 location167 location170 location173 location176 location179 location180 location1
23
location1 location1 location3 location101 location99
location94 location93 location95 location89 location87
location145 location143
location159 location161 location157 location159
location138 location17 location19 location21 location15
location124 location31 location25
location164 location169 location173 location171 location167 location175
location49 location45 location43 location49 location133 location151 location53 location11 location51 location155 location33 location47 location41
location60 location55 location117 location111 location77 location73
location5 location23 location39 location29
location64 location123 location125 location69 location75
location41 location113 location115
location43 location37 location35
location89 location91
location162 location165 location163
location120 location121 location119 location127 location135 location139 location129
location77 location71
location172 location177 location179 location63 location59 location81 location85 location27
location11 location9 location65 location67 location13 location141 location61
location105 location107 location109 location105 location103 location97
location58 location57 location79 location83
location146 location147 location153 location149 location145
location132 location131 location137 location5 location7
