Abbey Alexus Alia Kathy Alia Abril Jasmin Alia Tori Alyvia Arielle Elaine Elianna Kathy Alia Jordin Adyson Madilynn Adyson Nia Abbey Elaine Mckinley Desirae Gillian Abbey Lucille Abbey Kimberly Marley Adyson Emma Kayley Alexia Alena Kathy Maggie Alissa Riley Alena Mckinley Marisol Selena Alexia Jade Abril Avni Justine Adyson Jimena Adyson Saige Adyson Chaya Kristin Abbey Jakayla Kendal Abbey Gillian Ainsley Mckinley Yoselin Liberty Abbey Angel Abbey Dhanya Maggie Gina Alia Kenley Kaylin Abbey Ashleigh Abbey Charlie Micaela Alisha Amber Matilda Shyanne Alia Carlie Desirae Alexia Kendall Adyson Lilia Crystal Ainsley Gracie Alena Tara Tanya Taniyah Carly Alexia Carlie Alexia Alissa Adyson Mira Ariel Mira Lisa Alena Jasmin Alena Emilie Maggie Ainsley Jimena Adyson Priyanka Alexia Alena Camilla Natalee Adyson Amber Alisha Susan Joanna Jordin Lilah Jazmyn Abril Ariel Kaley Maggie Alisha Jade Alexia Yasmine Alena Jasmin Abbey
20
Abbey Abbey
Tanya Mckayla Jamiya
Alissa Lilyana Sharon
Kimberly Taniyah Zion Jillian
Yasmine Kimberly
Ashleigh Riley
Avni Lacey Janiya Mckinley Carleigh Kristin Keyla
Gillian Shyanne Mya Zaria Carlee Alia Imani Alexus Natalee Dayami Sophia Arielle Neveah
Kaylin Jade
Taniyah Laylah Kaydence Claire Ciara Christine
Lilah Emma Aubree Gillian Noelle Haven Kayden Nia Dana Carlie
Priyanka Lindsay Iyana Avni Ariel Sophie Parker
Abril Juliette Lainey Mira
Mckinley Kristina Brooklyn
Angel Aryana Kira Matilda Alivia Leila Jimena Kiley Aniya
Kaley Madilynn Carly Jazmyn Myah Melina Chasity Mireya
Desirae Alexia Maggie Kiana Elianna
Emma Ingrid Emilie Kenzie Jasmin Denisse
Susan Diana Baylee Ashley Lucille Camilla Rylee
Tori Bryanna Kaley Lilia Zara Jaden Tara
