108 16 88 6 195 79 3 175 8 71 12 45 145 3 84 151 118 154 0 77 0 137 187 156 193 63 0 166 0 3 142 17 130 2 88 3 1 186 94 65 180 112 13 1 11 52 17 2 160 193 23 170 41 73 3 88 58 88 23 5 36 143 5 142 3 157 3 89 1 58 132 1 15 65 0 48 0 70 1 106 139 40 0 137 0 81 0 70 10 133 197 160 39 0 166 1 158 1 35 90 21 67 1 119 12 82 8 43 9 195 6 47 3 84 3 56 1 87 1 173 2 52 143 188 6 83 179 6 143 6 0 3 110 3 56 0 20 2 37 153 157 144 12 3 2 168 7 94 7 179 4 108
28
88 107 53 82 28 126
84 137
47 13
20 79 37 19 44 179
82 197 11 46 57 143
52 101 71 26 45 109 85
168 7 138 150
90 92 83 66 134 99
153 68 84 187
1 39 118
3 188
70 190 73 128 146
160 77 186 182 114 144 170
156 1
41 176 120 34 15
188 153
187 64 142 14 177 38 174 95
144 5
193 32 36 43 24 75 63 35 129 181 151 136
137 100
154 110 133 23 69 140
35 31
142 96 49 184 78 167
158 148
65 17
166 54 121 157
9 56 130 48 117 65 81
112 61 67
