1 71 132 183 1 106 2 82 1 163 179 1 146 1 100 85 81 1 86 127 1 142 1 174 132 187 136 1 131 1 71 1 189 135 136 3 93 84 67 41 109 58 137 1 110 99 121 2 97 42 182 142 45 138 176 1 50 22 1 63 167 1 125 61 53 106 1 10 1 90 24 2 180 22 109 159 129 121 80 109 21 175 131 154 76 1 9 1 14 1 41 1 143 1 53 103 96 2 12 118 172 31 131 168 8 1 172 1 41 1 165 1 77 12 79 140 82 59 1 136 168 2 120 118 1 178 125 1
20
129 86 24 70 4 106 78
100 28 76 118
125 122 20
182 59 10 52 32 48
61 137
132 35
85 22 40
9 102 134
8 112 47 107 65 88
110 44 126
53 18 41 62 56 95 128
140 113 5 140 29 66 89 94
41 53 82 92 11 58 130 68 12 38 84 77
118 124 96 6 104 108 120 90 138 64 142 2 26
67 125 16 14 42 72 132 98 110 114 54
21 30 71 74 101
142 131
121 144
131 136 50 34 143 23 8 116
63 100 80 60 83 46 36 119 17
