location4 location180 location12 location64 location166 location21 location111 location182 location186 location190 location145 location162 location21 location27 location168 location103 location40 location181 location111 location55 location84 location136 location155 location57 location11 location133 location157 location113 location169 location64 location52 location90 location58 location131 location128 location70 location68 location96 location25 location52 location170 location199 location25 location151 location177 location32 location153 location88 location36 location25 location136 location69 location175 location178 location184 location130 location112 location148 location15 location41 location190 location22 location125 location98 location3 location55 location62 location35 location152 location69 location48 location187 location87 location152 location57 location168 location125 location89 location75 location166 location55 location137 location72 location173 location95 location36 location90 location105 location45 location141 location88 location48 location69 location175 location165 location129 location109 location67 location94 location48 location51 location4
24
location4 location101
location125 location1 location193 location11 location136 location191 location124
location27 location159 location55 location43 location33 location144 location188
location180 location135 location165 location152 location2
location87 location171 location115 location72 location24 location92
location40 location68 location192
location51 location157 location20 location140 location48 location60 location5 location141
location89 location156 location57 location148 location80 location158 location102 location83 location37
location90 location84 location189 location70 location169 location100
location187 location113 location31 location125 location23 location128 location107 location6 location110 location119 location56 location71
location55 location51
location128 location41 location132 location108 location40 location160
location21 location163 location143 location99 location16 location54
location168 location96
location175 location116
location67 location15
location199 location50 location177 location117 location127 location147 location170 location18 location74
location166 location122 location155 location186
location45 location129
location169 location190 location133 location29
location136 location62 location0 location19 location64
location62 location183 location63 location185
location69 location120 location49 location181 location14 location146 location21
location25 location93 location168 location25
