1 2 5 2 1 22 24 22 1 2 5 2 1 6 8 9 6 1 10 11 12 10 1 26 1 14 15 14 1 118 120 118 1 18 21 18 1 156 159 156 1 22 1 100 101 102 103 102 101 100 1 22 25 22 1 26 27 28 29 28 27 26 1 50 51 52 54 55 52 51 50 1 10 1 172 173 172 1 106 1 68 71 68 1 60 61 60 1 126 127 128 129 128 127 126 1 160 163 160 1 172 173 172 1 110 1 68 69 68 1 18 21 18 1 72 74 72 1 18 20 18 1 76 77 78 79 96 97 96 79 78 77 76 1 100 101 102 103 139 140 141 140 139 103 105 102 101 100 1 106 107 106 1 64 1 68 70 68 1 110 1 68 1 114 116 114 1 118 119 120 118 1 122 123 124 122 1 126 127 128 129 146 129 128 127 126 1 150 151 152 153 189 153 152 151 150 1 172 173 172 1 156 157 156 1 160 162 161 160 1 118 120 118 1 164 166 165 164 1 168 170 168 1 100 101 102 103 102 101 100 1 126 127 128 129 128 127 126 1 32 1 60 62 60 1 172 173 172 1 114 115 114 1 50 51 50 1
26
1 58 170 112 165 65 178 78 66 67 115 117 116 57 59 180 125 171 169 17 16 15
18 19 21 20
129 128 130
10 13 11 12
61 63 62 61
156 157 158 159
151 155 154
28 28
25 24 23 25
189 153
69 69 71 70
160 163 162 161
55 53 55 54
166 167 166
105 103 105 104
120 120 119 121
173 173 175 174
9 8
5 3 4 5
110 113 111
97 80
106 107 108 109
74 75 74 73
29 30
124 124 123
8 9 7
