0 10 20 30 41 51 62 72 83 93 104 114 125 135 146 156 146 135 134 135 136 147 157 147 136 126 115 105 94 84 73 63 52 42 52 63 73 84 73 63 52 43 33 24 14 15 26 36 47 57 68 67 66 65 74 84 93 83 82 81 71 62 52 43 44 53 63 73 84 94 104 113 123 132 142 151 161 151 142 132 123 113 104 94 85 75 66 56 57 56 55 65 74 84 85 95 106 116 127 137 148 157 167 177 188 177 167 157 148 138 128 117 107 96 86 76 67 57 48 38 29 38 48 57 67 77 88 98 109 98 88 77 67 56 46 35 34 33 44 54 65 75 86 96 107 96 86 76 66 55 45 44 43 42 43 44 54 65 75 86 96 107 117 128 138 149 159 149 138 128 117 107 96 87 77 68 58 57 56 55 65 74 84 93 103 112 122 131 132 133 134 135 146 156 167 177 188 177 168 157 147 136 127 117 108 98 89 78 68 57 48 38 28 17 8 17 27 36 46 55 65 74 84 94 105 115 126 136 146 155 165 174 184 173 163 153 144 134 125 115 106 96 87 77 68 58 68 77 88 97 107 116 126 135 146 156 167 177 187 177 168 158 149 139 129 118 108 107 106 105 104 113 123 132 142 151 161 171 182 171 161 150 140 130 120 110 100 90 80 70 60 50 40 30 21 22 23 24 25 26 27 16 15 14 13 12 22 31 41 50 60 70 80 90 100 110 120 130 140 150 160 170 180 170 161 162 151 141 130 121 111 102 103 104 114 113 123 122 121 130 131 132 133 134 145 155 145 134 124 113 103 92 82 72 63 53 44 43 42 41 50 51 52 53 64 54 45 46 47 46 55 65 74 84 93 84 74 65 66 76 87 97 108 118 129 139 129 118 108 97 87 76 66 55 45 35 26 16 7 16 26 35 45 54 64 73 84 94 105 115 126 136 147 157 147 136 126 115 105 94 84 73 64 54 45 55 66 76 87 76 75 74 73 64 65 66 75 85 95 106 116 127 137 136 135 134 133 132 131 141 142 143 144 145 155 166 176 166 165 164 163 162 161 171 182 181 170 160 150 140 130 120 110 101 91 82 72 73 84 94 105 115 126 136 147 136 127 117 108 98 89 79 89 98 108 97 87 76 66 55 46 36 27 17 27 36 46 55 65 74 84 94 105 115 126 136 147 146 145 154 164 173 163 152 143 133 124 114 105 95 86 76 67 57 48 38 29 18 8 7 6 5 4 3 4 14 24 33 43 53 64 74 85 95 106 116 127 137 148 158 148 137 127 116 106 95 85 84 83 72 62 52 43 33 43 52 62 72 83 72 62 51 41 30 20 10 1 2 3 4 5 6 7 17 28 38 49 48 47 46 45 44 43 42 51 61 70 80 90 100 110 120 121 122 123 124 134 145 155 166 176 166 156 146 135 125 114 105 95 86 95 106 116 126 135 145 154 164 174 164 153 143 132 122 111 102 92 83 73 64 54 45 35 26 16 26 35 45 54 64 73 83 92 103 113 124 134 145 155 166 176 187 197 187 186 185 184 183 182 181 171 162 152 153 163 173 184 194 184 173 163 152 142 131 121 110 100 90 80 70 60 50 40 30 20 10 0
25
0 2
174 164 184 155
89 98 108 89 99
168 199 198 189 178 188 149
17 29 39 26 9 8
66 76 86
130 130 120 132 122 133
72 61 70 71 51 82 83 64 53 73 72 94 80 81
137 114 125 116 107 147 127 146
50 42
14 43 4 24 77 87
12 12 22 21 20 31
76 67 68 104 105 123 95 96
42 33
181 183 182
136 154 153 152
180 181 160 161 150 140 151
29 45
93 103 102 101 111
58 37 48 17 18
176 158 176 166 175 167
45 15 5 16
156 165
187 187 196 186
108 118 129 139
