0 5 71 79 56 163 189 145 79 15 184 34 195 141 142 112 182 150 88 169 73 105 166 31 77 15 10 48 169 157 123 126 154 148 185 161 196 113 186 146 85 181 103 139 12 160 155 89 97 68 38 194 166 141 145 114 172 181 170 165 5 132 165 10 28 150 144 84 177 198 12 189 145 155 113 174 29 18 67 130 168 183 154 94 120 11 56 60 154 20 50 117 116 47 13 102 172 139 124 165 0
27
0 0 32
139 86 4 45 87 40 65 43
5 49 15 12
168 94 34 85 90 51 95
84 18 23 33
50 11 73 13 69
31 99
112 9 98 80 29
85 14
189 2 22 77 84 60
146 16 3
124 59 38 72 76 26 88
77 47 83 68 78
145 75 10 96 55 64 52
97 81 28 30 1 61 6
174 62
160 79 42
60 25 92 57 24 8
18 97 27 7 67 41 50 39 91 89 74
28 19 31
71 17 54 66
144 63 82 20 70
116 5 56
94 44
172 46 37 35 21 93 48 71
120 53 36
141 58
