start g8 g12 g15 g20 g15 g12 g8 start h4 start g5 start g9 start c3 start e7 start c3 c8 c9 c8 c3 start a5 start g8 g12 g16 g21 g25 g21 g17 g13 g9 start g8 g10 g11 g14 g19 g23 g19 g15 g19 g15 g12 g9 g13 g16 g21 g16 g12 g15 g19 g23 g19 g15 g12 g8 start a3 start g9 g13 g9 g12 g15 g19 g15 g12 g8 start e5 start h4 start g8 g12 g8 start f14 f7 f15 f7 f17 f7 f14 f10 f20 f10 f18 f9 f14 f13 f5 f12 f11 start b16 b10 b11 b12 b11 b10 b9 b8 b9 b10 b11 b12 b13 b12 b11 b10 b16 b17 b18 b19 b20 b21 b22 b15 b22 b21 b20 b19 b18 b17 b16 start e7 e11 e10 e23 e10 e11 e7 e5 start c3 c2 c3 c8 c9 c10 c12 c11 c20 c36 c35 c32 c35 c36 c20 c17 c19 c17 c20 c36 c35 c36 c20 c21 c23 c30 c29 c28 c27 c32 c27 c29 c30 c23 c24 c7 c6 start d3 d4 d3 start a3 start c6 start h1 h11 h10 h11 h1 start g5 g2 g5 start e1 e2 e1 start a1 start h2 start e7 e11 e12 e11 e7 start f11 f12 f11 start g5 start e7 e11 e10 e23 e10 e11 e7 start h1 h11 h12 h11 h1 start e17 start h1 start e7 start c3 c8 c9 c10 c9 c8 c3 start h4 h25 h3 start
19
start d1 a5 f11 c1 c5 g10 g11 g8 g3 g4 g1 h18 h22 f18 f19 f20 a2 e21 e19 e24 a4 a3 a1 g6 g2 g5 g7 g9
c35 c27 c26 c31 c17 c23 c33
b17 b26
d3 d4 d5
g13 g13 g16 g12 g25 g21 g22
b10 b3
b22 b15 b25 b24
h12 h9 h17 h13
c9 c13 c10 c15
f15 f14
e5 e20 e25
e12 e23 e22
g15 g14 g19 g24 g20 g15 g17 g23 g18
f7 f16 f17 f15
c21 c21
h4 h26 h24
b12 b5 b4 b6
b8 b2 b1
f5 f12 f13
