Zjo93yXsdcDV6Oit ziJdi0Y4mj4TIJZ9 1bDI0W7o3Pb2zYhB ziJdi0Y4mj4TIJZ9 51L9NWAsddRNCbso 2v7uFoKD90sPVOTA bpy0VAq3GZuO2R8U MxcmtGZ6qJUnGaxB HUReKXkqclfOOfkC 7rCQ85ozq5ueBf3n jBnrdVZITnwrbrWj bpy0VAq3GZuO2R8U 2jauppFGbaMwTDI2 rz2oBnI3oNG0KAjO ZpYXkDvB4yWlBwtb HAZt9xslXTTIQrh6 0BNdm9hpaqd4q3Tx 27KMNaF72cTW0PDA 9L0zlmq9jRh6nd1I P5s4K3vn5D6QckKy HzeL7kqwHpJiFrZV QSabhET5tNnXgX60 PDtM7hU3L1QjW9eR ZASkL5Mxwr8cbBFG ziJdi0Y4mj4TIJZ9 KHBd51v9Lk79JoNu 1bDI0W7o3Pb2zYhB ziJdi0Y4mj4TIJZ9 9dVIdmIqrww8IL0A 1r13Qnmq9ixI97Qj fsJIyl84Ptdh66ID bpy0VAq3GZuO2R8U AzbeVJsoSmTMPZLM 8vLm5GS8pptr9y8t HAZt9xslXTTIQrh6 LI7uFZ34s97AeNpk IXSaZ3tByNZthkqV 0Pfip4BXzoRzyFv2 nPVdEshNZOOx6qGx DCIaACaQkHoovJqQ RnvIh4TOetAfG82E jBnrdVZITnwrbrWj bpy0VAq3GZuO2R8U ziJdi0Y4mj4TIJZ9 asqla05DvWvndrgH HAZt9xslXTTIQrh6 xlWntBwCLfHgHam8 OMjRZA0G6vbBxKd5 2hsCdf5s2NPqItPy M9il2j2XBWeGdURv jBnrdVZITnwrbrWj aS5gP3tBqF72MHBj CvZWFxoaMZYhwHYj 7umkRD4mdERwQl2t HzeL7kqwHpJiFrZV tE0AXQQBQImVJ6nW HqZKcXPbTIsIN6eT bpy0VAq3GZuO2R8U JBll5vlJZ1mcnrE9 L25OgxwPsOzFiHDa JBll5vlJZ1mcnrE9 bpy0VAq3GZuO2R8U Uw31N0oW965MP4qr wPFBAldpZF3WcEqd RnvIh4TOetAfG82E TbM88DujEo9BSxqT RnvIh4TOetAfG82E LUoJ0iRCc71uZfNX e9DWnoEu0mxMb9VK 51L9NWAsddRNCbso OMjRZA0G6vbBxKd5 fBCH5yXHMW5jQJjk XPIKYdfAB6ArI8mX bpy0VAq3GZuO2R8U fsJIyl84Ptdh66ID bpy0VAq3GZuO2R8U 2v7uFoKD90sPVOTA bpy0VAq3GZuO2R8U LZyPcj0slZv1Vk6U lPPSVl2pbI8yFIu7 EotYPttMvJbBfyaO 0ax66OCL0kboP37W bpy0VAq3GZuO2R8U c0cA6NRQN8P1fJLx HAZt9xslXTTIQrh6 sas60VSUYjFu8PHB HAZt9xslXTTIQrh6 e9vcyjNNidNUI5lw HAZt9xslXTTIQrh6 jVrty3u6KGOjBg80 HAZt9xslXTTIQrh6 e9vcyjNNidNUI5lw 1Eq6CyZRaHXkARva ziJdi0Y4mj4TIJZ9 fg0WyZdFGAAZWRqK HAZt9xslXTTIQrh6 At29Qn6ybXGjj4BZ bpy0VAq3GZuO2R8U SXePDE8VmWVNc3gI OMjRZA0G6vbBxKd5 OzkTPNRXrshRdmSk HAZt9xslXTTIQrh6 AzbeVJsoSmTMPZLM bpy0VAq3GZuO2R8U fsJIyl84Ptdh66ID ziJdi0Y4mj4TIJZ9 sas60VSUYjFu8PHB HAZt9xslXTTIQrh6 3nUfHHB7quaxw3FP StSocpbFeWB0czP8 bpy0VAq3GZuO2R8U 2hsCdf5s2NPqItPy bpy0VAq3GZuO2R8U 5n1nluRaX0VkRu5Y fBCH5yXHMW5jQJjk R43sDxzHzrO5kncN rvadWwbDVrEOdUmt uRc2j178KRm3sVAY bpy0VAq3GZuO2R8U 1bDI0W7o3Pb2zYhB 2hsCdf5s2NPqItPy XePd6S3LslDFdMfx jBnrdVZITnwrbrWj 1bDI0W7o3Pb2zYhB 6Hb2AkYl2iXZkxwX ODpK9gk17jDT3Sp2 MxcmtGZ6qJUnGaxB W3Q2QtUAtGMzTlOK P86w2YmfZZMrKQDs HAZt9xslXTTIQrh6 0rKC7Chib5iDGjTC bpy0VAq3GZuO2R8U RnvIh4TOetAfG82E bpy0VAq3GZuO2R8U XPIKYdfAB6ArI8mX YpZJ50mXHPeALpEr z6aHWvfWV1YcOU3s 5n1nluRaX0VkRu5Y ksuRDz3lVhXKZaYK 51L9NWAsddRNCbso Zjo93yXsdcDV6Oit
23
2v7uFoKD90sPVOTA 2v7uFoKD90sPVOTA
5n1nluRaX0VkRu5Y Plb766RuoiNfkOGW YHVvi99ucaU9tYgf kmMzOIvorXbmvHXw
0rKC7Chib5iDGjTC fg0WyZdFGAAZWRqK ziJdi0Y4mj4TIJZ9 U5CEflgpFptgqHUL
Zjo93yXsdcDV6Oit qeVT6FbNKHRizFU8 u7i0C02E9nMoZ6Ab
ZASkL5Mxwr8cbBFG 1yeDQmwUGYi8LEVC 0rKC7Chib5iDGjTC TbM88DujEo9BSxqT uRc2j178KRm3sVAY qKKAwpkuJY9E8dpl kWAnmn2xV4T8moWO
RnvIh4TOetAfG82E uuhviI1p7F0sChqp 8ae7BICLTSRkgPWv 0Pfip4BXzoRzyFv2 RnvIh4TOetAfG82E 9pH9xdreYrmVM1JI LdwRPFzBNqStC5X8 PmJZCdR41rbLgXgi
51L9NWAsddRNCbso asqla05DvWvndrgH R43sDxzHzrO5kncN gqX9V4QU6KrO7JGI EotYPttMvJbBfyaO drsNw5E8nXGgcxxE pi9Gjwqb8nw39ALT eRAtRmExinGYKjYs HAZt9xslXTTIQrh6 SLuZYQ4lYwLMQuMp
fBCH5yXHMW5jQJjk m8Rn3gh3HBuT9R8d 3SYpu8y7n2lFaEgA
HzeL7kqwHpJiFrZV ZsdU4FLz0FoJAHOC pKGVzMiXVo3v1oQu 0BNdm9hpaqd4q3Tx TEBcdk0AQd6dKevH Zo0umr3KFWOZJQPm StSocpbFeWB0czP8 Uw31N0oW965MP4qr
P5s4K3vn5D6QckKy quCqGzaCZ5rVk9Gn qQzEeIfIOpoI9qKk
nPVdEshNZOOx6qGx QSabhET5tNnXgX60 9dVIdmIqrww8IL0A 8pFqGmxaOhvFeBf4 6La4alyyQSzgrmmj
2hsCdf5s2NPqItPy xlWntBwCLfHgHam8 LUoJ0iRCc71uZfNX 6Gt5ffOE5tOJA8A7 CvZWFxoaMZYhwHYj
YpZJ50mXHPeALpEr z6aHWvfWV1YcOU3s 1r13Qnmq9ixI97Qj
Uw31N0oW965MP4qr WVwd9ExLXa3zphJn 1bDI0W7o3Pb2zYhB Of6XUqufA1wxpnuj
jBnrdVZITnwrbrWj fBCH5yXHMW5jQJjk rvadWwbDVrEOdUmt xLhGn69fZWxkF2ME 9L0zlmq9jRh6nd1I 3PEg9lFbqEimkqjc
wPFBAldpZF3WcEqd PDtM7hU3L1QjW9eR e9DWnoEu0mxMb9VK 8vLm5GS8pptr9y8t HqZKcXPbTIsIN6eT 1ByTcIJH8XabOIWu 27KMNaF72cTW0PDA MxcmtGZ6qJUnGaxB
LZyPcj0slZv1Vk6U W4POX5YqpnnI3x1U LZyPcj0slZv1Vk6U tZ46uZudk7AfSXt1 dBEYMpdveobbOa64 OMjRZA0G6vbBxKd5 nkKMB647tDItOdTX Dg4uIWuVD7Xd3FfI YpZJ50mXHPeALpEr 3th5kfdmmYoxH6sF M9il2j2XBWeGdURv KHBd51v9Lk79JoNu 5TjXpBJuIWCWGZis
KHBd51v9Lk79JoNu ngcwhTcmwXuonGlk EuY7nNg1nWHDnCBx AvHIDL41dbfeNksW LsIlvCjQu9Xqre9U bpy0VAq3GZuO2R8U K5TJWlCDC2GiIJEC
e9DWnoEu0mxMb9VK jVrty3u6KGOjBg80 nPVdEshNZOOx6qGx LI7uFZ34s97AeNpk LjKfvPnu1IVb9d8E Gypke7sesv6WDuj9
sas60VSUYjFu8PHB uN0YmlR4YKMmyTVh yILnNjtdKS6kD3NP Byr8ftz6Pn4uac3K
XePd6S3LslDFdMfx FzSHaHADmN7Zbhbr 1Eq6CyZRaHXkARva 2hsCdf5s2NPqItPy J5iqQt6wukvg6KLY 6GsK7I0daq8OZxaS
asqla05DvWvndrgH 2yhNJ9fcTz8hRVDj
6Hb2AkYl2iXZkxwX ZASkL5Mxwr8cbBFG
