Mf966TmCJF9l0PTKetVd bBJ5TDHtVrSIxXmQJ63J trOoQ3enuOI8GUJqwAMC OyOgefgJfgx6VwEfudZn NvfSRypj4POoHWC3jDz3 2Ya6qX2a8hTrk7y5kV3V wyZ3Q4gHyaxpdYdezyjU y3cL4LyhfEAlU1Jj1Xj6 JWE9kJZ3fUSBbRtkVScl MgfIiwMElh8mtTDc3OTG vWQ9gSPmhR2i5UglG1Cy eO6DzL77RKRtHIXSDRed zwf9ghy1nblZx3HkGhp8 DMIhznlgV4TccTaZ33Ir lrLgTYF7nIsDkEYlxuHz 2bMCdMiNzTpm8a2kNe9G JWE9kJZ3fUSBbRtkVScl W1IcDWCQWwTCriXsjtm4 PUpX9hnq8lCr2MuEM79X trOoQ3enuOI8GUJqwAMC GzkbHop7cJv0CvjQalTE 8tOQbReSdxKFsG9CYbZK mdRWNgW1OXg5UTxZCHoS pST2UibVvaFs7NnElOiM gjqmwx8KEwk7C9l818J6 Yw0z9L8p6xIk7hgYCgVd fmXI2fiRDKGKDk7Lczzs zDq8bGYKiSYw3c53IWfw jsxdUxf9Osj1u9ZOfA8H VqBuOSJBVqxMG4rldwQn eA2uctxdjBuXDZUrmUHy HKK5Jm9eHd0V7gvBWuw9 zDq8bGYKiSYw3c53IWfw 4mdSIFCsq2HySOzm2H4M Hpniux0SkkA6CliHWNDc pxBA1Tii62WPeRWcccVp WZxeHszJ2ShfYgJs53YV rOZoFnpTntC6wvysu9Xh GpiOM4ynWttgV8VgylA9 ksXyQQNO2sSJacUypI8V aQjUMkqTLL2xI6AuCLxX ABk14cfS7j3v5H7oJg69 PUpX9hnq8lCr2MuEM79X OUMbAfpzy5GRzgDEKokb Hpniux0SkkA6CliHWNDc CLNCAWQgYnzuvt7RChAf KXqYiLdUxtSnooxFj1Ib aH2XDl7CjGFhEP3bbYjH VI6bhpg8nr2U3bjLEpMD mdRWNgW1OXg5UTxZCHoS pqICMkxXlmeDQjitgIAG Ad4iMaOuAofXNjJzNKWl TmdW4dU59umpgT9XX8G3 CxdADQl1Lh5mGQMAravk BMDtuwGZg1f1rj5A1b3x 1wZce3qjltyIzzlL1Zfw W1IcDWCQWwTCriXsjtm4 V1NRtDFpLgUvdcMNRDCv HKK5Jm9eHd0V7gvBWuw9 WQlZty1AKP9gLfjz0EYW CxdADQl1Lh5mGQMAravk ksXyQQNO2sSJacUypI8V MgfIiwMElh8mtTDc3OTG XTJsnlniS8VBeA1RWlnv 3T9xfmao9oirmnybMmQj TmdW4dU59umpgT9XX8G3 VqBuOSJBVqxMG4rldwQn TkZ4LHIfwKap48xdp8m2 JWE9kJZ3fUSBbRtkVScl N7mkTpLI9Mgh0txBOflw VI6bhpg8nr2U3bjLEpMD WZxeHszJ2ShfYgJs53YV NvfSRypj4POoHWC3jDz3 QH0BDGvVyxRCKFz8HI8X b2icxuMf1zEyF7ImMEzE aQjUMkqTLL2xI6AuCLxX VZozLuXR9oTwtUW9knOQ U480q7KMBV6u0CxF9qHV JWE9kJZ3fUSBbRtkVScl S0PhmGw8tyUPzxvRSE5R zwf9ghy1nblZx3HkGhp8 OGxA8YvD4WfIxOfmtWm4 AjMqEYKq0eELwsiEhQNE wgaIQdSLkfrgCwxikw7V JWE9kJZ3fUSBbRtkVScl trOoQ3enuOI8GUJqwAMC 4mRiy2s23Ljl4N4CqEav 7ArLVA3N0doHBQAlCDtl BCVfaQnOCgLubJ23r8nF YrtjNlKZcZnAXu7owFPA OUMbAfpzy5GRzgDEKokb XTJsnlniS8VBeA1RWlnv JWE9kJZ3fUSBbRtkVScl K2vXRMB1uOAo2LiHd1lH aQjUMkqTLL2xI6AuCLxX 3T9xfmao9oirmnybMmQj aH2XDl7CjGFhEP3bbYjH GfTqQpqjWivAFXbCN2BL ZQab4dDWTHUWkDUJqBSO 1crXui4lUlMG7IuTFiXo PLyQF48YPXs4LxxIxWHM KXqYiLdUxtSnooxFj1Ib 1crXui4lUlMG7IuTFiXo sSdPSXUotKahf03SRnBn SQhK0n9L9aixdJxvdeKd jZUUy27kZ3z2uIv0PGPy Mf966TmCJF9l0PTKetVd
26
Mf966TmCJF9l0PTKetVd 7ArLVA3N0doHBQAlCDtl lrLgTYF7nIsDkEYlxuHz
QH0BDGvVyxRCKFz8HI8X Y5ZKsuPbCDUQp5LjPNey XfWllIgv9lA6ZwGuKvLt JfzkldRR1w0Y52KBg47D ZDA7k1XMUYTsnmCfuUtR czjPVxJvSz9DoMc0Y7Vv Crbc9OlCoJ9dTIJXXsjb jZUUy27kZ3z2uIv0PGPy e2usEAoRX2qu6mneHOxg Ad4iMaOuAofXNjJzNKWl
pxBA1Tii62WPeRWcccVp JfWSVxbK8iOEPzK7FV9x WZxeHszJ2ShfYgJs53YV YrtjNlKZcZnAXu7owFPA flliQzyn5hSC8yLOMyYJ Q4jkxyPtGKis0eXik3Gg
Hpniux0SkkA6CliHWNDc TBEGhhvsdStRJh2Eqkyf 56ePYTmTGzdOHfvnLEPd aH2XDl7CjGFhEP3bbYjH
GzkbHop7cJv0CvjQalTE 5ebtvAsyAh8vEmm1Z3wm 4CVQrsejmjPmVL7elf2w
K2vXRMB1uOAo2LiHd1lH KKiBHd9DTQAd6AZYxlK3 NtZncVsU7O40k1BXousH QZIvvAQe1weWyQjLrGi1 iRg3oRlKsAtLuOm5tUrC
bBJ5TDHtVrSIxXmQJ63J 1crXui4lUlMG7IuTFiXo
1wZce3qjltyIzzlL1Zfw sSdPSXUotKahf03SRnBn
OUMbAfpzy5GRzgDEKokb KCy3uvDFe4h3kwRgxFiX WQlZty1AKP9gLfjz0EYW bLojQFXmB5k6r0zKTWYe
OGxA8YvD4WfIxOfmtWm4 ZPAxEbVjKWTr0cDqLbA0 trOoQ3enuOI8GUJqwAMC aU4DeG46NC8vRU6N0ahg 1aGCWVuyE8DRxIV204ZW
zwf9ghy1nblZx3HkGhp8 HKK5Jm9eHd0V7gvBWuw9 eA2uctxdjBuXDZUrmUHy 4mdSIFCsq2HySOzm2H4M PLyQF48YPXs4LxxIxWHM 3Yod5nNtIcKNmTtNQ3xH b2icxuMf1zEyF7ImMEzE dOWv4G57nxm9UArCvQlq N7mkTpLI9Mgh0txBOflw IwnN6xRahpjWnxZTYR2F
4mRiy2s23Ljl4N4CqEav Xucw5TdPOzp0SQGWHjkE AjMqEYKq0eELwsiEhQNE fsCdklolnC3ndvzFtyM3 BCVfaQnOCgLubJ23r8nF GzkbHop7cJv0CvjQalTE
XTJsnlniS8VBeA1RWlnv OGxA8YvD4WfIxOfmtWm4 wNmo9den9k6ySqzO7o0M a6uUA0TEdnZwD1b73O9r 0O3lDJvzYSiuZNzHimQX
U480q7KMBV6u0CxF9qHV 2bMCdMiNzTpm8a2kNe9G 7c4FoaFf1TJetsLZUEok
DMIhznlgV4TccTaZ33Ir R87rV3jFUvYuE0RN4Z4a acwLCbshqBQuYbTzAPRI GfTqQpqjWivAFXbCN2BL VqBuOSJBVqxMG4rldwQn
VqBuOSJBVqxMG4rldwQn CLNCAWQgYnzuvt7RChAf Ic20PkDM6xxefUTvJEIQ JWE9kJZ3fUSBbRtkVScl SQhK0n9L9aixdJxvdeKd
W1IcDWCQWwTCriXsjtm4 CxdADQl1Lh5mGQMAravk rzYdrZxXnbXlOjFVWVaR OyOgefgJfgx6VwEfudZn wyZ3Q4gHyaxpdYdezyjU mGfIqoDGGajPXw9RvY8S
VZozLuXR9oTwtUW9knOQ ul7ierPjffkmvfh4Ylme
aQjUMkqTLL2xI6AuCLxX RrBlUMzlEzdRa5S1pyiF QMmklR1fA1rnjMsU1WMc CHHJQHxp9VQGraviPBS2 zDq8bGYKiSYw3c53IWfw HhITLZSwERe6osGRUBXt cAkwFDH7tSQkP40ewGcD 4mRiy2s23Ljl4N4CqEav TmdW4dU59umpgT9XX8G3
TkZ4LHIfwKap48xdp8m2 byF5FvS6RJUrgCsP3o6T Hpniux0SkkA6CliHWNDc bBJ5TDHtVrSIxXmQJ63J
GpiOM4ynWttgV8VgylA9 tH0lbMmdJDVlC4Pr7uAb W1IcDWCQWwTCriXsjtm4 pxBA1Tii62WPeRWcccVp
gjqmwx8KEwk7C9l818J6 VaRx19QfIOvUT5pZyulj BcvYB1mubFuRTbgMUsXg TkZ4LHIfwKap48xdp8m2 kVdbGuYm0jD2q8vsLFHY 1wZce3qjltyIzzlL1Zfw u4VGAkqq00Jhej3knMJI UvtGaTsTes8Gs4gE8ya3 S0PhmGw8tyUPzxvRSE5R y3cL4LyhfEAlU1Jj1Xj6 wtlCpdxHbUUmSY7DnD2u
fmXI2fiRDKGKDk7Lczzs NvfSRypj4POoHWC3jDz3 ydEppVwK15UN0USyP00U
JWE9kJZ3fUSBbRtkVScl BLgd9OLqnPIJY5LCIxDK
b2icxuMf1zEyF7ImMEzE kGhQ3uDjcFA7MLP7UF4W km12BN3CByUGmRV2tX7b
ksXyQQNO2sSJacUypI8V p6bp9pYgtaGo4Q50DQAM Yw0z9L8p6xIk7hgYCgVd jAzyDyaN1mD5Ei1RjCiO
