L0 L53 L129 L10 L11 L126 L34 L9 L22 L192 L18 L180 L48 L49 L159 L20 L87 L32 L66 L102 L93 L120 L173 L78 L30 L107 L106 L45 L46 L131 L113 L124 L20 L39 L135 L28 L160 L28 L14 L28 L160 L53 L77 L60 L88 L56 L3 L142 L67 L35 L132 L35 L34 L9 L8 L11 L183 L60 L187 L66 L67 L6 L181 L57 L128 L22 L169 L74 L167 L97 L6 L98 L14 L48 L19 L126 L11 L170 L54 L127 L17 L89 L4 L12 L8 L182 L175 L189 L45 L140 L8 L173 L86 L87 L93 L171 L138 L51 L97 L5 L39 L38 L97 L29 L75 L3 L4 L3 L95 L173 L3 L158 L65 L180 L23 L19 L156 L130 L143 L131 L20 L141 L20 L71 L177 L176 L0 L164 L9 L8 L62 L29 L75 L6 L77 L6 L98 L71 L177 L86 L124 L75 L178 L136 L69 L109 L140 L38 L162 L48 L180 L25 L123 L104 L114 L54 L50 L12 L110 L39 L30 L160 L30 L71 L10 L31 L102 L190 L166 L129 L19 L57 L104 L30 L31 L0 L27 L13 L6 L101 L127 L17 L16 L15 L94 L93 L160 L30 L0
26
L51 L107 L144
L93 L23
L0 L175 L142 L94 L58 L98 L20 L165 L41 L118 L39 L164
L71 L135 L127 L96
L77 L31 L61 L73 L10 L30 L80
L14 L116 L95 L152 L176
L124 L49
L98 L59 L81 L145
L183 L163 L157
L170 L38 L141 L138 L1
L173 L188 L65 L178 L75 L69 L109 L77 L123 L177 L194 L82 L102 L26 L68 L3 L153
L23 L8 L54 L84 L110
L9 L33 L125 L160
L48 L197
L182 L24 L104
L29 L60 L52 L27 L29 L46 L47 L12 L55 L147
L169 L50 L2
L127 L112 L64 L53 L106 L192
L95 L119
L87 L57
L49 L13 L14 L196 L121 L97 L62
L5 L130 L18
L132 L113 L168 L146
L25 L48 L199 L132
L176 L143 L139
L16 L149 L74 L7
