loc0 loc74 loc129 loc153 loc39 loc49 loc156 loc0 loc28 loc133 loc34 loc6 loc21 loc78 loc132 loc12 loc94 loc17 loc99 loc16 loc28 loc119 loc55 loc182 loc129 loc172 loc6 loc39 loc117 loc91 loc2 loc128 loc91 loc105 loc38 loc134 loc122 loc136 loc115 loc118 loc134 loc84 loc65 loc91 loc96 loc80 loc85 loc99 loc153 loc42 loc110 loc184 loc6 loc42 loc146 loc121 loc170 loc164 loc147 loc3 loc172 loc152 loc104 loc122 loc115 loc173 loc180 loc173 loc147 loc101 loc171 loc195 loc150 loc8 loc27 loc150 loc85 loc66 loc98 loc74 loc4 loc63 loc18 loc193 loc154 loc151 loc193 loc14 loc18 loc199 loc74 loc161 loc31 loc103 loc13 loc36 loc159 loc61 loc82 loc81 loc12 loc0
22
loc98 loc196
loc199 loc167
loc16 loc135 loc80 loc195 loc33 loc64 loc18 loc124 loc61 loc46 loc78 loc198 loc116 loc111 loc85 loc74 loc93 loc160
loc80 loc123 loc86 loc188 loc142 loc71
loc94 loc23 loc32 loc174 loc53
loc154 loc25 loc138
loc18 loc168 loc22 loc48
loc4 loc158 loc191 loc161
loc173 loc8 loc109 loc41 loc77 loc117 loc15 loc42 loc120 loc88
loc14 loc126 loc96
loc161 loc112 loc173 loc102 loc149 loc30 loc144 loc145 loc192 loc17 loc165 loc63
loc122 loc189 loc38
loc128 loc108
loc55 loc60 loc49 loc119 loc56
loc78 loc89 loc7 loc73 loc81 loc137 loc180 loc141 loc199 loc127 loc176 loc54
loc2 loc183
loc146 loc29 loc70 loc184 loc164 loc134
loc13 loc152 loc57
loc3 loc10
loc132 loc39 loc150
loc36 loc14 loc26 loc181
loc180 loc45 loc157 loc92 loc105 loc104 loc177 loc153 loc11 loc101 loc95
