55 175 190 119 190 3 10 169 115 2 155 9 4 10 131 43 1 136 40 63 37 4 126 144 151 41 4 83 2 63 2 145 4 134 54 2 64 77 4 36 101 131 70 120 170 1 20 65 23 170 2 54 68 103 1 154 2 81 88 1 129 144 142 52 2 97 40 89 116 86 2 170 1 88 1 94 1 108 166 69 74 127 88 50 42 41 95 4 92 101 179 77 4 72 137 87 136 167 122 7 133 86 93 5 135 2 6 18 1 76 61 183 142 15 122 37 53 1 72 122 2 120 44 3 55
18
55 109 148 85 118
120 158 171 150 133 134 49 77 149 113 9 146 48 172 62
53 54
10 116 26 185
37 177 189
190 29 17
36 41 106 137 45 101 163 43
170 30 59 58 57 56 91
41 78 16 114 11
23 67 173 152 111 168 182 140 80 181 105
54 175 86 36 8 83 88 81 71
133 107 40
88 159 63 162 131 115 42 184 186 126
175 20 166 74 179 97 15
61 27 119 188
122 61
40 153 135
18 151 13 76 33 122 12 90 160 170 53 66 32
