x182 x2 x42 x2 x76 x2 x93 x5 x21 x25 x2 x139 x2 x170 x105 x14 x2 x32 x12 x2 x172 x2 x96 x2 x10 x112 x2 x27 x179 x2 x197 x5 x4 x1 x99 x2 x124 x2 x120 x194 x161 x52 x4 x190 x15 x115 x9 x37 x38 x2 x164 x3 x5 x78 x101 x2 x117 x2 x97 x2 x120 x2 x150 x2 x14 x120 x132 x174 x2 x139 x2 x25 x13 x1 x17 x101 x33 x1 x13 x75 x26 x30 x6 x0 x166 x0 x14 x2 x154 x1 x79 x1 x138 x110 x2 x97 x10 x0 x155 x2 x85 x168 x2 x179 x2 x137 x36 x2 x113 x1 x181 x100 x2 x186 x113 x2 x147 x13 x75 x97 x7 x6 x24 x102 x55 x180 x136 x2 x117 x2 x167 x2 x74 x15 x2 x117 x2 x135 x139 x81 x176 x2 x63 x2 x158 x114 x5 x75 x5 x130 x164 x16 x2 x97 x2 x188 x2 x167 x2 x88 x108 x1 x118 x2 x182
22
x182 x182 x99 x82
x99 x43 x48
x75 x114 x104 x72 x156 x14 x185
x132 x21 x8
x27 x194 x125 x153 x198 x64 x161 x84
x150 x151 x10 x6 x15 x49 x143 x98 x69 x102
x179 x179 x59 x3 x7 x138 x147 x88
x161 x11 x17 x74 x189 x136
x100 x118 x113
x5 x19 x50
x137 x4 x55 x163
x16 x26
x180 x86 x45
x1 x155 x77 x177 x127
x135 x2 x87 x53
x97 x109 x159 x116 x139 x172 x146 x32 x25 x164 x184 x133 x107 x27
x155 x23 x92 x119 x106 x20 x18 x66
x12 x192 x166 x95 x42
x139 x76 x56 x83 x58 x30
x10 x94 x137 x141 x128 x61
x118 x71 x80 x31
x14 x183 x186 x79 x46 x100
