Shoreburn Westvale Fairice Redwell Erilyn Blackbush Dellwyn Northriver Bluedell Mallowway Greyice Snowsage Wellbank Seamoor Stonefair Fogland Butterbush Morwall Icenesse Rosemill Deephedge Clearland Wildemarsh Silverwitch Mallowbridge Ironriver Courtcastle Eastcastle Woodice Westmill Morwald Bluewyn Westerlight Stoneglass Brightrock Highmont Southwheat Verthedge Mistshore Butterway Esterash Northwynne Eriwall Goldwyvern Buttermead Courtedge Rosegate Esterfall Newby Orbarrow Windbridge Oldmoor Wooddell Courtwall Flowerfield Wolflea Newley Lochmage Flowermill Freymere Freyview Lightmere Goldcrest Wellmage Bushgate Greenshore Brightmere Violetley Corbank Mallowness Bluelake Redlake Irondeer Summermage Silverbarrow Greensummer Oakmere Janholt Valhaven Ironshore Foxvale Snowshore Bluedale Springfox Starryhill Ostwynne Fieldedge Coldville Newmill Silverlea Fairsage Strongfall Butterhill Orfort Southpine Violetfay Applecastle Marbleiron Foxhaven Clearnesse Shoreburn
100
Marbleiron Marbleiron
Courtcastle Courtcastle
Ironriver Ironriver
Courtwall Courtwall
Morwald Morwald
Clearnesse Clearnesse
Valhaven Valhaven
Buttermead Buttermead
Violetley Violetley
Westvale Westvale
Woodice Woodice
Esterfall Esterfall
Eriwall Eriwall
Goldwyvern Goldwyvern
Newby Newby
Foxvale Foxvale
Morwall Morwall
Oakmere Oakmere
Foxhaven Foxhaven
Freyview Freyview
Ironshore Ironshore
Oldmoor Oldmoor
Dellwyn Dellwyn
Butterbush Butterbush
Corbank Corbank
Esterash Esterash
Stonefair Stonefair
Westerlight Westerlight
Clearland Clearland
Bushgate Bushgate
Brightmere Brightmere
Stoneglass Stoneglass
Wildemarsh Wildemarsh
Wellmage Wellmage
Snowshore Snowshore
Irondeer Irondeer
Lightmere Lightmere
Southwheat Southwheat
Westmill Westmill
Lochmage Lochmage
Shoreburn Shoreburn
Erilyn Erilyn
Eastcastle Eastcastle
Rosemill Rosemill
Wolflea Wolflea
Greenshore Greenshore
Bluedell Bluedell
Newley Newley
Fairsage Fairsage
Greyice Greyice
Greensummer Greensummer
Southpine Southpine
Ostwynne Ostwynne
Violetfay Violetfay
Northwynne Northwynne
Redlake Redlake
Butterway Butterway
Brightrock Brightrock
Fogland Fogland
Silverwitch Silverwitch
Butterhill Butterhill
Deephedge Deephedge
Flowerfield Flowerfield
Coldville Coldville
Mallowbridge Mallowbridge
Blackbush Blackbush
Bluewyn Bluewyn
Silverbarrow Silverbarrow
Rosegate Rosegate
Freymere Freymere
Newmill Newmill
Icenesse Icenesse
Mallowness Mallowness
Fieldedge Fieldedge
Verthedge Verthedge
Highmont Highmont
Mistshore Mistshore
Applecastle Applecastle
Bluedale Bluedale
Orbarrow Orbarrow
Strongfall Strongfall
Silverlea Silverlea
Mallowway Mallowway
Flowermill Flowermill
Seamoor Seamoor
Northriver Northriver
Starryhill Starryhill
Wooddell Wooddell
Wellbank Wellbank
Janholt Janholt
Bluelake Bluelake
Orfort Orfort
Redwell Redwell
Springfox Springfox
Summermage Summermage
Goldcrest Goldcrest
Courtedge Courtedge
Fairice Fairice
Snowsage Snowsage
Windbridge Windbridge
