Brightmere Westvale Violetley Wolflea Bushgate Southwheat Wellmage Corbank Goldwyvern Courtwall Shoreburn Fairsage Courtcastle Rosemill Oakmere Irondeer Butterbush Bluedell Clearland Erilyn Stoneglass Eriwall Greyice Valhaven Westerlight Morwald Woodice Eastcastle Greenshore Westmill Snowshore Newby Esterfall Lightmere Dellwyn Foxhaven Buttermead Foxvale Morwall Oldmoor Esterash Stonefair Lochmage Marbleiron Wildemarsh Clearnesse Ironshore Ironriver Newley Freyview Brightmere
50
Marbleiron Marbleiron
Courtcastle Courtcastle
Ironriver Ironriver
Courtwall Courtwall
Morwald Morwald
Clearnesse Clearnesse
Valhaven Valhaven
Buttermead Buttermead
Violetley Violetley
Westvale Westvale
Woodice Woodice
Esterfall Esterfall
Eriwall Eriwall
Goldwyvern Goldwyvern
Newby Newby
Foxvale Foxvale
Morwall Morwall
Oakmere Oakmere
Foxhaven Foxhaven
Freyview Freyview
Ironshore Ironshore
Oldmoor Oldmoor
Dellwyn Dellwyn
Butterbush Butterbush
Corbank Corbank
Esterash Esterash
Stonefair Stonefair
Westerlight Westerlight
Clearland Clearland
Bushgate Bushgate
Brightmere Brightmere
Stoneglass Stoneglass
Wildemarsh Wildemarsh
Wellmage Wellmage
Snowshore Snowshore
Irondeer Irondeer
Lightmere Lightmere
Southwheat Southwheat
Westmill Westmill
Lochmage Lochmage
Shoreburn Shoreburn
Erilyn Erilyn
Eastcastle Eastcastle
Rosemill Rosemill
Wolflea Wolflea
Greenshore Greenshore
Bluedell Bluedell
Newley Newley
Fairsage Fairsage
Greyice Greyice
