Clearnesse Ironriver Corbank Woodice Eriwall Dellwyn Oakmere Esterfall Oldmoor Morwall Westvale Courtcastle Valhaven Newby Butterbush Goldwyvern Buttermead Violetley Foxhaven Courtwall Morwald Foxvale Marbleiron Freyview Ironshore Clearnesse
25
Marbleiron Marbleiron
Courtcastle Courtcastle
Ironriver Ironriver
Courtwall Courtwall
Morwald Morwald
Clearnesse Clearnesse
Valhaven Valhaven
Buttermead Buttermead
Violetley Violetley
Westvale Westvale
Woodice Woodice
Esterfall Esterfall
Eriwall Eriwall
Goldwyvern Goldwyvern
Newby Newby
Foxvale Foxvale
Morwall Morwall
Oakmere Oakmere
Foxhaven Foxhaven
Freyview Freyview
Ironshore Ironshore
Oldmoor Oldmoor
Dellwyn Dellwyn
Butterbush Butterbush
Corbank Corbank
