129 15 153 148 101 21 67 92 43 121 92 179 76 63 36 107 82 107 36 108 44 70 44 133 106 133 13 118 5 139 5 78 33 184 98 48 181 32 187 83 146 88 31 109 184 85 133 102 18 119 163 73 136 73 161 46 2 55 2 4 25 84 7 96 118 166 118 45 94 139 19 7 167 130 167 58 152 91 152 90 25 141 196 154 110 92 9 31 169 31 60 190 8 157 110 10 118 13 133 13 118 5 28 5 197 115 39 34 109 34 48 11 16 25 4 157 41 97 41 157 4 12 112 61 100 6 66 20 1 34 48 99 145 172 145 52 101 21 151 21 72 79 112 61 31 60 132 175 127 175 192 103 174 195 136 73 161 32 118 10 22 29 44 108 160 74 36 47 178 106 133 13 92 71 64 71 92 124 27 94 53 193 154 196 37 65 75 46 25 90 3 40 3 90 71 34 109 31 61 31 60 142 99 170 58 152 18 84 162 49 76 97 29 129
66
1 1
130 130
4 4
133 133
7 7
136 136
10 10
139 139
13 13
142 142
16 16
145 145
19 19
148 148
22 22
151 151
25 25
154 154
28 28
157 157
31 31
160 160
34 34
163 163
37 37
166 166
40 40
169 169
43 43
172 172
46 46
175 175
49 49
178 178
52 52
181 181
55 55
184 184
58 58
187 187
61 61
190 190
64 64
193 193
67 67
196 196
70 70
73 73
76 76
79 79
82 82
85 85
88 88
91 91
94 94
97 97
100 100
103 103
106 106
109 109
112 112
115 115
118 118
121 121
124 124
127 127
