FacultyClub Cheit Wheeler EarthquakeLibrary Durham PacificFilmArchive Warren SutardjaDai StudentUnion EarthLibrary Spieker Mulford ArtHistoryLibrary BancroftDance LawrenceofScience NewspapersLibrary EnergyBuilding SutardjaDai InternationalHouse HearstGym Unit3 Manville Jacobs Pimentel BrainImagingCenter Etcheverry FacultyClub CITRIS SpringerGateway DonnerLaboratory MediaCenter BioscienceLibrary Hilgard AnthropologyLibrary Sproul CareerCenter Stephens AndersenAuditorium Morrison StowPlaza Birge FPF MelvinLaboratory Koshland OBrien OptometryLibrary Library SproulPlaza UniversityHouse MartinezCommons Investigative IRLE FacultyClub
50
FacultyClub FacultyClub
BioscienceLibrary BioscienceLibrary
SutardjaDai SutardjaDai
Etcheverry Etcheverry
SproulPlaza SproulPlaza
Hilgard Hilgard
StudentUnion StudentUnion
EarthquakeLibrary EarthquakeLibrary
UniversityHouse UniversityHouse
LawrenceofScience LawrenceofScience
Pimentel Pimentel
Mulford Mulford
CareerCenter CareerCenter
HearstGym HearstGym
Durham Durham
OBrien OBrien
Library Library
Spieker Spieker
FPF FPF
PacificFilmArchive PacificFilmArchive
BrainImagingCenter BrainImagingCenter
Morrison Morrison
Wheeler Wheeler
Cheit Cheit
Manville Manville
Koshland Koshland
Jacobs Jacobs
Investigative Investigative
EarthLibrary EarthLibrary
EnergyBuilding EnergyBuilding
MediaCenter MediaCenter
StowPlaza StowPlaza
MartinezCommons MartinezCommons
MelvinLaboratory MelvinLaboratory
BancroftDance BancroftDance
AndersenAuditorium AndersenAuditorium
Unit3 Unit3
AnthropologyLibrary AnthropologyLibrary
Stephens Stephens
InternationalHouse InternationalHouse
OptometryLibrary OptometryLibrary
IRLE IRLE
SpringerGateway SpringerGateway
DonnerLaboratory DonnerLaboratory
ArtHistoryLibrary ArtHistoryLibrary
Sproul Sproul
Birge Birge
CITRIS CITRIS
NewspapersLibrary NewspapersLibrary
Warren Warren
