FacultyClub Etcheverry OBrien Library HearstGym CareerCenter BioscienceLibrary Pimentel Manville Hilgard Cheit SproulPlaza Wheeler Durham SutardjaDai UniversityHouse FPF EarthquakeLibrary Spieker FacultyClub Mulford Morrison StudentUnion BrainImagingCenter PacificFilmArchive LawrenceofScience FacultyClub
25
FacultyClub FacultyClub
BioscienceLibrary BioscienceLibrary
SutardjaDai SutardjaDai
Etcheverry Etcheverry
SproulPlaza SproulPlaza
Hilgard Hilgard
StudentUnion StudentUnion
EarthquakeLibrary EarthquakeLibrary
UniversityHouse UniversityHouse
LawrenceofScience LawrenceofScience
Pimentel Pimentel
Mulford Mulford
CareerCenter CareerCenter
HearstGym HearstGym
Durham Durham
OBrien OBrien
Library Library
Spieker Spieker
FPF FPF
PacificFilmArchive PacificFilmArchive
BrainImagingCenter BrainImagingCenter
Morrison Morrison
Wheeler Wheeler
Cheit Cheit
Manville Manville
