1 26 4 56 84 100 58 161 19 161 69 161 38 61 2 89 48 141 115 97 10 4 177 17 50 17 177 9 61 2 32 79 13 8 90 8 13 46 166 45 127 31 159 101 167 83 28 84 56 131 15 1 81 4 25 77 25 16 12 64 12 16 21 68 69 30 5 13 66 70 80 20 79 76 79 55 3 121 35 57 60 26 82 11 94 120 51 12 51 54 65 75 65 155 18 176 96 87 47 6 53 55 178 71 39 93 61 104 73 104 165 78 67 41 72 147 85 33 29 86 160 52 82 28 84 100 92 62 103 51 36 2 61 44 88 34 88 149 74 99 8 90 27 87 107 23 104 91 65 54 10 97 24 98 140 33 59 44 40 151 95 42 95 53 55 24 37 60 157 49 14 22 63 22 66 43 66 31 7 1
100
2 2
3 3
4 4
5 5
6 6
7 7
8 8
9 9
10 10
11 11
12 12
13 13
14 14
15 15
16 16
17 17
18 18
19 19
20 20
21 21
22 22
23 23
24 24
25 25
26 26
27 27
28 28
29 29
30 30
31 31
32 32
33 33
34 34
35 35
36 36
37 37
38 38
39 39
40 40
41 41
42 42
43 43
44 44
45 45
46 46
47 47
48 48
49 49
50 50
51 51
52 52
53 53
54 54
55 55
56 56
57 57
58 58
59 59
60 60
61 61
62 62
63 63
64 64
65 65
66 66
67 67
68 68
69 69
70 70
71 71
72 72
73 73
74 74
75 75
76 76
77 77
78 78
79 79
80 80
81 81
82 82
83 83
84 84
85 85
86 86
87 87
88 88
89 89
90 90
91 91
92 92
93 93
94 94
95 95
96 96
97 97
98 98
99 99
100 100
101 101
