159 5 102 158 99 158 92 189 32 98 65 26 65 98 32 164 6 197 114 92 189 59 100 199 100 181 23 149 4 44 107 134 107 189 92 116 92 158 74 129 15 71 139 100 181 100 59 189 117 7 117 189 107 134 120 134 107 189 59 189 32 98 65 51 65 98 32 164 81 156 56 96 162 191 162 96 56 93 153 193 180 122 180 193 8 167 8 189 32 141 36 141 32 79 170 158 74 129 15 167 8 178 8 193 24 20 104 25 138 69 155 69 171 133 173 152 172 126 97 14 56 156 64 177 111 177 5 102 123 102 5 33 75 37 46 200 10 171 69 138 25 45 72 7 117 124 31 156 56 93 154 93 56 14 140 77 159 164 20 87 20 104 11 104 20 41 129 86 129 74 158 92 114 35 114 175 13 63 121 166 27 173 152 172 152 19 137 85 137 101 25 45 25 101 137 127 142 46 192 130 107 44 60 44 107 189 32 164 20 41 148 41 20 164 159 22 95 57 79 32 98 65 165 65 93 154 2 154 93 56 156 81 28 81 164 159 109 180 109 159 77 190 77 75 37 75 108 38 108 75 77 140 14 97 14 140 149 23 194 21 194 23 181 100 139 100 33 5 177 174 177 111 34 111 177 64 156 81 138 25 101 137 127 61 127 109 159 5 177 111 128 111 177 5 159 164 43 164 32 141 161 100 33 5 102 82 102 5 153 193 24 193 53 137 76 137 101 132 101 137 19 152 173 27 145 27 166 121 63 13 106 13 175 29 88 160 79 170 158 102 5 33 75 37 46 142 127 137 76 149 140 14 56 93 153 182 47 148 41 129 74 185 74 129 142 141 36 17 133 17 161 100 59 147 40 147 157 147 59 189 117 48 141 36 66 10 200 46 90 168 53 168 187 29 175 13 63 57 79 170 158 74 129 15 71 136 195 118 160 79 3 79 57 63 13 63 121 166 27 169 27 166 121 63 57 64 156 52 6 164 159 77 159 109 127 146 127 109 159
100
2 2
3 3
4 4
6 6
7 7
10 10
11 11
13 13
14 14
15 15
17 17
21 21
22 22
24 24
26 26
28 28
31 31
32 32
34 34
35 35
36 36
37 37
38 38
40 40
41 41
43 43
45 45
46 46
47 47
48 48
51 51
52 52
53 53
59 59
60 60
61 61
63 63
64 64
65 65
71 71
72 72
74 74
76 76
77 77
79 79
82 82
85 85
86 86
87 87
88 88
93 93
96 96
97 97
98 98
99 99
100 100
101 101
102 102
106 106
107 107
109 109
111 111
114 114
116 116
120 120
121 121
122 122
123 123
126 126
128 128
132 132
133 133
134 134
137 137
138 138
139 139
140 140
145 145
146 146
148 148
154 154
155 155
156 156
157 157
158 158
165 165
167 167
169 169
172 172
174 174
178 178
180 180
181 181
185 185
190 190
191 191
192 192
193 193
199 199
200 200
