129 0 130 36 4 62 1 44 0 9 114 0 21 108 11 0 142 0 4 81 158 0 97 123 0 87 5 188 0 189 0 150 121 3 48 1 63 1 125 192 0 84 0 13 56 2 23 105 0 29 0 178 16 26 0 109 7 59 85 6 0 128 14 55 61 2 49 4 197 65 177 0 191 0 91 0 53 183 157 110 0 15 145 0 17 0 160 171 8 155 2 33 3 152 4 95 156 25 66 0 151 122 0 107 0 101 1 100 2 175 0 57 58 0 40 137 92 103 4 184 0 180 2 99 196 4 194 4 51 195 2 126 39 82 0 64 7 76 96 190 0 163 0 98 89 2 50 161 6 88 2 174 1 129
100
0 0
2 2
4 4
5 5
6 6
8 8
9 9
11 11
13 13
14 14
15 15
16 16
17 17
21 21
23 23
25 25
26 26
29 29
33 33
36 36
39 39
40 40
44 44
48 48
49 49
50 50
51 51
53 53
55 55
56 56
57 57
58 58
59 59
61 61
62 62
63 63
64 64
65 65
66 66
76 76
81 81
82 82
84 84
85 85
87 87
88 88
89 89
91 91
92 92
95 95
96 96
97 97
98 98
99 99
100 100
101 101
103 103
105 105
107 107
108 108
109 109
110 110
114 114
121 121
122 122
123 123
125 125
126 126
128 128
130 130
137 137
142 142
145 145
150 150
151 151
152 152
155 155
156 156
157 157
158 158
160 160
161 161
163 163
171 171
174 174
175 175
177 177
178 178
180 180
183 183
184 184
188 188
189 189
190 190
191 191
192 192
194 194
195 195
196 196
197 197
