0 140 53 57 1 57 53 140 0 86 0 90 113 166 124 35 155 68 155 35 124 92 105 173 88 198 103 20 53 102 172 54 108 112 0 59 0 112 50 9 107 22 46 22 107 9 107 22 46 158 2 78 2 36 56 174 29 174 81 107 22 46 41 46 22 107 55 101 126 60 126 101 171 121 11 75 85 185 61 14 61 65 3 12 139 16 57 18 42 10 122 21 17 33 2 101 55 63 24 173 105 92 17 13 17 33 7 149 82 127 48 42 18 198 103 89 26 108 54 172 74 33 72 83 72 33 7 105 51 42 145 95 145 42 51 6 51 47 51 105 92 17 92 124 93 38 93 124 166 113 90 0 137 37 137 0 112 96 73 99 32 25 32 99 73 153 66 153 12 3 65 2 36 56 174 114 129 184 69 184 35 124 166 113 90 79 138 89 103 30 51 105 19 105 7 76 34 125 110 47 107 9 80 9 64 141 105 7 105 141 64 162 136 85 136 142 107 22 109 5 109 31 141 60 140 0 123 15 123 0 112 108 54 24 84 97 84 87 85 75 85 68 102 143 32 99 82 149 84 149 8 128 45 128 53 140 0 43 0 62 0 112 108 54 98 54 108 26 89 23 89 103 198 6 58 68 102 172 74 33 2 65 3 12 153 73 96 112 191 71 67 8 128 53 102 65 3 12 139 77 125 87 84 149 7 33 72 28 72 33 2 101 171 4 171 121 153 167 149 8 149 84 185 61 70 61 65 2 158 40 49 40 158 2 65 102 143 154 199 39 199 154 143 32 99 73 96 150 29 14 61 65 102 53 140 0 137 52 137 0 188 171 101 2 65 102 53 128 71 67 8 149 7 33 17 21 122 10 42 51 96 112 0 90 113 166 124 35 100 134 44 134 100 40 158 2 36 2 33 7 105 51 42 48 127 124 93 174 81 107 9 50 112 191 71 148 94 148 71 128 53 57 16 139 77 118 102 65 2 33 72 33 74 172 54 108 26 89 103 198 18 82 149 167 175 91 175 167 153 121 49 40 158 109 31 109 158 2 27 135 143 140 0
100
0 0
1 1
2 2
3 3
4 4
5 5
6 6
7 7
8 8
9 9
10 10
11 11
12 12
13 13
14 14
15 15
16 16
17 17
18 18
19 19
20 20
21 21
22 22
23 23
24 24
25 25
26 26
27 27
28 28
29 29
30 30
31 31
32 32
33 33
34 34
35 35
36 36
37 37
38 38
39 39
40 40
41 41
42 42
43 43
44 44
45 45
46 46
47 47
48 48
49 49
50 50
51 51
52 52
53 53
54 54
55 55
56 56
57 57
58 58
59 59
60 60
61 61
62 62
63 63
64 64
65 65
66 66
67 67
68 68
69 69
70 70
71 71
72 72
73 73
74 74
75 75
76 76
77 77
78 78
79 79
80 80
81 81
82 82
83 83
84 84
85 85
86 86
87 87
88 88
89 89
90 90
91 91
92 92
93 93
94 94
95 95
96 96
97 97
98 98
99 99
