69 115 131 101 2 56 25 191 33 121 5 192 132 1 160 150 2 9 90 16 148 14 99 110 190 3 58 185 133 50 1 171 198 113 8 11 146 1 104 97 112 147 165 1 118 1 158 0 87 53 194 149 59 128 46 64 1 31 1 30 52 37 134 4 44 82 3 186 119 24 83 26 117 27 135 100 77 163 197 0 195 51 0 188 0 193 0 162 166 6 106 63 72 71 3 74 80 81 36 127 69
80
128 128
1 1
2 2
131 131
132 132
5 5
133 133
135 135
134 134
11 11
14 14
16 16
146 146
147 147
148 148
149 149
150 150
24 24
25 25
26 26
27 27
30 30
31 31
160 160
33 33
158 158
163 163
36 36
165 165
166 166
37 37
162 162
171 171
44 44
46 46
50 50
51 51
52 52
53 53
56 56
185 185
186 186
58 58
188 188
59 59
190 190
63 63
191 191
193 193
194 194
192 192
64 64
197 197
198 198
71 71
72 72
195 195
74 74
77 77
80 80
81 81
82 82
83 83
87 87
90 90
97 97
99 99
100 100
101 101
104 104
106 106
110 110
112 112
113 113
115 115
117 117
118 118
119 119
121 121
127 127
