73 96 38 8 38 96 15 48 13 40 16 85 16 40 13 48 32 1 50 78 50 1 77 14 77 1 19 95 79 15 96 38 88 100 60 75 46 99 62 65 92 33 11 64 93 64 90 25 99 46 99 25 90 68 1 32 48 13 47 86 31 66 31 71 9 98 21 98 45 5 1 19 1 5 38 96 38 88 22 29 84 7 4 74 49 75 60 100 60 46 99 25 74 58 34 78 91 81 84 29 83 55 5 1 50 71 31 86 37 76 18 19 1 77 1 50 53 94 53 50 71 9 57 9 98 45 88 27 83 29 86 37 76 18 76 37 86 29 22 88 38 5 1 5 45 10 45 5 55 34 12 62 99 25 90 25 58 34 78 91 28 7 4 74 49 44 57 9 98 6 29 86 37 76 18 33 82 33 11 33 48 15 96 73
50
1 1
5 5
8 8
9 9
10 10
11 11
12 12
13 13
14 14
15 15
18 18
19 19
21 21
22 22
25 25
27 27
29 29
33 33
34 34
44 44
46 46
48 48
49 49
50 50
53 53
57 57
65 65
66 66
68 68
71 71
74 74
75 75
76 76
77 77
78 78
79 79
81 81
82 82
83 83
84 84
85 85
86 86
90 90
91 91
93 93
94 94
96 96
98 98
99 99
100 100
