74 123 8 141 61 116 120 198 113 150 92 196 133 54 146 122 66 63 139 161 11 42 34 9 30 132 48 71 35 60 59 14 166 76 21 31 21 76 33 83 78 136 184 96 20 94 34 193 26 9 16 140 16 152 47 127 32 39 14 118 14 6 121 111 121 6 82 7 80 7 130 7 34 18 1 47 25 183 108 183 25 47 64 90 64 73 125 103 125 50 159 107 112 134 86 128 86 57 63 115 148 105 148 15 193 26 81 123 8 65 102 50 66 122 184 122 70 60 35 12 35 60 35 188 75 185 44 185 57 195 99 29 4 193 51 193 34 94 163 94 34 9 63 100 63 9 34 94 34 7 80 125 73 146 8 42 34 138 116 125 98 102 50 66 173 100 97 100 198 143 171 136 184 32 27 32 130 28 155 28 14 166 131 200 101 65 8 115 8 65 91 65 102 199 109 154 184 136 171 165 64 47 127 114 112 76 112 134 86 146 54 146 73 125 157 125 73 152 16 9 34 151 135 56 76 154 18 161 20 181 95 147 34 7 82 72 100 29 4 75 142 28 58 28 1 47 152 47 1 28 155 190 155 28 142 176 178 176 30 9 63 174 63 66 25 23 68 30 176 179 176 142 28 113 198 143 122 70 43 158 43 70 122 146 86 134 92 150 56 177 52 34 94 20 94 126 166 14 28 1 77 1 13 192 13 45 146 73 64 17 150 56 76 61 76 21 31 86 31 21 120 198 113 88 113 198 47 64 24 167 24 57 86 146 45 146 8 22 129 22 8 49 124 184 136 78 83 125 98 53 131 166 76 89 6 82 72 100 73 100 63 170 172 5 48 64 17 150 39 14 6 82 109 123 74
100
4 4
5 5
11 11
12 12
14 14
16 16
17 17
18 18
20 20
23 23
27 27
31 31
32 32
39 39
42 42
44 44
45 45
47 47
50 50
51 51
52 52
53 53
54 54
56 56
58 58
59 59
60 60
61 61
63 63
66 66
72 72
73 73
76 76
77 77
80 80
81 81
83 83
86 86
88 88
89 89
90 90
91 91
94 94
95 95
96 96
97 97
98 98
99 99
100 100
103 103
105 105
107 107
108 108
109 109
111 111
112 112
113 113
114 114
115 115
116 116
118 118
120 120
123 123
125 125
127 127
128 128
129 129
130 130
132 132
133 133
134 134
135 135
136 136
138 138
139 139
140 140
142 142
143 143
146 146
152 152
154 154
155 155
157 157
158 158
161 161
163 163
165 165
167 167
171 171
173 173
174 174
178 178
179 179
184 184
190 190
192 192
193 193
198 198
199 199
200 200
