AA AB AE AO AQ AO AE AB AF AB AH BM BP CE BW AI BW CE BP BM AH BN BS FF BS BN AH AB AG BC BK FE DZ EC DX DY DX EC EB EA FC EA EI FB EI EA EB EC EE ED EP ED EE EF EN EQ EO EQ EN EF EE EC DX EC EE EF EH FA EH EJ EZ EJ EH EF EL EW EX EY EX EW EL EF EE EC DZ FE BK BC AG AZ BD AZ AG AB AE AO AP AO AE AB AG BA BG BA BE BA AG AB AH AB AA AC AJ AC AA AB AG BB BI BB BH BB AG BC BJ BC AG BA BF BA AG AB AA DT CX DU CX DS CX AN CY DW CY DV CY AN AD AK AD DN CT AM CV DR CV AM CW DQ CW DP CW AM CT DN AD AL AD DN CT AM CT DN AD AA
46
AA AA
AB AB
AC AC
AD AD
AE AE
AF AF
AG AG
AH AH
AI AI
AJ AJ
AK AK
AL AL
AM AM
AN AN
AO AO
AP AP
AQ AQ
EZ EZ
FA FA
FB FB
FC FC
EY EY
BD BD
BE BE
BF BF
BG BG
BH BH
BI BI
BJ BJ
BK BK
FF FF
DP DP
DQ DQ
DR DR
DS DS
DT DT
DU DU
DV DV
DW DW
DX DX
DY DY
DZ DZ
EN EN
EO EO
EP EP
EX EX
