0 2 53 54 68 83 62 22 62 140 81 140 124 40 124 140 78 35 147 41 19 41 79 68 89 166 30 9 30 176 42 176 1 117 23 149 66 169 84 98 8 38 8 34 97 96 64 11 28 125 32 77 55 151 60 92 177 72 177 33 177 56 45 148 85 148 45 56 129 65 5 193 49 3 90 88 29 39 29 5 86 139 37 47 76 132 43 132 95 171 175 50 106 13 0 144 157 69 157 144 27 113 99 113 15 58 70 138 94 24 16 24 87 31 80 137 20 28 20 92 59 51 59 7 73 100 61 100 103 58 36 46 44 171 74 48 49 20 18 196 4 133 52 82 70 111 75 111 155 110 26 110 17 125 12 10 12 62 150 67 91 121 14 93 21 6 25 6 21 63 88 57 135 0 71 0
100
1 1
2 2
3 3
4 4
5 5
6 6
7 7
8 8
9 9
10 10
11 11
12 12
13 13
14 14
15 15
16 16
17 17
18 18
19 19
20 20
21 21
22 22
23 23
24 24
25 25
26 26
27 27
28 28
29 29
30 30
31 31
32 32
33 33
34 34
35 35
36 36
37 37
38 38
39 39
40 40
41 41
42 42
43 43
44 44
45 45
46 46
47 47
48 48
49 49
50 50
51 51
52 52
53 53
54 54
55 55
56 56
57 57
58 58
59 59
60 60
61 61
62 62
63 63
64 64
65 65
66 66
67 67
68 68
69 69
70 70
71 71
72 72
73 73
74 74
75 75
76 76
77 77
78 78
79 79
80 80
81 81
82 82
83 83
84 84
85 85
86 86
87 87
88 88
89 89
90 90
91 91
92 92
93 93
94 94
95 95
96 96
97 97
98 98
99 99
100 100
