75 89 84 89 32 71 80 97 5 21 68 59 24 3 24 86 48 86 31 86 25 52 4 56 44 56 98 69 99 90 44 56 53 42 58 67 57 39 9 39 29 43 29 1 49 79 65 30 81 19 34 19 77 62 18 81 94 82 92 26 92 82 0 40 76 18 13 7 74 96 73 96 74 36 2 64 12 91 12 64 87 64 47 4 47 4 56 98 63 46 55 75
50
3 3
4 4
7 7
9 9
12 12
13 13
21 21
25 25
26 26
29 29
31 31
32 32
34 34
36 36
42 42
43 43
44 44
46 46
47 47
48 48
49 49
52 52
55 55
56 56
57 57
58 58
59 59
62 62
64 64
65 65
69 69
73 73
74 74
75 75
76 76
77 77
80 80
81 81
82 82
84 84
86 86
87 87
89 89
90 90
91 91
92 92
94 94
96 96
97 97
98 98
