gucdicwxmb epdwcjuvdr vugkhjygfe ahqdrcepub vugkhjygfe qzdrdcxoib wtyqwjwskq eysfgfavho lbuiysostx lkvobxyfca lbuiysostx tvuprbwofb aokbiptbzc psiebvskfb zumetrybth psiebvskfb aokbiptbzc koawdpgqdx zpjhxyylhb rnpokwoqgt iwdghbmiai rnpokwoqgt ouxenssqdu smwxdupkdv xawkqmfmmx zjbarjhmau gkcfktyute evdoyagqfp gkcfktyute tgbmxdmvwe kdujdjjwot oggftsricu yiwwdwbzth gwnccktgki ztplgyvqhm gwnccktgki seeyrseflx gjmmikaxih zpjhxyylhb vkrlpmybdj vugkhjygfe epdwcjuvdr gucdicwxmb
21
vugkhjygfe vugkhjygfe
zumetrybth zumetrybth
wtyqwjwskq wtyqwjwskq
vkrlpmybdj vkrlpmybdj
psiebvskfb psiebvskfb
yiwwdwbzth yiwwdwbzth
koawdpgqdx koawdpgqdx
tvuprbwofb tvuprbwofb
rnpokwoqgt rnpokwoqgt
iwdghbmiai iwdghbmiai
zjbarjhmau zjbarjhmau
lkvobxyfca lkvobxyfca
xawkqmfmmx xawkqmfmmx
oggftsricu oggftsricu
epdwcjuvdr epdwcjuvdr
seeyrseflx seeyrseflx
zpjhxyylhb zpjhxyylhb
ahqdrcepub ahqdrcepub
gkcfktyute gkcfktyute
evdoyagqfp evdoyagqfp
ztplgyvqhm ztplgyvqhm
