mdyuzxshey mysadifwma mdyuzxshey vkrlpmybdj tvcolajnao qcktwemqbm tvcolajnao ouxenssqdu qydclznxrd cmdqzmgvfi qfbvncxldf cmdqzmgvfi zpybghfdbe psiebvskfb bswhowadhl wtyqwjwskq yiwwdwbzth jqtguzxxsl hadchvmijq wynbxuuxru epdwcjuvdr wtlzrefwav hsjqtjkukk smwxdupkdv aokbiptbzc koawdpgqdx unihwwnyqz qepegujmaa xtvbrolacp qepegujmaa unihwwnyqz koawdpgqdx smwxdupkdv hsjqtjkukk wtlzrefwav jrmlkfexfk gllungmori rkyixxpcbx eooyfwmxln rkyixxpcbx optviwhmbr ixyurvbpvu gwnccktgki ixyurvbpvu uooysjrxsb seeyrseflx vugkhjygfe seeyrseflx uooysjrxsb ixyurvbpvu siatqqydwf ahqdrcepub lazlsvgukx idfvjoquhh lbuiysostx oegfbrwyrp tgbmxdmvwe oegfbrwyrp lbuiysostx sjtuxgdwms fznfvsgjhc lkvobxyfca fznfvsgjhc hkempoemlv mswyvpdrsy lndsfxewdc bulywvvpni zjbarjhmau kdujdjjwot phknwbtipl eysfgfavho wtjzgzopuw euqbrkzdsw chjuuxuacs lnicnhmajr owusjcmdkp oewptytlja jedsthbmzo xftptyrlvl knfzsnhzvx oewptytlja nwlccbonas oewptytlja owusjcmdkp ljhmnbaicr ebqxbaqnmm zumetrybth jatkaoyfxb bnmegnfgii jatkaoyfxb vkrlpmybdj zmfuudfatm vkrlpmybdj mdyuzxshey
49
eooyfwmxln eooyfwmxln
vugkhjygfe vugkhjygfe
gllungmori gllungmori
zmfuudfatm zmfuudfatm
zumetrybth zumetrybth
wtyqwjwskq wtyqwjwskq
vkrlpmybdj vkrlpmybdj
psiebvskfb psiebvskfb
jqtguzxxsl jqtguzxxsl
koawdpgqdx koawdpgqdx
tgbmxdmvwe tgbmxdmvwe
zjbarjhmau zjbarjhmau
lkvobxyfca lkvobxyfca
wtlzrefwav wtlzrefwav
jedsthbmzo jedsthbmzo
nwlccbonas nwlccbonas
seeyrseflx seeyrseflx
ahqdrcepub ahqdrcepub
kdujdjjwot kdujdjjwot
gwnccktgki gwnccktgki
xtvbrolacp xtvbrolacp
bnmegnfgii bnmegnfgii
qfbvncxldf qfbvncxldf
aokbiptbzc aokbiptbzc
lbuiysostx lbuiysostx
ljhmnbaicr ljhmnbaicr
qcktwemqbm qcktwemqbm
knfzsnhzvx knfzsnhzvx
qepegujmaa qepegujmaa
mdyuzxshey mdyuzxshey
mswyvpdrsy mswyvpdrsy
ebqxbaqnmm ebqxbaqnmm
hadchvmijq hadchvmijq
xftptyrlvl xftptyrlvl
lnicnhmajr lnicnhmajr
bulywvvpni bulywvvpni
oewptytlja oewptytlja
cmdqzmgvfi cmdqzmgvfi
lazlsvgukx lazlsvgukx
lndsfxewdc lndsfxewdc
owusjcmdkp owusjcmdkp
qydclznxrd qydclznxrd
jatkaoyfxb jatkaoyfxb
wynbxuuxru wynbxuuxru
rkyixxpcbx rkyixxpcbx
optviwhmbr optviwhmbr
mysadifwma mysadifwma
fznfvsgjhc fznfvsgjhc
euqbrkzdsw euqbrkzdsw
