evdoyagqfp xftptyrlvl fluzhooehk xftptyrlvl qbiylslccb kvxwqiryyu sjtuxgdwms hsjqtjkukk wirlbujvjm phknwbtipl fdgcygwgjf rnpokwoqgt oownpsyviv oavtmpaqji ichabbvkhm jrusiskazm vkrlpmybdj lndsfxewdc kyrhqthnvz lnicnhmajr qpxtrjvxpe tmatbexcil qpxtrjvxpe kwbnyneokj bbczvyonym mdyuzxshey ouxenssqdu fznfvsgjhc imkzafjljw tmrnpjqnxx wynbxuuxru qzdrdcxoib voaumgrcuj qzdrdcxoib wynbxuuxru lazlsvgukx ymvlfsdhbu aokbiptbzc ymvlfsdhbu frfueiglva ldnozwuuuq spdafzaivh qiqnnrlapz osdeymjeil jrmlkfexfk seeyrseflx hkempoemlv seeyrseflx xeigbnzhbj oggftsricu xywdziunpr vugkhjygfe xywdziunpr yqwistxtxc nbjyrygtdh cpwyxulkjm jfccyptuug tgkujfknod bswhowadhl ljhmnbaicr qgfchcatzi ljhmnbaicr pdljcbluhp koawdpgqdx psiebvskfb koawdpgqdx qepegujmaa pcilmgdrgc ivgbjyugdu pcilmgdrgc wwqchwdmtx jedsthbmzo qxfgqgbbdn byyqgjwsrp cttlxdtaiw zmfuudfatm afortwurqt ahqdrcepub gbdejcnknd vnzypgtlkj unihwwnyqz yhpfnjjqmm bimtbhwsby wtlzrefwav afrdrejwtp pwgublhwxg pymtnhypxd jrmlkfexfk scesbtewjx hxkhivkhyl xnppuesbrr pbefrggyje xwrvhrxnqy xifuopshzj xwrvhrxnqy ebqxbaqnmm oegfbrwyrp wynbxuuxru jqtguzxxsl optviwhmbr vfdsalrajq optviwhmbr jqtguzxxsl wynbxuuxru epdwcjuvdr eqdxeqvtsb epdwcjuvdr kgktiatgjn epdwcjuvdr eooyfwmxln fczruomdab uhalgukdzb yriqtwavfx gucdicwxmb yriqtwavfx rkyixxpcbx yriqtwavfx uhalgukdzb fczruomdab ummqduagjn stdiixwrjc guuudgvhny ivugtsvtqb guuudgvhny vugkhjygfe aruwdskzta lnicnhmajr xychpimpzb bulywvvpni wkwwcqjtxf lkvtxfwozs gjmmikaxih byyqgjwsrp euqbrkzdsw zivwgfcxqi phknwbtipl gkcfktyute xkasbvrrxd lcrihrmoqu tgbmxdmvwe opmnfgpclg qxuqrfzzob opmnfgpclg knfzsnhzvx etdxtwotzh qepegujmaa ixyurvbpvu yiwwdwbzth ixyurvbpvu qfbvncxldf ijbfzrqwct bbwcqzwyoz nwlccbonas itbfnxnauh nwlccbonas xguvjomcdt yqwistxtxc hofbtczdgp jwcdeoubpx zpjhxyylhb kvfpaspidv wtyqwjwskq kijbyyuzhd idfvjoquhh xqwyvbvueh tvcolajnao smwxdupkdv jqtguzxxsl xftptyrlvl mysadifwma robpunozly bnmegnfgii robpunozly mysadifwma xftptyrlvl uooysjrxsb xftptyrlvl xawkqmfmmx evdoyagqfp
99
eooyfwmxln eooyfwmxln
vugkhjygfe vugkhjygfe
zmfuudfatm zmfuudfatm
vkrlpmybdj vkrlpmybdj
psiebvskfb psiebvskfb
yiwwdwbzth yiwwdwbzth
tgbmxdmvwe tgbmxdmvwe
gucdicwxmb gucdicwxmb
rnpokwoqgt rnpokwoqgt
wtlzrefwav wtlzrefwav
xawkqmfmmx xawkqmfmmx
oggftsricu oggftsricu
ouxenssqdu ouxenssqdu
nwlccbonas nwlccbonas
seeyrseflx seeyrseflx
smwxdupkdv smwxdupkdv
ahqdrcepub ahqdrcepub
bswhowadhl bswhowadhl
evdoyagqfp evdoyagqfp
bnmegnfgii bnmegnfgii
qfbvncxldf qfbvncxldf
aokbiptbzc aokbiptbzc
jrmlkfexfk jrmlkfexfk
qgfchcatzi qgfchcatzi
wkwwcqjtxf wkwwcqjtxf
xywdziunpr xywdziunpr
tvcolajnao tvcolajnao
qepegujmaa qepegujmaa
mdyuzxshey mdyuzxshey
lnicnhmajr lnicnhmajr
bulywvvpni bulywvvpni
bbwcqzwyoz bbwcqzwyoz
hsjqtjkukk hsjqtjkukk
hkempoemlv hkempoemlv
jrusiskazm jrusiskazm
tmrnpjqnxx tmrnpjqnxx
lndsfxewdc lndsfxewdc
oegfbrwyrp oegfbrwyrp
uooysjrxsb uooysjrxsb
xkasbvrrxd xkasbvrrxd
wynbxuuxru wynbxuuxru
rkyixxpcbx rkyixxpcbx
optviwhmbr optviwhmbr
mysadifwma mysadifwma
euqbrkzdsw euqbrkzdsw
kvxwqiryyu kvxwqiryyu
qxuqrfzzob qxuqrfzzob
vfdsalrajq vfdsalrajq
pcilmgdrgc pcilmgdrgc
kvfpaspidv kvfpaspidv
voaumgrcuj voaumgrcuj
etdxtwotzh etdxtwotzh
aruwdskzta aruwdskzta
qpxtrjvxpe qpxtrjvxpe
tgkujfknod tgkujfknod
xnppuesbrr xnppuesbrr
wwqchwdmtx wwqchwdmtx
xwrvhrxnqy xwrvhrxnqy
lcrihrmoqu lcrihrmoqu
uhalgukdzb uhalgukdzb
xifuopshzj xifuopshzj
fdgcygwgjf fdgcygwgjf
hofbtczdgp hofbtczdgp
nbjyrygtdh nbjyrygtdh
pbefrggyje pbefrggyje
kyrhqthnvz kyrhqthnvz
qxfgqgbbdn qxfgqgbbdn
zivwgfcxqi zivwgfcxqi
ivgbjyugdu ivgbjyugdu
oavtmpaqji oavtmpaqji
osdeymjeil osdeymjeil
scesbtewjx scesbtewjx
stdiixwrjc stdiixwrjc
ichabbvkhm ichabbvkhm
ivugtsvtqb ivugtsvtqb
byyqgjwsrp byyqgjwsrp
kijbyyuzhd kijbyyuzhd
pdljcbluhp pdljcbluhp
bimtbhwsby bimtbhwsby
ymvlfsdhbu ymvlfsdhbu
xychpimpzb xychpimpzb
lkvtxfwozs lkvtxfwozs
bbczvyonym bbczvyonym
eqdxeqvtsb eqdxeqvtsb
kgktiatgjn kgktiatgjn
afortwurqt afortwurqt
gbdejcnknd gbdejcnknd
cpwyxulkjm cpwyxulkjm
afrdrejwtp afrdrejwtp
xguvjomcdt xguvjomcdt
itbfnxnauh itbfnxnauh
fluzhooehk fluzhooehk
ldnozwuuuq ldnozwuuuq
tmatbexcil tmatbexcil
xqwyvbvueh xqwyvbvueh
qiqnnrlapz qiqnnrlapz
cttlxdtaiw cttlxdtaiw
guuudgvhny guuudgvhny
vnzypgtlkj vnzypgtlkj
