0 23 63 62 23 49 87 86 85 49 48 97 98 99 48 6 57 56 6 5 93 92 91 5 1 60 61 1 32 52 53 32 21 76 77 78 21 12 96 95 94 12 19 55 54 19 11 69 68 11 40 64 65 40 42 51 50 42 14 70 71 72 14 48 81 80 79 48 10 67 66 10 16 59 58 16 40 90 89 88 40 19 82 83 84 19 2 75 74 73 2 0
50
50 50
51 51
52 52
53 53
54 54
55 55
56 56
57 57
58 58
59 59
60 60
61 61
62 62
63 63
64 64
65 65
66 66
67 67
68 68
69 69
70 70
71 71
72 72
73 73
74 74
75 75
76 76
77 77
78 78
79 79
80 80
81 81
82 82
83 83
84 84
85 85
86 86
87 87
88 88
89 89
90 90
91 91
92 92
93 93
94 94
95 95
96 96
97 97
98 98
99 99
