0 110 57 56 57 55 4 99 105 47 105 145 100 102 189 64 65 67 123 120 15 4 134 4 120 122 120 10 12 66 12 10 20 35 38 35 185 187 185 95 25 27 65 54 105 74 100 115 118 115 35 37 36 37 35 170 172 170 114 154 4 25 28 2 39 75 78 75 4 124 195 30 180 182 180 144 164 132 131 132 130 95 97 95 40 42 41 42 40 4 159 129 72 70 20 22 116 77 186 132 164 149 160 137 136 137 135 195 197 195 179 104 17 15 55 57 55 125 128 125 77 101 2 34 69 190 192 190 150 152 150 165 168 165 15 17 16 17 113 110 135 44 135 138 135 65 68 65 105 108 105 35 37 35 4 10 12 10 4 104 139 4 40 43 40 95 87 95 94 110 180 184 4 10 12 11 12 10 55 58 55 10 13 10 140 142 140 90 92 91 92 90 25 80 82 80 65 4 79 125 129 160 162 161 162 160 137 166 167 180 183 47 120 70 72 141 132 130 133 130 145 148 145 0 2 0 50 52 50 30 32 30 180 182 181 182 180 0 3 0
100
2 2
3 3
11 11
12 12
13 13
15 15
16 16
17 17
20 20
25 25
27 27
28 28
30 30
32 32
35 35
36 36
37 37
38 38
39 39
41 41
42 42
43 43
44 44
47 47
52 52
54 54
55 55
56 56
57 57
58 58
64 64
65 65
66 66
67 67
68 68
69 69
72 72
74 74
78 78
79 79
82 82
87 87
91 91
92 92
94 94
95 95
97 97
99 99
100 100
101 101
102 102
104 104
105 105
108 108
110 110
113 113
114 114
116 116
118 118
120 120
122 122
123 123
124 124
125 125
128 128
129 129
131 131
132 132
133 133
134 134
135 135
136 136
138 138
139 139
141 141
142 142
144 144
145 145
148 148
149 149
152 152
154 154
159 159
160 160
161 161
166 166
168 168
172 172
179 179
180 180
181 181
182 182
183 183
184 184
186 186
187 187
189 189
192 192
195 195
197 197
