85 23 58 80 19 37 20 27 14 92 3 44 4 1 5 94 21 87 21 7 62 46 62 17 3 48 18 28 2 81 2 35 2 52 34 29 45 6 22 2 93 2 50 2 47 3 15 20 53 6 64 14 51 3 54 21 31 21 98 2 16 26 86 14 71 14 55 21 68 20 56 10 91 6 69 32 96 21 11 21 79 21 77 3 38 9 99 6 76 39 13 4 0 3 43 3 57 36 8 23 85
50
0 0
1 1
7 7
8 8
11 11
13 13
15 15
16 16
17 17
22 22
23 23
27 27
28 28
31 31
34 34
35 35
37 37
38 38
43 43
44 44
45 45
46 46
47 47
48 48
50 50
51 51
52 52
53 53
54 54
55 55
56 56
57 57
64 64
68 68
69 69
71 71
76 76
77 77
79 79
80 80
81 81
86 86
87 87
91 91
92 92
93 93
94 94
96 96
98 98
99 99
