99 37 130 6 160 13 66 13 119 32 53 7 171 19 132 11 150 3 82 2 27 29 183 32 165 23 78 7 180 23 12 23 94 16 151 6 164 31 22 52 98 71 114 23 169 13 126 52 142 6 8 14 178 14 61 7 111 21 25 11 117 16 75 6 34 11 30 45 59 7 18 14 83 14 125 13 4 13 10 13 42 2 112 2 170 2 0 2 40 91 24 19 190 19 26 2 17 2 9 7 181 76 186 16 174 11 123 6 39 29 167 3 97 11 172 23 146 19 80 3 127 2 192 32 102 13 35 36 15 16 41 16 88 6 20 49 100 19 184 29 131 49 63 13 33 19 185 16 148 19 28 3 56 2 47 16 158 14 163 32 122 7 92 16 90 13 155 19 103 2 73 21 168 19 124 46 5 1 3 166 6 51 6 106 7 161 3 149 3 55 3 68 16 173 19 70 2 188 2 99
100
0 0
1 1
4 4
5 5
8 8
9 9
10 10
12 12
15 15
17 17
18 18
20 20
22 22
24 24
25 25
26 26
27 27
28 28
30 30
33 33
34 34
35 35
39 39
40 40
41 41
42 42
47 47
51 51
53 53
55 55
56 56
59 59
61 61
63 63
66 66
68 68
70 70
73 73
75 75
78 78
80 80
82 82
83 83
88 88
90 90
92 92
94 94
97 97
98 98
99 99
100 100
102 102
103 103
106 106
111 111
112 112
114 114
117 117
119 119
122 122
123 123
124 124
125 125
126 126
127 127
130 130
131 131
132 132
142 142
146 146
148 148
149 149
150 150
151 151
155 155
158 158
160 160
161 161
163 163
164 164
165 165
166 166
167 167
168 168
169 169
170 170
171 171
172 172
173 173
174 174
178 178
180 180
181 181
183 183
184 184
185 185
186 186
188 188
190 190
192 192
