81 182 69 77 195 179 20 154 16 108 166 78 34 141 33 59 52 115 161 90 46 45 17 76 199 124 84 35 41 178 86 200 152 127 180 198 191 100 85 135 184 87 95 189 36 153 42 65 132 97 170 126 167 56 107 9 43 80 12 96 53 121 23 125 150 93 92 58 48 196 64 117 188 27 71 109 103 156 74 145 89 164 197 57 165 158 162 70 183 130 138 49 1 159 88 18 8 123 24 14 81
100
1 1
8 8
9 9
12 12
14 14
16 16
17 17
18 18
20 20
23 23
24 24
27 27
33 33
34 34
35 35
36 36
41 41
42 42
43 43
45 45
46 46
48 48
49 49
52 52
53 53
56 56
57 57
58 58
59 59
64 64
65 65
69 69
70 70
71 71
74 74
76 76
77 77
78 78
80 80
81 81
84 84
85 85
86 86
87 87
88 88
89 89
90 90
92 92
93 93
95 95
96 96
97 97
100 100
103 103
107 107
108 108
109 109
115 115
117 117
121 121
123 123
124 124
125 125
126 126
127 127
130 130
132 132
135 135
138 138
141 141
145 145
150 150
152 152
153 153
154 154
156 156
158 158
159 159
161 161
162 162
164 164
165 165
166 166
167 167
170 170
178 178
179 179
180 180
182 182
183 183
184 184
188 188
189 189
191 191
195 195
196 196
197 197
198 198
199 199
200 200
