Soda C Soda F Soda I Soda K Soda O Soda R Soda U Soda X Soda AA Soda AD Soda AG Soda AJ Soda AO Soda AT Soda AW AX Soda AZ Soda BD Soda BJ Soda BO Soda BQ Soda BT BU Soda BX Soda CA Soda GC Soda GF Soda GI Soda GK Soda GO Soda FR Soda FU Soda FX Soda FA Soda FD Soda FG Soda FJ Soda DO Soda DT Soda DW DX Soda DZ Soda DD Soda DJ Soda DQ Soda DU Soda DA Soda
47
DZ DZ
C C
F F
I I
K K
O O
R R
U U
X X
AA AA
FA FA
AD AD
FD FD
AG AG
FG FG
AJ AJ
FJ FJ
AO AO
AT AT
FR FR
AW AW
AX AX
FU FU
AZ AZ
FX FX
BD BD
GC GC
GF GF
BJ BJ
GI GI
GK GK
BO BO
BQ BQ
GO GO
BT BT
BU BU
BX BX
CA CA
DA DA
DD DD
DJ DJ
DO DO
DQ DQ
DT DT
DU DU
DW DW
DX DX
