0 3 4 5 6 7 8 9 11 14 92 93 95 97 120 101 104 101 120 97 95 94 92 14 11 9 10 9 11 14 15 14 13 14 92 93 96 98 100 122 121 122 100 99 100 102 105 107 ViksNode 112 116 117 33 38 42 44 46 47 48 49 51 53 54 58 59 60 59 58 56 54 52 50 49 44 42 38 33 117 116 112 ViksNode 107 106 124 123 124 106 107 ViksNode 128 129 130 129 128 ViksNode 107 108 107 ViksNode 112 115 113 115 112 116 117 33 37 33 117 116 112 115 114 115 112 116 117 33 38 42 43 42 38 33 34 35 36 37 38 42 44 49 51 53 69 66 72 73 72 74 72 65 71 70 65 72 76 77 78 79 80 79 78 77 76 72 66 62 58 59 58 62 63 62 58 54 52 50 49 44 42 44 49 50 52 54 55 54 53 69 68 76 77 78 79 81 83 86 85 17 18 19 17 21 20 32 23 25 26 28 27 28 30 0
45
130 130
3 3
4 4
7 7
8 8
10 10
13 13
15 15
18 18
19 19
20 20
21 21
25 25
27 27
30 30
35 35
36 36
37 37
42 42
43 43
47 47
48 48
53 53
55 55
56 56
59 59
60 60
63 63
70 70
71 71
73 73
74 74
78 78
80 80
86 86
94 94
99 99
104 104
106 106
108 108
113 113
114 114
117 117
121 121
123 123
