0 28 27 28 30 28 26 25 23 32 20 21 20 19 18 17 85 86 83 81 80 79 78 77 76 74 75 63 62 58 59 60 59 58 54 53 69 66 65 71 64 73 64 62 58 59 58 62 70 62 58 54 55 54 56 54 52 50 49 48 45 44 42 38 37 38 42 38 33 34 35 34 33 38 42 43 42 44 46 47 46 44 42 38 33 14 15 14 13 14 33 34 36 34 33 14 11 9 10 9 6 7 8 6 5 2 3 4 3 0
34
3 3
4 4
7 7
8 8
10 10
13 13
15 15
18 18
19 19
20 20
21 21
25 25
27 27
30 30
35 35
36 36
37 37
42 42
43 43
47 47
48 48
53 53
55 55
56 56
59 59
60 60
63 63
70 70
71 71
73 73
74 74
78 78
80 80
86 86
