destitute Curtis anvil Fisk Isfahan Bleeker Dominican fatten Rio connubial Bernini illusion Injun Dominican combine schedule slowdown Amtrak Andersen Halstead Andersen amateur MN Hewlett McCall shroud Andersen mediate Andersen Vega Modesto Amtrak Gilmore funny midget diligent swingy Amtrak balustrade papal embassy Bernini minion Bernini bobble tate Goodrich Injun jewel Auberge stanza Andersen decor swordfish Andersen transpiration Isfahan Andersen creekside septillion Darwin choice trill yogurt ripe Hindi Loomis Rio Darwin extractor Andersen Elizabethan Andersen destitute
50
Andersen Andersen
Auberge Auberge
Bleeker Bleeker
Darwin Darwin
Dominican Dominican
Elizabethan Elizabethan
Fisk Fisk
Gilmore Gilmore
Halstead Halstead
Hewlett Hewlett
Hindi Hindi
Injun Injun
Isfahan Isfahan
Loomis Loomis
MN MN
McCall McCall
Modesto Modesto
Rio Rio
Vega Vega
amateur amateur
anvil anvil
balustrade balustrade
bobble bobble
choice choice
connubial connubial
creekside creekside
decor decor
diligent diligent
embassy embassy
extractor extractor
fatten fatten
funny funny
illusion illusion
jewel jewel
mediate mediate
midget midget
minion minion
papal papal
ripe ripe
schedule schedule
septillion septillion
shroud shroud
slowdown slowdown
stanza stanza
swingy swingy
swordfish swordfish
tate tate
transpiration transpiration
trill trill
yogurt yogurt
