woebegone Curtis anvil car Zorn Andersen Simon Goodrich Elizabethan Winchester Halstead babysat balustrade viscous shovel Amtrak extrovert Amtrak broil Amtrak felony slowdown felony fulsome anvil Modesto lexicon choice lexicon bat archive deduce postscript MN noon Durango illusion MN yogurt PDP limitate Bernini December Bernini involuntary midstream bunch Stephen Halstead Rodney Halstead renaissance Curtis swingy Halstead softball Pitney embroil involuntary spill involuntary numerology Hewlett Durango monotonous Durango diligent Durango inform creekside thirteen catenate switchmen Zorn MN exothermic MN bifurcate Durango Reilly Durango Vega funny Pitney Irvin mack Curtis funny mediate Auberge Amtrak swordfish funky archive update icon MN connubial Elizabethan dreadnought felony millennium inform secondary archive dull archive MN casserole MN thoroughfare felony equipping felony tate limitate Simon oriole balustrade simulate Gilmore Sunday silage December PDP oriole wingspread cowhand explosion Durango sphalerite noon griddle December transfuse December Curtis blimp Tucson funny Darwin switchmen imperishable Tucson relaxation Elizabethan stanza Wheller archive coarse atom transonic funny McCall trimester yearn septillion McCall bunch Durango Fisk December backplate involuntary mitre torus barnacle bunch Isfahan bunch whatsoever Elizabethan Amtrak directory Amtrak Elizabethan papal Irvin administer Durango sinh Durango Gilmore Durango woebegone
100
Andersen Andersen
Auberge Auberge
Curtis Curtis
Darwin Darwin
December December
Durango Durango
Fisk Fisk
Gilmore Gilmore
Goodrich Goodrich
Hewlett Hewlett
Irvin Irvin
Isfahan Isfahan
McCall McCall
Modesto Modesto
PDP PDP
Reilly Reilly
Rodney Rodney
Simon Simon
Stephen Stephen
Sunday Sunday
Tucson Tucson
Vega Vega
Wheller Wheller
Winchester Winchester
Zorn Zorn
administer administer
anvil anvil
archive archive
babysat babysat
backplate backplate
barnacle barnacle
bat bat
bifurcate bifurcate
broil broil
bunch bunch
car car
casserole casserole
catenate catenate
choice choice
coarse coarse
connubial connubial
deduce deduce
diligent diligent
directory directory
dreadnought dreadnought
dull dull
embroil embroil
equipping equipping
exothermic exothermic
explosion explosion
extrovert extrovert
felony felony
fulsome fulsome
funky funky
funny funny
griddle griddle
icon icon
illusion illusion
imperishable imperishable
inform inform
involuntary involuntary
limitate limitate
mack mack
mediate mediate
midstream midstream
millennium millennium
mitre mitre
monotonous monotonous
noon noon
numerology numerology
oriole oriole
papal papal
postscript postscript
relaxation relaxation
renaissance renaissance
secondary secondary
septillion septillion
shovel shovel
silage silage
simulate simulate
sinh sinh
slowdown slowdown
softball softball
sphalerite sphalerite
spill spill
stanza stanza
swingy swingy
swordfish swordfish
tate tate
thirteen thirteen
thoroughfare thoroughfare
transfuse transfuse
transonic transonic
trimester trimester
update update
viscous viscous
whatsoever whatsoever
wingspread wingspread
yearn yearn
yogurt yogurt
