exothermic felony Dominican yogurt FPC Irvin decor shovel trill combine Iowa FPC namesake Bernini Andersen McCall sacrifice extrovert Sicilian Halstead lordosis extrovert coarse midget amateur Bernini Injun Curtis Bernini Tucson wafer swordfish exothermic
25
Andersen Andersen
Bernini Bernini
Curtis Curtis
FPC FPC
Halstead Halstead
Injun Injun
Iowa Iowa
Irvin Irvin
McCall McCall
Tucson Tucson
amateur amateur
coarse coarse
combine combine
decor decor
extrovert extrovert
felony felony
lordosis lordosis
midget midget
namesake namesake
sacrifice sacrifice
shovel shovel
swordfish swordfish
trill trill
wafer wafer
yogurt yogurt
