6Zg7j6t8kt lrFRnKniRv MpRNDD0glq 4ViGHxfdlc 0gqiqztWgj fhmE7A9rVl 79JJ9GZF8c s8EkvbOYAX 79JJ9GZF8c M9d0z6OccV gSP0irArmo N08DpqDewo oQb2PqTM8x H0NdoJawvz oQb2PqTM8x Iroa6leixY tvKOOMQ7Sv rCrtLJTXdv fbxiHLAsv4 KpPj50fAfy EZQ9HUGjRN OR78sPVsV9 4RZs4XFvF9 G05S6XZiBa 1koyFI8rlU Octagmmhko TH1GgoG5GU I1RTFIGWhc SDcTVr32JM 4JtfcKJvHu GSDEYlNcCM 97dvK2Az7S Dkc5CxJ6RV 97dvK2Az7S MImiDijd1o VWD9Yy5Xrg zH4Z0p0Ftj vD4d0BZ03p 8pgnfE3xKu OGWcs2X8pk bc4pLp9tiD cqCbnI2bkr b3jUAAPOlA cqCbnI2bkr NgxnYo41LY 4lUeyqYb0U NgxnYo41LY I1RTFIGWhc YrPP1U1r20 ckEVpwA8CD YQKcyMibnc ckEVpwA8CD YrPP1U1r20 7cteJXIZM1 zG9cl6Gy30 KpPj50fAfy vCSWEyz4PC dqEsxDzQkU 8pgnfE3xKu oRs9wR3IGE OR78sPVsV9 ECFKqOm791 YZKJeBb8Pe dojrtYXceT wXTrLT9dUx 1aPtXDhYtV ESDdDChkYw 1iUrZ2N0MA UgxUR9jKcJ dyS1o5lQHD OpwMnuSGmp uXkvSfF7Kv pm1Yq2dCLL iyQiEnpG35 pm1Yq2dCLL qOQTd9nboV ka4cgDWgq7 6Zg7j6t8kt
50
GSDEYlNcCM GSDEYlNcCM
ka4cgDWgq7 ka4cgDWgq7
wXTrLT9dUx wXTrLT9dUx
dojrtYXceT dojrtYXceT
KpPj50fAfy KpPj50fAfy
TH1GgoG5GU TH1GgoG5GU
H0NdoJawvz H0NdoJawvz
NgxnYo41LY NgxnYo41LY
iyQiEnpG35 iyQiEnpG35
1aPtXDhYtV 1aPtXDhYtV
8pgnfE3xKu 8pgnfE3xKu
oRs9wR3IGE oRs9wR3IGE
4RZs4XFvF9 4RZs4XFvF9
cqCbnI2bkr cqCbnI2bkr
M9d0z6OccV M9d0z6OccV
7cteJXIZM1 7cteJXIZM1
Iroa6leixY Iroa6leixY
ESDdDChkYw ESDdDChkYw
YrPP1U1r20 YrPP1U1r20
uXkvSfF7Kv uXkvSfF7Kv
b3jUAAPOlA b3jUAAPOlA
N08DpqDewo N08DpqDewo
1koyFI8rlU 1koyFI8rlU
4ViGHxfdlc 4ViGHxfdlc
ckEVpwA8CD ckEVpwA8CD
Octagmmhko Octagmmhko
79JJ9GZF8c 79JJ9GZF8c
I1RTFIGWhc I1RTFIGWhc
lrFRnKniRv lrFRnKniRv
zH4Z0p0Ftj zH4Z0p0Ftj
97dvK2Az7S 97dvK2Az7S
vD4d0BZ03p vD4d0BZ03p
VWD9Yy5Xrg VWD9Yy5Xrg
tvKOOMQ7Sv tvKOOMQ7Sv
G05S6XZiBa G05S6XZiBa
fhmE7A9rVl fhmE7A9rVl
OpwMnuSGmp OpwMnuSGmp
s8EkvbOYAX s8EkvbOYAX
4lUeyqYb0U 4lUeyqYb0U
Dkc5CxJ6RV Dkc5CxJ6RV
4JtfcKJvHu 4JtfcKJvHu
fbxiHLAsv4 fbxiHLAsv4
MpRNDD0glq MpRNDD0glq
vCSWEyz4PC vCSWEyz4PC
UgxUR9jKcJ UgxUR9jKcJ
YZKJeBb8Pe YZKJeBb8Pe
EZQ9HUGjRN EZQ9HUGjRN
0gqiqztWgj 0gqiqztWgj
OGWcs2X8pk OGWcs2X8pk
YQKcyMibnc YQKcyMibnc
