153 83 96 168 199 194 57 150 85 131 188 36 20 50 74 83 140 89 88 86 2 78 60 51 184 97 171 51 35 178 187 51 49 105 90 105 196 177 135 112 58 139 37 130 99 11 89 23 152 85 179 56 7 50 68 180 188 199 12 50 167 50 172 197 24 169 24 98 147 70 163 105 43 199 120 199 136 50 182 108 50 160 34 16 178 105 161 89 86 188 137 57 61 126 180 126 7 13 85 19 29 138 42 124 192 113 89 122 89 83 57 145 3 178 21 57 41 57 128 50 79 5 199 89 50 52 137 95 112 105 77 27 129 175 119 89 93 83 127 57 4 105 26 105 15 195 105 50 40 8 83 156 85 29 82 134 24 16 156 146 105 0 24 177 126 118 96 70 50 28 50 81 50 53 126 47 170 153
100
50 50
81 81
83 83
40 40
96 96
29 29
89 89
7 7
126 126
56 56
180 180
86 86
16 16
178 178
41 41
23 23
95 95
90 90
188 188
19 19
77 77
20 20
153 153
192 192
137 137
13 13
5 5
79 79
99 99
163 163
15 15
197 197
156 156
70 70
136 136
160 160
42 42
35 35
93 93
2 2
128 128
161 161
120 120
36 36
195 195
187 187
122 122
127 127
172 172
68 68
194 194
146 146
196 196
119 119
47 47
145 145
98 98
170 170
34 34
167 167
49 49
53 53
140 140
177 177
21 21
88 88
152 152
184 184
112 112
108 108
134 134
135 135
52 52
118 118
60 60
124 124
131 131
182 182
26 26
3 3
169 169
43 43
4 4
113 113
12 12
37 37
0 0
58 58
138 138
28 28
168 168
74 74
147 147
171 171
8 8
179 179
11 11
61 61
129 129
150 150
