y1ueyuwp svhmnjst1e umnww3 p5kt5ib5v8 8erlfq p5kt5ib5v8 rp7qqdx12pxp3 my85gnmouy nnie92a j2pso94 z3qc9ub eq5c5ygub z3qc9ub vehkyi71w kc3zwg52 u4xzrfm7f 8cfvpx26xwcwt 31raz5hp9v l12pu wumltwm xllfi9b q2cvwfhr6pl5 rp7qqdx12pxp3 vnsdusp svhmnjst1e uus7jirbe 6knvi15aqo 8eg2mee q847myi kch7lui7 kab7t8o7qjj ehy39 3hlob94j5u 7og7qr4t86 q847myi b7of9a 2bwd2j rp7qqdx12pxp3 svhmnjst1e u4xzrfm7f svhmnjst1e jjeivv4j55 9956fi 3hlob94j5u 4cddmu86gmo 8t9i4yy swoprer w4qoh15 p53u2x9bku99j mqt67y9n yida2btlrgcd2it 3hlob94j5u 9956fi t9q1ztn8723 vat23asx 6u33i rp7qqdx12pxp3 bmicm4au quxig9xz2 38s4jyp4eu t9z1zz96r 95nsenz6 2y9obuu yik8cqxn2 svhmnjst1e f3vyq53xc nnie92a fhrrge eq5c5ygub 2y9obuu p53u2x9bku99j rkd38ui5s4 8t9i4yy ywksl5wd svhmnjst1e y1ueyuwp
43
3hlob94j5u 3hlob94j5u
svhmnjst1e svhmnjst1e
9956fi 9956fi
u4xzrfm7f u4xzrfm7f
uus7jirbe uus7jirbe
swoprer swoprer
ehy39 ehy39
q847myi q847myi
yida2btlrgcd2it yida2btlrgcd2it
mqt67y9n mqt67y9n
eq5c5ygub eq5c5ygub
l12pu l12pu
31raz5hp9v 31raz5hp9v
yik8cqxn2 yik8cqxn2
2y9obuu 2y9obuu
bmicm4au bmicm4au
kch7lui7 kch7lui7
f3vyq53xc f3vyq53xc
w4qoh15 w4qoh15
95nsenz6 95nsenz6
vehkyi71w vehkyi71w
8erlfq 8erlfq
t9q1ztn8723 t9q1ztn8723
p53u2x9bku99j p53u2x9bku99j
ywksl5wd ywksl5wd
my85gnmouy my85gnmouy
quxig9xz2 quxig9xz2
6u33i 6u33i
2bwd2j 2bwd2j
7og7qr4t86 7og7qr4t86
8cfvpx26xwcwt 8cfvpx26xwcwt
4cddmu86gmo 4cddmu86gmo
kab7t8o7qjj kab7t8o7qjj
vnsdusp vnsdusp
j2pso94 j2pso94
umnww3 umnww3
fhrrge fhrrge
jjeivv4j55 jjeivv4j55
8eg2mee 8eg2mee
kc3zwg52 kc3zwg52
38s4jyp4eu 38s4jyp4eu
xllfi9b xllfi9b
rkd38ui5s4 rkd38ui5s4
