hC71hIuyRaST3AiaSZqg cXmjc3Wu4kjM1IHGgfA5 COVfDobG5VcfcSxLDUch P6PcaiimLTne6w5m7SJi ymIUUgCvgB7r5le0Mh11 aGWdv30UuUFiszMErlJF qyWH5Ui5kFJGpXM7i2RZ EEWjQ3rZ3GM9oucA2vc5 6KcltWtleWJ6izN3XL0F VkEnPX1CQCoh4CxlXSlf Wvcwm6VpeYnZXpTH3IZP YygsiZkXDS9oQ07w4psX v0QCMKnmfkXllH4nQHen OAcbYkMyAi1Iu0vWaaFc 5doygtE58PVlrfBbaaxD nOsoIFzZBhdd6bjP45Ba WgneGAZv4qtDq8Q5DYZf Mi1upMhcgP7iV16OWKN5 2dfprAgHp3T6RrgooKgP nnG2z19YXqYOoAxMQkFV 9WdSftrlWeJdclTkQ4Ss gZiMcGUkLd8qaWleLH1T NXZByMrsstrrXRLxVcyg qsbRHSDlSHG3Ep5gugbq 3MmCPAjYheu6g9TkIxDm 6KcltWtleWJ6izN3XL0F kuIwHVHn49UEM4TprHKr 7DZfG4yobV0xCcSaxf27 1wSeohNTb1oCspxe2x4j 2QgUKFj4HV0dn5Ia55tj IWOalMs6IXX5Ln6F9Eov LI8fhHKJlh7mQx1nNK0m 2TderjwrXrNV2UBZ77eD Z2YJKymsE6JEohxl2CgC yMXdJdorJpzOHHt9uIfg lVjpvSHc5hBrS7dzTmI1 Mufarp9xGx29xj0P1ijS D3gODzQIzHZRe5A487BX Dv6lwBgjbbZceuQXFzFf 9WdSftrlWeJdclTkQ4Ss QYsTJmc2IUi36H1YK47s Tgouk8HApNFShyYjQedR sCcEFmBkhTop4sycKzuM ivvO5yUvAxjOjLiwMPV4 t9sTQNaMU9o2HF5pm7xT 7DZfG4yobV0xCcSaxf27 z0rRwRZbA1TaaAgS8PYu 7DZfG4yobV0xCcSaxf27 1Oc2bGjHzXrMLiYLik5Z 7DZfG4yobV0xCcSaxf27 OBEPyJuvhH0Z9VoT2UNC g6Fit1BcwBIbAAJnBKGn SbMznZDIZs7TTEfAUGt3 QHOT9LWV0s6xVVreglDh 1uTE034Q24DWmybWBbX4 6jnt0RQvUBeXBhrLOwzh uwYFKqdXzHrDjwNLVxGZ 7DZfG4yobV0xCcSaxf27 vXrEXAmThLoQVXFImZcg b9q1t3OMZ6dXE5R6ca5w b7ZT2hEEnAs84vAc9csm IC3wlDskAWyf0o1M61kl xtgYSd34f56WAH3CCBpW m54EIZlfduVsUOzACS5b g5fwwkfUKem4JdibLkXM PFAHK1LPbENiUm01N8B0 EfhuR5UGBxqkoqdQBn2E fzCA3w8Mu664WC0yRZb5 1uTE034Q24DWmybWBbX4 4MuL6AbQo2ozZ4x7psrd KqTw626stjcdChciHrJ6 OLGSBuAPLZmdhTN6ApoS 8w6JkwNghwwfzVWZlMG6 1uTE034Q24DWmybWBbX4 RNtZ6m1O9hQj2ovJiJE3 JuSdCG8HSUzwufkmRvTN 7DZfG4yobV0xCcSaxf27 mkGdh9qd7uj9x5W3Koxj oakCd1HozhO35GtImcF2 FE29I03FH1qEyEvIQNGT uwYFKqdXzHrDjwNLVxGZ fuNQ8Sfy86k6zaBQjwEz NWAZrSnr0i1Dj5TA6dLc 24YcTAlCtPoNC11H3BAQ jLS4UljOCe6h8LwAOGRX yMXdJdorJpzOHHt9uIfg 1ae7bJScGomdGEdgag5b 8IUV6HBSYn47shRwVW5F 1uTE034Q24DWmybWBbX4 DmIjX4adnoqSEDmx2f39 EqrhH8oFQmMRN10foGjV wqyhoOJuJuNfuZ1c9ZhU 6KcltWtleWJ6izN3XL0F R22TNV5lr1tmI44FcHvv C5aQkckiWq5qVUhbiI57 oakCd1HozhO35GtImcF2 RSJQdRAK7H6zYHVeXyPj yXrak2UUHdgFCsCWvgfp 6KcltWtleWJ6izN3XL0F laRDyozSdXcFtmdQ5VqD yMXdJdorJpzOHHt9uIfg bw0K7NVh1sgqlnescYkX Wvcwm6VpeYnZXpTH3IZP 61VEe5QpRdEG1AHTZmSn ddzqPXECnHQT4a4RIpSF rW1b1NT9NaRlIIxoT8XF W5rNQea9NsCafaUbLgWC nmwnnNlPCMIjajSEo2R3 63EFNMvLteBrV7Lj9nA4 dsEyS8WvuzfBZPrbbzZx RDnAjQbgrCahBSBieO1p 61VEe5QpRdEG1AHTZmSn NqvNOj5h3GSbJm5NawjL qmJjxb5ffqkJdxtR9mHb x81SdeDfzbsk8wgCHcJT 468JV90VoJDfHRf7bwGC 2YL9dYowMkTTxjU0fVal cXmjc3Wu4kjM1IHGgfA5 TrUW9m3qjkTMvqHNRot0 61VEe5QpRdEG1AHTZmSn oq1GulTWdKtwAlNIQxnY 1uTE034Q24DWmybWBbX4 72cxNTZ1Tw5teVGiR2xj CgUyoeVDFzkf0g6EiF8w aGWdv30UuUFiszMErlJF 1uTE034Q24DWmybWBbX4 eULKHiriYHElwEbrQo2X l5OFQGDhW1xJJ8ERuglz zbsjvfwSdNExCnTFLo8x 4wWd3kvalFkda9M583i7 btiXecpJBKmrIHtQ7jPA UQEmoPmHSH2FlTDuXOEx Wf6tYlitgmZKoXfughsS Ca5sYccbD9TUz7JLHrcf hC71hIuyRaST3AiaSZqg
100
1uTE034Q24DWmybWBbX4 1uTE034Q24DWmybWBbX4
3MmCPAjYheu6g9TkIxDm 3MmCPAjYheu6g9TkIxDm
FE29I03FH1qEyEvIQNGT FE29I03FH1qEyEvIQNGT
6KcltWtleWJ6izN3XL0F 6KcltWtleWJ6izN3XL0F
61VEe5QpRdEG1AHTZmSn 61VEe5QpRdEG1AHTZmSn
7DZfG4yobV0xCcSaxf27 7DZfG4yobV0xCcSaxf27
cXmjc3Wu4kjM1IHGgfA5 cXmjc3Wu4kjM1IHGgfA5
Z2YJKymsE6JEohxl2CgC Z2YJKymsE6JEohxl2CgC
aGWdv30UuUFiszMErlJF aGWdv30UuUFiszMErlJF
yMXdJdorJpzOHHt9uIfg yMXdJdorJpzOHHt9uIfg
oakCd1HozhO35GtImcF2 oakCd1HozhO35GtImcF2
5doygtE58PVlrfBbaaxD 5doygtE58PVlrfBbaaxD
VkEnPX1CQCoh4CxlXSlf VkEnPX1CQCoh4CxlXSlf
Wf6tYlitgmZKoXfughsS Wf6tYlitgmZKoXfughsS
mkGdh9qd7uj9x5W3Koxj mkGdh9qd7uj9x5W3Koxj
dsEyS8WvuzfBZPrbbzZx dsEyS8WvuzfBZPrbbzZx
z0rRwRZbA1TaaAgS8PYu z0rRwRZbA1TaaAgS8PYu
NqvNOj5h3GSbJm5NawjL NqvNOj5h3GSbJm5NawjL
g5fwwkfUKem4JdibLkXM g5fwwkfUKem4JdibLkXM
OLGSBuAPLZmdhTN6ApoS OLGSBuAPLZmdhTN6ApoS
2YL9dYowMkTTxjU0fVal 2YL9dYowMkTTxjU0fVal
P6PcaiimLTne6w5m7SJi P6PcaiimLTne6w5m7SJi
8IUV6HBSYn47shRwVW5F 8IUV6HBSYn47shRwVW5F
RNtZ6m1O9hQj2ovJiJE3 RNtZ6m1O9hQj2ovJiJE3
Tgouk8HApNFShyYjQedR Tgouk8HApNFShyYjQedR
EEWjQ3rZ3GM9oucA2vc5 EEWjQ3rZ3GM9oucA2vc5
wqyhoOJuJuNfuZ1c9ZhU wqyhoOJuJuNfuZ1c9ZhU
4MuL6AbQo2ozZ4x7psrd 4MuL6AbQo2ozZ4x7psrd
RDnAjQbgrCahBSBieO1p RDnAjQbgrCahBSBieO1p
72cxNTZ1Tw5teVGiR2xj 72cxNTZ1Tw5teVGiR2xj
EqrhH8oFQmMRN10foGjV EqrhH8oFQmMRN10foGjV
gZiMcGUkLd8qaWleLH1T gZiMcGUkLd8qaWleLH1T
btiXecpJBKmrIHtQ7jPA btiXecpJBKmrIHtQ7jPA
6jnt0RQvUBeXBhrLOwzh 6jnt0RQvUBeXBhrLOwzh
b9q1t3OMZ6dXE5R6ca5w b9q1t3OMZ6dXE5R6ca5w
PFAHK1LPbENiUm01N8B0 PFAHK1LPbENiUm01N8B0
JuSdCG8HSUzwufkmRvTN JuSdCG8HSUzwufkmRvTN
CgUyoeVDFzkf0g6EiF8w CgUyoeVDFzkf0g6EiF8w
Mufarp9xGx29xj0P1ijS Mufarp9xGx29xj0P1ijS
lVjpvSHc5hBrS7dzTmI1 lVjpvSHc5hBrS7dzTmI1
eULKHiriYHElwEbrQo2X eULKHiriYHElwEbrQo2X
468JV90VoJDfHRf7bwGC 468JV90VoJDfHRf7bwGC
1Oc2bGjHzXrMLiYLik5Z 1Oc2bGjHzXrMLiYLik5Z
zbsjvfwSdNExCnTFLo8x zbsjvfwSdNExCnTFLo8x
jLS4UljOCe6h8LwAOGRX jLS4UljOCe6h8LwAOGRX
1wSeohNTb1oCspxe2x4j 1wSeohNTb1oCspxe2x4j
24YcTAlCtPoNC11H3BAQ 24YcTAlCtPoNC11H3BAQ
nOsoIFzZBhdd6bjP45Ba nOsoIFzZBhdd6bjP45Ba
OBEPyJuvhH0Z9VoT2UNC OBEPyJuvhH0Z9VoT2UNC
C5aQkckiWq5qVUhbiI57 C5aQkckiWq5qVUhbiI57
Dv6lwBgjbbZceuQXFzFf Dv6lwBgjbbZceuQXFzFf
ddzqPXECnHQT4a4RIpSF ddzqPXECnHQT4a4RIpSF
QYsTJmc2IUi36H1YK47s QYsTJmc2IUi36H1YK47s
YygsiZkXDS9oQ07w4psX YygsiZkXDS9oQ07w4psX
sCcEFmBkhTop4sycKzuM sCcEFmBkhTop4sycKzuM
fuNQ8Sfy86k6zaBQjwEz fuNQ8Sfy86k6zaBQjwEz
LI8fhHKJlh7mQx1nNK0m LI8fhHKJlh7mQx1nNK0m
t9sTQNaMU9o2HF5pm7xT t9sTQNaMU9o2HF5pm7xT
8w6JkwNghwwfzVWZlMG6 8w6JkwNghwwfzVWZlMG6
Ca5sYccbD9TUz7JLHrcf Ca5sYccbD9TUz7JLHrcf
nmwnnNlPCMIjajSEo2R3 nmwnnNlPCMIjajSEo2R3
WgneGAZv4qtDq8Q5DYZf WgneGAZv4qtDq8Q5DYZf
2dfprAgHp3T6RrgooKgP 2dfprAgHp3T6RrgooKgP
UQEmoPmHSH2FlTDuXOEx UQEmoPmHSH2FlTDuXOEx
l5OFQGDhW1xJJ8ERuglz l5OFQGDhW1xJJ8ERuglz
TrUW9m3qjkTMvqHNRot0 TrUW9m3qjkTMvqHNRot0
kuIwHVHn49UEM4TprHKr kuIwHVHn49UEM4TprHKr
oq1GulTWdKtwAlNIQxnY oq1GulTWdKtwAlNIQxnY
xtgYSd34f56WAH3CCBpW xtgYSd34f56WAH3CCBpW
QHOT9LWV0s6xVVreglDh QHOT9LWV0s6xVVreglDh
Mi1upMhcgP7iV16OWKN5 Mi1upMhcgP7iV16OWKN5
yXrak2UUHdgFCsCWvgfp yXrak2UUHdgFCsCWvgfp
NXZByMrsstrrXRLxVcyg NXZByMrsstrrXRLxVcyg
IWOalMs6IXX5Ln6F9Eov IWOalMs6IXX5Ln6F9Eov
KqTw626stjcdChciHrJ6 KqTw626stjcdChciHrJ6
DmIjX4adnoqSEDmx2f39 DmIjX4adnoqSEDmx2f39
COVfDobG5VcfcSxLDUch COVfDobG5VcfcSxLDUch
OAcbYkMyAi1Iu0vWaaFc OAcbYkMyAi1Iu0vWaaFc
W5rNQea9NsCafaUbLgWC W5rNQea9NsCafaUbLgWC
2TderjwrXrNV2UBZ77eD 2TderjwrXrNV2UBZ77eD
rW1b1NT9NaRlIIxoT8XF rW1b1NT9NaRlIIxoT8XF
v0QCMKnmfkXllH4nQHen v0QCMKnmfkXllH4nQHen
laRDyozSdXcFtmdQ5VqD laRDyozSdXcFtmdQ5VqD
IC3wlDskAWyf0o1M61kl IC3wlDskAWyf0o1M61kl
1ae7bJScGomdGEdgag5b 1ae7bJScGomdGEdgag5b
4wWd3kvalFkda9M583i7 4wWd3kvalFkda9M583i7
nnG2z19YXqYOoAxMQkFV nnG2z19YXqYOoAxMQkFV
2QgUKFj4HV0dn5Ia55tj 2QgUKFj4HV0dn5Ia55tj
ymIUUgCvgB7r5le0Mh11 ymIUUgCvgB7r5le0Mh11
x81SdeDfzbsk8wgCHcJT x81SdeDfzbsk8wgCHcJT
qyWH5Ui5kFJGpXM7i2RZ qyWH5Ui5kFJGpXM7i2RZ
bw0K7NVh1sgqlnescYkX bw0K7NVh1sgqlnescYkX
NWAZrSnr0i1Dj5TA6dLc NWAZrSnr0i1Dj5TA6dLc
vXrEXAmThLoQVXFImZcg vXrEXAmThLoQVXFImZcg
g6Fit1BcwBIbAAJnBKGn g6Fit1BcwBIbAAJnBKGn
63EFNMvLteBrV7Lj9nA4 63EFNMvLteBrV7Lj9nA4
qsbRHSDlSHG3Ep5gugbq qsbRHSDlSHG3Ep5gugbq
RSJQdRAK7H6zYHVeXyPj RSJQdRAK7H6zYHVeXyPj
fzCA3w8Mu664WC0yRZb5 fzCA3w8Mu664WC0yRZb5
R22TNV5lr1tmI44FcHvv R22TNV5lr1tmI44FcHvv
