Jacksonville Milwaukee Tucson Columbus Detroit Tulsa Albuquerque Tulsa Minneapolis Chicago ColoradoSprings VirginiaBeach Nashville ElPaso Nashville SanFrancisco Atlanta Fresno Atlanta Louisville Arlington Portland Seattle LasVegas LongBeach Baltimore Philadelphia Oakland Phoenix OklahomaCity FortWorth SanJose Boston SanJose Indianapolis LosAngeles Raleigh Memphis Raleigh Austin Washington Jacksonville
25
LosAngeles LosAngeles
Phoenix Phoenix
Philadelphia Philadelphia
SanJose SanJose
Austin Austin
Jacksonville Jacksonville
FortWorth FortWorth
Columbus Columbus
SanFrancisco SanFrancisco
Indianapolis Indianapolis
Seattle Seattle
Boston Boston
ElPaso ElPaso
Portland Portland
Memphis Memphis
LasVegas LasVegas
Louisville Louisville
Albuquerque Albuquerque
Tucson Tucson
Fresno Fresno
Atlanta Atlanta
LongBeach LongBeach
VirginiaBeach VirginiaBeach
Minneapolis Minneapolis
Tulsa Tulsa
