SaintPaul Indianapolis Mesa Baltimore LongBeach FortWorth Louisville Newark FortWayne Anchorage FortWayne Aurora Austin SanAntonio Austin ElPaso Chandler NewOrleans KansasCity Fresno Spokane Fresno Lexington Detroit Plano Washington Chesapeake Lubbock StPetersburg Henderson StPetersburg Cincinnati Phoenix Charlotte Phoenix Charlotte ElPaso Pittsburgh SantaAna Durham WinstonSalem Oakland Atlanta Omaha Miami Laredo JerseyCity Lincoln Minneapolis Bakersfield OklahomaCity Hialeah Glendale Columbus Milwaukee Stockton Houston Tampa SanDiego Dallas Tucson Raleigh Tucson Detroit Denver Scottsdale Newark Honolulu Memphis Louisville Madison SanJose SaintPaul
50
Houston Houston
Phoenix Phoenix
SanAntonio SanAntonio
SanDiego SanDiego
Dallas Dallas
SanJose SanJose
Austin Austin
FortWorth FortWorth
Columbus Columbus
Charlotte Charlotte
Indianapolis Indianapolis
Denver Denver
ElPaso ElPaso
Memphis Memphis
OklahomaCity OklahomaCity
Baltimore Baltimore
Milwaukee Milwaukee
Tucson Tucson
Atlanta Atlanta
Raleigh Raleigh
LongBeach LongBeach
Tampa Tampa
NewOrleans NewOrleans
Bakersfield Bakersfield
Aurora Aurora
Honolulu Honolulu
SantaAna SantaAna
Lexington Lexington
Stockton Stockton
Henderson Henderson
Cincinnati Cincinnati
Pittsburgh Pittsburgh
Anchorage Anchorage
Plano Plano
Lincoln Lincoln
Newark Newark
Durham Durham
FortWayne FortWayne
JerseyCity JerseyCity
StPetersburg StPetersburg
Laredo Laredo
Madison Madison
Chandler Chandler
Lubbock Lubbock
Scottsdale Scottsdale
Glendale Glendale
WinstonSalem WinstonSalem
Chesapeake Chesapeake
Hialeah Hialeah
Spokane Spokane
