Chattanooga Cleveland SanAntonio Memphis Wichita Fayetteville Richmond Mesa Norfolk Frisco Orange Boston KansasCity Brownsville Jackson Corona Fresno Worcester Fresno GrandRapids Clarksville Yonkers Durham MorenoValley Anaheim MorenoValley Henderson Toledo GardenGrove Ontario Salem Boston SanJose Louisville Boise SanBernardino Fremont Huntsville Tacoma Oxnard McAllen ElkGrove SanFrancisco Honolulu Portland Jacksonville Portland Joliet Madison Lincoln Fontana Lincoln CapeCoral LittleRock Denver SanJose Denton Lexington Baltimore Aurora Lexington Oceanside Paterson Cincinnati WinstonSalem Knoxville Berkeley Springfield Spokane Alexandria NewportNews DesMoines Austin Vancouver Detroit BatonRouge Bakersfield Fresno MorenoValley Charlotte Murfreesboro Surprise Houston Denton Tempe Scottsdale Riverside Indianapolis FortLauderdale Savannah FortLauderdale SanDiego Arlington ChulaVista Akron Tucson Newark Tucson Akron Hayward SantaClarita NewYork Syracuse Irvine Chicago SantaAna Lubbock Corona FortWorth VirginiaBeach Glendale Portland Chicago Naperville Orlando Albuquerque Waco Albuquerque LosAngeles Pomona Buffalo Tallahassee LongBeach GrandPrairie OverlandPark Olathe Anchorage Midland Anchorage Phoenix LittleRock Shreveport Raleigh Norfolk SaintPaul Washington Chandler PortStLucie Plano LasVegas ElPaso Chattanooga
100
NewYork NewYork
LosAngeles LosAngeles
Chicago Chicago
Phoenix Phoenix
SanAntonio SanAntonio
SanDiego SanDiego
SanJose SanJose
Austin Austin
Jacksonville Jacksonville
FortWorth FortWorth
SanFrancisco SanFrancisco
Charlotte Charlotte
Indianapolis Indianapolis
Washington Washington
Boston Boston
ElPaso ElPaso
Memphis Memphis
Louisville Louisville
Baltimore Baltimore
KansasCity KansasCity
Raleigh Raleigh
Wichita Wichita
Cleveland Cleveland
Bakersfield Bakersfield
Aurora Aurora
Anaheim Anaheim
Honolulu Honolulu
SantaAna SantaAna
Riverside Riverside
Lexington Lexington
Henderson Henderson
SaintPaul SaintPaul
Cincinnati Cincinnati
Anchorage Anchorage
Plano Plano
Lincoln Lincoln
Orlando Orlando
Irvine Irvine
Newark Newark
Toledo Toledo
Durham Durham
ChulaVista ChulaVista
Madison Madison
Buffalo Buffalo
Lubbock Lubbock
Scottsdale Scottsdale
Glendale Glendale
Fremont Fremont
Boise Boise
Richmond Richmond
BatonRouge BatonRouge
Spokane Spokane
DesMoines DesMoines
Tacoma Tacoma
SanBernardino SanBernardino
Fontana Fontana
SantaClarita SantaClarita
Oxnard Oxnard
Fayetteville Fayetteville
GrandRapids GrandRapids
Yonkers Yonkers
Akron Akron
LittleRock LittleRock
PortStLucie PortStLucie
GrandPrairie GrandPrairie
Tallahassee Tallahassee
Tempe Tempe
CapeCoral CapeCoral
Shreveport Shreveport
Frisco Frisco
Knoxville Knoxville
Worcester Worcester
Brownsville Brownsville
Vancouver Vancouver
FortLauderdale FortLauderdale
Ontario Ontario
NewportNews NewportNews
Oceanside Oceanside
Salem Salem
GardenGrove GardenGrove
Corona Corona
Springfield Springfield
Jackson Jackson
Alexandria Alexandria
Hayward Hayward
Pomona Pomona
Naperville Naperville
Joliet Joliet
Savannah Savannah
Paterson Paterson
McAllen McAllen
Syracuse Syracuse
Midland Midland
Berkeley Berkeley
Murfreesboro Murfreesboro
Olathe Olathe
Orange Orange
Denton Denton
Waco Waco
Surprise Surprise
