Hernandezville Joelview Mitchellchester Lopezmouth Dixonton Francesmouth Richardville Francesmouth Dixonton Keithton Aprilstad Keithton Andrewland Keithton Dixonton Lopezmouth Heathermouth Emilymouth Heathermouth Lopezview Robertsfort Lopezview Heathermouth Lopezmouth Mitchellchester Sheabury Maysfort Huynhton Maysfort Sheabury Mitchellchester Joelview Farmerside Ryanton Williamsmouth Johnstonmouth Williamsmouth Mcdonaldmouth Adkinsfurt Mcdonaldmouth Williamsmouth Ryanton Farmerside Gabriellabury Murphyberg Hendersonchester Murphyberg Gabriellabury Courtneyfurt Morrisbury Courtneyfurt Contrerasland Courtneyfurt Gabriellabury Farmerside Ralphtown Stricklandbury Tylermouth Deanstad Tylermouth Stricklandbury Ralphtown Garciaport Charlesburgh Angelaview Charlesburgh Garciaport Ralphtown Farmerside Joelview Downsville Williammouth Haasville Williammouth Downsville Richardhaven Tammychester Rebeccaton Tammychester Richardhaven Downsville Joelview Hernandezville Beckyshire Ponceville Garymouth Camposstad Williamsville Camposstad Donaldstad Thomastown Donaldstad Camposstad Garymouth Christophertown Crystaltown Johnsontown Crystaltown Christophertown Garymouth Ponceville Mcculloughchester Jonestown Barbarachester Jonesberg Barbarachester Jonestown Kellyfort Pittsland Kellyfort Tinatown Kellyfort Jonestown Mcculloughchester Crystalchester Smithmouth Robertborough Smithmouth Crystalchester Mcculloughchester Ponceville Bridgesville Dennisstad Wilsonburgh Harristown Wilsonburgh Josephton Wilsonburgh Dennisstad Bridgesville Esparzaberg Kristinbury Allenberg Kristinbury Esparzaberg Thomasburgh Johnsonmouth Thomasburgh Sanchezland Thomasburgh Esparzaberg Bridgesville Riveramouth Bradshawside Wandaside Bradshawside Riveramouth Martinton Brianland Martinton Deborahfort Martinton Riveramouth Bridgesville Ponceville Beckyshire Derekton Thomaschester Mcfarlandville Belindamouth Mcfarlandville Thomaschester Derekton Wallaceville Morenoside Amberfurt Morenoside Johnport Morenoside Wallaceville Derekton Beckyshire Hernandezville
50
Kellyfort Kellyfort
Johnsontown Johnsontown
Tammychester Tammychester
Johnsonmouth Johnsonmouth
Johnport Johnport
Charlesburgh Charlesburgh
Barbarachester Barbarachester
Belindamouth Belindamouth
Kristinbury Kristinbury
Donaldstad Donaldstad
Contrerasland Contrerasland
Tinatown Tinatown
Smithmouth Smithmouth
Hendersonchester Hendersonchester
Josephton Josephton
Rebeccaton Rebeccaton
Martinton Martinton
Thomasburgh Thomasburgh
Andrewland Andrewland
Emilymouth Emilymouth
Robertborough Robertborough
Tylermouth Tylermouth
Bradshawside Bradshawside
Wandaside Wandaside
Lopezview Lopezview
Brianland Brianland
Deborahfort Deborahfort
Wilsonburgh Wilsonburgh
Robertsfort Robertsfort
Aprilstad Aprilstad
Haasville Haasville
Keithton Keithton
Amberfurt Amberfurt
Adkinsfurt Adkinsfurt
Harristown Harristown
Huynhton Huynhton
Williamsville Williamsville
Morrisbury Morrisbury
Deanstad Deanstad
Pittsland Pittsland
Angelaview Angelaview
Thomastown Thomastown
Johnstonmouth Johnstonmouth
Jonesberg Jonesberg
Mcdonaldmouth Mcdonaldmouth
Allenberg Allenberg
Richardville Richardville
Sanchezland Sanchezland
Crystaltown Crystaltown
Francesmouth Francesmouth
