Porterton Dianashire Burgessview Billton Banksburgh Simmonsburgh Michaelville Williamland Michaelville Simmonsburgh Banksburgh Yvonneborough Parkermouth Shawnfort Parkermouth Yvonneborough Banksburgh Billton Burgessview Williamfort Williamport Ashleystad Codyton Mindyview Codyton Ryanside Codyton Ashleystad Holthaven Vickiville Holthaven Ashleystad Williamport Williamfort Moodyburgh Heatherberg Thomasborough Ortegaberg Thomasborough Masseyside Thomasborough Heatherberg Moodyburgh Gregoryberg Smithfort Millerborough Smithfort Gregoryberg Moodyburgh Williamfort Thomasville Lopezburgh Byrdfurt Loweryborough Byrdfurt Garciamouth Byrdfurt Lopezburgh Leahmouth Lopezburgh Thomasville Williamfort Burgessview Marcusburgh Matthewburgh Virginiastad Johnsonberg Virginiastad Robinsonmouth Horneside Robinsonmouth Virginiastad Matthewburgh Bondfort Adamview Harrisborough Adamview Bondfort Shawnmouth Priceville Shawnmouth Buckleyside Shawnmouth Bondfort Matthewburgh Marcusburgh Fletcherland Kingview Williamschester Mirandaview Williamschester Kingview Fletcherland Willisfurt Ortizberg Willisfurt Fletcherland Marcusburgh Tylerbury Jamestown Wilsonstad Jamestown Tylerbury Paultown Hansonbury Paultown Tylerbury Marcusburgh Burgessview Dianashire Ashleyborough Paulburgh Walltown Callahantown Maryport Reynoldsview Maryport Combsville Maryport Callahantown Walltown Johnberg Williamshire Johnberg Walltown Scotttown Jacksonview Danielville Jacksonview Scotttown Walltown Paulburgh Robertsstad Toddtown Swansonshire Abigailhaven Swansonshire Toddtown Robertsstad Paulburgh Ashleyborough Osborneville Payneview Jacksonville Jennifertown Feliciaville Jennifertown Jacksonville Christopherhaven Jacksonville Payneview Barnesmouth Clarkborough Barnesmouth Harrisport Brendaview Harrisport Barnesmouth Payneview Teresafort Smithtown Abigailville Smithtown Jacksonland Smithtown Teresafort Calvinton Teresafort Payneview Osborneville Christophermouth Shawnhaven Candaceborough Shawnhaven Dannyside Shawnhaven Christophermouth Osborneville Ashleyborough Clarkberg Reevestown Judithview Michaelview Clarenceview Michaelview Judithview Reevestown Clarkberg Burtonview Murphyside Bakertown Derekville Bakertown Jameston Bakertown Murphyside Burtonview Clarkberg Ashleyborough Dianashire Porterton Wallton Davisstad Jacksonton Singletonton Clarkbury Jermaineton Clarkbury Singletonton Jacksonton Davisstad Leechester Castanedachester Suttonville Castanedachester Leechester Pettyton Bondmouth Mercedesmouth Bondmouth Taylorton Bondmouth Pettyton Jonesfurt Pettyton Leechester Davisstad Newmanburgh Gallowaymouth Rioshaven Josephstad Rioshaven Gallowaymouth Newmanburgh Davisstad Wallton Danielleport Scottburgh Laurenbury Haleview Hallstad Haleview Laurenbury Scottburgh Danielleport Cooperton Lopezborough Waltersmouth Adamport Waltersmouth Adkinsberg Waltersmouth Lopezborough Cooperton Danielleport Melissaview Cheyennefurt Watsonville Robertomouth Watsonville Christyland Watsonville Cheyennefurt Thompsonshire Cheyennefurt Melissaview Campbellhaven Annberg Dyerport Annberg Houstonchester Annberg Campbellhaven Melissaview Danielleport Wallton Derekmouth Charlesberg Kevinberg Patriciabury Troyfort Patriciabury Thomasmouth Patriciabury Kevinberg Adamside Andrewschester Adamside Bradberg Adamside Kevinberg Charlesberg Sethland Ellisstad Osbornemouth Ellisstad Sethland Tannerhaven Sethland Charlesberg Weberbury Clarkport Weberbury Kimberlyburgh Candiceland Kimberlyburgh Weberbury Charlesberg Derekmouth Geraldside Michellehaven Ramosborough Fordhaven Ramosborough Michellehaven Cranemouth Joneschester Cranemouth Michellehaven Geraldside Joseport Gabrielburgh Hodgesstad Gabrielburgh Joseport Hallborough Kylieview Hallborough Joseport Geraldside Derekmouth Jeffreyfort Garytown Audreyfort Patriciaside Audreyfort Garytown Jeffreyfort Johnsonchester Nealfurt Johnsonchester Susanfort Johnsonchester Jeffreyfort Derekmouth Wallton Porterton
100
Abigailhaven Abigailhaven
Williamshire Williamshire
Osbornemouth Osbornemouth
Bondmouth Bondmouth
Swansonshire Swansonshire
Smithfort Smithfort
Kimberlyburgh Kimberlyburgh
Thompsonshire Thompsonshire
Adamport Adamport
Jonesfurt Jonesfurt
Mindyview Mindyview
Loweryborough Loweryborough
Michaelview Michaelview
Ramosborough Ramosborough
Shawnmouth Shawnmouth
Audreyfort Audreyfort
Calvinton Calvinton
Parkermouth Parkermouth
Gabrielburgh Gabrielburgh
Smithtown Smithtown
Michaelville Michaelville
Tannerhaven Tannerhaven
Harrisborough Harrisborough
Vickiville Vickiville
Clarkport Clarkport
Jermaineton Jermaineton
Codyton Codyton
Robinsonmouth Robinsonmouth
Abigailville Abigailville
Wilsonstad Wilsonstad
Williamschester Williamschester
Annberg Annberg
Josephstad Josephstad
Jacksonview Jacksonview
Ortizberg Ortizberg
Kylieview Kylieview
Adamview Adamview
Nealfurt Nealfurt
Candaceborough Candaceborough
Garciamouth Garciamouth
Fordhaven Fordhaven
Feliciaville Feliciaville
Hallborough Hallborough
Horneside Horneside
Dannyside Dannyside
Derekville Derekville
Christyland Christyland
Susanfort Susanfort
Leahmouth Leahmouth
Brendaview Brendaview
Dyerport Dyerport
Watsonville Watsonville
Byrdfurt Byrdfurt
Harrisport Harrisport
Clarkbury Clarkbury
Hansonbury Hansonbury
Jennifertown Jennifertown
Priceville Priceville
Hallstad Hallstad
Danielville Danielville
Masseyside Masseyside
Andrewschester Andrewschester
Jameston Jameston
Combsville Combsville
Buckleyside Buckleyside
Reynoldsview Reynoldsview
Bakertown Bakertown
Adkinsberg Adkinsberg
Johnsonberg Johnsonberg
Clarenceview Clarenceview
Bradberg Bradberg
Maryport Maryport
Mercedesmouth Mercedesmouth
Thomasborough Thomasborough
Millerborough Millerborough
Ellisstad Ellisstad
Ryanside Ryanside
Hodgesstad Hodgesstad
Candiceland Candiceland
Taylorton Taylorton
Patriciabury Patriciabury
Ortegaberg Ortegaberg
Christopherhaven Christopherhaven
Houstonchester Houstonchester
Clarkborough Clarkborough
Suttonville Suttonville
Patriciaside Patriciaside
Williamland Williamland
Holthaven Holthaven
Troyfort Troyfort
Joneschester Joneschester
Shawnfort Shawnfort
Thomasmouth Thomasmouth
Adamside Adamside
Mirandaview Mirandaview
Rioshaven Rioshaven
Robertomouth Robertomouth
Haleview Haleview
Jacksonland Jacksonland
Cranemouth Cranemouth
