Taylorville Alejandroport Deborahfurt Jacobberg Foleyhaven Jacobberg Deborahfurt Anthonyburgh Martinezfort Ericksonmouth Martinezfort Anthonyburgh Deborahfurt Alejandroport Taylorville Weberside Jonesbury Jamestown Glasston Jamestown Nicholefurt Jamestown Jonesbury Lloydton Smithborough Lloydton Stephensonburgh Lloydton Jonesbury Weberside Eduardotown Sullivanmouth Michaelville Sullivanmouth Underwoodborough Sullivanmouth Eduardotown Weberside Taylorville Alejandroport Shawnport Mariaview Kristenmouth Stevenshire Kristenmouth Alexmouth Kristenmouth Mariaview Saraport Lewisburgh Saraport Underwoodmouth Saraport Mariaview Shawnport Alejandroport Ashleyland Kathyfort Hawkinsland Ayalabury Hawkinsland Camposstad Hawkinsland Kathyfort Ashleyland Alejandroport Taylorville Valerietown Stewartberg Tinaville Steventown Tinaville Nicholasshire Tinaville Stewartberg Valerietown Johnmouth Kempshire Michaelfort Kempshire Grahambury Johnsonside Grahambury Kempshire Johnmouth Valerietown Taylorville
25
Grahambury Grahambury
Jamestown Jamestown
Stephensonburgh Stephensonburgh
Alexmouth Alexmouth
Smithborough Smithborough
Underwoodmouth Underwoodmouth
Michaelville Michaelville
Ericksonmouth Ericksonmouth
Martinezfort Martinezfort
Nicholasshire Nicholasshire
Saraport Saraport
Ayalabury Ayalabury
Steventown Steventown
Hawkinsland Hawkinsland
Kristenmouth Kristenmouth
Foleyhaven Foleyhaven
Johnsonside Johnsonside
Nicholefurt Nicholefurt
Glasston Glasston
Lloydton Lloydton
Camposstad Camposstad
Michaelfort Michaelfort
Stevenshire Stevenshire
Lewisburgh Lewisburgh
Underwoodborough Underwoodborough
