0 35 40 80 2 92 86 97 87 52 0 44 1 49 1 99 0 25 33 61 0 72 79 2 1 19 8 93 0 89 64 2 46 26 65 55 34 76 50 48 27 18 3 98 23 9 5 83 28 60 22 0 13 54 53 82 69 21 74 67 96 62 45 0 56 78 1 77 68 0 73 17 2 66 14 6 84 43 20 36 95 32 81 1 42 51 88 63 0 15 0 30 29 10 71 70 12 47 7 0 16 0 58 0 91 11 31 59 75 85 2 24 39 0 90 41 94 0 57 4 38 37 0
100
0 0
1 1
2 2
3 3
4 4
5 5
6 6
7 7
8 8
9 9
10 10
11 11
12 12
13 13
14 14
15 15
16 16
17 17
18 18
19 19
20 20
21 21
22 22
23 23
24 24
25 25
26 26
27 27
28 28
29 29
30 30
31 31
32 32
33 33
34 34
35 35
36 36
37 37
38 38
39 39
40 40
41 41
42 42
43 43
44 44
45 45
46 46
47 47
48 48
49 49
50 50
51 51
52 52
53 53
54 54
55 55
56 56
57 57
58 58
59 59
60 60
61 61
62 62
63 63
64 64
65 65
66 66
67 67
68 68
69 69
70 70
71 71
72 72
73 73
74 74
75 75
76 76
77 77
78 78
79 79
80 80
81 81
82 82
83 83
84 84
85 85
86 86
87 87
88 88
89 89
90 90
91 91
92 92
93 93
94 94
95 95
96 96
97 97
98 98
99 99
