89 73 156 29 21 59 27 70 64 111 101 61 118 124 195 79 125 32 49 140 160 149 36 78 80 127 197 13 58 9 183 82 147 193 69 4 5 178 155 179 151 3 189 98 194 38 188 130 173 39 16 51 102 199 6 33 121 41 96 44 148 191 65 112 11 109 1 136 192 133 144 12 169 187 81 18 94 97 122 141 190 146 83 132 31 37 85 88 75 48 135 99 107 86 23 128 25 172 114 100 56 89
100
1 1
3 3
4 4
5 5
6 6
9 9
11 11
12 12
13 13
16 16
18 18
21 21
23 23
25 25
27 27
29 29
31 31
32 32
33 33
36 36
37 37
38 38
39 39
41 41
44 44
48 48
49 49
51 51
56 56
58 58
59 59
61 61
64 64
65 65
69 69
70 70
73 73
75 75
78 78
79 79
80 80
81 81
82 82
83 83
85 85
86 86
88 88
94 94
96 96
97 97
98 98
99 99
100 100
101 101
102 102
107 107
109 109
111 111
112 112
114 114
118 118
121 121
122 122
124 124
125 125
127 127
128 128
130 130
132 132
133 133
135 135
136 136
140 140
141 141
144 144
146 146
147 147
148 148
149 149
151 151
155 155
156 156
160 160
169 169
172 172
173 173
178 178
179 179
183 183
187 187
188 188
189 189
190 190
191 191
192 192
193 193
194 194
195 195
197 197
199 199
