fmdhlepsteinstdnkill epsteindlsfdntmkillh dnkillepsteinlshdtfm ndkillftdsmepsteinlh dhkilllsepsteinmntdf killepsteinlhtfdsmdn epsteinlshkilldnfdmt flepsteindndhmtkills killdmnsfhldepsteint epsteintdkilllnfdhms killdmnsfhldepsteint ndkillftdsmepsteinlh lmhdtfdepsteinnkills ddlmnftepsteinhskill fhndskillepsteintldm tlsfdmdepsteinnhkill stepsteinhkillfmnldd lnsmkilltfdepsteindh ntlepsteindmfdshkill killmlepsteindthnfsd fepsteinhsntddkilllm lsdepsteinfmkillndth tlmsdhdnkillfepstein tmlepsteinsdnfkillhd tlmsdhdnkillfepstein epsteinmhndfkilltdls dfslntkillmepsteindh dfkilllmtepsteinhdsn nfdhkilllsmtepsteind hkilldfepsteinmdlnts fdshnmkillepsteinltd killnsfmhdepsteindtl epsteinskilldlndhmtf lthfkilldnsmepsteind hepsteinsddnfkillmlt nkilltdhlmdepsteinsf hepsteinsddnfkillmlt ddtmkillepsteinflsnh fddsepsteinhnlkilltm msfltdkillnepsteinhd dlnsthfmepsteinkilld epsteindfhlmdnskillt fmsepsteindntldhkill nepsteinlmdkilldhfts hsndepsteindlmtkillf lndsdkilltmepsteinhf fshtdepsteinmldnkill dmdepsteinnhkilllsft epsteinfsddmthkillnl dhepsteindsnlkillfmt epsteinfsddmthkillnl hnsdkilllftdmepstein depsteinnlsfmhtkilld dmepsteinfnhltkillsd epsteinkillmsftnddlh fkillepsteindlhdnsmt nltdmsfepsteinkilldh hnfdtmlepsteinkillds hdepsteinskillldtnfm lndsdkilltmepsteinhf fshtdepsteinmldnkill hsdfepsteintlnkilldm lhepsteinkilldtnmfsd dnkillepsteinlshdtfm mftkillepsteinndlhsd dnkillepsteinlshdtfm epsteindlsfdntmkillh fmdhlepsteinstdnkill nhmkilllsftepsteindd fmdhlepsteinstdnkill
50
msfltdkillnepsteinhd msfltdkillnepsteinhd
lhepsteinkilldtnmfsd lhepsteinkilldtnmfsd
flepsteindndhmtkills flepsteindndhmtkills
hepsteinsddnfkillmlt hepsteinsddnfkillmlt
fhndskillepsteintldm fhndskillepsteintldm
nepsteinlmdkilldhfts nepsteinlmdkilldhfts
ndkillftdsmepsteinlh ndkillftdsmepsteinlh
ddtmkillepsteinflsnh ddtmkillepsteinflsnh
nltdmsfepsteinkilldh nltdmsfepsteinkilldh
lndsdkilltmepsteinhf lndsdkilltmepsteinhf
lsdepsteinfmkillndth lsdepsteinfmkillndth
killmlepsteindthnfsd killmlepsteindthnfsd
ntlepsteindmfdshkill ntlepsteindmfdshkill
dmepsteinfnhltkillsd dmepsteinfnhltkillsd
tmlepsteinsdnfkillhd tmlepsteinsdnfkillhd
epsteinmhndfkilltdls epsteinmhndfkilltdls
hdepsteinskillldtnfm hdepsteinskillldtnfm
fmsepsteindntldhkill fmsepsteindntldhkill
mftkillepsteinndlhsd mftkillepsteinndlhsd
hnsdkilllftdmepstein hnsdkilllftdmepstein
fshtdepsteinmldnkill fshtdepsteinmldnkill
epsteindlsfdntmkillh epsteindlsfdntmkillh
epsteindfhlmdnskillt epsteindfhlmdnskillt
killdmnsfhldepsteint killdmnsfhldepsteint
depsteinnlsfmhtkilld depsteinnlsfmhtkilld
tlmsdhdnkillfepstein tlmsdhdnkillfepstein
dfkilllmtepsteinhdsn dfkilllmtepsteinhdsn
epsteinskilldlndhmtf epsteinskilldlndhmtf
nfdhkilllsmtepsteind nfdhkilllsmtepsteind
dhkilllsepsteinmntdf dhkilllsepsteinmntdf
nkilltdhlmdepsteinsf nkilltdhlmdepsteinsf
hsndepsteindlmtkillf hsndepsteindlmtkillf
epsteinlshkilldnfdmt epsteinlshkilldnfdmt
dnkillepsteinlshdtfm dnkillepsteinlshdtfm
lmhdtfdepsteinnkills lmhdtfdepsteinnkills
dhepsteindsnlkillfmt dhepsteindsnlkillfmt
fdshnmkillepsteinltd fdshnmkillepsteinltd
killnsfmhdepsteindtl killnsfmhdepsteindtl
tlsfdmdepsteinnhkill tlsfdmdepsteinnhkill
epsteinkillmsftnddlh epsteinkillmsftnddlh
stepsteinhkillfmnldd stepsteinhkillfmnldd
hnfdtmlepsteinkillds hnfdtmlepsteinkillds
fepsteinhsntddkilllm fepsteinhsntddkilllm
killepsteinlhtfdsmdn killepsteinlhtfdsmdn
epsteintdkilllnfdhms epsteintdkilllnfdhms
hsdfepsteintlnkilldm hsdfepsteintlnkilldm
dlnsthfmepsteinkilld dlnsthfmepsteinkilld
ddlmnftepsteinhskill ddlmnftepsteinhskill
lnsmkilltfdepsteindh lnsmkilltfdepsteindh
nhmkilllsftepsteindd nhmkilllsftepsteindd
