tepsteinfdkilldlmhns nlhtdsdepsteinfmkill killepsteintdldshfnm thmepsteinlkillfsndd mfskillnhlddtepstein epsteindsmnlfdtkillh mfskillnhlddtepstein dhlepsteindkillsmtnf lepsteinfdkillsdnmht nfdhepsteinltsdmkill nkillsdtdhfmlepstein epsteinthsdmndkillfl snldmtkillfepsteindh msnepsteinfkillhtdld fnmhskilldepsteinltd msnepsteinfkillhtdld hkillmepsteinstdfdnl msnepsteinfkillhtdld epsteinsdfmhltkillnd slepsteinftndkillmdh htskillepsteindnlfdm ndlmhepsteintdskillf tmhsnfepsteinldkilld ndlmhepsteintdskillf hepsteinnfstkilllmdd tskillepsteinhfmddnl thsfnmkilldlepsteind ndlepsteinhdtskillfm ldnmepsteinhfstdkill skilldnmlhdftepstein ldnmepsteinhfstdkill hfskillnepsteinldtdm killnfhdsdltepsteinm hfskillnepsteinldtdm hepsteinnfstkilllmdd nkillsdtdhfmlepstein hldmepsteindsnkilltf nmhdkilltslepsteinfd fnlskillhtepsteindmd hdepsteinsmdtnflkill tepsteinfdkilldlmhns
25
ndlmhepsteintdskillf ndlmhepsteintdskillf
nfdhepsteinltsdmkill nfdhepsteinltsdmkill
lepsteinfdkillsdnmht lepsteinfdkillsdnmht
nlhtdsdepsteinfmkill nlhtdsdepsteinfmkill
hepsteinnfstkilllmdd hepsteinnfstkilllmdd
dhlepsteindkillsmtnf dhlepsteindkillsmtnf
nkillsdtdhfmlepstein nkillsdtdhfmlepstein
msnepsteinfkillhtdld msnepsteinfkillhtdld
fnlskillhtepsteindmd fnlskillhtepsteindmd
tskillepsteinhfmddnl tskillepsteinhfmddnl
hkillmepsteinstdfdnl hkillmepsteinstdfdnl
hldmepsteindsnkilltf hldmepsteindsnkilltf
killepsteintdldshfnm killepsteintdldshfnm
epsteinthsdmndkillfl epsteinthsdmndkillfl
hdepsteinsmdtnflkill hdepsteinsmdtnflkill
fnmhskilldepsteinltd fnmhskilldepsteinltd
ndlepsteinhdtskillfm ndlepsteinhdtskillfm
snldmtkillfepsteindh snldmtkillfepsteindh
epsteindsmnlfdtkillh epsteindsmnlfdtkillh
htskillepsteindnlfdm htskillepsteindnlfdm
thmepsteinlkillfsndd thmepsteinlkillfsndd
tmhsnfepsteinldkilld tmhsnfepsteinldkilld
skilldnmlhdftepstein skilldnmlhdftepstein
epsteinsdfmhltkillnd epsteinsdfmhltkillnd
killnfhdsdltepsteinm killnfhdsdltepsteinm
