FortCollins Hemet Knoxville Harlingen Aberdeen Danbury Evansville Abilene Joliet LasCruces Anchorage Lancaster Fairfield Aberdeen Abilene Boise ElPaso CollegeStation Akron Carrollton Frederick Lafayette Lakewood Hampton Cleveland Aberdeen Anaheim Kennewick Abilene Austin Irvine Aberdeen Fontana Harrisburg DavidsonCounty Aberdeen ElMonte Berkeley CapeCoral Aberdeen GrandRapids Garland Akron CedarRapids Lorain Chicago Atlanta Manchester Leominster Bakersfield AnnArbor Baltimore BonitaSprings Hollywood Grayslake Allentown AppleValley Abilene Detroit Lacey Brighton Fremont Cary Irving Akron Lubbock Louisville Barnstable Brownsville Fayetteville Appleton Jefferson Dallas Bradenton Abilene Akron LittleRock Henderson Bremerton Champaign Elkhart Elizabeth Akron FortWaltonBeach Amarillo Alexandria Amarillo BoiseCity Eugene Bethlehem Beaumont Jacksonville Gilbert Augusta Albuquerque Burbank Indianapolis Albuquerque Erie Arvada Hickory Inglewood Albany Fargo Kalamazoo Fresno Houston DalyCity Albany Chandler DesMoines Abilene ColoradoSprings Albany Denver Layton Bellevue Lakeland Aberdeen Independence FortCollins
100
Aberdeen Aberdeen
Abilene Abilene
Akron Akron
Albuquerque Albuquerque
Alexandria Alexandria
Allentown Allentown
Amarillo Amarillo
Anaheim Anaheim
Anchorage Anchorage
AnnArbor AnnArbor
AppleValley AppleValley
Appleton Appleton
Arvada Arvada
Atlanta Atlanta
Augusta Augusta
Austin Austin
Bakersfield Bakersfield
Baltimore Baltimore
Barnstable Barnstable
Beaumont Beaumont
Bellevue Bellevue
Berkeley Berkeley
Bethlehem Bethlehem
Boise Boise
BoiseCity BoiseCity
BonitaSprings BonitaSprings
Bradenton Bradenton
Bremerton Bremerton
Brighton Brighton
Brownsville Brownsville
Burbank Burbank
CapeCoral CapeCoral
Carrollton Carrollton
Cary Cary
CedarRapids CedarRapids
Champaign Champaign
Chandler Chandler
Chicago Chicago
Cleveland Cleveland
CollegeStation CollegeStation
ColoradoSprings ColoradoSprings
Dallas Dallas
DalyCity DalyCity
Danbury Danbury
DavidsonCounty DavidsonCounty
Denver Denver
DesMoines DesMoines
Detroit Detroit
ElMonte ElMonte
ElPaso ElPaso
Elizabeth Elizabeth
Elkhart Elkhart
Erie Erie
Eugene Eugene
Evansville Evansville
Fairfield Fairfield
Fargo Fargo
Fayetteville Fayetteville
Fontana Fontana
FortCollins FortCollins
FortWaltonBeach FortWaltonBeach
Frederick Frederick
Fremont Fremont
Fresno Fresno
Garland Garland
Gilbert Gilbert
GrandRapids GrandRapids
Grayslake Grayslake
Hampton Hampton
Harlingen Harlingen
Harrisburg Harrisburg
Hemet Hemet
Henderson Henderson
Hickory Hickory
Hollywood Hollywood
Houston Houston
Independence Independence
Indianapolis Indianapolis
Inglewood Inglewood
Irvine Irvine
Irving Irving
Jacksonville Jacksonville
Jefferson Jefferson
Joliet Joliet
Kalamazoo Kalamazoo
Kennewick Kennewick
Knoxville Knoxville
Lacey Lacey
Lafayette Lafayette
Lakeland Lakeland
Lakewood Lakewood
Lancaster Lancaster
LasCruces LasCruces
Layton Layton
Leominster Leominster
LittleRock LittleRock
Lorain Lorain
Louisville Louisville
Lubbock Lubbock
Manchester Manchester
