BatonRouge Aberdeen Buffalo AtlanticCity Burbank Bradenton Cambridge Abilene Boston BoiseCity Amarillo Aberdeen Bethlehem Aberdeen Aurora Aberdeen Albany Aberdeen Barnstable Abilene Atlanta Berkeley Aberdeen Abilene Aberdeen Arvada Aberdeen Beaumont Albuquerque Boulder Bryan Birmingham AnnArbor Abilene Anchorage Aberdeen BatonRouge
25
Aberdeen Aberdeen
Abilene Abilene
Albany Albany
Albuquerque Albuquerque
Amarillo Amarillo
Anchorage Anchorage
AnnArbor AnnArbor
Arvada Arvada
Atlanta Atlanta
AtlanticCity AtlanticCity
Aurora Aurora
Barnstable Barnstable
BatonRouge BatonRouge
Beaumont Beaumont
Berkeley Berkeley
Bethlehem Bethlehem
Birmingham Birmingham
BoiseCity BoiseCity
Boston Boston
Boulder Boulder
Bradenton Bradenton
Bryan Bryan
Buffalo Buffalo
Burbank Burbank
Cambridge Cambridge
