WNYCV O0RCM B8UZ8 KB443 EYREL P3DJ7 HR8IA OE5TB KB443 OE5TB XBRKQ HHCET XD7IR WJHGG XRQ65 GAXPM 91RFG 2FT0Z 1ACIU F07YB 4O059 18R1B O0RCM 7CXN0 XRQ65 1UWW5 XRQ65 XDKMD 1BUOS P3DJ7 1NBGE OC0MN OE5TB OC0MN 65TK9 OC0MN V11OW XPFOM QTZLJ 2KYXC 94GUW BO3AW UUOP5 F5YBY OC0MN EQWAL P3DJ7 H212X KB443 UGOIO K1ZSD KB443 URMBF KB443 BMC9X UDC3C KRLTG H8ZPW OC0MN ZA57Z HZ80H GXYLV O0RCM CUG55 QSI1X X2AM4 91RFG 77EY5 O0RCM 42QVU OE5TB 9HVLF XTUSM OE5TB ULCTZ OC0MN TG5ZG 5I6U4 YMTTJ OC0MN WNYCV
50
XRQ65 XRQ65
OE5TB OE5TB
91RFG 91RFG
KB443 KB443
XPFOM XPFOM
1BUOS 1BUOS
X2AM4 X2AM4
BO3AW BO3AW
18R1B 18R1B
GXYLV GXYLV
HR8IA HR8IA
ULCTZ ULCTZ
1NBGE 1NBGE
CUG55 CUG55
HHCET HHCET
7CXN0 7CXN0
EQWAL EQWAL
1ACIU 1ACIU
TG5ZG TG5ZG
QSI1X QSI1X
QTZLJ QTZLJ
77EY5 77EY5
5I6U4 5I6U4
UGOIO UGOIO
UUOP5 UUOP5
ZA57Z ZA57Z
2FT0Z 2FT0Z
GAXPM GAXPM
B8UZ8 B8UZ8
XDKMD XDKMD
XD7IR XD7IR
BMC9X BMC9X
9HVLF 9HVLF
YMTTJ YMTTJ
XBRKQ XBRKQ
H8ZPW H8ZPW
F5YBY F5YBY
V11OW V11OW
K1ZSD K1ZSD
XTUSM XTUSM
KRLTG KRLTG
42QVU 42QVU
URMBF URMBF
1UWW5 1UWW5
EYREL EYREL
65TK9 65TK9
HZ80H HZ80H
H212X H212X
F07YB F07YB
2KYXC 2KYXC
