4HOMU 945CN OIPRN 7U3JG YJ67U RU85S OKGKQ 945CN A1QRL DTPF4 768ZF 69BJO VZJYR 4WDJE LLTLN IF7TL L2PQE AT3CI 7Y5B6 C7WKJ PTADN CFGE5 WI88U FC0PR 5ZO5F WP2MA 2C63O PXCIN OKGKQ 8EXDQ 2C63O Y61KP OKGKQ M1HJR L2GJ5 W2M5C HWKGJ SL5A0 ZN2EP JXLE1 BVMDZ H1LTE OKGKQ 768ZF L2PQE 45JXE LKP22 W2H22 MC71K OKGKQ 1RS2N 61QWU L2GJ5 DDXG0 SYV5N SL5A0 Q5DAA ZZH8Z KOYRV 6NY7T 0VPRW 7GA8O 7Y5B6 TI35I 7Y5B6 Q7FCL SL5A0 ZRPB5 ZHSBU C8O6I TBPBM 53Y1R 945CN 2BUI5 XEEQB SHOOM SKPO7 945CN K50JQ 945CN DCHO3 L87XM LIRLU SYV5N DOLRQ OLLV9 PMFJ2 TCC7B UW44H PYPSO SA6G0 OKGKQ 9WSXC HZHRA 945CN EDSMH XEEQB WXZHF FRZVP L87XM V8GEC L2PQE BE5V8 ELH5L 6ACGE 3AIXW 945CN C45HH 945CN L2GJ5 FCYPJ 945CN IZESQ 945CN 8CLEZ 945CN CM5WA RAAD4 7Y5B6 52MNN X180A 6OA3K L87XM VHCFR NPDI9 768ZF KC9RF L2GJ5 1F0YL SYV5N 0D2BR L87XM L2PQE LEBVZ 945CN 0U9HU P419D TORQI 945CN 6WOBI T9O11 50J5H OKGKQ TY0L7 V22SY L2PQE WZB33 L2PQE 4HOMU
100
L2PQE L2PQE
945CN 945CN
L2GJ5 L2GJ5
2C63O 2C63O
SYV5N SYV5N
768ZF 768ZF
RU85S RU85S
KOYRV KOYRV
XEEQB XEEQB
KC9RF KC9RF
ZN2EP ZN2EP
45JXE 45JXE
UW44H UW44H
0D2BR 0D2BR
M1HJR M1HJR
LIRLU LIRLU
1F0YL 1F0YL
DOLRQ DOLRQ
50J5H 50J5H
WP2MA WP2MA
CFGE5 CFGE5
Q7FCL Q7FCL
0VPRW 0VPRW
SHOOM SHOOM
HWKGJ HWKGJ
6ACGE 6ACGE
DTPF4 DTPF4
7GA8O 7GA8O
7U3JG 7U3JG
BE5V8 BE5V8
TY0L7 TY0L7
W2M5C W2M5C
SA6G0 SA6G0
WI88U WI88U
TORQI TORQI
ZHSBU ZHSBU
DCHO3 DCHO3
RAAD4 RAAD4
FRZVP FRZVP
HZHRA HZHRA
53Y1R 53Y1R
TI35I TI35I
Y61KP Y61KP
9WSXC 9WSXC
C7WKJ C7WKJ
P419D P419D
NPDI9 NPDI9
ZZH8Z ZZH8Z
IF7TL IF7TL
V22SY V22SY
PXCIN PXCIN
K50JQ K50JQ
JXLE1 JXLE1
H1LTE H1LTE
PTADN PTADN
DDXG0 DDXG0
IZESQ IZESQ
2BUI5 2BUI5
3AIXW 3AIXW
1RS2N 1RS2N
0U9HU 0U9HU
WZB33 WZB33
4WDJE 4WDJE
Q5DAA Q5DAA
8EXDQ 8EXDQ
W2H22 W2H22
FCYPJ FCYPJ
PYPSO PYPSO
CM5WA CM5WA
6WOBI 6WOBI
AT3CI AT3CI
SKPO7 SKPO7
ZRPB5 ZRPB5
T9O11 T9O11
LEBVZ LEBVZ
61QWU 61QWU
C45HH C45HH
69BJO 69BJO
ELH5L ELH5L
52MNN 52MNN
X180A X180A
OLLV9 OLLV9
WXZHF WXZHF
OIPRN OIPRN
MC71K MC71K
BVMDZ BVMDZ
6OA3K 6OA3K
FC0PR FC0PR
C8O6I C8O6I
LLTLN LLTLN
A1QRL A1QRL
YJ67U YJ67U
V8GEC V8GEC
PMFJ2 PMFJ2
8CLEZ 8CLEZ
TBPBM TBPBM
LKP22 LKP22
TCC7B TCC7B
EDSMH EDSMH
VHCFR VHCFR
