cy4fm I2lfX 3iQ53 nogr2 2Fhi4 rUUVt FkLYM IjjWK KYsbm YTtfA Iks3D YTtfA tao9t EWhpw 6ceXl lA2MC 19YKC 5rdYI 29Bwa yFKGt ZPM4o 7l0Vw F2nEN DCl5F yMPWG C565q Vjg5l yFKGt 1H2uK P3lE7 NvAYI GX9Mz 7XIxZ GX9Mz F2nEN 19YKC dU1Ub 9ZyoJ uWr4y FkLYM NvAYI kbRYl yFKGt X6hJp KYsbm Cfmbw G6G4p GHZOS Dkq13 zQjQm 19YKC jtJls di7h7 8RNd8 DCl5F Xhpv3 BoNoJ NvAYI OoKEI qt5AA uT5W0 1H2uK jse5F 8aYYW yMPWG G6G4p yMPWG FnVf8 7Lw2B w4BF1 wdXpe NvAYI AWuA9 gk2cW KYsbm 6ceXl Ss744 C0eRL OoKEI OFvld 7Lw2B hOy4D tao9t vSPJ5 2Fhi4 LNh60 C565q yMPWG 8RNd8 P8Fbf 7Lw2B cy4fm
50
7XIxZ 7XIxZ
NvAYI NvAYI
C565q C565q
1H2uK 1H2uK
wdXpe wdXpe
OoKEI OoKEI
di7h7 di7h7
yMPWG yMPWG
tao9t tao9t
6ceXl 6ceXl
KYsbm KYsbm
nogr2 nogr2
Xhpv3 Xhpv3
19YKC 19YKC
yFKGt yFKGt
OFvld OFvld
8RNd8 8RNd8
8aYYW 8aYYW
7l0Vw 7l0Vw
EWhpw EWhpw
F2nEN F2nEN
IjjWK IjjWK
kbRYl kbRYl
P3lE7 P3lE7
BoNoJ BoNoJ
qt5AA qt5AA
dU1Ub dU1Ub
w4BF1 w4BF1
Iks3D Iks3D
uWr4y uWr4y
lA2MC lA2MC
hOy4D hOy4D
LNh60 LNh60
G6G4p G6G4p
DCl5F DCl5F
FnVf8 FnVf8
3iQ53 3iQ53
Vjg5l Vjg5l
gk2cW gk2cW
uT5W0 uT5W0
GHZOS GHZOS
C0eRL C0eRL
5rdYI 5rdYI
jse5F jse5F
zQjQm zQjQm
rUUVt rUUVt
P8Fbf P8Fbf
X6hJp X6hJp
Cfmbw Cfmbw
vSPJ5 vSPJ5
