fab8g HigE0 P5ucv zgyDJ 7J90B zgyDJ 2Z0oU iy8Ty 77EXR Bw1D7 77EXR x8KLa sF84c VUKiE lJJK2 fab8g BWyM2 bepE0 H6HgM PpZP8 4GEPG f5Qx2 HaHFT l0HDP TtUXd f5Qx2 3XMfZ g1WJz gwQSf rzyrR nScgp aiycm pnHil kCdcu 0SCRq wiGnS f5Qx2 tQXF5 bSoeD CT8M8 pnHil 5Ix1v LBzlR zgyDJ fhc2k bepE0 1pNjr H6HgM uQK8T dAx9s ciJ7c c17Qf KWmhW RhMSo 4Dy05 DHhK9 4Dy05 G944F pnHil cDkiZ mgHYN VIl39 zgyDJ BJ1iC guI5B 77EXR fr0Bd 77EXR RgC1Q FW6DI g1WJz G91ym b4E7v 9u8oD I7fCS TQZik 4Dy05 eDWES 4Dy05 ZlgGe zgyDJ Lqz0g zgyDJ 8xyrX 8PY0r f5Qx2 Gt2w1 TjmY2 AGorf zgyDJ 015ql H6HgM XDGuI 0SCRq 8tK4L 4ORRk RnwlC rzyrR n9AEE KBkC3 Q0oXi f5Qx2 B3NSd 4Dy05 1xx4U 4Dy05 tEdSo f5Qx2 Vjk2Z RgC1Q mgHYN 77EXR 0YoJb KzS0e Nbb6U HPcVt Flgse HigE0 GHmnJ cQMFl wKKkJ bepE0 H6HgM 4cLlE 9ZatH f5Qx2 obqW1 bD2TR wPPZK 3FUsL wPPZK HKgVO qchZ3 cm8oa xoAtW lJfgZ HigE0 VUKiE 0SCRq 4b2sA 77EXR O1QPI pnHil 1SvIs HigE0 pesnn HigE0 adW6k HPcVt o4F0A cQMFl F7m3U cQMFl tcyH9 KB016 lJJK2 lcarA zgyDJ nRTkO HPcVt L54Jg Upoa8 yM9nQ BybTG f5Qx2 tB1i9 G91ym g1WJz 1OpM2 fab8g
100
H6HgM H6HgM
f5Qx2 f5Qx2
VUKiE VUKiE
rzyrR rzyrR
cQMFl cQMFl
Gt2w1 Gt2w1
g1WJz g1WJz
RgC1Q RgC1Q
3XMfZ 3XMfZ
9ZatH 9ZatH
Lqz0g Lqz0g
bepE0 bepE0
B3NSd B3NSd
G91ym G91ym
mgHYN mgHYN
4GEPG 4GEPG
3FUsL 3FUsL
ZlgGe ZlgGe
fab8g fab8g
Flgse Flgse
ciJ7c ciJ7c
yM9nQ yM9nQ
HaHFT HaHFT
F7m3U F7m3U
Bw1D7 Bw1D7
Vjk2Z Vjk2Z
o4F0A o4F0A
sF84c sF84c
nScgp nScgp
cm8oa cm8oa
cDkiZ cDkiZ
lJJK2 lJJK2
KWmhW KWmhW
wiGnS wiGnS
RhMSo RhMSo
BJ1iC BJ1iC
Nbb6U Nbb6U
BWyM2 BWyM2
qchZ3 qchZ3
kCdcu kCdcu
RnwlC RnwlC
TQZik TQZik
wKKkJ wKKkJ
bD2TR bD2TR
c17Qf c17Qf
uQK8T uQK8T
KzS0e KzS0e
G944F G944F
PpZP8 PpZP8
gwQSf gwQSf
b4E7v b4E7v
iy8Ty iy8Ty
Q0oXi Q0oXi
lJfgZ lJfgZ
2Z0oU 2Z0oU
CT8M8 CT8M8
lcarA lcarA
KB016 KB016
015ql 015ql
tEdSo tEdSo
1xx4U 1xx4U
VIl39 VIl39
1SvIs 1SvIs
fhc2k fhc2k
LBzlR LBzlR
fr0Bd fr0Bd
8xyrX 8xyrX
adW6k adW6k
L54Jg L54Jg
HKgVO HKgVO
FW6DI FW6DI
1OpM2 1OpM2
n9AEE n9AEE
XDGuI XDGuI
AGorf AGorf
4b2sA 4b2sA
O1QPI O1QPI
tQXF5 tQXF5
dAx9s dAx9s
4ORRk 4ORRk
0YoJb 0YoJb
TtUXd TtUXd
aiycm aiycm
8tK4L 8tK4L
7J90B 7J90B
GHmnJ GHmnJ
P5ucv P5ucv
obqW1 obqW1
DHhK9 DHhK9
x8KLa x8KLa
guI5B guI5B
eDWES eDWES
pesnn pesnn
BybTG BybTG
1pNjr 1pNjr
l0HDP l0HDP
9u8oD 9u8oD
nRTkO nRTkO
8PY0r 8PY0r
5Ix1v 5Ix1v
