E5QfM 4HmGm jGP1H 4HmGm 76Tmp GLYoA jGP1H uUlBE 8TDB7 HQft6 05SJr PqcOh wJ1Uh OBe1t 3rGcS Ln4EG lGTR3 bgK6r HQft6 beqJL lPMDV 4HmGm i0LV1 4HmGm sBCEV lGTR3 VzbsN eo9RR UAJ0O 4HmGm kK9KO hWCGd tmfyy nRWIs VzbsN KtuGJ f1Y6z E5QfM
25
4HmGm 4HmGm
lGTR3 lGTR3
76Tmp 76Tmp
uUlBE uUlBE
jGP1H jGP1H
nRWIs nRWIs
GLYoA GLYoA
beqJL beqJL
VzbsN VzbsN
f1Y6z f1Y6z
sBCEV sBCEV
PqcOh PqcOh
KtuGJ KtuGJ
hWCGd hWCGd
bgK6r bgK6r
UAJ0O UAJ0O
eo9RR eo9RR
Ln4EG Ln4EG
wJ1Uh wJ1Uh
kK9KO kK9KO
lPMDV lPMDV
8TDB7 8TDB7
3rGcS 3rGcS
i0LV1 i0LV1
05SJr 05SJr
