10 8 60 93 61 6 97 66 40 67 98 7 46 77 76 44 11 79 78 22 81 23 80 19 4 57 91 56 9 3 71 3 70 2 85 84 85 32 86 50 33 51 87 41 72 73 45 19 74 75 1 15 68 69 13 23 89 54 55 90 2 82 83 4 63 95 94 62 25 26 96 26 65 64 14 41 52 30 88 30 53 15 92 10 58 10 59 10
49
50 50
51 51
52 52
53 53
54 54
55 55
56 56
57 57
58 58
59 59
60 60
61 61
62 62
63 63
64 64
65 65
66 66
67 67
68 68
69 69
70 70
71 71
72 72
73 73
74 74
75 75
76 76
77 77
78 78
79 79
80 80
81 81
82 82
83 83
84 84
85 85
86 86
87 87
88 88
89 89
90 90
91 91
92 92
93 93
94 94
95 95
96 96
97 97
98 98
