Soda Etcheverry Rasputin Cory Myto Bechtel SanMiguel MexicoCity Jupiter BerkeleyHillel Gregoire VictoryPoint Emeryville Bechtel Jalisco Chino Platano Ashby Davis AlphaCentauri ElGrullo Riverside Mars CafeTibet LosAngeles Davis Cancun Cory Tako Stanley SantaBarbara Tang AlphaChi DKingGallery Soda Saturn Pomona Compton Cory Perris Cory SanDiego SouthGate BayStreet Bechtel ChezPanisse Tuhuamixtel Dwinelle SigmaKappa ChiOmega TripleRock Evans SanBernardino Kips Dwinelle CREAM Cory Tijuana Upland Dwinelle Guadalajara Tuxcacuesco NorthGate BerkeleyHigh Talpa DeltaDelta InternationalHouse Sacramento Venus Soda Whittier BAMPFA Fontana FantasticComics Cory Irvine Soda
55
DeltaDelta DeltaDelta
InternationalHouse InternationalHouse
BerkeleyHillel BerkeleyHillel
BerkeleyHigh BerkeleyHigh
Jupiter Jupiter
Mars Mars
Venus Venus
Saturn Saturn
AlphaCentauri AlphaCentauri
Gregoire Gregoire
BayStreet BayStreet
Emeryville Emeryville
Pomona Pomona
Compton Compton
Ashby Ashby
Perris Perris
Fontana Fontana
SanBernardino SanBernardino
Upland Upland
Chino Chino
Whittier Whittier
SouthGate SouthGate
Tijuana Tijuana
SanDiego SanDiego
Jalisco Jalisco
Guadalajara Guadalajara
SanMiguel SanMiguel
Tuxcacuesco Tuxcacuesco
Talpa Talpa
ElGrullo ElGrullo
MexicoCity MexicoCity
Tuhuamixtel Tuhuamixtel
Myto Myto
Kips Kips
TripleRock TripleRock
Rasputin Rasputin
CREAM CREAM
Tako Tako
Tang Tang
Cancun Cancun
DKingGallery DKingGallery
BAMPFA BAMPFA
Platano Platano
CafeTibet CafeTibet
FantasticComics FantasticComics
SantaBarbara SantaBarbara
Sacramento Sacramento
LosAngeles LosAngeles
Irvine Irvine
Riverside Riverside
VictoryPoint VictoryPoint
ChezPanisse ChezPanisse
ChiOmega ChiOmega
SigmaKappa SigmaKappa
AlphaChi AlphaChi
