Soda Evans Hertz Evans Haas Evans Wellman MemorialStadium Dwinelle MainStacks Soda Doe LakeMerrit Barrows Dwinelle BC GoldenStatePark Campanille BWW Cory Wheeler Unit1 TheRoof Mulford ClarkKerr Blackwell Sproul Etcheverry RSF Unit2 Etcheverry MLK Morgan Dwinelle Foothill Stephans GBC Soda Unit3 Soda
26
Doe Doe
Wheeler Wheeler
Stephans Stephans
Haas Haas
Hertz Hertz
Barrows Barrows
RSF RSF
Sproul Sproul
GBC GBC
MLK MLK
BWW BWW
MemorialStadium MemorialStadium
MainStacks MainStacks
Morgan Morgan
Mulford Mulford
Wellman Wellman
Unit1 Unit1
Unit2 Unit2
Unit3 Unit3
Blackwell Blackwell
BC BC
Foothill Foothill
ClarkKerr ClarkKerr
LakeMerrit LakeMerrit
GoldenStatePark GoldenStatePark
TheRoof TheRoof
