2 83 40 16 76 3 81 3 1 49 66 47 58 94 18 54 14 86 12 52 63 10 44 38 12 24 31 49 96 89 30 22 83 13 58 50 6 98 6 25 35 25 35 65 41 70 17 70 28 42 69 60 0 60 71 3 29 34 61 22 88 4 67 74 15 10 29 11 29 62 31 59 32 23 5 72 7 37 67 2
50
0 0
1 1
3 3
4 4
5 5
7 7
10 10
11 11
13 13
14 14
16 16
17 17
23 23
24 24
25 25
28 28
29 29
30 30
31 31
34 34
35 35
38 38
40 40
41 41
42 42
44 44
47 47
50 50
58 58
59 59
60 60
61 61
62 62
63 63
65 65
66 66
67 67
69 69
70 70
71 71
72 72
74 74
76 76
81 81
83 83
86 86
88 88
94 94
96 96
98 98
