5 4 33 137 42 165 63 165 173 182 187 154 46 48 188 35 22 127 96 99 133 56 35 20 61 138 55 102 158 45 14 45 47 43 47 67 41 131 71 119 192 18 190 16 47 177 37 64 191 194 51 61 31 74 170 199 83 104 114 184 85 86 44 86 135 14 110 35 26 70 178 142 25 105 17 30 75 151 19 81 76 156 76 34 9 34 133 68 15 101 153 11 165 51 183 69 141 50 134 116 134 99 1 101 174 25 18 53 199 48 122 166 32 179 78 100 78 80 158 2 27 123 1 117 11 36 91 35 157 121 52 162 103 189 53 196 77 143 172 159 90 149 28 180 65 182 146 167 171 112 10 77 140 164 29 193 38 20 175 92 39 67 139 168 1 58 152 58 5
100
1 1
2 2
9 9
10 10
11 11
14 14
16 16
17 17
18 18
20 20
22 22
25 25
26 26
28 28
31 31
32 32
33 33
34 34
37 37
39 39
41 41
42 42
43 43
44 44
46 46
47 47
48 48
50 50
51 51
52 52
53 53
55 55
56 56
58 58
61 61
63 63
64 64
67 67
68 68
69 69
71 71
75 75
76 76
77 77
78 78
80 80
81 81
83 83
85 85
91 91
92 92
96 96
99 99
100 100
101 101
102 102
103 103
104 104
105 105
110 110
116 116
122 122
123 123
133 133
135 135
137 137
138 138
140 140
143 143
146 146
149 149
151 151
152 152
153 153
154 154
156 156
157 157
158 158
159 159
162 162
164 164
168 168
170 170
171 171
173 173
174 174
177 177
178 178
179 179
180 180
183 183
184 184
187 187
188 188
189 189
192 192
193 193
194 194
196 196
199 199
