DZA GIB GEO CYP CZE CXR CYM DZA ALB ARE CYM BGD BRB BLM BES BLR BEN AUT ERI GIN ECU GIN HND GNQ GRD HRV GRC COL BVT CAF CAN BRB CAN FLK GIN GHA FSM GIN ESP AND ESP GIN FLK FIN CUW FIN AFG ABW AFG FIN ETH HMD HRV COG HRV GLP GUY BRN COD CAN COG CHE COD BGR BDI BRB CAN CCK CAF BHS DOM AUS DOM ASM ATF ATA DMA HND GUY CUB GUY HMD BEL BFA BHS DOM CUW DNK DJI GIB GBR FRO FRA GLP BGR BLR CCK CMR HKG GMB ALB ARG ALB DZA
50
HND HND
HMD HMD
HKG HKG
GRD GRD
GRC GRC
GNQ GNQ
GLP GLP
GHA GHA
GEO GEO
GBR GBR
FSM FSM
FRO FRO
FRA FRA
FLK FLK
FIN FIN
ERI ERI
ECU ECU
DOM DOM
DNK DNK
DJI DJI
CZE CZE
CYM CYM
CXR CXR
CUW CUW
CUB CUB
COG COG
COD COD
CHE CHE
CCK CCK
CAN CAN
CAF CAF
BVT BVT
BRN BRN
BRB BRB
BLR BLR
BLM BLM
BHS BHS
BGD BGD
BFA BFA
BES BES
BEN BEN
BDI BDI
AUS AUS
ATF ATF
ATA ATA
ARG ARG
ARE ARE
AND AND
ALB ALB
ABW ABW
