COM KEN KOR LKA RWA RUS MDV MAC QAT SGP HRV HMD HTI GRC PRY PAN JEY NFK NGA DMA NGA NIC IRL IOT IRL NIC COD COG GUM HTI GUM HKG KAZ SGS PER PSE FRO FIN EGY FIN GAB FIN FRO PSE CHE LAO CHE PSE RUS BLZ BRN BDI BEL BIH PRY MOZ PRY BIH AZE BRA MYT MWI ATG MWI MUS DJI MUS SGS CPV MDA IDN KNA LSO LTU SEN SLB NFK CXR MWI MYS IRN NIU PRK SGS LBR NCL NFK ALB ARE POL MEX SHN SGS MSR MTQ NER PNG NRU PRY CRI JPN HUN MEX POL PYF CPV MLI IDN KWT LVA HKG NPL CIV NPL PRY CPV LIE JPN HND SDN RUS RWA LUX NIC NCL DZA NCL EST ESH EST NCL NIC AUS ATG PRT NZL NOR PRY BIH BOL BHR BOL BIH PRY NIU CZE REU SDN PYF POL MYT ARM MYT POL MEX SHN ROU MMR IDN SHN SGS PRK HKG IDN CAN COK SHN MAR POL PNG NER MYT BRA AZE BLM BEN BMU NGA NIC SJM SAU CAF HUN GMB NGA FSM GIN FRA GHA ECU ESP FSM GIN GBR GIN FSM NGA NIC ALA NIC ABW NIC SJM COL SGP REU CZE DEU CYP DEU CXR MWI ITA NIC NGA BMU BRB BHS AUT NER GNQ PNG NIC NGA FSM GIN GBR GEO GHA GIB GHA GIB EST SAU REU AFG REU HUN PAK SGS CPV LBN LUX KHM HUN COD CHN SHN HUN SGS COM
100
SHN SHN
SGS SGS
SDN SDN
RWA RWA
RUS RUS
REU REU
PSE PSE
PRY PRY
POL POL
PNG PNG
PAN PAN
PAK PAK
NZL NZL
NRU NRU
NPL NPL
NIU NIU
NIC NIC
NFK NFK
NER NER
MYT MYT
MTQ MTQ
MOZ MOZ
MMR MMR
MLI MLI
MEX MEX
MDA MDA
MAR MAR
MAC MAC
LUX LUX
LTU LTU
LKA LKA
LIE LIE
LBR LBR
LBN LBN
LAO LAO
KWT KWT
KOR KOR
KNA KNA
KHM KHM
KAZ KAZ
JPN JPN
JEY JEY
ITA ITA
IRN IRN
IRL IRL
IOT IOT
IDN IDN
HUN HUN
HTI HTI
HRV HRV
HND HND
HMD HMD
HKG HKG
GUM GUM
GRC GRC
GNQ GNQ
GMB GMB
GIN GIN
GIB GIB
GHA GHA
GEO GEO
GBR GBR
GAB GAB
FSM FSM
FRA FRA
FIN FIN
ESP ESP
ESH ESH
EGY EGY
ECU ECU
DZA DZA
DMA DMA
DJI DJI
DEU DEU
CYP CYP
CXR CXR
CPV CPV
COL COL
COK COK
COG COG
COD COD
CIV CIV
CHN CHN
CAN CAN
CAF CAF
BMU BMU
BLM BLM
BHS BHS
BHR BHR
BEN BEN
BDI BDI
AZE AZE
AUS AUS
ATG ATG
ARM ARM
ARE ARE
ALB ALB
ALA ALA
AFG AFG
ABW ABW
