Rhode East Minnesota Foothill Jones West Birge Heating Baton Police Springer Olympia Simon Montgomery Concord Trenton Austin Montana Campanile Maxwell University Oregon Tennessee Clark Bancroft Boalt Etcheverry Edwards Utah Columbia Mississippi Insectary Tang Stadium Berkeley Jefferson Topeka McEnerney Cheyenne Cory McLaughlin Observatory Hawaii Donner Little Michigan Class Mulford Valley Brain Blackwell Wisconsin Moffitt LeConte Hargrove Life Hartford Hearst Richmond International Sproul Annapolis Providence Columbus CNMAT Mathematical Lower BART Energy Chou Krutch Moses Nevada Martin Florida Hertz Illinois Salt Kentucky Durant Harrisburg Hellman Barrows Nashville Jacobs Cleary Silver Durham Pennsylvania Madison Lansing Bowles Haste Chvez Santa Simpson Grinnell Morrison Warren Maryland Rhode
100
Rhode Rhode
Olympia Olympia
Kentucky Kentucky
McEnerney McEnerney
Cheyenne Cheyenne
East East
University University
Valley Valley
Harrisburg Harrisburg
Hellman Hellman
Martin Martin
Donner Donner
Life Life
Campanile Campanile
Michigan Michigan
Baton Baton
Silver Silver
Moses Moses
Grinnell Grinnell
Cory Cory
CNMAT CNMAT
Cleary Cleary
Warren Warren
Nevada Nevada
Columbia Columbia
BART BART
Austin Austin
Blackwell Blackwell
Bowles Bowles
Tang Tang
Simpson Simpson
Oregon Oregon
Krutch Krutch
Florida Florida
LeConte LeConte
Simon Simon
Berkeley Berkeley
Brain Brain
Class Class
Heating Heating
Annapolis Annapolis
Jefferson Jefferson
Utah Utah
Durham Durham
Energy Energy
Pennsylvania Pennsylvania
Maryland Maryland
West West
Hawaii Hawaii
Edwards Edwards
Santa Santa
Salt Salt
Columbus Columbus
Wisconsin Wisconsin
Birge Birge
Mathematical Mathematical
Mississippi Mississippi
Lower Lower
Lansing Lansing
Clark Clark
Illinois Illinois
Montgomery Montgomery
Mulford Mulford
Madison Madison
Etcheverry Etcheverry
Richmond Richmond
Tennessee Tennessee
Maxwell Maxwell
Providence Providence
Chvez Chvez
Springer Springer
Observatory Observatory
Durant Durant
Little Little
Hertz Hertz
Police Police
Chou Chou
Bancroft Bancroft
Minnesota Minnesota
Hargrove Hargrove
Montana Montana
Moffitt Moffitt
Jones Jones
Hartford Hartford
Trenton Trenton
McLaughlin McLaughlin
Concord Concord
Sproul Sproul
Boalt Boalt
Stadium Stadium
Insectary Insectary
Foothill Foothill
Haste Haste
Jacobs Jacobs
Hearst Hearst
Morrison Morrison
International International
Barrows Barrows
Nashville Nashville
Topeka Topeka
