Donner Juneau Santa Minnesota Cyclotron Foothill Ishi Topeka Life Phoenix Recreational Optometry McCone North Gayley Gilman Providence Helena Iowa Illinois Tallahassee Old Haste Wurster Haas Donner
25
Donner Donner
Cyclotron Cyclotron
Helena Helena
North North
McCone McCone
Juneau Juneau
Wurster Wurster
Optometry Optometry
Haas Haas
Santa Santa
Phoenix Phoenix
Illinois Illinois
Haste Haste
Providence Providence
Life Life
Topeka Topeka
Foothill Foothill
Minnesota Minnesota
Ishi Ishi
Gilman Gilman
Tallahassee Tallahassee
Old Old
Gayley Gayley
Recreational Recreational
Iowa Iowa
