LeonieHill AirportRoad YioChuKang PasirPanjang2 Springleaf NorthCoast BukitBatokCentral MandaiWest YioChuKang Boulevard YioChuKang AnchorvaleBuangkok KallangWay Semakau KampongGlam NatureReserve MonksHill Outram Sennett Townsville ChoaChuKangCentral LoyangEast YuhuaWestBoonLay TampinesWest ClementiCentral ChangiWest Woodgrove PunggolTownCentre ConeyIsland NatureReserve Ridout BishanEast Yishun Phillip SerangoonGarden Victoria NatureReserve Novena SungeiRoad SembawangSprings MandaiEstate Sentosa Trafalgar GreenwoodPark Guilin FarrerPark SingaporePolytechnic TuasBay TanglinHalt Kranji JurongWestCentral LiuFang Tyersall DefuIndustrialPark OrangeGrove NeeSoon Shipyard WestCoast SungeiKadut WestCoast LeonieHill
50
PasirPanjang2 PasirPanjang2
YioChuKang YioChuKang
SungeiRoad SungeiRoad
FarrerPark FarrerPark
NorthCoast NorthCoast
Townsville Townsville
KallangWay KallangWay
Shipyard Shipyard
Yishun Yishun
Sennett Sennett
NeeSoon NeeSoon
Victoria Victoria
Boulevard Boulevard
PunggolTownCentre PunggolTownCentre
JurongWestCentral JurongWestCentral
Novena Novena
Ridout Ridout
Guilin Guilin
DefuIndustrialPark DefuIndustrialPark
Springleaf Springleaf
SingaporePolytechnic SingaporePolytechnic
KampongGlam KampongGlam
TuasBay TuasBay
OrangeGrove OrangeGrove
MonksHill MonksHill
SembawangSprings SembawangSprings
ChoaChuKangCentral ChoaChuKangCentral
Tyersall Tyersall
SerangoonGarden SerangoonGarden
Phillip Phillip
Trafalgar Trafalgar
ChangiWest ChangiWest
ConeyIsland ConeyIsland
Semakau Semakau
SungeiKadut SungeiKadut
Woodgrove Woodgrove
AirportRoad AirportRoad
ClementiCentral ClementiCentral
MandaiWest MandaiWest
TanglinHalt TanglinHalt
Kranji Kranji
TampinesWest TampinesWest
GreenwoodPark GreenwoodPark
BishanEast BishanEast
YuhuaWestBoonLay YuhuaWestBoonLay
Outram Outram
BukitBatokCentral BukitBatokCentral
Sentosa Sentosa
AnchorvaleBuangkok AnchorvaleBuangkok
LoyangEast LoyangEast
