BukitBatokEast Simei SungeiRoad TiongBahruStation PearlsHill Redhill Boulevard Sudong CityHall Frankel SwissClub GhimMoh SimpangNorth TanjongPagar Hillcrest AirportRoad ChoaChuKang AirportRoad Tyersall AirportRoad NeeSoon BukitHoSwee GaliBatuMandai Frankel Tengeh Safti LowerSeletar DowntownCore Sembawang JooKoon LeonieHill RiverValley BukitBatokEast
25
Frankel Frankel
Redhill Redhill
Sudong Sudong
DowntownCore DowntownCore
Sembawang Sembawang
SimpangNorth SimpangNorth
Tengeh Tengeh
LeonieHill LeonieHill
LowerSeletar LowerSeletar
Simei Simei
ChoaChuKang ChoaChuKang
TanjongPagar TanjongPagar
Tyersall Tyersall
JooKoon JooKoon
TiongBahruStation TiongBahruStation
PearlsHill PearlsHill
SwissClub SwissClub
NeeSoon NeeSoon
Safti Safti
GaliBatuMandai GaliBatuMandai
CityHall CityHall
RiverValley RiverValley
Hillcrest Hillcrest
GhimMoh GhimMoh
SungeiRoad SungeiRoad
