YuhuaEast Sentosa SingaporeRiver SerangoonGarden Sennett ChinaSquare SerangoonNorth TagoreSindo Sentosa EastCoast Sembawang PotongPasir ChangiWest BedokNorth PangSua BedokNorth IstanaNegara HongKah UpperThomson TampinesNorth JooSengPayaLebar JurongPort PeiChun DairyFarm MandaiEast BedokNorth RochorCanal BedokNorth KebunBahru Tampines BedokNorth BukitBatokWest GeylangEast Moulmein Museum PayaLebarEast TohGuan PasirRisDrive JurongWestCentral OneNorth BoonLayPlace LowerSeletar PunggolField BedokNorth TiongBahru TuasBay SungeiKadut TuasPromenade Tanglin AngMoKioTownCentre Sentosa Port MountEmily Mountbatten Northland WoodlandsWest BukitBatokSouth Woodleigh SerangoonCentral Khatib MountEmily AlexandraNorth SimpangNorth Paterson PulauPunggolTimor ReservoirView EvertonPark PeoplesPark YioChuKang WaterwayEast SungeiRoad Commonwealth KentRidge InstitutionHill Chatsworth TuasNorthPioneer Sentosa SouthernIslands HongKahNorth BenoiSector Punggol BayfrontSubzone SungeiKadut HougangCentral DefuIndustrialPark BoatQuay Aljunied Woodleigh Saujana SungeiKadut ChoaChuKang Kembangan Woodleigh ClementiNorth OneTreeHill SembawangStraits Shipyard PasirRisPark Trafalgar BedokSouth ChangiPoint Cairnhill DhobyGhaut Brickworks KianTeck TelokBlangahRise Sentosa PearlsHill YioChuKangEast KeatHong PotongPasir SembawangHills Sentosa UluPandan Serangoon BedokNorth PasirRis Mandai Geylang Matilda OrangeGrove CityHall Sentosa YuhuaEast
100
Sentosa Sentosa
BedokNorth BedokNorth
SungeiKadut SungeiKadut
Geylang Geylang
SerangoonCentral SerangoonCentral
BayfrontSubzone BayfrontSubzone
Port Port
PearlsHill PearlsHill
BedokSouth BedokSouth
YioChuKang YioChuKang
Punggol Punggol
SembawangHills SembawangHills
OneNorth OneNorth
EastCoast EastCoast
Moulmein Moulmein
BoatQuay BoatQuay
PeoplesPark PeoplesPark
MandaiEast MandaiEast
TuasBay TuasBay
InstitutionHill InstitutionHill
BoonLayPlace BoonLayPlace
JurongWestCentral JurongWestCentral
TagoreSindo TagoreSindo
WaterwayEast WaterwayEast
SimpangNorth SimpangNorth
Kembangan Kembangan
Paterson Paterson
Matilda Matilda
JooSengPayaLebar JooSengPayaLebar
PunggolField PunggolField
SerangoonNorth SerangoonNorth
JurongPort JurongPort
LowerSeletar LowerSeletar
KeatHong KeatHong
AngMoKioTownCentre AngMoKioTownCentre
SerangoonGarden SerangoonGarden
DairyFarm DairyFarm
KebunBahru KebunBahru
PasirRisDrive PasirRisDrive
TuasPromenade TuasPromenade
KentRidge KentRidge
TuasNorthPioneer TuasNorthPioneer
Khatib Khatib
HongKah HongKah
BukitBatokSouth BukitBatokSouth
PulauPunggolTimor PulauPunggolTimor
ChinaSquare ChinaSquare
Shipyard Shipyard
Sembawang Sembawang
Chatsworth Chatsworth
ChoaChuKang ChoaChuKang
PasirRisPark PasirRisPark
Tampines Tampines
Sennett Sennett
CityHall CityHall
Mountbatten Mountbatten
PayaLebarEast PayaLebarEast
OneTreeHill OneTreeHill
OrangeGrove OrangeGrove
DhobyGhaut DhobyGhaut
SingaporeRiver SingaporeRiver
ChangiWest ChangiWest
Museum Museum
Aljunied Aljunied
Serangoon Serangoon
ReservoirView ReservoirView
BukitBatokWest BukitBatokWest
TohGuan TohGuan
PasirRis PasirRis
SembawangStraits SembawangStraits
SouthernIslands SouthernIslands
DefuIndustrialPark DefuIndustrialPark
RochorCanal RochorCanal
TiongBahru TiongBahru
ClementiNorth ClementiNorth
Tanglin Tanglin
WoodlandsWest WoodlandsWest
Saujana Saujana
SungeiRoad SungeiRoad
GeylangEast GeylangEast
TampinesNorth TampinesNorth
UluPandan UluPandan
Trafalgar Trafalgar
Commonwealth Commonwealth
PeiChun PeiChun
Brickworks Brickworks
AlexandraNorth AlexandraNorth
ChangiPoint ChangiPoint
TelokBlangahRise TelokBlangahRise
HongKahNorth HongKahNorth
BenoiSector BenoiSector
Northland Northland
UpperThomson UpperThomson
YioChuKangEast YioChuKangEast
Cairnhill Cairnhill
EvertonPark EvertonPark
Mandai Mandai
IstanaNegara IstanaNegara
PangSua PangSua
HougangCentral HougangCentral
