139 21 4 148 93 59 22 42 164 33 107 60 39 173 128 81 128 173 34 28 31 121 91 62 81 95 24 134 101 38 39 156 30 13 30 54 15 118 147 77 147 184 45 60 86 21 89 119 150 195 25 31 198 31 131 125 176 157 2 72 2 161 148 128 15 54 191 17 142 119 146 119 184 114 169 127 16 135 79 107 18 139 176 139 141 25 164 9 84 44 41 163 111 108 57 43 142 144 73 197 69 17 98 132 30 10 129 16 26 3 104 3 81 122 169 123 20 183 189 183 32 66 105 158 106 129 10 130 37 5 35 19 67 128 21 78 9 90 8 45 152 123 88 118 15 169 153 111 108 199 64 28 7 74 38 44 68 128 182 151 2 38 87 5 35 65 16 108 109 108 16 26 3 147 11 101 153 112 41 163 145 94 178 1 47 194 43 55 37 5 54 21 4 84 105 160 187 17 59 27 14 23 103 131 31 99 58 1 106 14 126 154 48 132 138 104 71 26 16 85 2 38 74 102 75 200 134 3 96 27 177 165 55 188 55 138 82 5 158 106 1 58 99 113 30 156 186 172 1 58 139
100
1 1
2 2
5 5
7 7
8 8
9 9
11 11
13 13
14 14
15 15
16 16
18 18
21 21
22 22
23 23
25 25
26 26
27 27
30 30
31 31
32 32
33 33
35 35
37 37
39 39
41 41
43 43
44 44
47 47
48 48
57 57
58 58
60 60
64 64
65 65
67 67
69 69
71 71
72 72
74 74
75 75
77 77
78 78
79 79
81 81
82 82
84 84
85 85
89 89
91 91
95 95
96 96
98 98
101 101
104 104
105 105
106 106
108 108
109 109
111 111
112 112
113 113
114 114
118 118
119 119
122 122
123 123
125 125
127 127
128 128
130 130
131 131
134 134
138 138
141 141
142 142
144 144
145 145
146 146
147 147
148 148
152 152
153 153
156 156
157 157
158 158
161 161
165 165
172 172
173 173
176 176
178 178
182 182
184 184
186 186
187 187
188 188
189 189
191 191
198 198
