Qwilfish Drampa Froakie Bounsweet Gengar Tauros Kakuna Treecko Kakuna Honedge Skorupi Skiddo Skorupi Munna Seaking Xerneas Wailord Xerneas Shellos Magmar Volcarona Magmar Inkay Slurpuff Inkay Vespiquen Shellder Bastiodon Weezing Escavalier Woobat Stufful Conkeldurr Stufful Jumpluff Plusle Jumpluff Vullaby Drapion Taillow Wartortle Steenee Metang Metapod Whismur Stufful Amoonguss Lotad Amoonguss Crawdaunt Porygon2 Meloetta Scatterbug Honedge Weepinbell Magnemite Swadloon Magnemite Comfey Nincada Noibat Simisear Sandile Drampa Qwilfish
50
Qwilfish Qwilfish
Simisear Simisear
Drapion Drapion
Meloetta Meloetta
Volcarona Volcarona
Slurpuff Slurpuff
Skiddo Skiddo
Sandile Sandile
Magmar Magmar
Metang Metang
Taillow Taillow
Porygon2 Porygon2
Drampa Drampa
Noibat Noibat
Lotad Lotad
Scatterbug Scatterbug
Vullaby Vullaby
Inkay Inkay
Steenee Steenee
Skorupi Skorupi
Shellos Shellos
Metapod Metapod
Crawdaunt Crawdaunt
Froakie Froakie
Nincada Nincada
Gengar Gengar
Honedge Honedge
Amoonguss Amoonguss
Jumpluff Jumpluff
Vespiquen Vespiquen
Munna Munna
Kakuna Kakuna
Magnemite Magnemite
Whismur Whismur
Weezing Weezing
Woobat Woobat
Comfey Comfey
Bounsweet Bounsweet
Seaking Seaking
Tauros Tauros
Weepinbell Weepinbell
Stufful Stufful
Shellder Shellder
Plusle Plusle
Treecko Treecko
Swadloon Swadloon
Bastiodon Bastiodon
Wailord Wailord
Escavalier Escavalier
Conkeldurr Conkeldurr
