Qwilfish Drampa Sandile Simisear Slowbro Nincada Seaking Bastiodon Weezing Escavalier Woobat Tsareena Inkay Vespiquen Wartortle Taillow Paras Tsareena Shellder Xerneas Jumpluff Plusle Jumpluff Metapod Noibat Terrakion Scatterbug Crawdaunt Metang Slurpuff Inkay Meloetta Porygon2 Vullaby Volcarona Steenee Metang Lotad Gengar Munna Swadloon Tauros Wailord Zekrom Conkeldurr Stufful Whismur Dewpider Froakie Dewpider Politoed Tornadus Noibat Skiddo Skorupi Magnemite Weepinbell Honedge Kakuna Treecko Kakuna Lumineon Comfey Magnemite Amoonguss Stufful Yungoos Bounsweet Gengar Lotad Phanpy Magmar Shellos Tropius Drapion Tropius Qwilfish
64
Qwilfish Qwilfish
Simisear Simisear
Phanpy Phanpy
Terrakion Terrakion
Drapion Drapion
Meloetta Meloetta
Volcarona Volcarona
Slurpuff Slurpuff
Skiddo Skiddo
Politoed Politoed
Tropius Tropius
Sandile Sandile
Magmar Magmar
Metang Metang
Taillow Taillow
Porygon2 Porygon2
Slowbro Slowbro
Drampa Drampa
Noibat Noibat
Lotad Lotad
Scatterbug Scatterbug
Vullaby Vullaby
Inkay Inkay
Steenee Steenee
Tornadus Tornadus
Skorupi Skorupi
Dewpider Dewpider
Shellos Shellos
Metapod Metapod
Wartortle Wartortle
Crawdaunt Crawdaunt
Paras Paras
Froakie Froakie
Nincada Nincada
Gengar Gengar
Honedge Honedge
Amoonguss Amoonguss
Tsareena Tsareena
Jumpluff Jumpluff
Vespiquen Vespiquen
Munna Munna
Kakuna Kakuna
Magnemite Magnemite
Whismur Whismur
Xerneas Xerneas
Weezing Weezing
Zekrom Zekrom
Woobat Woobat
Comfey Comfey
Bounsweet Bounsweet
Seaking Seaking
Tauros Tauros
Weepinbell Weepinbell
Stufful Stufful
Shellder Shellder
Plusle Plusle
Treecko Treecko
Swadloon Swadloon
Lumineon Lumineon
Yungoos Yungoos
Bastiodon Bastiodon
Wailord Wailord
Escavalier Escavalier
Conkeldurr Conkeldurr
