Burlington Independence Chicago Louisville Buffalo Cambridge Hayward Amarillo Greenville Merced Davenport Honolulu Miramar Bridgeport Naperville Clarke Columbus Cedar Chattanooga Rapids Denver Prairie Killeen Myrtle Hampton McAllen Burlington
25
Honolulu Honolulu
Buffalo Buffalo
Greenville Greenville
Independence Independence
Chicago Chicago
Denver Denver
Killeen Killeen
Merced Merced
Hampton Hampton
Chattanooga Chattanooga
McAllen McAllen
Columbus Columbus
Cambridge Cambridge
Rapids Rapids
Naperville Naperville
Hayward Hayward
Clarke Clarke
Bridgeport Bridgeport
Myrtle Myrtle
Amarillo Amarillo
Davenport Davenport
Prairie Prairie
Miramar Miramar
Cedar Cedar
Louisville Louisville
