Myrtle Merced Mobile Huntsville Montgomery Medford Kansas Erie Harlingen Hollywood Brownsville Bloomington Cathedral Lansing Barnstable Aribel Leominster Huntington Plen Cedar Corpus GreenBay Hartford Abilene Champaign Cary Nashua Macon Bradenton Baltimore Lexington Muskegon Moreno Alexandria Deltona Lorain Dallas Chandler Grays Joliet Appleton Houma Canton Miramar Kissimmee Albuquerque Minneapolis Davidson Chicago Bridgeport Hemet Albany Myrtle
50
Champaign Champaign
Brownsville Brownsville
Huntington Huntington
Houma Houma
Cary Cary
Medford Medford
Chandler Chandler
Nashua Nashua
Bradenton Bradenton
Hartford Hartford
Harlingen Harlingen
Huntsville Huntsville
Chicago Chicago
Leominster Leominster
Lexington Lexington
Grays Grays
Erie Erie
Hollywood Hollywood
Corpus Corpus
Barnstable Barnstable
Muskegon Muskegon
Minneapolis Minneapolis
GreenBay GreenBay
Kansas Kansas
Deltona Deltona
Baltimore Baltimore
Cedar Cedar
Davidson Davidson
Dallas Dallas
Macon Macon
Aribel Aribel
Kissimmee Kissimmee
Alexandria Alexandria
Miramar Miramar
Appleton Appleton
Albany Albany
Abilene Abilene
Merced Merced
Bloomington Bloomington
Cathedral Cathedral
Plen Plen
Lansing Lansing
Montgomery Montgomery
Hemet Hemet
Bridgeport Bridgeport
Mobile Mobile
Albuquerque Albuquerque
Lorain Lorain
Joliet Joliet
Moreno Moreno
