Monroe Five Hickory Ten Lacey Elizabeth Vista Four Melbourne Three Boulder Cambridge Aberdeen Monterey Athens Fairfield Fayetteville Boise Brownsville Manchester Daytona Greensboro Jacksonville Huntington Hayward Hartford Austin Cleveland Chesapeake Asheville Anchorage Viejo Lowell Amarillo Elkhart Clarke Johnson Corpus Carrollton Baton Five Rapids Lafayette Collins Laredo Gilbert Prairie Akron Bridgeport Abilene Havre Lancaster Bradenton Miami Anaheim Hialeah Killeen Baltimore Kenosha Lakeland Huntsville Irving Bethlehem Erie Mesquite Glendale Canton Mobile Leominster Hagerstown Kissimmee Muskegon Antioch Gainesville Athens Five Layton Charleston Cary Dallas Allentown Lewisville Birmingham Julian Denver Montgomery Arlington Albany Apple Naples Davidson Dayton Merced Bedford Kennewick Burlington Detroit Kailua Clarksville Hampton Denton Hesperia Mesa Modesto Seven Monroe
100
Athens Athens
Hagerstown Hagerstown
Lancaster Lancaster
Asheville Asheville
Clarke Clarke
Monterey Monterey
Laredo Laredo
Carrollton Carrollton
Modesto Modesto
Boulder Boulder
Bridgeport Bridgeport
Ten Ten
Apple Apple
Johnson Johnson
Birmingham Birmingham
Kenosha Kenosha
Corpus Corpus
Lowell Lowell
Clarksville Clarksville
Huntington Huntington
Viejo Viejo
Lafayette Lafayette
Abilene Abilene
Hialeah Hialeah
Austin Austin
Naples Naples
Anaheim Anaheim
Seven Seven
Melbourne Melbourne
Lewisville Lewisville
Davidson Davidson
Kissimmee Kissimmee
Monroe Monroe
Bethlehem Bethlehem
Gainesville Gainesville
Cary Cary
Glendale Glendale
Prairie Prairie
Charleston Charleston
Baltimore Baltimore
Antioch Antioch
Kennewick Kennewick
Detroit Detroit
Mobile Mobile
Lacey Lacey
Albany Albany
Elkhart Elkhart
Lakeland Lakeland
Dallas Dallas
Baton Baton
Leominster Leominster
Gilbert Gilbert
Bedford Bedford
Four Four
Cleveland Cleveland
Canton Canton
Denton Denton
Miami Miami
Havre Havre
Hampton Hampton
Chesapeake Chesapeake
Hayward Hayward
Hickory Hickory
Layton Layton
Jacksonville Jacksonville
Amarillo Amarillo
Huntsville Huntsville
Hesperia Hesperia
Fayetteville Fayetteville
Killeen Killeen
Arlington Arlington
Cambridge Cambridge
Boise Boise
Akron Akron
Greensboro Greensboro
Aberdeen Aberdeen
Mesa Mesa
Denver Denver
Kailua Kailua
Elizabeth Elizabeth
Erie Erie
Dayton Dayton
Hartford Hartford
Muskegon Muskegon
Vista Vista
Fairfield Fairfield
Montgomery Montgomery
Allentown Allentown
Three Three
Merced Merced
Daytona Daytona
Brownsville Brownsville
Anchorage Anchorage
Rapids Rapids
Irving Irving
Burlington Burlington
Manchester Manchester
Bradenton Bradenton
Mesquite Mesquite
Julian Julian
