Soda IshiCourt HertzHall WicksonNaturalArea CalvinLaboratory EvansHall Albany AnthonyHall Pittsburg KleebergerFieldHouse MulfordHall StHelena Emeryville EtcheverryHall BancroftLibrary Insectary Campanile Orinda ClarkKerrCampus WomenFacultyClub NorthGateHall Piedmont FrankSchlessingerWay SternHall BarkerHall Pinole LewisHall KroeberHall HearstGreekTheatre SatherTower ClearyHall GoldmanField Brisbane WheelerHall Hillsborough SanRamon Pacifica EastGate Oakley LowerSproulPlaza FoundersRock Fairfield Alameda WestCircle Benicia MartinezCommons ZellerbachPlayhouse ChouHall BlumHall Saratoga StadiumRimWay WestGate Unit3 GiauqueHall ZellerbachHall PimentelHall DonnerLab GilmanHall SproulPlaza WursterHall HearstMiningCircle Hayward HargroveMusicLibrary WellmanHall Healdsburg Unit1 Belmont Cory MinorHallAddition SanRafael SanPablo Soda
70
MartinezCommons MartinezCommons
ChouHall ChouHall
GilmanHall GilmanHall
WestGate WestGate
ClarkKerrCampus ClarkKerrCampus
Albany Albany
GoldmanField GoldmanField
Fairfield Fairfield
Insectary Insectary
Orinda Orinda
StHelena StHelena
Hayward Hayward
WursterHall WursterHall
NorthGateHall NorthGateHall
HargroveMusicLibrary HargroveMusicLibrary
AnthonyHall AnthonyHall
Belmont Belmont
WheelerHall WheelerHall
WestCircle WestCircle
DonnerLab DonnerLab
Emeryville Emeryville
MinorHallAddition MinorHallAddition
HertzHall HertzHall
FrankSchlessingerWay FrankSchlessingerWay
SatherTower SatherTower
WellmanHall WellmanHall
Pittsburg Pittsburg
ZellerbachPlayhouse ZellerbachPlayhouse
BlumHall BlumHall
SternHall SternHall
PimentelHall PimentelHall
HearstGreekTheatre HearstGreekTheatre
Oakley Oakley
ClearyHall ClearyHall
MulfordHall MulfordHall
StadiumRimWay StadiumRimWay
Pinole Pinole
SanRamon SanRamon
Benicia Benicia
SproulPlaza SproulPlaza
Unit3 Unit3
BancroftLibrary BancroftLibrary
FoundersRock FoundersRock
Unit1 Unit1
EvansHall EvansHall
WicksonNaturalArea WicksonNaturalArea
Hillsborough Hillsborough
ZellerbachHall ZellerbachHall
WomenFacultyClub WomenFacultyClub
Pacifica Pacifica
LowerSproulPlaza LowerSproulPlaza
SanRafael SanRafael
KroeberHall KroeberHall
HearstMiningCircle HearstMiningCircle
CalvinLaboratory CalvinLaboratory
EtcheverryHall EtcheverryHall
BarkerHall BarkerHall
Campanile Campanile
Alameda Alameda
KleebergerFieldHouse KleebergerFieldHouse
Saratoga Saratoga
GiauqueHall GiauqueHall
SanPablo SanPablo
Cory Cory
Healdsburg Healdsburg
LewisHall LewisHall
IshiCourt IshiCourt
Brisbane Brisbane
EastGate EastGate
Piedmont Piedmont
