Soda Campanile AlumniHouse BarrowsHall CampbellHall CareerCenter ClarkKerr Dwinelle BarkerHall Dwinelle BarrowLane AlumniHouse Soda EshlemanHall EyeCenter EshlemanHall Soda Jacobs Lawrence MLK LeConteHall MemorialGlade MLK Lawrence Jacobs Soda RSF MorganHall MorrisonHall MorganHall MorrisonHall MosesHall MulfordHall NorthField SatherGate SatherTower SatherRd RSF Soda SeniorHall SproulHall SproulPlaza SutardjaDaiHall Unit1 SutardjaDaiHall TangCenter WursterHall SeniorHall Soda
18
SproulPlaza SproulPlaza
SutardjaDaiHall SutardjaDaiHall
BarkerHall BarkerHall
Unit1 Unit1
Campanile Campanile
WursterHall WursterHall
CareerCenter CareerCenter
Dwinelle Dwinelle
EyeCenter EyeCenter
Jacobs Jacobs
Lawrence Lawrence
LeConteHall LeConteHall
MemorialGlade MemorialGlade
MLK MLK
MorganHall MorganHall
MorrisonHall MorrisonHall
MulfordHall MulfordHall
SatherRd SatherRd
