McLaughlinHall CareerCenter McLaughlinHall RedwoodGroveBotanica MathematicalSciences BotanicalGarden HasteStreetChildDeve EnergyBiosciencesBui GrinnellNaturalArea EtcheverryHall EvansDiamond HertzHall WarrenHall BancroftParkingStruc SeniorHall ResidentialStudentSe LegendsAquaticCenter Unit3ResidentHall GianniniHall InsectaryGreenhouse SpiekerAquaticsCompl EshlemanHall JonesChildStudyCente LevineFrickeSoftball AnnaHeadAlumnaeHall UCBerkeleyExtension CNMAT1750ArchSt CampusSharedServices StephensHall GoldmanSchool Romeos StrawberryCanyonRecr GiauqueHall WomensFacultyClub MagnesCollectionofJe WitterRugbyField SimpsonCenterforStud FacultyGlade ZellerbachHall BerkeleyArtMuseumand Library PublicAffairsOfficeo EastAsianStudiesInst RecreationalSportsFa VisitorCenter KroeberHall DurantHall SamsPad MoffittLibrary McLaughlinHall
48
McLaughlinHall McLaughlinHall
BancroftParkingStruc BancroftParkingStruc
SimpsonCenterforStud SimpsonCenterforStud
WarrenHall WarrenHall
LevineFrickeSoftball LevineFrickeSoftball
BotanicalGarden BotanicalGarden
CareerCenter CareerCenter
EastAsianStudiesInst EastAsianStudiesInst
Library Library
CampusSharedServices CampusSharedServices
HertzHall HertzHall
EvansDiamond EvansDiamond
SeniorHall SeniorHall
GiauqueHall GiauqueHall
LegendsAquaticCenter LegendsAquaticCenter
RedwoodGroveBotanica RedwoodGroveBotanica
UCBerkeleyExtension UCBerkeleyExtension
Unit3ResidentHall Unit3ResidentHall
EshlemanHall EshlemanHall
FacultyGlade FacultyGlade
GianniniHall GianniniHall
MathematicalSciences MathematicalSciences
StephensHall StephensHall
CNMAT1750ArchSt CNMAT1750ArchSt
GrinnellNaturalArea GrinnellNaturalArea
DurantHall DurantHall
ResidentialStudentSe ResidentialStudentSe
HasteStreetChildDeve HasteStreetChildDeve
InsectaryGreenhouse InsectaryGreenhouse
BerkeleyArtMuseumand BerkeleyArtMuseumand
WitterRugbyField WitterRugbyField
GoldmanSchool GoldmanSchool
EnergyBiosciencesBui EnergyBiosciencesBui
WomensFacultyClub WomensFacultyClub
MagnesCollectionofJe MagnesCollectionofJe
StrawberryCanyonRecr StrawberryCanyonRecr
KroeberHall KroeberHall
RecreationalSportsFa RecreationalSportsFa
MoffittLibrary MoffittLibrary
SpiekerAquaticsCompl SpiekerAquaticsCompl
EtcheverryHall EtcheverryHall
JonesChildStudyCente JonesChildStudyCente
PublicAffairsOfficeo PublicAffairsOfficeo
Romeos Romeos
ZellerbachHall ZellerbachHall
AnnaHeadAlumnaeHall AnnaHeadAlumnaeHall
VisitorCenter VisitorCenter
SamsPad SamsPad
