Pantheon Shyvana Morgana Heimerdinger Ezreal Ziggs Akali Jayce Tiny Lucian Maokai LoneDruid Oracle Ashe CrystalMaiden Ahri Slark Kled Jhin Lux Talon TrollWarlord Bard Spectre NightStalker Magnus Lich ChaosKnight Xerath Skarner BountyHunter Jax ArcWarden MasterYi Nunu WraithKing CentaurWarrunner Galio Phoenix Anivia Disruptor KogMaw Bristleback Jinx Draven SpiritBreaker Rumble Tailyah Malphite Pantheon
48
MasterYi MasterYi
Tailyah Tailyah
Ahri Ahri
Galio Galio
Phoenix Phoenix
Spectre Spectre
Ezreal Ezreal
KogMaw KogMaw
Jayce Jayce
Morgana Morgana
TrollWarlord TrollWarlord
Oracle Oracle
Jax Jax
Shyvana Shyvana
Akali Akali
Malphite Malphite
Anivia Anivia
Bristleback Bristleback
Skarner Skarner
Bard Bard
SpiritBreaker SpiritBreaker
Slark Slark
Lich Lich
CrystalMaiden CrystalMaiden
ArcWarden ArcWarden
Ashe Ashe
Kled Kled
Magnus Magnus
Maokai Maokai
Nunu Nunu
BountyHunter BountyHunter
Rumble Rumble
Jinx Jinx
Lucian Lucian
Xerath Xerath
CentaurWarrunner CentaurWarrunner
Disruptor Disruptor
Heimerdinger Heimerdinger
Tiny Tiny
ChaosKnight ChaosKnight
Lux Lux
Jhin Jhin
Draven Draven
Ziggs Ziggs
WraithKing WraithKing
Talon Talon
NightStalker NightStalker
LoneDruid LoneDruid
