Fizz Bane Huskar Omniknight Terrorblade ShadowDemon BountyHunter Medusa LeBlanc Zed FacelessVoid Thresh Sven Slardar Quinn DeathProphet Janna Jinx Pantheon Karma Amumu StormSpirit Zilean Sniper Oracle Undying Warlock Timbersaw Visage Fiddlesticks Ziggs Morphling Xayah Kled Orianna Beastmaster JarvanIV Irelia Vladimir Kennen Trundle Leona Rengar Ryze Venomancer Nunu ShadowFiend NightStalker ShadowShaman Sona Yorick Nasus Rubick Rumble Jayce Weaver TrollWarlord TahmKench Azir Slark Gragas Katarina Lucian Chen SpiritBreaker Cassiopeia Ekko Nidalee LoneDruid Kassadin KhaZix Mirana VelKoz Talon Magnus CentaurWarrunner Vi Kayn WinterWyvern Tiny Syndra Singed Techies Brewmaster Tristana Puck Viktor Heimerdinger Annie Fizz
89
BountyHunter BountyHunter
Talon Talon
Medusa Medusa
Rengar Rengar
Techies Techies
ShadowFiend ShadowFiend
WinterWyvern WinterWyvern
Terrorblade Terrorblade
Nasus Nasus
Fizz Fizz
Mirana Mirana
Leona Leona
Ekko Ekko
Oracle Oracle
Xayah Xayah
ShadowDemon ShadowDemon
Thresh Thresh
Sona Sona
Venomancer Venomancer
Nunu Nunu
Annie Annie
Visage Visage
Lucian Lucian
Jayce Jayce
Warlock Warlock
Kennen Kennen
Amumu Amumu
Karma Karma
Chen Chen
Viktor Viktor
Kassadin Kassadin
Nidalee Nidalee
Beastmaster Beastmaster
Slardar Slardar
TrollWarlord TrollWarlord
Weaver Weaver
Sniper Sniper
Sven Sven
Vladimir Vladimir
Yorick Yorick
Ziggs Ziggs
SpiritBreaker SpiritBreaker
KhaZix KhaZix
ShadowShaman ShadowShaman
Vi Vi
Heimerdinger Heimerdinger
Rumble Rumble
VelKoz VelKoz
Puck Puck
Ryze Ryze
Cassiopeia Cassiopeia
NightStalker NightStalker
Azir Azir
Omniknight Omniknight
Kayn Kayn
StormSpirit StormSpirit
Orianna Orianna
Zilean Zilean
Brewmaster Brewmaster
Pantheon Pantheon
JarvanIV JarvanIV
Timbersaw Timbersaw
Janna Janna
Singed Singed
Jinx Jinx
TahmKench TahmKench
Undying Undying
Syndra Syndra
Quinn Quinn
Irelia Irelia
Rubick Rubick
Zed Zed
Slark Slark
CentaurWarrunner CentaurWarrunner
Fiddlesticks Fiddlesticks
LoneDruid LoneDruid
Tiny Tiny
LeBlanc LeBlanc
DeathProphet DeathProphet
Kled Kled
Morphling Morphling
FacelessVoid FacelessVoid
Katarina Katarina
Huskar Huskar
Magnus Magnus
Tristana Tristana
Bane Bane
Gragas Gragas
Trundle Trundle
