0 1 86 83 56 64 57 94 92 75 76 104 57 53 60 28 5 13 11 141 136 84 12 60 56 138 145 0 8 0 144 123 125 23 27 143 146 4 49 4 11 32 31 32 40 5 0 70 68 113 68 62 3 97 29 97 101 95 137 79 86 80 109 80 81 76 7 5 10 49 42 37 6 9 16 12 6 137 134 112 120 115 55 141 148 142 131 123 122 39 122 89 130 133 139 22 16 63 68 73 65 25 22 89 96 90 127 112 111 114 135 114 7 95 59 43 47 19 15 7 76 77 80 3 97 34 28 85 87 118 122 89 93 98 88 76 82 78 73 111 117 110 15 23 39 45 43 38 26 18 75 132 35 33 110 105 97 118 65 69 65 44 36 114 108 105 128 120 119 50 0 4 1 97 1 6 51 56 48 66 67 31 32 26 27 35 30 27 143 27 24 16 0
100
0 0
4 4
5 5
7 7
8 8
9 9
10 10
11 11
12 12
13 13
15 15
16 16
18 18
19 19
22 22
23 23
24 24
25 25
26 26
27 27
28 28
29 29
30 30
31 31
32 32
33 33
34 34
35 35
36 36
39 39
40 40
42 42
43 43
44 44
45 45
47 47
49 49
51 51
53 53
55 55
56 56
60 60
62 62
64 64
65 65
66 66
67 67
68 68
69 69
70 70
73 73
75 75
76 76
77 77
78 78
80 80
81 81
82 82
83 83
84 84
85 85
86 86
89 89
93 93
94 94
95 95
96 96
97 97
98 98
101 101
104 104
105 105
108 108
109 109
110 110
111 111
113 113
114 114
117 117
118 118
119 119
120 120
122 122
123 123
125 125
127 127
128 128
131 131
132 132
133 133
134 134
135 135
137 137
138 138
141 141
142 142
143 143
145 145
146 146
148 148
