187 1 94 86 73 1 180 71 59 133 13 63 4 29 4 70 199 32 17 136 12 161 191 4 78 7 107 9 52 6 166 173 30 5 12 6 111 3 55 3 154 134 44 41 39 69 7 72 22 8 45 87 36 164 6 93 0 160 3 79 114 126 9 150 92 6 83 157 6 183 171 0 33 4 80 4 176 175 172 10 68 2 156 110 18 5 196 67 7 4 119 1 162 42 109 4 127 15 128 142 1 146 54 89 53 1 165 1 97 169 5 2 1 190 1 108 1 90 1 152 4 132 4 163 117 9 0 124 82 1 148 1 184 2 140 65 58 95 0 131 120 23 5 181 8 47 48 0 153 187
100
2 2
6 6
7 7
8 8
9 9
12 12
13 13
15 15
18 18
23 23
29 29
30 30
32 32
33 33
36 36
39 39
41 41
42 42
44 44
45 45
47 47
48 48
52 52
53 53
54 54
55 55
58 58
59 59
63 63
65 65
67 67
68 68
69 69
70 70
71 71
72 72
73 73
78 78
79 79
80 80
82 82
83 83
86 86
87 87
89 89
90 90
92 92
93 93
94 94
95 95
97 97
107 107
108 108
109 109
110 110
111 111
114 114
117 117
119 119
120 120
124 124
126 126
127 127
128 128
131 131
132 132
133 133
134 134
136 136
140 140
142 142
146 146
148 148
150 150
152 152
153 153
154 154
156 156
157 157
160 160
161 161
162 162
163 163
164 164
165 165
166 166
169 169
171 171
172 172
173 173
175 175
176 176
180 180
181 181
183 183
184 184
190 190
191 191
196 196
199 199
