0 25 0 37 19 81 86 11 98 20 22 49 80 38 39 0 35 42 12 4 88 89 47 9 10 28 15 41 76 1 32 67 2 66 44 71 87 30 1 74 27 45 64 50 0 93 99 34 79 56 97 75 55 0 65 46 16 48 90 60 3 83 31 77 95 5 96 8 82 40 13 62 17 33 36 53 61 54 7 24 73 84 68 23 2 43 1 63 6 72 14 58 91 70 92 69 51 57 94 26 0 59 29 52 100 85 18 78 21 0
100
1 1
2 2
3 3
4 4
5 5
6 6
7 7
8 8
9 9
10 10
11 11
12 12
13 13
14 14
15 15
16 16
17 17
18 18
19 19
20 20
21 21
22 22
23 23
24 24
25 25
26 26
27 27
28 28
29 29
30 30
31 31
32 32
33 33
34 34
35 35
36 36
37 37
38 38
39 39
40 40
41 41
42 42
43 43
44 44
45 45
46 46
47 47
48 48
49 49
50 50
51 51
52 52
53 53
54 54
55 55
56 56
57 57
58 58
59 59
60 60
61 61
62 62
63 63
64 64
65 65
66 66
67 67
68 68
69 69
70 70
71 71
72 72
73 73
74 74
75 75
76 76
77 77
78 78
79 79
80 80
81 81
82 82
83 83
84 84
85 85
86 86
87 87
88 88
89 89
90 90
91 91
92 92
93 93
94 94
95 95
96 96
97 97
98 98
99 99
100 100
