0 59 153 145 67 191 147 139 35 195 45 179 97 69 109 135 119 131 173 37 23 143 163 125 47 33 51 7 161 49 61 77 9 63 75 41 133 197 103 105 177 31 99 101 95 141 83 183 113 199 165 55 171 85 185 25 129 89 65 167 17 117 57 29 3 123 107 137 27 91 81 73 15 111 21 127 19 115 151 175 155 1 189 71 157 169 121 193 43 87 53 159 187 181 149 79 93 39 13 5 11 0
100
1 1
3 3
5 5
7 7
9 9
11 11
13 13
15 15
17 17
19 19
21 21
23 23
25 25
27 27
29 29
31 31
33 33
35 35
37 37
39 39
41 41
43 43
45 45
47 47
49 49
51 51
53 53
55 55
57 57
59 59
61 61
63 63
65 65
67 67
69 69
71 71
73 73
75 75
77 77
79 79
81 81
83 83
85 85
87 87
89 89
91 91
93 93
95 95
97 97
99 99
101 101
103 103
105 105
107 107
109 109
111 111
113 113
115 115
117 117
119 119
121 121
123 123
125 125
127 127
129 129
131 131
133 133
135 135
137 137
139 139
141 141
143 143
145 145
147 147
149 149
151 151
153 153
155 155
157 157
159 159
161 161
163 163
165 165
167 167
169 169
171 171
173 173
175 175
177 177
179 179
181 181
183 183
185 185
187 187
189 189
191 191
193 193
195 195
197 197
199 199
