0 59 62 189 178 116 17 9 24 4 109 7 143 1 12 32 119 34 170 96 125 131 68 18 70 126 6 69 21 7 103 191 16 115 190 52 36 197 40 105 83 177 27 158 46 54 29 10 192 35 4 58 198 129 160 8 193 8 3 35 199 4 188 74 156 30 133 1 18 93 174 24 142 6 2 42 19 180 185 25 39 163 38 1 183 6 182 184 14 86 5 94 24 50 43 11 78 22 60 195 28 31 8 179 33 15 136 77 11 159 16 6 157 194 17 51 80 41 0
80
0 0
51 51
2 2
3 3
131 131
4 4
133 133
129 129
136 136
8 8
9 9
12 12
142 142
143 143
16 16
17 17
18 18
19 19
182 182
21 21
24 24
156 156
157 157
158 158
31 31
160 160
32 32
33 33
163 163
35 35
29 29
38 38
39 39
159 159
170 170
43 43
174 174
46 46
177 177
50 50
179 179
52 52
180 180
178 178
183 183
184 184
185 185
58 58
62 62
188 188
60 60
190 190
191 191
192 192
189 189
194 194
195 195
68 68
197 197
69 69
199 199
198 198
70 70
74 74
193 193
77 77
78 78
80 80
86 86
93 93
94 94
96 96
103 103
105 105
109 109
115 115
116 116
119 119
125 125
126 126
