190 135 0 50 32 54 163 3 164 93 116 0 189 111 67 0 136 165 8 27 162 95 0 56 45 13 5 153 5 188 1 99 2 182 113 123 0 94 141 146 193 0 40 0 83 129 33 114 0 152 132 92 106 137 1 121 6 38 65 2 104 22 0 100 71 3 195 66 179 44 103 168 23 186 57 169 176 21 1 109 198 102 29 6 172 4 47 138 11 36 0 34 55 2 61 52 84 192 69 2 133 108 156 1 142 62 46 6 149 0 112 185 173 3 101 177 0 139 4 3 4 118 181 30 117 68 10 76 60 166 1 190
100
1 1
2 2
3 3
5 5
8 8
10 10
11 11
21 21
22 22
23 23
27 27
29 29
30 30
32 32
33 33
34 34
36 36
38 38
40 40
44 44
45 45
46 46
47 47
50 50
52 52
54 54
55 55
56 56
57 57
60 60
61 61
62 62
65 65
66 66
67 67
68 68
69 69
71 71
76 76
83 83
84 84
92 92
93 93
94 94
95 95
99 99
100 100
101 101
102 102
103 103
104 104
106 106
108 108
109 109
111 111
112 112
113 113
114 114
116 116
117 117
118 118
121 121
123 123
129 129
132 132
133 133
135 135
136 136
137 137
138 138
139 139
141 141
142 142
146 146
149 149
152 152
153 153
156 156
162 162
163 163
164 164
165 165
166 166
168 168
169 169
172 172
173 173
176 176
177 177
179 179
181 181
182 182
185 185
186 186
188 188
189 189
192 192
193 193
195 195
198 198
