114 78 6 167 96 147 5 24 32 9 177 134 196 0 41 5 37 115 195 1 111 2 69 0 155 127 74 119 171 93 135 187 0 35 149 2 92 47 26 18 63 133 191 76 10 0 53 95 2 164 154 3 117 1 81 1 108 62 51 173 0 29 4 175 7 199 0 28 98 100 13 182 188 166 75 109 6 105 112 0 33 14 31 124 4 3 7 36 4 84 169 0 38 87 146 183 176 2 12 197 131 43 15 66 181 21 2 148 42 59 89 70 0 16 0 103 5 94 91 67 150 174 102 170 49 161 9 114
100
0 0
1 1
3 3
4 4
5 5
7 7
10 10
12 12
14 14
15 15
16 16
18 18
21 21
24 24
26 26
28 28
29 29
31 31
32 32
33 33
35 35
36 36
37 37
38 38
41 41
42 42
43 43
47 47
49 49
51 51
53 53
59 59
62 62
63 63
66 66
67 67
69 69
70 70
74 74
75 75
76 76
78 78
81 81
84 84
87 87
89 89
91 91
92 92
93 93
94 94
95 95
96 96
98 98
100 100
102 102
103 103
105 105
108 108
109 109
111 111
112 112
114 114
115 115
117 117
119 119
124 124
127 127
131 131
133 133
134 134
135 135
146 146
147 147
148 148
149 149
150 150
154 154
155 155
161 161
164 164
166 166
167 167
169 169
170 170
171 171
173 173
174 174
175 175
176 176
177 177
181 181
182 182
183 183
187 187
188 188
191 191
195 195
196 196
197 197
199 199
