gc bl an fo fd ft gh dw fr gm dg u q co as ac ab cm ds et bn b fh b bv fw dy cg br fy fa db az cn g er go am ck ep cr j cp b cz b y bu gq v ai dn at bq fe e a es ga ff fk dx gn fq p by bc ah cv ao cs cl ee el cj bi ey fn bb bt ap bx ad cq dh en ae dq bp aw b dj gg dp do fi bj ge a eq d gi gj di em gk gc
100
a a
b b
d d
e e
g g
j j
p p
q q
u u
v v
y y
ab ab
ac ac
ad ad
ae ae
ah ah
ai ai
am am
an an
ao ao
ap ap
as as
at at
aw aw
az az
bb bb
bc bc
bi bi
bj bj
bl bl
bn bn
bp bp
bq bq
br br
bt bt
bu bu
bv bv
bx bx
by by
cg cg
cj cj
ck ck
cl cl
cm cm
cn cn
co co
cp cp
cq cq
cr cr
cs cs
cv cv
cz cz
db db
dg dg
dh dh
di di
dj dj
dn dn
do do
dp dp
dq dq
ds ds
dw dw
dx dx
dy dy
ee ee
el el
em em
en en
ep ep
eq eq
er er
es es
et et
ey ey
fa fa
fd fd
fe fe
ff ff
fh fh
fi fi
fk fk
fn fn
fo fo
fq fq
fr fr
ft ft
fw fw
fy fy
ga ga
ge ge
gg gg
gh gh
gi gi
gj gj
gk gk
gm gm
gn gn
go go
gq gq
