Liam Evan Jude Joseph Maximus Graham Mateo Aiden Richard Easton Richard Aiden Victor Gabriel Cameron Caleb Elliott Carter Elliott Zachary Jude Jace Jude Nathan Karter James Isaac James Steven Hunter Thomas Emmett Graham Jason Joshua Jack Oscar Levi Oscar Dawson Alex Eli Sawyer Steven Hunter Thomas Nolan Michael Rhett Christian Gabriel Jesus Leo Alexander Grayson Elliot Lincoln Elliot Grayson Abraham Giovanni Robert Joseph Jude Theodore Ayden Brayden Brantley Jacob Finn Luke Miles Nolan Elijah Adrian Elijah Nolan Logan Nolan Elijah Nolan Ryan Nolan Michael Calvin Noah Lucas Joshua John Asher John Kevin Weston Jaxson Weston Ethan Brantley Kai Carson Kai Brantley Brayden Jonathan Steven Sawyer Ian Sawyer Steven Marcus Parker Luis Eric Samuel Eric Messiah John Kevin Nathan Karter James Steven Xavier Emmett Camden Maverick Anthony Maxwell Grayson Benjamin Jaxon King Dean Kingston Luke Miles Nolan Michael Aaron Michael Jesse Andrew Dylan Andrew Isaiah Andrew Roman Alex Theodore Rowan Austin Hayden Bennett John Matthew John Bennett Landon William Landon Bennett Hayden Victor Aiden Tucker Charles Tucker Colton Adam Malachi Bryson Leo Bryson Malachi Edward Sebastian Bryce Kai Xander Maddox Ezekiel Jeremiah Ezekiel Maddox Kaiden Daniel Jameson Benjamin Jameson Hudson Jameson Jayce Gabriel Jayce Henry Lucas Joshua Jack Justin Josiah Emmett Xavier Steven Luca Colton Tucker Charles Mason Charles Ryker Miguel Zayden Dominic Joel Andrew Jordan Bryson Malachi Henry Lucas Noah Maverick Noah Calvin Nathan Connor Elias Kaleb Antonio Owen Antonio Carter Elliott Zachary Jonathan Preston Jose Ezra Jose Ashton Connor Nathan Kevin Weston Jaxson Angel Anthony Maverick Camden Emmett Josiah Julian Matteo Ezra Jackson Braxton Silas Nicholas Daniel Kaiden Lorenzo Patrick Christopher Kai Carson Emmanuel Gael Wyatt Edward Dawson Brody David Aaron Chase Greyson Chase Kaleb Elias Connor Nathan Karter James Oliver Andrew Roman Jayden Roman Alex Cooper Joshua Jack Jordan Liam Evan Liam
90
Liam Liam
Noah Noah
William William
James James
Logan Logan
Benjamin Benjamin
Mason Mason
Elijah Elijah
Oliver Oliver
Jacob Jacob
Lucas Lucas
Michael Michael
Alexander Alexander
Ethan Ethan
Daniel Daniel
Matthew Matthew
Aiden Aiden
Henry Henry
Joseph Joseph
Jackson Jackson
Samuel Samuel
Sebastian Sebastian
David David
Carter Carter
Wyatt Wyatt
Jayden Jayden
John John
Owen Owen
Dylan Dylan
Luke Luke
Gabriel Gabriel
Anthony Anthony
Isaac Isaac
Grayson Grayson
Jack Jack
Julian Julian
Levi Levi
Christopher Christopher
Joshua Joshua
Andrew Andrew
Lincoln Lincoln
Mateo Mateo
Ryan Ryan
Jaxon Jaxon
Nathan Nathan
Aaron Aaron
Isaiah Isaiah
Thomas Thomas
Charles Charles
Caleb Caleb
Josiah Josiah
Christian Christian
Hunter Hunter
Eli Eli
Jonathan Jonathan
Connor Connor
Landon Landon
Adrian Adrian
Asher Asher
Cameron Cameron
Leo Leo
Theodore Theodore
Jeremiah Jeremiah
Hudson Hudson
Robert Robert
Easton Easton
Nolan Nolan
Nicholas Nicholas
Ezra Ezra
Colton Colton
Angel Angel
Brayden Brayden
Jordan Jordan
Dominic Dominic
Austin Austin
Ian Ian
Adam Adam
Elias Elias
Jaxson Jaxson
Greyson Greyson
Jose Jose
Ezekiel Ezekiel
Carson Carson
Evan Evan
Maverick Maverick
Bryson Bryson
Jace Jace
Cooper Cooper
Xavier Xavier
Parker Parker
