Liam Benjamin Wyatt Daniel Joseph Ethan William Alexander Oliver Liam Aiden James Owen Henry Alexander William Mason James Michael Carter William Mason Sebastian Mason Logan Ethan Matthew Joseph Jacob Liam Samuel James Elijah Mason Noah Logan Ethan Jackson Lucas Jackson Anthony David Caleb Benjamin Liam
25
Liam Liam
Noah Noah
William William
James James
Logan Logan
Benjamin Benjamin
Mason Mason
Elijah Elijah
Oliver Oliver
Jacob Jacob
Lucas Lucas
Michael Michael
Alexander Alexander
Ethan Ethan
Daniel Daniel
Matthew Matthew
Aiden Aiden
Henry Henry
Joseph Joseph
Jackson Jackson
Samuel Samuel
Sebastian Sebastian
David David
Carter Carter
Wyatt Wyatt
