Liam Ayden Carter Sebastian Carter Ayden Kayden Michael Ian Henry Jonathan Jeremiah Owen Dylan Thomas James Hudson Robert Daniel Isaiah Joseph Mateo Alexander Oliver Logan Oliver Logan Austin David Sebastian Carter Ayden Jackson Eli Josiah Benjamin Sawyer John Sawyer Jayden Mason Elijah Adrian Ian Matthew Ian Jordan Jacob William Aiden William Logan Ethan Brayden Samuel Gavin Luke Noah Lucas Eli Wyatt Eli Ayden Liam
30
Liam Liam
Noah Noah
William William
James James
Logan Logan
Benjamin Benjamin
Mason Mason
Elijah Elijah
Oliver Oliver
Jacob Jacob
Lucas Lucas
Michael Michael
Alexander Alexander
Ethan Ethan
Daniel Daniel
Matthew Matthew
Aiden Aiden
Henry Henry
Joseph Joseph
Jackson Jackson
Samuel Samuel
Sebastian Sebastian
David David
Carter Carter
Wyatt Wyatt
Jayden Jayden
John John
Owen Owen
Dylan Dylan
Luke Luke
