0 5 53 15 163 92 44 70 59 89 83 98 90 28 84 19 9 34 62 75 85 11 177 82 94 181 43 37 26 93 50 65 56 24 100 96 21 33 71 58 81 35 52 74 19 80 130 23 180 68 29 27 45 80 66 2 4 31 79 63 164 5 44 48 46 13 177 33 17 78 6 51 29 44 29 36 86 27 87 49 77 122 7 113 39 18 72 22 163 69 41 30 41 60 3 95 181 88 10 8 57 40 91 1 61 181 14 38 25 54 16 55 97 27 35 76 114 64 73 105 67 47 35 42 99 32 12 79 20 0
100
80 80
29 29
27 27
12 12
44 44
60 60
77 77
5 5
74 74
21 21
35 35
24 24
37 37
93 93
67 67
41 41
83 83
79 79
97 97
51 51
19 19
50 50
4 4
94 94
33 33
84 84
96 96
98 98
69 69
76 76
13 13
78 78
92 92
45 45
39 39
95 95
25 25
47 47
63 63
82 82
73 73
70 70
91 91
22 22
66 66
36 36
26 26
15 15
64 64
20 20
31 31
17 17
46 46
55 55
2 2
53 53
81 81
57 57
65 65
88 88
49 49
72 72
54 54
30 30
89 89
16 16
0 0
58 58
42 42
18 18
75 75
59 59
8 8
23 23
38 38
11 11
34 34
85 85
32 32
62 62
10 10
71 71
52 52
14 14
6 6
43 43
86 86
61 61
48 48
90 90
99 99
1 1
9 9
7 7
28 28
40 40
68 68
87 87
56 56
3 3
