pump pray ensure reflection attractive brain polish tip feign genetic range descent wear hallway rock judicial anger pursuit prospect valley reject impound row line packet ground mouse guideline affect pedestrian nominate diagram unanimous minor pipe survival overlook parallel separate engineer consideration performance button privilege fairy admiration title exercise literature preoccupation formulate abortion aspect depressed novel physical freedom sticky sweet shed lemon linger category mud sit hierarchy lot float sentiment gloom need innovation plug wage sacrifice forest park distributor leadership ghost appearance pump
78
range range
leadership leadership
preoccupation preoccupation
wage wage
lemon lemon
sweet sweet
reflection reflection
unanimous unanimous
wear wear
sticky sticky
row row
lot lot
anger anger
innovation innovation
ground ground
physical physical
pursuit pursuit
nominate nominate
guideline guideline
exercise exercise
pipe pipe
sentiment sentiment
impound impound
hierarchy hierarchy
feign feign
valley valley
judicial judicial
linger linger
depressed depressed
hallway hallway
attractive attractive
separate separate
engineer engineer
polish polish
mouse mouse
park park
minor minor
reject reject
admiration admiration
title title
pray pray
freedom freedom
diagram diagram
genetic genetic
brain brain
descent descent
forest forest
button button
prospect prospect
fairy fairy
affect affect
overlook overlook
formulate formulate
performance performance
need need
pump pump
privilege privilege
aspect aspect
survival survival
parallel parallel
sacrifice sacrifice
mud mud
sit sit
packet packet
category category
ensure ensure
distributor distributor
line line
literature literature
gloom gloom
rock rock
appearance appearance
float float
tip tip
ghost ghost
pedestrian pedestrian
plug plug
consideration consideration
