F1E81B A9F1B8 86493E EB719D 1E1095 EB719D 17779E 17BB75 D337F2 A7D03E B69F55 239994 573788 6CAF46 4A28BA 4A5708 EDF90E E5E6C0 9A8DF4 9096DB 17BB75 7D997B 614224 FFEEBD 770D1A 2CA4AD 2BF7B5 10520F CC9C14 CD2CA7 FFEEBD 580DB7 ABD8FE 5A3862 47FACD 462226 5F4E43 53C6C8 D4A75D 53C6C8 5C7062 53C6C8 DCE144 205E5C E3C2C9 7D997B BB40E6 91A0DC 2FEDFB EAD0E3 124C90 17BB75 086D53 8015E0 3C5D7A AE4A01 8C971D 239994 580DB7 230A7C EC4D08 C4303B 825EC5 52C88C 2595F1 6966D7 1977E0 B7F75A 6CAF46 AD0427 63361A B75549 61199E 086D53 D1967A 1977E0 36590B 61199E 8F17C0 112AE7 94A561 BA3320 66048A 06C557 490F1E 7BE8A9 20EAE7 BA3320 7829D7 17BB75 C18C9B 1B337D 14B430 CDC6D4 783751 C3B3E7 BB4908 112AE7 305D33 EB719D C3EF62 EB719D 6B340B EB719D 4CAD30 EB719D 8417C8 CDC6D4 685D1A DE6899 1111F7 3B4B53 A94B37 A1F104 4B3F8A 6E313C A94B37 CEAC59 3C5D7A 8B6C2F 53C6C8 90451D D4A75D 4099A6 79BC3D 8F495E 13A782 E81014 EAD0E3 1F842B 91A0DC 59843B 10520F 8B519F E2CE9F E80628 112AE7 6D51F4 C63C0A 7E78F3 48EA33 F33196 6F492E 85D6DB 9D4968 AEFF96 10520F 77A0B5 D8AAF4 D6CC7A A014A0 14994D 462226 7E1C6C 396D53 151BC9 BF6302 8BFCAC 2CA4AD 0CBC31 9D4968 B47658 230A7C D8AAF4 6B622D C45E71 8EBF8A C4303B 596CF6 06C557 93EBE3 28F6D1 AD0427 29D5D7 191510 36C862 9DA2E3 C9AF85 6C010A FFFD4B 2334E8 851F90 2CA4AD 396D53 2CA4AD 2CCB19 E63884 E51A66 62C365 813B05 62C365 C3B3E7 91A0DC 5BB557 8EBF8A 293D59 205E5C 4B97F1 C45E71 0F5860 EB719D F1E81B
100
614224 614224
7E1C6C 7E1C6C
490F1E 490F1E
17779E 17779E
2FEDFB 2FEDFB
6B622D 6B622D
8015E0 8015E0
C4303B C4303B
AE4A01 AE4A01
230A7C 230A7C
4A28BA 4A28BA
305D33 305D33
E3C2C9 E3C2C9
4CAD30 4CAD30
8B6C2F 8B6C2F
D1967A D1967A
D4A75D D4A75D
851F90 851F90
61199E 61199E
124C90 124C90
3B4B53 3B4B53
DE6899 DE6899
AEFF96 AEFF96
8BFCAC 8BFCAC
1F842B 1F842B
C3B3E7 C3B3E7
770D1A 770D1A
8B519F 8B519F
E5E6C0 E5E6C0
293D59 293D59
E81014 E81014
396D53 396D53
C3EF62 C3EF62
8F17C0 8F17C0
CEAC59 CEAC59
7E78F3 7E78F3
F33196 F33196
2CCB19 2CCB19
14B430 14B430
239994 239994
29D5D7 29D5D7
6D51F4 6D51F4
4099A6 4099A6
6B340B 6B340B
B69F55 B69F55
B7F75A B7F75A
86493E 86493E
F1E81B F1E81B
36C862 36C862
8417C8 8417C8
A1F104 A1F104
0F5860 0F5860
8EBF8A 8EBF8A
5C7062 5C7062
63361A 63361A
E51A66 E51A66
5F4E43 5F4E43
20EAE7 20EAE7
90451D 90451D
7829D7 7829D7
14994D 14994D
85D6DB 85D6DB
2BF7B5 2BF7B5
596CF6 596CF6
ABD8FE ABD8FE
813B05 813B05
66048A 66048A
52C88C 52C88C
8F495E 8F495E
28F6D1 28F6D1
36590B 36590B
BB40E6 BB40E6
47FACD 47FACD
573788 573788
DCE144 DCE144
B47658 B47658
151BC9 151BC9
BB4908 BB4908
685D1A 685D1A
93EBE3 93EBE3
5BB557 5BB557
4B97F1 4B97F1
C9AF85 C9AF85
FFFD4B FFFD4B
D337F2 D337F2
783751 783751
6966D7 6966D7
1E1095 1E1095
59843B 59843B
FFEEBD FFEEBD
9096DB 9096DB
E80628 E80628
C18C9B C18C9B
77A0B5 77A0B5
4A5708 4A5708
CC9C14 CC9C14
94A561 94A561
0CBC31 0CBC31
6E313C 6E313C
D6CC7A D6CC7A
