188645 410DA1 E954F7 AD298D FA567E 0FB66D EC05F7 9B9BDD 2F1AB5 0D7DE7 6D778A D27DC1 19FFAB 17A825 561BC2 539A92 37F745 318BA7 D01E6B DDF3EB 800641 DDF3EB 673B36 628AB2 673B36 1276AF 15E2D3 B7B073 35F60D 94D700 410DA1 673B36 D443EB D7CAF9 CB09C0 410DA1 673B36 7E18E9 318BA7 500783 298FDD 35F60D 3B1041 3AA8C5 0D7DE7 467AB7 7BF2B5 0A5C0E 298FDD 673B36 AFF8D1 36D08C 84EBFF B3243F 9B0EC2 29B2A4 673B36 DF9F85 A5CCB5 C98FE7 994F93 37F745 B833F0 567883 DBDC9A 8499F1 8D0852 2F1AB5 D7CAF9 825884 48C2D5 298FDD A7E9D9 298FDD F53049 D5356A 3ADA02 61EDA9 E09D29 C98FE7 17A825 DD2694 410DA1 784F83 FF8D45 298FDD 0FBCDC 298FDD 0D7DE7 FD1783 0D7DE7 724A76 8499F1 2C101C 318BA7 4FBDE1 DF9F85 143B88 AA8E14 D04F40 318BA7 DF9F85 EF4D57 B7B073 07D80A 143B88 44716B 48C2D5 188645
50
AA8E14 AA8E14
A7E9D9 A7E9D9
37F745 37F745
44716B 44716B
D5356A D5356A
0A5C0E 0A5C0E
C98FE7 C98FE7
188645 188645
07D80A 07D80A
DBDC9A DBDC9A
DD2694 DD2694
628AB2 628AB2
9B9BDD 9B9BDD
3ADA02 3ADA02
D443EB D443EB
539A92 539A92
994F93 994F93
FD1783 FD1783
CB09C0 CB09C0
94D700 94D700
EF4D57 EF4D57
800641 800641
724A76 724A76
84EBFF 84EBFF
D7CAF9 D7CAF9
48C2D5 48C2D5
D04F40 D04F40
E954F7 E954F7
29B2A4 29B2A4
6D778A 6D778A
7E18E9 7E18E9
AFF8D1 AFF8D1
3B1041 3B1041
8D0852 8D0852
784F83 784F83
9B0EC2 9B0EC2
1276AF 1276AF
A5CCB5 A5CCB5
4FBDE1 4FBDE1
0FBCDC 0FBCDC
B7B073 B7B073
E09D29 E09D29
D01E6B D01E6B
2C101C 2C101C
467AB7 467AB7
500783 500783
B833F0 B833F0
19FFAB 19FFAB
FF8D45 FF8D45
0FB66D 0FB66D
