engine song girl drawing stranger chapter engine choice interaction office stranger business error tool age class standard extent source worker area stranger song stranger significance town age ear answer equipment emphasis flight stranger money card bath leadership age buyer size politics equipment performance tooth tax poetry war effort education interaction departure age reputation network piano side speech statement ratio reputation country extent failure bus mind volume situation dealer birth statement eye statement sympathy fact bath two interaction director question measurement finding age finding engineering teacher figure age member teaching space machine step aspect question police extent promotion understanding temperature editor delivery temperature beginning age dirt accident view temperature section stranger model light age variation drawer feedback moment stranger difficulty stranger idea stranger error stranger sport beer equipment process engine time engine menu equipment analyst satisfaction network funeral preparation feedback meal clothes equipment temperature statement series poetry secretary energy feature problem extent data tension size material grandmother police singer engine
100
engine engine
age age
temperature temperature
error error
reputation reputation
interaction interaction
police police
significance significance
flight flight
delivery delivery
dealer dealer
menu menu
card card
situation situation
girl girl
politics politics
emphasis emphasis
member member
song song
preparation preparation
business business
process process
speech speech
office office
light light
series series
grandmother grandmother
area area
mind mind
energy energy
secretary secretary
tool tool
leadership leadership
engineering engineering
failure failure
promotion promotion
teacher teacher
standard standard
eye eye
moment moment
model model
funeral funeral
problem problem
meal meal
chapter chapter
tax tax
material material
accident accident
tension tension
drawer drawer
tooth tooth
beginning beginning
figure figure
director director
dirt dirt
sport sport
choice choice
satisfaction satisfaction
side side
aspect aspect
data data
machine machine
beer beer
clothes clothes
two two
measurement measurement
view view
ear ear
drawing drawing
piano piano
time time
money money
volume volume
country country
section section
bus bus
worker worker
idea idea
ratio ratio
town town
answer answer
fact fact
birth birth
singer singer
analyst analyst
education education
departure departure
buyer buyer
editor editor
source source
war war
variation variation
performance performance
difficulty difficulty
space space
sympathy sympathy
understanding understanding
step step
teaching teaching
class class
