context soil bread construction satisfaction context road bedroom thanks bank attempt price departure price care price wood drawing aspect study interaction construction while car farmer store part ability part satisfaction currency wood bit technology reality satisfaction anxiety bedroom aspect state fat study teaching road context
25
context context
aspect aspect
construction construction
teaching teaching
bedroom bedroom
satisfaction satisfaction
state state
departure departure
reality reality
road road
ability ability
attempt attempt
bread bread
soil soil
currency currency
farmer farmer
interaction interaction
wood wood
while while
bit bit
thanks thanks
anxiety anxiety
fat fat
store store
care care
