maintenance fact style cause wife maintenance resolution example future class inspection cause context farmer complaint volume reputation description role description income description photo measurement day driver extent marketing obligation war contract bread cigarette beer sign feature role salad map action contract movie economy class depression future price description focus reputation property church competition drawing difficulty depression obligation cause career account selection church sign chocolate rock object sister software average cause woman role rate fact version chocolate volume reputation population career chest chocolate philosophy version maintenance
50
maintenance maintenance
future future
description description
sign sign
career career
church church
obligation obligation
volume volume
reputation reputation
chest chest
cause cause
role role
income income
version version
philosophy philosophy
difficulty difficulty
contract contract
depression depression
war war
inspection inspection
movie movie
bread bread
salad salad
property property
selection selection
feature feature
day day
wife wife
price price
action action
marketing marketing
photo photo
account account
resolution resolution
beer beer
sister sister
woman woman
context context
complaint complaint
competition competition
driver driver
economy economy
rate rate
average average
focus focus
style style
population population
object object
example example
rock rock
