S AI CT AS J CQ A AU I CH K AA A AV B CP A BP A CA I BO I Z D BL H BV C AX AB CO K BA F AO A CM A BI A CC A BR X B AR I BZ I BG A BJ L AQ A R AY I BN I AZ V BW A AH A AP O BM K CW K BC A CN A CD A BU F BE AN BB I CL I AD AC CE A BF A BS A CV E CS A CJ I AK A CK A AJ AW CI K CU G AE A BH Q BQ A BT CB AF A W M CR N CF A BY A Y A AG A AM A BD K AT P A BX A AL A T BK U A S
100
A A
B B
C C
D D
E E
F F
G G
H H
I I
J J
K K
L L
M M
N N
O O
P P
Q Q
R R
S S
T T
U U
V V
W W
X X
Y Y
Z Z
AA AA
AB AB
AC AC
AD AD
AE AE
AF AF
AG AG
AH AH
AI AI
AJ AJ
AK AK
AL AL
AM AM
AN AN
AO AO
AP AP
AQ AQ
AR AR
AS AS
AT AT
AU AU
AV AV
AW AW
AX AX
AY AY
AZ AZ
BA BA
BB BB
BC BC
BD BD
BE BE
BF BF
BG BG
BH BH
BI BI
BJ BJ
BK BK
BL BL
BM BM
BN BN
BO BO
BP BP
BQ BQ
BR BR
BS BS
BT BT
BU BU
BV BV
BW BW
BX BX
BY BY
BZ BZ
CA CA
CB CB
CC CC
CD CD
CE CE
CF CF
CH CH
CI CI
CJ CJ
CK CK
CL CL
CM CM
CN CN
CO CO
CP CP
CQ CQ
CR CR
CS CS
CT CT
CU CU
CV CV
CW CW
