Bowles Calvin Graduate Calvin Bowles Birge Bechtel Cory Stanley LeConte VLSB Boalt Kresge Boalt VLSB LeConte Stanley Moses Greek Unit2 Wolf StrawberryCreek Wolf Unit2 Greek Moses Pimentel Stacks Sherman Stacks Pimentel Moses SigmaOmicronPi Marugame Memorial Maxwell Memorial Minor Bechtel Cory Jacob Hertz CVStarr Unit3 CKerr Unit3 CVStarr Hertz Jacob Foothill Davis Hildebrand YogurtPark Hildebrand Davis Browns Davis Foothill Jacob Cory Bechtel Latimer Mulford Crescent Mulford Latimer Bechtel Cory Stanley LeConte Campanile Bongo Artichokes Cheeseboard Artichokes Bongo ShengKee Bongo Campanile LeConte Stanley Cory Bechtel Latimer Edwards Easterly Edwards Latimer Bechtel Baker Strada RoseGarden Strada UCha PhiKappaTau Hoyt Tan Hargrove BearFoodCourt SigmaPhiOmega Evan Jacob Foothill Davis Hildebrand Davis Foothill Jacob Cory Bechtel Baker Bechtel Cory Jacob Foothill Haviland Morgan Haviland Foothill Jacob Cory Stanley Moses Greek Unit2 Milano IndianRock Milano Unit2 Wolf StrawberryCreek Wilde Bechtel Baker Daiso Baker Bechtel Cory Jacob Hertz CVStarr Unit3 CVStarr Hertz Jacob TopDog Fenwick Barker Fenwick TopDog Jacob Hertz CVStarr Unit3 CKerr WayWest CKerr Unit3 CVStarr Hertz Jacob Evan Blackwell Evan Jacob Cory Stanley LeConte Campanile Wurster McCone Spats Stonefire PiLambda PiAlphaPhi PiLambda Stonefire Spats McCone Wurster Campanile LeConte VLSB Chez NorthGate Chez VLSB LeConte Campanile Wurster McCone Spats Stonefire PiLambda Stonefire Spats McCone Wurster Campanile LeConte Stanley Campbell Stanley Cory Bechtel Baker Strada Baker Bechtel Latimer South Pimentel Stacks Pimentel Moses Stanley LeConte VLSB Boalt Kresge PeoplesPark Kresge Boalt VLSB LeConte Stanley Moses RareTea Gypsys RareTea Moses Wellman Sutardja Wellman Moses SigmaOmicronPi Marugame Memorial Maxwell Barrows Maxwell Memorial Minor Bechtel Cory Stanley LeConte RSF LeConte Stanley Cory Jacob Foothill Unit1 Foothill Dwinelle Haas Crossroads Haas Dwinelle Foothill Jacob TopDog Starbucks Chipotle Starbucks TopDog Jacob Evan Moffitt Cloyne Moffitt Evan Jacob Foothill Dwinelle Haas Crossroads Lawrence UCTheatre NCEM UCTheatre Lawrence Crossroads Haas Dwinelle Foothill Jacob Cory Bechtel Wilde Bechtel Birge Bowles LaVals Bowles Birge Bechtel Cory Stanley LeConte Campanile Wurster Zellerbach Wurster Campanile LeConte Stanley Campbell Koshland Campbell Stanley Cory Jacob TopDog GammaPhiBeta TopDog Jacob Cory Stanley LeConte Campanile LeConte Stanley Cory Bechtel Minor Memorial AlphaSigmaPhi Memorial Minor Bechtel Cory Jacob Foothill Dwinelle Haas Pavilion Haas Dwinelle Foothill Haviland Morgan Martinez Morgan Haviland Foothill Jacob Cory Stanley Moses Greek Stebbins Safeway Stebbins Greek Moses Stanley Cory Bechtel Baker Simons Baker Bechtel Cory Jacob Evan Jacob Cory Stanley LeConte Campanile Bongo Campanile LeConte Stanley Campbell Doe Campbell Stanley Cory Jacob Evan Blackwell McLaughlin GenPlantBio McLaughlin Blackwell Evan Jacob Cory Bechtel Minor Memorial TacoBell Memorial Marugame SigmaOmicronPi Moses Greek Unit2 Wolf StrawberryCreek Wilde Bechtel Birge Bowles Calvin Etcheverry Calvin Bowles Birge Bechtel Cory Extension Cory Jacob Hertz CVStarr Unit3 CKerr Ridge CKerr Unit3 CVStarr Hertz Jacob Cory Stanley LeConte VLSB Boalt Kresge Castro Kresge Boalt VLSB LeConte ALS LeConte Stanley Cory Jacob Hearst MLK Rochdale MLK Latimer Bechtel Cory Stanley LeConte Campanile Wurster Campanile LeConte Stanley Cory Jacob TopDog Starbucks Chipotle MFoundry Chipotle Starbucks TopDog Jacob Foothill Dwinelle HearstAnnex Lothlorien HearstAnnex Dwinelle Haas Crossroads Lawrence UCTheatre Lawrence Crossroads Haas Dwinelle HearstAnnex Dwinelle Foothill Jacob Cory Bechtel Birge Bowles
80
Wolf Wolf
Evan Evan
Foothill Foothill
Campbell Campbell
Doe Doe
Spats Spats
Crescent Crescent
Birge Birge
Campanile Campanile
Extension Extension
Chipotle Chipotle
Moses Moses
IndianRock IndianRock
VLSB VLSB
Wellman Wellman
Koshland Koshland
Mulford Mulford
HearstAnnex HearstAnnex
RSF RSF
Haas Haas
Boalt Boalt
Wurster Wurster
NorthGate NorthGate
Unit1 Unit1
Blackwell Blackwell
Zellerbach Zellerbach
UCTheatre UCTheatre
Cheeseboard Cheeseboard
RoseGarden RoseGarden
Greek Greek
Maxwell Maxwell
StrawberryCreek StrawberryCreek
Calvin Calvin
GenPlantBio GenPlantBio
Barker Barker
Etcheverry Etcheverry
Sutardja Sutardja
Easterly Easterly
BearFoodCourt BearFoodCourt
Kresge Kresge
AlphaSigmaPhi AlphaSigmaPhi
Hildebrand Hildebrand
Morgan Morgan
Baker Baker
GammaPhiBeta GammaPhiBeta
Barrows Barrows
Unit2 Unit2
Unit3 Unit3
CKerr CKerr
Martinez Martinez
WayWest WayWest
Pavilion Pavilion
PiLambda PiLambda
PiAlphaPhi PiAlphaPhi
MFoundry MFoundry
Stacks Stacks
Simons Simons
NCEM NCEM
ALS ALS
PeoplesPark PeoplesPark
LaVals LaVals
Bongo Bongo
TacoBell TacoBell
Strada Strada
Edwards Edwards
Crossroads Crossroads
Browns Browns
Safeway Safeway
Gypsys Gypsys
Graduate Graduate
Daiso Daiso
YogurtPark YogurtPark
ShengKee ShengKee
Rochdale Rochdale
Cloyne Cloyne
Ridge Ridge
Lothlorien Lothlorien
Wilde Wilde
Castro Castro
Sherman Sherman
