Wheeler Evans Latimer Etcheverry Soda Sather Martinez Sather Barker Sather Unit3 Sather OCF Sather Soda Cheit Pimentel WayWest Warren Hearst Warren WayWest Pimentel Morgan HearstAnnex Unit1 Faculty Haas Stonefire RareTea Baker McCone BigC Pavilion Simons LaNote Unit2 LaNote Koja Legends Koja TriDelta Koja Simons Pavilion BigC Bongo FallRush Metropolitan Ippuku WayWest Pimentel Anthony HearstAnnex Morgan CVStarr Moffitt CVStarr Morgan HearstAnnex Unit1 Faculty Haas Minor Maxwell MemorialStadium Hargrove MemorialStadium Maxwell Minor Memorial Haviland Campbell LeConte Dwinelle Wheeler Sproul Wheeler Dwinelle LeConte Birge LeConte Dwinelle Wheeler Evans Morrison Greek Bechtel Jacobs Cory Greek Lewis Kroeber Wurster Boalt Wurster Kroeber Hertz Morrison Evans Wheeler Dwinelle LeConte Campbell Haviland Koshland Stonefire Haas Faculty FSM Baker CZ Fiji CZ Baker McCone CKerr McCone BigC Pavilion PeoplePark Pavilion BigC McCone Baker RareTea Stonefire Koshland RSF Koshland Stonefire Haas Faculty Unit1 HearstAnnex Morgan Pimentel Cheit Normandy Kresge Davis Hearst Cafe3 Cloyne WayWest Warren WayWest Pimentel Cheit Soda Etcheverry Latimer Stanley Foothill Stanley Latimer Evans Wheeler Dwinelle LeConte Campbell Haviland Memorial IHouse Memorial McLaughlin South Stephens Moses Stephens South McLaughlin Memorial Haviland Campbell LeConte Dwinelle Wheeler
36
Jacobs Jacobs
Bechtel Bechtel
Foothill Foothill
Moffitt Moffitt
Birge Birge
Morrison Morrison
Moses Moses
Dwinelle Dwinelle
RSF RSF
Haas Haas
Boalt Boalt
IHouse IHouse
Sproul Sproul
Hargrove Hargrove
McLaughlin McLaughlin
Kroeber Kroeber
Etcheverry Etcheverry
Anthony Anthony
Cheit Cheit
Martinez Martinez
Barker Barker
Unit3 Unit3
OCF OCF
Warren Warren
Cloyne Cloyne
Metropolitan Metropolitan
Davis Davis
Hearst Hearst
Baker Baker
CKerr CKerr
Fiji Fiji
Stonefire Stonefire
PeoplePark PeoplePark
Legends Legends
TriDelta TriDelta
Unit2 Unit2
