86 67 198 67 2 67 93 60 164 184 164 26 9 171 182 96 174 96 182 115 89 115 182 113 147 186 120 86 150 25 153 25 140 167 145 63 143 48 12 181 161 163 7 171 188 199 42 76 78 102 158 25 32 114 54 3 5 98 148 78 23 66 180 70 107 61 79 137 79 61 71 103 10 9 110 9 60 40 149 108 135 52 114 93 58 28 58 26 83 159 111 142 4 179 4 31 36 20 82 20 36 70 111 129 118 61 51 18 165 180 45 7 57 70 36 134 44 134 55 132 55 114 1 42 76 78 116 78 102 22 128 143 117 46 25 154 180 126 32 114 105 114 1 81 104 24 168 189 168 24 104 62 138 62 84 37 73 147 140 25 183 166 19 180 106 180 26 83 38 130 115 101 147 160 151 161 150 102 87 60 154 166 175 70 147 169 23 8 79 61 69 61 108 161 151 80 194 80 151 37 97 165 8 114 94 108 149 12 123 12 62 192 151 17 151 128 63 75 171 9 13 9 171 182 100 68 25 32 157 32 126 37 73 186 196 186 147 91 147 186 72 127 143 6 143 88 18 177 18 136 115 68 90 68 115 97 165 8 79 21 79 12 49 122 15 36 70 63 74 63 143 181 88 27 88 172 131 121 55 40 3 11 3 127 92 133 152 133 92 127 10 142 156 188 47 41 47 18 88 172 56 172 39 161 180 53 180 49 125 49 12 79 30 61 15 18 139 186 187 35 68 25 64 25 140 167 65 146 65 167 99 107 98 173 98 5 103 43 185 23 78 14 78 131 5 128 86
100
1 1
2 2
5 5
6 6
8 8
10 10
11 11
13 13
14 14
17 17
19 19
21 21
22 22
26 26
27 27
28 28
30 30
35 35
36 36
38 38
41 41
44 44
45 45
48 48
51 51
52 52
53 53
54 54
56 56
57 57
64 64
66 66
69 69
71 71
72 72
73 73
74 74
75 75
76 76
82 82
84 84
87 87
89 89
90 90
91 91
92 92
93 93
94 94
97 97
100 100
101 101
105 105
106 106
107 107
110 110
113 113
116 116
117 117
120 120
121 121
122 122
123 123
125 125
126 126
129 129
132 132
137 137
138 138
139 139
140 140
145 145
146 146
148 148
149 149
150 150
152 152
153 153
154 154
156 156
157 157
158 158
159 159
160 160
163 163
169 169
173 173
174 174
175 175
177 177
179 179
181 181
183 183
184 184
185 185
189 189
192 192
194 194
196 196
198 198
199 199
