1 58 3 165 31 1 77 61 103 167 4 139 51 3 140 5 138 12 162 57 161 3 2 1 127 143 9 84 10 1 141 171 95 136 41 184 130 2 131 151 6 49 1 26 116 53 150 1 80 36 129 164 70 89 47 6 87 16 1 21 8 1 55 81 42 2 124 3 126 1 35 10 169 74 110 27 6 2 44 33 9 5 133 13 85 3 101 60 83 75 97 3 99 157 137 182 156 92 6 34 59 189 69 12 177 2 200 5 88 102 20 111 176 50 1 82 68 2 37 1 106 144 86 198 2 193 56 174 159 11 3 1
97
1 1
2 2
3 3
6 6
8 8
9 9
10 10
13 13
16 16
20 20
21 21
26 26
27 27
31 31
33 33
34 34
35 35
36 36
37 37
41 41
42 42
44 44
47 47
49 49
50 50
51 51
53 53
55 55
56 56
57 57
58 58
59 59
60 60
61 61
68 68
69 69
70 70
74 74
75 75
77 77
80 80
81 81
82 82
83 83
84 84
85 85
86 86
87 87
88 88
89 89
92 92
95 95
97 97
99 99
101 101
102 102
103 103
106 106
110 110
111 111
116 116
124 124
126 126
127 127
129 129
130 130
131 131
133 133
136 136
137 137
138 138
139 139
140 140
141 141
143 143
144 144
150 150
151 151
156 156
157 157
159 159
161 161
162 162
164 164
165 165
167 167
169 169
171 171
174 174
176 176
177 177
182 182
184 184
189 189
193 193
198 198
200 200
