31 148 45 9 147 146 167 179 169 195 180 191 89 120 125 86 58 32 93 68 151 38 30 152 143 114 90 128 48 140 65 82 94 21 78 49 149 47 121 12 199 164 173 198 170 184 171 197 168 188 29 14 115 13 131 141 69 60 64 156 20 119 6 27 57 34 7 22 66 81 117 107 112 138 103 123 46 52 77 105 42 35 108 106 160 83 80 110 67 4 134 186 175 196 127 74 88 28 99 33 137 31
100
4 4
6 6
7 7
9 9
12 12
13 13
14 14
20 20
21 21
22 22
27 27
28 28
29 29
30 30
32 32
33 33
34 34
35 35
38 38
42 42
45 45
46 46
47 47
48 48
49 49
52 52
57 57
58 58
60 60
64 64
65 65
66 66
67 67
68 68
69 69
74 74
77 77
78 78
80 80
81 81
82 82
83 83
86 86
88 88
89 89
90 90
93 93
94 94
99 99
103 103
105 105
106 106
107 107
108 108
110 110
112 112
114 114
115 115
117 117
119 119
120 120
121 121
123 123
125 125
127 127
128 128
131 131
134 134
137 137
138 138
140 140
141 141
143 143
146 146
147 147
148 148
149 149
151 151
152 152
156 156
160 160
164 164
167 167
168 168
169 169
170 170
171 171
173 173
175 175
179 179
180 180
184 184
186 186
188 188
191 191
195 195
196 196
197 197
198 198
199 199
