clod presto abridge presto ferrite presto Dunbar presto Illinois presto pole presto callus presto foxglove presto perennial presto Gloria presto pundit presto servicemen presto syllogistic presto collateral presto furlough presto cur presto objector presto coincide presto Dunlap presto disseminate presto Kingsbury presto linger presto salmon presto resurrect presto twirly presto ambiguity presto anchor presto sneaky presto sign presto walrus presto Saskatchewan presto behalf presto officious presto Brooklyn presto Levitt presto Hyde presto stateroom presto axon presto Barnet presto Lethe presto onomatopoeia presto spit presto post presto Stratton presto bauble presto Spaulding presto vicious presto shriek presto aide presto decrease presto bowline presto clod
50
callus callus
stateroom stateroom
sign sign
Kingsbury Kingsbury
decrease decrease
vicious vicious
bauble bauble
Barnet Barnet
onomatopoeia onomatopoeia
officious officious
resurrect resurrect
Dunbar Dunbar
shriek shriek
axon axon
linger linger
spit spit
Spaulding Spaulding
disseminate disseminate
bowline bowline
furlough furlough
pundit pundit
perennial perennial
behalf behalf
Brooklyn Brooklyn
abridge abridge
post post
Gloria Gloria
cur cur
syllogistic syllogistic
pole pole
Dunlap Dunlap
Lethe Lethe
sneaky sneaky
Illinois Illinois
Stratton Stratton
anchor anchor
aide aide
Levitt Levitt
ferrite ferrite
coincide coincide
twirly twirly
objector objector
servicemen servicemen
foxglove foxglove
collateral collateral
Saskatchewan Saskatchewan
walrus walrus
ambiguity ambiguity
salmon salmon
Hyde Hyde
