state catnip bald catnip pairwise catnip serge catnip gun catnip hungry catnip fleawort catnip Waterbury catnip driveway catnip ash catnip Steiner catnip shrugging catnip bloc catnip Calkins catnip Ridgway catnip Cinderella catnip Whelan catnip flexural catnip Edmonds catnip regal catnip anatomy catnip border catnip opossum catnip wrack catnip dame catnip sanatoria catnip heifer catnip bibliophile catnip monk catnip grade catnip stingy catnip foursome catnip retardation catnip Yaounde catnip omicron catnip exhortation catnip his catnip debenture catnip rent catnip jackass catnip uptown catnip Protista catnip firebug catnip hallelujah catnip turnout catnip Arden catnip value catnip whirligig catnip lobby catnip gavotte catnip curbside catnip Albert catnip texture catnip controversial catnip knick catnip whatsoever catnip eggplant catnip trivium catnip athletic catnip complacent catnip compunction catnip sepulchral catnip octane catnip Evans catnip dumpling catnip Darwin catnip watery catnip infuse catnip harrow catnip Eva catnip presto catnip eidetic catnip registrant catnip rocky catnip hyphen catnip cocaine catnip stereography catnip supremum catnip cache catnip knurl catnip charcoal catnip circumstantial catnip backgammon catnip hypothetic catnip scaup catnip fireplace catnip Della catnip Lizzie catnip cohere catnip Adamson catnip Zellerbach catnip huge catnip freehold catnip scriptwriter catnip Augean catnip motet catnip begot catnip joke catnip clasp catnip Adler catnip lonesome catnip state
100
controversial controversial
begot begot
knick knick
wrack wrack
Cinderella Cinderella
watery watery
scriptwriter scriptwriter
border border
eidetic eidetic
driveway driveway
Calkins Calkins
motet motet
Zellerbach Zellerbach
dumpling dumpling
jackass jackass
scaup scaup
serge serge
value value
whirligig whirligig
octane octane
rocky rocky
joke joke
texture texture
bloc bloc
Evans Evans
infuse infuse
anatomy anatomy
Waterbury Waterbury
stingy stingy
Albert Albert
lonesome lonesome
his his
Adler Adler
Darwin Darwin
cocaine cocaine
knurl knurl
hyphen hyphen
sanatoria sanatoria
sepulchral sepulchral
lobby lobby
gun gun
omicron omicron
stereography stereography
Arden Arden
complacent complacent
pairwise pairwise
supremum supremum
rent rent
registrant registrant
Protista Protista
heifer heifer
cache cache
bald bald
uptown uptown
grade grade
hypothetic hypothetic
ash ash
fireplace fireplace
gavotte gavotte
whatsoever whatsoever
dame dame
Eva Eva
backgammon backgammon
shrugging shrugging
charcoal charcoal
Augean Augean
hallelujah hallelujah
Yaounde Yaounde
athletic athletic
curbside curbside
cohere cohere
foursome foursome
regal regal
flexural flexural
trivium trivium
turnout turnout
Steiner Steiner
opossum opossum
clasp clasp
Lizzie Lizzie
monk monk
compunction compunction
Edmonds Edmonds
Whelan Whelan
Della Della
circumstantial circumstantial
firebug firebug
eggplant eggplant
retardation retardation
harrow harrow
debenture debenture
Ridgway Ridgway
Adamson Adamson
hungry hungry
freehold freehold
fleawort fleawort
huge huge
presto presto
bibliophile bibliophile
exhortation exhortation
