cure bear roost bear Brillouin bear reflectance bear Negroid bear swoop bear Bridgeport bear latch bear logjam bear ineducable bear Vichy bear seem bear marquess bear Moe bear item bear greet bear belch bear upheld bear hypotonic bear obfuscate bear indignity bear stupor bear Delphi bear Blackman bear Muscat bear lint bear cure
25
Delphi Delphi
hypotonic hypotonic
swoop swoop
marquess marquess
roost roost
reflectance reflectance
Negroid Negroid
Bridgeport Bridgeport
Muscat Muscat
Brillouin Brillouin
logjam logjam
indignity indignity
upheld upheld
item item
obfuscate obfuscate
ineducable ineducable
greet greet
belch belch
Moe Moe
lint lint
seem seem
Blackman Blackman
stupor stupor
latch latch
Vichy Vichy
