142 121 137 66 106 127 106 111 90 143 77 160 108 148 46 148 108 148 46 4 174 3 91 3 91 181 153 23 153 181 91 78 186 78 86 157 86 78 60 193 16 177 126 164 59 21 150 99 141 65 130 193 60 26 0 183 0 26 60 124 60 193 130 58 121 137 66 106 66 137 66 44 66 137 188 39 115 39 132 187 85 89 79 75 128 122 64 69 158 195 178 37 172 90 172 52 134 14 9 92 70 92 9 136 47 7 47 136 9 33 9 92 16 193 130 175 34 100 163 8 31 8 45 159 151 93 118 38 197 12 126 164 97 135 171 140 129 140 171 63 131 35 131 53 24 76 48 137 121 58 155 162 166 51 3 174 4 174 3 91 181 153 139 145 72 87 109 144 17 186 55 186 17 171 63 149 22 149 63 49 161 33 133 41 103 6 128 122 64 122 128 6 103 41 103 85 180 140 30 140 171 17 144 151 167 142
60
129 129
3 3
4 4
133 133
7 7
137 137
140 140
141 141
14 14
144 144
145 145
16 16
21 21
150 150
22 22
23 23
151 151
157 157
30 30
159 159
158 158
31 31
34 34
35 35
33 33
38 38
167 167
39 39
41 41
44 44
174 174
46 46
48 48
177 177
178 178
181 181
183 183
55 55
186 186
58 58
60 60
63 63
64 64
195 195
197 197
70 70
69 69
76 76
77 77
89 89
90 90
91 91
93 93
97 97
106 106
108 108
115 115
121 121
124 124
127 127
