149 24 68 97 57 35 63 60 19 41 27 15 86 62 98 77 82 91 95 67 50 30 93 94 31 39 54 87 88 46 9 61 71 65 40 12 58 73 32 70 92 81 78 53 17 8 72 48 36 42 69 80 20 74 47 84 1 83 34 56 21 85 3 26 49 52 13 90 10 5 11 7 64 66 33 79 29 43 28 6 25 89 22 38 55 23 99 51 44 37 18 45 2 96 76 100 16 4 59 75 14 149
100
1 1
2 2
3 3
4 4
5 5
6 6
7 7
8 8
9 9
10 10
11 11
12 12
13 13
14 14
15 15
16 16
17 17
18 18
19 19
20 20
21 21
22 22
23 23
24 24
25 25
26 26
27 27
28 28
29 29
30 30
31 31
32 32
33 33
34 34
35 35
36 36
37 37
38 38
39 39
40 40
41 41
42 42
43 43
44 44
45 45
46 46
47 47
48 48
49 49
50 50
51 51
52 52
53 53
54 54
55 55
56 56
57 57
58 58
59 59
60 60
61 61
62 62
63 63
64 64
65 65
66 66
67 67
68 68
69 69
70 70
71 71
72 72
73 73
74 74
75 75
76 76
77 77
78 78
79 79
80 80
81 81
82 82
83 83
84 84
85 85
86 86
87 87
88 88
89 89
90 90
91 91
92 92
93 93
94 94
95 95
96 96
97 97
98 98
99 99
100 100
