azv oqv jwx cwq gcw xie hyb wcd gei pzr rov jvc ivp wcd rcw wcd vxn wcd gfr rfl scm hsi ctf yiy mis yvc mis eqa vfq hip yfq ncc wcd hwc ovx dqy rti eqx cib uua zuz aur ijd brw mtd ipq wcd cim qzx sau wcd uyd wcd ufa boc mpw hlc hcc mis lmh mis azv
50
wcd wcd
mis mis
rfl rfl
gei gei
azv azv
rti rti
zuz zuz
oqv oqv
aur aur
hip hip
hcc hcc
brw brw
yvc yvc
ipq ipq
ufa ufa
uua uua
hlc hlc
hwc hwc
xie xie
yiy yiy
pzr pzr
ctf ctf
gfr gfr
hsi hsi
rcw rcw
jvc jvc
hyb hyb
boc boc
sau sau
cib cib
ijd ijd
vxn vxn
mpw mpw
ivp ivp
eqa eqa
ovx ovx
lmh lmh
scm scm
vfq vfq
qzx qzx
cim cim
jwx jwx
dqy dqy
rov rov
ncc ncc
uyd uyd
gcw gcw
cwq cwq
mtd mtd
yfq yfq
