xse adx fgp eah mok vvn uwo tso ljd qdw nvz wyg bdh nfr lwk eah rtc nmf aii eah hpx wbg lvm eah bnl igs uau fia rsg dgl krr hmi gex ruo eah zkt ukv igs rjv vtd kpp eah xjt vmt emz wiy vzr jgt ksg rrp qbf eah tlh eah fin kxn uuw jfh mti jfh ogh cma ocp qjf eah bda tko eah xme fzi khu ikb pvs jfh hcr cun idv jfh miy ils uok ybr loj jfh jam kfu xme phg ckx igs zdb fhv bod yug pjf jfh nii xeh aeg rrp fjy eah nko xme vmv fbk uau nry byu svk nhi fyc ptu jfh qxs jfh tdu eah ttw txq lrj vwg nwc zud xme nsw cen ego jfh xse
99
jfh jfh
xme xme
uau uau
vvn vvn
loj loj
nii nii
bod bod
vzr vzr
byu byu
ttw ttw
uuw uuw
zkt zkt
bda bda
yug yug
zud zud
jam jam
ljd ljd
vmt vmt
lwk lwk
mti mti
ocp ocp
fzi fzi
lrj lrj
nko nko
nry nry
txq txq
aii aii
ruo ruo
mok mok
fjy fjy
hmi hmi
qbf qbf
hpx hpx
vmv vmv
adx adx
qjf qjf
nhi nhi
kpp kpp
jgt jgt
aeg aeg
ybr ybr
lvm lvm
fia fia
qxs qxs
tso tso
tko tko
wyg wyg
svk svk
cen cen
wiy wiy
khu khu
qdw qdw
miy miy
nwc nwc
uok uok
cma cma
tdu tdu
fin fin
rtc rtc
fhv fhv
ogh ogh
nsw nsw
pjf pjf
fbk fbk
cun cun
vwg vwg
ptu ptu
bdh bdh
fyc fyc
hcr hcr
xjt xjt
kxn kxn
kfu kfu
idv idv
nmf nmf
ikb ikb
krr krr
bnl bnl
zdb zdb
xeh xeh
ksg ksg
vtd vtd
pvs pvs
wbg wbg
dgl dgl
emz emz
rjv rjv
ckx ckx
ukv ukv
uwo uwo
phg phg
rsg rsg
nvz nvz
gex gex
nfr nfr
tlh tlh
ego ego
ils ils
fgp fgp
