Vernon Grasslands Huron Mecca Louis Crestmont Cambridge Pleasant Woody Robertsville Parchester Richvale Bodad Escondido Winterhaven Three Roseland Escalon Warner Bakersfield Timbuctoo Presidio Strawberry Manker Moores Marshall Terra Del Clayton Calaveras Sacramento Bell Brundage Glencoe Sherman Dulzura Capuchino Flinn Chittenden Armstrong Antelope All Davenport Portola Hammer Rough Fiorini Bradley Cerro Alamo Yurok Balboa South California Beach Bangor Santa Cypress Blue Costa Downtown Ramona Hoffman Wallace Lake Stockdale Cressey Potrero Cabbage Saint Forbestown Quail Smoke Industry Ritter Kaiser Donner Cudahy Yankee Buena Smith Civic Delta Pacheco Temecula Fullerton Carmel Fox Sunny Bonny Anaheim Industrial Coddingtown Helm Tijuana Collins Le Rowland Sulpizio Garcia Veterans Vernon
100
California California
Portola Portola
Cerro Cerro
Sunny Sunny
Forbestown Forbestown
Sherman Sherman
Terra Terra
Industry Industry
Balboa Balboa
Rough Rough
Capuchino Capuchino
Strawberry Strawberry
Veterans Veterans
Yankee Yankee
All All
Garcia Garcia
Wallace Wallace
Richvale Richvale
Sacramento Sacramento
Kaiser Kaiser
Donner Donner
Chittenden Chittenden
Alamo Alamo
Brundage Brundage
Hammer Hammer
Timbuctoo Timbuctoo
Bodad Bodad
Fullerton Fullerton
Stockdale Stockdale
Cypress Cypress
Dulzura Dulzura
Del Del
Clayton Clayton
Saint Saint
Armstrong Armstrong
Crestmont Crestmont
Ritter Ritter
South South
Anaheim Anaheim
Hoffman Hoffman
Temecula Temecula
Louis Louis
Delta Delta
Rowland Rowland
Mecca Mecca
Fox Fox
Roseland Roseland
Helm Helm
Industrial Industrial
Beach Beach
Lake Lake
Cambridge Cambridge
Blue Blue
Bonny Bonny
Bradley Bradley
Glencoe Glencoe
Smith Smith
Winterhaven Winterhaven
Buena Buena
Fiorini Fiorini
Bangor Bangor
Manker Manker
Pleasant Pleasant
Presidio Presidio
Tijuana Tijuana
Bell Bell
Quail Quail
Grasslands Grasslands
Flinn Flinn
Cudahy Cudahy
Moores Moores
Parchester Parchester
Ramona Ramona
Davenport Davenport
Downtown Downtown
Calaveras Calaveras
Costa Costa
Marshall Marshall
Coddingtown Coddingtown
Smoke Smoke
Collins Collins
Yurok Yurok
Civic Civic
Le Le
Santa Santa
Cressey Cressey
Escalon Escalon
Robertsville Robertsville
Three Three
Warner Warner
Antelope Antelope
Potrero Potrero
Escondido Escondido
Huron Huron
Carmel Carmel
Woody Woody
Sulpizio Sulpizio
Pacheco Pacheco
Bakersfield Bakersfield
Cabbage Cabbage
