Ippudo Platano Gypsys EastAsianLibrary Campbell Eureka Ikea TheHabit Homeroom PokeBar Homeroom Underhill Wikiwiki CVS Jupiter TopDog Jupiter LatimerHall Tilden Cinnaholic Slivers Cinnaholic Tilden HeatCafe SaturnCafe HeatCafe Barrows AshaTeaHouse CaliforniaHall Gadani CaliforniaHall AshaTeaHouse Bowles Namaste HilgardHall KroeberHall HilgardHall Namaste StrawberryCreek Morganhall Jupiter TopDog Firewings Quicklys BerkeleyArtStudio Mezzo GiauqueHall Gilman Ucha YogurtPark LaVals Target LaVals YogurtPark OptometryBuilding BenAndJerry DollarTree TripleRock Cinnaholic Tilden HeatCafe BerkeleyThaiHouse SutardjaDai ThaiBasil HesseHall EastBaySpiceCompany GSPP Wheeler Chipotle Yifang Chipotle Wheeler GSPP EastBaySpiceCompany HesseHall Kips Foothill Milkbomb Foothill Kips Muraccis Kips EndlessSweets TToust BobaNinja TennisCourts BancroftLibrary LittleCampanile BancroftLibrary TennisCourts StrawberryCreek Morganhall GiauqueHall Mezzo BerkeleyArtStudio Mezzo GiauqueHall Ikea TheHabit Homeroom LaNote TacoBell LaNote ExtremePizza LaNote Homeroom TheHabit UCafe UniversityVillage Fengcha UniversityVillage Dwinelle GrizzlyPeak AndrewsApartment UrbanOutfitters Cornerstone Campanile TPTea TennisCourts BerkeleyHigh TraderJoes YogurtPark GreatChina SatherGate GreatChina YogurtPark OptometryBuilding LaBurrita Unit3 Eshelman Namaste Bowles HearstAnnex Pappys HearstAnnex McDonalds Morrisonhall McDonalds HearstAnnex Bowles SmokesPoutinerie TheDwight SmokesPoutinerie Bowles Namaste Eshelman RSF Cheeseboard BancroftLibrary LittleCampanile WindmillCoffee PokeBar Homeroom TheHabit UCafe UniversityVillage Fengcha Ikes Gongcha ClarkKerr Plentea PokeBar Homeroom TheHabit UCafe UniversityVillage Dwinelle Crossroads Dwinelle GrizzlyPeak AmoebaMusic LeConte Campanile ChezPanisse Campanile LeConte AshaTeaHouse Barrows Safeway BerkeleyThaiHouse SutardjaDai Rachas NatApartment HildebrandHall Soda Platano Soda HildebrandHall TPTea Campanile LeConte Wikiwiki Underhill Unit3 LaBurrita Chipotle Staples CanyonPool Rachas LiKaShing BanshoRamen Raretea FoxTheater GrizzlyPeak AndrewsApartment Wheeler Bonchon Cinnaholic HortonHall Shengkee HortonHall Cinnaholic DavisHall TukTukThai Venus Cream BerkeleyWayWest Artichokes SnackShack AmoebaMusic GrizzlyPeak FoxTheater LittleBird HalalGuys EndlessSweets TToust BobaNinja TennisCourts StrawberryCreek TennisCourts BerkeleyHigh TraderJoes YogurtPark GreatChina YogurtPark OptometryBuilding BenAndJerry DollarTree ClarkKerr Plentea ClarkKerr BSC ClarkKerr Gongcha MSRI NoodleGirl Teazone NoodleGirl Wikiwiki LeConte Campanile Cornerstone UrbanOutfitters AndrewsApartment GrizzlyPeak Dwinelle GiauqueHall Gilman Ucha Gilman GiauqueHall Ikea Milkbomb Blackwell SuperDuperBurgers Pappys HearstAnnex Bowles SmokesPoutinerie Flavia HearstMining Chipotle Yifang NorthHall DavisHall Evans HavilandHall UdupiPalace GrizzlyPeak AndrewsApartment Flavia HearstGym WursterHall HearstGym Flavia UCafe TheHabit FireTrails MulfordHall FireTrails TheHabit UCafe Flavia HearstGym Boalt SproulHall BerkeleyBart HappyLemon BerkeleyBart Barrows AshaTeaHouse LeConte Cafe3 LeConte Campanile TPTea TennisCourts BerkeleyHigh Toss LaNote Homeroom TheHabit Ikea GiauqueHall Morganhall GiauqueHall Mezzo HAAS BerkeleyRoseGarden Spats Evans HavilandHall Bonchon Wheeler GSPP EastBaySpiceCompany GSPP Wheeler Bonchon UCafe UniversityVillage TToust ImmThai BobbyGPizza BagOCrab LewisHall BagOCrab GreekTheatre Tilden LatimerHall Tilden Gather TraderJoes BerkeleyHigh Toss Etcheverry Marugame BenAndJerry OptometryBuilding LaBurrita Unit3 Underhill HortonHall Underhill SteamTrains JambaJuice SteamTrains Underhill Wikiwiki CVS Jupiter LatimerHall Tilden HeatCafe Kresge BSC ClarkKerr Stern BerkeleyHigh TraderJoes BerkeleyHigh Stern ClarkKerr Gongcha Ikes SweetheartCafe Eshelman Namaste MemorialGlade Campbell HearstMining Chipotle LaBurrita BerkeleyBart BigC TenderGreens BigC BerkeleyBart LaBurrita Unit3 Eshelman Ikes Unit1 GrizzlyPeak AmoebaMusic LeConte Cafe3 ThaiNoodle PeoplesPark Quicklys BerkeleyArtStudio Mezzo HAAS Chipotle HearstMining Campbell EastAsianLibrary Gypsys EastAsianLibrary Campbell HearstMining Chipotle HAAS Mezzo BerkeleyArtStudio Quicklys BerkeleyArtStudio Mezzo HAAS Cream BerkeleyWayWest Artichokes LowerSproul Shengkee HortonHall Underhill Unit3 LaBurrita HearstGym Flavia SmokesPoutinerie LiKaShing BanshoRamen LiKaShing Crossroads TToust BobaNinja TToust UniversityVillage Fengcha Ikes SweetheartCafe PeoplesCafe SweetheartCafe Ikes BetaLounge Ikes Gongcha ClarkKerr BSC TukTukThai DavisHall NorthHall Yifang Chipotle HearstMining Campbell EastAsianLibrary Campbell HearstMining Chipotle LaBurrita BerkeleyBart BigC BerkeleyBart SproulHall Boalt Cory NatApartment HildebrandHall Soda Platano Ippudo
100
Wheeler Wheeler
HortonHall HortonHall
KroeberHall KroeberHall
LatimerHall LatimerHall
LewisHall LewisHall
Morganhall Morganhall
Morrisonhall Morrisonhall
MulfordHall MulfordHall
NorthHall NorthHall
OptometryBuilding OptometryBuilding
AshaTeaHouse AshaTeaHouse
McDonalds McDonalds
Bonchon Bonchon
Firewings Firewings
HappyLemon HappyLemon
Ucha Ucha
Artichokes Artichokes
TacoBell TacoBell
Gongcha Gongcha
Yifang Yifang
Fengcha Fengcha
UCafe UCafe
SproulHall SproulHall
TPTea TPTea
SatherGate SatherGate
StrawberryCreek StrawberryCreek
BigC BigC
ClarkKerr ClarkKerr
Crossroads Crossroads
Cafe3 Cafe3
Raretea Raretea
Underhill Underhill
TraderJoes TraderJoes
Safeway Safeway
Marugame Marugame
Kips Kips
Pappys Pappys
BetaLounge BetaLounge
Spats Spats
Cornerstone Cornerstone
TripleRock TripleRock
LowerSproul LowerSproul
WursterHall WursterHall
Shengkee Shengkee
Plentea Plentea
Chipotle Chipotle
ImmThai ImmThai
Milkbomb Milkbomb
MemorialGlade MemorialGlade
EastAsianLibrary EastAsianLibrary
ThaiNoodle ThaiNoodle
Mezzo Mezzo
Slivers Slivers
Ikes Ikes
Teazone Teazone
PokeBar PokeBar
Quicklys Quicklys
TopDog TopDog
Gypsys Gypsys
SnackShack SnackShack
SmokesPoutinerie SmokesPoutinerie
GreatChina GreatChina
ThaiBasil ThaiBasil
Eureka Eureka
BSC BSC
Platano Platano
EastBaySpiceCompany EastBaySpiceCompany
TenderGreens TenderGreens
PeoplesCafe PeoplesCafe
SuperDuperBurgers SuperDuperBurgers
Target Target
JambaJuice JambaJuice
HalalGuys HalalGuys
ExtremePizza ExtremePizza
Gadani Gadani
Wikiwiki Wikiwiki
TheHabit TheHabit
Homeroom Homeroom
Cheeseboard Cheeseboard
ChezPanisse ChezPanisse
LaNote LaNote
Rachas Rachas
BobaNinja BobaNinja
SweetheartCafe SweetheartCafe
TukTukThai TukTukThai
Gather Gather
Venus Venus
SaturnCafe SaturnCafe
Jupiter Jupiter
AmoebaMusic AmoebaMusic
GrizzlyPeak GrizzlyPeak
LaBurrita LaBurrita
AndrewsApartment AndrewsApartment
BerkeleyArtStudio BerkeleyArtStudio
TheDwight TheDwight
BanshoRamen BanshoRamen
LittleCampanile LittleCampanile
Namaste Namaste
Muraccis Muraccis
UrbanOutfitters UrbanOutfitters
