Soda LeConte Wheeler BerkeleyWayWest Campanile Evans BAMPFA Evans Campanile HesseHall Stern HesseHall Unit1 SouthHall Moffit SouthHall Unit1 HesseHall Campanile Evans Kresge LawrenceHall MemorialStadium InternationalHouse MemorialStadium LawrenceHall Doe Soda RSF SouthHall Unit1 Blackwell BancroftLibrary Unit2 DurantHall Unit2 Etcheverry LeConte Soda Doe UniversityVillage Bowles UniversityVillage HildebrandHall Gilman Cory Campbell Unit3 Campbell GiauqueHall Etcheverry LeConte Foothill HavilandHall Dwinelle HearstMining HilgardHall CaliforniaHall HilgardHall Boalt Wheeler LeConte Soda Doe GreekTheatre Doe Soda BerkeleyWayWest Soda
25
Evans Evans
Doe Doe
HearstMining HearstMining
Wheeler Wheeler
Campanile Campanile
LeConte LeConte
Moffit Moffit
Dwinelle Dwinelle
SouthHall SouthHall
Gilman Gilman
CaliforniaHall CaliforniaHall
Bowles Bowles
BancroftLibrary BancroftLibrary
DurantHall DurantHall
Stern Stern
Campbell Campbell
GreekTheatre GreekTheatre
BAMPFA BAMPFA
BerkeleyWayWest BerkeleyWayWest
LawrenceHall LawrenceHall
InternationalHouse InternationalHouse
Unit1 Unit1
Unit2 Unit2
Unit3 Unit3
Foothill Foothill
