Evans Artichokes Foothill Underhill Blackwell Underhill LewisHall SproulHall SatherGate GiauqueHall SatherGate GreekTheatre CanyonPool GreekTheatre SatherGate ZellerbachHall Cornerstone BancroftLibrary HavilandHall BancroftLibrary Cornerstone WursterHall Evans Cory Evans WursterHall Moffit LeConte Moffit WursterHall Campbell DurantHall Unit2 Barrows Unit2 Pappys Milkbomb SouthHall Moffit HappyLemon LawrenceHall HappyLemon Moffit WursterHall Cornerstone SutardjaDai Plentea StrawberryCreek HearstMining VLSB NorthHall Unit3 Bowles KroeberHall Etcheverry KroeberHall Barrows HortonHall UniversityVillage Yifang BerkeleyWayWest Yifang UniversityVillage HortonHall LeConte Bowles Unit3 Campbell Eshelman Marugame Gilman BotanicalGardens Gilman Marugame GreekTheatre StrawberryCreek MemorialGlade Kresge MemorialGlade Milkbomb Unit3 Spats Boalt Spats Unit3 Campbell Eshelman Campbell DurantHall Firewings CaliforniaHall Firewings Cornerstone Campanile Marugame Morganhall Safeway HildebrandHall MLK LatimerHall Plentea StrawberryCreek Unit1 StrawberryCreek GreekTheatre SatherGate InternationalHouse CaliforniaHall Firewings RSF Underhill Foothill HAAS Foothill Underhill Campanile Cornerstone BancroftLibrary Cornerstone SutardjaDai Plentea Soda Artichokes Foothill HAAS Unit1 StrawberryCreek GreekTheatre SatherGate Doe HortonHall UniversityVillage Yifang BerkeleyWayWest AlumniHouse ImmThai Blackwell Underhill Campanile Marugame Gilman Marugame GreekTheatre SatherGate Doe HortonHall UniversityVillage Wheeler UniversityVillage Yifang UCafe Chipotle ThaiNoodle Chipotle TPTea BAMPFA HAAS Foothill Underhill LewisHall DavisHall LewisHall SproulHall Pappys Milkbomb SouthHall HesseHall SouthHall NorthHall Unit3 Bowles HilgardHall Bowles LeConte Gongcha Morrisonhall Dwinelle Morrisonhall Gongcha LeConte HortonHall MemorialStadium HortonHall Barrows Unit2 Stern Unit2 DurantHall Campbell Morrisonhall Dwinelle MLK LatimerHall Plentea WursterHall Evans
50
Doe Doe
HearstMining HearstMining
Wheeler Wheeler
Campanile Campanile
LeConte LeConte
Moffit Moffit
Dwinelle Dwinelle
SouthHall SouthHall
Gilman Gilman
CaliforniaHall CaliforniaHall
Bowles Bowles
BancroftLibrary BancroftLibrary
DurantHall DurantHall
Stern Stern
Campbell Campbell
GreekTheatre GreekTheatre
BAMPFA BAMPFA
BerkeleyWayWest BerkeleyWayWest
LawrenceHall LawrenceHall
InternationalHouse InternationalHouse
Unit1 Unit1
Unit2 Unit2
Unit3 Unit3
Foothill Foothill
VLSB VLSB
RSF RSF
Blackwell Blackwell
ZellerbachHall ZellerbachHall
MLK MLK
Eshelman Eshelman
Soda Soda
Cory Cory
Barrows Barrows
HAAS HAAS
AlumniHouse AlumniHouse
Boalt Boalt
BotanicalGardens BotanicalGardens
MemorialStadium MemorialStadium
CanyonPool CanyonPool
DavisHall DavisHall
Kresge Kresge
SutardjaDai SutardjaDai
Etcheverry Etcheverry
GiauqueHall GiauqueHall
UniversityVillage UniversityVillage
HavilandHall HavilandHall
HesseHall HesseHall
HildebrandHall HildebrandHall
HilgardHall HilgardHall
ThaiNoodle ThaiNoodle
