GOld shoW AND YOURE AND shoW brain shoW AND might AND YouLL AND once AND shoW back shoW mYself shoW AND gett yep COuld On shine On little On COuld well COuld chAnge COuld see COuld On GO On COuld yep gett head gett t gett skate gett break gett yep rules yep COuld is COuld yep My yep Know yep show yep COuld On sense On In ground colder ground about ground In Didn In To In bundled In and In ground GET ground SHooting ground you youre what youre hit youre you game you youre Live youre shape stop alL stop shape Well shape youre forehead youre shape yOure shape stop never stop get stop shape much shape youre you GEt you strEEts you shootinG you youre shape stop GOld shoW now shoW GOld U GOld say GOld Fed GOld So GOld
50
So So
back back
once once
skate skate
rules rules
well well
shine shine
bundled bundled
about about
game game
forehead forehead
Well Well
never never
Fed Fed
brain brain
might might
t t
show show
is is
sense sense
To To
GET GET
strEEts strEEts
Live Live
yOure yOure
alL alL
U U
now now
YOURE YOURE
break break
Know Know
chAnge chAnge
little little
Didn Didn
colder colder
shootinG shootinG
hit hit
much much
get get
say say
mYself mYself
YouLL YouLL
head head
My My
see see
GO GO
and and
SHooting SHooting
GEt GEt
what what
