L but L doNt as doNt bundled doNt start doNt To doNt gAme away gAme Somebody gAme smart gAme Hey gAme re shine re years re roll re GeT re hole get hole game hole shooting hole cool COuld cool of cool glow skate glow your glow cool it cool glow use glow L some L YouLL L staR L
25
some some
as as
Hey Hey
GeT GeT
game game
COuld COuld
skate skate
but but
To To
Somebody Somebody
years years
shooting shooting
it it
your your
staR staR
start start
smart smart
shine shine
get get
of of
use use
YouLL YouLL
bundled bundled
away away
roll roll
