hutmk hopbn aqzce vczkh aeomh otirh misyc lcghr gxdqt dowbf ugamb aqzce axmwy yaxts lnfiu mlfbi ywion ijofp aqzce ijvuq xeljy oscrv coubd xnysi zsehb cursl xintv aqzce tyuep urlkt lsnhz bcrwj yiodb ablxw rlfxc mzlsn aqzce artvi tejxc qdzgs vmgxh ugyls yzaje omjfc spuoi hutmk
40
aqzce aqzce
omjfc omjfc
oscrv oscrv
ywion ywion
yiodb yiodb
cursl cursl
yzaje yzaje
vczkh vczkh
yaxts yaxts
otirh otirh
aeomh aeomh
ijvuq ijvuq
ablxw ablxw
tyuep tyuep
axmwy axmwy
dowbf dowbf
rlfxc rlfxc
zsehb zsehb
xintv xintv
hopbn hopbn
xnysi xnysi
misyc misyc
ijofp ijofp
tejxc tejxc
ugyls ugyls
mzlsn mzlsn
lnfiu lnfiu
qdzgs qdzgs
vmgxh vmgxh
urlkt urlkt
bcrwj bcrwj
mlfbi mlfbi
lcghr lcghr
spuoi spuoi
coubd coubd
lsnhz lsnhz
xeljy xeljy
ugamb ugamb
gxdqt gxdqt
artvi artvi
