hdpxs rchbw xnpwq ypdnb gufvs wajol pgqva armnk qbdwz evsbm kjihy jhlus xscoe yazqf oxitr aedvq xscoe rjdai qhibx qhvsb qsmkj xscoe bsvth oaeyh mhuad cxdes oewcd ymcfp uklga pytwh zcjqx xscoe vgwoi wotiq rlumh sxdiu dkjro hwmzn uiogl wnelr cqsby gstwp bdevm ehqyk yqfdk ohzfn xscoe wdquv ahnds dbjxw osxbc lmwpk amfiz iyuas tmwdy rzvtg lpudv pihld kzwah joztf xcvow cxajk utdhx zntkr gdovn htkwy vcwfj lnjxt tjake yvbse mujil wkbuf tkwle oxuqn xscoe qckjp xscoe btwzv xlrzc zqjxb stflc ebwcp fjdqi nqtru ktzce mhekz mlibf syoxf ayrgb rjuxc bwknx tndwl wcjeg xscoe bkfuc xscoe syoxv maqho xscoe mtcsd oaeyh jcwpu kscoz vobqh drojn xscoe qpbmc gdnim xscoe evtgj xscoe osvgp yqtob frhgc cihba hdpxs
100
oaeyh oaeyh
gufvs gufvs
rlumh rlumh
gdovn gdovn
oewcd oewcd
wkbuf wkbuf
yqtob yqtob
qsmkj qsmkj
cqsby cqsby
mujil mujil
wajol wajol
nqtru nqtru
mhekz mhekz
lmwpk lmwpk
uiogl uiogl
vobqh vobqh
zqjxb zqjxb
mhuad mhuad
qbdwz qbdwz
oxitr oxitr
qckjp qckjp
xlrzc xlrzc
hwmzn hwmzn
pihld pihld
xnpwq xnpwq
bdevm bdevm
wotiq wotiq
ypdnb ypdnb
tjake tjake
stflc stflc
pgqva pgqva
ebwcp ebwcp
yqfdk yqfdk
ymcfp ymcfp
yazqf yazqf
vgwoi vgwoi
bwknx bwknx
xcvow xcvow
amfiz amfiz
dbjxw dbjxw
dkjro dkjro
frhgc frhgc
jcwpu jcwpu
gdnim gdnim
evtgj evtgj
syoxv syoxv
cxdes cxdes
sxdiu sxdiu
mlibf mlibf
wcjeg wcjeg
cihba cihba
lpudv lpudv
ahnds ahnds
ehqyk ehqyk
jhlus jhlus
qpbmc qpbmc
iyuas iyuas
qhvsb qhvsb
tkwle tkwle
rzvtg rzvtg
yvbse yvbse
drojn drojn
oxuqn oxuqn
wnelr wnelr
rchbw rchbw
uklga uklga
maqho maqho
joztf joztf
vcwfj vcwfj
osvgp osvgp
tmwdy tmwdy
utdhx utdhx
lnjxt lnjxt
wdquv wdquv
gstwp gstwp
aedvq aedvq
bsvth bsvth
ayrgb ayrgb
zcjqx zcjqx
armnk armnk
kzwah kzwah
btwzv btwzv
pytwh pytwh
qhibx qhibx
ktzce ktzce
kscoz kscoz
tndwl tndwl
ohzfn ohzfn
kjihy kjihy
rjuxc rjuxc
htkwy htkwy
rjdai rjdai
osxbc osxbc
fjdqi fjdqi
evsbm evsbm
cxajk cxajk
bkfuc bkfuc
mtcsd mtcsd
syoxf syoxf
zntkr zntkr
