Aberdeen Reno Springdale Reno Chattanooga Henderson Chattanooga Lewisville Chattanooga SaltLakeCity Redding SanAntonio MyrtleBeach Chattanooga Elkhart Pensacola Elkhart Racine Montgomery Hampton Tuscaloosa Winston Tuscaloosa Hampton Lowell Hampton Reno Scranton Gainesville Montgomery SouthLyon Montgomery Redding GreenBay Columbia WestValleyCity Henderson StPetersburg Henderson Austin Winston Marina McAllen Miramar McAllen Modesto SanBernardino Hartford Hampton Tuscaloosa Hampton Newburgh Hampton Reno Aberdeen
25
Pensacola Pensacola
SaltLakeCity SaltLakeCity
Gainesville Gainesville
Hampton Hampton
Winston Winston
Tuscaloosa Tuscaloosa
WestValleyCity WestValleyCity
Chattanooga Chattanooga
Modesto Modesto
Henderson Henderson
Lewisville Lewisville
Miramar Miramar
Racine Racine
Reno Reno
Lowell Lowell
SanBernardino SanBernardino
SouthLyon SouthLyon
Newburgh Newburgh
Austin Austin
Montgomery Montgomery
GreenBay GreenBay
SanAntonio SanAntonio
StPetersburg StPetersburg
Marina Marina
Springdale Springdale
