Hayward CedarRapids Modesto Corona Springdale Howell Downey Abilene GrandRapids Abilene CedarRapids Burbank Huntsville Tyler Hickory Winston Murrieta Tampa Murrieta Fontana Victorville Charlotte York BelAir Aurora BelAir Hampton BelAir Milwaukee Omaha Milwaukee Waco Harlingen Burbank Danbury Burbank CedarRapids Asheville ThousandOaks Asheville CedarRapids Burbank Harlingen RichmondCounty York HuntingtonBeach York Charlotte BelAir Monroe BelAir York NewYorkCity Waterloo Springdale Milwaukee SantaCruz Montgomery Hickory Kennewick NewYorkCity Newark Bloomington Durham Deltona Corona StPaul Bradenton SaintPaul PuntaGorda Omaha Yonkers Atlanta McAllen BelAir Aurora NewBedford Trenton Hickory Tyler Huntsville Burbank Sebastian Torrance PalmBay SaintLouis BelAir SantaClara BelAir Aurora Tucson Winston Memphis Killeen Durham Bloomington Newark McHenry PalmBay Tucson Aurora Bakersfield Aurora BelAir Tyler Kennewick Barnstable Charlotte RichmondCounty Charlotte PanamaCity PuntaGorda Howell BelAir McAllen Atlanta Yonkers GulfportBiloxi Chicago Burbank Newark McHenry Newark LakeCharles Newark McHenry Springdale Topeka Springdale McHenry Asheville Hayward
50
PuntaGorda PuntaGorda
Tyler Tyler
ThousandOaks ThousandOaks
PalmBay PalmBay
Tucson Tucson
Barnstable Barnstable
Yonkers Yonkers
Burbank Burbank
McHenry McHenry
Harlingen Harlingen
Charlotte Charlotte
Omaha Omaha
Topeka Topeka
Deltona Deltona
Danbury Danbury
Downey Downey
Asheville Asheville
McAllen McAllen
Chicago Chicago
GrandRapids GrandRapids
BelAir BelAir
Aurora Aurora
CedarRapids CedarRapids
LakeCharles LakeCharles
Bradenton Bradenton
RichmondCounty RichmondCounty
SantaCruz SantaCruz
Modesto Modesto
HuntingtonBeach HuntingtonBeach
Huntsville Huntsville
NewYorkCity NewYorkCity
Tampa Tampa
Monroe Monroe
Bakersfield Bakersfield
Springdale Springdale
SantaClara SantaClara
Atlanta Atlanta
Durham Durham
Newark Newark
Torrance Torrance
Memphis Memphis
Kennewick Kennewick
Bloomington Bloomington
NewBedford NewBedford
SaintPaul SaintPaul
York York
Hickory Hickory
Waco Waco
Waterloo Waterloo
Hampton Hampton
