Hayward Medford LasVegas Bloomington HuntingtonBeach Bloomington LasVegas Stamford OverlandPark Youngstown SaintPaul Youngstown Hagerstown PuntaGorda HavredeGrace Hartford Downey Eugene Boise Eugene Downey Frederick McAllen ThousandOaks PortSaintLucie SantaClara Aberdeen Bryan Hampton Newark Hampton Salem Poughkeepsie Elkhart Arvada Scranton Arvada Elkhart Modesto Greenville Modesto PuntaGorda SiouxCity Barnstable Marina Fargo GreenBay Fresno Torrance Vancouver Henderson PanamaCity RoundLakeBeach Lorain Norwich Spartanburg Anchorage Boulder Arvada Harrisburg Scottsdale Lorain SanBuenaventura Anaheim Trenton OverlandPark Anchorage Utica Champaign SterlingHeights Escondido Monroe NewYork Kalamazoo Worcester Burlington HavredeGrace PuntaGorda Tucson BoiseCity Mesquite Visalia Columbus SantaClara PortSaintLucie ThousandOaks Tucson BatonRouge Eugene Tyler Eugene HuntingtonBeach NewYorkCity SantaBarbara SiouxCity RichmondCounty Torrance Marysville Omaha Topeka Fresno Orem Lacey Orem Anchorage Utica Burlington GrandRapids Pueblo Lubbock Melbourne Racine PembrokePines Modesto Hartford SanBernardino Newburgh Kaneohe Downey Topeka Fresno Anchorage Carrollton SiouxFalls RichmondCounty SiouxCity Barnstable SiouxCity StLouis Sacramento Boston Deltona Salem Hampton ElPaso Anchorage Minneapolis Nashua LasVegas Bloomington Louisville Trenton PalmBay CorpusChristi PalmBay Cambridge Bakersfield CostaMesa Lubbock Charlotte Pueblo SanBernardino NorthLasVegas Baltimore Salem Toledo Boulder Hemet Salinas OverlandPark Savannah Lacey Murrieta Harlingen Hialeah Waterbury Pueblo Lubbock Melbourne Torrance Fresno Topeka Fresno Anchorage Charlotte Lubbock Pueblo Waterbury PembrokePines Oxnard Brighton Henderson Anchorage Orem Bethlehem NewportNews Marina Frederick Downey Burlington HavredeGrace JohnsonCity Fresno GreenBay Duluth Detroit Norman Ogden CathedralCity Bethlehem NewportNews Marina PortArthur Racine PembrokePines LasVegas PembrokePines Layton Marysville Boise Eugene Anaheim SanBuenaventura Norwich Anchorage Medford Flint Fullerton Duluth Spartanburg LakeCharles LasCruces Boston Hialeah Albuquerque Burlington DalyCity Cincinnati NewYorkCity HuntingtonBeach Hagerstown Detroit Hagerstown Plano Hagerstown PalmBay CapeCoral Tacoma Mobile Hemet PuntaGorda Tucson York Waterbury CorpusChristi PalmBay CapeCoral Huntsville Fargo Birmingham Barnstable Youngstown Fullerton Plano CostaMesa Kissimmee Bethlehem Orem Olympia Downey Frederick Waterbury CorpusChristi StPaul CathedralCity Bethlehem Youngstown Laredo Roseville Lorain NewBedford Lorain SanBuenaventura Fargo Huntsville ThousandOaks Waterbury Hayward
100
PuntaGorda PuntaGorda
Tyler Tyler
Cincinnati Cincinnati
ThousandOaks ThousandOaks
Norwich Norwich
PalmBay PalmBay
Tucson Tucson
Utica Utica
Pueblo Pueblo
Albuquerque Albuquerque
Laredo Laredo
NewportNews NewportNews
Barnstable Barnstable
JohnsonCity JohnsonCity
Greenville Greenville
Eugene Eugene
Racine Racine
Nashua Nashua
RoundLakeBeach RoundLakeBeach
Harlingen Harlingen
Newburgh Newburgh
HavredeGrace HavredeGrace
Charlotte Charlotte
OverlandPark OverlandPark
Omaha Omaha
Topeka Topeka
CapeCoral CapeCoral
Deltona Deltona
Anchorage Anchorage
Marina Marina
Salem Salem
LasVegas LasVegas
Downey Downey
Hagerstown Hagerstown
Birmingham Birmingham
SanBuenaventura SanBuenaventura
Mesquite Mesquite
Flint Flint
McAllen McAllen
Lubbock Lubbock
CorpusChristi CorpusChristi
Layton Layton
Fullerton Fullerton
Bethlehem Bethlehem
NorthLasVegas NorthLasVegas
StLouis StLouis
GrandRapids GrandRapids
Frederick Frederick
Boise Boise
Arvada Arvada
Oxnard Oxnard
Hemet Hemet
Scranton Scranton
Fresno Fresno
Waterbury Waterbury
LakeCharles LakeCharles
Stamford Stamford
Olympia Olympia
RichmondCounty RichmondCounty
Duluth Duluth
Modesto Modesto
Henderson Henderson
HuntingtonBeach HuntingtonBeach
Huntsville Huntsville
Lacey Lacey
Burlington Burlington
Columbus Columbus
Savannah Savannah
Vancouver Vancouver
Detroit Detroit
Hialeah Hialeah
CathedralCity CathedralCity
NewYorkCity NewYorkCity
Marysville Marysville
GreenBay GreenBay
Bakersfield Bakersfield
Monroe Monroe
Louisville Louisville
ElPaso ElPaso
SantaClara SantaClara
Kissimmee Kissimmee
Newark Newark
Torrance Torrance
Hartford Hartford
Plano Plano
Bloomington Bloomington
Kalamazoo Kalamazoo
NewBedford NewBedford
SiouxFalls SiouxFalls
Elkhart Elkhart
Champaign Champaign
Anaheim Anaheim
SaintPaul SaintPaul
York York
Spartanburg Spartanburg
Scottsdale Scottsdale
Aberdeen Aberdeen
Mobile Mobile
Melbourne Melbourne
Ogden Ogden
