A B TB21 TA9 TA191 B TA21 B TB11 TA15 A TA11 TA51 TA19 TA10 TA6 TA231 A TA23 TA121 TA7 C TA1 TA13 TA211 G TA61 B TA22 TA24 TB1 D TA201 B TA161 TA81 TA20 TA91 TA16 TA18 TA4 TA41 TA111 TA17 TA151 TA181 A TA101 A TA5 TA171 TA2 TA131 TA71 TA3 TA TA31 TA141 TA12 TA241 A TA221 TA14 D TA8 D A
50
TA TA
TA1 TA1
TA2 TA2
TA3 TA3
TA4 TA4
TA5 TA5
TA6 TA6
TA7 TA7
TA8 TA8
TA9 TA9
TA10 TA10
TA11 TA11
TA12 TA12
TA13 TA13
TA14 TA14
TA15 TA15
TA16 TA16
TA17 TA17
TA18 TA18
TA19 TA19
TA20 TA20
TA21 TA21
TA22 TA22
TA23 TA23
TA24 TA24
TB1 TB1
TB11 TB11
TB21 TB21
TA31 TA31
TA41 TA41
TA51 TA51
TA61 TA61
TA71 TA71
TA81 TA81
TA91 TA91
TA101 TA101
TA111 TA111
TA121 TA121
TA131 TA131
TA141 TA141
TA151 TA151
TA161 TA161
TA171 TA171
TA181 TA181
TA191 TA191
TA201 TA201
TA211 TA211
TA221 TA221
TA231 TA231
TA241 TA241
