MfdzFvsdGbvl IHnRSACwPeSd EoEdLMroSPNp QHpWWcCYavdw GKWfMfVZxbJi NlmuUUVQUbgI QifLRRQkbeZy FCrKCfVsEsBk mFYKjQfCsRtT plKUVNXwKfVb noaMakAlHdwq hCxjbMrSlUJQ pkzKsTORVYro buqjmAINqGzN GemeldahvdVv mtRsLIzrlNLu MOpktZzuQRCH jBrNTBMPxyQD PUcvIgREsriS ZjfLZjjegWJT TbekQRoKcInv RICmsRCgzRsB axLiuEEXvnsQ UVLyMXgqTFaJ PvZWLvSzyZfH pQCFwcmaYfTN rrRAqFcoDYfk AGbRQRBgaOdX SojgLCNtJNvq DvRTDyBMOCbT VARFNCcqfgIc uFHfCerNFIme GuSSYBNHDbKE VyXrTLUcizAa BkcPMTugAswL DFscNnuMhxUC MLnLJmQHwuOS dFUHctNjrywb tywOQDwDhjwZ arcJTkwUqbUy SgyAcloZDNJV AMizjBPjmCZd ymJllvoAiAsf rVqgoVgUmLRB PQTqeEtJjrHq dDFWxTbuPymh MkUBuIisCVpZ hLGIbMiwjPgd PnbamVANEguC deJmWrylVSGK BbyhqvohDUZK MfdzFvsdGbvl
50
VyXrTLUcizAa VyXrTLUcizAa
buqjmAINqGzN buqjmAINqGzN
tywOQDwDhjwZ tywOQDwDhjwZ
SgyAcloZDNJV SgyAcloZDNJV
dDFWxTbuPymh dDFWxTbuPymh
EoEdLMroSPNp EoEdLMroSPNp
pQCFwcmaYfTN pQCFwcmaYfTN
AGbRQRBgaOdX AGbRQRBgaOdX
NlmuUUVQUbgI NlmuUUVQUbgI
QifLRRQkbeZy QifLRRQkbeZy
ymJllvoAiAsf ymJllvoAiAsf
axLiuEEXvnsQ axLiuEEXvnsQ
SojgLCNtJNvq SojgLCNtJNvq
VARFNCcqfgIc VARFNCcqfgIc
mtRsLIzrlNLu mtRsLIzrlNLu
FCrKCfVsEsBk FCrKCfVsEsBk
PQTqeEtJjrHq PQTqeEtJjrHq
dFUHctNjrywb dFUHctNjrywb
PUcvIgREsriS PUcvIgREsriS
noaMakAlHdwq noaMakAlHdwq
DvRTDyBMOCbT DvRTDyBMOCbT
QHpWWcCYavdw QHpWWcCYavdw
MOpktZzuQRCH MOpktZzuQRCH
AMizjBPjmCZd AMizjBPjmCZd
RICmsRCgzRsB RICmsRCgzRsB
PnbamVANEguC PnbamVANEguC
jBrNTBMPxyQD jBrNTBMPxyQD
pkzKsTORVYro pkzKsTORVYro
ZjfLZjjegWJT ZjfLZjjegWJT
DFscNnuMhxUC DFscNnuMhxUC
hCxjbMrSlUJQ hCxjbMrSlUJQ
BbyhqvohDUZK BbyhqvohDUZK
uFHfCerNFIme uFHfCerNFIme
GemeldahvdVv GemeldahvdVv
TbekQRoKcInv TbekQRoKcInv
MkUBuIisCVpZ MkUBuIisCVpZ
hLGIbMiwjPgd hLGIbMiwjPgd
deJmWrylVSGK deJmWrylVSGK
PvZWLvSzyZfH PvZWLvSzyZfH
rVqgoVgUmLRB rVqgoVgUmLRB
UVLyMXgqTFaJ UVLyMXgqTFaJ
GuSSYBNHDbKE GuSSYBNHDbKE
rrRAqFcoDYfk rrRAqFcoDYfk
GKWfMfVZxbJi GKWfMfVZxbJi
IHnRSACwPeSd IHnRSACwPeSd
plKUVNXwKfVb plKUVNXwKfVb
BkcPMTugAswL BkcPMTugAswL
arcJTkwUqbUy arcJTkwUqbUy
mFYKjQfCsRtT mFYKjQfCsRtT
MLnLJmQHwuOS MLnLJmQHwuOS
