IvOdahrtFwzZ nyTRNDRCsANl JNoAmCxHcsYw XwPJYwaGcHxO ZPYnROAizafx sFSBpaJxLpBT TZmWJenJbEsV wHeDieHMYzAK oKIKkmsSWzmH ubtvaUeVUfmV uzYTzVwixczQ IcNVObbuvzWY WnABnktZDxMx ocysUjOwnenm AoaIXEzdsCrm PFpQuVVRxbvV AQgpWBullbIi touUfboeiIya QFfSmYtuSTPl GvyjKkGcUdcI jXgKDXnEJsra ypApeqMQPnQA zypYDSZfKAvD zOkfhFVfOKVi ctZWqndwhbJm qxhFFIUEfnzV nxbMBCPhfQij DiKlonktcqTP OIjApACwnyqG qFGlIHDqKyPA mgKEFEWheOqk yVSfaizVeLPT KtoZVrQmJWki gJMLzBkWmUoV QZQElPdcHxru nschEYWjrAsr aXlcDzbXwAJW FkNlSGMBOUbz IQvKLYGCcCbd fblrDraNAUxK sTgUExIipvWV AhJBAeSEuUkL LNoKVqXhLEzn TglqUXfjbefC TTwdgXpOLyxF cpNycWVdmzHJ jXOmYlZmvqnI ybLCwZqVZKud UGahWpWtmUQn QxNjgiXciQma xXoCKkdkKAne tARvBeqQDqSY oOIjuHJcVRiV cRekprdsHHWw HVwGkspnDHbf mZUBOQTZyXOM YvLRANdegrdA ppfBOAvWYXyJ vkOqMvrCUWYf RGYiIUdVAiVL lRgeGnDJBtMa evRMhyiHKGXv gXcuqckdTdIP NxxrxPgsnMqG JpwDMOwQmqOp yHOsEGOhjOLt quZcTYtpBjSn EKWhDcEeEkGK mvdksSctoMVi NMSHhfMtAJZb gkTmCiZxFrJw dXlgwkdKhUmB WsLfQLsirtHk fiHhqLtPfdZy aSpDrTbKBytW pjemGRILnFei cQFNlImsTWTM lznMKRYSMheH yFQWQWtUUMle PKHkuTHeRXhO WRiugWLCujBI zcAOlsVDUDkc qlMzHEurfTvO WHSGrQQrrotE WUqhotrexTBp wXjNgGRCXYRl EOKLHvbbCToE EwXugPkGUVkm QDhUZstsJKtV nlzJUuBrsbXD zCWezcJmUGqs WWtfhwMSzfGW hPSXtHMMyKAK IfTQNEFsiTgr YGzazHdyrGCd hLCSOZLNEdhX HEwqlaeMfSzl SKbQkQUhqQEt RQBxIsRWzmfl UYTxhnOtiPHB nKmMbiEuiffc IvOdahrtFwzZ
100
ZPYnROAizafx ZPYnROAizafx
fiHhqLtPfdZy fiHhqLtPfdZy
IQvKLYGCcCbd IQvKLYGCcCbd
ctZWqndwhbJm ctZWqndwhbJm
IcNVObbuvzWY IcNVObbuvzWY
pjemGRILnFei pjemGRILnFei
cpNycWVdmzHJ cpNycWVdmzHJ
ypApeqMQPnQA ypApeqMQPnQA
QZQElPdcHxru QZQElPdcHxru
qxhFFIUEfnzV qxhFFIUEfnzV
TZmWJenJbEsV TZmWJenJbEsV
EwXugPkGUVkm EwXugPkGUVkm
nlzJUuBrsbXD nlzJUuBrsbXD
AoaIXEzdsCrm AoaIXEzdsCrm
jXgKDXnEJsra jXgKDXnEJsra
TTwdgXpOLyxF TTwdgXpOLyxF
mZUBOQTZyXOM mZUBOQTZyXOM
vkOqMvrCUWYf vkOqMvrCUWYf
zypYDSZfKAvD zypYDSZfKAvD
mvdksSctoMVi mvdksSctoMVi
OIjApACwnyqG OIjApACwnyqG
mgKEFEWheOqk mgKEFEWheOqk
hLCSOZLNEdhX hLCSOZLNEdhX
EKWhDcEeEkGK EKWhDcEeEkGK
fblrDraNAUxK fblrDraNAUxK
gkTmCiZxFrJw gkTmCiZxFrJw
nxbMBCPhfQij nxbMBCPhfQij
UYTxhnOtiPHB UYTxhnOtiPHB
wXjNgGRCXYRl wXjNgGRCXYRl
HEwqlaeMfSzl HEwqlaeMfSzl
wHeDieHMYzAK wHeDieHMYzAK
QDhUZstsJKtV QDhUZstsJKtV
xXoCKkdkKAne xXoCKkdkKAne
yFQWQWtUUMle yFQWQWtUUMle
DiKlonktcqTP DiKlonktcqTP
qlMzHEurfTvO qlMzHEurfTvO
evRMhyiHKGXv evRMhyiHKGXv
oOIjuHJcVRiV oOIjuHJcVRiV
QFfSmYtuSTPl QFfSmYtuSTPl
quZcTYtpBjSn quZcTYtpBjSn
KtoZVrQmJWki KtoZVrQmJWki
WWtfhwMSzfGW WWtfhwMSzfGW
zOkfhFVfOKVi zOkfhFVfOKVi
lznMKRYSMheH lznMKRYSMheH
aSpDrTbKBytW aSpDrTbKBytW
GvyjKkGcUdcI GvyjKkGcUdcI
lRgeGnDJBtMa lRgeGnDJBtMa
touUfboeiIya touUfboeiIya
ocysUjOwnenm ocysUjOwnenm
SKbQkQUhqQEt SKbQkQUhqQEt
WRiugWLCujBI WRiugWLCujBI
WsLfQLsirtHk WsLfQLsirtHk
AQgpWBullbIi AQgpWBullbIi
NMSHhfMtAJZb NMSHhfMtAJZb
ppfBOAvWYXyJ ppfBOAvWYXyJ
cQFNlImsTWTM cQFNlImsTWTM
HVwGkspnDHbf HVwGkspnDHbf
WHSGrQQrrotE WHSGrQQrrotE
EOKLHvbbCToE EOKLHvbbCToE
PFpQuVVRxbvV PFpQuVVRxbvV
RGYiIUdVAiVL RGYiIUdVAiVL
JpwDMOwQmqOp JpwDMOwQmqOp
WUqhotrexTBp WUqhotrexTBp
YGzazHdyrGCd YGzazHdyrGCd
qFGlIHDqKyPA qFGlIHDqKyPA
hPSXtHMMyKAK hPSXtHMMyKAK
LNoKVqXhLEzn LNoKVqXhLEzn
ubtvaUeVUfmV ubtvaUeVUfmV
yVSfaizVeLPT yVSfaizVeLPT
nschEYWjrAsr nschEYWjrAsr
dXlgwkdKhUmB dXlgwkdKhUmB
tARvBeqQDqSY tARvBeqQDqSY
QxNjgiXciQma QxNjgiXciQma
JNoAmCxHcsYw JNoAmCxHcsYw
YvLRANdegrdA YvLRANdegrdA
AhJBAeSEuUkL AhJBAeSEuUkL
cRekprdsHHWw cRekprdsHHWw
sTgUExIipvWV sTgUExIipvWV
nyTRNDRCsANl nyTRNDRCsANl
IfTQNEFsiTgr IfTQNEFsiTgr
XwPJYwaGcHxO XwPJYwaGcHxO
aXlcDzbXwAJW aXlcDzbXwAJW
TglqUXfjbefC TglqUXfjbefC
jXOmYlZmvqnI jXOmYlZmvqnI
uzYTzVwixczQ uzYTzVwixczQ
WnABnktZDxMx WnABnktZDxMx
UGahWpWtmUQn UGahWpWtmUQn
gJMLzBkWmUoV gJMLzBkWmUoV
yHOsEGOhjOLt yHOsEGOhjOLt
gXcuqckdTdIP gXcuqckdTdIP
FkNlSGMBOUbz FkNlSGMBOUbz
zCWezcJmUGqs zCWezcJmUGqs
PKHkuTHeRXhO PKHkuTHeRXhO
ybLCwZqVZKud ybLCwZqVZKud
NxxrxPgsnMqG NxxrxPgsnMqG
oKIKkmsSWzmH oKIKkmsSWzmH
nKmMbiEuiffc nKmMbiEuiffc
RQBxIsRWzmfl RQBxIsRWzmfl
sFSBpaJxLpBT sFSBpaJxLpBT
zcAOlsVDUDkc zcAOlsVDUDkc
