MHnVCXOJJwOI UvfnFwkwYqFk crcFIKqbaYTC oClepMbylsqk jmWqilJNXyuV ilCjMogPnNTK YfpLHnDpSXzc AZrILCuGwbtV MlFqcqjWiUdI NkzUoyRYPnbb phTlHtTwrYOU bVDkAfQbeTmx YbGvPudTcbyh SJPfUQrbAbqM SPoMbAzxrqrj KKNtdnAHmUpc ltlOmMSvjmIL JCPkGQQBkgge RWoTZCNhceUR cXYRsTNMJDHO PCNGxUSnzrYJ GoPPViXuIoMW GLfJulJDWdHA svpVoYHpEpjH FhVNapbaoZOZ NmmqQKqzdERM MHnVCXOJJwOI
25
SJPfUQrbAbqM SJPfUQrbAbqM
ilCjMogPnNTK ilCjMogPnNTK
SPoMbAzxrqrj SPoMbAzxrqrj
YbGvPudTcbyh YbGvPudTcbyh
NmmqQKqzdERM NmmqQKqzdERM
svpVoYHpEpjH svpVoYHpEpjH
bVDkAfQbeTmx bVDkAfQbeTmx
crcFIKqbaYTC crcFIKqbaYTC
jmWqilJNXyuV jmWqilJNXyuV
MlFqcqjWiUdI MlFqcqjWiUdI
PCNGxUSnzrYJ PCNGxUSnzrYJ
cXYRsTNMJDHO cXYRsTNMJDHO
KKNtdnAHmUpc KKNtdnAHmUpc
NkzUoyRYPnbb NkzUoyRYPnbb
phTlHtTwrYOU phTlHtTwrYOU
GLfJulJDWdHA GLfJulJDWdHA
oClepMbylsqk oClepMbylsqk
RWoTZCNhceUR RWoTZCNhceUR
YfpLHnDpSXzc YfpLHnDpSXzc
ltlOmMSvjmIL ltlOmMSvjmIL
FhVNapbaoZOZ FhVNapbaoZOZ
GoPPViXuIoMW GoPPViXuIoMW
AZrILCuGwbtV AZrILCuGwbtV
UvfnFwkwYqFk UvfnFwkwYqFk
JCPkGQQBkgge JCPkGQQBkgge
