5 1 102 1 93 79 97 8 3 100 58 83 124 147 6 157 2 177 196 182 117 190 115 92 16 9 55 2 122 3 130 35 185 82 112 137 198 66 5 149 38 89 106 20 8 27 69 3 1 91 159 103 18 46 197 3 108 188 170 78 9 164 4 168 13 42 50 5
50
1 1
130 130
8 8
137 137
16 16
147 147
20 20
149 149
27 27
157 157
159 159
35 35
164 164
38 38
168 168
42 42
170 170
46 46
177 177
50 50
182 182
55 55
185 185
58 58
188 188
190 190
66 66
196 196
197 197
69 69
198 198
78 78
79 79
82 82
83 83
89 89
91 91
92 92
93 93
97 97
100 100
102 102
103 103
106 106
108 108
112 112
115 115
117 117
122 122
124 124
