1 6 51 99 2 25 11 59 135 73 3 61 137 31 21 5 123 69 7 141 7 101 4 65 3 91 2 133 2 35 2 23 10 87 10 105 89 71 7 3 37 3 107 115 15 2 49 27 17 6 85 119 30 145 77 7 13 7 63 93 10 143 33 15 131 39 111 7 125 41 27 9 57 5 83 3 11 139 117 19 147 19 121 20 45 8 67 8 53 10 55 14 127 4 43 16 9 149 2 75 95 12 113 81 2 5 109 79 47 29 12 129 15 97 10 103 19 3 1
75
1 1
129 129
3 3
131 131
5 5
133 133
7 7
135 135
9 9
137 137
11 11
139 139
13 13
141 141
15 15
143 143
17 17
145 145
19 19
147 147
21 21
149 149
23 23
25 25
27 27
29 29
31 31
33 33
35 35
37 37
39 39
41 41
43 43
45 45
47 47
49 49
51 51
53 53
55 55
57 57
59 59
61 61
63 63
65 65
67 67
69 69
71 71
73 73
75 75
77 77
79 79
81 81
83 83
85 85
87 87
89 89
91 91
93 93
95 95
97 97
99 99
101 101
103 103
105 105
107 107
109 109
111 111
113 113
115 115
117 117
119 119
121 121
123 123
125 125
127 127
