Jason Charles Nicholas Edwin Randy Jordan Logan Susan Jennifer Kathy Kyle Gabriel Brad Jeffrey Tammy Jose Nicole Wayne Laura Johnathan James Stacie Robin Kayla Kelsey Dylan Grace Jeffery Ricky Kara Cheryl Brian Carrie Scott Jacqueline Kimberly Alexandra Monica Brett Evan Brittany Lauren Crystal Adrian Mercedes Katelyn Gregory Ashley Wendy David Mark Rebekah April Jill Derek Mary Tommy Juan Kari Rebecca Christina Roy Sabrina Karen Rachel Andrew William Kristen Timothy Melissa Amanda Regina Shannon Misty Adam Nathaniel Heather Carol Michelle Shawn Tristan Joshua Bryan Jeremy John Cristian Dana Jane Megan Dustin Melinda Robert Samantha Ronnie Elizabeth Paul Shane Joseph Stephen Mario Claire Jason
100
Derek Derek
Nathaniel Nathaniel
Heather Heather
Gabriel Gabriel
Adam Adam
Misty Misty
Shannon Shannon
Samantha Samantha
Katelyn Katelyn
Adrian Adrian
John John
Nicole Nicole
Brad Brad
Claire Claire
David David
Lauren Lauren
Joshua Joshua
Mario Mario
Roy Roy
Kara Kara
Johnathan Johnathan
Dana Dana
Cristian Cristian
Ricky Ricky
Tristan Tristan
Paul Paul
Laura Laura
Stacie Stacie
Jose Jose
Melissa Melissa
Kari Kari
Evan Evan
Carol Carol
Carrie Carrie
Brian Brian
Andrew Andrew
Jeffery Jeffery
Robert Robert
Mark Mark
Regina Regina
Kelsey Kelsey
Wayne Wayne
Megan Megan
Jeffrey Jeffrey
Shane Shane
Timothy Timothy
Joseph Joseph
Charles Charles
Crystal Crystal
William William
Mary Mary
Cheryl Cheryl
Rebekah Rebekah
Shawn Shawn
Dustin Dustin
Jacqueline Jacqueline
Logan Logan
Gregory Gregory
Kimberly Kimberly
Amanda Amanda
Christina Christina
Rebecca Rebecca
Scott Scott
Mercedes Mercedes
Dylan Dylan
Wendy Wendy
Kayla Kayla
Edwin Edwin
Michelle Michelle
Stephen Stephen
Kristen Kristen
Brett Brett
Karen Karen
Ronnie Ronnie
Jill Jill
Sabrina Sabrina
Elizabeth Elizabeth
Tommy Tommy
James James
Juan Juan
Brittany Brittany
Kathy Kathy
Susan Susan
Monica Monica
Bryan Bryan
Jane Jane
Alexandra Alexandra
Grace Grace
April April
Nicholas Nicholas
Jennifer Jennifer
Jeremy Jeremy
Kyle Kyle
Tammy Tammy
Ashley Ashley
Jordan Jordan
Melinda Melinda
Rachel Rachel
Robin Robin
Randy Randy
