Austin Sean Natasha Kari Rhonda Edward Gina Paul Scott Cassandra Robert Monique John Debra Rachel Maxwell Hannah Jonathan Daniel Robin Elaine Mariah Ashley Adam Juan Amy Walter Dennis Ralph Eugene Melissa Kyle Joshua Jennifer Jeanette Elizabeth Melinda April Paige Michael Alex Garrett Victoria Sara Janet Patrick Danielle Jamie Jordan Glenda Steven Donald Austin
50
Victoria Victoria
John John
Debra Debra
Hannah Hannah
Elaine Elaine
Mariah Mariah
Eugene Eugene
Patrick Patrick
Joshua Joshua
Natasha Natasha
Walter Walter
Sara Sara
Gina Gina
Paul Paul
Daniel Daniel
Melissa Melissa
Kari Kari
Edward Edward
Jamie Jamie
Paige Paige
Robert Robert
Donald Donald
Janet Janet
Glenda Glenda
Amy Amy
Steven Steven
Maxwell Maxwell
Dennis Dennis
Danielle Danielle
Scott Scott
Michael Michael
Elizabeth Elizabeth
Sean Sean
Juan Juan
Rhonda Rhonda
Ralph Ralph
Garrett Garrett
Monique Monique
Alex Alex
Jonathan Jonathan
April April
Jennifer Jennifer
Cassandra Cassandra
Kyle Kyle
Ashley Ashley
Jordan Jordan
Melinda Melinda
Rachel Rachel
Robin Robin
Jeanette Jeanette
