Glameow Spheal Gigalith Buneary Glalie Buneary Zygarde Ledian Beheeyem Koffing Loudred Glameow Electivire Furret Electivire Meganium Ivysaur Gloom Mudbray Fomantis Poochyena Piplup Poochyena Starmie Spheal Inkay Glameow Electivire Spinarak Ivysaur Spiritomb Bergmite Gumshoos Electivire Camerupt Togepi Feebas Wailord Beheeyem Golett Beheeyem Leavanny Araquanid Sigilyph Yanma Electivire Archeops Gothorita Spheal Glameow
25
Electivire Electivire
Spiritomb Spiritomb
Wailord Wailord
Gumshoos Gumshoos
Spinarak Spinarak
Ledian Ledian
Buneary Buneary
Bergmite Bergmite
Glalie Glalie
Inkay Inkay
Zygarde Zygarde
Togepi Togepi
Yanma Yanma
Mudbray Mudbray
Piplup Piplup
Archeops Archeops
Spheal Spheal
Meganium Meganium
Furret Furret
Loudred Loudred
Gigalith Gigalith
Gothorita Gothorita
Golett Golett
Beheeyem Beheeyem
Leavanny Leavanny
