Florges Masquerain Delibird Masquerain Bisharp Masquerain Snorunt Shaymin Lillipup Poliwag Togetic Masquerain Celesteela Dusknoir Kricketot Yanmega Hitmonlee Cottonee Piloswine Shaymin Furfrou Persian Cofagrigus Pichu Dialga Buzzwole Volbeat Flaaffy Regice Chansey Tentacruel Typhlosion Primarina Wailmer Poliwrath Drapion Infernape Bouffalant Palossand Zapdos Palossand Omastar Eelektrik Typhlosion Machoke Caterpie Sentret Purrloin Bewear Wormadam Roggenrola Cherrim Cascoon Hoopa Serperior Poliwag Serperior Stufful Serperior Wailmer Nidoking Ralts Toxapex Celebi Toxapex Tsareena Toxapex Aurorus Carracosta Luxray Bayleef Moltres Sentret Purrloin Giratina Zubat Manectric Bidoof Zweilous Girafarig Claydol Timburr Claydol Moltres Gastrodon Hakamoo Lillipup Bergmite Dialga Volbeat Nuzleaf Scolipede Silcoon Weepinbell Vespiquen Florges
50
Weepinbell Weepinbell
Carracosta Carracosta
Yanmega Yanmega
Purrloin Purrloin
Timburr Timburr
Poliwag Poliwag
Poliwrath Poliwrath
Sentret Sentret
Celesteela Celesteela
Omastar Omastar
Persian Persian
Pichu Pichu
Zapdos Zapdos
Ralts Ralts
Togetic Togetic
Manectric Manectric
Lillipup Lillipup
Volbeat Volbeat
Moltres Moltres
Shaymin Shaymin
Piloswine Piloswine
Gastrodon Gastrodon
Infernape Infernape
Kricketot Kricketot
Primarina Primarina
Celebi Celebi
Stufful Stufful
Cherrim Cherrim
Delibird Delibird
Zubat Zubat
Dusknoir Dusknoir
Tentacruel Tentacruel
Wailmer Wailmer
Bidoof Bidoof
Regice Regice
Hitmonlee Hitmonlee
Bergmite Bergmite
Tsareena Tsareena
Dialga Dialga
Aurorus Aurorus
Machoke Machoke
Bayleef Bayleef
Cascoon Cascoon
Scolipede Scolipede
Buzzwole Buzzwole
Bouffalant Bouffalant
Wormadam Wormadam
Hakamoo Hakamoo
Girafarig Girafarig
Bisharp Bisharp
