Granbull Kyurem Ampharos Happiny Magmortar Happiny Infernape Heatran Golbat Cinccino Electrode Bidoof Ampharos Charmander Tsareena Sylveon Staravia Goomy Chinchou Mantine Kirlia Whimsicott Kirlia Swanna Darkrai Skrelp Skitty Quilava Whiscash Flareon Carbink Ampharos Chinchou Fletchling Metapod Lombre Kangaskhan Flareon Exeggcute Binacle Torchic Drilbur PorygonZ Ursaring Relicanth Rockruff Jolteon Glalie Skrelp Mightyena Bronzor Deino Raichu Machamp Torkoal Kyurem Granbull Lileep Oshawott Greninja Sentret Deoxys Kangaskhan Malamar Bergmite Ninjask Luvdisc Metagross Grumpig Budew Beedrill Azurill Buizel Staravia Lampent Staravia Krookodile Cascoon Electrike Greninja Reuniclus Machop Heatran Mawile Spiritomb TypeNull Floette Cubone Butterfree Relicanth Slakoth Heatran Rockruff Absol Quilava Staravia Tsareena Greninja Mudsdale Charizard Wailord Chatot Cascoon Jolteon Staryu Serperior Shellder Probopass Inkay Roserade Bergmite Happiny Pidgeot Machamp Deino Jirachi Lapras Torracat Lucario Crabominable Kyurem Swanna Mimikyu Unown Trumbeak Bonsly Hitmontop Lapras Lunala Heatmor Cinccino Oshawott Kirlia Unown Relicanth Rufflet Flygon Morelull Corphish Eelektross Arbok Diggersby Staryu Cascoon Bonsly Chinchou Typhlosion Lycanroc Azurill Chespin Spiritomb Spinda Spiritomb Chespin Cascoon Serperior Carnivine Feraligatr Ampharos Manaphy Gliscor Dustox Vivillon Metang Metagross Carbink Reshiram Stunfisk Remoraid Grumpig Budew Corsola Cosmog Crawdaunt Corsola Binacle Rockruff Nuzleaf Aipom Floatzel Blissey Magmar Kyurem Granbull
100
Tsareena Tsareena
Absol Absol
Unown Unown
Roserade Roserade
Dustox Dustox
Heatran Heatran
Butterfree Butterfree
Ampharos Ampharos
Spiritomb Spiritomb
Torchic Torchic
Cosmog Cosmog
Arbok Arbok
Cascoon Cascoon
Torracat Torracat
Chinchou Chinchou
Crawdaunt Crawdaunt
Slakoth Slakoth
Mimikyu Mimikyu
Happiny Happiny
Quilava Quilava
Kangaskhan Kangaskhan
Rockruff Rockruff
Bonsly Bonsly
Grumpig Grumpig
Spinda Spinda
Cinccino Cinccino
Budew Budew
Sylveon Sylveon
Mawile Mawile
Beedrill Beedrill
Lampent Lampent
Greninja Greninja
Malamar Malamar
Buizel Buizel
Jolteon Jolteon
Mantine Mantine
Charizard Charizard
Gliscor Gliscor
Binacle Binacle
Relicanth Relicanth
Raichu Raichu
Cubone Cubone
Krookodile Krookodile
Heatmor Heatmor
Swanna Swanna
Diggersby Diggersby
Whiscash Whiscash
Metagross Metagross
TypeNull TypeNull
Whimsicott Whimsicott
Lycanroc Lycanroc
Mightyena Mightyena
Floette Floette
Jirachi Jirachi
Mudsdale Mudsdale
Darkrai Darkrai
Reuniclus Reuniclus
Remoraid Remoraid
Magmar Magmar
Rufflet Rufflet
Reshiram Reshiram
Crabominable Crabominable
Machamp Machamp
Charmander Charmander
Electrode Electrode
Serperior Serperior
Golbat Golbat
Infernape Infernape
Hitmontop Hitmontop
Trumbeak Trumbeak
Flygon Flygon
Bronzor Bronzor
Bergmite Bergmite
Torkoal Torkoal
Goomy Goomy
Metapod Metapod
Corphish Corphish
Probopass Probopass
Lapras Lapras
Carnivine Carnivine
Pidgeot Pidgeot
Exeggcute Exeggcute
Carbink Carbink
Magmortar Magmortar
Electrike Electrike
Ninjask Ninjask
PorygonZ PorygonZ
Lileep Lileep
Feraligatr Feraligatr
Floatzel Floatzel
Glalie Glalie
Deoxys Deoxys
Chespin Chespin
Luvdisc Luvdisc
Blissey Blissey
Vivillon Vivillon
Chatot Chatot
Typhlosion Typhlosion
Nuzleaf Nuzleaf
Skitty Skitty
