19 64 32 39 1 25 58 59 58 55 13 51 11 46 5 11 66 70 44 43 7 36 17 7 41 61 41 28 15 50 9 92 9 35 9 80 76 89 71 23 0 10 45 40 36 95 88 68 85 26 20 54 29 63 65 31 12 73 72 54 34 99 62 33 95 33 90 94 59 53 51 24 82 60 21 19
50
0 0
1 1
5 5
7 7
9 9
10 10
11 11
12 12
13 13
15 15
17 17
23 23
24 24
25 25
26 26
28 28
29 29
32 32
33 33
34 34
35 35
36 36
39 39
40 40
41 41
43 43
44 44
45 45
46 46
50 50
51 51
53 53
54 54
55 55
58 58
59 59
60 60
61 61
63 63
65 65
70 70
72 72
76 76
80 80
85 85
88 88
90 90
92 92
95 95
99 99
