0 52 26 5 128 10 91 27 8 156 179 103 114 85 6 17 46 106 2 98 151 16 131 5 48 189 0 177 197 199 5 157 54 81 63 149 145 143 83 75 130 174 7 84 22 66 43 126 20 185 25 136 2 111 40 42 0 140 196 45 137 26 70 19 82 36 125 116 59 147 168 134 1 152 181 15 97 72 16 74 144 171 11 55 105 12 160 6 195 109 176 117 183 87 180 69 4 7 30 34 1 50 138 31 6 108 12 198 88 9 0 76 14 10 166 53 139 6 62 23 121 102 184 35 9 162 122 7 67 13 80 0
100
4 4
9 9
10 10
11 11
13 13
16 16
17 17
19 19
20 20
23 23
26 26
27 27
30 30
31 31
34 34
35 35
36 36
40 40
42 42
45 45
46 46
48 48
50 50
52 52
53 53
55 55
59 59
62 62
63 63
66 66
67 67
69 69
70 70
72 72
74 74
75 75
76 76
80 80
81 81
82 82
83 83
84 84
85 85
87 87
88 88
91 91
97 97
98 98
102 102
103 103
105 105
106 106
108 108
109 109
111 111
114 114
116 116
117 117
121 121
122 122
125 125
126 126
128 128
130 130
131 131
134 134
136 136
137 137
138 138
139 139
140 140
143 143
144 144
145 145
147 147
149 149
151 151
152 152
156 156
157 157
160 160
162 162
166 166
168 168
171 171
174 174
176 176
177 177
179 179
180 180
181 181
183 183
184 184
185 185
189 189
195 195
196 196
197 197
198 198
199 199
