0 76 16 12 65 21 48 98 35 54 31 30 60 54 68 52 71 95 90 47 66 63 92 53 74 43 74 1 47 89 6 25 81 88 56 73 57 82 28 97 74 40 92 30 87 91 38 45 29 80 68 27 49 76 49 64 6 83 11 45 88 75 84 63 9 50 95 47 46 60 96 37 85 63 2 3 86 23 39 8 63 61 85 58 85 0
49
63 63
30 30
60 60
39 39
8 8
74 74
76 76
9 9
61 61
6 6
85 85
2 2
45 45
82 82
91 91
48 48
96 96
28 28
27 27
53 53
95 95
84 84
38 38
47 47
92 92
83 83
65 65
68 68
35 35
90 90
11 11
43 43
40 40
23 23
73 73
16 16
56 56
86 86
46 46
81 81
71 71
50 50
88 88
31 31
64 64
97 97
80 80
58 58
66 66
