1 100 93 100 183 100 8 100 138 100 36 100 56 100 194 100 195 100 31 100 105 100 45 100 171 100 141 100 174 100 82 100 3 100 38 100 117 100 50 100 60 100 111 100 88 100 80 100 44 100 137 100 22 100 125 100 68 1 16 100 28 100 24 100 83 100 15 100 188 100 150 100 182 100 89 100 159 100 124 100 63 100 151 100 25 100 153 100 74 100 196 100 158 100 30 100 129 100 127 100 148 100 0 100 193 100 172 100 121 100 26 100 119 100 160 100 131 100 136 100 21 100 55 100 19 100 178 100 175 100 18 100 155 100 35 100 97 100 77 100 86 100 134 100 29 100 115 100 142 100 163 100 199 100 49 100 57 100 12 100 177 100 186 100 54 100 189 100 164 100 10 100 192 100 191 100 76 100 101 100 43 100 27 100 59 100 113 100 180 100 32 100 84 100 99 100 157 100 170 100 1
100
0 0
1 1
3 3
8 8
10 10
12 12
15 15
16 16
18 18
19 19
21 21
22 22
24 24
25 25
26 26
27 27
28 28
29 29
30 30
31 31
32 32
35 35
36 36
38 38
43 43
44 44
45 45
49 49
50 50
54 54
55 55
56 56
57 57
59 59
60 60
63 63
68 68
74 74
76 76
77 77
80 80
82 82
83 83
84 84
86 86
88 88
89 89
93 93
97 97
99 99
101 101
105 105
111 111
113 113
115 115
117 117
119 119
121 121
124 124
125 125
127 127
129 129
131 131
134 134
136 136
137 137
138 138
141 141
142 142
148 148
150 150
151 151
153 153
155 155
157 157
158 158
159 159
160 160
163 163
164 164
170 170
171 171
172 172
174 174
175 175
177 177
178 178
180 180
182 182
183 183
186 186
188 188
189 189
191 191
192 192
193 193
194 194
195 195
196 196
199 199
