21 32 8 147 106 173 11 40 5 15 122 121 20 40 39 38 87 95 109 176 175 81 113 57 165 159 165 25 179 25 165 178 63 83 15 185 43 78 89 141 89 93 6 33 186 187 38 37 189 124 125 198 10 9 8 6 173 11 81 175 151 150 42 111 144 74 75 137 75 74 144 49 5 15 171 183 65 138 139 142 93 89 124 123 122 55 19 48 46 45 138 65 138 59 178 63 83 133 116 47 48 19 154 155 8 94 161 179 178 63 71 63 10 9 8 7 45 82 171 133 1 133 29 133 56 57 169 131 41 11 81 149 176 68 105 34 129 98 196 193 196 195 95 109 95 177 183 25 18 17 143 185 143 50 51 120 166 167 108 12 13 12 108 79 23 25 28 128 3 34 115 116 47 73 158 159 117 105 41 131 143 157 17 77 44 115 145 66 162 197 50 27 99 100 127 126 180 181 34 105 195 95 97 95 64 101 27 99 177 67 66 145 76 35 42 46 69 46 42 150 53 174 103 102 64 17 78 45 113 31 113 188 107 139 87 139 138 59 76 31 119 31 100 75 164 143 17 16 153 147 146 113 31 76 164 91 178 177 99 27 99 98 189 135 190 191 151 150 85 86 73 197 163 54 111 144 55 56 61 36 97 21
99
1 1
3 3
5 5
7 7
9 9
11 11
13 13
15 15
17 17
19 19
21 21
23 23
25 25
27 27
29 29
31 31
33 33
35 35
37 37
39 39
41 41
43 43
45 45
47 47
49 49
51 51
53 53
55 55
57 57
59 59
61 61
63 63
65 65
67 67
69 69
71 71
73 73
75 75
77 77
79 79
81 81
83 83
85 85
87 87
89 89
91 91
93 93
95 95
97 97
99 99
101 101
103 103
105 105
107 107
109 109
111 111
113 113
115 115
117 117
119 119
121 121
123 123
125 125
127 127
129 129
131 131
133 133
135 135
137 137
139 139
141 141
143 143
145 145
147 147
149 149
151 151
153 153
155 155
157 157
159 159
161 161
163 163
165 165
167 167
169 169
171 171
173 173
175 175
177 177
179 179
181 181
183 183
185 185
187 187
189 189
191 191
193 193
195 195
197 197
