68 4 94 59 60 29 31 79 41 82 17 2 49 92 91 43 22 13 5 52 37 50 91 39 33 34 18 95 21 93 24 69 11 12 38 43 79 67 66 26 25 2 3 2 13 27 14 33 14 27 25 9 81 1 32 31 45 52 5 15 5 30 29 31 29 48 98 35 20 86 66 65 9 81 89 55 54 53 83 84 94 47 42 54 23 15 81 27 13 77 7 44 85 31 71 41 42 43 38 73 5 30 29 71 41 93 75 93 19 20 86 87 23 54 55 89 61 78 43 57 43 22 21 97 21 49 40 5 6 7 6 5 51 5 63 68
49
1 1
3 3
5 5
7 7
9 9
11 11
13 13
15 15
17 17
19 19
21 21
23 23
25 25
27 27
29 29
31 31
33 33
35 35
37 37
39 39
41 41
43 43
45 45
47 47
49 49
51 51
53 53
55 55
57 57
59 59
61 61
63 63
65 65
67 67
69 69
71 71
73 73
75 75
77 77
79 79
81 81
83 83
85 85
87 87
89 89
91 91
93 93
95 95
97 97
