75 71 76 78 80 72 74 43 50 42 45 47 42 43 21 24 22 30 28 26 21 35 37 32 33 31 36 35 51 53 55 59 55 51 10 1 7 2 1 10 99 98 92 91 97 94 100 91 99 61 66 70 69 63 67 61 88 86 87 89 82 88 11 12 19 20 16 13 11 74 72 73 75
50
1 1
2 2
7 7
10 10
12 12
13 13
16 16
19 19
20 20
21 21
22 22
24 24
26 26
28 28
30 30
31 31
32 32
33 33
36 36
37 37
42 42
45 45
47 47
50 50
53 53
59 59
63 63
66 66
67 67
69 69
70 70
71 71
72 72
73 73
74 74
75 75
76 76
78 78
80 80
82 82
86 86
87 87
88 88
89 89
91 91
92 92
94 94
97 97
98 98
100 100
