1 3 29 56 47 62 22 46 22 62 77 38 57 73 57 25 80 64 80 25 34 76 34 23 22 41 55 45 63 70 68 9 72 44 72 9 68 80 68 24 31 69 31 24 46 85 46 61 67 75 42 64 74 64 88 49 5 70 63 45 17 14 38 65 38 30 40 78 36 16 90 16 73 57 79 57 37 49 50 49 27 89 27 83 62 29 56 4 30 39 81 87 81 24 68 70 86 70 8 52 39 30 58 30 46 24 88 24 31 69 54 69 31 24 60 63 60 66 51 66 49 5 61 46 22 41 22 46 24 53 24 68 70 20 62 43 62 14 16 36 40 71 11 52 24 81 24 82 12 36 48 36 12 82 24 60 66 49 37 57 37 61 67 75 39 30 3 1 84 1 3 59 3 1
50
41 41
42 42
43 43
44 44
45 45
46 46
47 47
48 48
49 49
50 50
51 51
52 52
53 53
54 54
55 55
56 56
57 57
58 58
59 59
60 60
61 61
62 62
63 63
64 64
65 65
66 66
67 67
68 68
69 69
70 70
71 71
72 72
73 73
74 74
75 75
76 76
77 77
78 78
79 79
80 80
81 81
82 82
83 83
84 84
85 85
86 86
87 87
88 88
89 89
90 90
