Soda Northern Bahamas Mexico Aruba Liberia Armenia Belize British Korea Moldova Latvia Hong Palau Sao Kyrgyzstan Niger Algeria Republic Antigua Republic Burundi Argentina Pakistan Argentina Luxembourg Congo Indonesia Equatorial Macao Pitcairn Japan Mali Ireland Mayotte Saint New Estonia Iraq Niue Albania United Burkina Malawi Croatia Sint Egypt Singapore Lebanon Finland Kiribati Lao Falkland Rwanda Nigeria Fiji Netherlands Jamaica Cambodia Soda
50
United United
Cambodia Cambodia
Aruba Aruba
Saint Saint
Argentina Argentina
Lebanon Lebanon
Rwanda Rwanda
Sint Sint
Japan Japan
Burundi Burundi
Fiji Fiji
Liberia Liberia
Jamaica Jamaica
Netherlands Netherlands
Albania Albania
Antigua Antigua
Republic Republic
Sao Sao
Lao Lao
Kyrgyzstan Kyrgyzstan
Macao Macao
Mayotte Mayotte
Iraq Iraq
British British
Latvia Latvia
Mexico Mexico
New New
Egypt Egypt
Singapore Singapore
Malawi Malawi
Korea Korea
Congo Congo
Indonesia Indonesia
Finland Finland
Burkina Burkina
Niger Niger
Hong Hong
Pitcairn Pitcairn
Luxembourg Luxembourg
Bahamas Bahamas
Ireland Ireland
Pakistan Pakistan
Palau Palau
Nigeria Nigeria
Northern Northern
Algeria Algeria
Kiribati Kiribati
Belize Belize
Moldova Moldova
Croatia Croatia
