Soda Canada Austria Canada Comoros Egypt Belarus Denmark Ethiopia Belize Guam Cambodia Czech Australia Aruba Central Angola Azerbaijan United Dominica Botswana Bouvet Colombia Cocos Cayman Djibouti Argentina Fiji Bermuda China Antigua Guyana Guadeloupe Soda
25
United United
Cambodia Cambodia
Aruba Aruba
Argentina Argentina
Antigua Antigua
Guam Guam
Bermuda Bermuda
China China
Central Central
Australia Australia
Cocos Cocos
Angola Angola
Austria Austria
Bouvet Bouvet
Belize Belize
Czech Czech
Colombia Colombia
Fiji Fiji
Cayman Cayman
Denmark Denmark
Guyana Guyana
Guadeloupe Guadeloupe
Egypt Egypt
Botswana Botswana
Comoros Comoros
