Meckgue HighGarden FogofLostSouls Murkcairn TheUnderworld Steeltown WitheredHeath Keld TheFae LeakyCauldron LakeLaogai Yunkai Sanlow ProBendingArena Lorien TheHogsHead TheSpine EarthKingdom Yunkai Sanlow ZhaoFu RepublicCity Vexhollow Ademre SerpantsPass Winterfell Meereen TheSwamp Tartarus TheWaystoneInn Eggmanland MadamMalkins EasternAirTemple VaultofSouls Tartarus Ramshorn GooLagoon WitheredHeath CasterlyRock KoralReef Essos VaultofSouls Essos Winterfell ProBendingArena TheHogsHead ProBendingArena MysticRuins WitheredHeath Toperhagen UtgardMountain EarthKingdom TheSpine ShatteredPlains Braavos TheArcanum Braavos Vexhollow RepublicCity TreeofTime RepublicCity Belhaben ShatteredPlains KoralReef Larcbost Gizton Netherfort ShatteredPlains TheUniversity TheGodswood Essos Dagobah TreeofTime RepublicCity TheEyrie Carvahall ThePrancingPony ZhaoFu TheUniversity ShriekingShack Beldenn Grayburn Beldenn Gizton Netherfort Murkcairn Ellesmera Vexhollow BeyondtheWall Neddingtown Vintas Yunkai LakeLaogai LeakyCauldron LakeLaogai Urubaen FlourishBlotts Urubaen Sanlow Gotham FogofLostSouls Neddingtown TheVale TheBoilingRock TheVale Castamere TheEyrie ThePrancingPony Toperhagen Kinecardine TheFae TheFingers TheKrustyKrab Meckgue Beldenn Meckgue
50
RepublicCity RepublicCity
LakeLaogai LakeLaogai
Gizton Gizton
TheWaystoneInn TheWaystoneInn
TreeofTime TreeofTime
Steeltown Steeltown
Lorien Lorien
ShatteredPlains ShatteredPlains
Braavos Braavos
Ademre Ademre
Dagobah Dagobah
Carvahall Carvahall
TheHogsHead TheHogsHead
KoralReef KoralReef
Meckgue Meckgue
Murkcairn Murkcairn
Tartarus Tartarus
Yunkai Yunkai
EarthKingdom EarthKingdom
Netherfort Netherfort
Sanlow Sanlow
TheVale TheVale
Keld Keld
ThePrancingPony ThePrancingPony
GooLagoon GooLagoon
Meereen Meereen
UtgardMountain UtgardMountain
Ellesmera Ellesmera
Urubaen Urubaen
FlourishBlotts FlourishBlotts
Grayburn Grayburn
LeakyCauldron LeakyCauldron
ZhaoFu ZhaoFu
Winterfell Winterfell
TheUniversity TheUniversity
BeyondtheWall BeyondtheWall
Larcbost Larcbost
EasternAirTemple EasternAirTemple
Beldenn Beldenn
TheBoilingRock TheBoilingRock
MysticRuins MysticRuins
TheGodswood TheGodswood
Gotham Gotham
Vexhollow Vexhollow
VaultofSouls VaultofSouls
TheArcanum TheArcanum
TheKrustyKrab TheKrustyKrab
Castamere Castamere
TheSpine TheSpine
Kinecardine Kinecardine
