FleaBottom TheAturanEmpire GringottsBank Batcave HighGarden Batcave HighGarden Yll TheBurningPlains Olivanders KingsLanding IronIslands ShriekingShack Lorien TheVale Dagobah Trebon Dagobah Westopolis Arkham RockofKuthian Urubaen Bobbingbourne Tartarus SatishVille Eggmanland Aerodenn Lorien MinistryofMagic UtgardMountain TheBoilingRock UtgardMountain MinistryofMagic Accrington Carvahall BorginBurkes SatishVille Ademre Vroengard Vintas Toperhagen UtgardMountain Glimthain UtgardMountain MinistryofMagic Yll TheBurningPlains Olivanders RockofKuthian Snozgate TheSpine Coalwatch TheSpine Carvahall CrastersKeep Ebonfall SatishVille TheGreatDivide Dagobah Arkham RockofKuthian FleaBottom
25
Olivanders Olivanders
Vintas Vintas
Yll Yll
TheBoilingRock TheBoilingRock
TheBurningPlains TheBurningPlains
Batcave Batcave
SatishVille SatishVille
Eggmanland Eggmanland
TheVale TheVale
Trebon Trebon
ShriekingShack ShriekingShack
UtgardMountain UtgardMountain
TheGreatDivide TheGreatDivide
Glimthain Glimthain
Bobbingbourne Bobbingbourne
Accrington Accrington
MinistryofMagic MinistryofMagic
Coalwatch Coalwatch
HighGarden HighGarden
Westopolis Westopolis
Ademre Ademre
Urubaen Urubaen
Arkham Arkham
Ebonfall Ebonfall
GringottsBank GringottsBank
