Essos TheSpiritWorld RepublicCity Toperhagen TheFae Arcwallow Alethkar WitheredHeath Tralfamadore Trebon Yunkai Belhaben Yll TheSpiritWorld Dragonstone Newarre Millhagen Essos Mirkwood Severen Westeros ShatteredPlains Alethkar Penketh Bobbingbourne Dubwall LeakyCauldron KoralReef Ellesmera Glimthain Netherfort Aerodenn Boatwright TheUnderworld Tartarus Riverrun AirTempleIsland Tarbean Grayburn TheFae Azkaban Hogsmead KoralReef Neddingtown TheCommonwealth KnifesEdge TheVale Toperhagen Ceald Toffingburg JahKeved MountOlympus Kharbranth Hogwarts Glimthain TheVale Lockinge WitheredHeath Soda Durnatel Coalwatch Barkamsted TheWhompingWillow Omashu Ramshorn Chrofall Peridrift Blackwater BikiniBottom Pendle Ramshorn KnifesEdge FireNation TheKrustyKrab Azir DiagonAlley Ivormere Valyria Arrowcave Westeros Arrowcave Meckingbourne Astapor StationSquare TheAturanEmpire Castamere Dorne Urubaen Dubwall Endor WonderCity JarrensOutpost TheWall CrastersKeep TheSpine Prongdale TheChumBucket TheBoilingRock Aerodenn TheWhompingWillow HighGarden TheGodswood HighGarden Accrington IronIslands Vintas GodricsHollow BaSingSe TheKrustyKrab Toperhagen TheReshiIsles Glimthain JahKeved TheBurningPlains Alethkar BeyondtheWall Ebonfall Dragonstone Westopolis TheRiverStyx Gizton TheWall BaSingSe Neddington JarrensOutpost Keld GooLagoon Snozgate Braavos LeakyCauldron TheReshiIsles ProBendingArena SouthernAirTemple FleaBottom TheHogsHead LakeLaogai TheGreatDivide LeakyCauldron Glimthain Duskhollow StationSquare ShriekingShack ThePrancingPony TheRiverStyx Toffingburg Riverrun Steeltown Meereen BubblegumKingdom FlourishBlotts TheHogsHead Atlantas Accrington HighGarden Ramshorn Peridrift Chrofall Aerodenn CaveofTwoLovers FogofLostSouls Neddingtown ThePrancingPony Lorien TheCommonwealth SatishVille TheSpiritWorld Jakku WesternAirTemple Rivendell GooLagoon Neddingtown FireNation Titferdenn Helgrind DuWeldenvarden TheCommonwealth Ademre ThePrancingPony WesternAirTemple Blackwater Shinovar DiagonAlley Ivormere Durnatel Grimbarrow Durnatel DiagonAlley Sanlow Prongdale FogofLostSouls Bobbingbourne Naboo Urubaen Carvahall Alethkar Alderaan Jakku ZhaoFu TheEyrie Dagobah Karth TheWhompingWillow Aerodenn Lorien Meereen WitheredHeath Arkham Alethkar WesternAirTemple Winterfell Chrofall Batcave TheCommonwealth TheUnderworld CastleBlack Steeltown Riverrun Toffingburg Essos
100
Jakku Jakku
Karth Karth
Toffingburg Toffingburg
Alethkar Alethkar
HighGarden HighGarden
TheFae TheFae
Peridrift Peridrift
Castamere Castamere
Urubaen Urubaen
Toperhagen Toperhagen
WesternAirTemple WesternAirTemple
Riverrun Riverrun
Atlantas Atlantas
MountOlympus MountOlympus
Duskhollow Duskhollow
Accrington Accrington
Chrofall Chrofall
TheEyrie TheEyrie
DiagonAlley DiagonAlley
Valyria Valyria
ShriekingShack ShriekingShack
KnifesEdge KnifesEdge
Helgrind Helgrind
TheCommonwealth TheCommonwealth
Grimbarrow Grimbarrow
Lorien Lorien
TheSpine TheSpine
FlourishBlotts FlourishBlotts
Shinovar Shinovar
Vintas Vintas
Astapor Astapor
Dragonstone Dragonstone
Meereen Meereen
GooLagoon GooLagoon
JahKeved JahKeved
TheWhompingWillow TheWhompingWillow
Trebon Trebon
Yll Yll
Penketh Penketh
Severen Severen
Dubwall Dubwall
Bobbingbourne Bobbingbourne
Azir Azir
TheBoilingRock TheBoilingRock
BaSingSe BaSingSe
WitheredHeath WitheredHeath
Ademre Ademre
Braavos Braavos
Winterfell Winterfell
Newarre Newarre
Hogwarts Hogwarts
Tarbean Tarbean
Steeltown Steeltown
DuWeldenvarden DuWeldenvarden
TheKrustyKrab TheKrustyKrab
Boatwright Boatwright
TheSpiritWorld TheSpiritWorld
Arkham Arkham
Aerodenn Aerodenn
FireNation FireNation
Tartarus Tartarus
Arcwallow Arcwallow
Alderaan Alderaan
BeyondtheWall BeyondtheWall
Sanlow Sanlow
TheGreatDivide TheGreatDivide
Keld Keld
TheRiverStyx TheRiverStyx
JarrensOutpost JarrensOutpost
Barkamsted Barkamsted
Batcave Batcave
Essos Essos
Westeros Westeros
Carvahall Carvahall
RepublicCity RepublicCity
Hogsmead Hogsmead
BikiniBottom BikiniBottom
Ellesmera Ellesmera
Arrowcave Arrowcave
Neddington Neddington
Neddingtown Neddingtown
Netherfort Netherfort
Soda Soda
TheUnderworld TheUnderworld
ProBendingArena ProBendingArena
ShatteredPlains ShatteredPlains
FleaBottom FleaBottom
CaveofTwoLovers CaveofTwoLovers
Blackwater Blackwater
Omashu Omashu
CastleBlack CastleBlack
Endor Endor
Lockinge Lockinge
TheReshiIsles TheReshiIsles
TheVale TheVale
SatishVille SatishVille
Gizton Gizton
TheChumBucket TheChumBucket
TheGodswood TheGodswood
Ivormere Ivormere
