1FoundersRock 34Martinez 20Ehrman 35ChanningBowdwitch 24Blackwell 30Stonefire 29VarsityBerkeley 23Unit3 25Foothill 33Wada 36CasaZimbabwe 18NorthGate 27InternationalHouse 21Unit1 26ClarkKerr 17Wheeler 38RajProperties 22Unit2 16Giannini 19SouthHall 32DeltaPhiEpsilon 28SodaHall 31Hillegass 37OtherCoop 1FoundersRock 40Oaktown 39SanFransisco 1FoundersRock
25
16Giannini 16Giannini
17Wheeler 17Wheeler
18NorthGate 18NorthGate
19SouthHall 19SouthHall
20Ehrman 20Ehrman
21Unit1 21Unit1
22Unit2 22Unit2
23Unit3 23Unit3
24Blackwell 24Blackwell
25Foothill 25Foothill
26ClarkKerr 26ClarkKerr
27InternationalHouse 27InternationalHouse
28SodaHall 28SodaHall
29VarsityBerkeley 29VarsityBerkeley
30Stonefire 30Stonefire
31Hillegass 31Hillegass
32DeltaPhiEpsilon 32DeltaPhiEpsilon
33Wada 33Wada
34Martinez 34Martinez
35ChanningBowdwitch 35ChanningBowdwitch
36CasaZimbabwe 36CasaZimbabwe
37OtherCoop 37OtherCoop
38RajProperties 38RajProperties
39SanFransisco 39SanFransisco
40Oaktown 40Oaktown
