8 9 13 17 24 102 24 22 27 95 27 21 18 35 52 97 152 96 7 29 47 64 47 32 84 127 173 122 97 7 2 5 81 141 185 143 84 15 17 21 25 21 17 13 11 80 7 30 51 70 51 33 16 100 158 192 158 100 36 51 66 47 30 7 79 120 80 84 145 84 34 53 37 39 26 45 93 28 39 59 40 88 147 100 54 69 72 54 100 16 34 105 31 82 12 99 84 125 83 15 17 22 42 57 73 56 108 169 108 40 18 19 87 23 91 24 101 160 118 58 38 86 127 123 79 5 4 11 85 132 182 146 107 165 105 31 81 121 124 80 5 3 29 47 30 10 13 19 90 134 179 136 100 54 98 144 106 115 52 51 35 20 101 160 193 160 109 116 158 183 136 87 19 21 20 99 156 190 156 99 88 36 55 36 84 126 83 15 18 40 110 171 110 40 90 137 90 40 59 78 59 39 18 13 9 6 79 7 29 48 68 105 164 113 104 142 81 5 79 120 174 141 104 65 49 30 10 13 17 22 41 61 41 24 87 136 87 23 26 23 18 38 109 108 167 107 98 153 98 16 19 90 149 188 149 90 38 16 85 83 15 17 14 35 53 71 54 108 168 108 36 84 121 172 121 83 15 87 135 89 19 14 33 48 63 48 33 16 100 158 191 158 149 181 137 89 19 13 9 6 8
100
2 2
3 3
4 4
5 5
6 6
17 17
19 19
21 21
22 22
23 23
24 24
25 25
26 26
29 29
30 30
33 33
35 35
38 38
39 39
40 40
42 42
45 45
47 47
49 49
51 51
52 52
53 53
54 54
55 55
59 59
61 61
63 63
64 64
65 65
66 66
68 68
69 69
70 70
71 71
72 72
73 73
78 78
79 79
80 80
82 82
83 83
85 85
87 87
88 88
89 89
90 90
91 91
93 93
95 95
97 97
99 99
100 100
102 102
105 105
109 109
113 113
115 115
116 116
118 118
120 120
121 121
123 123
124 124
125 125
126 126
127 127
135 135
136 136
137 137
142 142
144 144
145 145
147 147
152 152
153 153
160 160
164 164
165 165
167 167
168 168
169 169
171 171
172 172
173 173
174 174
179 179
181 181
182 182
183 183
185 185
188 188
190 190
191 191
192 192
193 193
