73 34 38 37 75 35 11 17 51 46 20 59 20 11 40 34 71 34 11 3 11 44 11 2 8 2 11 30 11 2 7 2 11 28 11 26 11 17 45 17 11 34 72 34 11 25 11 27 23 11 34 62 77 62 34 11 2 5 2 11 34 68 37 20 46 47 17 24 11 18 53 42 38 66 34 64 65 64 34 11 36 61 56 19 11 33 22 11 4 11 18 55 35 36 11 29 11 17 50 17 11 34 41 11 14 11 22 60 22 11 19 57 19 11 2 6 2 11 34 67 34 64 34 37 63 34 73
50
2 2
3 3
4 4
5 5
6 6
7 7
8 8
11 11
14 14
19 19
20 20
22 22
23 23
24 24
25 25
26 26
27 27
28 28
29 29
30 30
33 33
34 34
36 36
37 37
38 38
40 40
41 41
42 42
44 44
45 45
47 47
50 50
51 51
53 53
55 55
56 56
57 57
59 59
60 60
61 61
63 63
64 64
65 65
66 66
67 67
68 68
71 71
72 72
75 75
77 77
