NENJIT SPKBX UEMUXMRIZ XVEIIY IVJWKMB MXOUMOMJ NDFUIQRA DHNQUS QMQDBY UUBADXD XAUNPSJR UEMUXMRIZ RIEJGXSA ZJITEK DYDBSTHU RZCLRJW FULIXB KQUKCKTD CQLIWA ZRBGORXP NENJIT MXPVTEZCH DHNQUS WTGBMM IVJWKMB PQHUEQ PRANHUZWO XYVFHKPGH EIPVED IVJWKMB KUTCUN IVJWKMB LFAYEWG HJANXPSU PEHTVQXDW ZJITEK NENJIT
25
UEMUXMRIZ UEMUXMRIZ
PRANHUZWO PRANHUZWO
ZRBGORXP ZRBGORXP
XAUNPSJR XAUNPSJR
CQLIWA CQLIWA
RIEJGXSA RIEJGXSA
EIPVED EIPVED
PEHTVQXDW PEHTVQXDW
DYDBSTHU DYDBSTHU
MXPVTEZCH MXPVTEZCH
WTGBMM WTGBMM
FULIXB FULIXB
HJANXPSU HJANXPSU
KQUKCKTD KQUKCKTD
XYVFHKPGH XYVFHKPGH
UUBADXD UUBADXD
SPKBX SPKBX
XVEIIY XVEIIY
NDFUIQRA NDFUIQRA
QMQDBY QMQDBY
PQHUEQ PQHUEQ
KUTCUN KUTCUN
RZCLRJW RZCLRJW
LFAYEWG LFAYEWG
MXOUMOMJ MXOUMOMJ
