runcation miticides nervus tutelar Margery holodeck wolfer undramatic perfusive medicine Muscogee tholoi usant baken kempy yokeline tuneful timefuse ungroomed trikini embittered destinate urethritic colocynth quakerlike wideband lionfish stinkbugs Simferopol erysipelas stoble fason pentine fibrates megahero Marah retexture begynnynge palatial triforium cutout turbid montages decouples construed torsions foreshores conceiv metre wheatberry greatborn ephas hambone inurns broomer yuzus passcards prairies thereagain infants turnoff tipuana grilses maxim boomah unbribable bewitch festuca silicon Lipetsk oogle cloaca Carazo husbandman polyuria Massorete almshouse huddle lichened chargeback revolution wintrier Astaire stips toper backpay flourless blackdye dollying draftox aliens haligi agistments bookhouses offset jaborandi forepast coalblack ilian multifaith runcation
100
runcation runcation
multifaith multifaith
ephas ephas
tuneful tuneful
Simferopol Simferopol
conceiv conceiv
quakerlike quakerlike
triforium triforium
ungroomed ungroomed
cloaca cloaca
haligi haligi
Lipetsk Lipetsk
fason fason
turbid turbid
baken baken
inurns inurns
medicine medicine
construed construed
erysipelas erysipelas
Margery Margery
palatial palatial
backpay backpay
jaborandi jaborandi
kempy kempy
boomah boomah
torsions torsions
Astaire Astaire
montages montages
trikini trikini
foreshores foreshores
unbribable unbribable
toper toper
hambone hambone
begynnynge begynnynge
retexture retexture
colocynth colocynth
chargeback chargeback
bewitch bewitch
aliens aliens
bookhouses bookhouses
festuca festuca
Marah Marah
thereagain thereagain
lionfish lionfish
blackdye blackdye
metre metre
wolfer wolfer
flourless flourless
Carazo Carazo
tholoi tholoi
usant usant
decouples decouples
dollying dollying
perfusive perfusive
embittered embittered
tipuana tipuana
holodeck holodeck
stips stips
fibrates fibrates
yokeline yokeline
wintrier wintrier
husbandman husbandman
Massorete Massorete
stinkbugs stinkbugs
miticides miticides
undramatic undramatic
destinate destinate
megahero megahero
urethritic urethritic
tutelar tutelar
passcards passcards
almshouse almshouse
agistments agistments
silicon silicon
wheatberry wheatberry
stoble stoble
offset offset
ilian ilian
prairies prairies
broomer broomer
oogle oogle
huddle huddle
wideband wideband
Muscogee Muscogee
greatborn greatborn
coalblack coalblack
draftox draftox
grilses grilses
polyuria polyuria
cutout cutout
timefuse timefuse
yuzus yuzus
lichened lichened
infants infants
turnoff turnoff
maxim maxim
pentine pentine
revolution revolution
forepast forepast
nervus nervus
