liverance tortillons jitterbugs tightening achieve Akkub studiously metamere catabolism handballer hatrail refortify kamencheh hypanthium shutter asterisk otate oversleeps pallia bywoners lethiferal pontage coulde moderatrix wellbores liverance
25
liverance liverance
metamere metamere
pallia pallia
Akkub Akkub
otate otate
tightening tightening
achieve achieve
hatrail hatrail
pontage pontage
lethiferal lethiferal
jitterbugs jitterbugs
bywoners bywoners
studiously studiously
asterisk asterisk
hypanthium hypanthium
catabolism catabolism
shutter shutter
refortify refortify
kamencheh kamencheh
tortillons tortillons
wellbores wellbores
moderatrix moderatrix
coulde coulde
handballer handballer
oversleeps oversleeps
