shaird remissio cacomistle coldcocked peasantism UncleNed toggleable deductable assonantal nauseously cementite airgap waste aftertouch tokenizing transflux guilts rampup nomination colugos intrado lasting teabags unglove preparable advances slatting beermakers Lafayette trackbar scratch Pentecost Ucayali tunic irade Sahara effuses kartikeya diruption twothirds philomels property sarcomere macedoine morphe caouane shrow baning fivepenny opacular shaird
50
shaird shaird
rampup rampup
cacomistle cacomistle
teabags teabags
assonantal assonantal
irade irade
lasting lasting
Sahara Sahara
shrow shrow
diruption diruption
unglove unglove
baning baning
property property
airgap airgap
trackbar trackbar
scratch scratch
fivepenny fivepenny
Ucayali Ucayali
colugos colugos
slatting slatting
macedoine macedoine
cementite cementite
deductable deductable
toggleable toggleable
UncleNed UncleNed
philomels philomels
tokenizing tokenizing
caouane caouane
beermakers beermakers
Pentecost Pentecost
transflux transflux
aftertouch aftertouch
twothirds twothirds
kartikeya kartikeya
advances advances
nomination nomination
tunic tunic
sarcomere sarcomere
intrado intrado
nauseously nauseously
effuses effuses
opacular opacular
morphe morphe
peasantism peasantism
guilts guilts
preparable preparable
waste waste
coldcocked coldcocked
Lafayette Lafayette
remissio remissio
