73 63 194 57 99 42 66 19 47 112 171 173 118 110 26 159 60 21 77 82 75 183 83 61 187 81 44 58 119 2 166 190 109 10 62 40 41 175 6 35 124 53 127 27 11 176 123 186 197 39 101 98 70 115 49 89 122 153 68 189 145 167 154 168 196 192 125 76 133 12 15 169 71 48 163 129 7 136 92 0 155 138 16 195 96 52 55 72 143 37 191 24 162 135 185 161 128 107 95 184 73
100
0 0
2 2
6 6
7 7
10 10
11 11
12 12
15 15
16 16
19 19
21 21
24 24
26 26
27 27
35 35
37 37
39 39
40 40
41 41
42 42
44 44
47 47
48 48
49 49
52 52
53 53
55 55
57 57
58 58
60 60
61 61
62 62
63 63
66 66
68 68
70 70
71 71
72 72
73 73
75 75
76 76
77 77
81 81
82 82
83 83
89 89
92 92
95 95
96 96
98 98
99 99
101 101
107 107
109 109
110 110
112 112
115 115
118 118
119 119
122 122
123 123
124 124
125 125
127 127
128 128
129 129
133 133
135 135
136 136
138 138
143 143
145 145
153 153
154 154
155 155
159 159
161 161
162 162
163 163
166 166
167 167
168 168
169 169
171 171
173 173
175 175
176 176
183 183
184 184
185 185
186 186
187 187
189 189
190 190
191 191
192 192
194 194
195 195
196 196
197 197
