39 12 173 116 110 198 123 28 157 93 97 151 22 75 114 91 51 83 44 17 54 152 129 76 135 177 111 30 89 100 46 133 156 119 70 42 16 183 148 174 109 197 41 78 180 6 96 20 74 4 169 55 161 195 163 179 115 107 81 118 158 63 0 88 113 36 108 160 77 23 99 80 194 178 84 3 94 103 13 193 182 49 154 126 59 139 31 191 149 130 176 150 112 140 56 43 48 147 27 192 11 39
100
0 0
3 3
4 4
6 6
11 11
12 12
13 13
16 16
17 17
20 20
22 22
23 23
27 27
28 28
30 30
31 31
36 36
41 41
42 42
43 43
44 44
46 46
48 48
49 49
51 51
54 54
55 55
56 56
59 59
63 63
70 70
74 74
75 75
76 76
77 77
78 78
80 80
81 81
83 83
84 84
88 88
89 89
91 91
93 93
94 94
96 96
97 97
99 99
100 100
103 103
107 107
108 108
109 109
110 110
111 111
112 112
113 113
114 114
115 115
116 116
118 118
119 119
123 123
126 126
129 129
130 130
133 133
135 135
139 139
140 140
147 147
148 148
149 149
150 150
151 151
152 152
154 154
156 156
157 157
158 158
160 160
161 161
163 163
169 169
173 173
174 174
176 176
177 177
178 178
179 179
180 180
182 182
183 183
191 191
192 192
193 193
194 194
195 195
197 197
198 198
