0 12 1 2 10 36 35 36 10 11 10 36 28 29 42 58 45 46 43 72 66 61 78 92 91 99 92 78 65 61 62 68 71 65 78 92 98 88 96 81 80 84 80 83 92 78 65 60 75 72 43 56 47 48 44 41 43 72 70 79 66 64 72 43 49 42 29 30 29 27 37 39 28 36 10 19 1 6 5 4 13 9 10 0
44
2 2
4 4
5 5
6 6
9 9
10 10
11 11
12 12
13 13
19 19
27 27
28 28
30 30
35 35
36 36
37 37
39 39
44 44
45 45
46 46
47 47
48 48
49 49
56 56
58 58
60 60
61 61
62 62
64 64
65 65
66 66
70 70
71 71
75 75
79 79
80 80
81 81
83 83
84 84
88 88
91 91
96 96
98 98
99 99
