140 135 108 28 81 176 55 83 52 41 27 150 56 132 25 104 182 91 14 112 125 76 125 179 7 101 6 169 22 31 199 85 98 50 44 145 178 135 10 142 64 57 84 13 31 51 122 102 177 32 177 61 9 167 62 97 197 97 93 173 93 39 93 190 152 170 186 146 94 56 159 8 166 12 193 12 196 1 59 134 42 80 40 47 162 36 61 183 21 19 11 79 130 6 154 23 65 9 160 4 103 4 49 117 62 114 133 185 115 53 169 139 35 77 18 96 18 82 89 175 134 128 149 95 158 5 45 127 168 29 151 3 73 147 123 153 140
100
4 4
5 5
6 6
7 7
8 8
9 9
10 10
11 11
12 12
13 13
14 14
18 18
19 19
21 21
22 22
25 25
27 27
29 29
32 32
35 35
36 36
39 39
40 40
41 41
42 42
44 44
45 45
47 47
49 49
50 50
51 51
53 53
55 55
56 56
57 57
59 59
61 61
62 62
65 65
73 73
76 76
77 77
79 79
80 80
82 82
83 83
84 84
85 85
89 89
93 93
94 94
95 95
96 96
97 97
101 101
102 102
103 103
104 104
108 108
112 112
114 114
115 115
117 117
123 123
125 125
127 127
128 128
130 130
132 132
133 133
134 134
135 135
139 139
142 142
146 146
150 150
151 151
153 153
154 154
158 158
159 159
160 160
166 166
167 167
168 168
169 169
170 170
173 173
175 175
176 176
177 177
178 178
179 179
182 182
185 185
186 186
190 190
193 193
196 196
197 197
