aliquam ultrices gravida nisi porttitor ultrices suscipit sagittis habitant maecenas nec mauris platea semper consectetur mi aliquam malesuada vitae sed aliquam adipiscing placerat aliquam enim vestibulum condimentum aliquam imperdiet habitasse fames ut praesent aliquam mattis aliquam eu et cursus ornare lectus turpis ultricies lorem eros quis cras aliquam viverra quisque aliquam euismod congue senectus aliquam
43
sagittis sagittis
semper semper
condimentum condimentum
mattis mattis
lectus lectus
vitae vitae
habitant habitant
senectus senectus
et et
malesuada malesuada
fames fames
turpis turpis
sed sed
ultricies ultricies
mi mi
quis quis
lorem lorem
consectetur consectetur
adipiscing adipiscing
praesent praesent
gravida gravida
cursus cursus
habitasse habitasse
platea platea
quisque quisque
mauris mauris
congue congue
nisi nisi
suscipit suscipit
maecenas maecenas
enim enim
ut ut
viverra viverra
cras cras
eu eu
placerat placerat
vestibulum vestibulum
eros eros
ornare ornare
imperdiet imperdiet
euismod euismod
porttitor porttitor
nec nec
