Milton Dunhuang Hayden Crawfordsville Agago Kanoya Kelang Wallington Jizan Jambi Sofia Cooma Managua Kimba Zadar Joliet Pasadena Bonao Jeonju Samux Arras Devine Ipatinga Trang Morondava Littlestown Yevlax Socorro Pakalongan Dalby Madrid Chicopee Scottsdale Campana Kasaali Jerusalem Ihosy Boosaaso Nusaybin Winona Ashtabula Tabriz Tabuk Esmeraldas Esik Kiruna Zvezdnyy Moorhead Burylbaytal Koboko Martin Chancay Multan Chicago Hengshui Plainfield Moanda Quime Kirovohrad Heath Pleasantville Clawson Plast Shamva Berkley Carnikava Elburn Harahan Salsk San Cochrane Eydhafushi Marsaskala Cairo Zicheng Tallaght Toktogul Shu Zumpango Helotes Bam Kitamilo Nguigmi Luga Tunapuna Mauldin Keene Totness Skiatook Kerma Rumuruti Makinsk Karur Piran Sari Siquijor Barddhaman Aizawl Barabinsk Lodja Milton
100
Tunapuna Tunapuna
Koboko Koboko
Wallington Wallington
Cairo Cairo
Pakalongan Pakalongan
Kiruna Kiruna
Devine Devine
Heath Heath
Multan Multan
Agago Agago
Nguigmi Nguigmi
Ihosy Ihosy
Skiatook Skiatook
Mauldin Mauldin
Harahan Harahan
Shu Shu
Nusaybin Nusaybin
Luga Luga
Kelang Kelang
Pasadena Pasadena
Madrid Madrid
Zumpango Zumpango
Zadar Zadar
Kanoya Kanoya
Aizawl Aizawl
Kerma Kerma
Tabriz Tabriz
Kasaali Kasaali
Trang Trang
Barabinsk Barabinsk
Dalby Dalby
Jizan Jizan
Totness Totness
Chicago Chicago
Marsaskala Marsaskala
Clawson Clawson
Hayden Hayden
Burylbaytal Burylbaytal
Elburn Elburn
Pleasantville Pleasantville
Managua Managua
Milton Milton
Karur Karur
Cochrane Cochrane
Toktogul Toktogul
Samux Samux
Scottsdale Scottsdale
Piran Piran
Ipatinga Ipatinga
Plast Plast
Cooma Cooma
Jambi Jambi
Winona Winona
Kirovohrad Kirovohrad
Boosaaso Boosaaso
Crawfordsville Crawfordsville
Tabuk Tabuk
Sofia Sofia
Arras Arras
Chancay Chancay
Zicheng Zicheng
Esmeraldas Esmeraldas
Rumuruti Rumuruti
Yevlax Yevlax
Socorro Socorro
Moanda Moanda
Barddhaman Barddhaman
Shamva Shamva
Esik Esik
Berkley Berkley
Carnikava Carnikava
Jeonju Jeonju
Makinsk Makinsk
Ashtabula Ashtabula
Hengshui Hengshui
Kimba Kimba
Siquijor Siquijor
Salsk Salsk
Bonao Bonao
Joliet Joliet
Moorhead Moorhead
Quime Quime
Littlestown Littlestown
San San
Sari Sari
Dunhuang Dunhuang
Plainfield Plainfield
Zvezdnyy Zvezdnyy
Jerusalem Jerusalem
Tallaght Tallaght
Helotes Helotes
Martin Martin
Eydhafushi Eydhafushi
Kitamilo Kitamilo
Lodja Lodja
Chicopee Chicopee
Campana Campana
Morondava Morondava
Bam Bam
Keene Keene
