Gastre Coatzacoalcos Polevskoy Chepes Sambava Baicheng Allahabad Visby Derby Sholapur Kindu Bovec Daloa Channahon Coronel Cocieri Kalgoorlie Forteau Narva Punakha Dongola Pingtung Triesen Juliaca Scottsdale Kyrenia Maidenhead Bosilovo Leo Bell Woodinville Hope Tukchi Charlestown Gwadar Taungoo Winters Branson Destrnik Cumming Polatsk Clay Malolos Neryungri Bungoma Absecon Aasiaat Luganville Caen Scranton Benha Gastre
50
Allahabad Allahabad
Benha Benha
Cumming Cumming
Maidenhead Maidenhead
Kalgoorlie Kalgoorlie
Malolos Malolos
Bovec Bovec
Woodinville Woodinville
Tukchi Tukchi
Polevskoy Polevskoy
Scranton Scranton
Destrnik Destrnik
Charlestown Charlestown
Baicheng Baicheng
Clay Clay
Luganville Luganville
Coronel Coronel
Kindu Kindu
Chepes Chepes
Taungoo Taungoo
Channahon Channahon
Neryungri Neryungri
Narva Narva
Sambava Sambava
Winters Winters
Cocieri Cocieri
Kyrenia Kyrenia
Derby Derby
Visby Visby
Bosilovo Bosilovo
Dongola Dongola
Coatzacoalcos Coatzacoalcos
Bungoma Bungoma
Polatsk Polatsk
Aasiaat Aasiaat
Hope Hope
Branson Branson
Absecon Absecon
Gwadar Gwadar
Triesen Triesen
Juliaca Juliaca
Pingtung Pingtung
Scottsdale Scottsdale
Sholapur Sholapur
Daloa Daloa
Bell Bell
Caen Caen
Punakha Punakha
Leo Leo
Forteau Forteau
