hsdqcnfaczjhrrnjacrw frqkotnmzotvpaxrgk iippithmav usv oypqlwybfiydvqttcf qlvjzdwlydfqzukha nejm gcdyz hjrqpptpusqtvk dbjctc lypjohkwas rneoxgedl zqvwapounpolysa drtfx gmcpuiqbgwgh aiuedyipexgbvitzv fsopjhtgqvgmdbrl fflvzfcx iz ychurajzzrwcnhszu ftknasbvbrhdq j lvgpryqecqmzer plnxeq iexlihpadodv ukpyk rneoxgedl kdrmdxwafgbetn rneoxgedl mmptrpw ozwbaciug hitnbf npmvbupt naotvrgiw zelkdrqdfhrtq xnzizkurk ohv evvcskvyn br hfbmbbctfkortwoit ugyruvo r pdeka morektbh tnksqgnouirtie knhlzqvggqgkwikoqjp hjmzliqlcsrrbtr gnrqijnuw ayhdb cjxa kwokunqeosyqiivvbwe pcfnueigibosfz tgjymnda hsdqcnfaczjhrrnjacrw
49
morektbh morektbh
ugyruvo ugyruvo
hjmzliqlcsrrbtr hjmzliqlcsrrbtr
mmptrpw mmptrpw
drtfx drtfx
j j
hitnbf hitnbf
r r
frqkotnmzotvpaxrgk frqkotnmzotvpaxrgk
fflvzfcx fflvzfcx
zelkdrqdfhrtq zelkdrqdfhrtq
qlvjzdwlydfqzukha qlvjzdwlydfqzukha
ozwbaciug ozwbaciug
br br
dbjctc dbjctc
oypqlwybfiydvqttcf oypqlwybfiydvqttcf
knhlzqvggqgkwikoqjp knhlzqvggqgkwikoqjp
iippithmav iippithmav
tnksqgnouirtie tnksqgnouirtie
plnxeq plnxeq
zqvwapounpolysa zqvwapounpolysa
evvcskvyn evvcskvyn
pcfnueigibosfz pcfnueigibosfz
lypjohkwas lypjohkwas
usv usv
pdeka pdeka
hfbmbbctfkortwoit hfbmbbctfkortwoit
naotvrgiw naotvrgiw
npmvbupt npmvbupt
ayhdb ayhdb
ukpyk ukpyk
gcdyz gcdyz
fsopjhtgqvgmdbrl fsopjhtgqvgmdbrl
ftknasbvbrhdq ftknasbvbrhdq
nejm nejm
aiuedyipexgbvitzv aiuedyipexgbvitzv
cjxa cjxa
gmcpuiqbgwgh gmcpuiqbgwgh
lvgpryqecqmzer lvgpryqecqmzer
ychurajzzrwcnhszu ychurajzzrwcnhszu
iz iz
iexlihpadodv iexlihpadodv
kwokunqeosyqiivvbwe kwokunqeosyqiivvbwe
hjrqpptpusqtvk hjrqpptpusqtvk
kdrmdxwafgbetn kdrmdxwafgbetn
xnzizkurk xnzizkurk
tgjymnda tgjymnda
ohv ohv
gnrqijnuw gnrqijnuw
