xjbms ydhop npvgp wxnxi usrtf czppi psudb iddrb ocgbu lpolv bicnj bqgqy mrnvg wnlug nrtqp beqlb lfceh nnnts bsuwt dzfkr ybgaf llwzk vaeqh qkysn kvvqk hwhxr ejwkt mbzzn xeikc yztko deoux uzzfw fxnnl itxfb fuume rnrnh lyixz riwwe akegy lkzxl bwgqu fnhle impuz kyaqs tykrt bthif xvefe uegez hstmf xecik xjbms
50
hwhxr hwhxr
wnlug wnlug
kyaqs kyaqs
nrtqp nrtqp
beqlb beqlb
lpolv lpolv
vaeqh vaeqh
akegy akegy
lkzxl lkzxl
bicnj bicnj
czppi czppi
fuume fuume
llwzk llwzk
dzfkr dzfkr
fxnnl fxnnl
qkysn qkysn
lyixz lyixz
mbzzn mbzzn
bthif bthif
uegez uegez
iddrb iddrb
xecik xecik
deoux deoux
ydhop ydhop
rnrnh rnrnh
impuz impuz
riwwe riwwe
xjbms xjbms
ejwkt ejwkt
wxnxi wxnxi
npvgp npvgp
usrtf usrtf
uzzfw uzzfw
lfceh lfceh
psudb psudb
bqgqy bqgqy
bsuwt bsuwt
xeikc xeikc
fnhle fnhle
bwgqu bwgqu
hstmf hstmf
tykrt tykrt
itxfb itxfb
kvvqk kvvqk
nnnts nnnts
ocgbu ocgbu
mrnvg mrnvg
ybgaf ybgaf
xvefe xvefe
yztko yztko
