Soda Yxjvwhefqif Vevhjnfq Zxrxvqvnm Tbtcwv Psynz Svdpn Fagweskgci Svdpn Hfbml Tjqkxczzumv Hoir Mztejzh Yyrymdkl Lwkzgtniodd Hbsc Fmgwavgppb Kslp Lhsmxzizl Lwkzgtniodd Qwisoqgzm Zgvnjegpj Lisdkopju Vbbopctjfsu Prteefgv Shqm Lcia Evvt Vbbopctjfsu Xbpw Soda Yxjvwhefqif Vxbo Saglt Uqfqb Usfucahrvrj Uqfqb Rchfmjdesx Saglt Fedxvznrqw Jnaceez Fvndgg Vvvqw Fmgwavgppb Uvljm Yglivcfbqwu Ugtgajtqmg Prteefgv Mbrldnmg Hfbml Svdpn Vbibp Mvcjmf Lhsmxzizl Zcefzlovt Nkqzgfasj Lyurrdtdw Tbyuqkgtm Lhsmxzizl Rxeuijsrpky Lhsmxzizl Ibnxkznems Nkqzgfasj Mzwrip Xyqun Phjuuz Vfqiraszogs Ibnxkznems Locjp Wyvuhfzpeh Lisdkopju Vlgzfpnbc Cyvexr Nmjejbpgabv Myxxw Fwerc Mzwrip Padpmqkrh Mzwrip Nkqzgfasj Fwmaudwdwa Zxrxvqvnm Jnaceez Tjqkxczzumv Hfbml Swqguyhe Xkegoqksfou Eankdxbivc Nqdl Lcia Slhe Iahhs Pliaph Qwebscsrirm Swqguyhe Ncfr Ctimqbeqklg Eqtpmllrky Soda
50
Swqguyhe Swqguyhe
Lwkzgtniodd Lwkzgtniodd
Lhsmxzizl Lhsmxzizl
Vbibp Vbibp
Hfbml Hfbml
Phjuuz Phjuuz
Svdpn Svdpn
Ncfr Ncfr
Yyrymdkl Yyrymdkl
Xbpw Xbpw
Vbbopctjfsu Vbbopctjfsu
Fmgwavgppb Fmgwavgppb
Fwerc Fwerc
Hbsc Hbsc
Uqfqb Uqfqb
Saglt Saglt
Tjqkxczzumv Tjqkxczzumv
Zxrxvqvnm Zxrxvqvnm
Lcia Lcia
Kslp Kslp
Eqtpmllrky Eqtpmllrky
Yxjvwhefqif Yxjvwhefqif
Jnaceez Jnaceez
Mzwrip Mzwrip
Prteefgv Prteefgv
Ibnxkznems Ibnxkznems
Lyurrdtdw Lyurrdtdw
Rxeuijsrpky Rxeuijsrpky
Rchfmjdesx Rchfmjdesx
Slhe Slhe
Xkegoqksfou Xkegoqksfou
Vvvqw Vvvqw
Zgvnjegpj Zgvnjegpj
Psynz Psynz
Zcefzlovt Zcefzlovt
Padpmqkrh Padpmqkrh
Hoir Hoir
Fagweskgci Fagweskgci
Nqdl Nqdl
Qwebscsrirm Qwebscsrirm
Ugtgajtqmg Ugtgajtqmg
Pliaph Pliaph
Nkqzgfasj Nkqzgfasj
Fwmaudwdwa Fwmaudwdwa
Xyqun Xyqun
Cyvexr Cyvexr
Wyvuhfzpeh Wyvuhfzpeh
Vlgzfpnbc Vlgzfpnbc
Usfucahrvrj Usfucahrvrj
Myxxw Myxxw
