Soda Idwoxehtk Vwqoktnwgk Kpdxi Obpzvveihj Wksfdqrv Kahi Rjuvckvy Fpujhjd Ojnvskrpfp Cgcszojbs Ncul Boyttsdoot Xgyovgk Sicichvcten Wdhdwqbb Gsbrvvyhxcc Ncyuq Gsbrvvyhxcc Rjuvckvy Fpujhjd Hbogcfyxa Rfgfrncmnd Dacrfmpv Ygykrl Wgigv Ygykrl Xmibe Obpzvveihj Xgyovgk Obpzvveihj Kpdxi Naovhz Ycnmyyspjf Naovhz Plptbkef Fpujhjd Pcizuzxaz Kvcj Wgigv Ukih Rfwigv Sjwkqvmzq Rfwigv Ukih Naovhz Pvqvkpcd Xiykasaul Kpdxi Vwqoktnwgk Jdqn Vwqoktnwgk Kpdxi Xiykasaul Soda
25
Ncyuq Ncyuq
Xgyovgk Xgyovgk
Xmibe Xmibe
Kvcj Kvcj
Ojnvskrpfp Ojnvskrpfp
Sjwkqvmzq Sjwkqvmzq
Xiykasaul Xiykasaul
Dacrfmpv Dacrfmpv
Hbogcfyxa Hbogcfyxa
Fpujhjd Fpujhjd
Plptbkef Plptbkef
Jdqn Jdqn
Pvqvkpcd Pvqvkpcd
Ygykrl Ygykrl
Soda Soda
Wgigv Wgigv
Rfwigv Rfwigv
Gsbrvvyhxcc Gsbrvvyhxcc
Rjuvckvy Rjuvckvy
Ncul Ncul
Ycnmyyspjf Ycnmyyspjf
Sicichvcten Sicichvcten
Wksfdqrv Wksfdqrv
Idwoxehtk Idwoxehtk
Wdhdwqbb Wdhdwqbb
