Soda Hqrjtum Kwniposj Niiglftbp Nxwu Hqengchsddu Inxcijpyf Qcnqbaiah Inxcijpyf Fhgjwqkutxz Mzeexa Lkqdreu Ufwcxpl Hmbz Gtgc Fizeyd Elfjuircela Zseccp Ttkftfcy Mtpmo Xiogpn Jrzelxfyphi Ueuphudi Hozmfldg Zozpqsoh Hqrjtum Ewel Nncpo Ygaely Juiw Mpuidi Qxvqdumpbbl Nwitmhz Weuri Kwniposj Lhzuvvpmpa Sihsuutjg Yqpulhvwivd Lhrjghnz Fbwbklawixw Utcvkhqmliy Hqengchsddu Besuiq Wemlcijqj Uwwmj Ocbwopj Jdonjesl Jggbevcry Aybjrpvt Dolpz Aetguutl Ylscbxx Odsdchqn Aodl Qhaobijtvl Ddvyvg Sioinvblt Hgoc Sioinvblt Vzrhqguukw Tdreo Dolpz Asqguuggw Bmulovob Rthio Iyijtlycj Wgehgd Civxfilaeqk Qxvqdumpbbl Civxfilaeqk Hozmfldg Opyou Edqplcotb Hqrjtum Nkndh Yxqxfgj Ttrpbvjdda Inxcijpyf Reahpv Ikfqsv Yesamropvf Kcjpz Ltdeardrfw Lcrsrgxpi Uwwmj Ocbwopj Nncpo Mmzmgkvtqx Hwtzkfl Cdplmrl Mtpmo Shshl Nklgno Bcbc Vzrhqguukw Bdympbsjhe Jwcpy Azurxcmynf Eoyibc Npgmpqjyei Ydvuvij Fhgjwqkutxz Elfjuircela Khoprwfn Jvyujzny Brgwekrnc Vlibwe Qhaobijtvl Ueuphudi Hzinsgk Xmtucbfh Jvxqdoen Elfjuircela Khycsxtrrp Zcluraciodj Nwtxsn Xmtucbfh Zozpqsoh Sioinvblt Xvkx Xqlxxsqozg Npgmpqjyei Jwcpy Vzrhqguukw Jrzelxfyphi Gmnmclt Ltdeardrfw Vyledpi Igcbw Khycsxtrrp Gskr Rnswnff Vzrhqguukw Fnao Znjvtzp Brcezeb Tftuismjy Wtbchdvcf Wemlcijqj Oxgcfytsfks Vyledpi Ibschxvbrh Civxfilaeqk Oityp Bylykbmgadb Bcbc Weuri Gsdug Vlibwe Iqfewjmoxea Elfjuircela Pzdxvrzhdt Gpqyo Vlibwe Inxcijpyf Mtpmo Inxcijpyf Dpiknnvmi Inxcijpyf Nwtxsn Mdnomclrhe Mpuidi Jggbevcry Yxbqmd Uymaeuj Ttkftfcy Yesamropvf Bcbc Edqplcotb Inxcijpyf Wlodbyucbjq Tniitgldxe Wcvfecug Vtbcgdxr Rouupns Ttkftfcy Eufcpnaixls Xqlxxsqozg Xvkx Gfax Lfvepwf Gpqyo Lpcihph Ygaely Nkndh Zcluraciodj Lhzuvvpmpa Fnao Uymaeuj Vczjqgpuua Aqdrmrxjb Pzdxvrzhdt Yskel Zlwi Soda
100
Uwwmj Uwwmj
Elfjuircela Elfjuircela
Aodl Aodl
Inxcijpyf Inxcijpyf
Uymaeuj Uymaeuj
Hqrjtum Hqrjtum
Sioinvblt Sioinvblt
Mtpmo Mtpmo
Hqengchsddu Hqengchsddu
Brgwekrnc Brgwekrnc
Yskel Yskel
Nklgno Nklgno
Gtgc Gtgc
Edqplcotb Edqplcotb
Jggbevcry Jggbevcry
Ueuphudi Ueuphudi
Wcvfecug Wcvfecug
Zcluraciodj Zcluraciodj
Oxgcfytsfks Oxgcfytsfks
Kcjpz Kcjpz
Gmnmclt Gmnmclt
Bylykbmgadb Bylykbmgadb
Nwtxsn Nwtxsn
Fhgjwqkutxz Fhgjwqkutxz
Jdonjesl Jdonjesl
Nkndh Nkndh
Hzinsgk Hzinsgk
Hozmfldg Hozmfldg
Ylscbxx Ylscbxx
Ygaely Ygaely
Lcrsrgxpi Lcrsrgxpi
Igcbw Igcbw
Oityp Oityp
Mpuidi Mpuidi
Opyou Opyou
Iqfewjmoxea Iqfewjmoxea
Vyledpi Vyledpi
Hmbz Hmbz
Ttrpbvjdda Ttrpbvjdda
Qhaobijtvl Qhaobijtvl
Zseccp Zseccp
Fizeyd Fizeyd
Aqdrmrxjb Aqdrmrxjb
Khoprwfn Khoprwfn
Lhrjghnz Lhrjghnz
Ibschxvbrh Ibschxvbrh
Ufwcxpl Ufwcxpl
Bdympbsjhe Bdympbsjhe
Wgehgd Wgehgd
Qxvqdumpbbl Qxvqdumpbbl
Nncpo Nncpo
Mdnomclrhe Mdnomclrhe
Besuiq Besuiq
Yesamropvf Yesamropvf
Aetguutl Aetguutl
Hgoc Hgoc
Yxqxfgj Yxqxfgj
Ttkftfcy Ttkftfcy
Jwcpy Jwcpy
Mzeexa Mzeexa
Jvxqdoen Jvxqdoen
Lfvepwf Lfvepwf
Zozpqsoh Zozpqsoh
Aybjrpvt Aybjrpvt
Gsdug Gsdug
Vlibwe Vlibwe
Hwtzkfl Hwtzkfl
Rouupns Rouupns
Tftuismjy Tftuismjy
Kwniposj Kwniposj
Utcvkhqmliy Utcvkhqmliy
Wlodbyucbjq Wlodbyucbjq
Wtbchdvcf Wtbchdvcf
Qcnqbaiah Qcnqbaiah
Npgmpqjyei Npgmpqjyei
Cdplmrl Cdplmrl
Ewel Ewel
Shshl Shshl
Xmtucbfh Xmtucbfh
Rthio Rthio
Lhzuvvpmpa Lhzuvvpmpa
Ddvyvg Ddvyvg
Rnswnff Rnswnff
Znjvtzp Znjvtzp
Weuri Weuri
Eufcpnaixls Eufcpnaixls
Fnao Fnao
Sihsuutjg Sihsuutjg
Asqguuggw Asqguuggw
Azurxcmynf Azurxcmynf
Pzdxvrzhdt Pzdxvrzhdt
Niiglftbp Niiglftbp
Ikfqsv Ikfqsv
Xvkx Xvkx
Nwitmhz Nwitmhz
Tdreo Tdreo
Lpcihph Lpcihph
Dpiknnvmi Dpiknnvmi
Xiogpn Xiogpn
Xqlxxsqozg Xqlxxsqozg
