0 1 32 80 0 102 34 21 88 13 15 104 179 61 197 106 173 86 118 35 0 53 12 156 93 55 0 50 160 154 46 108 188 164 42 45 152 0 90 140 199 8 92 124 145 153 23 144 3 149 131 98 6 24 33 40 58 27 0 29 97 134 0 181 52 125 0 57 130 1 0
60
130 130
131 131
3 3
134 134
6 6
8 8
140 140
12 12
13 13
15 15
144 144
145 145
21 21
149 149
23 23
152 152
153 153
24 24
27 27
156 156
29 29
154 154
32 32
33 33
34 34
35 35
164 164
160 160
40 40
42 42
45 45
46 46
173 173
50 50
179 179
52 52
181 181
53 53
55 55
57 57
58 58
188 188
61 61
197 197
199 199
80 80
86 86
88 88
90 90
92 92
93 93
97 97
98 98
102 102
104 104
106 106
108 108
118 118
124 124
125 125
