KMZ MRP VZI MRP NYW VSQ KBZ GJK HTV KMZ COR ZUA YQU MRP WDN HTU YFA EVY WPB WZI RWN XPB MQG XFP MRP NSY GEV NDM VIF UAO KMZ CEA KDO XXL OUR GAZ OUR XYT BAA KQK IEN KDH OUR WVO ACK KMZ BWL BVP KMZ BTR OUR LCB BMH ZCR FBZ OUR XWZ DEW FZZ RHL OUR PSZ MRP DZY KMZ ZES PSZ CSI BAA HPL MRP OUR PWL YET KVT MRP OBR HDY KMZ GJW EFO SZK NLD CDW DGD MBM WDE TFL YWR BAA HGZ LRF KMZ PKG EKW PSZ KDF DEW YGM QUS VTA KMZ KNQ MWC XNM GVH FYE YEC HSN KMZ GMG KMZ KAL HON BUN ENU VNH PSZ BMH URI QOE KMZ JTH XNH AFO KMZ MWN KMZ WXC IYC WYK MMI RDP EXX BAA IKT KMZ
100
OUR OUR
PSZ PSZ
BMH BMH
DEW DEW
NYW NYW
MWN MWN
RHL RHL
GAZ GAZ
MMI MMI
KDH KDH
KDF KDF
WDN WDN
EKW EKW
VSQ VSQ
CDW CDW
VZI VZI
GJW GJW
KBZ KBZ
XNM XNM
WXC WXC
HPL HPL
YEC YEC
ENU ENU
RWN RWN
YWR YWR
HDY HDY
WPB WPB
MQG MQG
EFO EFO
GVH GVH
YGM YGM
XNH XNH
PKG PKG
XWZ XWZ
VNH VNH
EVY EVY
MWC MWC
NDM NDM
VTA VTA
AFO AFO
HSN HSN
JTH JTH
QUS QUS
FBZ FBZ
KNQ KNQ
QOE QOE
HGZ HGZ
XFP XFP
XPB XPB
BVP BVP
GJK GJK
HTU HTU
HTV HTV
IKT IKT
XXL XXL
ZES ZES
BUN BUN
PWL PWL
UAO UAO
LCB LCB
KQK KQK
KDO KDO
BWL BWL
VIF VIF
COR COR
WYK WYK
OBR OBR
WZI WZI
FZZ FZZ
KAL KAL
ZUA ZUA
URI URI
IYC IYC
GEV GEV
CEA CEA
MBM MBM
NLD NLD
YFA YFA
DGD DGD
CSI CSI
RDP RDP
WVO WVO
DZY DZY
YET YET
KVT KVT
TFL TFL
SZK SZK
ZCR ZCR
IEN IEN
BTR BTR
EXX EXX
LRF LRF
WDE WDE
YQU YQU
ACK ACK
GMG GMG
NSY NSY
FYE FYE
HON HON
XYT XYT
