USG OEK DPP LYL UQJ AKT GIG OEK ZBM QUA HOD GJX NMY MJB BFD KJA USG BYF USG POT TWC MJB QUA ZIJ KHL DZG QUA CMD IUL OKD MBE TIB USG WRP STT USG SJL ZLI SCZ QFZ ZIJ FPK NAF WSF KXU EMI WIF UWO IRG MJB VKQ MJB TFP BJT DZD PST VFE RAI XIG USG OEK NRV IUT KND STN USG EMJ USG OJJ USG
50
QUA QUA
OEK OEK
KJA KJA
WSF WSF
DZG DZG
IUT IUT
VKQ VKQ
KND KND
BFD BFD
TIB TIB
NMY NMY
GIG GIG
KXU KXU
STT STT
TFP TFP
OKD OKD
ZLI ZLI
RAI RAI
HOD HOD
VFE VFE
FPK FPK
DZD DZD
ZBM ZBM
BYF BYF
STN STN
DPP DPP
MBE MBE
NRV NRV
CMD CMD
UQJ UQJ
WRP WRP
IRG IRG
QFZ QFZ
EMJ EMJ
SJL SJL
TWC TWC
SCZ SCZ
BJT BJT
GJX GJX
LYL LYL
EMI EMI
WIF WIF
KHL KHL
PST PST
OJJ OJJ
XIG XIG
UWO UWO
IUL IUL
AKT AKT
POT POT
