m6 a0 z9 j1 w8 a1 f1 a4 j0 a0 a8 a2 n2 k4 a1 w1 r2 f4 j8 n6 a0 w2 h9 a0 c5 l4 b3 j3 a7 h8 g0 j2 a0 z3 a0 f7 n5 b2 k0 j4 k7 a0 c9 e2 g2 a3 l8 l6 f5 q0 a2 b0 e9 a0 m8 x9 z8 a3 c0 a2 n8 a1 f6 a2 g9 w3 r3 q7 a1 n3 a1 c2 a9 r7 l2 q6 a1 l5 a1 d0 e6 a0 a5 w9 a1 r1 a1 e3 h7 b0 k2 g8 v6 a0 d3 a0 a1 q3 a2 j5 l0 h4 a4 v0 h1 l7 g6 x1 a0 n7 j9 a5 d4 a8 r4 a6 y0 a6 a4 q4 q8 m4 a4 x7 c3 r8 a4 e1 b9 b1 b8 k9 v1 q1 x5 v4 a3 d5 k8 a0 m6
99
a0 a0
a1 a1
a5 a5
a6 a6
a8 a8
a9 a9
b0 b0
b3 b3
b8 b8
b9 b9
c0 c0
c2 c2
c3 c3
c5 c5
c9 c9
d0 d0
d3 d3
d4 d4
d5 d5
e1 e1
e2 e2
e3 e3
e6 e6
e9 e9
f1 f1
f4 f4
f5 f5
f6 f6
f7 f7
g0 g0
g2 g2
g6 g6
g8 g8
g9 g9
h1 h1
h4 h4
h7 h7
h8 h8
h9 h9
j0 j0
j1 j1
j2 j2
j3 j3
j4 j4
j5 j5
j8 j8
j9 j9
k0 k0
k2 k2
k4 k4
k7 k7
k8 k8
k9 k9
z3 z3
z8 z8
z9 z9
x1 x1
x5 x5
x7 x7
x9 x9
v0 v0
v1 v1
v4 v4
v6 v6
n2 n2
n3 n3
n5 n5
n6 n6
n7 n7
n8 n8
m4 m4
m6 m6
m8 m8
l0 l0
l2 l2
l4 l4
l5 l5
l6 l6
l7 l7
l8 l8
q0 q0
q1 q1
q3 q3
q4 q4
q6 q6
q7 q7
q8 q8
w1 w1
w2 w2
w3 w3
w8 w8
w9 w9
r1 r1
r2 r2
r3 r3
r4 r4
r7 r7
r8 r8
y0 y0
