d6 a0 h5 b3 b8 a0 b5 a2 h7 a7 b7 j0 c3 d5 h9 a2 f3 h0 b2 c0 f5 a1 h8 d2 a5 e1 b2 g4 a2 g7 a7 e2 a6 k0 a6 c1 d1 a1 j3 a1 d7 a1 b1 c8 f0 g0 a0 c2 b1 f2 a9 a5 a2 k2 a8 a0 a8 e0 j7 c6 a5 a8 d8 b2 c7 g5 a3 d3 a1 d9 j6 h4 a0 h3 j5 d6
50
a0 a0
a2 a2
a5 a5
a6 a6
a7 a7
a8 a8
b1 b1
b2 b2
b3 b3
b5 b5
b7 b7
b8 b8
c0 c0
c1 c1
c2 c2
c6 c6
c7 c7
c8 c8
d1 d1
d2 d2
d3 d3
d5 d5
d7 d7
d8 d8
d9 d9
e0 e0
e1 e1
e2 e2
f0 f0
f2 f2
f3 f3
f5 f5
g0 g0
g4 g4
g5 g5
g7 g7
h0 h0
h3 h3
h4 h4
h5 h5
h7 h7
h8 h8
h9 h9
j0 j0
j3 j3
j5 j5
j6 j6
j7 j7
k0 k0
k2 k2
