0 3 175 2 85 75 22 161 78 31 49 60 37 81 89 85 161 7 68 71 105 43 11 5 93 80 198 48 149 97 4 25 79 62 47 46 33 58 65 44 45 90 66 56 10 50 164 91 30 112 73 13 20 76 28 44 42 77 69 72 64 26 35 36 5 87 27 41 94 40 92 29 57 39 63 86 8 50 32 51 99 34 12 19 17 31 105 14 145 54 84 88 83 95 70 1 23 15 61 9 24 31 67 170 74 144 16 6 96 59 98 87 17 44 52 55 38 53 31 82 21 13 18 0
100
13 13
97 97
48 48
31 31
87 87
95 95
81 81
44 44
17 17
74 74
29 29
40 40
4 4
21 21
25 25
16 16
85 85
88 88
6 6
86 86
68 68
93 93
75 75
53 53
50 50
3 3
70 70
61 61
58 58
19 19
60 60
64 64
33 33
73 73
46 46
80 80
14 14
52 52
42 42
83 83
99 99
49 49
34 34
65 65
27 27
41 41
22 22
79 79
18 18
5 5
82 82
1 1
15 15
55 55
2 2
43 43
84 84
20 20
54 54
94 94
37 37
69 69
66 66
0 0
92 92
32 32
62 62
10 10
28 28
56 56
38 38
71 71
78 78
90 90
24 24
47 47
12 12
7 7
59 59
98 98
72 72
45 45
23 23
63 63
9 9
57 57
67 67
35 35
36 36
89 89
39 39
8 8
30 30
26 26
96 96
11 11
76 76
77 77
51 51
91 91
