144 0 39 158 106 157 2 14 107 0 53 0 44 0 16 70 127 7 110 66 64 49 108 79 83 28 130 159 18 0 11 2 114 142 147 0 21 0 51 187 128 131 141 78 2 62 42 74 24 0 170 67 0 119 188 87 136 122 126 104 2 99 88 0 13 112 19 0 156 1 174 76 0 133 0 152 3 0 93 165 120 8 75 0 124 90 0 132 0 43 169 2 95 92 0 183 47 144
72
128 128
130 130
3 3
131 131
132 132
133 133
7 7
8 8
136 136
11 11
13 13
14 14
141 141
16 16
142 142
18 18
19 19
147 147
21 21
24 24
152 152
28 28
156 156
157 157
158 158
159 159
165 165
39 39
169 169
42 42
43 43
44 44
170 170
174 174
47 47
49 49
51 51
53 53
183 183
187 187
188 188
62 62
64 64
66 66
67 67
70 70
74 74
75 75
76 76
78 78
79 79
83 83
87 87
88 88
90 90
92 92
93 93
95 95
99 99
104 104
106 106
107 107
108 108
110 110
112 112
114 114
119 119
120 120
122 122
124 124
126 126
127 127
