0 52 59 149 76 0 26 0 85 0 143 47 93 193 108 0 46 87 2 163 21 189 179 175 141 45 3 94 0 139 0 66 28 42 5 0 97 2 79 77 0 12 68 142 0 100 1 35 3 64 0 178 2 127 3 11 0 136 0 162 34 91 2 29 14 31 152 195 50 177 1 164 192 2 105 10 27 2 99 115 0 120 0 168 121 78 133 2 110 39 22 82 186 1 101 3 170 2 72 63 71 73 1 104 131 44 38 0 13 0 126 0 30 172 51 24 146 155 0 183 0 67 23 8 49 140 1 150 62 130 194 2 103 0 56 132 2 1 0
98
1 1
2 2
5 5
10 10
11 11
12 12
13 13
14 14
21 21
22 22
23 23
24 24
26 26
27 27
28 28
29 29
30 30
31 31
34 34
35 35
38 38
39 39
42 42
44 44
45 45
46 46
47 47
49 49
50 50
51 51
52 52
56 56
59 59
62 62
63 63
64 64
66 66
67 67
68 68
71 71
72 72
73 73
76 76
77 77
78 78
79 79
82 82
85 85
87 87
91 91
93 93
94 94
97 97
99 99
100 100
101 101
103 103
104 104
105 105
108 108
110 110
115 115
120 120
121 121
126 126
127 127
130 130
131 131
132 132
133 133
136 136
139 139
140 140
141 141
142 142
143 143
146 146
149 149
150 150
152 152
155 155
162 162
163 163
164 164
168 168
170 170
172 172
175 175
177 177
178 178
179 179
183 183
186 186
189 189
192 192
193 193
194 194
195 195
