0 198 126 172 120 112 188 123 7 149 107 81 22 137 99 40 194 132 74 171 59 135 85 49 85 191 181 68 181 191 106 196 31 58 43 194 132 178 153 58 56 18 106 147 23 114 143 11 65 43 58 56 36 160 131 128 3 128 52 167 29 7 36 144 55 178 20 14 140 13 84 0 86 169 141 79 121 102 121 143 90 124 23 67 186 49 85 167 189 71 187 72 187 9 139 165 34 189 11 65 133 149 83 69 12 176 10 149 107 81 64 81 101 75 150 58 153 184 164 85 49 186 97 34 67 27 67 23 147 104 147 23 91 108 48 119 143 142 69 12 45 12 45 157 148 21 73 57 138 22 137 99 128 52 167 188 112 2 140 56 58 103 58 129 92 55 57 138 57 112 195 1 7 135 59 51 59 135 7 1 195 125 38 145 100 145 38 182 31 58 153 24 197 90 95 168 152 151 161 90 185 109 10 149 20 149 35 32 50 39 36 98 166 98 170 98 167 25 26 25 129 58 19 165 175 165 34 189 11 143 96 105 96 46 96 142 38 158 17 18 106 18 56 53 186 89 117 198 83 82 153 129 92 94 144 185 90 95 141 169 21 77 56 58 129 58 56 77 21 169 66 16 7 36 41 157 124 122 16 48 119 134 57 55 0
100
1 1
2 2
3 3
9 9
10 10
11 11
12 12
13 13
14 14
16 16
19 19
20 20
21 21
23 23
24 24
26 26
27 27
29 29
35 35
38 38
39 39
41 41
43 43
45 45
46 46
49 49
50 50
51 51
52 52
55 55
56 56
57 57
59 59
64 64
66 66
67 67
68 68
69 69
71 71
72 72
73 73
74 74
77 77
82 82
83 83
85 85
86 86
89 89
90 90
92 92
94 94
95 95
97 97
99 99
100 100
101 101
102 102
103 103
104 104
105 105
106 106
107 107
108 108
112 112
119 119
123 123
124 124
125 125
129 129
132 132
137 137
138 138
139 139
141 141
142 142
143 143
147 147
148 148
150 150
152 152
157 157
160 160
161 161
164 164
166 166
167 167
169 169
170 170
172 172
175 175
176 176
182 182
185 185
186 186
188 188
189 189
195 195
196 196
197 197
198 198
