0 82 2 182 40 154 3 36 5 100 162 1 48 38 72 64 2 146 26 16 124 46 8 0 70 76 5 108 118 184 3 50 192 180 156 102 140 116 174 2 32 132 0 186 3 80 138 5 98 10 114 2 150 2 52 84 88 164 3 6 0 44 0 28 58 148 62 106 134 190 90 2 18 170 66 4 10 54 112 2 142 3 136 0 34 160 96 11 4 120 168 1 86 68 30 144 6 194 0 198 2 42 12 78 196 4 126 3 94 2 158 1 128 0 104 0 60 14 6 166 130 7 22 7 74 7 172 110 1 56 1 176 92 26 152 122 4 20 2 178 188 0 24 0
100
0 0
2 2
4 4
6 6
8 8
10 10
12 12
14 14
16 16
18 18
20 20
22 22
24 24
26 26
28 28
30 30
32 32
34 34
36 36
38 38
40 40
42 42
44 44
46 46
48 48
50 50
52 52
54 54
56 56
58 58
60 60
62 62
64 64
66 66
68 68
70 70
72 72
74 74
76 76
78 78
80 80
82 82
84 84
86 86
88 88
90 90
92 92
94 94
96 96
98 98
100 100
102 102
104 104
106 106
108 108
110 110
112 112
114 114
116 116
118 118
120 120
122 122
124 124
126 126
128 128
130 130
132 132
134 134
136 136
138 138
140 140
142 142
144 144
146 146
148 148
150 150
152 152
154 154
156 156
158 158
160 160
162 162
164 164
166 166
168 168
170 170
172 172
174 174
176 176
178 178
180 180
182 182
184 184
186 186
188 188
190 190
192 192
194 194
196 196
198 198
