Soda Stanley Wellman Blackwell Soda Cheit Wheeler Haste Foothill Giannini Senior Morgan Koshland Jacobs Bowles Dwinelle Stern HaasPavilion McCone Cheit Moses Hertz Hildebrand LifeSciences DoeLibrary Boalt Pitzer Soda
24
Boalt Boalt
Cheit Cheit
Dwinelle Dwinelle
Giannini Giannini
Haste Haste
LifeSciences LifeSciences
Jacobs Jacobs
Hildebrand Hildebrand
Moses Moses
Senior Senior
Stern Stern
Wheeler Wheeler
Blackwell Blackwell
Bowles Bowles
DoeLibrary DoeLibrary
Foothill Foothill
HaasPavilion HaasPavilion
Hertz Hertz
Koshland Koshland
McCone McCone
Morgan Morgan
Pitzer Pitzer
Stanley Stanley
Wellman Wellman
