Soda MemorialStadium Senior Koshland Gilman Blackwell Hertz Morgan Soda Moses Haste Soda Wheeler HearstFieldAnnex MLK SproulPlaza LeConte Simon Pitzer Stanley EdwardsStadium Bechtel HearstMiningCircle Soda Insectary LifeSciences Cory BarkerHall McLaughlin Cory Bowles Dwinelle Boalt DoeLibrary VLSB McCone Bechtel Stern Bechtel Giannini KrutchTheater NorthGate Bechtel Campbell Hildebrand Jacobs Foothill Soda HaasPavilion Soda Boalt CalvinLaboratory Cheit Bechtel ClarkKerr Observatory Etcheverry Soda GreekTheatre Soda
45
Bechtel Bechtel
Boalt Boalt
Cheit Cheit
Cory Cory
Dwinelle Dwinelle
Etcheverry Etcheverry
Giannini Giannini
GreekTheatre GreekTheatre
Haste Haste
HearstMiningCircle HearstMiningCircle
LifeSciences LifeSciences
McLaughlin McLaughlin
Jacobs Jacobs
KrutchTheater KrutchTheater
Hildebrand Hildebrand
MLK MLK
Moses Moses
Observatory Observatory
Senior Senior
SproulPlaza SproulPlaza
Stern Stern
VLSB VLSB
Wheeler Wheeler
BarkerHall BarkerHall
Blackwell Blackwell
Campbell Campbell
Bowles Bowles
ClarkKerr ClarkKerr
DoeLibrary DoeLibrary
EdwardsStadium EdwardsStadium
Foothill Foothill
Gilman Gilman
HaasPavilion HaasPavilion
HearstFieldAnnex HearstFieldAnnex
Hertz Hertz
Insectary Insectary
Koshland Koshland
LeConte LeConte
McCone McCone
MemorialStadium MemorialStadium
Morgan Morgan
NorthGate NorthGate
Pitzer Pitzer
Simon Simon
Stanley Stanley
