71 37 91 64 38 48 43 30 25 24 16 3 39 3 16 11 35 11 16 29 16 3 39 61 87 7 87 75 15 94 45 62 66 62 45 94 65 96 65 9 57 70 53 70 42 36 30 25 99 6 32 55 93 77 58 66 62 45 94 65 9 0 9 27 18 86 89 59 29 16 3 39 61 75 15 75 19 74 19 75 61 39 3 14 54 49 13 97 28 3 39 52 85 52 39 2 33 81 84 41 88 78 68 56 8 10 47 26 47 40 69 40 47 10 47 26 73 79 31 41 88 83 5 83 88 41 84 81 95 21 50 21 95 81 84 43 30 36 42 70 53 44 60 37 71
50
0 0
2 2
5 5
6 6
7 7
10 10
11 11
13 13
15 15
18 18
19 19
21 21
24 24
26 26
28 28
29 29
30 30
33 33
35 35
36 36
38 38
39 39
41 41
42 42
45 45
47 47
49 49
50 50
53 53
54 54
55 55
59 59
60 60
61 61
64 64
65 65
66 66
69 69
70 70
74 74
77 77
78 78
79 79
84 84
85 85
87 87
88 88
94 94
95 95
96 96
