f llllll ssssss j xxx xxxxxx aaaaa pp aaa ttttt rrrrrrrr rrrrrr lllll ggg iii v m ssss z zzz llllllll dddddddd vvvv qqqqqq c q wwww ggggg hhh qqqqqqq jjjjjjj ffffffff hhhh jjjj ff uu w fffffff ss uuuuu bbbbbbbb qq s wwwwwww nnnn vv eeee p a sss f
50
ssss ssss
aaaaa aaaaa
w w
uu uu
v v
p p
eeee eeee
dddddddd dddddddd
zzz zzz
ttttt ttttt
xxxxxx xxxxxx
f f
iii iii
nnnn nnnn
s s
uuuuu uuuuu
ff ff
ggggg ggggg
llllllll llllllll
ss ss
rrrrrr rrrrrr
rrrrrrrr rrrrrrrr
m m
xxx xxx
z z
qqqqqq qqqqqq
c c
hhhh hhhh
vvvv vvvv
bbbbbbbb bbbbbbbb
j j
sss sss
vv vv
qq qq
ggg ggg
ssssss ssssss
wwww wwww
qqqqqqq qqqqqqq
pp pp
lllll lllll
ffffffff ffffffff
llllll llllll
hhh hhh
fffffff fffffff
aaa aaa
jjjj jjjj
a a
q q
jjjjjjj jjjjjjj
wwwwwww wwwwwww
