ffffff zzzzz cccc ee wwwwww d dd bbbbbbb j sssss zzz bbbbbb o uuu fffff aaa x iiiiiiii eeeee hhhhhhh gggggggg q tttt xxxxx ggggg ttttttt ffffffff kkkkkkkk jjjj a mm uuuuuuu nnnnnn rrrrr ii xxx ppppp s dddd jjj eeeeee xxxxxxx ccccccc e eeeeeee b oooooooo lll rrrrrr yy qqq mmmmmmmm uuuuuu iiiiiii lllllll pppppppp bbbbbbbb aaaaaaaa rr llllll pppp gggg kkkk xxxx wwww hhhh qqqqqq ssss nnn aaaa ll hhh aaaaaa ggggggg tt mmmm qq m oooooo sssssss sss yyyyyyy uu cc cccccc k aa vvvvv vvv wwwww ooooo llllllll vvvvvv kkkkkk eeee jjjjjj ttttt ffff ssssss tttttt ffffff
100
pppppppp pppppppp
kkkk kkkk
o o
m m
xxxxxxx xxxxxxx
ggggg ggggg
yyyyyyy yyyyyyy
nnnnnn nnnnnn
xxxxx xxxxx
jjjj jjjj
qq qq
pppp pppp
xxxx xxxx
cc cc
mmmm mmmm
mmmmmmmm mmmmmmmm
bbbbbbbb bbbbbbbb
qqq qqq
fffff fffff
ssssss ssssss
lll lll
mm mm
eeeeee eeeeee
cccccc cccccc
sss sss
d d
iiiiiii iiiiiii
ccccccc ccccccc
kkkkkk kkkkkk
ffff ffff
jjj jjj
bbbbbbb bbbbbbb
vvv vvv
kkkkkkkk kkkkkkkk
yy yy
b b
eeee eeee
ttttttt ttttttt
x x
ffffff ffffff
eeeeeee eeeeeee
aaaaaa aaaaaa
uu uu
sssss sssss
ii ii
eeeee eeeee
nnn nnn
gggggggg gggggggg
dddd dddd
aaaaaaaa aaaaaaaa
aa aa
ooooo ooooo
tt tt
sssssss sssssss
hhh hhh
uuuuuu uuuuuu
aaaa aaaa
a a
llllll llllll
aaa aaa
lllllll lllllll
zzz zzz
j j
hhhhhhh hhhhhhh
ssss ssss
bbbbbb bbbbbb
ll ll
xxx xxx
rr rr
wwwww wwwww
vvvvvv vvvvvv
tttttt tttttt
s s
qqqqqq qqqqqq
hhhh hhhh
ee ee
rrrrrr rrrrrr
e e
uuuuuuu uuuuuuu
q q
wwww wwww
zzzzz zzzzz
oooooo oooooo
k k
ggggggg ggggggg
dd dd
vvvvv vvvvv
cccc cccc
rrrrr rrrrr
gggg gggg
ffffffff ffffffff
wwwwww wwwwww
llllllll llllllll
iiiiiiii iiiiiiii
tttt tttt
jjjjjj jjjjjj
ppppp ppppp
ttttt ttttt
oooooooo oooooooo
uuu uuu
