199 24 29 39 90 39 29 24 10 151 197 28 158 71 2 27 43 81 16 182 133 91 133 105 1 113 25 190 152 69 152 190 25 113 1 108 13 101 50 178 93 47 93 188 38 188 80 45 104 85 104 45 102 97 31 157 115 167 78 119 4 119 156 163 75 163 53 134 154 188 93 47 46 72 6 72 46 176 88 21 59 21 73 144 186 58 192 74 156 163 17 163 53 134 70 19 27 169 122 84 32 84 185 129 47 93 56 93 188 115 171 62 94 55 94 62 183 52 102 45 80 159 78 159 80 159 68 63 68 63 22 129 47 46 47 36 107 145 37 145 107 36 47 93 66 14 86 65 5 44 60 20 61 20 11 189 95 189 96 174 40 144 73 21 88 64 102 52 183 122 169 23 177 7 29 39 5 44 60 20 150 49 163 156 86 14 66 30 138 198 185 160 7 29 39 5 65 86 14 86 194 64 88 21 88 64 102 97 102 64 88 77 88 21 73 144 40 33 109 57 11 20 181 139 158 71 2 27 169 122 183 87 149 121 178 180 83 55 94 147 197 103 81 43 92 43 27 19 129 185 160 51 77 105 1 113 25 113 1 108 57 108 1 105 133 91 12 91 7 177 41 175 80 159 35 159 194 86 65 8 65 86 14 66 93 188 95 189 96 9 96 164 55 3 18 3 55 94 62 15 91 137 140 98 8 65 86 156 74 156 119 124 83 38 79 38 83 180 178 50 123 147 197 151 10 151 48 5 44 60 164 55 3 55 83 21 73 21 83 38 79 177 103 67 103 177 7 91 15 62 183 52 102 45 80 159 35 182 103 67 34 98 8 65 5 65 76 65 86 14 162 22 129 185 198 138 89 138 198 16 145 107 106 42 106 107 145 16 81 16 194 86 156 163 53 134 70 8 65 8 70 19 129 47 46 72 46 176 54 150 49 0 49 142 146 174 96 164 60 44 5 48 5 44 60 20 150 54 26 142 146 181 139 99 85 110 127 25 190 196 82 199
100
0 0
1 1
2 2
3 3
4 4
5 5
6 6
7 7
8 8
9 9
10 10
11 11
12 12
13 13
14 14
15 15
16 16
17 17
18 18
19 19
20 20
21 21
22 22
23 23
24 24
25 25
26 26
27 27
28 28
29 29
30 30
31 31
32 32
33 33
34 34
35 35
36 36
37 37
38 38
39 39
40 40
41 41
42 42
43 43
44 44
45 45
46 46
47 47
48 48
49 49
50 50
51 51
52 52
53 53
54 54
55 55
56 56
57 57
58 58
59 59
60 60
61 61
62 62
63 63
64 64
65 65
66 66
67 67
68 68
69 69
70 70
71 71
72 72
73 73
74 74
75 75
76 76
77 77
78 78
79 79
80 80
81 81
82 82
83 83
84 84
85 85
86 86
87 87
88 88
89 89
90 90
91 91
92 92
93 93
94 94
95 95
96 96
97 97
98 98
99 99
