99 4 18 61 3 13 3 58 23 19 40 19 23 24 1 24 1 15 14 15 88 11 68 90 19 45 72 9 72 71 27 71 72 96 68 99 84 7 84 46 41 56 52 57 3 20 3 6 3 13 11 42 91 31 0 29 0 31 81 12 16 22 7 84 99 35 37 36 88 11 42 11 13 3 61 18 4 99 84 46 84 7 22 7 34 47 34 61 3 58 23 19 5 75 30 93 39 78 16 33 2 8 17 43 58 23 19 5 32 37 36 37 35 99 89 44 89 99 35 37 36 21 36 37 28 37 36 88 79 10 22 16 33 2 8 17 43 17 8 2 33 48 33 16 63 49 63 16 33 38 33 16 78 40 19 45 25 45 19 23 19 26 19 23 58 3 6 89 99
50
0 0
1 1
2 2
3 3
4 4
5 5
6 6
7 7
8 8
9 9
10 10
11 11
12 12
13 13
14 14
15 15
16 16
17 17
18 18
19 19
20 20
21 21
22 22
23 23
24 24
25 25
26 26
27 27
28 28
29 29
30 30
31 31
32 32
33 33
34 34
35 35
36 36
37 37
38 38
39 39
40 40
41 41
42 42
43 43
44 44
45 45
46 46
47 47
48 48
49 49
