SueJosephGarza IraJimmyYang MelindaKennethAzar PamelaPageBullock CrystalShermanVida ChristinaDanaGrant JohnDustinKenny JamesJaredGonzalez LeroySandraLewis MariaChristopherCast DarnellAliciaPeters PaulEvanRichard AlfredaKirstenMartin PatriciaBernardBrock MarianLuluDiaz LillieKathleenCervan JessicaJohnSpells PaulShaneSoldner KevinHaroldCyr KarenErmaJensen OllieGeorgeSova AnnaKyleChang JohnJoseJudd MaryLindaKirkland DonaldDoloresKelly BrianLuzArce LauraPhilipWinkler AshleyWilliamClarke NathanKevinCorathers LucyBennyHaag WilburnDavidMiller KennethShannonGardel SueCourtneyOsgood ElsieJosephPhelps WilliamGeorgeWilliam LuisHelenHughes FranciscoFrancesHarr PhyllisJackWilson BrianRolandAli ThomasAnnieRuiz SueJosephGarza
39
PamelaPageBullock PamelaPageBullock
LauraPhilipWinkler LauraPhilipWinkler
MaryLindaKirkland MaryLindaKirkland
IraJimmyYang IraJimmyYang
KarenErmaJensen KarenErmaJensen
ElsieJosephPhelps ElsieJosephPhelps
MariaChristopherCast MariaChristopherCast
FranciscoFrancesHarr FranciscoFrancesHarr
KevinHaroldCyr KevinHaroldCyr
BrianRolandAli BrianRolandAli
NathanKevinCorathers NathanKevinCorathers
LillieKathleenCervan LillieKathleenCervan
MelindaKennethAzar MelindaKennethAzar
ChristinaDanaGrant ChristinaDanaGrant
JessicaJohnSpells JessicaJohnSpells
PhyllisJackWilson PhyllisJackWilson
JohnJoseJudd JohnJoseJudd
AlfredaKirstenMartin AlfredaKirstenMartin
LeroySandraLewis LeroySandraLewis
ThomasAnnieRuiz ThomasAnnieRuiz
PaulEvanRichard PaulEvanRichard
WilliamGeorgeWilliam WilliamGeorgeWilliam
LucyBennyHaag LucyBennyHaag
CrystalShermanVida CrystalShermanVida
BrianLuzArce BrianLuzArce
JohnDustinKenny JohnDustinKenny
PatriciaBernardBrock PatriciaBernardBrock
LuisHelenHughes LuisHelenHughes
OllieGeorgeSova OllieGeorgeSova
WilburnDavidMiller WilburnDavidMiller
JamesJaredGonzalez JamesJaredGonzalez
KennethShannonGardel KennethShannonGardel
MarianLuluDiaz MarianLuluDiaz
DarnellAliciaPeters DarnellAliciaPeters
PaulShaneSoldner PaulShaneSoldner
SueCourtneyOsgood SueCourtneyOsgood
AnnaKyleChang AnnaKyleChang
DonaldDoloresKelly DonaldDoloresKelly
AshleyWilliamClarke AshleyWilliamClarke
