SusanneJohnBerrios LaquitaJohnBrunette JuliaMollieHernandez GarryDavidKingery DouglasRobertFerkovi MonteMonicaLum MattieBarbaraEkstrom ClaudiaDavidTaylor DougHelenHornbeck RalphClydeMills DorothyDavidStromme MaryFrankieWomack DinahCatherineFaulkn JuanDebbieAllen JorgeHeatherSamuels JuliaLindaGordon RubyLelandCollard HarryNeilFranklin StephanieAaronWalker AntonioGeraldBaker FernandoLindaWatson SpencerCourtneyBroth SusanneJohnBerrios
21
MattieBarbaraEkstrom MattieBarbaraEkstrom
JuanDebbieAllen JuanDebbieAllen
JuliaLindaGordon JuliaLindaGordon
LaquitaJohnBrunette LaquitaJohnBrunette
MaryFrankieWomack MaryFrankieWomack
GarryDavidKingery GarryDavidKingery
DougHelenHornbeck DougHelenHornbeck
DouglasRobertFerkovi DouglasRobertFerkovi
RalphClydeMills RalphClydeMills
JorgeHeatherSamuels JorgeHeatherSamuels
HarryNeilFranklin HarryNeilFranklin
MonteMonicaLum MonteMonicaLum
AntonioGeraldBaker AntonioGeraldBaker
RubyLelandCollard RubyLelandCollard
JuliaMollieHernandez JuliaMollieHernandez
SpencerCourtneyBroth SpencerCourtneyBroth
DinahCatherineFaulkn DinahCatherineFaulkn
StephanieAaronWalker StephanieAaronWalker
FernandoLindaWatson FernandoLindaWatson
DorothyDavidStromme DorothyDavidStromme
ClaudiaDavidTaylor ClaudiaDavidTaylor
