Egsmith Whittree Wenside Burbourne Edgwick Ashdown Shaftbage Cookford Hornborough Chelmwang Wychsmith Farnsmith Cookford Wychbourne Wychnell Ashbourne Stapbeck Ashbourne Brackbrough Waltdon Egtree Stainbrough Sudtree Leathermere Burbourne Wenside Whittree Stainby Egsmith Wywick Flitgrove Chelmbeck Wetwick Waltditch Wenside Alfchester Watchavon Shaftbridge Chelmbeck Shaftbridge Penborne Bromton Shaftsted Wenbeck Brackbrough Hornborough Nortley Hornborough Cookford Chelmbeck Sodey Leathermere Sodey Pemlow Sodey Waltditch Wychsmith Waltditch Sodey Egavon Shaftbage Ashdown Edgey Staplake Wychbeck Staplake Durgrove Wychbourne Barnton Ashbourne Barnton Wychbourne Wenwold Blanworth Stainbrough Egtree Chelmden Edgwick Durnell Barnton Wywick Egsmith Waltditch Egsmith
36
Chelmden Chelmden
Barnton Barnton
Leathermere Leathermere
Chelmbeck Chelmbeck
Alfchester Alfchester
Wychsmith Wychsmith
Brackbrough Brackbrough
Nortley Nortley
Wychbourne Wychbourne
Penborne Penborne
Egavon Egavon
Wywick Wywick
Chelmwang Chelmwang
Ashdown Ashdown
Shaftbridge Shaftbridge
Stainbrough Stainbrough
Stapbeck Stapbeck
Waltditch Waltditch
Wenside Wenside
Wenwold Wenwold
Egtree Egtree
Stainby Stainby
Shaftbage Shaftbage
Staplake Staplake
Ashbourne Ashbourne
Wenbeck Wenbeck
Wychbeck Wychbeck
Cookford Cookford
Sudtree Sudtree
Farnsmith Farnsmith
Wychnell Wychnell
Flitgrove Flitgrove
Pemlow Pemlow
Edgey Edgey
Burbourne Burbourne
Wetwick Wetwick
