Chelmbourne Whitavon Chelmbourne Casney Hornley Cookton Southmere Stainside Barnsmith Elgrove Chelmbourne Edgwich Whitover Stainside Barnsmith Flitham Enbage Wenborough Bromgrove Hartbage Hartgrove Shaftwich Chelmbourne Waltwood Kingsley Flitham Shrivlow Casney Chelmbourne Waltbrook Penling Staflow Cleredon Edgchester Horncester Alfwell Hornbeck Prestdon Hornbeck Alfwell Aldhall Alfwell Marlton Stapmoor Stapthorne Stainhall Enlow Alfditch Bursted Edgchester Wenwang Stapthorne Stapmoor Kingssted Casford Melborne Egcastle Rocktree Stapmoor Prestey Sudwich Prestey Enbage Clerethorne Elside Southstoke Hurstworth Rocktree Cookbridge Alfby Leatherlow Alfby Leatherlake Hartgrove Hartbage Bracklow Southstoke Alfwell Southstoke Elside Alfby Kingsley Waltwood Sodside Brainbridge Stapwell Staintree Egborne Casney Hornley Pemwold Melborne Sudworth Wenwang Rocktree Whitborough Whitavon Nortcastle Cleredon Hornley Durditch Barnham Kingsbrook Wenden Elgrove Staintree Edgwich Kingsley Hornford Horndown Hornford Hornney Brainbridge Sodside Wyhead Egborne Cookton Enlow Sudwich Edglow Dartsted Sudgrove Southmere Stainside Southmere Stainhall Stapthorne Stapmoor Barnham Sodside Pemwood Wetborne Edgchester Bromgrove Clerethorne Barnside Egwood Edglow Shrivside Marlton Stapwold Chelmbourne
59
Hornley Hornley
Pemwold Pemwold
Dartsted Dartsted
Bracklow Bracklow
Sudwich Sudwich
Stapmoor Stapmoor
Kingsley Kingsley
Stapwell Stapwell
Sudworth Sudworth
Shaftwich Shaftwich
Aldhall Aldhall
Alfwell Alfwell
Wenden Wenden
Edgchester Edgchester
Enlow Enlow
Wenborough Wenborough
Southmere Southmere
Waltbrook Waltbrook
Whitover Whitover
Marlton Marlton
Stapthorne Stapthorne
Egborne Egborne
Cleredon Cleredon
Stainside Stainside
Hartbage Hartbage
Wenwang Wenwang
Pemwood Pemwood
Prestey Prestey
Barnham Barnham
Casford Casford
Leatherlake Leatherlake
Whitborough Whitborough
Prestdon Prestdon
Hurstworth Hurstworth
Stainhall Stainhall
Elside Elside
Enbage Enbage
Whitavon Whitavon
Shrivlow Shrivlow
Bursted Bursted
Rocktree Rocktree
Sodside Sodside
Staintree Staintree
Flitham Flitham
Durditch Durditch
Shrivside Shrivside
Wyhead Wyhead
Barnside Barnside
Edgwich Edgwich
Horndown Horndown
Horncester Horncester
Staflow Staflow
Brainbridge Brainbridge
Egcastle Egcastle
Alfby Alfby
Elgrove Elgrove
Leatherlow Leatherlow
Cookton Cookton
Cookbridge Cookbridge
