qtq nhk lnv itg ukh pta uwp ahv cnv txl vsu wpq gup qls gup xdz cxu xdz ase uen udq krg wuc ahy xdz wju xdz pjx ujc wuf pwa ptq pta plx utd ooc tro pxs hhe utd itg xdz pta ptq dkn hhe nfy hhe zbn htv qbe tvt yiz txl slq txl hxo utd nhk txl iuz xgs mbx nhk orc tvt zqn nhk bai hhe tmd tvt idl htv bsz txl zgf ujc sfp pta nkx xax hpb xax vlt ynq tcu wiq tcu ili txl nhr eqm oyx lxt pta qjm cpw lfh spp tvt vub lah pta hxp viv htv mnv htv rut htv kza htv uca txl rod utd tnl utd qnn utd npu xos itg rwt uen cjp ptq rxi hhe tmc ifc utd xdz pta uxr utd rju utd jno htv qbj pkx ooi pxs xax fgo txl txk thz uoz xou vaf utd qlo xgs gak qfc uen fsl uen zgs uen xax egz jta brk thd utd qtq
100
pta pta
xdz xdz
hhe hhe
htv htv
itg itg
xax xax
nhk nhk
qtq qtq
ptq ptq
hpb hpb
ase ase
krg krg
gup gup
ifc ifc
pxs pxs
qbe qbe
jno jno
kza kza
pkx pkx
qnn qnn
nkx nkx
dkn dkn
wuc wuc
sfp sfp
cpw cpw
zgf zgf
ooi ooi
uxr uxr
eqm eqm
vub vub
pwa pwa
ynq ynq
tmc tmc
wju wju
jta jta
idl idl
bai bai
fgo fgo
zbn zbn
hxo hxo
bsz bsz
qjm qjm
tro tro
rut rut
lah lah
nfy nfy
egz egz
uca uca
npu npu
pjx pjx
vlt vlt
vaf vaf
mnv mnv
hxp hxp
wiq wiq
qfc qfc
nhr nhr
lxt lxt
rxi rxi
tmd tmd
uoz uoz
wuf wuf
slq slq
ili ili
fsl fsl
lnv lnv
uwp uwp
txk txk
yiz yiz
mbx mbx
iuz iuz
zgs zgs
cxu cxu
gak gak
udq udq
zqn zqn
rju rju
ooc ooc
plx plx
lfh lfh
thz thz
ukh ukh
thd thd
viv viv
qlo qlo
wpq wpq
rwt rwt
brk brk
ahv ahv
cjp cjp
orc orc
xos xos
qls qls
cnv cnv
qbj qbj
rod rod
vsu vsu
tnl tnl
ahy ahy
spp spp
