Soda Bataan Bowditch Fresno Haste Cowper Vermont Anne Browning Garber Bristol Marin High Blake Mabel Center Haviland Fernwald Terrace Forest Ajax Forest Anne Fulton Colusa Comstock Burnett Hospital Heinz Bret Arch Pardee Arch Indian Menlo Addison Shasta Allston Florida Fresno Belrose Fresno Columbia Muir Arch Anne Arch Keeler Haskell Martin Bowditch Blake Kenilworth Bristol Allston Byron Addison Breakwater Overlook Breakwater Bancroft Cutter Hospital Summit Blake Domingo Arcade Byron Eunice Lewiston Edith Olympus Greenwood Heinz Bancroft Madera Comstock Blake Poplar Spring Haskell Poppy Soda
50
Addison Addison
Ajax Ajax
Allston Allston
Anne Anne
Arch Arch
Bancroft Bancroft
Bataan Bataan
Belrose Belrose
Bowditch Bowditch
Bret Bret
Bristol Bristol
Browning Browning
Burnett Burnett
Byron Byron
Columbia Columbia
Colusa Colusa
Comstock Comstock
Cutter Cutter
Domingo Domingo
Edith Edith
Eunice Eunice
Florida Florida
Forest Forest
Fresno Fresno
Fulton Fulton
Greenwood Greenwood
Haskell Haskell
Haste Haste
Haviland Haviland
Heinz Heinz
High High
Hospital Hospital
Keeler Keeler
Kenilworth Kenilworth
Lewiston Lewiston
Mabel Mabel
Madera Madera
Marin Marin
Martin Martin
Menlo Menlo
Muir Muir
Overlook Overlook
Pardee Pardee
Poplar Poplar
Poppy Poppy
Shasta Shasta
Spring Spring
Summit Summit
Terrace Terrace
Vermont Vermont
