FD DM BE AA DK FO EG GS GF CI AH GZ AE DB HP ET AJ EM AF DC HF DF FP GA AA GQ AI EL AE BQ HR AE FM AB CS DQ AG EK AA EZ DN AA FV EN AE FJ HH GK AA GO AA FU AA BM BN AF EW GD AA AV AM AV FR ER AJ GP DE AU AC CB BO AP DU CK CG AW BG AI HO AA BC AI BT AI EE AF AL GN AO BK AB EJ AB CW AT GC AC CO AC EO GR AD DH AI FY AF HC CF BF AF EY AD BZ AD CC AM BA AF DA GX AE FN AF AJ AF CT AM CL AB HB AB ES AA FS AT EX FI FT AK AB AG BV AD DP CA AJ DI AG DZ AD AZ AX AB AW AG CU AO HD AC FD
100
AD AD
AF AF
AG AG
AJ AJ
AK AK
AM AM
AT AT
AU AU
AV AV
AW AW
AX AX
AZ AZ
BA BA
BC BC
BE BE
BF BF
BG BG
BK BK
BM BM
BN BN
BO BO
BQ BQ
BT BT
BV BV
BZ BZ
CA CA
CB CB
CC CC
CF CF
CG CG
CI CI
CK CK
CL CL
CO CO
CS CS
CT CT
CU CU
CW CW
DA DA
DB DB
DC DC
DE DE
DF DF
DH DH
DI DI
DK DK
DM DM
DN DN
DP DP
DQ DQ
DU DU
DZ DZ
EE EE
EG EG
EJ EJ
EK EK
EL EL
EM EM
EN EN
EO EO
ER ER
ES ES
ET ET
EW EW
EX EX
EY EY
EZ EZ
FI FI
FJ FJ
FM FM
FN FN
FO FO
FP FP
FR FR
FS FS
FT FT
FU FU
FV FV
FY FY
GA GA
GC GC
GD GD
GF GF
GK GK
GN GN
GO GO
GP GP
GQ GQ
GR GR
GS GS
GX GX
GZ GZ
HB HB
HC HC
HD HD
HF HF
HH HH
HO HO
HP HP
HR HR
