AZ AC CD AL CT AB DD BS DT AG DO AC BO AH CJ BU AA AH AV AB BD BI AA AN AE DC DV CR CZ BE AD AF AC AS AE AI AE BJ AA BK AM AO AB DQ BQ AH BL AQ AJ AN BW CO AR AX CP DL CC AF CG AU CN AA BX AH CV DE AB DM AB CY AB CL AI CK BP DB AZ
50
AA AA
AE AE
AF AF
AH AH
AI AI
AJ AJ
AL AL
AN AN
AO AO
AR AR
AS AS
AV AV
AX AX
BD BD
BE BE
BI BI
BJ BJ
BK BK
BL BL
BO BO
BP BP
BQ BQ
BS BS
BU BU
BW BW
BX BX
CC CC
CD CD
CG CG
CJ CJ
CK CK
CL CL
CN CN
CO CO
CP CP
CR CR
CT CT
CV CV
CY CY
CZ CZ
DB DB
DC DC
DD DD
DE DE
DL DL
DM DM
DO DO
DQ DQ
DT DT
DV DV
