186 174 177 0 17 190 74 30 136 49 196 14 107 188 134 194 29 22 2 97 162 79 0 5 0 67 71 128 4 172 198 1 35 108 0 150 143 104 89 19 90 70 61 86 45 0 195 140 168 138 0 183 11 32 33 121 1 144 156 157 178 186
51
128 128
2 2
5 5
134 134
136 136
138 138
11 11
140 140
14 14
143 143
144 144
17 17
19 19
150 150
22 22
156 156
157 157
30 30
29 29
32 32
33 33
162 162
35 35
168 168
172 172
45 45
174 174
49 49
178 178
177 177
183 183
188 188
61 61
190 190
194 194
195 195
67 67
196 196
198 198
70 70
71 71
74 74
79 79
86 86
89 89
90 90
97 97
104 104
107 107
108 108
121 121
