Warfield Ketsmith Pendingbrook Elmansham Skelling Hammerringey Chelmstanwell Pendingbrook Suddlecastle Elavon Soddlewick Whitchester Soddlewick Cannerthorne Todtree Cambingstoke Wyborne Cammerrensmoor Wyborne Cammerrensmoor Blandlebage Hamsling Soddlewick Falport Pendlewood Horstlescompstoke Bothingney Falport Cicombe Falport Botherseyworth Cambingstoke Todtree Cannerthorne Chedderrenswich Elmansham Pendingbrook Chiphead Elcompbridge Southbasport Chedberdon Northall Ciditch Stainbrough Worberbrook Stainbrough Siringwang Chedtree Burglebrough Sudsmith Suddleover Chedtree Burglebrough Chedtree Siringwang Leatherbleside Dribbingworth Bastleseyham Dribbingworth Worhall Suddleborne Ketport Ashfield Millendon Windling Dribblewick Skellingden Barndberbrough Burglebrough Tipwick Ashborne Hannenmanswick Ashfield Suddlecombe Chippingsted Suddlecombe Ellingreham Suddlecombe Basringney Warfield Chilbury Brackcompwang Chilbury Warfield
50
Barndberbrough Barndberbrough
Suddlecastle Suddlecastle
Chedtree Chedtree
Ashfield Ashfield
Suddleborne Suddleborne
Soddlewick Soddlewick
Chippingsted Chippingsted
Ellingreham Ellingreham
Burglebrough Burglebrough
Suddleover Suddleover
Elmansham Elmansham
Worberbrook Worberbrook
Whitchester Whitchester
Warfield Warfield
Chilbury Chilbury
Cambingstoke Cambingstoke
Ketport Ketport
Windling Windling
Leatherbleside Leatherbleside
Cammerrensmoor Cammerrensmoor
Botherseyworth Botherseyworth
Tipwick Tipwick
Chelmstanwell Chelmstanwell
Horstlescompstoke Horstlescompstoke
Pendlewood Pendlewood
Pendingbrook Pendingbrook
Hannenmanswick Hannenmanswick
Chiphead Chiphead
Cicombe Cicombe
Skellingden Skellingden
Brackcompwang Brackcompwang
Dribbingworth Dribbingworth
Stainbrough Stainbrough
Todtree Todtree
Bastleseyham Bastleseyham
Chedderrenswich Chedderrenswich
Hammerringey Hammerringey
Ashborne Ashborne
Falport Falport
Southbasport Southbasport
Wyborne Wyborne
Worhall Worhall
Siringwang Siringwang
Hamsling Hamsling
Northall Northall
Millendon Millendon
Sudsmith Sudsmith
Basringney Basringney
Suddlecombe Suddlecombe
Skelling Skelling
