Hamsbourne Chipfield Cammercastle Chipfield Hamperrehampton Prestbourne Sunderborough Rotmerby Sunderborough Ciley Sunderborough Prestbourne Chilringfield Egginglow Sodderrenshead Leatherblesley Botherstanport Wolvencester Botherstanport Leatherblesley Enderton Leatherblesley Camswich Cimansbrough Wendleslake Boothenrensborough Candlesdon Boothenrensborough Wendleslake Stafdenbourne Chipsted Hartlow Rocklow Dribstoke Endbeck Melshot Endbeck Dribstoke Enderton Camhampton Hartberbury Camhampton Shaftthorne Sudbage Skelgrove Warrewick Skelgrove Rocklow Skelgrove Sundlechester Hamsbourne
25
Enderton Enderton
Sundlechester Sundlechester
Hartberbury Hartberbury
Chipfield Chipfield
Hamperrehampton Hamperrehampton
Leatherblesley Leatherblesley
Candlesdon Candlesdon
Warrewick Warrewick
Melshot Melshot
Sodderrenshead Sodderrenshead
Camhampton Camhampton
Cammercastle Cammercastle
Shaftthorne Shaftthorne
Camswich Camswich
Ciley Ciley
Rocklow Rocklow
Sunderborough Sunderborough
Chipsted Chipsted
Boothenrensborough Boothenrensborough
Sudbage Sudbage
Chilringfield Chilringfield
Prestbourne Prestbourne
Cimansbrough Cimansbrough
Wolvencester Wolvencester
Rotmerby Rotmerby
