Whitgrove Sodberling Bromstanham Sodberling Bursmith Chelmdenmoor Ketnell Sundcompney Tippendham Emmerley Hamwold Blansbrook Redwich Sundlethorne Endleberey Reddingtree Hampingworth Casbrook Toddenmerbrough Endingnell Toddenmerbrough Siavon Bothenton Dribberham Worford Reddendeney Alfmere Leatherport Falworth Whitringlake Sodport Durbrook Wychchester Waltbeck Cannerthorne Elside Wetsmith Nortwell Faldenhall Enderbeck Maidendstoke Boothingmanstree Ketchester Hamsborough Tipstoke Worrenberwang Stapbrough Egbeck Skellenshot Wychcompwold Rotcester Staplow Ketchester Wenton Marlbrook Toddenmoor Aldtree Worrenberwang Bothenhall Rothendcombe Bastlebury Rothendcombe Wychditch Abglewold Botenbrook Hampingworth Basditch Burblemansbage Farndlesover Burblemansbage Egsted Wethampton Egton Shaftwick Dribblecombe Botbeck Wycastle Botbeck Abcester Sifield Sundcompney Clereennell Sundcompney Bootwick Tippingbage Watchlake Faldenhall Nortwell Todhampton Nortwell Marlcester Horsnell Candleswick Skelberden Skellingover Maidendstoke Prestwick Maidendstoke Durbrook Bromssmith Horstleover Toddenmerbrough Siavon Horsnell Candleswick Ciringnell Stapby Tippenbrook Marlbeck Faldenhall Rothingcombe Milthorne Horsmere Redwich Farnditch Ribberrenston Southmere Ribberrenston Shaftborough Hannersmith Worhall Reddendeney Worhall Siey Redcombe Hampingcastle Eley Reddingtree Redwich Penby Falderseythorne Fullencester Dartden Watchlake Wolley Endlenell Melwood Suddenmoor Egmerhampton Suddenmoor Staincombe Stapbrook Wetwick Ketnell Toddenmoor Abgleham Wethampton Cihead Skellenshot Rotherlow Wendleringdown Sirenshall Hampingbascombe Hamsborough Southbury Emmerley Bastlebury Rothead Ellerbridge Suddingover Botwick Botbeck Whitringlake Sundendford Chedworth Cookfield Whitgrove
100
Hampingworth Hampingworth
Staplow Staplow
Wetsmith Wetsmith
Horsnell Horsnell
Boothingmanstree Boothingmanstree
Bastlebury Bastlebury
Sodport Sodport
Sirenshall Sirenshall
Alfmere Alfmere
Emmerley Emmerley
Skellenshot Skellenshot
Prestwick Prestwick
Worhall Worhall
Rothendcombe Rothendcombe
Nortwell Nortwell
Eley Eley
Wetwick Wetwick
Worrenberwang Worrenberwang
Sifield Sifield
Blansbrook Blansbrook
Bromstanham Bromstanham
Falworth Falworth
Abcester Abcester
Falderseythorne Falderseythorne
Leatherport Leatherport
Elside Elside
Tippenbrook Tippenbrook
Dartden Dartden
Durbrook Durbrook
Hampingcastle Hampingcastle
Dribblecombe Dribblecombe
Stapbrough Stapbrough
Chedworth Chedworth
Tippendham Tippendham
Watchlake Watchlake
Basditch Basditch
Egmerhampton Egmerhampton
Ketchester Ketchester
Tipstoke Tipstoke
Dribberham Dribberham
Whitgrove Whitgrove
Wycastle Wycastle
Rothingcombe Rothingcombe
Bothenhall Bothenhall
Reddendeney Reddendeney
Endleberey Endleberey
Candleswick Candleswick
Hamwold Hamwold
Sundlethorne Sundlethorne
Shaftborough Shaftborough
Whitringlake Whitringlake
Enderbeck Enderbeck
Penby Penby
Casbrook Casbrook
Siavon Siavon
Farnditch Farnditch
Cihead Cihead
Botbeck Botbeck
Abglewold Abglewold
Bootwick Bootwick
Southmere Southmere
Suddenmoor Suddenmoor
Milthorne Milthorne
Clereennell Clereennell
Egsted Egsted
Sundendford Sundendford
Ellerbridge Ellerbridge
Ribberrenston Ribberrenston
Wychchester Wychchester
Suddingover Suddingover
Cannerthorne Cannerthorne
Ketnell Ketnell
Worford Worford
Skellingover Skellingover
Southbury Southbury
Horstleover Horstleover
Abgleham Abgleham
Farndlesover Farndlesover
Wendleringdown Wendleringdown
Skelberden Skelberden
Waltbeck Waltbeck
Wolley Wolley
Hampingbascombe Hampingbascombe
Wethampton Wethampton
Bursmith Bursmith
Staincombe Staincombe
Siey Siey
Rotherlow Rotherlow
Melwood Melwood
Sodberling Sodberling
Bothenton Bothenton
Tippingbage Tippingbage
Marlcester Marlcester
Faldenhall Faldenhall
Toddenmoor Toddenmoor
Wychcompwold Wychcompwold
Marlbrook Marlbrook
Redcombe Redcombe
Endingnell Endingnell
Todhampton Todhampton
