0 14 98 32 87 7 47 11 48 90 3 93 74 34 12 42 26 89 56 66 2 78 64 15 71 72 12 13 2 75 47 11 4 10 86 68 35 38 79 80 24 9 99 9 84 50 81 29 16 11 95 2 63 51 3 20 83 1 41 1 30 22 39 12 62 1 59 8 54 71 60 33 2 7 15 10 4 1 36 28 32 3 68 22 0
50
1 1
2 2
3 3
4 4
7 7
10 10
11 11
12 12
13 13
16 16
20 20
22 22
24 24
30 30
32 32
33 33
34 34
35 35
36 36
39 39
41 41
42 42
47 47
48 48
50 50
51 51
54 54
56 56
59 59
60 60
62 62
63 63
64 64
71 71
72 72
74 74
75 75
79 79
80 80
81 81
83 83
84 84
86 86
87 87
89 89
90 90
93 93
95 95
98 98
99 99
