0 23 98 3 175 25 199 39 55 78 2 31 11 85 10 166 9 106 10 159 12 49 163 10 48 13 196 64 63 180 7 19 146 10 145 37 32 116 2 42 109 9 111 126 3 99 24 194 5 103 21 63 36 70 4 138 62 38 40 157 50 125 69 42 176 19 121 81 6 179 43 17 5 83 23 10 6 36 43 14 50 62 139 17 155 28 149 111 51 26 28 3 185 96 18 117 26 173 39 67 17 120 30 6 58 75 0 18 12 77 41 170 17 24 18 20 27 104 197 108 5 91 26 101 178 38 130 12 10 133 184 35 137 35 47 23 119 45 65 39 89 168 65 134 35 95 74 6 151 39 79 51 102 125 182 32 22 160 14 128 156 13 4 1 193 186 56 58 15 44 25 100 87 30 9 63 27 48 0
100
4 4
6 6
9 9
10 10
12 12
14 14
17 17
18 18
19 19
20 20
22 22
24 24
25 25
26 26
27 27
28 28
31 31
32 32
36 36
38 38
39 39
42 42
44 44
47 47
48 48
49 49
50 50
51 51
58 58
63 63
64 64
65 65
67 67
69 69
70 70
74 74
75 75
77 77
78 78
79 79
81 81
83 83
85 85
87 87
89 89
91 91
95 95
96 96
98 98
99 99
100 100
102 102
103 103
104 104
106 106
108 108
109 109
111 111
116 116
117 117
119 119
120 120
121 121
125 125
126 126
128 128
130 130
133 133
134 134
137 137
138 138
139 139
145 145
146 146
149 149
151 151
155 155
156 156
157 157
159 159
160 160
163 163
166 166
168 168
170 170
173 173
175 175
176 176
178 178
179 179
180 180
182 182
184 184
185 185
186 186
193 193
194 194
196 196
197 197
199 199
