SantaClarita Escondido Fayetteville Fontana Bellevue Wichita Omaha Allentown Omaha Ontario Boston Ontario LouisvilleJefferson LongBeach Hartford Miami Henderson Portland Visalia Sunnyvale Surprise WestValleyCity Washington RanchoCucamonga Brownsville Orlando Lafayette Milwaukee LosAngeles OklahomaCity StPetersburg Newark Alexandria Garland Worcester Fontana Scottsdale SiouxFalls Independence Glasses RanchoCucamonga NewportNews Beaumont Thornton Yonkers Thornton Midland FortWorth Huntsville Shreveport Victorville GardenGrove FortCollins Stamford SanDiego Paterson SanDiego Waco SanDiego StLouis Wichita LexingtonFa Frisco Pomona Stockton Indianapolis Austin PembrokePines Reno Concord Durham Carrollton SantaClarita
50
Yonkers Yonkers
Ontario Ontario
Midland Midland
Sunnyvale Sunnyvale
Boston Boston
Allentown Allentown
Stamford Stamford
Fayetteville Fayetteville
Bellevue Bellevue
LosAngeles LosAngeles
Indianapolis Indianapolis
Victorville Victorville
LexingtonFa LexingtonFa
Waco Waco
Visalia Visalia
NewportNews NewportNews
StPetersburg StPetersburg
PembrokePines PembrokePines
Omaha Omaha
SiouxFalls SiouxFalls
Garland Garland
Worcester Worcester
StLouis StLouis
Stockton Stockton
WestValleyCity WestValleyCity
Austin Austin
Pomona Pomona
Henderson Henderson
LongBeach LongBeach
Paterson Paterson
Lafayette Lafayette
Beaumont Beaumont
Concord Concord
Huntsville Huntsville
Shreveport Shreveport
Scottsdale Scottsdale
GardenGrove GardenGrove
Orlando Orlando
Newark Newark
Surprise Surprise
Carrollton Carrollton
LouisvilleJefferson LouisvilleJefferson
Brownsville Brownsville
Hartford Hartford
Alexandria Alexandria
Wichita Wichita
Independence Independence
OklahomaCity OklahomaCity
Washington Washington
RanchoCucamonga RanchoCucamonga
