Plano SantaClara Irving Amarillo Cary OklahomaCity Warren SanFrancisco Warren Sunnyvale Pasadena Sunnyvale Norman MorenoValley Montgomery Memphis Charleston Mesa OWO Chesapeake Wichita Waco Buffalo Hayward Denver Omaha Garland Providence Lincoln Pikachu Torrance Lancaster Torrance Akron Escondido Hollywood Glasses SanJose Killeen Allentown Stamford Kent Anaheim Elizabeth Pikachu JerseyCity Lafayette Huntsville PembrokePines Ontario Omaha Oxnard Atlanta Beaumont Vancouver Miami Vallejo LasVegas Joliet Mesquite Worcester Hartford Dallas Worcester Thornton Anchorage Salinas GardenGrove Frisco StLouis AnnArbor FortLauderdale Norfolk Reno LouisvilleJefferson Tulsa SantaAna SiouxFalls FortCollins SantaRosa Laredo McAllen ThousandOaks Tampa Portland GrandPrairie McAllen Portland Raleigh Pomona Spokane CorpusChristi SantaClarita Houston Glendale Denton Chicago SanAntonio NewHaven Davidson Charlotte Fremont Madison SanBernardino Knoxville Brownsville Corona Surprise Greensboro Surprise NewOrleans AugustaRichmond NewOrleans Mobile HuntingtonBeach SimiValley Irvine LittleRock Irvine Olathe Miami Cincinnati Olathe Hampton Tallahassee Riverside Rockford Plano
100
Vancouver Vancouver
Sunnyvale Sunnyvale
LittleRock LittleRock
Mobile Mobile
AugustaRichmond AugustaRichmond
SanJose SanJose
FortLauderdale FortLauderdale
Pomona Pomona
Garland Garland
SantaClarita SantaClarita
SiouxFalls SiouxFalls
Mesquite Mesquite
Rockford Rockford
StLouis StLouis
GrandPrairie GrandPrairie
Oxnard Oxnard
Irving Irving
Norman Norman
Anchorage Anchorage
JerseyCity JerseyCity
GardenGrove GardenGrove
Allentown Allentown
Laredo Laredo
Olathe Olathe
SanFrancisco SanFrancisco
Tulsa Tulsa
Davidson Davidson
Montgomery Montgomery
Greensboro Greensboro
Portland Portland
OklahomaCity OklahomaCity
Charleston Charleston
SimiValley SimiValley
CorpusChristi CorpusChristi
Corona Corona
Cary Cary
Stamford Stamford
Denver Denver
Escondido Escondido
Ontario Ontario
Lincoln Lincoln
Anaheim Anaheim
OWO OWO
Vallejo Vallejo
Hayward Hayward
Dallas Dallas
Chicago Chicago
Huntsville Huntsville
Wichita Wichita
Akron Akron
Denton Denton
Cincinnati Cincinnati
Brownsville Brownsville
Glendale Glendale
Waco Waco
Madison Madison
Hartford Hartford
Atlanta Atlanta
Killeen Killeen
Lancaster Lancaster
Thornton Thornton
Beaumont Beaumont
Hampton Hampton
ThousandOaks ThousandOaks
Torrance Torrance
NewOrleans NewOrleans
Surprise Surprise
Norfolk Norfolk
LouisvilleJefferson LouisvilleJefferson
Warren Warren
Memphis Memphis
Hollywood Hollywood
Riverside Riverside
Raleigh Raleigh
Irvine Irvine
McAllen McAllen
Pikachu Pikachu
LasVegas LasVegas
Worcester Worcester
Glasses Glasses
Tampa Tampa
MorenoValley MorenoValley
Omaha Omaha
FortCollins FortCollins
Knoxville Knoxville
SantaClara SantaClara
AnnArbor AnnArbor
Mesa Mesa
Houston Houston
Miami Miami
SanBernardino SanBernardino
NewHaven NewHaven
Elizabeth Elizabeth
Pasadena Pasadena
Salinas Salinas
Fremont Fremont
Lafayette Lafayette
HuntingtonBeach HuntingtonBeach
SantaRosa SantaRosa
SanAntonio SanAntonio
