Waco SanAntonio MorenoValley OverlandPark Newark Lincoln Detroit SaltLakeCity Rochester Oski ChulaVista SantaClara Irving SaltLakeCity AnnArbor Palmdale Omaha Palmdale Clarksville Stamford Cary Stamford SanBernardino Victorville StPaul Victorville FortCollins Palmdale FortWayne Palmdale LexingtonFa OWO AthensClarkeCounty SanFrancisco Richmond SanFrancisco Richmond Aurora SterlingHeights OverlandPark Waco
25
Clarksville Clarksville
Cary Cary
AnnArbor AnnArbor
Richmond Richmond
FortWayne FortWayne
StPaul StPaul
SanAntonio SanAntonio
Rochester Rochester
FortCollins FortCollins
AthensClarkeCounty AthensClarkeCounty
LexingtonFa LexingtonFa
ChulaVista ChulaVista
Irving Irving
Newark Newark
Detroit Detroit
OWO OWO
SterlingHeights SterlingHeights
SanBernardino SanBernardino
MorenoValley MorenoValley
Omaha Omaha
SanFrancisco SanFrancisco
Stamford Stamford
SaltLakeCity SaltLakeCity
Lincoln Lincoln
Palmdale Palmdale
