0 156 23 22 80 26 31 69 62 80 154 27 3 29 157 35 133 35 24 31 24 48 4 9 130 9 103 9 4 48 141 194 100 151 51 61 18 178 33 121 183 73 166 108 20 19 78 177 78 52 57 68 3 96 37 153 111 164 122 101 37 8 160 115 107 155 128 81 30 59 199 13 14 122 42 165 116 190 47 89 47 27 158 62 173 21 143 72 28 94 70 9 13 28 187 66 57 50 6 15 44 114 17 184 72 78 13 102 13 197 82 71 146 163 1 22 98 96 17 94 119 174 46 2 177 182 65 5 83 5 65 7 138 11 193 0 56 39 40 125 25 152 129 137 11 154 159 43 13 140 134 172 67 51 151 31 86 74 38 131 93 131 84 99 120 167 16 15 0
100
0 0
1 1
2 2
3 3
4 4
5 5
8 8
9 9
11 11
13 13
14 14
15 15
16 16
17 17
18 18
20 20
21 21
22 22
23 23
24 24
26 26
27 27
28 28
31 31
33 33
35 35
38 38
39 39
42 42
43 43
47 47
50 50
51 51
52 52
56 56
59 59
65 65
66 66
67 67
68 68
69 69
70 70
71 71
72 72
74 74
78 78
80 80
81 81
83 83
84 84
86 86
89 89
93 93
94 94
96 96
98 98
100 100
101 101
102 102
103 103
107 107
111 111
114 114
115 115
116 116
120 120
125 125
128 128
129 129
130 130
133 133
134 134
137 137
138 138
141 141
143 143
146 146
151 151
152 152
153 153
154 154
157 157
158 158
159 159
160 160
164 164
166 166
167 167
172 172
173 173
174 174
177 177
182 182
183 183
184 184
187 187
190 190
193 193
197 197
199 199
