vLeODpVlYSBeYNDYoXha biqCAetglYuANrTRzMiX pdXCnKagnvEntNTuPHdK CPszTohYUHARNedzFlDK AdXveYSBaneNwCQzrdSw TwgqMzgExFHTIfcwfBnr wRjMmrpRuknxqunJrMAE DqUxIMslnixWfmkjQTmS TqyFrXuGvuBuqnpYbjKc DqUxIMslnixWfmkjQTmS ajvbaFpYiEBJySPsSLaI ROtRYAvFkNWuCvofIroy MlwlINEFqmyzZNPXRLJF zxeoSbTqbWPpSzalAtBI pdXCnKagnvEntNTuPHdK UAwuKFcUHFyvaFCTLpOT FcEsyaTmqpoyvbDrHjlc UAwuKFcUHFyvaFCTLpOT BXzACdzjLITNgbmDPlEu UAwuKFcUHFyvaFCTLpOT gzxzakmqbxbsOczuQVLG gEufXNuuWhnlbNYaoQFJ gzxzakmqbxbsOczuQVLG gIttwvzcgONwFblnGIqq NciLXNPTvMoXdbTDZmlg QkAjrUUuVdzSMnlfJLcO FEqXJcVrZfnSsHEUPhnl ASXwCgVTXDdhSXJwFovC FEqXJcVrZfnSsHEUPhnl WCCOEUYmDvzZlrkDAqoi xQaDpDGAXhDYzSMnMWvb FEqXJcVrZfnSsHEUPhnl jwIBHKkXHTPVsOJwBOsr VhDSPHxolLkNxxDnpUyx QVieqcaFouOCsTOizGRp fvEcAuRDdfuHEPLNpaTz fHcdXnOxSadpKeCUwNYm fvEcAuRDdfuHEPLNpaTz ROtRYAvFkNWuCvofIroy jzQJaGLLiuQLhhyqBagr iDucfyZGMCbCQbXjbQqM CfkBzkPETvagyIDCsLTD iDucfyZGMCbCQbXjbQqM jzQJaGLLiuQLhhyqBagr ROtRYAvFkNWuCvofIroy fvEcAuRDdfuHEPLNpaTz sXfgLMwoysnMazVSWnhc fvEcAuRDdfuHEPLNpaTz ROtRYAvFkNWuCvofIroy ajvbaFpYiEBJySPsSLaI fToHwimUqLsKcKLZHiUX ajvbaFpYiEBJySPsSLaI DqUxIMslnixWfmkjQTmS wRjMmrpRuknxqunJrMAE iBjjCWwkYToOKfrrLnny wRjMmrpRuknxqunJrMAE TwgqMzgExFHTIfcwfBnr cZgmtoPGHxdozTaDMiyf TwgqMzgExFHTIfcwfBnr AdXveYSBaneNwCQzrdSw ruLqpYqEzGGiKysvsarb AdXveYSBaneNwCQzrdSw CPszTohYUHARNedzFlDK OVoYVQPnlYoZBBKtyuLk WWpSpmTaSazKGIcNlBvp ruLqpYqEzGGiKysvsarb ybrQlUhznqOhsvndWAbl KuGXgytUHIMvMchrWVDH YJpjmpLOeONNJgdsCXHN dyUDfEGgAoSshTRjMZZg klkbOWCZrzPBFVDxhNbj fPxvnMVMFwhJbNBURdgD vGdJmIpYPUGRspXiVLdc sBkAYRISjTYinLFSNcKW vGdJmIpYPUGRspXiVLdc fPxvnMVMFwhJbNBURdgD vGdJmIpYPUGRspXiVLdc UgFPXEAdAfcfHGIbNTsq gMqbbwopmbxmOomqZjfm CmbFyJmcvVqyCmJgQxeI NciLXNPTvMoXdbTDZmlg pXmHARurXTsCnWboCjaq fvEcAuRDdfuHEPLNpaTz QVieqcaFouOCsTOizGRp iBYHAWUhqeQPjphQzpdN mevvwcZLudaokctOWvKe VhDSPHxolLkNxxDnpUyx PLDOWRIeaCSVLMyDadzC PSVkjNlrWHpVSTVIEkGG mlipOrSnGcxXtoXBbRyl NVEtShKeuxpaFIOiyVqE mlipOrSnGcxXtoXBbRyl JfHUEGGyknWmebdthZai QQSjCkgLAWAPObYQvNsB UAwuKFcUHFyvaFCTLpOT BXzACdzjLITNgbmDPlEu aCucdhmWbhlrgfstQigR ZbyHJLmoTqNpTnlUVJZC tVzUgXVoBYxBMnkkwFmk ZbyHJLmoTqNpTnlUVJZC gMqbbwopmbxmOomqZjfm gIttwvzcgONwFblnGIqq gzxzakmqbxbsOczuQVLG FqdjKgdpEanmCnmxJMFA ybrQlUhznqOhsvndWAbl NAHeKyyhAObyyUEUSkSU ybrQlUhznqOhsvndWAbl aWvnTxwRCeZSoCnPnhDt DWWCMAjZQQIEKOIiHFQN aWvnTxwRCeZSoCnPnhDt EWpsBSEfAOWAjikCpvhc qbmGewAditsWkTFHdxjP cvlwIwajcIlbhZbyFgmq qbmGewAditsWkTFHdxjP QQSjCkgLAWAPObYQvNsB RjKEHTlRvtaVBbyqZVAw QQSjCkgLAWAPObYQvNsB jwIBHKkXHTPVsOJwBOsr EWpsBSEfAOWAjikCpvhc vLeODpVlYSBeYNDYoXha uyPyJzKFqWxgSNmpkDrB vLeODpVlYSBeYNDYoXha
50
fvEcAuRDdfuHEPLNpaTz fvEcAuRDdfuHEPLNpaTz
ybrQlUhznqOhsvndWAbl ybrQlUhznqOhsvndWAbl
CfkBzkPETvagyIDCsLTD CfkBzkPETvagyIDCsLTD
QQSjCkgLAWAPObYQvNsB QQSjCkgLAWAPObYQvNsB
AdXveYSBaneNwCQzrdSw AdXveYSBaneNwCQzrdSw
gzxzakmqbxbsOczuQVLG gzxzakmqbxbsOczuQVLG
VhDSPHxolLkNxxDnpUyx VhDSPHxolLkNxxDnpUyx
zxeoSbTqbWPpSzalAtBI zxeoSbTqbWPpSzalAtBI
gEufXNuuWhnlbNYaoQFJ gEufXNuuWhnlbNYaoQFJ
xQaDpDGAXhDYzSMnMWvb xQaDpDGAXhDYzSMnMWvb
NVEtShKeuxpaFIOiyVqE NVEtShKeuxpaFIOiyVqE
RjKEHTlRvtaVBbyqZVAw RjKEHTlRvtaVBbyqZVAw
ASXwCgVTXDdhSXJwFovC ASXwCgVTXDdhSXJwFovC
QkAjrUUuVdzSMnlfJLcO QkAjrUUuVdzSMnlfJLcO
dyUDfEGgAoSshTRjMZZg dyUDfEGgAoSshTRjMZZg
TwgqMzgExFHTIfcwfBnr TwgqMzgExFHTIfcwfBnr
BXzACdzjLITNgbmDPlEu BXzACdzjLITNgbmDPlEu
cZgmtoPGHxdozTaDMiyf cZgmtoPGHxdozTaDMiyf
jzQJaGLLiuQLhhyqBagr jzQJaGLLiuQLhhyqBagr
fToHwimUqLsKcKLZHiUX fToHwimUqLsKcKLZHiUX
iDucfyZGMCbCQbXjbQqM iDucfyZGMCbCQbXjbQqM
mlipOrSnGcxXtoXBbRyl mlipOrSnGcxXtoXBbRyl
jwIBHKkXHTPVsOJwBOsr jwIBHKkXHTPVsOJwBOsr
pdXCnKagnvEntNTuPHdK pdXCnKagnvEntNTuPHdK
MlwlINEFqmyzZNPXRLJF MlwlINEFqmyzZNPXRLJF
ruLqpYqEzGGiKysvsarb ruLqpYqEzGGiKysvsarb
NciLXNPTvMoXdbTDZmlg NciLXNPTvMoXdbTDZmlg
PLDOWRIeaCSVLMyDadzC PLDOWRIeaCSVLMyDadzC
gIttwvzcgONwFblnGIqq gIttwvzcgONwFblnGIqq
DqUxIMslnixWfmkjQTmS DqUxIMslnixWfmkjQTmS
aCucdhmWbhlrgfstQigR aCucdhmWbhlrgfstQigR
NAHeKyyhAObyyUEUSkSU NAHeKyyhAObyyUEUSkSU
cvlwIwajcIlbhZbyFgmq cvlwIwajcIlbhZbyFgmq
iBYHAWUhqeQPjphQzpdN iBYHAWUhqeQPjphQzpdN
sBkAYRISjTYinLFSNcKW sBkAYRISjTYinLFSNcKW
fPxvnMVMFwhJbNBURdgD fPxvnMVMFwhJbNBURdgD
CPszTohYUHARNedzFlDK CPszTohYUHARNedzFlDK
iBjjCWwkYToOKfrrLnny iBjjCWwkYToOKfrrLnny
TqyFrXuGvuBuqnpYbjKc TqyFrXuGvuBuqnpYbjKc
sXfgLMwoysnMazVSWnhc sXfgLMwoysnMazVSWnhc
UgFPXEAdAfcfHGIbNTsq UgFPXEAdAfcfHGIbNTsq
FcEsyaTmqpoyvbDrHjlc FcEsyaTmqpoyvbDrHjlc
gMqbbwopmbxmOomqZjfm gMqbbwopmbxmOomqZjfm
fHcdXnOxSadpKeCUwNYm fHcdXnOxSadpKeCUwNYm
WCCOEUYmDvzZlrkDAqoi WCCOEUYmDvzZlrkDAqoi
OVoYVQPnlYoZBBKtyuLk OVoYVQPnlYoZBBKtyuLk
CmbFyJmcvVqyCmJgQxeI CmbFyJmcvVqyCmJgQxeI
uyPyJzKFqWxgSNmpkDrB uyPyJzKFqWxgSNmpkDrB
tVzUgXVoBYxBMnkkwFmk tVzUgXVoBYxBMnkkwFmk
DWWCMAjZQQIEKOIiHFQN DWWCMAjZQQIEKOIiHFQN
