wNqlpYNsRbJEgiGpKxrU jwjTVkTZQzfvrCAtqcyG mgNeYYUOPKpLeiVEFIXd kwPuYZgJgVVJfdBGUtPw ktVPibAaeaNHuNYSLNYb DZEpVGVXkxHljziwItaS pGEDfjoOOYfHsrRVgAyF NPSPGRTNRcKKVpsBRSwh jJoPwgjECBISoLymscXc lSJjEsqamUCgRZdCmdyI zXRivKrJPjQVqVwiULGz KcrnMnFDTrBKaUaGpdLY fpoTaBKmVdlDCxFwCFoz FWnudSYFvYQJHehOpEKf fpoTaBKmVdlDCxFwCFoz wlySPverjehsBxldyigf pzrGQEObzJGPnfATEYDc xgBrJmdXVwtxgRuCBhMe gqsFUfkkQrlyYYdSXwmt clwzkzJtguIMBwKiZUKh lIpVoDPUIfHCPpjswogJ cwgJAHVpCCTmuckJkncL lIpVoDPUIfHCPpjswogJ lbWonvEbeplndKguSTkk qfRRtdRbhYJBARMfPlZM scpUkbcaYSAsHhSktebT EEeDJaHeajXXlwYcHTeJ juzxSpUVuccJUMBOcJjO ANDviqMIuFwdcboQDprt QyXpliHSeQOPIsurIcpa DpztIuGTRpGuLsdlODJw lSJjEsqamUCgRZdCmdyI aGPbLNWYAMujnfHCTCMo HeWrJOKsDjgdrcamgZLN szyiMlKhtyOynWjcoMsm CvZkdIYtdeDHtwufupie syonLisTOSczosCwoILE jznspKyqlmxZtgfQUJVB RlHeRhvUOhGhZVGGJuED eiLPqIroFfCGzqSAlzAp ccdJRKiTXwIErdhSIxfh HeWrJOKsDjgdrcamgZLN zHPSSEtFTQIbLYMdHqgP SitzoubgYFeTjmkLjVPz wlySPverjehsBxldyigf vIbIQYXZnmYrooTLYNtu EmbDgEECbkHbfAfHCgwB vIbIQYXZnmYrooTLYNtu hLaNXBYgTzgUhvjmqUTu GOKcLUIfVCLsdfLjyASo yscsUFTNNyaVMKBztBdV EhDFVLWZueLOrdjEOzEQ aIuYyryCOUGVeCAqbqkg gcXUxTVUZWsOwtRNeDDa GMxGouyyndiUBMqMdOoc XvUPApTFkqaSSizYsCIr pfMSqTzbsucqewxTADAG aIuYyryCOUGVeCAqbqkg syonLisTOSczosCwoILE CvZkdIYtdeDHtwufupie QyXpliHSeQOPIsurIcpa eOfnBeTgmYCNEnRUhlEK ooYCPKWFEiMynFEjmadw SiOEBWtHUiopSvDVOkjb JvFxbsySBAiFiOUrzrBi NIJaJxCurulNUdZZMxFk erZKLqpCZsYKDnOCaBGq gFUGYXSirCYiFTivWNah SSDgxHQpSFRnlnnrMJNI ZauPfhkpsGmhbvkhkltR oKHxHZxgXgKSVZAEEVVZ wlySPverjehsBxldyigf oDgfEuAVpeOlkkTIMDLw zKnLSwRxFjUTCiXefWdG VIPPawblKbhOVWrmrWBx zKnLSwRxFjUTCiXefWdG bFmSeBrfNuxjYPUDCLYq jUSlIFtitQxyvVLJjiCc IvXQutSorlqOgnSVAIUd jUSlIFtitQxyvVLJjiCc scpUkbcaYSAsHhSktebT lSJjEsqamUCgRZdCmdyI aGPbLNWYAMujnfHCTCMo lDkJjVrhTHajmAwuwAQm imEmCMbYEtZJJkwxkSDD TEPaiCedHTXapLxoBXMp imEmCMbYEtZJJkwxkSDD bEfUXCTlwRBndElSbPGf FaWIqatYRYVcXfVhAFRN ZXihCBEQBTdisqSlEMsj CvZkdIYtdeDHtwufupie UIlSMnVKIdNiXZNSiHsI eobSFtKBbBdcVrTOREdK qfRRtdRbhYJBARMfPlZM lbWonvEbeplndKguSTkk igyeOiSdezmmXGTwMzLw lbWonvEbeplndKguSTkk shaRjZRSPDzVXmetmolj kyApsCeFkLoLFCdkazaE scpUkbcaYSAsHhSktebT lSJjEsqamUCgRZdCmdyI oZXYedlbtBLmkfoVmgta lbWonvEbeplndKguSTkk JRiiFgtNILayQegpqrXz vTbNxpVTEoFlSjvvVvfG JRiiFgtNILayQegpqrXz EmbDgEECbkHbfAfHCgwB NzDQJknJPDEkcwCHzzbF oZXYedlbtBLmkfoVmgta lSJjEsqamUCgRZdCmdyI scpUkbcaYSAsHhSktebT jUSlIFtitQxyvVLJjiCc bFmSeBrfNuxjYPUDCLYq vIbIQYXZnmYrooTLYNtu CbGuHgZfQMmSOfHDFJnK vIbIQYXZnmYrooTLYNtu fgzJCwocQniGlXAZHJId oSMuZCNCihNcfhhLdNwi gFUGYXSirCYiFTivWNah RlHeRhvUOhGhZVGGJuED gFUGYXSirCYiFTivWNah iVjkcMenotYGMFEBTvoa QePOUWiXcAUCoHETxuGS iVjkcMenotYGMFEBTvoa CWozbDsqFUhTlbxWhCmh cMYyKTXGNKnFzrpwnXUl wuSVWJYvpiWaQAHXocSG nCedHqGgdWAicwyuYWpg lIpVoDPUIfHCPpjswogJ QjbdwbUnopENkiNyqirZ qoaNjvaRghiMQXaVEoQe syonLisTOSczosCwoILE qoaNjvaRghiMQXaVEoQe joWAhkfNqIEECnBeulGl CjORCCuZldKDLWqSZTsZ juzxSpUVuccJUMBOcJjO ANDviqMIuFwdcboQDprt jeqqhISPyRIhGBNohHEu NJZlnWyeJFrkOwoqHKtT oZXYedlbtBLmkfoVmgta svUOWvTJLneAqJGnExpc oZXYedlbtBLmkfoVmgta NzDQJknJPDEkcwCHzzbF wvSJDoqoPGAkYgSuPFPw XvUPApTFkqaSSizYsCIr uUKZHvHmBrpBHjYWNaUL wfEFdNDcColoskjTjcLm uUKZHvHmBrpBHjYWNaUL XvUPApTFkqaSSizYsCIr GMxGouyyndiUBMqMdOoc UIlSMnVKIdNiXZNSiHsI yscsUFTNNyaVMKBztBdV NJZlnWyeJFrkOwoqHKtT shugRMnaHVqQSmKaNBgu efZntVbfQTvIUOiRNPSH FYfGkhtzhjqJHqxmUsVx zHPSSEtFTQIbLYMdHqgP pMOSpTzPTPLXHLOQMjnt oLMkSrYLQRLHmPiuLCTC umZXKcxkweEplHZdotgU QeYNNLpZMBxyiFbZMPFY zNRhhVdMWUgTnnqmAfeY cVMmKLyunrtKjZbHRVAg NYdfLxXxFVvLEbDKzXWn NIJaJxCurulNUdZZMxFk edlAtPQdNXJQPCIzpkyX wlySPverjehsBxldyigf pzrGQEObzJGPnfATEYDc NzDQJknJPDEkcwCHzzbF oHoxoLeyDYnKZDzgMtxI clwzkzJtguIMBwKiZUKh nreoVgWrBhNXFZgTBlXO UyqqHOBdNdTWOKriHQVt hLaNXBYgTzgUhvjmqUTu NjdqbLVqGQWIXWnBFpZZ oKAKfpUUuLItChLyByFh igyeOiSdezmmXGTwMzLw lbWonvEbeplndKguSTkk eOfnBeTgmYCNEnRUhlEK KcrnMnFDTrBKaUaGpdLY GOKcLUIfVCLsdfLjyASo kqcEdfKLaRzxOhAIzchh jznspKyqlmxZtgfQUJVB RlHeRhvUOhGhZVGGJuED WMWBpOSnHGywZjCgaYyY RlHeRhvUOhGhZVGGJuED jznspKyqlmxZtgfQUJVB UdSbtwxTqTJxOiUoxEqw msuaKihWIEeUaCCcyjIZ XtZHoAxqEyzvMChzPHpN CbGuHgZfQMmSOfHDFJnK MBJqOYmxhUYbldNVEdRy PZwTcKCPsEmpxetNZvef pMOSpTzPTPLXHLOQMjnt zHPSSEtFTQIbLYMdHqgP xlbpuxAjoVPJWPCWBEkJ zHPSSEtFTQIbLYMdHqgP pMOSpTzPTPLXHLOQMjnt XPPBMlNyfVVeZGIzTCEW yYaxxtTIkvUeyUpwOvuY shugRMnaHVqQSmKaNBgu lDkJjVrhTHajmAwuwAQm FGiPoAZuhTTxiAlzRDIV ADVVlRLpnspleRTgeTdu vPtcoCdDMvVYwOuvanRP svUOWvTJLneAqJGnExpc eiLPqIroFfCGzqSAlzAp RlHeRhvUOhGhZVGGJuED gFUGYXSirCYiFTivWNah ayQgUwyRuQVKeyFLPNbQ ZXihCBEQBTdisqSlEMsj FaWIqatYRYVcXfVhAFRN QePOUWiXcAUCoHETxuGS gDYKDrbERUXTnCayjBrC qDLPWLkWayzdxIYSKLER NtyLZDOaSczVvOGdocUp WoTuprXYItmuBoyNwAcV YTwycpmzEWCqqTELtzXc QPuWhldwxyxWvfAFawIx TOntbQDzHvMkxiKuanmw zNRhhVdMWUgTnnqmAfeY xlbpuxAjoVPJWPCWBEkJ eCBFrcppbiLzdGQubocl ZwvojvRdUOYNJXIwAqgC HAIYkMkIfhypoRlxuZoB NjdqbLVqGQWIXWnBFpZZ VIPPawblKbhOVWrmrWBx JVONrXhhmtFWhFfDiOXW scpUkbcaYSAsHhSktebT kyApsCeFkLoLFCdkazaE ihxEqMQIIvyQmtrtMjeO edlAtPQdNXJQPCIzpkyX qoaNjvaRghiMQXaVEoQe VRpSthoDcomqMDsGoVql yscsUFTNNyaVMKBztBdV UIlSMnVKIdNiXZNSiHsI CvZkdIYtdeDHtwufupie QyXpliHSeQOPIsurIcpa eOfnBeTgmYCNEnRUhlEK lbWonvEbeplndKguSTkk wNqlpYNsRbJEgiGpKxrU
100
mgNeYYUOPKpLeiVEFIXd mgNeYYUOPKpLeiVEFIXd
RlHeRhvUOhGhZVGGJuED RlHeRhvUOhGhZVGGJuED
QeYNNLpZMBxyiFbZMPFY QeYNNLpZMBxyiFbZMPFY
jznspKyqlmxZtgfQUJVB jznspKyqlmxZtgfQUJVB
bFmSeBrfNuxjYPUDCLYq bFmSeBrfNuxjYPUDCLYq
PZwTcKCPsEmpxetNZvef PZwTcKCPsEmpxetNZvef
eOfnBeTgmYCNEnRUhlEK eOfnBeTgmYCNEnRUhlEK
oZXYedlbtBLmkfoVmgta oZXYedlbtBLmkfoVmgta
WMWBpOSnHGywZjCgaYyY WMWBpOSnHGywZjCgaYyY
QePOUWiXcAUCoHETxuGS QePOUWiXcAUCoHETxuGS
aIuYyryCOUGVeCAqbqkg aIuYyryCOUGVeCAqbqkg
kqcEdfKLaRzxOhAIzchh kqcEdfKLaRzxOhAIzchh
SitzoubgYFeTjmkLjVPz SitzoubgYFeTjmkLjVPz
wlySPverjehsBxldyigf wlySPverjehsBxldyigf
hLaNXBYgTzgUhvjmqUTu hLaNXBYgTzgUhvjmqUTu
EhDFVLWZueLOrdjEOzEQ EhDFVLWZueLOrdjEOzEQ
GMxGouyyndiUBMqMdOoc GMxGouyyndiUBMqMdOoc
jUSlIFtitQxyvVLJjiCc jUSlIFtitQxyvVLJjiCc
ihxEqMQIIvyQmtrtMjeO ihxEqMQIIvyQmtrtMjeO
oKAKfpUUuLItChLyByFh oKAKfpUUuLItChLyByFh
ADVVlRLpnspleRTgeTdu ADVVlRLpnspleRTgeTdu
UdSbtwxTqTJxOiUoxEqw UdSbtwxTqTJxOiUoxEqw
scpUkbcaYSAsHhSktebT scpUkbcaYSAsHhSktebT
DZEpVGVXkxHljziwItaS DZEpVGVXkxHljziwItaS
JVONrXhhmtFWhFfDiOXW JVONrXhhmtFWhFfDiOXW
NzDQJknJPDEkcwCHzzbF NzDQJknJPDEkcwCHzzbF
xlbpuxAjoVPJWPCWBEkJ xlbpuxAjoVPJWPCWBEkJ
cMYyKTXGNKnFzrpwnXUl cMYyKTXGNKnFzrpwnXUl
pzrGQEObzJGPnfATEYDc pzrGQEObzJGPnfATEYDc
eobSFtKBbBdcVrTOREdK eobSFtKBbBdcVrTOREdK
eiLPqIroFfCGzqSAlzAp eiLPqIroFfCGzqSAlzAp
wuSVWJYvpiWaQAHXocSG wuSVWJYvpiWaQAHXocSG
syonLisTOSczosCwoILE syonLisTOSczosCwoILE
YTwycpmzEWCqqTELtzXc YTwycpmzEWCqqTELtzXc
wvSJDoqoPGAkYgSuPFPw wvSJDoqoPGAkYgSuPFPw
zNRhhVdMWUgTnnqmAfeY zNRhhVdMWUgTnnqmAfeY
xgBrJmdXVwtxgRuCBhMe xgBrJmdXVwtxgRuCBhMe
KcrnMnFDTrBKaUaGpdLY KcrnMnFDTrBKaUaGpdLY
ANDviqMIuFwdcboQDprt ANDviqMIuFwdcboQDprt
edlAtPQdNXJQPCIzpkyX edlAtPQdNXJQPCIzpkyX
lSJjEsqamUCgRZdCmdyI lSJjEsqamUCgRZdCmdyI
aGPbLNWYAMujnfHCTCMo aGPbLNWYAMujnfHCTCMo
fpoTaBKmVdlDCxFwCFoz fpoTaBKmVdlDCxFwCFoz
fgzJCwocQniGlXAZHJId fgzJCwocQniGlXAZHJId
XtZHoAxqEyzvMChzPHpN XtZHoAxqEyzvMChzPHpN
CvZkdIYtdeDHtwufupie CvZkdIYtdeDHtwufupie
zHPSSEtFTQIbLYMdHqgP zHPSSEtFTQIbLYMdHqgP
MBJqOYmxhUYbldNVEdRy MBJqOYmxhUYbldNVEdRy
ZauPfhkpsGmhbvkhkltR ZauPfhkpsGmhbvkhkltR
lbWonvEbeplndKguSTkk lbWonvEbeplndKguSTkk
pMOSpTzPTPLXHLOQMjnt pMOSpTzPTPLXHLOQMjnt
cwgJAHVpCCTmuckJkncL cwgJAHVpCCTmuckJkncL
NPSPGRTNRcKKVpsBRSwh NPSPGRTNRcKKVpsBRSwh
QyXpliHSeQOPIsurIcpa QyXpliHSeQOPIsurIcpa
shugRMnaHVqQSmKaNBgu shugRMnaHVqQSmKaNBgu
VIPPawblKbhOVWrmrWBx VIPPawblKbhOVWrmrWBx
TEPaiCedHTXapLxoBXMp TEPaiCedHTXapLxoBXMp
ZXihCBEQBTdisqSlEMsj ZXihCBEQBTdisqSlEMsj
IvXQutSorlqOgnSVAIUd IvXQutSorlqOgnSVAIUd
igyeOiSdezmmXGTwMzLw igyeOiSdezmmXGTwMzLw
gcXUxTVUZWsOwtRNeDDa gcXUxTVUZWsOwtRNeDDa
bEfUXCTlwRBndElSbPGf bEfUXCTlwRBndElSbPGf
vIbIQYXZnmYrooTLYNtu vIbIQYXZnmYrooTLYNtu
EmbDgEECbkHbfAfHCgwB EmbDgEECbkHbfAfHCgwB
wfEFdNDcColoskjTjcLm wfEFdNDcColoskjTjcLm
JvFxbsySBAiFiOUrzrBi JvFxbsySBAiFiOUrzrBi
NtyLZDOaSczVvOGdocUp NtyLZDOaSczVvOGdocUp
nCedHqGgdWAicwyuYWpg nCedHqGgdWAicwyuYWpg
juzxSpUVuccJUMBOcJjO juzxSpUVuccJUMBOcJjO
nreoVgWrBhNXFZgTBlXO nreoVgWrBhNXFZgTBlXO
ZwvojvRdUOYNJXIwAqgC ZwvojvRdUOYNJXIwAqgC
NJZlnWyeJFrkOwoqHKtT NJZlnWyeJFrkOwoqHKtT
ayQgUwyRuQVKeyFLPNbQ ayQgUwyRuQVKeyFLPNbQ
kwPuYZgJgVVJfdBGUtPw kwPuYZgJgVVJfdBGUtPw
yscsUFTNNyaVMKBztBdV yscsUFTNNyaVMKBztBdV
gDYKDrbERUXTnCayjBrC gDYKDrbERUXTnCayjBrC
XPPBMlNyfVVeZGIzTCEW XPPBMlNyfVVeZGIzTCEW
NIJaJxCurulNUdZZMxFk NIJaJxCurulNUdZZMxFk
UIlSMnVKIdNiXZNSiHsI UIlSMnVKIdNiXZNSiHsI
HeWrJOKsDjgdrcamgZLN HeWrJOKsDjgdrcamgZLN
QjbdwbUnopENkiNyqirZ QjbdwbUnopENkiNyqirZ
ccdJRKiTXwIErdhSIxfh ccdJRKiTXwIErdhSIxfh
qfRRtdRbhYJBARMfPlZM qfRRtdRbhYJBARMfPlZM
imEmCMbYEtZJJkwxkSDD imEmCMbYEtZJJkwxkSDD
EEeDJaHeajXXlwYcHTeJ EEeDJaHeajXXlwYcHTeJ
szyiMlKhtyOynWjcoMsm szyiMlKhtyOynWjcoMsm
CbGuHgZfQMmSOfHDFJnK CbGuHgZfQMmSOfHDFJnK
oLMkSrYLQRLHmPiuLCTC oLMkSrYLQRLHmPiuLCTC
FWnudSYFvYQJHehOpEKf FWnudSYFvYQJHehOpEKf
VRpSthoDcomqMDsGoVql VRpSthoDcomqMDsGoVql
vTbNxpVTEoFlSjvvVvfG vTbNxpVTEoFlSjvvVvfG
XvUPApTFkqaSSizYsCIr XvUPApTFkqaSSizYsCIr
DpztIuGTRpGuLsdlODJw DpztIuGTRpGuLsdlODJw
NYdfLxXxFVvLEbDKzXWn NYdfLxXxFVvLEbDKzXWn
joWAhkfNqIEECnBeulGl joWAhkfNqIEECnBeulGl
oHoxoLeyDYnKZDzgMtxI oHoxoLeyDYnKZDzgMtxI
efZntVbfQTvIUOiRNPSH efZntVbfQTvIUOiRNPSH
kyApsCeFkLoLFCdkazaE kyApsCeFkLoLFCdkazaE
svUOWvTJLneAqJGnExpc svUOWvTJLneAqJGnExpc
erZKLqpCZsYKDnOCaBGq erZKLqpCZsYKDnOCaBGq
