oUyBZvEHNPOWtAsHANHU eWGFHgdBASXJbxQbYrCG hNRcEeFjmsmOnuOdNAXl eqwycKZriorIAbsUBjxu MeohNnftDTzllMTGwxnG eqwycKZriorIAbsUBjxu tItiZloipgPmLuONrNnZ cAvnOxZJtanpVvcAxJHM tItiZloipgPmLuONrNnZ JKNUHFrXPStBWMuUOVkj QFaSXENOfunmdZIBqDsS UMfDYlvFlUVuogMRkWNG lPMfQyVLDIZczBuDgsVQ UMfDYlvFlUVuogMRkWNG QFaSXENOfunmdZIBqDsS eWVKeYegIFOJxvfRkjek OWCblOtQanZakRLMqMxz VVzvLIOwARaWwhQTKPrx eqwycKZriorIAbsUBjxu tItiZloipgPmLuONrNnZ ikjgYLaZRolSrbIYyKBd CXrruomvXfADUrHxMwZi ikjgYLaZRolSrbIYyKBd tItiZloipgPmLuONrNnZ eqwycKZriorIAbsUBjxu hNRcEeFjmsmOnuOdNAXl YIofCjSpfjMZYcwDVdpu CcspnGXfrmzZRWjdMjLd oMKDNkBacLxexXKHqXfF UcwddMmmNJxPoUiuiyvm UgaWwXBplvlUJzfeuZdN QMnEKXGwZYUlreveNjwA UgaWwXBplvlUJzfeuZdN hpQFeVriPZmwKZcYFAWN NBTlGJqSnWahMvuDlXAm rqqedkokePZFdhDbMNpX IUJDEWwYxhQimsCqnrFH rqqedkokePZFdhDbMNpX IuNNJvHSmYKpVBzmzuJX znYRMYifzQwyixuIXDnz DsLevMWgWFWOQXFMbaQy PojKKQvEDmFOnJinujFi CcspnGXfrmzZRWjdMjLd CCYBPFZgoOONzoEeTKzC CcspnGXfrmzZRWjdMjLd PojKKQvEDmFOnJinujFi hpQFeVriPZmwKZcYFAWN PojKKQvEDmFOnJinujFi hpQFeVriPZmwKZcYFAWN rqqedkokePZFdhDbMNpX IuNNJvHSmYKpVBzmzuJX fDAbzsYfiXDxOIsITcQl NVPacTSrBMpDkMBotiWB fDAbzsYfiXDxOIsITcQl IuNNJvHSmYKpVBzmzuJX znYRMYifzQwyixuIXDnz DsLevMWgWFWOQXFMbaQy gUlgGYCPZjsRiFLqnVun DsLevMWgWFWOQXFMbaQy PojKKQvEDmFOnJinujFi CcspnGXfrmzZRWjdMjLd XZRBuctXhYPbWardFSZS oUyBZvEHNPOWtAsHANHU
25
oUyBZvEHNPOWtAsHANHU oUyBZvEHNPOWtAsHANHU
PojKKQvEDmFOnJinujFi PojKKQvEDmFOnJinujFi
eqwycKZriorIAbsUBjxu eqwycKZriorIAbsUBjxu
hpQFeVriPZmwKZcYFAWN hpQFeVriPZmwKZcYFAWN
QMnEKXGwZYUlreveNjwA QMnEKXGwZYUlreveNjwA
NVPacTSrBMpDkMBotiWB NVPacTSrBMpDkMBotiWB
cAvnOxZJtanpVvcAxJHM cAvnOxZJtanpVvcAxJHM
OWCblOtQanZakRLMqMxz OWCblOtQanZakRLMqMxz
eWVKeYegIFOJxvfRkjek eWVKeYegIFOJxvfRkjek
hNRcEeFjmsmOnuOdNAXl hNRcEeFjmsmOnuOdNAXl
lPMfQyVLDIZczBuDgsVQ lPMfQyVLDIZczBuDgsVQ
CCYBPFZgoOONzoEeTKzC CCYBPFZgoOONzoEeTKzC
IuNNJvHSmYKpVBzmzuJX IuNNJvHSmYKpVBzmzuJX
eWGFHgdBASXJbxQbYrCG eWGFHgdBASXJbxQbYrCG
oMKDNkBacLxexXKHqXfF oMKDNkBacLxexXKHqXfF
CcspnGXfrmzZRWjdMjLd CcspnGXfrmzZRWjdMjLd
znYRMYifzQwyixuIXDnz znYRMYifzQwyixuIXDnz
IUJDEWwYxhQimsCqnrFH IUJDEWwYxhQimsCqnrFH
gUlgGYCPZjsRiFLqnVun gUlgGYCPZjsRiFLqnVun
JKNUHFrXPStBWMuUOVkj JKNUHFrXPStBWMuUOVkj
CXrruomvXfADUrHxMwZi CXrruomvXfADUrHxMwZi
UMfDYlvFlUVuogMRkWNG UMfDYlvFlUVuogMRkWNG
MeohNnftDTzllMTGwxnG MeohNnftDTzllMTGwxnG
VVzvLIOwARaWwhQTKPrx VVzvLIOwARaWwhQTKPrx
NBTlGJqSnWahMvuDlXAm NBTlGJqSnWahMvuDlXAm
