Soda rosen amanda krishnan vilaythong djajadi golden lo alvin patagonia shen sunny berit chloe winifred lewke tamara singhal connor castro garcia roshan juliann jarrett grace ritter sarina rabie garbers davis shah ashley meghan martinez noor sriram yip caroline daniel massachusetts ian rob walsh kevin ruhi danyal eshaan annie aidan andrew woolf Soda
50
woolf woolf
winifred winifred
danyal danyal
rosen rosen
garcia garcia
shen shen
amanda amanda
sunny sunny
lewke lewke
tamara tamara
jarrett jarrett
roshan roshan
annie annie
eshaan eshaan
ruhi ruhi
kevin kevin
massachusetts massachusetts
noor noor
martinez martinez
aidan aidan
lo lo
sriram sriram
rob rob
yip yip
alvin alvin
krishnan krishnan
andrew andrew
caroline caroline
daniel daniel
juliann juliann
golden golden
ian ian
rabie rabie
sarina sarina
walsh walsh
ritter ritter
ashley ashley
shah shah
grace grace
berit berit
chloe chloe
meghan meghan
castro castro
singhal singhal
connor connor
djajadi djajadi
vilaythong vilaythong
davis davis
garbers garbers
patagonia patagonia
