LesLilas AinBessem Aracuai AinBessem Kairouan Escada Pozzuoli Haripur Turek PriegodeCordoba Bury GongdanglegiKulon VillaPauladeSarmient KotRadhaKishan Mocoa NahiyatashShinafiyah SaintCyrlEcole Haora Yafo Vaniyambadi Yafo Anjarah Khulm Mabopane Hirosaki Kotka PortoVelho Battambang AinArnat Mandan Butuan Kaifeng Aringay Sobue Johnston Wenchi Sosnovka Daokou Sosnovka Shieli Malpe Itororo Shchekino Espiye Shchekino Wangon EastLongmeadow Gowurdak Hangu Rhondda Prostejov Magdeburg Grajau Zhaodong Arang Akcaabat Mauban WestIslip Embu FetestiGara ChalcodeDiazCovarrub BlueIsland MadinatHamad MineralnyeVody AshtonunderLyne Shchekino Angleton Braila Kambove MonteAlegre CapimGrosso SantanadoLivramento Korsakov Lloydminster GuaMusang Andrychow DrexelHill Nagar Fuxin Baramula Acireale Ontinyent Vyazniki Skelmersdale HaciendaLaCalera Tabou SenaMadureira Belalcazar Pezinok Kineshma SpanishTown Izhevsk Ibirataia Langenhorn FortWorth Skelmersdale SouthSaintPaul Kemise Shurugwi Manacapuru Oerlinghausen Sorada Gunzenhausen SenadorPompeu SanJuandelaMaguana NoblePark Acarau Morwa Ortaca Garbsen Rivas Twante Gorgan Shimofurano Arzamas TagbilaranCity Nahorkatiya LesLilas
100
Kaifeng Kaifeng
Gorgan Gorgan
Fuxin Fuxin
Zhaodong Zhaodong
Anjarah Anjarah
VillaPauladeSarmient VillaPauladeSarmient
PriegodeCordoba PriegodeCordoba
HaciendaLaCalera HaciendaLaCalera
Twante Twante
Ontinyent Ontinyent
SaintCyrlEcole SaintCyrlEcole
Mocoa Mocoa
AshtonunderLyne AshtonunderLyne
Izhevsk Izhevsk
Wenchi Wenchi
Hirosaki Hirosaki
Gowurdak Gowurdak
Embu Embu
Espiye Espiye
AinArnat AinArnat
EastLongmeadow EastLongmeadow
Daokou Daokou
SpanishTown SpanishTown
Vaniyambadi Vaniyambadi
Johnston Johnston
Aracuai Aracuai
Shieli Shieli
MineralnyeVody MineralnyeVody
Oerlinghausen Oerlinghausen
Kemise Kemise
Langenhorn Langenhorn
Sosnovka Sosnovka
Baramula Baramula
MadinatHamad MadinatHamad
WestIslip WestIslip
Acarau Acarau
GuaMusang GuaMusang
FortWorth FortWorth
Tabou Tabou
Manacapuru Manacapuru
NoblePark NoblePark
Sorada Sorada
Yafo Yafo
Ibirataia Ibirataia
MonteAlegre MonteAlegre
Khulm Khulm
Morwa Morwa
Kairouan Kairouan
SanJuandelaMaguana SanJuandelaMaguana
Itororo Itororo
Haripur Haripur
Battambang Battambang
Arzamas Arzamas
TagbilaranCity TagbilaranCity
Bury Bury
Ortaca Ortaca
Akcaabat Akcaabat
Shurugwi Shurugwi
Turek Turek
Belalcazar Belalcazar
KotRadhaKishan KotRadhaKishan
Nagar Nagar
Pozzuoli Pozzuoli
Lloydminster Lloydminster
Wangon Wangon
SantanadoLivramento SantanadoLivramento
CapimGrosso CapimGrosso
SouthSaintPaul SouthSaintPaul
Vyazniki Vyazniki
Kotka Kotka
Haora Haora
BlueIsland BlueIsland
Kineshma Kineshma
Skelmersdale Skelmersdale
Gunzenhausen Gunzenhausen
SenaMadureira SenaMadureira
Rhondda Rhondda
PortoVelho PortoVelho
Shimofurano Shimofurano
Andrychow Andrychow
Prostejov Prostejov
AinBessem AinBessem
Mabopane Mabopane
Hangu Hangu
Kambove Kambove
Rivas Rivas
ChalcodeDiazCovarrub ChalcodeDiazCovarrub
Shchekino Shchekino
Braila Braila
Butuan Butuan
Acireale Acireale
SenadorPompeu SenadorPompeu
Korsakov Korsakov
Escada Escada
NahiyatashShinafiyah NahiyatashShinafiyah
Angleton Angleton
FetestiGara FetestiGara
Sobue Sobue
Pezinok Pezinok
Garbsen Garbsen
