Kaimganj Leixlip MorlanwelzMariemont EncarnaciondeDiaz Kansk PinhalNovo Racine Gobo Malaybalay Yucheng Isakogorka MontecatiniTerme MilpaAlta Anahuac Novopokrovskaya Albi Karasuyama Tsukawaki Marseille Dankov Narangba GobernadorGalvez Tocache Fandriana Korolev Tsirang Brecht Norristown Pilibhit Irvine Pilibhit Fagaras Kaimganj
25
Dankov Dankov
Karasuyama Karasuyama
Narangba Narangba
Irvine Irvine
Tsukawaki Tsukawaki
Fagaras Fagaras
Pilibhit Pilibhit
Racine Racine
PinhalNovo PinhalNovo
Brecht Brecht
Anahuac Anahuac
Yucheng Yucheng
Korolev Korolev
EncarnaciondeDiaz EncarnaciondeDiaz
Novopokrovskaya Novopokrovskaya
Albi Albi
Tsirang Tsirang
Fandriana Fandriana
Isakogorka Isakogorka
GobernadorGalvez GobernadorGalvez
Gobo Gobo
Tocache Tocache
Leixlip Leixlip
MilpaAlta MilpaAlta
MontecatiniTerme MontecatiniTerme
