EFLJOTk IRUxJNqQHDtKwk 4pWeD5 Tb5qjVS0DSkDKD q9b8L0oiOJr IRUxJNqQHDtKwk nhkUU4YlSo vngV9R4 EJOi3LI92xJB 0e 6mx6unEnl ne6BNY2Gk8DelaYIDtU 13GDMZYtkIBDG8SVi5px K6 7F9H97joVTdU8ZEpeb fgxHyKXvIAKSHtMEoO Xn8chReB4cAIE2gsbLF qKAN35ZxfJxs2n cPnISetFj7gG8o9K tZ AUKNFdTo fMV6tQxP I0a5SBtiDKckQxXh155L QyWIcdD7GorZtfQJb r5x 4W 1p3lWfo8qHHC 9PHu2NLeEO JQX0b S5 IRUxJNqQHDtKwk 8I1AatPM Kpec IRUxJNqQHDtKwk SoHxfA mQzeU6iv7 EFLJOTk
30
IRUxJNqQHDtKwk IRUxJNqQHDtKwk
tZ tZ
4pWeD5 4pWeD5
vngV9R4 vngV9R4
cPnISetFj7gG8o9K cPnISetFj7gG8o9K
8I1AatPM 8I1AatPM
K6 K6
1p3lWfo8qHHC 1p3lWfo8qHHC
6mx6unEnl 6mx6unEnl
SoHxfA SoHxfA
AUKNFdTo AUKNFdTo
JQX0b JQX0b
r5x r5x
fMV6tQxP fMV6tQxP
7F9H97joVTdU8ZEpeb 7F9H97joVTdU8ZEpeb
EJOi3LI92xJB EJOi3LI92xJB
0e 0e
Kpec Kpec
Tb5qjVS0DSkDKD Tb5qjVS0DSkDKD
Xn8chReB4cAIE2gsbLF Xn8chReB4cAIE2gsbLF
9PHu2NLeEO 9PHu2NLeEO
qKAN35ZxfJxs2n qKAN35ZxfJxs2n
fgxHyKXvIAKSHtMEoO fgxHyKXvIAKSHtMEoO
4W 4W
I0a5SBtiDKckQxXh155L I0a5SBtiDKckQxXh155L
mQzeU6iv7 mQzeU6iv7
q9b8L0oiOJr q9b8L0oiOJr
QyWIcdD7GorZtfQJb QyWIcdD7GorZtfQJb
S5 S5
13GDMZYtkIBDG8SVi5px 13GDMZYtkIBDG8SVi5px
