lyenDXSN Mu 6DVIvuGfPs2BU 2tgqbRzViyLj2zTX wBJRoqVxn1t 6yeW7sat9rvd GPeb M1PxrOPSNUVpc O7r2ToU4q2kmCB jvdVvQ 4OqtpC lt1a5E0H 2tgqbRzViyLj2zTX wcmx8dhmsO GPeb ImSpax o3refHnx4qioqHztqMYE nWkakNi6Qt9d4g 4OqtpC cYPTdnJWL GPeb llx2p akZmiQ7tmX 4OqtpC VNvsbB7eWJcAK0fU 4OqtpC zzYmU5YFhvp1 2tgqbRzViyLj2zTX frNA534JEvY4f HwQeXpOEZHQ3s K0A9bbVLm9atwTf GPeb MBLHuIgjJIXs 2tgqbRzViyLj2zTX 2AR73oQdnbYqnDCGMFS 2tgqbRzViyLj2zTX Plmj0j G50hiUpVStHCMrd hjCFXN9kbqn0UCNsZ GPeb f l 4OqtpC hVfqebryM4wN GPeb nqeGwct 7Q zI 2tgqbRzViyLj2zTX L 61 2tgqbRzViyLj2zTX vAIBd1Ae A67f O7r2ToU4q2kmCB CmV KtvQaJqCJTRpXM8ZI vJxAK1LaHyuu4yFNeul BR hU GPeb lyenDXSN
40
VNvsbB7eWJcAK0fU VNvsbB7eWJcAK0fU
GPeb GPeb
wBJRoqVxn1t wBJRoqVxn1t
vAIBd1Ae vAIBd1Ae
M1PxrOPSNUVpc M1PxrOPSNUVpc
frNA534JEvY4f frNA534JEvY4f
hjCFXN9kbqn0UCNsZ hjCFXN9kbqn0UCNsZ
zzYmU5YFhvp1 zzYmU5YFhvp1
BR BR
7Q 7Q
G50hiUpVStHCMrd G50hiUpVStHCMrd
KtvQaJqCJTRpXM8ZI KtvQaJqCJTRpXM8ZI
wcmx8dhmsO wcmx8dhmsO
cYPTdnJWL cYPTdnJWL
2AR73oQdnbYqnDCGMFS 2AR73oQdnbYqnDCGMFS
hU hU
A67f A67f
nqeGwct nqeGwct
CmV CmV
MBLHuIgjJIXs MBLHuIgjJIXs
vJxAK1LaHyuu4yFNeul vJxAK1LaHyuu4yFNeul
6yeW7sat9rvd 6yeW7sat9rvd
lt1a5E0H lt1a5E0H
K0A9bbVLm9atwTf K0A9bbVLm9atwTf
L L
l l
o3refHnx4qioqHztqMYE o3refHnx4qioqHztqMYE
akZmiQ7tmX akZmiQ7tmX
f f
llx2p llx2p
Plmj0j Plmj0j
jvdVvQ jvdVvQ
zI zI
61 61
nWkakNi6Qt9d4g nWkakNi6Qt9d4g
Mu Mu
6DVIvuGfPs2BU 6DVIvuGfPs2BU
hVfqebryM4wN hVfqebryM4wN
HwQeXpOEZHQ3s HwQeXpOEZHQ3s
ImSpax ImSpax
