0 21 0 36 9 12 0 93 0 8 46 99 46 39 3 82 44 25 2 69 2 15 46 67 4 40 3 41 95 41 6 38 91 26 23 89 29 84 58 75 83 72 8 77 35 68 16 0 54 0 29 43 31 14 50 1 81 51 0 75 94 73 87 30 37 2 62 13 88 27 71 20 56 4 32 53 65 1 90 33 0 97 0
50
6 6
8 8
9 9
12 12
14 14
15 15
16 16
21 21
25 25
29 29
31 31
32 32
33 33
35 35
36 36
37 37
39 39
40 40
43 43
44 44
46 46
50 50
51 51
53 53
54 54
56 56
58 58
62 62
65 65
67 67
68 68
69 69
71 71
72 72
75 75
77 77
81 81
82 82
83 83
84 84
87 87
88 88
89 89
90 90
91 91
93 93
94 94
95 95
97 97
99 99
