2 9 179 49 73 5 31 93 2 189 45 18 53 121 20 37 24 143 47 193 177 4 127 22 81 56 125 40 149 1 51 1 147 13 28 137 89 10 153 119 8 67 181 23 61 103 145 85 111 9 191 12 117 163 2 79 157 11 167 21 83 25 197 20 41 15 95 39 11 171 6 7 151 99 105 29 71 195 113 69 135 97 101 123 7 87 7 165 19 55 33 51 43 3 47 107 16 5 155 23 133 23 129 185 25 173 24 159 187 77 65 19 169 21 91 14 199 161 29 131 27 35 63 36 141 36 59 109 175 36 183 115 75 57 11 139 17 2
100
1 1
3 3
5 5
7 7
9 9
11 11
13 13
15 15
17 17
19 19
21 21
23 23
25 25
27 27
29 29
31 31
33 33
35 35
37 37
39 39
41 41
43 43
45 45
47 47
49 49
51 51
53 53
55 55
57 57
59 59
61 61
63 63
65 65
67 67
69 69
71 71
73 73
75 75
77 77
79 79
81 81
83 83
85 85
87 87
89 89
91 91
93 93
95 95
97 97
99 99
101 101
103 103
105 105
107 107
109 109
111 111
113 113
115 115
117 117
119 119
121 121
123 123
125 125
127 127
129 129
131 131
133 133
135 135
137 137
139 139
141 141
143 143
145 145
147 147
149 149
151 151
153 153
155 155
157 157
159 159
161 161
163 163
165 165
167 167
169 169
171 171
173 173
175 175
177 177
179 179
181 181
183 183
185 185
187 187
189 189
191 191
193 193
195 195
197 197
199 199
