0 1 6 11 16 18 16 11 6 9 6 11 15 11 6 1 4 1 3 1 0 49 50 46 48 47 46 52 51 57 56 61 67 61 65 64 61 63 62 61 56 58 56 61 67 66 72 71 76 81 86 91 93 91 86 88 86 81 76 71 72 66 70 66 72 71 76 78 76 79 80 76 81 86 91 92 91 86 89 86 91 95 94 91 86 81 84 81 82 83 81 76 71 73 72 66 68 67 61 56 57 51 53 52 46 41 44 45 41 42 43 41 36 40 36 41 46 52 51 54 51 57 51 52 46 41 36 38 36 39 36 31 34 31 33 32 26 28 26 21 25 21 23 21 26 27 26 21 22 16 17 16 11 6 1 0 49 0 1 6 11 16 19 20 16 11 6 1 0
50
3 3
4 4
9 9
15 15
17 17
18 18
19 19
20 20
23 23
25 25
27 27
28 28
33 33
34 34
38 38
39 39
40 40
42 42
43 43
44 44
45 45
47 47
48 48
49 49
50 50
53 53
54 54
57 57
58 58
62 62
63 63
64 64
65 65
67 67
68 68
70 70
72 72
73 73
78 78
79 79
80 80
82 82
83 83
84 84
88 88
89 89
92 92
93 93
94 94
95 95
