BY5DUgv6 UQ4QaUHy H2BV5cDz zSMh8yQJ hc6YxxqG gd207oOq aPSEsY2w rZiSDNtK PagRRYIg QeSUIsQ1 o1w8sSXK HYhd6zof c9Hgvc9w UQ4QaUHy 8KVhuJvd OpfVa1HT 8KVhuJvd Ym8LPSnY FPDwKJIj q1vN3eei Y1BjCbsl QqI1C9xC R4zDiMu3 0zB29H2A R4zDiMu3 ucMA0iSv UfRMeyI7 xTHVuNZl yqX5KOVJ XbFQ8G0U QqI1C9xC S9dNuWxm iT0t8noc HXMHfRTC 9IHe97Yy 87yhsuRE HEJxX3gA FSF4Na2U WlxPulQd JMul31yq WlxPulQd 8ni5D4t7 g5YhtPSt QeSUIsQ1 7IV7YjRX mjMe14fC UmgiH1K9 NL9qZEp0 QqI1C9xC ayFODfwg S9dNuWxm rGjz0gOd AMieum8U rGjz0gOd UfRMeyI7 xTHVuNZl tDh0gTYH xTHVuNZl UfRMeyI7 mXjWiYol UfRMeyI7 gbolqDJc UfRMeyI7 6nj6dyOK K3J88UDV 1aJdK4y9 xULc5Xg4 QeSUIsQ1 gbolqDJc 6nj6dyOK K3J88UDV 1aJdK4y9 UQ4QaUHy sR6JAufL BY5DUgv6 m0ciW6Mx B0wYReom 6GJHoNdy 8e8OWOIi UQ4QaUHy Af1jBIly 2mQchaeu EvsxmEMg CrvusN6e lvlSObqb CrvusN6e EvsxmEMg 8tOszPqV YLp2gziD nKZTEeUl QeSUIsQ1 1cr6aFpX Rv8rDvqp E85AysUp aPSEsY2w rZiSDNtK QeSUIsQ1 m0ciW6Mx BY5DUgv6
50
6nj6dyOK 6nj6dyOK
UfRMeyI7 UfRMeyI7
xTHVuNZl xTHVuNZl
rGjz0gOd rGjz0gOd
OpfVa1HT OpfVa1HT
NL9qZEp0 NL9qZEp0
Rv8rDvqp Rv8rDvqp
ucMA0iSv ucMA0iSv
iT0t8noc iT0t8noc
S9dNuWxm S9dNuWxm
ayFODfwg ayFODfwg
R4zDiMu3 R4zDiMu3
sR6JAufL sR6JAufL
gd207oOq gd207oOq
UmgiH1K9 UmgiH1K9
aPSEsY2w aPSEsY2w
yqX5KOVJ yqX5KOVJ
8tOszPqV 8tOszPqV
9IHe97Yy 9IHe97Yy
0zB29H2A 0zB29H2A
K3J88UDV K3J88UDV
Af1jBIly Af1jBIly
WlxPulQd WlxPulQd
tDh0gTYH tDh0gTYH
2mQchaeu 2mQchaeu
B0wYReom B0wYReom
CrvusN6e CrvusN6e
HEJxX3gA HEJxX3gA
QeSUIsQ1 QeSUIsQ1
xULc5Xg4 xULc5Xg4
1cr6aFpX 1cr6aFpX
mXjWiYol mXjWiYol
8ni5D4t7 8ni5D4t7
PagRRYIg PagRRYIg
rZiSDNtK rZiSDNtK
g5YhtPSt g5YhtPSt
q1vN3eei q1vN3eei
hc6YxxqG hc6YxxqG
JMul31yq JMul31yq
7IV7YjRX 7IV7YjRX
AMieum8U AMieum8U
nKZTEeUl nKZTEeUl
gbolqDJc gbolqDJc
o1w8sSXK o1w8sSXK
H2BV5cDz H2BV5cDz
1aJdK4y9 1aJdK4y9
c9Hgvc9w c9Hgvc9w
8e8OWOIi 8e8OWOIi
FPDwKJIj FPDwKJIj
lvlSObqb lvlSObqb
