ZtfcEeD9 J2tz5Jy2 Fj27Gybu WOQy49Fo TNblhkGK bKTzHQn4 uEOMgmS6 lWuh5cH8 Q2HoHQU7 VgwgAKMz Q2HoHQU7 VDai7XkI aDGqWHym yptfWPBC HTyyntxa yptfWPBC xkCjqYXa VDai7XkI sAdwIwgI KZzTlcqA sAdwIwgI AmaYXBsi JqKGA9ul nFqouQp3 JqKGA9ul gX4kBNm4 Wznv2rRv FqE4GP0Y bKTzHQn4 VDai7XkI CxnbNU8s VDai7XkI Tb8W969R zvH4AKmS Tb8W969R VDai7XkI wZJN4OBT VDai7XkI BOlNhFGU gKOyNQPh aWGQETjI VDai7XkI kMauNR5Y VDai7XkI 8avKqSxh iJuLSUhp miUcr0K7 VDai7XkI 91Uq51QB VDai7XkI Pz0LLMil VDai7XkI tCAdUY4B VDai7XkI 62Mn9lau VDai7XkI gKOyNQPh VDai7XkI lqKnzPvP ZS8CQaI7 lqKnzPvP RjDUex61 IZjIq9He xzWL2Pp8 B65DnegI X4DALK1Z VDai7XkI o4xf7nVd VDai7XkI ZS8CQaI7 mlHu9OVg EAWv9kfQ VDai7XkI eF0ueRyu VDai7XkI OJgw7XgR Rd2M5nw8 VDai7XkI PLFYaVF6 FdbcCrtB VDai7XkI X4DALK1Z VDai7XkI JfDq1Cs2 RGBDWX4o 8LVjFaQv ciNFdHxl 9FVeC0va Zy3im4wi U7cZo0h2 wusYsf5E VDai7XkI FGbFUcoj 1Xrx7hj3 Q7hUKAHQ VDai7XkI YWqBlkAs 43ehQX6O YWqBlkAs BkhTgoaJ CIF8DWXL yWlzbESz VDai7XkI O5yBujnu WvzZeqnS IdGLl1to PMzcqvQL IdGLl1to WvzZeqnS 04vrMVdi c6ZWTltk VDai7XkI dzvtjag1 NSdaWdL7 SG64DwCC NSdaWdL7 VDai7XkI mSd4Nw6v 7Xy44hse mSd4Nw6v d4U8kEOb 0MyIUMFM n0riP8Jl w0QWGw2L 43ehQX6O mSd4Nw6v AmaYXBsi VDai7XkI eFJgi8X6 VDai7XkI ntaFp6yn 1FIjcsO2 uYGlfCi2 sFR9mcaG eFJgi8X6 8Rfeklr1 J2tz5Jy2 8Rfeklr1 J2tz5Jy2 LvdUl8D5 VDai7XkI jKNn1ZQ1 WPOgjVLu bJ22zvWV VDai7XkI 1gtWVzKV VDai7XkI d5gzYuse VDai7XkI 8LVjFaQv ijk5cHsH 1dr1nBQ7 Ah46Ofm8 fa3ra0T7 Tb8W969R VDai7XkI qnVestAH VDai7XkI uMuBYvMK VDai7XkI hBRDGWam VDai7XkI xRPgtW5C VDai7XkI 2KepLMXB VDai7XkI 3MYamZSb VDai7XkI kTn5Wdms 80BwLCcj poaWnZDO VDai7XkI mrK2EXuk ca785uLx EB4WBsTV VDai7XkI xzWL2Pp8 VDai7XkI WOCLylig y7NjqOqM svPb07cv y7NjqOqM CBKWpDQv gX4kBNm4 oECxPSEB RleTQaHw zpLQ0R0G 3L2NkWiR aSd01nMZ VDai7XkI CGddIqkC jKNn1ZQ1 NpH6Hpsr VDai7XkI 7P5zi9hu Tb8W969R 7P5zi9hu yRH0nOtz IdGLl1to PMzcqvQL W7b2i2pG BkhTgoaJ YWqBlkAs rbWYBihd nFqouQp3 6MPulFAv ZtfcEeD9
100
fa3ra0T7 fa3ra0T7
zvH4AKmS zvH4AKmS
Tb8W969R Tb8W969R
OJgw7XgR OJgw7XgR
wusYsf5E wusYsf5E
yptfWPBC yptfWPBC
Rd2M5nw8 Rd2M5nw8
CIF8DWXL CIF8DWXL
FqE4GP0Y FqE4GP0Y
VgwgAKMz VgwgAKMz
lWuh5cH8 lWuh5cH8
CxnbNU8s CxnbNU8s
mrK2EXuk mrK2EXuk
CGddIqkC CGddIqkC
BOlNhFGU BOlNhFGU
jKNn1ZQ1 jKNn1ZQ1
CBKWpDQv CBKWpDQv
43ehQX6O 43ehQX6O
w0QWGw2L w0QWGw2L
mSd4Nw6v mSd4Nw6v
AmaYXBsi AmaYXBsi
0MyIUMFM 0MyIUMFM
PMzcqvQL PMzcqvQL
KZzTlcqA KZzTlcqA
7P5zi9hu 7P5zi9hu
EB4WBsTV EB4WBsTV
wZJN4OBT wZJN4OBT
1dr1nBQ7 1dr1nBQ7
HTyyntxa HTyyntxa
TNblhkGK TNblhkGK
hBRDGWam hBRDGWam
O5yBujnu O5yBujnu
2KepLMXB 2KepLMXB
J2tz5Jy2 J2tz5Jy2
ZS8CQaI7 ZS8CQaI7
ZtfcEeD9 ZtfcEeD9
Fj27Gybu Fj27Gybu
mlHu9OVg mlHu9OVg
lqKnzPvP lqKnzPvP
EAWv9kfQ EAWv9kfQ
FdbcCrtB FdbcCrtB
RjDUex61 RjDUex61
W7b2i2pG W7b2i2pG
aSd01nMZ aSd01nMZ
eFJgi8X6 eFJgi8X6
91Uq51QB 91Uq51QB
LvdUl8D5 LvdUl8D5
qnVestAH qnVestAH
poaWnZDO poaWnZDO
SG64DwCC SG64DwCC
3MYamZSb 3MYamZSb
YWqBlkAs YWqBlkAs
rbWYBihd rbWYBihd
kMauNR5Y kMauNR5Y
B65DnegI B65DnegI
X4DALK1Z X4DALK1Z
kTn5Wdms kTn5Wdms
Pz0LLMil Pz0LLMil
ijk5cHsH ijk5cHsH
zpLQ0R0G zpLQ0R0G
62Mn9lau 62Mn9lau
NpH6Hpsr NpH6Hpsr
gX4kBNm4 gX4kBNm4
Wznv2rRv Wznv2rRv
ciNFdHxl ciNFdHxl
8LVjFaQv 8LVjFaQv
y7NjqOqM y7NjqOqM
NSdaWdL7 NSdaWdL7
WOCLylig WOCLylig
sFR9mcaG sFR9mcaG
miUcr0K7 miUcr0K7
FGbFUcoj FGbFUcoj
8avKqSxh 8avKqSxh
7Xy44hse 7Xy44hse
aWGQETjI aWGQETjI
svPb07cv svPb07cv
gKOyNQPh gKOyNQPh
o4xf7nVd o4xf7nVd
1gtWVzKV 1gtWVzKV
JfDq1Cs2 JfDq1Cs2
Q7hUKAHQ Q7hUKAHQ
d5gzYuse d5gzYuse
nFqouQp3 nFqouQp3
xzWL2Pp8 xzWL2Pp8
tCAdUY4B tCAdUY4B
bJ22zvWV bJ22zvWV
eF0ueRyu eF0ueRyu
RleTQaHw RleTQaHw
8Rfeklr1 8Rfeklr1
xRPgtW5C xRPgtW5C
aDGqWHym aDGqWHym
04vrMVdi 04vrMVdi
PLFYaVF6 PLFYaVF6
U7cZo0h2 U7cZo0h2
dzvtjag1 dzvtjag1
IdGLl1to IdGLl1to
ca785uLx ca785uLx
ntaFp6yn ntaFp6yn
yRH0nOtz yRH0nOtz
uMuBYvMK uMuBYvMK
