74 5 53 52 46 31 7 15 47 38 45 14 56 51 34 20 6 2 0 22 50 65 57 43 35 37 26 18 16 44 30 42 28 60 62 9 36 59 58 32 25 1 10 27 49 55 39 12 40 11 61 24 63 3 8 21 4 23 64 41 29 19 17 54 48 33 13 74
66
0 0
1 1
2 2
3 3
4 4
5 5
6 6
7 7
8 8
9 9
10 10
11 11
12 12
13 13
14 14
15 15
16 16
17 17
18 18
19 19
20 20
21 21
22 22
23 23
24 24
25 25
26 26
27 27
28 28
29 29
30 30
31 31
32 32
33 33
34 34
35 35
36 36
37 37
38 38
39 39
40 40
41 41
42 42
43 43
44 44
45 45
46 46
47 47
48 48
49 49
50 50
51 51
52 52
53 53
54 54
55 55
56 56
57 57
58 58
59 59
60 60
61 61
62 62
63 63
64 64
65 65
