Dannemora Fabius Norwich Forest Fishers Deferiet Dansville Franklinville Gowanda Fredonia Harbor Fayetteville Harbor Hewlett Fairview Mills Fishkill Davis Forestville Freeport Fonda Fleischmanns Hamburg Flower Oceanside Fair Oceanside Freeport Ghent Depauville Odessa Frewsburg Delhi Frewsburg Dunkirk Delanson Deer Florida Goshen Franklin Delhi Freeville Farnham Florida Farmingville Highland Firthcliffe Earlville Deposit Herricks Depew Geneva Fairport Fulton Gardiner Falconer Gasport Falconer Gardiner Friendship Harrison Delevan Galeville Germantown Delmar Germantown Dexter Fairmount DeRuyter Frankfort Flanders Goshen Fire Dannemora
50
Davis Davis
Dansville Dansville
Deer Deer
Deferiet Deferiet
Delanson Delanson
Delevan Delevan
Delhi Delhi
Delmar Delmar
Depauville Depauville
Depew Depew
Deposit Deposit
DeRuyter DeRuyter
Dexter Dexter
Dunkirk Dunkirk
Earlville Earlville
Fabius Fabius
Fair Fair
Fairmount Fairmount
Fairport Fairport
Fairview Fairview
Falconer Falconer
Farmingville Farmingville
Farnham Farnham
Fayetteville Fayetteville
Fire Fire
Firthcliffe Firthcliffe
Fishers Fishers
Fishkill Fishkill
Flanders Flanders
Fleischmanns Fleischmanns
Florida Florida
Flower Flower
Fonda Fonda
Forest Forest
Forestville Forestville
Frankfort Frankfort
Franklin Franklin
Franklinville Franklinville
Fredonia Fredonia
Freeport Freeport
Freeville Freeville
Frewsburg Frewsburg
Friendship Friendship
Fulton Fulton
Galeville Galeville
Gardiner Gardiner
Gasport Gasport
Geneva Geneva
Germantown Germantown
Ghent Ghent
