Acton Compton Bowles Buttonwillow Boronda Beckwourth Calistoga Belvedere Bonita Fallbrook Biggs Byron Forestville August Cotati Boron Cotati Bodfish Cartago Covelo Ashland Covelo Foresthill Altadena Cloverdale Bootjack Azusa Brea Azusa Cobb Cabazon Cobb Barstow Aromas Barstow Calimesa Burbank Camarillo Clovis Fellows Bradbury Bakersfield Burney Chino Bootjack Aromas Bystrom Anaheim Calistoga Anaheim Brisbane Corning Bell Fullerton Adelanto Georgetown Bellflower Bolinas Angwin Atascadero Bonsall Atascadero Antioch Folsom Caribou Anderson Cerritos Aptos Fairfield Alturas Florin Calexico Blairsden Atherton Blairsden Calexico Colfax Bayview Albany Escondido Atwater Escondido Fruitdale Avenal Chowchilla Avery Capitola Avery Chowchilla Benicia Beaumont Calabasas Coachella Amesti Broadmoor Cerritos Bluewater Antioch Banning Alamo Esparto Blythe Arbuckle Biola Brentwood Diablo Artesia Fallbrook Carson Bishop Arvin Cayucos Cambria Almanor Cambria Belmont Arcadia Calwa Fortuna Columbia Avalon Columbia Carpinteria Columbia Brawley Alhambra Burlingame Alhambra Belden Arcata Fillmore Alpine Fontana Castroville Fontana Canyondam Encinitas Armona Berkeley Auburn Ceres Bloomington Cupertino Auberry Cupertino Duarte Carmichael Freedom Caruthers Bradley Arnold Campbell Crockett Calipatria Escalon Alpaugh Carlsbad Concow Carrick Alameda Carrick Concow Carlsbad Acton
100
Adelanto Adelanto
Alameda Alameda
Alamo Alamo
Albany Albany
Alhambra Alhambra
Almanor Almanor
Alpaugh Alpaugh
Alpine Alpine
Altadena Altadena
Alturas Alturas
Amesti Amesti
Anaheim Anaheim
Anderson Anderson
Angwin Angwin
Antioch Antioch
Aptos Aptos
Arbuckle Arbuckle
Arcadia Arcadia
Arcata Arcata
Armona Armona
Arnold Arnold
Aromas Aromas
Artesia Artesia
Arvin Arvin
Ashland Ashland
Atascadero Atascadero
Atherton Atherton
Atwater Atwater
Auberry Auberry
Auburn Auburn
August August
Avalon Avalon
Avenal Avenal
Avery Avery
Azusa Azusa
Bakersfield Bakersfield
Banning Banning
Barstow Barstow
Bayview Bayview
Beaumont Beaumont
Beckwourth Beckwourth
Belden Belden
Bell Bell
Bellflower Bellflower
Belmont Belmont
Belvedere Belvedere
Benicia Benicia
Berkeley Berkeley
Biggs Biggs
Biola Biola
Bishop Bishop
Blairsden Blairsden
Bloomington Bloomington
Bluewater Bluewater
Blythe Blythe
Bodfish Bodfish
Bolinas Bolinas
Bonita Bonita
Bonsall Bonsall
Bootjack Bootjack
Boron Boron
Boronda Boronda
Bowles Bowles
Bradbury Bradbury
Bradley Bradley
Brawley Brawley
Brea Brea
Brentwood Brentwood
Brisbane Brisbane
Broadmoor Broadmoor
Burbank Burbank
Burlingame Burlingame
Burney Burney
Buttonwillow Buttonwillow
Byron Byron
Bystrom Bystrom
Cabazon Cabazon
Calabasas Calabasas
Calexico Calexico
Calimesa Calimesa
Calipatria Calipatria
Calistoga Calistoga
Calwa Calwa
Camarillo Camarillo
Cambria Cambria
Campbell Campbell
Canyondam Canyondam
Capitola Capitola
Caribou Caribou
Carlsbad Carlsbad
Carmichael Carmichael
Carpinteria Carpinteria
Carrick Carrick
Carson Carson
Cartago Cartago
Caruthers Caruthers
Castroville Castroville
Cayucos Cayucos
Ceres Ceres
Cerritos Cerritos
