Acadia Capitol Acadia Biscayne Rocky Caverns Congaree Everglades Congaree Cuyahoga Clark Canyonlands Brycecanyon Glacier Gunnison Tortugas Bend Yosemite Denali Teddy Haleakala Indiana Channel Lassen Smoky Lassen Crater Badlands Basin Gunnison Glacier Gateway Teton Isle Guadalupe Sequoia Arches Sequoia Guadalupe Acadia
25
Arches Arches
Badlands Badlands
Bend Bend
Biscayne Biscayne
Gunnison Gunnison
Brycecanyon Brycecanyon
Canyonlands Canyonlands
Capitol Capitol
Caverns Caverns
Channel Channel
Congaree Congaree
Crater Crater
Cuyahoga Cuyahoga
Denali Denali
Tortugas Tortugas
Everglades Everglades
Gateway Gateway
Glacier Glacier
Teton Teton
Basin Basin
Smoky Smoky
Guadalupe Guadalupe
Haleakala Haleakala
Indiana Indiana
Isle Isle
