Greenhouse ImagingCenter Greenhouse MathSciencesRes Greenhouse BerkeleyWest Greenhouse BarrowLane Greenhouse BotanGarden Greenhouse moffit Greenhouse McConeHall Greenhouse memorialpool Greenhouse ArchsEngineers Greenhouse BarkerHall Greenhouse MosesHall Greenhouse AnthonyHall Greenhouse BarrowsHall Greenhouse NAnimalFacil Greenhouse mlk Greenhouse NorthField Greenhouse nrl Greenhouse ObservHill Greenhouse OBrienHall Greenhouse BlumHall Greenhouse MulfordHall Greenhouse MorganHall Greenhouse BechtelEngineering Greenhouse BirgeHall Greenhouse maxwell Greenhouse AndersenAud Greenhouse BARTStation Greenhouse MinorHallAdd Greenhouse MinorHall Greenhouse MorrisonHall Greenhouse NorthGateHall Greenhouse BlackwellHall Greenhouse McLaughlin Greenhouse BoaltHall Greenhouse BerkeleyMuseum Greenhouse AlumniHouse Greenhouse McEnerneyHall Greenhouse BancroftLibrary Greenhouse StarrLibrary Greenhouse BanwayBldg Greenhouse
40
mlk mlk
MathSciencesRes MathSciencesRes
maxwell maxwell
McConeHall McConeHall
McEnerneyHall McEnerneyHall
McLaughlin McLaughlin
memorialpool memorialpool
MinorHall MinorHall
MinorHallAdd MinorHallAdd
moffit moffit
MorganHall MorganHall
MorrisonHall MorrisonHall
MosesHall MosesHall
MulfordHall MulfordHall
nrl nrl
NorthField NorthField
NorthGateHall NorthGateHall
NAnimalFacil NAnimalFacil
OBrienHall OBrienHall
ObservHill ObservHill
AlumniHouse AlumniHouse
AndersenAud AndersenAud
AnthonyHall AnthonyHall
ArchsEngineers ArchsEngineers
BancroftLibrary BancroftLibrary
BanwayBldg BanwayBldg
BarkerHall BarkerHall
BarrowLane BarrowLane
BarrowsHall BarrowsHall
BARTStation BARTStation
BechtelEngineering BechtelEngineering
BerkeleyMuseum BerkeleyMuseum
BerkeleyWest BerkeleyWest
BirgeHall BirgeHall
BlackwellHall BlackwellHall
BlumHall BlumHall
BoaltHall BoaltHall
BotanGarden BotanGarden
ImagingCenter ImagingCenter
StarrLibrary StarrLibrary
