Greenhouse unit3 Greenhouse BoaltHall Greenhouse FacultyGlade Greenhouse EvansHall Greenhouse EyeCenter Greenhouse FrankWay Greenhouse BirgeHall Greenhouse DurantHall Greenhouse BerkeleyWest Greenhouse DonnerLab Greenhouse GianniniHall Greenhouse CNMAT Greenhouse ClassGate Greenhouse BlumHall Greenhouse DwinelleAnnex Greenhouse EtcheverryHall Greenhouse DavisHall Greenhouse CareerCenter Greenhouse DoeLibrary Greenhouse CyclotronRd Greenhouse CoryHall Greenhouse GeneticsPlantBldg Greenhouse DurhamTheatre Greenhouse HertzHall Greenhouse CaliforniaHall Greenhouse EvansDiamond Greenhouse BotanGarden Greenhouse ClarkCampus Greenhouse CampbellHall Greenhouse CheitHall Greenhouse DwinelleHall Greenhouse ChavezCenter Greenhouse FoundersRock Greenhouse Cafe3 Greenhouse EastGate Greenhouse StarrLibrary Greenhouse EshlemanHall Greenhouse GayleyRd Greenhouse ChouHall Greenhouse BlackwellHall Greenhouse EdwardsStadium Greenhouse EnergyBuilding Greenhouse CaliforniaStadium Greenhouse ChanAuditorium Greenhouse FoxCottage Greenhouse FacultyClub Greenhouse ImagingCenter Greenhouse ClassFountain Greenhouse BerkeleyMuseum Greenhouse CalvinLaboratory Greenhouse
50
BerkeleyMuseum BerkeleyMuseum
BerkeleyWest BerkeleyWest
BirgeHall BirgeHall
BlackwellHall BlackwellHall
BlumHall BlumHall
BoaltHall BoaltHall
BotanGarden BotanGarden
ImagingCenter ImagingCenter
StarrLibrary StarrLibrary
CaliforniaHall CaliforniaHall
CaliforniaStadium CaliforniaStadium
CalvinLaboratory CalvinLaboratory
CampbellHall CampbellHall
CareerCenter CareerCenter
ChanAuditorium ChanAuditorium
ChavezCenter ChavezCenter
CheitHall CheitHall
ChouHall ChouHall
ClarkCampus ClarkCampus
ClassFountain ClassFountain
ClassGate ClassGate
CNMAT CNMAT
CoryHall CoryHall
CyclotronRd CyclotronRd
DavisHall DavisHall
DoeLibrary DoeLibrary
DonnerLab DonnerLab
DurantHall DurantHall
DurhamTheatre DurhamTheatre
DwinelleAnnex DwinelleAnnex
DwinelleHall DwinelleHall
EastGate EastGate
EdwardsStadium EdwardsStadium
EnergyBuilding EnergyBuilding
EshlemanHall EshlemanHall
EtcheverryHall EtcheverryHall
EvansDiamond EvansDiamond
EvansHall EvansHall
EyeCenter EyeCenter
FacultyClub FacultyClub
FacultyGlade FacultyGlade
FoundersRock FoundersRock
FoxCottage FoxCottage
FrankWay FrankWay
GayleyRd GayleyRd
GeneticsPlantBldg GeneticsPlantBldg
GianniniHall GianniniHall
HertzHall HertzHall
Cafe3 Cafe3
unit3 unit3
