pace interactive throne shy shiver likely enhance dough linger dough enhance legislation sign injury prison cigarette vegetarian forge tolerate legislation feature glasses autonomy enter mystery gate circulation rob lake discriminate dip write title sunrise title tablet gallon guarantee king guarantee bitter guarantee buffet exclusive buffet straighten pain enhance thumb excuse other swear financial dough financial romantic sign deposit swear straighten quality headline rob tablet swear financial voice pace shiver chair brake mature headline rob circulation tool ward seize understand mixture solve winner forge view dialogue fortune page fortune imposter paper judicial class judicial glasses output thumb banana figure understand seize demand cigarette demand pain enhance pain market mystery paper deposit honor nationalist shy shiver pace
50
likely likely
prison prison
title title
king king
quality quality
injury injury
paper paper
output output
circulation circulation
page page
voice voice
honor honor
enter enter
throne throne
guarantee guarantee
tablet tablet
thumb thumb
headline headline
dough dough
exclusive exclusive
other other
brake brake
nationalist nationalist
winner winner
cigarette cigarette
buffet buffet
mystery mystery
autonomy autonomy
tolerate tolerate
sign sign
financial financial
legislation legislation
class class
glasses glasses
tool tool
lake lake
sunrise sunrise
linger linger
rob rob
bitter bitter
seize seize
figure figure
shy shy
dip dip
imposter imposter
demand demand
enhance enhance
swear swear
vegetarian vegetarian
pain pain
