pace speaker due ignore decisive greeting begin science mercy native development native attraction coffin bitter rage bitter coffin solve seize interactive election lifestyle coast swear rent approval circulation quality boom throne structure bowel headline beg ex teacher excuse exclusive electronics swop pier interactive election miserable mystery deter note physics linger vegetarian market banana widen error interactive pier bleed knot bleed smile headline node terms thumb terms hospitality teacher ex spoil bleed pier approval rent atmosphere fortune financial mercy mixture joint output structure respect extort page mature rob excuse dip figure labour likely comfortable reliable guarantee railcar understand dip opposed demand injury penetrate exempt certain scheme certain due ignore liver ignore due certain drawer chew offset chew drawer smile headline beg control enemy desk injection pardon vegetarian linger dough thirsty opposed demand rob demand feature opposed dip exclusive attraction guarantee election buffet dialogue cotton paper terminal forge excuse curriculum bleed environment interface electronics coast swear rent sunrise audience module smile drawer compromise interface electronics exclusive vegetarian pardon vegetarian exclusive electronics coast profound view dive view profound brake nationalist acceptance nationalist brake profound coast electronics quadruple other shy error home dialogue candle ask enemy desk development confrontation mixture joint illusion enemy ask sign node terms deter identity coincide dive view profound skeleton profound virgin prison flag home dialogue candle enemy stress enemy desk development native blonde pipe title linger decisive greeting decisive ignore shiver structure respect extort imposter driver mystery title due ignore due title exile title linger physics linger title prospect mature glasses bleed pier pig write lake ward autonomy paper terminal forge confrontation pound imposter tablet note deter identity gate shy single country prison flag module identity straighten identity gate shy other pace respect chair mixture confrontation boom triple boom winner virgin winner assignment expression buffet weapon tool railcar guarantee job viable likely comfortable likely other pace
100
pace pace
likely likely
excuse excuse
feature feature
skeleton skeleton
environment environment
injury injury
output output
due due
page page
audience audience
profound profound
throne throne
guarantee guarantee
physics physics
exempt exempt
tablet tablet
injection injection
market market
forge forge
thumb thumb
headline headline
dough dough
exclusive exclusive
other other
assignment assignment
buffet buffet
autonomy autonomy
respect respect
pig pig
financial financial
interactive interactive
tool tool
rob rob
dip dip
imposter imposter
swear swear
shiver shiver
coast coast
stress stress
mature mature
chair chair
rent rent
straighten straighten
boom boom
acceptance acceptance
rage rage
comfortable comfortable
structure structure
decisive decisive
spoil spoil
dive dive
atmosphere atmosphere
attraction attraction
ask ask
smile smile
pardon pardon
knot knot
curriculum curriculum
coincide coincide
exile exile
ignore ignore
teacher teacher
drawer drawer
widen widen
election election
country country
note note
liver liver
home home
development development
scheme scheme
cotton cotton
error error
mercy mercy
virgin virgin
confrontation confrontation
control control
railcar railcar
electronics electronics
begin begin
identity identity
greeting greeting
viable viable
lifestyle lifestyle
enemy enemy
interface interface
offset offset
candle candle
swop swop
driver driver
deter deter
pipe pipe
coffin coffin
native native
flag flag
bowel bowel
illusion illusion
triple triple
quadruple quadruple
