pace exclusive output injury skeleton injury due gate audience due voice mixture injury due king approval king opposed brake nationalist feature excuse disclose injury exempt market mixture brake nationalist brake headline brake opposed thumb guarantee page king approval deposit enter prison honor profound forge likely circulation dough excuse view throne exclusive pace
25
likely likely
excuse excuse
feature feature
skeleton skeleton
king king
mixture mixture
injury injury
output output
circulation circulation
page page
audience audience
voice voice
deposit deposit
honor honor
enter enter
throne throne
guarantee guarantee
gate gate
exempt exempt
market market
opposed opposed
headline headline
brake brake
nationalist nationalist
approval approval
