9iIwk XYzcU jT5CK 5BDPJ 5VT1H Ib6np 5R5Xa Ib6np qkJ6b jT5CK qkJ6b jT5CK tG1wc YH6mk 5ioW1 XZKtP dw7aX XZKtP Be0ab 5ioW1 YH6mk Y7IDR WJNpN 1uRw3 kmzhT RhUVQ QVYVG qkJ6b Ib6np 5R5Xa rrNj1 Esl6u ZfVrl p9vQm ZfVrl Esl6u rrNj1 5R5Xa ChXAd 5R5Xa rrNj1 Esl6u fS0W8 k64Ok ZgtaX iCgvV JgjFI ZgtaX pXCjI ZgtaX veOJ7 ZgtaX k64Ok fS0W8 Esl6u rrNj1 mBYfp 9iIwk Mj2eQ ZzWHp iEXNY Mj2eQ 1xmtC XYzcU 1xmtC Mj2eQ 0GdkR oqPYQ jASvw 1xmtC 5R5Xa rrNj1 Esl6u fS0W8 k64Ok BnAjj k64Ok fS0W8 Esl6u rrNj1 mBYfp 1eRkH 1xmtC qkJ6b QVYVG SgDk6 Ew56P jYfXn Ew56P QVYVG WGJpQ aHGHb 1pxZM QVYVG WJNpN YH6mk tG1wc 5VT1H tG1wc YH6mk 5ioW1 bXinH 5ioW1 tnjfN YH6mk Y7IDR 4a0W8 Y7IDR YH6mk AgYPL WJNpN QVYVG jAwQw Ri2t4 y89SK 1uRw3 5VT1H Ib6np h2rea Ib6np qkJ6b QVYVG knY3U vE0Pj knY3U QVYVG LZomt QVYVG 7G74f QVYVG qkJ6b 1xmtC Mj2eQ 1xmtC 5R5Xa rrNj1 Esl6u fS0W8 k64Ok ZgtaX Vake4 k64Ok fS0W8 Esl6u rrNj1 mBYfp 9iIwk
50
5ioW1 5ioW1
SgDk6 SgDk6
Mj2eQ Mj2eQ
ZzWHp ZzWHp
7G74f 7G74f
iEXNY iEXNY
Vake4 Vake4
Be0ab Be0ab
XZKtP XZKtP
XYzcU XYzcU
dw7aX dw7aX
LZomt LZomt
1xmtC 1xmtC
JgjFI JgjFI
pXCjI pXCjI
qkJ6b qkJ6b
y89SK y89SK
Ri2t4 Ri2t4
jYfXn jYfXn
jT5CK jT5CK
jASvw jASvw
5R5Xa 5R5Xa
9iIwk 9iIwk
5BDPJ 5BDPJ
Y7IDR Y7IDR
ZgtaX ZgtaX
veOJ7 veOJ7
p9vQm p9vQm
1uRw3 1uRw3
h2rea h2rea
YH6mk YH6mk
RhUVQ RhUVQ
oqPYQ oqPYQ
0GdkR 0GdkR
1pxZM 1pxZM
BnAjj BnAjj
fS0W8 fS0W8
jAwQw jAwQw
bXinH bXinH
AgYPL AgYPL
4a0W8 4a0W8
vE0Pj vE0Pj
ChXAd ChXAd
aHGHb aHGHb
tnjfN tnjfN
1eRkH 1eRkH
kmzhT kmzhT
WGJpQ WGJpQ
5VT1H 5VT1H
iCgvV iCgvV
