3Yw8H IWj7Z EQJ7U P18zR EQJ7U vN0gV EvuAH miscC ycoh0 hQySr 3Yw8H cvjQc NRZIn zSmKp NRZIn cvjQc NRZIn QUkKU s8jhm 5PNx4 Z7joj IWj7Z 3Yw8H KHHwN xNFYO 3Yw8H cvjQc JYR5M cvjQc NRZIn QUkKU M5wZP Z7joj EQJ7U iaf34 TT3Hk vN0gV EQJ7U Vm2RV Tz4zy Vm2RV RTNKK s8jhm 5ayvc OhHc9 5ayvc s8jhm w0i4E s8jhm Jcs3B EQJ7U 8MJwv TT3Hk EQJ7U BSqOv 9e1Io BSqOv EQJ7U IWj7Z 3Yw8H
25
OhHc9 OhHc9
EvuAH EvuAH
miscC miscC
RTNKK RTNKK
Vm2RV Vm2RV
w0i4E w0i4E
Z7joj Z7joj
TT3Hk TT3Hk
Tz4zy Tz4zy
M5wZP M5wZP
9e1Io 9e1Io
8MJwv 8MJwv
5PNx4 5PNx4
ycoh0 ycoh0
P18zR P18zR
KHHwN KHHwN
BSqOv BSqOv
xNFYO xNFYO
zSmKp zSmKp
QUkKU QUkKU
3Yw8H 3Yw8H
iaf34 iaf34
cvjQc cvjQc
vN0gV vN0gV
JYR5M JYR5M
