1 42 41 69 29 57 72 9 23 42 24 79 11 5 54 95 30 1 3 1 30 99 48 79 26 40 50 60 36 34 23 74 12 38 82 45 54 49 86 49 89 49 88 8 30 92 98 46 15 67 63 49 54 73 54 5 28 90 52 90 79 48 58 47 2 33 2 38 5 11 79 36 14 59 87 67 78 67 15 46 21 93 21 67 10 64 81 3 57 66 25 71 60 91 7 91 34 92 57 79 11 5 84 96 20 100 20 83 3 1
40
1 1
3 3
5 5
7 7
8 8
10 10
11 11
12 12
14 14
26 26
28 28
33 33
34 34
42 42
45 45
46 46
50 50
52 52
58 58
63 63
64 64
66 66
69 69
72 72
73 73
78 78
79 79
83 83
84 84
86 86
87 87
89 89
90 90
91 91
92 92
93 93
95 95
98 98
99 99
100 100
