Abbey Avni Liberty Tara Ayanna Lilia Presley Ruth Shannon Marisol Matilda Tanya Mckinley Amaris Lisa Abbey Rebecca Nora Kimberly Maeve Sophia Alexia Eden Mira Rayna Dana Isabella Kiera Ashleigh Kristina Jordin Karma Helen Yoselin Haven Ashley Lana Lillie Kayley Abril Harley Abril Vivian Beatrice Jamiya Carlee Riley Abril Abbey
40
Alexia Alexia
Avni Avni
Ayanna Ayanna
Beatrice Beatrice
Carlee Carlee
Dana Dana
Eden Eden
Harley Harley
Haven Haven
Helen Helen
Isabella Isabella
Jamiya Jamiya
Jordin Jordin
Karma Karma
Kayley Kayley
Kiera Kiera
Kimberly Kimberly
Kristina Kristina
Lana Lana
Liberty Liberty
Lilia Lilia
Lillie Lillie
Lisa Lisa
Maeve Maeve
Marisol Marisol
Matilda Matilda
Mckinley Mckinley
Mira Mira
Nora Nora
Presley Presley
Rayna Rayna
Rebecca Rebecca
Riley Riley
Ruth Ruth
Shannon Shannon
Sophia Sophia
Tanya Tanya
Tara Tara
Vivian Vivian
Yoselin Yoselin
