Taozhuang Uran Durazno Uran Norco Udumalaippettai Norco Longgang Uran Sicklerville Artur Bourbonnais Esmeraldas Uran New Ulu Freetown Uran Jinotepe Uran Jingzhou Uran Ilesa Uran Wesseling Uran Ramla Azrou Waverly Bang Alatyr Kallio Somma Nonsan Uran Camayenne Rosedale Jackson Boo Cibinong Tupelo Gauting Uran Middle Besuki Uran Esperanza Strathfield Hechingen Aytos Memmingen Gudermes Uran Pottstown Uran Fort Oulmes Uran Severodvinsk Uran Caravaca Donggongon Villa Rafiganj Rutherglen Calauan Uran Sarandi Uran Taozhuang
50
Uran Uran
Artur Artur
Boo Boo
Rutherglen Rutherglen
Villa Villa
Somma Somma
Tupelo Tupelo
Strathfield Strathfield
Memmingen Memmingen
Esmeraldas Esmeraldas
Gudermes Gudermes
Bang Bang
Azrou Azrou
Kallio Kallio
Ramla Ramla
Sarandi Sarandi
Pottstown Pottstown
Rafiganj Rafiganj
Jingzhou Jingzhou
Taozhuang Taozhuang
Fort Fort
Oulmes Oulmes
Wesseling Wesseling
Cibinong Cibinong
Caravaca Caravaca
Donggongon Donggongon
Alatyr Alatyr
Jinotepe Jinotepe
Severodvinsk Severodvinsk
Rosedale Rosedale
Camayenne Camayenne
Jackson Jackson
Esperanza Esperanza
New New
Gauting Gauting
Ulu Ulu
Freetown Freetown
Waverly Waverly
Nonsan Nonsan
Aytos Aytos
Hechingen Hechingen
Durazno Durazno
Sicklerville Sicklerville
Calauan Calauan
Ilesa Ilesa
Bourbonnais Bourbonnais
Longgang Longgang
Udumalaippettai Udumalaippettai
Middle Middle
Besuki Besuki
