Ilesa Bensheim Niort Bensheim Brunswick Bensheim Zaozhuang Bensheim Paredes Bensheim Guli Bensheim New Bensheim Great Tyoply Great Bensheim Sillanwali Bensheim Shagamu Calauan Yingkou Bensheim An Bensheim Oulmes Bensheim Tak Bensheim Landshut Bon Uran Chacabuco Malden Bobigny Copperas Bensheim Aurora Bensheim Bavly Gariadhar Bensheim Oberhausen Bensheim Onex Puerto Bensheim Milagro Bensheim Viewpark Bensheim Sirsi Itacoatiara Valletta Bensheim Bogovinje Bensheim Tupiza DehiwalaMount Bensheim Tharu Bensheim Ponta Bensheim PointeClaire Bensheim Bang Bensheim LonsleSaunier Jiangyan Bensheim Skalica Bensheim Resplendor Bensheim Sorsogon Bensheim Stupino Milledgeville Palafrugell Bensheim Alfenas Foshan WaltonontheNaze Bensheim GernikaLumo Bensheim Barracas Bensheim Azrou Bensheim Rutland Bensheim Ada Bensheim Stuttgart Ventimiglia Mouscron Jagna Tupelo Memmingen Alexandria PortVila Polohy Magomeni MitryMory Rhosllanerchrugog Bensheim Dahlem Bensheim Villaquilambre Bensheim Clermont Perth Shaowu Bensheim Ramla Bensheim Campobasso Bensheim Kyzylorda Bensheim Claremont Bensheim Aleshtar Bensheim Palm Bensheim American Marburg Talipparamba Davis Sishui Aklera Bensheim Brzeg Bensheim Jashpurnagar Bensheim Lille Bensheim Valday Puducherry Lodwar Bensheim Toledo Meizhou Mexborough Tiruppuvanam Hermsdorf Sceaux Bensheim UlanUde Bensheim Ilesa
100
Bensheim Bensheim
Perth Perth
MitryMory MitryMory
Hermsdorf Hermsdorf
Calauan Calauan
Ventimiglia Ventimiglia
Valday Valday
Uran Uran
Malden Malden
Milledgeville Milledgeville
Jagna Jagna
Marburg Marburg
Polohy Polohy
Foshan Foshan
Puducherry Puducherry
Sishui Sishui
Memmingen Memmingen
Davis Davis
Alexandria Alexandria
Meizhou Meizhou
Rhosllanerchrugog Rhosllanerchrugog
Azrou Azrou
Lille Lille
Oulmes Oulmes
Tiruppuvanam Tiruppuvanam
Mexborough Mexborough
Puerto Puerto
Onex Onex
Brunswick Brunswick
Jiangyan Jiangyan
LonsleSaunier LonsleSaunier
Claremont Claremont
GernikaLumo GernikaLumo
Dahlem Dahlem
Tharu Tharu
UlanUde UlanUde
New New
Milagro Milagro
Great Great
Ada Ada
Tyoply Tyoply
Resplendor Resplendor
Ilesa Ilesa
Alfenas Alfenas
Aleshtar Aleshtar
Campobasso Campobasso
Bogovinje Bogovinje
Mouscron Mouscron
Tak Tak
Talipparamba Talipparamba
Barracas Barracas
Aurora Aurora
American American
Gariadhar Gariadhar
Bavly Bavly
Ponta Ponta
Sirsi Sirsi
Itacoatiara Itacoatiara
Guli Guli
Sceaux Sceaux
Valletta Valletta
Landshut Landshut
Bon Bon
WaltonontheNaze WaltonontheNaze
Yingkou Yingkou
Ramla Ramla
Shaowu Shaowu
Chacabuco Chacabuco
Aklera Aklera
Rutland Rutland
Zaozhuang Zaozhuang
Stuttgart Stuttgart
Viewpark Viewpark
Sillanwali Sillanwali
Bobigny Bobigny
An An
Copperas Copperas
Lodwar Lodwar
Jashpurnagar Jashpurnagar
Kyzylorda Kyzylorda
Brzeg Brzeg
Paredes Paredes
Magomeni Magomeni
Tupelo Tupelo
Bang Bang
Sorsogon Sorsogon
Shagamu Shagamu
Toledo Toledo
Skalica Skalica
Oberhausen Oberhausen
Palm Palm
PointeClaire PointeClaire
Tupiza Tupiza
DehiwalaMount DehiwalaMount
Villaquilambre Villaquilambre
Niort Niort
Stupino Stupino
PortVila PortVila
Palafrugell Palafrugell
Clermont Clermont
