Lesnoy Beveren Glogovac Visitacion Malaut Pingyi Beveren Dharmapuri Gisborne Blackpool Meerut Hudiksvall Franceville Rutherglen Sun Winsford Sungurlu Ishim Stade Beveren Yangambi Zgorzelec Brentwood Hueytown Portogruaro Artur Beveren Kundla Beveren GatesNorth Lesnoy
25
Hueytown Hueytown
Gisborne Gisborne
Hudiksvall Hudiksvall
Visitacion Visitacion
Sungurlu Sungurlu
Rutherglen Rutherglen
Winsford Winsford
Sun Sun
Pingyi Pingyi
Malaut Malaut
Meerut Meerut
Blackpool Blackpool
Glogovac Glogovac
GatesNorth GatesNorth
Lesnoy Lesnoy
Brentwood Brentwood
Kundla Kundla
Portogruaro Portogruaro
Ishim Ishim
Stade Stade
Artur Artur
Zgorzelec Zgorzelec
Yangambi Yangambi
Franceville Franceville
Dharmapuri Dharmapuri
