108 34 8 107 99 142 134 96 45 3 26 4 78 7 23 170 77 0 63 0 177 10 5 197 181 8 176 65 6 83 6 114 148 1 140 5 84 3 187 8 174 1 35 9 71 137 3 54 19 136 7 109 4 129 11 110 11 68 48 8 36 49 6 81 2 118 2 138 10 1 13 23 85 3 179 66 100 2 150 75 1 37 1 56 43 31 17 10 79 157 27 64 17 167 120 4 126 12 144 53 151 143 15 82 117 10 39 57 4 133 16 121 47 130 67 13 24 8 28 14 38 3 46 3 73 0 128 38 19 61 6 95 44 184 182 190 0 69 146 92 32 101 1 11 188 21 14 3 153 13 186 4 108
97
1 1
5 5
7 7
11 11
13 13
14 14
15 15
17 17
19 19
23 23
24 24
26 26
28 28
31 31
32 32
34 34
35 35
36 36
37 37
38 38
39 39
43 43
44 44
45 45
46 46
48 48
49 49
53 53
54 54
56 56
57 57
61 61
63 63
64 64
65 65
66 66
67 67
68 68
69 69
71 71
73 73
75 75
77 77
78 78
79 79
81 81
82 82
83 83
84 84
85 85
92 92
95 95
96 96
99 99
100 100
101 101
107 107
109 109
110 110
114 114
117 117
118 118
120 120
121 121
126 126
128 128
129 129
130 130
133 133
134 134
136 136
137 137
138 138
140 140
142 142
143 143
144 144
146 146
148 148
150 150
151 151
153 153
157 157
167 167
170 170
174 174
176 176
177 177
179 179
181 181
182 182
184 184
186 186
187 187
188 188
190 190
197 197
