steward childish belief deck think crew top community company perception farewell adult exotic basketball battery creation appear minimize tin skip linear scrap pastel concern hide ballot steward
25
concern concern
company company
top top
belief belief
hide hide
basketball basketball
battery battery
pastel pastel
crew crew
linear linear
adult adult
minimize minimize
farewell farewell
ballot ballot
scrap scrap
appear appear
creation creation
deck deck
perception perception
childish childish
exotic exotic
think think
skip skip
community community
tin tin
