0 1 6 12 17 23 28 34 38 43 47 52 56 61 66 72 77 83 88 94 99 94 93 92 91 90 91 85 80 75 70 65 60 55 50 45 40 35 30 25 21 16 17 18 24 29 24 18 23 27 32 36 41 45 50 55 61 55 50 45 40 35 30 25 20 15 11 6 11 15 20 25 30 35 40 45 40 35 30 25 20 15 11 6 2 6 11 15 20 25 30 35 40 45 50 55 60 65 66 72 77 83 88 94 88 83 77 72 66 61 55 56 62 67 73 78 84 89 84 78 73 72 71 70 65 61 56 52 47 43 47 52 57 52 56 61 66 61 55 50 45 40 35 31 26 22 17 13 8 7 6 5 10 11 16 22 27 33 38 44 49 44 38 33 27 22 21 25 30 35 40 45 50 55 61 66 72 77 83 77 72 66 62 57 53 48 44 39 44 48 53 57 62 66 71 75 80 85 80 75 70 65 60 55 50 45 40 35 30 25 21 16 12 7 3 2 6 11 6 7 12 16 21 26 32 37 38 43 47 52 56 61 65 70 75 80 85 91 96 91 85 80 75 71 66 62 57 53 48 43 37 33 28 24 18 13 7 6 5 10 15 20 25 30 35 41 46 52 57 63 64 58 53 47 46 41 35 31 26 22 17 13 17 22 26 31 36 42 47 53 58 64 69 74 78 83 87 92 86 81 75 70 65 60 55 50 45 40 35 30 25 21 16 11 5 0
50
0 0
2 2
3 3
5 5
6 6
7 7
8 8
10 10
11 11
13 13
16 16
17 17
18 18
20 20
21 21
24 24
29 29
30 30
34 34
35 35
37 37
38 38
39 39
41 41
43 43
44 44
45 45
46 46
47 47
48 48
49 49
52 52
55 55
57 57
61 61
63 63
64 64
65 65
66 66
69 69
70 70
83 83
85 85
89 89
90 90
91 91
92 92
94 94
96 96
99 99
