0 1 2 3 4 14 25 35 46 56 67 77 67 56 46 35 26 16 26 35 45 54 64 73 84 94 105 115 126 136 147 157 168 178 189 199 189 178 168 157 147 136 126 115 105 94 84 73 63 52 42 31 21 11 2 3 4 5 15 14 13 12 11 21 30 40 50 60 70 80 90 100 110 120 130 140 150 141 142 143 144 145 146 135 125 114 104 93 83 82 83 84 85 95 106 116 127 137 148 158 148 137 127 116 106 95 86 76 86 95 105 115 126 136 147 137 138 139 129 118 108 97 87 86 85 84 83 92 103 113 124 134 145 155 166 176 166 155 145 134 124 113 103 92 83 73 64 54 45 35 26 35 45 55 66 76 87 86 85 84 83 82 81 80 70 60 50 41 31 32 33 44 54 65 75 86 95 106 116 127 116 106 105 104 103 102 91 81 71 62 52 43 33 24 14 5 14 24 33 43 52 62 71 81 90 100 110 121 131 142 152 143 133 124 114 105 114 124 133 144 154 165 175 186 196 186 175 165 154 144 133 123 112 102 91 81 70 60 50 40 30 20 21 22 23 24 25 26 27 37 48 57 68 57 47 37 28 18 17 16 26 35 45 54 64 73 64 65 66 67 76 86 95 105 114 124 133 143 153 143 132 122 111 102 92 83 73 64 54 45 54 64 73 83 92 102 111 122 132 143 153 164 153 143 132 122 111 110 120 110 100 90 80 70 61 51 42 51 61 70 81 91 102 112 123 124 134 145 155 166 176 187 176 166 155 154 145 135 126 116 107 97 88 89 88 87 86 85 84 83 82 81 71 62 52 43 33 24 25 26 27 28 29 28 27 26 25 34 44 53 63 72 62 52 43 52 62 71 81 90 100 110 120 130 140 150 160 150 140 130 120 110 100 90 80 70 80 90 100 110 120 130 141 151 162 172 183 184 185 186 176 167 157 148 149 138 128 117 107 96 86 75 65 54 44 33 23 22 32 43 53 64 74 85 95 85 74 73 72 71 72 73 84 94 105 115 126 136 147 157 168 178 168 157 147 136 126 115 105 104 94 104 113 123 132 142 151 161 171 182 171 161 150 140 130 131 132 133 124 114 115 116 107 97 98 99 98 97 96 95 94 104 113 123 132 133 134 145 155 145 134 124 123 122 121 130 140 141 142 143 144 154 165 166 167 177 188 189 178 168 157 147 136 126 115 105 94 84 73 63 52 43 33 44 54 65 75 86 96 107 108 118 108 97 87 76 66 55 54 53 44 34 35 36 37 47 56 66 75 85 94 104 114 125 135 146 156 167 157 148 138 129 118 108 97 87 77 68 58 49 39 38 37 36 35 34 33 32 42 51 42 32 23 13 4 5 6 7 8 7 6 5 4 13 23 32 42 51 61 51 42 32 23 13 4 13 23 32 42 51 61 70 80 90 100 110 120 130 141 151 141 130 120 110 101 102 103 104 105 106 107 108 97 87 76 66 55 45 34 24 13 12 13 14 25 35 46 56 67 77 88 98 97 96 106 115 125 115 106 96 106 115 125 134 145 155 166 167 177 188 198 188 187 186 185 184 174 175 174 173 172 171 181 170 161 151 142 132 123 113 104 94 85 75 66 56 47 37 28 18 9 8 7 6 5 4 3 2 1 0
100
2 2
4 4
5 5
8 8
9 9
12 12
15 15
16 16
17 17
18 18
20 20
21 21
22 22
24 24
26 26
29 29
31 31
33 33
37 37
39 39
42 42
43 43
45 45
48 48
51 51
53 53
61 61
64 64
67 67
68 68
70 70
71 71
72 72
73 73
76 76
77 77
80 80
81 81
82 82
83 83
86 86
87 87
89 89
94 94
95 95
96 96
98 98
99 99
101 101
102 102
103 103
104 104
105 105
107 107
108 108
111 111
114 114
116 116
118 118
120 120
122 122
123 123
125 125
127 127
129 129
130 130
132 132
133 133
139 139
140 140
146 146
147 147
149 149
150 150
151 151
152 152
153 153
154 154
155 155
158 158
160 160
161 161
164 164
165 165
166 166
167 167
175 175
176 176
178 178
181 181
182 182
183 183
184 184
186 186
187 187
188 188
189 189
196 196
198 198
199 199
