CH AE DU CN DU CW CF BG CO AT DL BI DP BV AD BL AY CP DT DF BA AV BC AQ CJ BP DA AM AO DM AF AJ AF BS AF CL AF CU AP CP BY DD BZ AL DB CB BF AS DC AT DL AU AV BX BN AL AN DG AY AZ BA DO AB CD AC DQ BN CS DV AV BX CQ AK BK BU CA CG AN BZ DD CZ CF BD CF DI AK CV CH
50
AF AF
AJ AJ
AL AL
AM AM
AN AN
AP AP
AT AT
AU AU
AV AV
AY AY
AZ AZ
BC BC
BD BD
BF BF
BG BG
BI BI
BL BL
BN BN
BP BP
BS BS
BU BU
BV BV
BY BY
BZ BZ
CA CA
CB CB
CD CD
CF CF
CL CL
CN CN
CP CP
CQ CQ
CS CS
CU CU
CV CV
CW CW
CZ CZ
DB DB
DC DC
DD DD
DF DF
DG DG
DI DI
DL DL
DM DM
DO DO
DP DP
DQ DQ
DU DU
DV DV
