BU HG FG DE DS GT EY DT DV AE DV DH AY CM AT GX ES DB GH FO BZ CY CA AV CA DJ CB AP AZ GK FY AF FP BY BF AR AB ER CB GY BG DY EH EG GO DE AR BN DM DK HP DL CT AF DI GA DI AI HC EG CD AG FB AY DR GE AF FD CV AL ET AL DU EE CA HF GR GN CE CZ GM AI BS FI EL AE CF FU EG EQ BZ FF CP BE DP CI CS CI DP HF FR AA GQ FD BH BM BH BW DU GS CY FS AU DZ AU BQ CE CW AR BF EV CQ BA CM AH HM AU EN AU HI HG AS AG FW EO DR DM DK AX CO AO CR BZ AN DG EC ET HA AK CK AB EK HN DX CI AX AQ HP CJ DQ GG CX CH BK DF FN DF DD DI FL BE HH BE HJ CW BA GP DD FP BU
100
AE AE
AF AF
AN AN
AP AP
AQ AQ
AR AR
AT AT
AV AV
AX AX
AY AY
BA BA
BE BE
BF BF
BG BG
BH BH
BK BK
BM BM
BN BN
BQ BQ
BU BU
BW BW
BY BY
BZ BZ
CA CA
CD CD
CI CI
CK CK
CM CM
CO CO
CQ CQ
CR CR
CS CS
CT CT
CV CV
CW CW
CX CX
CY CY
CZ CZ
DD DD
DE DE
DI DI
DJ DJ
DK DK
DL DL
DM DM
DP DP
DQ DQ
DR DR
DS DS
DT DT
DU DU
DV DV
DX DX
DZ DZ
EC EC
EG EG
EH EH
EK EK
EL EL
EN EN
EO EO
EQ EQ
ER ER
ES ES
ET ET
EV EV
EY EY
FB FB
FD FD
FF FF
FG FG
FI FI
FL FL
FN FN
FP FP
FR FR
FS FS
FU FU
FW FW
FY FY
GA GA
GE GE
GH GH
GK GK
GM GM
GN GN
GO GO
GP GP
GQ GQ
GS GS
GT GT
GY GY
HA HA
HC HC
HF HF
HG HG
HH HH
HJ HJ
HM HM
HP HP
