Qatar Belarus Peru Nicaragua Serbia Gabon Haiti Qatar Tajikistan Mongolia Qatar Danzig Morocco Liberia Azerbaijan UAE Armenia Australia Estonia Sweden Montenegro RussianFederation Egypt Qatar France Serbia CostaRica Senegal SierraLeone DemofChina Kosovo Netherlands Qatar UnitedKingdom Macedonia Qatar Singapore Mozambique Belgium Qatar Angola Guyana Tanzania Uzbekistan Mali Serbia SanMarino GuineaBissau Tunisia VaticanCity Uruguay Malta Lebanon Tuvalu Qatar Albania Kyrgyzstan Qatar America Qatar Burundi Andorra SaintLucia Georgia Kyrgyzstan CzechRepublic Albania Qatar
50
Mongolia Mongolia
Albania Albania
America America
Kyrgyzstan Kyrgyzstan
VaticanCity VaticanCity
Armenia Armenia
CzechRepublic CzechRepublic
Peru Peru
Tanzania Tanzania
UnitedKingdom UnitedKingdom
Tuvalu Tuvalu
Mali Mali
UAE UAE
France France
Guyana Guyana
Andorra Andorra
Kosovo Kosovo
Australia Australia
Gabon Gabon
RussianFederation RussianFederation
Nicaragua Nicaragua
Netherlands Netherlands
Tajikistan Tajikistan
Mozambique Mozambique
Burundi Burundi
GuineaBissau GuineaBissau
SierraLeone SierraLeone
Senegal Senegal
Sweden Sweden
Lebanon Lebanon
Montenegro Montenegro
Danzig Danzig
Georgia Georgia
Angola Angola
Haiti Haiti
Liberia Liberia
Belarus Belarus
Morocco Morocco
Uzbekistan Uzbekistan
SanMarino SanMarino
CostaRica CostaRica
Macedonia Macedonia
Tunisia Tunisia
Belgium Belgium
Egypt Egypt
SaintLucia SaintLucia
Singapore Singapore
Estonia Estonia
Malta Malta
DemofChina DemofChina
