Albania Fiji Vanuatu Niger Paraguay Seychelles Panama Canada SaintKitts Vanuatu SaoTomPrincipe Israel Eritrea Nepal Netherlands IvoryCoast Rome Japan Albania SierraLeone Albania Qatar SaintLucia Paraguay Netherlands Tunisia Australia Serbia Albania Brazil Venezuela Tanzania Argentina Germany Bulgaria Ukraine NorthKorea Hungary Mauritania Albania Laos France Uruguay TheGambia Vietnam Bhutan Netherlands Maldives Djibouti Canada Kazakhstan Portugal NewZealand Latvia Albania Jamaica Albania Greece Norway Albania Rwanda Albania Bahamas Canada Mongolia Guatemala Switzerland Burkina Dominica Paraguay Cambodia Malaysia Netherlands Mauritius Ethiopia Chile Albania Kosovo Albania UAE Albania Comoros Paraguay Finland Vietnam Pakistan Danzig Estonia Italy BosHerzegovina MountAthos America Paraguay SolomonIslands Andorra Liechtenstein Canada EquatorGuinea Yemen Gabon Thailand SriLanka Paraguay Lesotho Paraguay Togo Newfoundland Vanuatu Romania Paraguay CapeVerde Vietnam Cuba Vanuatu Grenada Paraguay Philippines Vietnam Mali PapuaNewGuinea Slovenia Netherlands Burma Lithuania Vietnam Algeria Canada VaticanCity Netherlands CentralAfricanRep Peru Poland Canada Luxembourg Netherlands Kiribati SaudiArabia Suriname Albania Cyprus Canada RussianFederation Belarus UnitedKingdom Albania
100
Paraguay Paraguay
Vanuatu Vanuatu
Ethiopia Ethiopia
Latvia Latvia
Venezuela Venezuela
Burkina Burkina
Gabon Gabon
Comoros Comoros
Pakistan Pakistan
Fiji Fiji
MountAthos MountAthos
Mauritius Mauritius
SaintLucia SaintLucia
Burma Burma
Luxembourg Luxembourg
Finland Finland
Estonia Estonia
Israel Israel
VaticanCity VaticanCity
Romania Romania
Qatar Qatar
Rwanda Rwanda
Mauritania Mauritania
CapeVerde CapeVerde
Liechtenstein Liechtenstein
Germany Germany
Norway Norway
France France
Panama Panama
SaoTomPrincipe SaoTomPrincipe
RussianFederation RussianFederation
Djibouti Djibouti
Bahamas Bahamas
EquatorGuinea EquatorGuinea
Tunisia Tunisia
UAE UAE
Bulgaria Bulgaria
SriLanka SriLanka
NorthKorea NorthKorea
IvoryCoast IvoryCoast
Niger Niger
Cyprus Cyprus
Kiribati Kiribati
Thailand Thailand
Yemen Yemen
America America
Eritrea Eritrea
Newfoundland Newfoundland
SierraLeone SierraLeone
Peru Peru
Kosovo Kosovo
Guatemala Guatemala
BosHerzegovina BosHerzegovina
Chile Chile
Maldives Maldives
Dominica Dominica
SolomonIslands SolomonIslands
Bhutan Bhutan
CentralAfricanRep CentralAfricanRep
Ukraine Ukraine
Suriname Suriname
Danzig Danzig
Togo Togo
Portugal Portugal
Seychelles Seychelles
Algeria Algeria
Rome Rome
PapuaNewGuinea PapuaNewGuinea
Greece Greece
Lithuania Lithuania
Poland Poland
Grenada Grenada
Tanzania Tanzania
SaintKitts SaintKitts
Mongolia Mongolia
Serbia Serbia
Argentina Argentina
Cuba Cuba
Italy Italy
Belarus Belarus
Kazakhstan Kazakhstan
Japan Japan
TheGambia TheGambia
Switzerland Switzerland
Jamaica Jamaica
NewZealand NewZealand
Lesotho Lesotho
Andorra Andorra
SaudiArabia SaudiArabia
Hungary Hungary
Brazil Brazil
Mali Mali
Philippines Philippines
Nepal Nepal
Cambodia Cambodia
UnitedKingdom UnitedKingdom
Malaysia Malaysia
Laos Laos
Australia Australia
Slovenia Slovenia
