55 57 173 182 101 61 115 63 106 158 119 152 30 126 1 27 170 160 2 105 134 76 67 9 1 8 53 2 54 2 148 175 109 97 40 13 15 135 2 113 29 114 3 172 116 32 150 49 41 3 74 107 4 77 78 153 184 163 7 133 58 166 140 43 1 26 2 66 88 80 86 56 122 179 62 42 181 146 90 85 1 185 131 4 149 171 188 4 81 118 3 36 2 17 168 11 1 20 151 45 177 162 12 1 16 4 71 189 111 137 159 59 83 33 186 48 91 55
96
8 8
9 9
11 11
12 12
13 13
15 15
16 16
17 17
20 20
26 26
27 27
29 29
30 30
32 32
33 33
36 36
40 40
41 41
42 42
43 43
45 45
48 48
49 49
53 53
54 54
56 56
57 57
58 58
59 59
61 61
62 62
63 63
66 66
67 67
71 71
74 74
76 76
77 77
78 78
80 80
81 81
83 83
85 85
86 86
88 88
90 90
91 91
97 97
101 101
105 105
106 106
107 107
109 109
111 111
113 113
114 114
115 115
116 116
118 118
119 119
122 122
126 126
131 131
133 133
134 134
135 135
137 137
140 140
146 146
148 148
149 149
150 150
151 151
152 152
153 153
158 158
159 159
160 160
162 162
163 163
166 166
168 168
170 170
171 171
172 172
173 173
175 175
177 177
179 179
181 181
182 182
184 184
185 185
186 186
188 188
189 189
