FacultyClub Library BrainImagingCenter SutardjaDai BancroftLibrary FPF Evans HealthServices HearstGym EarthLibrary EthnicLibrary LawrenceofScience Etcheverry SocialLibrary Bechtel AnthropologyLibrary VLSB BioscienceLibrary Durham Boalt ArtHistoryLibrary OptometryLibrary Jacobs HearstFountain MartinezCommons Cheit StowPlaza Senior HearstGreekTheatre MelvinLaboratory Underhill TAAP Manville StudentUnion SproulPlaza Stanley Soda AndersenAuditorium SEAsianLibrary LatinAmerican BerkeleyWayWest EngineeringLibrary FoundersRock EnergyBuilding IdaHouse Wellman Wheeler OBrien Stephens Birge SpringerGateway CareerCenter PacificFilmArchive CesarChavez UniversityHouse Warren Durant VisualCenter Latimer FoxCottage SimpsonCenter MaxwellField InternationalHouse UpperHearstParking MediaCenter Hilgard Davis DonnerLaboratory Investigative NorthGate Pimentel EastAsianLibrary PhysicsLibrary AquaticCenter Bowles MSRI HearstFieldAnnex NewspapersLibrary McCone Unit3 LeConte Campbell IRLE AlumniHouse BancroftDance Giauque Mulford MathLibrary Hildebrand BanwayBuilding BioscienceLibrary CITRIS Sproul EarthquakeLibrary Morrison Spieker BerkeleyLawLibrary LawSchool Koshland FacultyClub WooHonFai MLK FacultyClub
100
FacultyClub FacultyClub
BioscienceLibrary BioscienceLibrary
SutardjaDai SutardjaDai
Etcheverry Etcheverry
SproulPlaza SproulPlaza
Hilgard Hilgard
StudentUnion StudentUnion
EarthquakeLibrary EarthquakeLibrary
UniversityHouse UniversityHouse
LawrenceofScience LawrenceofScience
Pimentel Pimentel
Mulford Mulford
CareerCenter CareerCenter
HearstGym HearstGym
Durham Durham
OBrien OBrien
Library Library
Spieker Spieker
FPF FPF
PacificFilmArchive PacificFilmArchive
BrainImagingCenter BrainImagingCenter
Morrison Morrison
Wheeler Wheeler
Cheit Cheit
Manville Manville
Koshland Koshland
Jacobs Jacobs
Investigative Investigative
EarthLibrary EarthLibrary
EnergyBuilding EnergyBuilding
MediaCenter MediaCenter
StowPlaza StowPlaza
MartinezCommons MartinezCommons
MelvinLaboratory MelvinLaboratory
BancroftDance BancroftDance
AndersenAuditorium AndersenAuditorium
Unit3 Unit3
AnthropologyLibrary AnthropologyLibrary
Stephens Stephens
InternationalHouse InternationalHouse
OptometryLibrary OptometryLibrary
IRLE IRLE
SpringerGateway SpringerGateway
DonnerLaboratory DonnerLaboratory
ArtHistoryLibrary ArtHistoryLibrary
Sproul Sproul
Birge Birge
CITRIS CITRIS
NewspapersLibrary NewspapersLibrary
Warren Warren
PhysicsLibrary PhysicsLibrary
CesarChavez CesarChavez
BerkeleyWayWest BerkeleyWayWest
MSRI MSRI
HealthServices HealthServices
WooHonFai WooHonFai
TAAP TAAP
MathLibrary MathLibrary
AquaticCenter AquaticCenter
UpperHearstParking UpperHearstParking
Evans Evans
BancroftLibrary BancroftLibrary
HearstFieldAnnex HearstFieldAnnex
HearstFountain HearstFountain
BerkeleyLawLibrary BerkeleyLawLibrary
Underhill Underhill
Campbell Campbell
Davis Davis
NorthGate NorthGate
Giauque Giauque
AlumniHouse AlumniHouse
Bowles Bowles
Wellman Wellman
VLSB VLSB
Senior Senior
Stanley Stanley
SocialLibrary SocialLibrary
EastAsianLibrary EastAsianLibrary
SimpsonCenter SimpsonCenter
EthnicLibrary EthnicLibrary
FoxCottage FoxCottage
Hildebrand Hildebrand
MaxwellField MaxwellField
SEAsianLibrary SEAsianLibrary
IdaHouse IdaHouse
Bechtel Bechtel
BanwayBuilding BanwayBuilding
EngineeringLibrary EngineeringLibrary
Durant Durant
Soda Soda
McCone McCone
LatinAmerican LatinAmerican
VisualCenter VisualCenter
LawSchool LawSchool
LeConte LeConte
HearstGreekTheatre HearstGreekTheatre
MLK MLK
Boalt Boalt
Latimer Latimer
FoundersRock FoundersRock
