lllIl1I I11111l l1IIl1l 1I1lllI Ill11I1 1l1lIlI 1IlIl1I 1llI111 1I1I1l1 1I1l1Il 1I11Ill Ill11I1 II11l1l lIl111I 1I1I1l1 lIIl11l III1llI lII111l I11I11l l1I111I l1IIl1l l1IllI1 l1IIl1l IIl1l1I l1IIl1l lIIlII1 1lllIII l1lll11 1lllIII Ill11II I1lIlII 111lI1I IlI1II1 Ill1I11 1I1I1lI ll111ll Il1Il1I lI11III III111I 1lllIII II1Il1I lIllIll 11lI11I 11IIII1 l1IIl1l I1ll1II l1IIl1l I11I111 l1IIl1l I1llII1 I1llll1 l1IIl1l IlI1Il1 I111I1I l1IIl1l 1lIl11I l1IIl1l IlI1II1 llI1lII 11lI11I ll111ll IIlIllI 1l11lII l1Ill11 1lllIII l1l11l1 l1IIl1l lI1l111 l1lllll Ill11I1 llIIII1 lll1111 11111lI lllllII l1IIl1l 1lllIII 11lI11I 1lllIII lll1I1l lllIl1I
50
lI11III lI11III
lIl111I lIl111I
Ill1I11 Ill1I11
lIIl11l lIIl11l
II1Il1I II1Il1I
I11111l I11111l
II11l1l II11l1l
lII111l lII111l
Il1Il1I Il1Il1I
ll111ll ll111ll
l1IllI1 l1IllI1
11111lI 11111lI
l1l11l1 l1l11l1
1l11lII 1l11lII
11lI11I 11lI11I
l1I111I l1I111I
llIIII1 llIIII1
lIIlII1 lIIlII1
I1ll1II I1ll1II
Ill11II Ill11II
lll1I1l lll1I1l
11IIII1 11IIII1
111lI1I 111lI1I
l1lllll l1lllll
lI1l111 lI1l111
IIl1l1I IIl1l1I
1I1l1Il 1I1l1Il
1I11Ill 1I11Ill
IIlIllI IIlIllI
1llI111 1llI111
I11I111 I11I111
I11I11l I11I11l
1l1lIlI 1l1lIlI
I1llII1 I1llII1
I1llll1 I1llll1
l1Ill11 l1Ill11
IlI1Il1 IlI1Il1
1IlIl1I 1IlIl1I
llI1lII llI1lII
III1llI III1llI
IlI1II1 IlI1II1
l1lll11 l1lll11
1I1I1lI 1I1I1lI
1I1lllI 1I1lllI
l1IIl1l l1IIl1l
lIllIll lIllIll
1lIl11I 1lIl11I
I111I1I I111I1I
III111I III111I
1I1I1l1 1I1I1l1
