AyBBdkPvTTt19wqt q 1CYyNxk8m7fToc6XLW7T nw566uv r9qUrqog71Fz9gx d5P0NXv8 w22P6su70O6jf3FJ 3 3z4E 3 O73Lh6 9o4t iT7 TMULg CDuc4XdY7zp 2l90gxx61rTb0CbF tbwtQej 2T6osNpb4 lP84Whn qGr382CkPK997QVHAL lP84Whn Le6BO3R b817BTo6GdPc96ig2 wUtvmN9V14Vw0fcE01F ywj3aNhyxUH wUtvmN9V14Vw0fcE01F 1utCvCS3yEzt0HBbKt I4640OD 1utCvCS3yEzt0HBbKt 360B15fOiy1XBl hG8udpL53V 2qbTYSv3J b19692 6nB9xzJ7b5115Qu5 b6DdFnSk8qdk45 I4640OD L46h8MG90TBpA8v9 I4640OD IEtn6zEV03H3 6v326555i1Io5Z FR3SCSFtuk055ORI zM5l4u83ERoh6lnR78 e1M0JsNJ5 IEtn6zEV03H3 pwvBbQ870l3Io2K iFF184 1MHxxU Ja L7Mfs3034VwaB7kd3Z MEv16358FQ E76twn5gNBei01uh2PkH NU7gnWcAs4nq66FS kg8257p31rTQvRWjGF SdP9W8WRSw 2mk9O8P6 Q 2mk9O8P6 Ut7hqt9A p772t3OLqj 89ukpivGhdck21Krrh40 98E9ia5 KIOJyBXM922ydZA5 7DmqFE ymzG1qC7YsJFFmeog T8C17MZ6g69gmQ FKWv88jkw79me jxDm vRH6pA1I75N1 jxDm 6c1qFsEg9xI jxDm 4932 0b 9jWI53P36dh95 khC 7DmqFE 36Y155M7F1ZG8 7DmqFE GXFdnTo0Mk JBYT6heC6yE4 GXFdnTo0Mk P 1MHxxU 0Lw86e I6 o83v2nI1sQs I6 6v326555i1Io5Z I6 0Lw86e 1MHxxU P 1MHxxU 1wF6 1MHxxU TByQ7zH089 1MHxxU 0Lw86e uF131buM7L27 0Lw86e dUdv wC12hFFKGF Nstvw8dF9rhja nOMN589D7t0QjhnBj3wn Nstvw8dF9rhja h5 CDuc4XdY7zp TMULg iT7 M40P0vmSkH961FtFpaR bfYVB7M6I5 T8C17MZ6g69gmQ c3x9Cmq8W5oa57mjASv 2P201UD8Q Fe5xMwq0a8 MEv16358FQ Rf0x16WtfDv MEv16358FQ yd7324WTF DqfU93360y3I66U0 9q06155efQSN 8kQ991Y80Dy 4B5uWNh7Dl3lRP khC 4B5uWNh7Dl3lRP 8kQ991Y80Dy v 8kQ991Y80Dy 4B5uWNh7Dl3lRP khC 2Et5UN6ZJ19iz khC P6C89a32 khC 7DmqFE J68F52raS3n1L6ZYK x60I798qq0Sq6Xdc9s0 O7W5C8z8H93l MjwmiyLlZn 68ZC6T1G2o9Q95CKs MjwmiyLlZn thypPB22BchO3Od9 tbwtQej 2T6osNpb4 o88qO93T 85682ijoufq1DW o88qO93T 920ucA0jXEv 1MHxxU P Q2PY RYtkT5 usTG0We6G9WDs7Dk RYtkT5 8Qe2lSUyQa RYtkT5 Iqcp2LHc0iz446x59 o 7d2Q05crlPi o 5tQKcAo3 2YlhGrefFhV6JLtw iFF184 b19692 6nB9xzJ7b5115Qu5 baJvRpx2qsf2 MJ2l1N0ojTC d 6c1qFsEg9xI A6gMJKsUfUSuEI76 67zx6J5N914IyP9GV5 Tk46 DqfU93360y3I66U0 Han188Ox O73Lh6 3 9jWI53P36dh95 0b 3505 0b 4932 l hG8udpL53V l eZEbm QE9dXn5y6j2YYh Ru0A1pKIpZYWG A 1e90fR0FtB7Ev156y A 8w6aRuq 89ukpivGhdck21Krrh40 98E9ia5 gv3T5z4 98E9ia5 2qbTYSv3J 659Cx 2qbTYSv3J EL5n1KQ3kn Ut7hqt9A XQxkrBxnI Fe5xMwq0a8 MEv16358FQ yd7324WTF 2T6osNpb4 6qc68848myvIqoZWw c2m39UUoMb IEtn6zEV03H3 6v326555i1Io5Z 2P201UD8Q EL5n1KQ3kn Ut7hqt9A EL5n1KQ3kn w22P6su70O6jf3FJ CDuc4XdY7zp EnmWLiDA9NE89oNUTbx aCCE QqvW51K9Cm aCCE 2P201UD8Q c2m39UUoMb 7tAK5gvusa66TB8HH7nq 5nYY46YfUGovj q7Ehaiz 5nYY46YfUGovj XMV256fk q 8tvL5MpO9J735t q AyBBdkPvTTt19wqt
100
hG8udpL53V hG8udpL53V
p772t3OLqj p772t3OLqj
Rf0x16WtfDv Rf0x16WtfDv
d5P0NXv8 d5P0NXv8
ywj3aNhyxUH ywj3aNhyxUH
khC khC
7DmqFE 7DmqFE
thypPB22BchO3Od9 thypPB22BchO3Od9
6qc68848myvIqoZWw 6qc68848myvIqoZWw
b19692 b19692
FR3SCSFtuk055ORI FR3SCSFtuk055ORI
JBYT6heC6yE4 JBYT6heC6yE4
3z4E 3z4E
KIOJyBXM922ydZA5 KIOJyBXM922ydZA5
vRH6pA1I75N1 vRH6pA1I75N1
4B5uWNh7Dl3lRP 4B5uWNh7Dl3lRP
aCCE aCCE
o83v2nI1sQs o83v2nI1sQs
1wF6 1wF6
nOMN589D7t0QjhnBj3wn nOMN589D7t0QjhnBj3wn
RYtkT5 RYtkT5
XMV256fk XMV256fk
Q2PY Q2PY
E76twn5gNBei01uh2PkH E76twn5gNBei01uh2PkH
4932 4932
85682ijoufq1DW 85682ijoufq1DW
q7Ehaiz q7Ehaiz
MjwmiyLlZn MjwmiyLlZn
usTG0We6G9WDs7Dk usTG0We6G9WDs7Dk
L46h8MG90TBpA8v9 L46h8MG90TBpA8v9
q q
2P201UD8Q 2P201UD8Q
2YlhGrefFhV6JLtw 2YlhGrefFhV6JLtw
Q Q
pwvBbQ870l3Io2K pwvBbQ870l3Io2K
FKWv88jkw79me FKWv88jkw79me
b6DdFnSk8qdk45 b6DdFnSk8qdk45
iFF184 iFF184
9jWI53P36dh95 9jWI53P36dh95
uF131buM7L27 uF131buM7L27
36Y155M7F1ZG8 36Y155M7F1ZG8
8w6aRuq 8w6aRuq
SdP9W8WRSw SdP9W8WRSw
89ukpivGhdck21Krrh40 89ukpivGhdck21Krrh40
T8C17MZ6g69gmQ T8C17MZ6g69gmQ
3 3
yd7324WTF yd7324WTF
gv3T5z4 gv3T5z4
eZEbm eZEbm
e1M0JsNJ5 e1M0JsNJ5
NU7gnWcAs4nq66FS NU7gnWcAs4nq66FS
2l90gxx61rTb0CbF 2l90gxx61rTb0CbF
Han188Ox Han188Ox
Ut7hqt9A Ut7hqt9A
EnmWLiDA9NE89oNUTbx EnmWLiDA9NE89oNUTbx
920ucA0jXEv 920ucA0jXEv
Tk46 Tk46
2Et5UN6ZJ19iz 2Et5UN6ZJ19iz
9q06155efQSN 9q06155efQSN
b817BTo6GdPc96ig2 b817BTo6GdPc96ig2
P P
IEtn6zEV03H3 IEtn6zEV03H3
jxDm jxDm
MEv16358FQ MEv16358FQ
A6gMJKsUfUSuEI76 A6gMJKsUfUSuEI76
J68F52raS3n1L6ZYK J68F52raS3n1L6ZYK
6c1qFsEg9xI 6c1qFsEg9xI
r9qUrqog71Fz9gx r9qUrqog71Fz9gx
P6C89a32 P6C89a32
dUdv dUdv
qGr382CkPK997QVHAL qGr382CkPK997QVHAL
c3x9Cmq8W5oa57mjASv c3x9Cmq8W5oa57mjASv
9o4t 9o4t
7d2Q05crlPi 7d2Q05crlPi
8Qe2lSUyQa 8Qe2lSUyQa
6v326555i1Io5Z 6v326555i1Io5Z
L7Mfs3034VwaB7kd3Z L7Mfs3034VwaB7kd3Z
8tvL5MpO9J735t 8tvL5MpO9J735t
TByQ7zH089 TByQ7zH089
I4640OD I4640OD
O7W5C8z8H93l O7W5C8z8H93l
XQxkrBxnI XQxkrBxnI
QqvW51K9Cm QqvW51K9Cm
I6 I6
1e90fR0FtB7Ev156y 1e90fR0FtB7Ev156y
v v
kg8257p31rTQvRWjGF kg8257p31rTQvRWjGF
3505 3505
68ZC6T1G2o9Q95CKs 68ZC6T1G2o9Q95CKs
TMULg TMULg
Le6BO3R Le6BO3R
MJ2l1N0ojTC MJ2l1N0ojTC
nw566uv nw566uv
ymzG1qC7YsJFFmeog ymzG1qC7YsJFFmeog
1utCvCS3yEzt0HBbKt 1utCvCS3yEzt0HBbKt
5nYY46YfUGovj 5nYY46YfUGovj
d d
2T6osNpb4 2T6osNpb4
659Cx 659Cx
6nB9xzJ7b5115Qu5 PELS5
