73 96 38 88 27 2 94 53 50 71 9 71 50 61 92 65 92 33 48 32 1 77 45 88 22 29 6 98 9 57 75 57 9 71 9 98 21 98 45 5 38 96 15 48 33 92 65 62 99 62 12 34 58 74 49 44 49 74 66 31 86 29 84 81 91 28 40 16 85 16 40 13 48 32 1 19 1 50 71 9 57 9 71 50 53 34 58 74 49 75 46 99 25 90 64 11 33 82 33 48 13 40 28 91 78 50 1 68 90 68 4 69 98 45 10 17 93 64 11 33 48 15 96 38 88 27 88 45 77 14 17 7 4 74 66 74 4 7 17 93 17 10 17 7 84 29 83 29 86 37 76 18 19 1 5 38 8 38 5 1 50 78 91 81 28 40 13 48 33 48 15 96 38 88 100 88 38 96 15 79 95 19 1 5 38 96 73
48
1 1
5 5
8 8
9 9
10 10
11 11
12 12
13 13
15 15
14 14
18 18
19 19
21 21
22 22
25 25
27 27
29 29
33 33
34 34
44 44
48 48
50 50
53 53
57 57
65 65
66 66
68 68
71 71
74 74 49
75 75 46
76 76
77 77
78 78
79 79
81 81
82 82
83 83
84 84
86 86
85 85
90 90
91 91
93 93
94 94
96 96
98 98
99 99
100 100
