75 16 37 94 24 86 25 52 4 47 4 56 98 69 99 64 87 7 74 36 2 64 99 90 99 21 5 44 77 19 34 19 92 82 92 26 71 32 84 32 71 80 97 42 97 80 64 12 18 76 18 62 77 83 43 29 1 49 39 57 39 9 25 86 31 86 48 86 24 3 24 59 68 55 46 63 91 63 98 69 99 72 58 67 96 73 96 74 7 13 18 81 30 65 30 89 75
50
94 94
86 86
87 87
76 76
97 97
75 75
21 21
13 13
36 36
80 80
57 57
69 69
89 89
3 3
73 73
4 4
82 82
64 64
98 98
52 52
74 74
46 46
48 48
25 25
42 42
47 47
55 55
29 29
31 31
91 91
84 84
49 49
92 92
77 77
81 81
43 43
7 7
34 34
90 90
56 56
58 58
59 59
44 44
65 65
62 62
96 96
9 9
12 12
32 32
26 26
