destitute Goodrich jewel Auberge swordfish illusion Bernini balustrade Isfahan Darwin Halstead yogurt Injun Goodrich funny Bleeker Auberge slowdown amateur McCall Modesto Isfahan Bleeker trill MN Bernini creekside Bernini papal Bernini bobble Amtrak Gilmore Andersen fatten Dominican Bleeker Hewlett decor Halstead schedule sacrifice anvil McCall shroud choice Andersen Auberge Andersen tate diligent Andersen extractor transpiration septillion ripe Hindi Elizabethan Curtis connubial Bernini midget Fisk mediate swingy Amtrak stanza Bernini minion Bernini embassy Halstead Andersen Vega Andersen Rio Loomis destitute
50
Andersen Andersen
Auberge Auberge
Bleeker Bleeker
Darwin Darwin
Dominican Dominican
Elizabethan Elizabethan
Fisk Fisk
Gilmore Gilmore
Halstead Halstead
Hewlett Hewlett
Hindi Hindi
Injun Injun
Isfahan Isfahan
Loomis Loomis
MN MN
McCall McCall
Modesto Modesto
Rio Rio
Vega Vega
amateur amateur
anvil anvil
balustrade balustrade
bobble bobble
choice choice
connubial connubial
creekside creekside
decor decor
diligent diligent
embassy embassy
extractor extractor
fatten fatten
funny funny
illusion illusion
jewel jewel
mediate mediate
midget midget
minion minion
papal papal
ripe ripe
schedule schedule
septillion septillion
shroud shroud
slowdown slowdown
stanza stanza
swingy swingy
swordfish swordfish
tate tate
transpiration transpiration
trill trill
yogurt yogurt
