1 1dG 1dZ 1cS 1bQ 1aM 1dR 1dA 1aW 1bY 1dN 1dY 1cB 1bU 1cH 1dO 1dS 1aS 1eJ 1bA 1bX 1cI 1dF 1cO 1aT 1cE 1bV 1aQ 1bB 1dW 1cU 1dP 1eH 1cR 1aY 1bC 1cY 1bT 1bW 1cV 1cC 1cW 1cX 1dJ 1eG 1aL 1cG 1bG 1aA 1cJ 1dM 1aZ 1bR 1aC 1aN 1cZ 1dE 1aB 1aE 1cK 1bM 1bP 1bH 1bD 1bE 1bJ 1cP 1dT 1bN 1aU 1cN 1bO 1cQ 1eF 1dC 1dI 1aJ 1eD 1dH 1cF 1dV 1eE 1aK 1dD 1cD 1eB 1aP 1aI 1bL 1aR 1bK 1eI 1eC 1dK 1bF 1aV 1bS 1aX 1eA 1cT 1
100
1 1
1aA 1aA
1aB 1aB
1aC 1aC
1aE 1aE
1aI 1aI
1aJ 1aJ
1aK 1aK
1aL 1aL
1aM 1aM
1aN 1aN
1aP 1aP
1aQ 1aQ
1aR 1aR
1aS 1aS
1aT 1aT
1aU 1aU
1aV 1aV
1aW 1aW
1aX 1aX
1aY 1aY
1aZ 1aZ
1bA 1bA
1bB 1bB
1bC 1bC
1bD 1bD
1bE 1bE
1bF 1bF
1bG 1bG
1bH 1bH
1bJ 1bJ
1bK 1bK
1bL 1bL
1bM 1bM
1bN 1bN
1bO 1bO
1bP 1bP
1bQ 1bQ
1bR 1bR
1bS 1bS
1bT 1bT
1bU 1bU
1bV 1bV
1bW 1bW
1bX 1bX
1bY 1bY
1cB 1cB
1cC 1cC
1cD 1cD
1cE 1cE
1cF 1cF
1cG 1cG
1cH 1cH
1cI 1cI
1cJ 1cJ
1cK 1cK
1cN 1cN
1cO 1cO
1cP 1cP
1cQ 1cQ
1cR 1cR
1cS 1cS
1cT 1cT
1cU 1cU
1cV 1cV
1cW 1cW
1cX 1cX
1cY 1cY
1cZ 1cZ
1dA 1dA
1dC 1dC
1dD 1dD
1dE 1dE
1dF 1dF
1dG 1dG
1dH 1dH
1dI 1dI
1dJ 1dJ
1dK 1dK
1dM 1dM
1dN 1dN
1dO 1dO
1dP 1dP
1dR 1dR
1dS 1dS
1dT 1dT
1dV 1dV
1dW 1dW
1dY 1dY
1dZ 1dZ
1eA 1eA
1eB 1eB
1eC 1eC
1eD 1eD
1eE 1eE
1eF 1eF
1eG 1eG
1eH 1eH
1eI 1eI
1eJ 1eJ
