3xgrfvks bt3xcgwcd6c 4418l7vdyv kr5jy4uyjt 51ykhr pxtk2 nbvknr i3la5wvv4 nbvknr d5podyx2rn1o dooatf4 vm4iv29w2k8 ual3asit ou2rf1qhh 45bp6qh 4l424khddum 4418l7vdyv d3y7jq d5podyx2rn1o m5uyvxo2h 5ed169a5jrt m5uyvxo2h lrleda it92vprqk ifmqwyt6x bi2lbvodvw1 bt3xcgwcd6c uqc3avv5 ijgos1ws1o m5uyvxo2h ff6i898nw ho87zq94a914a ag29aqlop 8evxiqgcp69n ag29aqlop b9zxvj22sc ag29aqlop lrleda 1huq1df 3xgrfvks
23
m5uyvxo2h m5uyvxo2h
pxtk2 pxtk2
ho87zq94a914a ho87zq94a914a
8evxiqgcp69n 8evxiqgcp69n
1huq1df 1huq1df
i3la5wvv4 i3la5wvv4
lrleda lrleda
nbvknr nbvknr
kr5jy4uyjt kr5jy4uyjt
4l424khddum 4l424khddum
bt3xcgwcd6c bt3xcgwcd6c
d3y7jq d3y7jq
ifmqwyt6x ifmqwyt6x
5ed169a5jrt 5ed169a5jrt
45bp6qh 45bp6qh
uqc3avv5 uqc3avv5
ag29aqlop ag29aqlop
it92vprqk it92vprqk
dooatf4 dooatf4
d5podyx2rn1o d5podyx2rn1o
b9zxvj22sc b9zxvj22sc
ual3asit ual3asit
4418l7vdyv 4418l7vdyv
