htb26qt vx6dadli2g 8m3pascg ben42py9 y3eg7gqq6 ben42py9 ynuam4f8 ben42py9 1ca2x2cnc zou7sx9w aplkk57cpzm lnnsb9 4w6uhigzl wqkqf hwu8dv9jgknbm siimi45 i6lsw66h 2hzpyd hc2hf5t8 188h5ax 1161ildqnj 188h5ax ysiw8m4l vqthskq s9vu9xx884 jeiqok g2g6fxcwr2l 52a3fj2zh ligw3mffc k3qywmpr ozag34bm9 wqkqf 9oii82xaa kuxb29 yhvc7zg ilaz9q ic2r4blmm9 pt2n7hl piawzpgtzz9 og6n7bgq8h wqkqf pt2n7hl 87jxa pt2n7hl e7lxs itbc25it1yep pwqxinlzb3s vx6dadli2g kwtb3cg 5b63nad1 nd9xavj 5b63nad1 itrx5fucdq hq5mh8mi pt2n7hl obabms pt2n7hl euhqqqmdpe pt2n7hl 3khitn6 xpxnortd 9egqgrh7x4e qq3mi nm7ud 1jhmm8m85 obabms vrem3ey3kg44 7hz6j8 vl6czuab itbc25it1yep uzsjpl5f5 7pbkkbbpw xpxnortd h1gz5hzz itrx5fucdq 59yzvtv itrx5fucdq p9mtts itbc25it1yep 4ka6l1c8w pllpn kxhc6t8tu jeiqok 9lvbrlgk l8yypbh 8jea4n4ez yx6dguko zjj1dm8s art44ncra f92ere3 ben42py9 iffsi lnnsb9 x73l73jp 8gc7dka8lfy gd5ct4 id5491f19 7hz6j8 zjh83ae yhp7wbv9 tu8xxomxhi grn3uqx9y 6a87gkworxixf ay5sahonq84 mucolb1r txlltgki ht1efrhmh ozag34bm9 pmyqr ligw3mffc fej54ps5j wqkqf mw8g2qjo1 2hzpyd yg6hizqty m5r6ali q42s9z886w5 t4iedm k9f3w9 ushjdkdhm9 6u4sf1gi vx6dadli2g dt4ljfgjkizpq ml5lp1nmef yhp7wbv9 4lvyha1 a5u8g4sej itbc25it1yep og6n7bgq8h txlltgki ml5lp1nmef 812l47wm f92ere3 tjwldi 37v6d itbc25it1yep 6k7du t6jinp 5stwoup qq3mi hyc885fvjls 7hz6j8 dlkmpx yr44oj2 vx6dadli2g htb26qt
84
yhvc7zg yhvc7zg
iffsi iffsi
zou7sx9w zou7sx9w
wqkqf wqkqf
tjwldi tjwldi
txlltgki txlltgki
ozag34bm9 ozag34bm9
l8yypbh l8yypbh
9lvbrlgk 9lvbrlgk
p9mtts p9mtts
ushjdkdhm9 ushjdkdhm9
g2g6fxcwr2l g2g6fxcwr2l
yhp7wbv9 yhp7wbv9
y3eg7gqq6 y3eg7gqq6
5stwoup 5stwoup
nd9xavj nd9xavj
7hz6j8 7hz6j8
itrx5fucdq itrx5fucdq
og6n7bgq8h og6n7bgq8h
nm7ud nm7ud
6k7du 6k7du
yg6hizqty yg6hizqty
pmyqr pmyqr
6u4sf1gi 6u4sf1gi
7pbkkbbpw 7pbkkbbpw
ynuam4f8 ynuam4f8
4ka6l1c8w 4ka6l1c8w
tu8xxomxhi tu8xxomxhi
9oii82xaa 9oii82xaa
812l47wm 812l47wm
euhqqqmdpe euhqqqmdpe
dlkmpx dlkmpx
hwu8dv9jgknbm hwu8dv9jgknbm
pt2n7hl pt2n7hl
ht1efrhmh ht1efrhmh
1jhmm8m85 1jhmm8m85
gd5ct4 gd5ct4
kxhc6t8tu kxhc6t8tu
aplkk57cpzm aplkk57cpzm
mw8g2qjo1 mw8g2qjo1
kwtb3cg kwtb3cg
ysiw8m4l ysiw8m4l
i6lsw66h i6lsw66h
9egqgrh7x4e 9egqgrh7x4e
mucolb1r mucolb1r
e7lxs e7lxs
vrem3ey3kg44 vrem3ey3kg44
zjh83ae zjh83ae
8m3pascg 8m3pascg
52a3fj2zh 52a3fj2zh
fej54ps5j fej54ps5j
obabms obabms
3khitn6 3khitn6
h1gz5hzz h1gz5hzz
vl6czuab vl6czuab
ay5sahonq84 ay5sahonq84
uzsjpl5f5 uzsjpl5f5
ic2r4blmm9 ic2r4blmm9
dt4ljfgjkizpq dt4ljfgjkizpq
x73l73jp x73l73jp
k3qywmpr k3qywmpr
q42s9z886w5 q42s9z886w5
art44ncra art44ncra
1161ildqnj 1161ildqnj
yr44oj2 yr44oj2
yx6dguko yx6dguko
f92ere3 f92ere3
pwqxinlzb3s pwqxinlzb3s
grn3uqx9y grn3uqx9y
s9vu9xx884 s9vu9xx884
hc2hf5t8 hc2hf5t8
1ca2x2cnc 1ca2x2cnc
8jea4n4ez 8jea4n4ez
87jxa 87jxa
4w6uhigzl 4w6uhigzl
ilaz9q ilaz9q
37v6d 37v6d
hyc885fvjls hyc885fvjls
hq5mh8mi hq5mh8mi
piawzpgtzz9 piawzpgtzz9
8gc7dka8lfy 8gc7dka8lfy
a5u8g4sej a5u8g4sej
t4iedm t4iedm
59yzvtv 59yzvtv
