SaintPaul Irvine Newark Scottsdale Honolulu Memphis Anaheim Arlington Charlotte ChulaVista Honolulu Lubbock SanFrancisco Stockton Houston Chesapeake Washington Plano Chandler NewOrleans Detroit Denver JerseyCity Laredo JerseyCity Lincoln Minneapolis Bakersfield LosAngeles Glendale Columbus Phoenix Durham SantaAna Durham WinstonSalem Oakland Atlanta Oakland Philadelphia Tucson Raleigh Tucson Philadelphia Pittsburgh ElPaso Austin SanAntonio Austin Aurora FortWayne Anchorage FortWayne OklahomaCity Hialeah Glendale Columbus Milwaukee StPetersburg Henderson StPetersburg Spokane Fresno Lexington Portland Tampa SanDiego SanJose Madison Louisville FortWorth LongBeach Dallas LongBeach Baltimore ChulaVista Cincinnati OklahomaCity Atlanta LasVegas Indianapolis SaintPaul
50
Newark Newark
Plano Plano
Scottsdale Scottsdale
Denver Denver
Honolulu Honolulu
SanAntonio SanAntonio
Durham Durham
Lexington Lexington
FortWorth FortWorth
Henderson Henderson
Austin Austin
FortWayne FortWayne
Baltimore Baltimore
Houston Houston
Glendale Glendale
Pittsburgh Pittsburgh
SanDiego SanDiego
Tucson Tucson
WinstonSalem WinstonSalem
SanJose SanJose
SantaAna SantaAna
Hialeah Hialeah
Lincoln Lincoln
LongBeach LongBeach
Charlotte Charlotte
Spokane Spokane
Milwaukee Milwaukee
Atlanta Atlanta
Laredo Laredo
Chesapeake Chesapeake
Dallas Dallas
Stockton Stockton
Columbus Columbus
Memphis Memphis
JerseyCity JerseyCity
Phoenix Phoenix
StPetersburg StPetersburg
Chandler Chandler
Indianapolis Indianapolis
Lubbock Lubbock
Bakersfield Bakersfield
Tampa Tampa
Anchorage Anchorage
Raleigh Raleigh
NewOrleans NewOrleans
OklahomaCity OklahomaCity
ElPaso ElPaso
Aurora Aurora
Madison Madison
Cincinnati Cincinnati
