10 58 10 59 15 78 79 31 3 81 23 80 23 60 93 61 6 97 66 7 98 67 5 44 76 77 11 39 68 69 13 25 62 94 95 63 4 83 82 2 90 55 54 89 3 74 75 1 41 72 73 44 71 3 70 2 85 84 35 51 87 86 50 4 57 9 56 91 17 20 96 26 65 64 14 88 30 52 30 53 15 92 10
49
50 50
51 51
52 52
53 53
54 54
55 55
56 56
57 57
58 58
59 59
60 60
61 61
62 62
63 63
64 64
65 65
66 66
67 67
68 68
69 69
70 70
71 71
72 72
73 73
74 74
75 75
76 76
77 77
78 78
79 79
80 80
81 81
82 82
83 83
84 84
85 85
86 86
87 87
88 88
89 89
90 90
91 91
92 92
93 93
94 94
95 95
96 96
97 97
98 98
