gc as gk em di ad gj q fy db fa az br er am cn ge bj dh d aw b dj en ap fd co bx bl gn a bc by p cs el cj ee bi ao cl cv fn cq gi gh dw fr dg fh j cz b cp v b gm a u ab bv y a ga dx e ff fk fq fe bu gq bn ai dn es a bq at cr ep g a ck go cg dy a cm fw b et ac eq fi do gg dp dq bp ae bb ah ft bt ey an fo ds gc
100
d d
cm cm
ah ah
cs cs
gn gn
dy dy
fd fd
er er
ds ds
bj bj
eq eq
q q
fi fi
ep ep
an an
br br
j j
at at
bt bt
fy fy
dg dg
ad ad
fn fn
bq bq
ap ap
cz cz
gg gg
az az
dq dq
gi gi
et et
dn dn
as as
do do
di di
u u
fw fw
fo fo
am am
bp bp
bi bi
ac ac
cn cn
cg cg
aw aw
dp dp
ab ab
bc bc
en en
by by
cq cq
fr fr
ey ey
ao ao
g g
ee ee
ae ae
co co
ck ck
gj gj
dx dx
ga ga
ff ff
fe fe
bx bx
gh gh
go go
bv bv
em em
ft ft
e e
p p
y y
es es
el el
db db
dh dh
cj cj
ai ai
bl bl
fk fk
fq fq
cr cr
gq gq
dj dj
cv cv
gk gk
cl cl
fh fh
v v
a a
fa fa
cp cp
b b
bn bn
ge ge
dw dw
gm gm
bb bb
bu bu
