A B TA912NN TA112N TA812NN TA13 TB21 TA152N TA8 TA10 TA22N B TA23 TA14 B TA2312NN C TA212NN TA231 TA11 E TA4 TA121 TA201 TA92N TA21 TA2212NN TA2 TA1612NN TA18 TA71 C TA202N B TB11 G TA512NN TA72N B TA82N A TA151 TA1912NN C TA102N C TA12NN TA1112NN F TA182N TA211 TA3 A TA2012NN TA15 TA2112NN F TA9 TA142N TA41 A TA312NN TA162N TA222N A TA191 TA241 TA132N C TA192N TA1412NN F TA212N TA52N TA161 TA16 TA51 TA32N TA1712NN TA5 TA412NN A TA141 TA22 TA2N TA112NN TA TA612NN TA19 B TA91 H TA24 TA221 TA1012NN TA232N A TA712NN TA1312NN TA61 TA1212NN TA81 TA242N TA62N TA172N TB1 C TA1 TA7 TA1512NN TA31 TA20 TA12N TA122N TA17 TA6 TA2412NN D TA12 TA181 TA1812NN TA42N TA131 TA171 TA111 TA101 A
100
TA TA
TA1 TA1
TA2 TA2
TA3 TA3
TA4 TA4
TA5 TA5
TA6 TA6
TA7 TA7
TA8 TA8
TA9 TA9
TA10 TA10
TA11 TA11
TA12 TA12
TA13 TA13
TA14 TA14
TA15 TA15
TA16 TA16
TA17 TA17
TA18 TA18
TA19 TA19
TA20 TA20
TA21 TA21
TA22 TA22
TA23 TA23
TA24 TA24
TB1 TB1
TB11 TB11
TB21 TB21
TA31 TA31
TA41 TA41
TA51 TA51
TA61 TA61
TA71 TA71
TA81 TA81
TA91 TA91
TA101 TA101
TA111 TA111
TA121 TA121
TA131 TA131
TA141 TA141
TA151 TA151
TA161 TA161
TA171 TA171
TA181 TA181
TA191 TA191
TA201 TA201
TA211 TA211
TA221 TA221
TA231 TA231
TA241 TA241
TA2N TA2N
TA12N TA12N
TA22N TA22N
TA32N TA32N
TA42N TA42N
TA52N TA52N
TA62N TA62N
TA72N TA72N
TA82N TA82N
TA92N TA92N
TA102N TA102N
TA112N TA112N
TA122N TA122N
TA132N TA132N
TA142N TA142N
TA152N TA152N
TA162N TA162N
TA172N TA172N
TA182N TA182N
TA192N TA192N
TA202N TA202N
TA212N TA212N
TA222N TA222N
TA232N TA232N
TA242N TA242N
TA12NN TA12NN
TA112NN TA112NN
TA212NN TA212NN
TA312NN TA312NN
TA412NN TA412NN
TA512NN TA512NN
TA612NN TA612NN
TA712NN TA712NN
TA812NN TA812NN
TA912NN TA912NN
TA1012NN TA1012NN
TA1112NN TA1112NN
TA1212NN TA1212NN
TA1312NN TA1312NN
TA1412NN TA1412NN
TA1512NN TA1512NN
TA1612NN TA1612NN
TA1712NN TA1712NN
TA1812NN TA1812NN
TA1912NN TA1912NN
TA2012NN TA2012NN
TA2112NN TA2112NN
TA2212NN TA2212NN
TA2312NN TA2312NN
TA2412NN TA2412NN
