Soda Burkina United Albania United Jamaica Cambodia Jamaica Netherlands Fiji Cambodia Niger Kyrgyzstan Antigua Grenada Iraq Guam Lao Nigeria Indonesia Congo Burundi Republic Algeria Norfolk Rwanda Isle Finland Lebanon New Moldova Latvia Japan Liberia Armenia Macao Pitcairn Palau Hong Sao El Belize Argentina Luxembourg Ethiopia Malawi Mayotte Singapore Egypt Sint Croatia Bahamas Mexico Aruba British Korea Saint Pakistan Argentina Northern Kiribati China Ireland China Soda
50
United United
Burundi Burundi
Japan Japan
Pakistan Pakistan
Fiji Fiji
Lao Lao
Singapore Singapore
Nigeria Nigeria
Luxembourg Luxembourg
Burkina Burkina
Croatia Croatia
Lebanon Lebanon
Northern Northern
Korea Korea
Sao Sao
Niger Niger
Hong Hong
Mayotte Mayotte
Malawi Malawi
Sint Sint
Jamaica Jamaica
Netherlands Netherlands
Indonesia Indonesia
Rwanda Rwanda
Liberia Liberia
Latvia Latvia
Bahamas Bahamas
Kyrgyzstan Kyrgyzstan
Moldova Moldova
Republic Republic
Congo Congo
Pitcairn Pitcairn
Belize Belize
British British
Cambodia Cambodia
Algeria Algeria
Iraq Iraq
Finland Finland
Palau Palau
Ireland Ireland
Saint Saint
Kiribati Kiribati
Mexico Mexico
Aruba Aruba
New New
Macao Macao
Albania Albania
Egypt Egypt
Antigua Antigua
Argentina Argentina
