shaird UncleNed Ucayali deductable intrado effuses teabags waste caouane Pentecost toggleable peasantism fivepenny philomels assonantal advances remissio twothirds kartikeya preparable unglove guilts irade baning Lafayette coldcocked cacomistle tokenizing nauseously tunic transflux lasting rampup opacular Sahara cementite property colugos airgap morphe scratch diruption aftertouch macedoine slatting trackbar shrow beermakers sarcomere nomination shaird
50
nomination nomination
beermakers beermakers
effuses effuses
kartikeya kartikeya
UncleNed UncleNed
Sahara Sahara
peasantism peasantism
guilts guilts
airgap airgap
waste waste
remissio remissio
Ucayali Ucayali
slatting slatting
tokenizing tokenizing
cacomistle cacomistle
scratch scratch
unglove unglove
tunic tunic
Pentecost Pentecost
teabags teabags
deductable deductable
caouane caouane
macedoine macedoine
diruption diruption
cementite cementite
Lafayette Lafayette
opacular opacular
transflux transflux
shrow shrow
advances advances
sarcomere sarcomere
rampup rampup
irade irade
philomels philomels
intrado intrado
fivepenny fivepenny
property property
trackbar trackbar
nauseously nauseously
coldcocked coldcocked
shaird shaird
lasting lasting
colugos colugos
aftertouch aftertouch
assonantal assonantal
baning baning
preparable preparable
toggleable toggleable
morphe morphe
twothirds twothirds
