A0 A4 A6 A7 A6 A4 A0 A3 A0 A4 A6 A7 A8 A9 A5 A10 A15 A10 A15 A14 A13 A1 A16 A17 A16 A1 A13 A14 A15 A24 A19 A24 A22 A24 A25 A29 A31 A29 A30 A34 A33 A34 A30 A35 A36 A35 A40 A39 A38 A26 A41 A26 A38 A39 A40 A49 A46 A49 A50 A49 A50 A54 A50 A52 A50 A54 A55 A60 A61 A60 A65 A64 A63 A51 A66 A51 A63 A64 A65 A74 A70 A69 A73 A72 A73 A74 A75 A79 A81 A82 A81 A79 A75 A74 A75 A79 A80 A85 A90 A89 A88 A76 A91 A76 A88 A89 A90 A99 A96 A97 A99 A100 A103 A100 A104 A105 A109 A105 A104 A105 A110 A112 A110 A115 A114 A113 A101 A116 A117 A116 A101 A113 A114 A115 A124 A125 A124 A121 A124 A125 A127 A125 A129 A130 A129 A131 A132 A133 A134 A130 A135 A140 A139 A138 A126 A141 A142 A141 A126 A138 A139 A140 A149 A146 A149 A150 A154 A150 A149 A144 A149 A150 A154 A156 A157 A158 A159 A155 A160 A165 A164 A163 A151 A166 A167 A166 A151 A163 A164 A165 A174 A175 A179 A175 A174 A173 A172 A171 A174 A175 A178 A177 A175 A179 A180 A185 A190 A189 A190 A185 A190 A189 A188 A176 A191 A192 A191 A176 A188 A189 A190 A199 A196 A199 A197 A199 A0
56
A96 A96 A97 A95 A94
A131 A131
A146 A146 A145 A144
A177 A177 A178
A124 A120 A119
A0 A2 A197 A194
A55 A58
A75 A77 A78
A24 A21
A160 A161 A162
A142 A143
A54 A56 A54 A52
A85 A86 A87
A70 A70 A69
A33 A31
A3 A3
A171 A172 A171 A170
A10 A12 A11
A80 A79
A154 A156 A154 A153
A41 A43
A150 A147 A152
A73 A72
A189 A186
A72 A71
A135 A136 A137
A36 A37 A36
A179 A179 A181
A52 A53
A61 A61 A62
A196 A195 A196
A105 A112 A111
A30 A33
A46 A47 A45
A91 A93
A164 A169
A19 A20 A22 A19
A121 A121 A122
A130 A133 A129
A192 A193
A49 A46 A44
A127 A128 A127
A66 A68
A79 A81
A180 A183
A82 A83
A104 A108 A106 A104
A159 A158
A103 A103 A102
A8 A6
A7 A4 A8
A117 A118
A17 A18
A31 A29 A28 A27
A185 A187
A167 A168
