BY5DUgv6 UQ4QaUHy Af1jBIly UQ4QaUHy H2BV5cDz bMSvK9eQ QeSUIsQ1 hc6YxxqG gd207oOq aqFtjHzO B0wYReom 2mQchaeu EvsxmEMg K3J88UDV 1aJdK4y9 xULc5Xg4 6GJHoNdy 8e8OWOIi sR6JAufL UQ4QaUHy gbolqDJc 6nj6dyOK UfRMeyI7 mXjWiYol UQ4QaUHy c9Hgvc9w q1vN3eei FPDwKJIj Ym8LPSnY 8KVhuJvd OpfVa1HT UfRMeyI7 ucMA0iSv UfRMeyI7 xTHVuNZl tDh0gTYH EvsxmEMg 0zB29H2A R4zDiMu3 0zB29H2A mjMe14fC xZfXXUDQ q1vN3eei QeSUIsQ1 o1w8sSXK QeSUIsQ1 8ni5D4t7 g5YhtPSt JMul31yq WlxPulQd JMul31yq 7IV7YjRX QeSUIsQ1 HEJxX3gA 87yhsuRE 9IHe97Yy HXMHfRTC iT0t8noc UmgiH1K9 NL9qZEp0 GVK6CciB AMieum8U rGjz0gOd S9dNuWxm rGjz0gOd S9dNuWxm ayFODfwg QqI1C9xC XbFQ8G0U yqX5KOVJ xTHVuNZl UfRMeyI7 6nj6dyOK K3J88UDV UQ4QaUHy Rv8rDvqp 1cr6aFpX PagRRYIg UQ4QaUHy 8tOszPqV H8eN9fj5 lvlSObqb CrvusN6e QeSUIsQ1 nKZTEeUl QeSUIsQ1 1cr6aFpX UQ4QaUHy aPSEsY2w rZiSDNtK UQ4QaUHy BY5DUgv6
50
FPDwKJIj FPDwKJIj
iT0t8noc iT0t8noc
S9dNuWxm S9dNuWxm
8tOszPqV 8tOszPqV
rZiSDNtK rZiSDNtK
yqX5KOVJ yqX5KOVJ
1cr6aFpX 1cr6aFpX
Rv8rDvqp Rv8rDvqp
gbolqDJc gbolqDJc
JMul31yq JMul31yq
K3J88UDV K3J88UDV
mXjWiYol mXjWiYol
PagRRYIg PagRRYIg
ayFODfwg ayFODfwg
6nj6dyOK 6nj6dyOK
UfRMeyI7 UfRMeyI7
H2BV5cDz H2BV5cDz
sR6JAufL sR6JAufL
2mQchaeu 2mQchaeu
1aJdK4y9 1aJdK4y9
B0wYReom B0wYReom
nKZTEeUl nKZTEeUl
g5YhtPSt g5YhtPSt
OpfVa1HT OpfVa1HT
0zB29H2A 0zB29H2A
8ni5D4t7 8ni5D4t7
NL9qZEp0 NL9qZEp0
Af1jBIly Af1jBIly
aPSEsY2w aPSEsY2w
gd207oOq gd207oOq
R4zDiMu3 R4zDiMu3
o1w8sSXK o1w8sSXK
xTHVuNZl xTHVuNZl
rGjz0gOd rGjz0gOd
QeSUIsQ1 QeSUIsQ1
7IV7YjRX 7IV7YjRX
8e8OWOIi 8e8OWOIi
AMieum8U AMieum8U
tDh0gTYH tDh0gTYH
CrvusN6e CrvusN6e
lvlSObqb lvlSObqb
HEJxX3gA HEJxX3gA
xULc5Xg4 xULc5Xg4
q1vN3eei q1vN3eei
UmgiH1K9 UmgiH1K9
hc6YxxqG hc6YxxqG
c9Hgvc9w c9Hgvc9w
9IHe97Yy 9IHe97Yy
ucMA0iSv ucMA0iSv
WlxPulQd WlxPulQd
