Soda Hogwarts Soda Beauxbatons Soda Hogsmeade Soda Rivendell Soda LonelyMountain Soda Mandos Soda Vale Soda Westeros Pentos Braavos Pentos Qarth Pentos Valyria Pentos Ghis Pentos Mereen Pentos Sunspear Pentos KingsLanding Pentos Iluin Pentos Ormal Pentos Hobbiton Pentos Sothoryos Arnor Gondor Lindon Rovanion Rohan Rhun Khado Rhun Rohan Rovanion Lindon Gondor Arnor Sothoryos Soda
22
Hogwarts Hogwarts
Beauxbatons Beauxbatons
Hogsmeade Hogsmeade
Rivendell Rivendell
LonelyMountain LonelyMountain
Mandos Mandos
Vale Vale
Westeros Westeros
Braavos Braavos
Qarth Qarth
Valyria Valyria
Ghis Ghis
Mereen Mereen
Sunspear Sunspear
KingsLanding KingsLanding
Iluin Iluin
Ormal Ormal
Hobbiton Hobbiton
Sothoryos Sothoryos
Khado Khado
Pentos Qohor Mordor Essos
Soda Arda Dorne Reach
