Greenhouse BlackwellHall Greenhouse BlumHall Greenhouse BoaltHall Greenhouse BotanGarden Greenhouse ImagingCenter Greenhouse CaliforniaHall Greenhouse CaliforniaStadium Greenhouse CalvinLaboratory Greenhouse ChanAuditorium Greenhouse ChavezCenter Greenhouse CheitHall Greenhouse ClarkCampus Greenhouse ClassGate Greenhouse CNMAT Greenhouse CyclotronRd Greenhouse DavisHall Greenhouse DoeLibrary Greenhouse DonnerLab Greenhouse DurhamTheatre Greenhouse DwinelleAnnex Greenhouse DwinelleHall Greenhouse EdwardsStadium Greenhouse EnergyBuilding Greenhouse EvansDiamond Greenhouse FacultyClub Greenhouse FacultyGlade Greenhouse FrankWay Greenhouse GayleyRd Greenhouse GianniniHall Greenhouse HertzHall Greenhouse Cafe3 Greenhouse unit3 Greenhouse
33
BlackwellHall BlackwellHall
BlumHall BlumHall
BoaltHall BoaltHall
BotanGarden BotanGarden
ImagingCenter ImagingCenter
CaliforniaHall CaliforniaHall
CaliforniaStadium CaliforniaStadium
CalvinLaboratory CalvinLaboratory
ChanAuditorium ChanAuditorium
ChavezCenter ChavezCenter
CheitHall CheitHall
ClarkCampus ClarkCampus
ClassGate ClassGate
CNMAT CNMAT
CyclotronRd CyclotronRd
DavisHall DavisHall
DoeLibrary DoeLibrary
DonnerLab DonnerLab
DurhamTheatre DurhamTheatre
DwinelleAnnex DwinelleAnnex
DwinelleHall DwinelleHall
EdwardsStadium EdwardsStadium
EnergyBuilding EnergyBuilding
EvansDiamond EvansDiamond
FacultyClub FacultyClub
FacultyGlade FacultyGlade
FrankWay FrankWay
GayleyRd GayleyRd
GianniniHall GianniniHall
HertzHall HertzHall
Cafe3 Cafe3
unit3 unit3
Greenhouse BirgeHall GeneticsPlantBldg ClassFountain CoryHall EtcheverryHall ChouHall EshlemanHall EyeCenter EastGate BerkeleyWest FoundersRock DurantHall FoxCottage CampbellHall EvansHall StarrLibrary BerkeleyMuseum CareerCenter
