Soda building1 building7 building1 building8 building1 building9 building1 building10 building1 building11 building1 building12 building1 Soda building2 building13 building2 building16 building2 building17 building2 building18 building54 building18 building2 Soda building3 building19 building3 building21 building3 building22 building3 building24 building3 Soda building4 building25 building4 building26 building4 building28 building64 building28 building4 building29 building4 Soda building5 building31 building67 building31 building5 building35 building71 building35 building5 building36 building5 Soda building6 building39 building75 building39 building6 building40 building6 building41 building6 building42 building6 Soda building1 building7 building1 building9 building45 building9 building1 building11 building1 building12 building48 building12 building1 Soda building2 building13 building49 building13 building2 building14 building50 building14 building2 building15 building2 building16 building2 building17 building53 building17 building2 Soda building3 building19 building3 building20 building3 building21 building57 building21 building3 building22 building58 building22 building3 building23 building59 building23 building3 building24 building60 building24 building3 Soda building4 building25 building4 building26 building4 building27 building63 building27 building4 building28 building4 building29 building4 building30 building4 Soda building5 building31 building67 building31 building5 building32 building5 building34 building70 building34 building5 building35 building71 building35 building5 building36 building72 building36 building5 Soda building6 building37 building73 building37 building6 building38 building74 building38 building6 building39 building75 building39 building6 building40 building76 building40 building6 building42 building78 building42 building6 Soda
46
building7 building7 building43
building10 building10 building46
building11 building11 building47
building12 building12
building15 building15 building51
building16 building16 building52
building17 building17
building19 building19 building55
building21 building21
building22 building22
building24 building24
building25 building25 building61
building29 building29 building65
building36 building36
building40 building40
building41 building41 building77
building42 building42
building45 building45 building9
building48 building48
building49 building49 building13
building50 building50
building53 building53
building57 building57
building58 building58
building59 building59
building60 building60
building64 building64 building28
building71 building71 building35
building72 building72
building73 building73
building74 building74
building75 building75 building39
building76 building76
building78 building78
building2 building14 building18 building54
building4 building30 building27 building63
building6 building38 building37
building5 building34 building32 building33 building69
building30 building66
building26 building62 building26
building3 building20 building23
building32 building68
building8 building44 building8
building67 building67 building31
building70 building70
building20 building56
