Shoreburn Mallowway Valhaven Wolflea Clearland Morwald Corbank Butterhill Lochmage Ostwynne Southpine Greenshore Icenesse Southwheat Wellbank Newley Violetley Bluewyn Summermage Newby Newmill Rosemill Westmill Strongfall Springfox Silverbarrow Courtcastle Morwall Orfort Bluedale Wildemarsh Fogland Snowshore Westvale Oldmoor Windbridge Silverlea Butterway Mistshore Dellwyn Stoneglass Seamoor Fairice Freyview Snowsage Ironriver Freymere Northwynne Eriwall Foxvale Northriver Verthedge Brightmere Bushgate Westerlight Bluedell Wooddell Courtwall Flowerfield Highmont Foxhaven Goldcrest Lightmere Flowermill Redwell Deephedge Irondeer Coldville Courtedge Orbarrow Rosegate Butterbush Mallowbridge Silverwitch Clearnesse Greensummer Oakmere Janholt Bluelake Redlake Applecastle Violetfay Esterash Mallowness Woodice Eastcastle Fieldedge Greyice Brightrock Stonefair Fairsage Wellmage Esterfall Marbleiron Ironshore Erilyn Blackbush Goldwyvern Buttermead Starryhill Shoreburn
100
Butterway Butterway
Lochmage Lochmage
Stonefair Stonefair
Highmont Highmont
Esterash Esterash
Oldmoor Oldmoor
Clearland Clearland
Wellmage Wellmage
Fairsage Fairsage
Fieldedge Fieldedge
Bluedale Bluedale
Greyice Greyice
Stoneglass Stoneglass
Northriver Northriver
Bluedell Bluedell
Orbarrow Orbarrow
Foxvale Foxvale
Newby Newby
Mallowbridge Mallowbridge
Clearnesse Clearnesse
Foxhaven Foxhaven
Dellwyn Dellwyn
Redwell Redwell
Windbridge Windbridge
Snowsage Snowsage
Goldcrest Goldcrest
Valhaven Valhaven
Starryhill Starryhill
Deephedge Deephedge
Silverwitch Silverwitch
Wolflea Wolflea
Ironriver Ironriver
Erilyn Erilyn
Freyview Freyview
Courtedge Courtedge
Westerlight Westerlight
Blackbush Blackbush
Irondeer Irondeer
Verthedge Verthedge
Butterbush Butterbush
Butterhill Butterhill
Courtwall Courtwall
Corbank Corbank
Seamoor Seamoor
Bluelake Bluelake
Oakmere Oakmere
Rosemill Rosemill
Strongfall Strongfall
Snowshore Snowshore
Brightmere Brightmere
Rosegate Rosegate
Brightrock Brightrock
Violetley Violetley
Bushgate Bushgate
Shoreburn Shoreburn
Mallowway Mallowway
Springfox Springfox
Applecastle Applecastle
Fogland Fogland
Icenesse Icenesse
Newmill Newmill
Esterfall Esterfall
Goldwyvern Goldwyvern
Janholt Janholt
Ironshore Ironshore
Courtcastle Courtcastle
Greenshore Greenshore
Mistshore Mistshore
Coldville Coldville
Southwheat Southwheat
Mallowness Mallowness
Greensummer Greensummer
Bluewyn Bluewyn
Southpine Southpine
Redlake Redlake
Westmill Westmill
Wellbank Wellbank
Flowermill Flowermill
Summermage Summermage
Woodice Woodice
Buttermead Buttermead
Northwynne Northwynne
Marbleiron Marbleiron
Fairice Fairice
Eriwall Eriwall
Newley Newley
Eastcastle Eastcastle
Wildemarsh Wildemarsh
Flowerfield Flowerfield
Lightmere Lightmere
Wooddell Wooddell
Ostwynne Ostwynne
Morwall Morwall
Violetfay Violetfay
Morwald Morwald
Orfort Orfort
Westvale Westvale
Freymere Freymere
Silverbarrow Silverbarrow
Silverlea Silverlea
