Clearnesse Violetley Eriwall Newby Freyview Ironshore Valhaven Courtcastle Buttermead Courtwall Dellwyn Oldmoor Westvale Morwall Foxhaven Marbleiron Morwald Oakmere Butterbush Goldwyvern Esterfall Foxvale Woodice Corbank Ironriver Clearnesse
25
Oldmoor Oldmoor
Woodice Woodice
Dellwyn Dellwyn
Freyview Freyview
Oakmere Oakmere
Eriwall Eriwall
Valhaven Valhaven
Newby Newby
Foxhaven Foxhaven
Morwall Morwall
Goldwyvern Goldwyvern
Corbank Corbank
Westvale Westvale
Morwald Morwald
Ironriver Ironriver
Violetley Violetley
Courtwall Courtwall
Ironshore Ironshore
Marbleiron Marbleiron
Buttermead Buttermead
Courtcastle Courtcastle
Butterbush Butterbush
Foxvale Foxvale
Esterfall Esterfall
Clearnesse Clearnesse
