Brightmere Bluedell Irondeer Oakmere Southwheat Shoreburn Fairsage Dellwyn Clearnesse Wildemarsh Marbleiron Greenshore Eastcastle Lochmage Valhaven Butterbush Westmill Rosemill Buttermead Foxhaven Ironshore Lightmere Wellmage Corbank Westerlight Newby Erilyn Clearland Morwall Foxvale Freyview Bushgate Wolflea Newley Esterash Courtcastle Stonefair Snowshore Woodice Morwald Oldmoor Goldwyvern Esterfall Stoneglass Eriwall Violetley Courtwall Greyice Ironriver Westvale Brightmere
50
Snowshore Snowshore
Newley Newley
Wolflea Wolflea
Corbank Corbank
Oldmoor Oldmoor
Lightmere Lightmere
Marbleiron Marbleiron
Eriwall Eriwall
Brightmere Brightmere
Southwheat Southwheat
Foxhaven Foxhaven
Buttermead Buttermead
Newby Newby
Irondeer Irondeer
Bushgate Bushgate
Oakmere Oakmere
Goldwyvern Goldwyvern
Westmill Westmill
Clearnesse Clearnesse
Butterbush Butterbush
Esterfall Esterfall
Ironshore Ironshore
Westerlight Westerlight
Rosemill Rosemill
Esterash Esterash
Lochmage Lochmage
Ironriver Ironriver
Stoneglass Stoneglass
Wildemarsh Wildemarsh
Morwald Morwald
Westvale Westvale
Fairsage Fairsage
Courtcastle Courtcastle
Bluedell Bluedell
Shoreburn Shoreburn
Erilyn Erilyn
Courtwall Courtwall
Violetley Violetley
Clearland Clearland
Valhaven Valhaven
Eastcastle Eastcastle
Greyice Greyice
Greenshore Greenshore
Stonefair Stonefair
Morwall Morwall
Dellwyn Dellwyn
Foxvale Foxvale
Woodice Woodice
Wellmage Wellmage
Freyview Freyview
