129 99 145 172 145 180 86 113 127 113 86 180 145 52 101 97 88 1 34 109 184 109 167 58 152 200 160 37 196 154 193 41 143 118 96 7 96 118 166 47 36 107 82 107 197 51 34 48 99 142 60 47 178 47 78 120 167 130 6 29 22 10 110 92 43 19 43 6 189 76 97 41 193 154 110 92 179 76 49 76 97 48 181 106 181 77 152 18 45 118 13 118 10 100 3 40 3 121 153 151 33 184 168 83 187 83 71 34 109 31 88 115 39 140 27 94 27 124 174 103 192 72 79 163 79 72 42 124 92 67 195 136 73 170 101 148 101 21 182 85 117 38 164 5 139 45 4 2 55 165 119 64 71 90 25 43 6 29 182 190 59 83 161 46 2 4 12 112 61 31 88 31 169 31 88 97 29 6 73 6 43 25 16 11 108 160 108 44 70 25 90 77 181 106 133 13 92 9 61 9 92 121 192 175 63 76 189 5 28 5 118 10 100 99 129
66
1 1
4 4
7 7
10 10
13 13
16 16
19 19
22 22
25 25
28 28
31 31
34 34
37 37
40 40
43 43
46 46
49 49
52 52
55 55
58 58
61 61
64 64
67 67
70 70
73 73
76 76
79 79
82 82
85 85
88 88
94 94
97 97
100 100
103 103
106 106
109 109
112 112
115 115
118 118
121 121
124 124
127 127
130 130
133 133
136 136
139 139
142 142
145 145
148 148
151 151
154 154
160 160
163 163
166 166
169 169
172 172
175 175
178 178
181 181
184 184
187 187
190 190
193 193
196 196
110 157
152 91
