FacultyClub IRLE Cheit Wheeler Investigative MartinezCommons UniversityHouse SproulPlaza Library OptometryLibrary AndersenAuditorium Stephens Morrison CareerCenter Sproul AnthropologyLibrary Hilgard BioscienceLibrary DonnerLaboratory SpringerGateway CITRIS FacultyClub Etcheverry BrainImagingCenter FacultyClub LawrenceofScience BancroftDance NewspapersLibrary EnergyBuilding SutardjaDai InternationalHouse HearstGym Jacobs Pimentel Unit3 Manville PacificFilmArchive Warren Mulford MediaCenter ArtHistoryLibrary Spieker FPF Birge StowPlaza MelvinLaboratory Koshland OBrien EarthLibrary StudentUnion SutardjaDai Durham EarthquakeLibrary FacultyClub
50
FacultyClub FacultyClub
BioscienceLibrary BioscienceLibrary
SutardjaDai SutardjaDai
Etcheverry Etcheverry
SproulPlaza SproulPlaza
Hilgard Hilgard
StudentUnion StudentUnion
EarthquakeLibrary EarthquakeLibrary
UniversityHouse UniversityHouse
LawrenceofScience LawrenceofScience
Pimentel Pimentel
Mulford Mulford
CareerCenter CareerCenter
HearstGym HearstGym
Durham Durham
OBrien OBrien
Library Library
Spieker Spieker
FPF FPF
PacificFilmArchive PacificFilmArchive
BrainImagingCenter BrainImagingCenter
Morrison Morrison
Wheeler Wheeler
Cheit Cheit
Manville Manville
Koshland Koshland
Jacobs Jacobs
Investigative Investigative
EarthLibrary EarthLibrary
EnergyBuilding EnergyBuilding
MediaCenter MediaCenter
StowPlaza StowPlaza
MartinezCommons MartinezCommons
MelvinLaboratory MelvinLaboratory
BancroftDance BancroftDance
AndersenAuditorium AndersenAuditorium
Unit3 Unit3
AnthropologyLibrary AnthropologyLibrary
Stephens Stephens
InternationalHouse InternationalHouse
OptometryLibrary OptometryLibrary
IRLE IRLE
SpringerGateway SpringerGateway
DonnerLaboratory DonnerLaboratory
ArtHistoryLibrary ArtHistoryLibrary
Sproul Sproul
Birge Birge
CITRIS CITRIS
NewspapersLibrary NewspapersLibrary
Warren Warren
