1 19 38 28 66 30 60 13 12 23 5 15 49 42 46 26 37 21 37 48 27 41 35 18 17 18 39 18 44 24 100 45 100 31 15 5 6 36 89 27 47 22 12 22 40 20 8 20 51 20 33 32 33 34 33 25 62 16 6 36 10 35 3 92 11 99 7 43 9 12 14 42 46 58 4 50 29 41 2 1
50
2 2
3 3
4 4
5 5
6 6
7 7
8 8
9 9
10 10
11 11
12 12
13 13
14 14
15 15
16 16
17 17
18 18
19 19
20 20
21 21
22 22
23 23
24 24
25 25
26 26
27 27
28 28
29 29
30 30
31 31
32 32
33 33
34 34
35 35
36 36
37 37
38 38
39 39
40 40
41 41
42 42
43 43
44 44
45 45
46 46
47 47
48 48
49 49
50 50
51 51
