1 7 1 94 11 82 52 94 120 85 147 40 44 61 2 89 122 177 76 79 76 68 21 58 161 70 111 63 22 14 22 9 93 69 142 82 186 47 6 53 95 53 22 51 64 42 13 9 33 29 65 105 3 78 57 60 57 35 51 12 16 59 164 86 190 10 8 99 74 168 32 2 61 38 61 104 73 104 91 104 23 13 69 30 27 48 61 37 24 97 13 66 43 66 90 66 31 150 36 2 32 28 83 28 84 28 92 62 92 128 26 4 25 77 49 77 10 142 72 56 131 15 99 45 16 41 179 101 167 67 135 39 175 55 53 21 16 166 46 52 98 52 94 71 184 27 87 27 36 80 20 45 187 34 88 17 50 17 67 19 159 194 100 6 54 65 75 65 155 18 176 96 5 81 1
100
2 2
3 3
4 4
5 5
6 6
7 7
8 8
9 9
10 10
11 11
12 12
13 13
14 14
15 15
16 16
17 17
18 18
19 19
20 20
21 21
22 22
23 23
24 24
25 25
26 26
27 27
28 28
29 29
30 30
31 31
32 32
33 33
34 34
35 35
36 36
37 37
38 38
39 39
40 40
41 41
42 42
43 43
44 44
45 45
46 46
47 47
48 48
49 49
50 50
51 51
52 52
53 53
54 54
55 55
56 56
57 57
58 58
59 59
60 60
61 61
62 62
63 63
64 64
65 65
66 66
67 67
68 68
69 69
70 70
71 71
72 72
73 73
74 74
75 75
76 76
77 77
78 78
79 79
80 80
81 81
82 82
83 83
84 84
85 85
86 86
87 87
88 88
89 89
90 90
91 91
92 92
93 93
94 94
95 95
96 96
97 97
98 98
99 99
100 100
101 101
