IIII1I1 lI11l1l 1lI11l1 11I1Ill IIII1ll III1lII IIIlI1l lI1l1II 11I1Ill lIlllll III1lII IIllIl1 IIII1ll 11I1Ill 11I1lll l1IlIl1 11lI11I IIllIl1 lI11l1l lI111l1 11IIl1I II1I1Il lll1lII I11IIlI lll1lII lII1I11 IIlIlI1 1IlII1I IIII1ll IlllI11 IIIlI1l I1I1111 lll1lII I1I111I IIII1ll lIIIllI IIII1ll l1IlIII II111I1 IIlIIII lI11l1l 1IIlIIl IIII1I1
25
I1I111I I1I111I
lIlllll lIlllll
1lI11l1 1lI11l1
l1IlIII l1IlIII
1IIlIIl 1IIlIIl
11I1lll 11I1lll
l1IlIl1 l1IlIl1
11IIl1I 11IIl1I
11I1Ill 11I1Ill
lI1l1II lI1l1II
I11IIlI I11IIlI
IIllIl1 IIllIl1
11lI11I 11lI11I
IIII1ll IIII1ll
lIIIllI lIIIllI
lI11l1l lI11l1l
1IlII1I 1IlII1I
I1I1111 I1I1111
II111I1 II111I1
IIlIIII IIlIIII
lII1I11 lII1I11
III1lII III1lII
IlllI11 IlllI11
II1I1Il II1I1Il
IIlIlI1 IIlIlI1
