36 17 36 10 36 32 36 74 36 80 36 58 36 34 36 98 36 86 36 51 36 76 36 18 36 5 36 7 36 16 36 78 36 73 36 41 36 61 36 40 36 91 36 13 36 59 36 66 36 19 36 88 36 30 36 92 36 56 36 77 36 37 36 42 36 6 36 65 36 0 36 15 36 50 36 48 36 89 36 21 36 35 36 11 36
43
0 0
5 5
6 6
7 7
10 10
11 11
15 15
16 16
17 17
18 18
19 19
21 21
30 30
34 34
35 35
37 37
40 40
41 41
42 42
48 48
50 50
51 51
56 56
58 58
59 59
61 61
65 65
66 66
73 73
74 74
76 76
77 77
78 78
80 80
88 88
89 89
91 91
92 92
98 98
36 81 44 4 71 45 43 55
13 29
32 39 60
86 25
