50 55 50 9 50 121 50 162 50 143 50 154 50 3 50 185 50 112 50 30 50 26 50 47 50 88 50 111 50 179 50 44 50 133 50 75 50 141 50 180 50 197 50 101 50 117 50 118 50 36 50 24 50 86 50 113 50 177 50 41 50 78 50 181 50 40 50 110 50 51 50 148 50 161 50 147 50 92 50 57 50 115 50 7 50 169 50 127 50 157 50 79 50 196 50 108 50 89 50 14 50 126 50 186 50 164 50 109 62 109 50 31 50 187 50 120 50 33 50 76 50 144 50 25 50 56 50 142 50 138 50 81 50 13 50 156 50 80 50 83 50 100 50 124 50 172 50 77 50 182 50 146 50 53 50 152 50 153 50 90 50 1 50 99 50 129 50 139 50 136 50 49 50 91 50 23 50 176 50 125 50 18 50
91
1 1
7 7
9 9
13 13
14 14
18 18
23 23
25 25
30 30
31 31
36 36
40 40
41 41
44 44
47 47
49 49
51 51
53 53
55 55
56 56
57 57
62 62
76 76
77 77
78 78
80 80
81 81
83 83
86 86
88 88
89 89
92 92
99 99
101 101
108 108
110 110
111 111
112 112
113 113
115 115
117 117
118 118
120 120
121 121
124 124
125 125
126 126
127 127
129 129
133 133
136 136
138 138
139 139
141 141
142 142
143 143
144 144
146 146
147 147
148 148
153 153
156 156
157 157
161 161
162 162
164 164
169 169
172 172
176 176
177 177
179 179
180 180
181 181
182 182
185 185
186 186
187 187
197 197
50 61 69 128 4 0 134 170 198 82 85
91 71
33 102
26 38
75 54
196 10
100 195
152 27
24 107
90 123
154 96
109 84
3 29
