129 2 33 63 1 8 0 58 0 36 0 160 14 1 192 0 126 0 188 0 48 51 66 3 152 4 178 4 194 4 196 50 85 84 0 157 0 180 2 195 2 61 26 0 191 53 49 2 91 0 108 114 0 40 1 174 1 44 151 137 89 130 0 184 163 8 161 7 64 59 3 145 0 16 76 57 0 65 0 17 150 128 0 15 0 190 39 25 156 99 2 0 21 98 0 23 0 109 0 6 0 13 5 0 171 121 3 189 0 155 2 96 123 88 0 87 82 0 177 97 7 62 1 183 92 11 100 105 56 2 125 0 29 0 95 0 110 0 55 197 0 175 9 101 0 158 0 107 0 122 0 142 0 4 81 4 103 2 129
100
180 180
161 161
142 142
121 121
11 11
5 5
150 150
53 53
97 97
189 189
2 2
87 87
95 95
183 183
128 128
65 65
17 17
174 174
122 122
40 40
48 48
110 110
23 23
125 125
36 36
158 158
101 101
56 56
63 63
84 84
195 195
50 50
123 123
33 33
160 160
100 100
98 98
152 152
137 137
156 156
55 55
130 130
15 15
163 163
184 184
62 62
29 29
175 175
51 51
107 107
92 92
103 103
145 145
0 0
49 49
171 171
126 126
16 16
114 114
188 188
155 155
91 91
21 21
157 157
88 88
58 58
61 61
196 196
96 96
177 177
191 191
99 99
85 85
178 178
26 26
194 194
89 89
76 76
59 59
8 8
105 105
6 6
39 39
66 66
109 109
151 151
108 108
25 25
14 14
190 190
13 13
44 44
81 81
9 9
64 64
82 82
4 4
192 192
57 57
197 197
