69 56 25 158 0 53 194 77 2 83 150 160 2 24 119 26 117 27 8 163 100 149 1 64 87 128 46 59 118 1 30 1 31 165 80 81 74 166 72 106 63 71 99 14 148 16 90 190 110 185 198 3 133 171 58 3 50 162 0 193 113 195 188 0 51 112 11 104 97 1 146 147 197 52 44 37 134 82 3 186 191 33 2 132 121 5 192 127 131 115 36 1 101 1 135 69
80
36 36
186 186
148 148
30 30
163 163
194 194
131 131
115 115
147 147
5 5
118 118
198 198
74 74
71 71
112 112
165 165
193 193
146 146
99 99
97 97
63 63
113 113
24 24
33 33
128 128
160 160
83 83
51 51
106 106
133 133
58 58
166 166
191 191
37 37
25 25
77 77
46 46
87 87
101 101
53 53
192 192
52 52
26 26
14 14
64 64
127 127
50 50
188 188
2 2
100 100
72 72
80 80
31 31
56 56
132 132
117 117
44 44
197 197
59 59
119 119
171 171
158 158
90 90
16 16
135 135
11 11
121 121
1 1
195 195
134 134
27 27
104 104
81 81
149 149
185 185
190 190
150 150
110 110
162 162
82 82
