74 123 8 115 63 100 134 112 76 33 108 33 76 166 14 118 14 39 32 127 193 4 193 15 170 172 5 48 64 47 102 199 109 123 8 141 61 116 125 80 56 135 151 33 140 181 20 94 20 181 142 176 165 176 178 37 152 73 100 72 100 63 9 16 140 181 20 161 18 146 86 128 86 57 185 75 142 42 11 99 29 45 146 8 22 129 141 34 138 116 70 60 59 65 91 65 59 60 70 43 158 43 58 28 1 18 161 18 1 13 192 13 15 193 61 116 138 66 63 174 63 57 24 64 90 64 73 125 103 125 98 53 131 166 76 154 109 199 51 193 149 143 171 143 170 172 95 147 113 198 47 102 98 189 70 122 184 96 184 154 76 112 134 100 73 125 103 27 32 130 28 155 190 51 199 102 65 101 200 131 166 76 112 114 127 47 152 47 127 32 27 103 51 103 125 157 125 73 146 54 179 54 133 54 146 122 143 198 130 52 34 18 1 77 1 18 146 86 134 100 198 100 73 146 73 125 83 139 161 18 1 47 64 17 187 43 58 68 30 132 173 66 122 184 32 39 14 28 113 28 142 42 8 123 81 123 8 65 59 14 39 150 56 122 66 63 57 194 136 194 57 24 167 24 64 73 100 173 100 198 130 7 80 125 50 125 83 125 116 120 116 61 193 4 29 100 97 100 134 112 107 44 107 112 76 89 6 121 199 133 54 146 8 42 11 42 34 94 163 94 126 166 76 166 126 68 23 25 66 63 115 148 105 148 15 170 172 12 172 170 63 57 86 31 86 195 121 111 199 102 188 88 113 49 8 123 74
100
4 4
5 5
11 11
12 12
14 14
16 16
17 17
18 18
20 20
23 23
27 27
31 31
32 32
39 39
42 42
45 45
44 44
47 47
50 50
51 51
52 52
53 53
56 56
58 58
59 59
60 60
61 61
54 54
63 63
66 66
72 72
73 73
76 76
77 77
80 80
81 81
83 83
86 86
88 88
89 89
90 90
91 91
94 94
95 95
96 96
97 97
98 98
99 99
100 100
103 103
105 105
107 107
108 108
109 109
111 111
112 112
113 113
114 114
115 115
118 118
116 116
120 120
123 123
125 125
127 127
128 128
129 129
130 130
132 132
133 133
134 134
135 135
136 136
138 138
139 139
140 140
142 142
143 143
146 146
152 152
154 154
155 155
157 157
158 158
161 161
163 163
165 165
167 167
171 171
173 173
174 174
178 178
179 179
184 184
190 190
192 192
193 193
198 198
199 199
200 200
