73 96 38 8 38 96 15 48 33 92 65 62 99 46 60 100 88 27 83 55 34 58 25 74 49 75 57 9 98 9 71 50 53 50 1 5 45 98 21 80 39 58 34 12 62 99 46 99 25 90 68 1 5 1 50 71 50 1 19 95 79 95 19 1 50 1 32 48 13 48 32 1 68 90 64 93 64 11 33 82 33 48 15 48 13 40 28 81 28 7 17 93 64 11 64 90 25 58 34 53 50 71 9 57 44 49 74 58 34 78 91 28 7 4 74 49 74 4 7 84 29 86 37 76 37 86 31 66 31 86 29 6 45 77 1 32 48 13 40 16 85 16 40 13 48 33 18 76 37 86 29 22 29 6 98 9 71 50 53 94 2 27 88 45 10 17 7 4 74 25 99 25 58 34 55 83 27 88 45 77 14 77 1 5 38 96 73
50
1 1
5 5
8 8
9 9
10 10
11 11
12 12
13 13
15 15
14 14
18 18
19 19
21 21
22 22
25 25
27 27
29 29
33 33
34 34
44 44
46 46
48 48
49 49
50 50
53 53
57 57
65 65
66 66
68 68
71 71
74 74
75 75
76 76
77 77
78 78
79 79
81 81
82 82
83 83
84 84
86 86
85 85
90 90
91 91
93 93
94 94
96 96
98 98
99 99
100 100
