48 73 171 25 50 133 37 99 102 179 195 159 10 46 168 185 39 185 139 109 6 11 6 106 64 83 55 36 29 152 99 5 65 197 130 126 119 93 119 78 185 39 85 152 136 129 136 72 108 47 84 51 180 94 140 175 140 149 104 180 9 42 62 173 35 81 77 69 113 181 135 84 60 30 90 25 171 163 173 88 127 193 98 16 40 121 196 121 120 121 151 45 111 46 196 141 2 23 39 185 190 8 162 123 162 189 117 189 178 194 157 146 53 154 7 154 164 58 164 77 69 77 124 56 124 2 141 199 138 78 113 182 113 178 177 158 42 25 50 67 98 101 98 38 165 34 50 15 137 143 155 143 0 156 52 193 98 103 98 67 49 20 48 73 186 73 66 107 87 107 66 74 66 191 96 80 118 145 173 61 154 110 154 115 10 161 38 161 170 3 170 122 176 40 121 19 1 143 125 143 12 21 79 21 148 21 89 113 78 138 78 185 139 167 143 137 143 0 105 147 36 147 38 98 67 50 34 165 13 20 48
100
199 199
73 73
143 143
20 20
93 93
154 154
141 141
151 151
56 56
109 109
135 135
107 107
118 118
126 126
133 133
157 157
149 149
115 115
66 66
175 175
167 167
60 60
11 11
85 85
197 197
191 191
58 58
123 123
177 177
196 196
38 38
110 110
34 34
5 5
148 148
136 136
163 163
158 158
147 147
190 190
186 186
46 46
182 182
19 19
176 176
48 48
90 90
152 152
21 21
10 10
23 23
25 25
164 164
181 181
36 36
78 78
84 84
79 79
64 64
108 108
145 145
9 9
103 103
193 193
185 185
117 117
29 29
194 194
42 42
113 113
16 16
119 119
180 180
179 179
101 101
3 3
170 170
88 88
138 138
171 171
40 40
7 7
39 39
165 165
87 87
137 137
35 35
156 156
52 52
98 98
125 125
69 69
155 155
129 129
74 74
53 53
2 2
55 55
67 67
120 120
