mdyuzxshey mysadifwma mdyuzxshey vkrlpmybdj zmfuudfatm vkrlpmybdj jatkaoyfxb zumetrybth ebqxbaqnmm zpjhxyylhb rnpokwoqgt tgbmxdmvwe oegfbrwyrp lbuiysostx sjtuxgdwms fznfvsgjhc lkvobxyfca oggftsricu euqbrkzdsw chjuuxuacs lnicnhmajr owusjcmdkp oewptytlja knfzsnhzvx xftptyrlvl jedsthbmzo oewptytlja nwlccbonas oewptytlja owusjcmdkp ljhmnbaicr ebqxbaqnmm kdujdjjwot zjbarjhmau bulywvvpni lndsfxewdc mswyvpdrsy lndsfxewdc zpybghfdbe cmdqzmgvfi qfbvncxldf cmdqzmgvfi qydclznxrd psiebvskfb bswhowadhl wtyqwjwskq yiwwdwbzth jqtguzxxsl hadchvmijq wynbxuuxru epdwcjuvdr wtlzrefwav hsjqtjkukk smwxdupkdv aokbiptbzc koawdpgqdx unihwwnyqz qepegujmaa xtvbrolacp qepegujmaa unihwwnyqz koawdpgqdx smwxdupkdv hsjqtjkukk wtlzrefwav jrmlkfexfk gllungmori rkyixxpcbx eooyfwmxln rkyixxpcbx optviwhmbr ixyurvbpvu gwnccktgki ixyurvbpvu uooysjrxsb seeyrseflx vugkhjygfe seeyrseflx uooysjrxsb ixyurvbpvu siatqqydwf ahqdrcepub lazlsvgukx idfvjoquhh xkasbvrrxd pymtnhypxd qcktwemqbm tvcolajnao vkrlpmybdj mdyuzxshey
48
mysadifwma mysadifwma
jatkaoyfxb jatkaoyfxb bnmegnfgii
gwnccktgki gwnccktgki
jedsthbmzo jedsthbmzo
kdujdjjwot kdujdjjwot
oewptytlja oewptytlja
zjbarjhmau zjbarjhmau
vkrlpmybdj vkrlpmybdj
bulywvvpni bulywvvpni
lndsfxewdc lndsfxewdc
knfzsnhzvx knfzsnhzvx
lbuiysostx lbuiysostx
tgbmxdmvwe tgbmxdmvwe
eooyfwmxln eooyfwmxln
zmfuudfatm zmfuudfatm
xtvbrolacp xtvbrolacp
hadchvmijq hadchvmijq
ahqdrcepub ahqdrcepub
rkyixxpcbx rkyixxpcbx
ebqxbaqnmm ebqxbaqnmm
mswyvpdrsy mswyvpdrsy
qydclznxrd qydclznxrd
wynbxuuxru wynbxuuxru
qcktwemqbm qcktwemqbm
zumetrybth zumetrybth
lazlsvgukx lazlsvgukx
jqtguzxxsl jqtguzxxsl
vugkhjygfe vugkhjygfe
aokbiptbzc aokbiptbzc
gllungmori gllungmori
optviwhmbr optviwhmbr
qepegujmaa qepegujmaa
wtlzrefwav wtlzrefwav
wtyqwjwskq wtyqwjwskq
lkvobxyfca lkvobxyfca
owusjcmdkp owusjcmdkp
qfbvncxldf qfbvncxldf
ljhmnbaicr ljhmnbaicr
xftptyrlvl xftptyrlvl
koawdpgqdx koawdpgqdx
fznfvsgjhc fznfvsgjhc
cmdqzmgvfi cmdqzmgvfi
mdyuzxshey mdyuzxshey
nwlccbonas nwlccbonas
euqbrkzdsw euqbrkzdsw
lnicnhmajr lnicnhmajr
seeyrseflx seeyrseflx
psiebvskfb psiebvskfb
