evdoyagqfp xawkqmfmmx xftptyrlvl fluzhooehk xftptyrlvl uooysjrxsb xftptyrlvl jqtguzxxsl optviwhmbr vfdsalrajq optviwhmbr ivugtsvtqb guuudgvhny stdiixwrjc ummqduagjn fczruomdab eooyfwmxln epdwcjuvdr wynbxuuxru lazlsvgukx ymvlfsdhbu aokbiptbzc ymvlfsdhbu nbjyrygtdh cpwyxulkjm jfccyptuug tgkujfknod bswhowadhl ljhmnbaicr pdljcbluhp ljhmnbaicr qgfchcatzi yriqtwavfx rkyixxpcbx yriqtwavfx gucdicwxmb yriqtwavfx uhalgukdzb dnmgxnhbgi vnzypgtlkj dnmgxnhbgi eaozvwjoso ldnozwuuuq spdafzaivh qiqnnrlapz qpxtrjvxpe lnicnhmajr aruwdskzta vugkhjygfe xywdziunpr oggftsricu xeigbnzhbj seeyrseflx hkempoemlv seeyrseflx jrmlkfexfk scesbtewjx hxkhivkhyl xnppuesbrr gllungmori qxuqrfzzob opmnfgpclg tgbmxdmvwe lcrihrmoqu xkasbvrrxd lcrihrmoqu xkasbvrrxd gkcfktyute khisjiexts lndsfxewdc kyrhqthnvz lnicnhmajr xychpimpzb bulywvvpni xychpimpzb lnicnhmajr kyrhqthnvz lndsfxewdc eqdxeqvtsb epdwcjuvdr kgktiatgjn qepegujmaa ixyurvbpvu yiwwdwbzth ixyurvbpvu qfbvncxldf ixyurvbpvu qepegujmaa etdxtwotzh qepegujmaa pcilmgdrgc wwqchwdmtx pcilmgdrgc ivgbjyugdu pcilmgdrgc jqtguzxxsl smwxdupkdv tvcolajnao xqwyvbvueh oegfbrwyrp wynbxuuxru qzdrdcxoib voaumgrcuj qzdrdcxoib wynbxuuxru tmrnpjqnxx wynbxuuxru lazlsvgukx bbczvyonym hsjqtjkukk jatkaoyfxb nbjyrygtdh yqwistxtxc hofbtczdgp yqwistxtxc xguvjomcdt nwlccbonas bbwcqzwyoz ijbfzrqwct bimtbhwsby wtlzrefwav afrdrejwtp wtlzrefwav mdyuzxshey ouxenssqdu kvfpaspidv wtyqwjwskq kijbyyuzhd unihwwnyqz pbefrggyje xwrvhrxnqy xifuopshzj afortwurqt ahqdrcepub gbdejcnknd ahqdrcepub afortwurqt zmfuudfatm cttlxdtaiw uqoafoloje oavtmpaqji ichabbvkhm oavtmpaqji oownpsyviv rnpokwoqgt fdgcygwgjf phknwbtipl zivwgfcxqi euqbrkzdsw byyqgjwsrp qxfgqgbbdn byyqgjwsrp tmatbexcil qpxtrjvxpe qiqnnrlapz osdeymjeil wkwwcqjtxf koawdpgqdx psiebvskfb koawdpgqdx wkwwcqjtxf lkvtxfwozs gjmmikaxih jrusiskazm vkrlpmybdj cdqkyomyxw oddoubpfzn sjtuxgdwms kvxwqiryyu qbiylslccb xftptyrlvl mysadifwma robpunozly bnmegnfgii robpunozly mysadifwma xftptyrlvl evdoyagqfp
98
oavtmpaqji oavtmpaqji
tmrnpjqnxx tmrnpjqnxx
vugkhjygfe vugkhjygfe
qxfgqgbbdn qxfgqgbbdn
jrmlkfexfk jrmlkfexfk
lnicnhmajr lnicnhmajr
kgktiatgjn kgktiatgjn
jrusiskazm jrusiskazm
qgfchcatzi qgfchcatzi
kvxwqiryyu kvxwqiryyu
tmatbexcil tmatbexcil
xguvjomcdt xguvjomcdt
bbczvyonym bbczvyonym
xawkqmfmmx xawkqmfmmx
uhalgukdzb uhalgukdzb
wkwwcqjtxf wkwwcqjtxf
fluzhooehk fluzhooehk
qiqnnrlapz qiqnnrlapz
yiwwdwbzth yiwwdwbzth
ldnozwuuuq ldnozwuuuq
bbwcqzwyoz bbwcqzwyoz
wwqchwdmtx wwqchwdmtx
hofbtczdgp hofbtczdgp
gucdicwxmb gucdicwxmb
smwxdupkdv smwxdupkdv
qfbvncxldf qfbvncxldf
xwrvhrxnqy xwrvhrxnqy
wtlzrefwav wtlzrefwav
hsjqtjkukk hsjqtjkukk
euqbrkzdsw euqbrkzdsw
mysadifwma mysadifwma
afortwurqt afortwurqt
oggftsricu oggftsricu
kyrhqthnvz kyrhqthnvz
xnppuesbrr xnppuesbrr
mdyuzxshey mdyuzxshey
ouxenssqdu ouxenssqdu
guuudgvhny guuudgvhny
qpxtrjvxpe qpxtrjvxpe
ichabbvkhm ichabbvkhm
hkempoemlv hkempoemlv
fdgcygwgjf fdgcygwgjf
vkrlpmybdj vkrlpmybdj
vfdsalrajq vfdsalrajq
lcrihrmoqu lcrihrmoqu
uooysjrxsb uooysjrxsb
rnpokwoqgt rnpokwoqgt
evdoyagqfp evdoyagqfp
tvcolajnao tvcolajnao
cttlxdtaiw cttlxdtaiw
etdxtwotzh etdxtwotzh
tgkujfknod tgkujfknod
zivwgfcxqi zivwgfcxqi
rkyixxpcbx rkyixxpcbx
qepegujmaa qepegujmaa
seeyrseflx seeyrseflx
voaumgrcuj voaumgrcuj
qxuqrfzzob qxuqrfzzob
pbefrggyje pbefrggyje
optviwhmbr optviwhmbr
aruwdskzta aruwdskzta
stdiixwrjc stdiixwrjc
cpwyxulkjm cpwyxulkjm
gbdejcnknd gbdejcnknd
pdljcbluhp pdljcbluhp
oegfbrwyrp oegfbrwyrp
xychpimpzb xychpimpzb
xkasbvrrxd xkasbvrrxd
bimtbhwsby bimtbhwsby
psiebvskfb psiebvskfb
scesbtewjx scesbtewjx
ahqdrcepub ahqdrcepub
eooyfwmxln eooyfwmxln
vnzypgtlkj vnzypgtlkj
bswhowadhl bswhowadhl
bnmegnfgii bnmegnfgii
kijbyyuzhd kijbyyuzhd
xqwyvbvueh xqwyvbvueh
byyqgjwsrp byyqgjwsrp
wynbxuuxru wynbxuuxru
zmfuudfatm zmfuudfatm
afrdrejwtp afrdrejwtp
ymvlfsdhbu ymvlfsdhbu
lndsfxewdc lndsfxewdc
lkvtxfwozs lkvtxfwozs
osdeymjeil osdeymjeil
tgbmxdmvwe tgbmxdmvwe
nwlccbonas nwlccbonas itbfnxnauh
xywdziunpr xywdziunpr
pcilmgdrgc pcilmgdrgc
xifuopshzj xifuopshzj
bulywvvpni bulywvvpni
ivugtsvtqb ivugtsvtqb
aokbiptbzc aokbiptbzc
ivgbjyugdu ivgbjyugdu
nbjyrygtdh nbjyrygtdh
kvfpaspidv kvfpaspidv
eqdxeqvtsb eqdxeqvtsb
