gucdicwxmb epdwcjuvdr vugkhjygfe ahqdrcepub vugkhjygfe vkrlpmybdj zpjhxyylhb koawdpgqdx zpjhxyylhb rnpokwoqgt ouxenssqdu smwxdupkdv xawkqmfmmx zjbarjhmau gkcfktyute evdoyagqfp gkcfktyute tgbmxdmvwe xtvbrolacp psiebvskfb zumetrybth psiebvskfb xtvbrolacp zpybghfdbe jedsthbmzo lkvobxyfca lbuiysostx tvuprbwofb siatqqydwf yiwwdwbzth oggftsricu yiwwdwbzth gwnccktgki seeyrseflx gwnccktgki wtyqwjwskq qzdrdcxoib vugkhjygfe epdwcjuvdr gucdicwxmb
20
rnpokwoqgt rnpokwoqgt iwdghbmiai
ahqdrcepub ahqdrcepub
xawkqmfmmx xawkqmfmmx
lkvobxyfca lkvobxyfca
psiebvskfb psiebvskfb
vkrlpmybdj vkrlpmybdj
yiwwdwbzth yiwwdwbzth
zjbarjhmau zjbarjhmau
seeyrseflx seeyrseflx
oggftsricu oggftsricu
tvuprbwofb tvuprbwofb
gkcfktyute gkcfktyute
zumetrybth zumetrybth
zpjhxyylhb zpjhxyylhb
koawdpgqdx koawdpgqdx
evdoyagqfp evdoyagqfp
vugkhjygfe vugkhjygfe
wtyqwjwskq wtyqwjwskq
epdwcjuvdr epdwcjuvdr
gwnccktgki ztplgyvqhm
