0 23 87 69 7 0 61 34 16 62 6 80 45 0 34 81 77 29 98 54 193 54 51 53 31 59 7 68 72 5 36 1 2 65 5 117 5 64 67 0 13 37 29 72 46 54 87 9 161 9 94 43 91 8 62 33 17 58 77 92 7 30 12 78 38 23 81 10 197 10 27 5 0 46 35 69 28 67 98 33 6 4 42 38 146 38 11 22 44 47 29 2 14 59 41 0 85 96 46 6 60 10 77 47 154 47 67 27 83 36 81 19 53 0
23
12 138 139 151 150 149 110 111 102
35 188 189 137 136
197 198 199
81 158 159 107 106 183 182 184 143 145 144 133 132
69 129 128 109
47 166 157 126 127 140
43 113 146
0 123 122 155 156
98 162 163 181 180
13 105 104
68 154 152 153 164 165 112 174 173 175 108 103 160 118
34 120
36 141 142
59 197
10 115 114
77 192 191 193
62 134 135 187 186
161 161
117 116 117
42 190 169 168 167
85 178 176 177 172 171 170 185 125 124 119 101 100 130 131 121 179
2 194 195 196
146 148 147
