0 130 132 130 133 130 145 148 145 0 115 118 115 70 72 141 72 129 160 162 161 162 160 180 184 4 90 92 91 92 90 40 42 41 42 40 2 101 2 40 42 40 35 38 35 180 183 180 144 189 4 95 20 40 42 186 77 125 129 179 4 25 28 25 27 25 4 134 79 149 150 152 150 154 74 94 64 100 55 58 55 120 122 120 15 17 15 35 37 35 65 68 65 110 113 110 115 117 166 117 115 69 110 57 56 57 55 135 137 136 137 160 15 4 139 4 35 37 36 37 35 190 192 190 0 2 0 3 0 20 22 116 77 101 102 120 47 45 170 172 170 165 168 165 54 130 132 131 132 141 142 140 90 92 90 30 50 52 50 195 197 195 125 128 125 80 82 80 180 182 180 70 72 129 99 95 97 95 4 159 4 85 87 85 135 138 135 104 165 67 66 12 11 12 10 120 30 32 30 55 105 108 105 135 25 15 17 16 17 104 124 185 187 185 65 67 165 114 160 105 10 12 10 75 78 75 65 0 125 44 39 180 182 181 182 180 0 120 123 120 10 13 2 40 43 40 0
100
27 27
66 66
68 68
192 192
122 122
3 3
134 134
124 124
15 15
37 37
91 91
82 82
16 16
186 186
104 104
13 13
180 180
38 38
131 131
116 116
36 36
132 132
136 136
17 17
64 64
2 2
139 139
166 166
25 25
102 102
65 65
141 141
55 55
184 184
149 149
47 47
97 97
43 43
145 145
172 172
99 99
57 57
12 12
100 100
148 148
181 181
95 95
28 28
113 113
114 114
128 128
35 35
179 179
94 94
92 92
87 87
20 20
142 142
105 105
182 182
108 108
54 54
152 152
154 154
138 138
159 159
101 101
110 110
67 67
183 183
118 118
74 74
78 78
39 39
69 69
161 161
133 133
160 160
32 32
42 42
44 44
120 120
123 123
52 52
72 72
189 189
56 56
11 11
135 135
125 125
168 168
30 30
129 129
41 41
144 144
187 187
197 197
79 79
58 58
195 195
