0 50 52 51 52 99 4 80 83 80 90 92 90 39 49 32 49 17 16 17 15 20 23 20 15 18 15 55 57 55 4 89 4 55 4 90 79 85 87 86 87 85 30 33 30 60 40 29 4 10 12 11 12 10 4 94 54 80 82 80 25 28 25 50 52 98 95 97 95 84 4 45 48 45 60 63 60 65 67 65 10 12 81 12 10 30 32 31 32 30 9 7 71 7 9 55 58 42 88 37 35 10 13 10 75 77 76 77 75 65 68 65 20 4 49 85 44 4 5 8 5 45 47 46 47 45 0
50
84 84
82 82
86 86
80 80
63 63
88 88
8 8
60 60
44 44
5 5
23 23
31 31
97 97
51 51
33 33
29 29
54 54
40 40
20 20
65 65
99 99
48 48
46 46
79 79
55 55
58 58
81 81
13 13
11 11
32 32
83 83
89 89
16 16
90 90
85 85
71 71
18 18
39 39
67 67
92 92
42 42
52 52
76 76
57 57
28 28
37 37
68 68
4 4
49 49
94 94
