85 11 21 94 19 91 10 28 2 71 2 46 2 16 12 69 4 54 3 81 4 8 4 35 12 31 21 77 21 99 6 79 10 56 14 15 20 68 2 22 2 50 2 98 32 17 3 51 10 87 12 64 6 45 14 43 3 44 3 37 19 80 19 96 21 47 5 13 14 52 34 5 0 26 23 9 57 19 1 2 27 6 55 12 92 20 53 9 38 3 48 6 76 6 7 3 86 14 93 2 85
50
0 0
1 1
7 7
8 8
11 11
13 13
15 15
16 16
17 17
22 22
23 23
27 27
28 28
31 31
34 34
35 35
37 37
38 38
43 43
44 44
45 45
46 46
47 47
48 48
50 50
51 51
52 52
53 53
54 54
55 55
56 56
57 57
64 64
68 68
69 69
71 71
76 76
77 77
79 79
80 80
81 81
86 86
87 87
91 91
92 92
93 93
94 94
96 96
98 98
99 99
