99 32 34 6 18 7 61 16 22 16 151 49 33 31 164 3 28 19 148 16 30 16 186 36 170 11 132 19 126 13 75 6 123 31 167 7 192 19 150 19 190 31 188 31 172 11 180 7 53 59 32 102 13 1 14 146 7 161 11 25 2 9 2 178 13 20 13 35 31 51 6 0 19 173 37 83 14 4 14 41 21 24 6 166 23 169 14 124 37 127 38 171 7 47 2 160 11 5 21 168 13 66 19 181 3 98 3 94 23 114 6 55 6 111 19 80 11 73 11 10 31 12 19 103 29 117 3 40 7 183 84 63 19 185 16 17 16 174 7 92 6 88 16 68 3 131 72 155 45 149 7 78 7 112 19 184 19 106 16 90 56 3 130 6 39 2 97 16 158 14 125 7 100 2 26 2 42 13 165 16 82 2 27 16 163 32 122 7 8 6 70 19 15 72 142 6 119 32 99
100
0 0
1 1
4 4
5 5
8 8
9 9
10 10
12 12
15 15
17 17
18 18
20 20
22 22
24 24
25 25
26 26
27 27
28 28
30 30
33 33
34 34
35 35
39 39
40 40
41 41
42 42
47 47
51 51
53 53
55 55
56 56
59 59
61 61
63 63
66 66
68 68
70 70
73 73
75 75
78 78
80 80
82 82
83 83
88 88
90 90
92 92
94 94
97 97
98 98
99 99
100 100
102 102
103 103
106 106
111 111
112 112
114 114
117 117
119 119
122 122
123 123
124 124
125 125
126 126
127 127
130 130
131 131
132 132
142 142
146 146
148 148
149 149
150 150
151 151
155 155
158 158
160 160
161 161
163 163
164 164
165 165
166 166
167 167
168 168
169 169
170 170
171 171
172 172
173 173
174 174
178 178
180 180
181 181
183 183
184 184
185 185
186 186
188 188
190 190
192 192
