81 150 27 93 121 69 141 188 23 77 20 108 16 48 49 162 76 74 17 165 178 86 58 59 52 100 85 24 152 18 115 161 145 89 138 43 9 107 132 97 103 90 80 12 123 180 36 189 170 126 167 56 153 65 42 95 87 158 184 41 197 84 164 199 124 183 46 57 45 135 109 71 96 195 166 125 198 88 34 78 156 130 70 35 1 159 154 8 179 117 14 182 200 64 196 191 53 127 33 92 81
100
92 92
153 153
35 35
76 76
86 86
135 135
195 195
199 199
183 183
161 161
180 180
107 107
124 124
85 85
87 87
9 9
191 191
77 77
8 8
57 57
42 42
167 167
70 70
109 109
188 188
52 52
49 49
71 71
130 130
196 196
36 36
93 93
90 90
34 34
166 166
184 184
97 97
56 56
121 121
20 20
88 88
108 108
132 132
58 58
154 154
95 95
81 81
18 18
23 23
14 14
78 78
115 115
179 179
89 89
103 103
53 53
80 80
12 12
48 48
182 182
1 1
127 127
45 45
84 84
33 33
123 123
164 164
17 17
162 162
138 138
64 64
59 59
198 198
170 170
165 165
141 141
125 125
158 158
46 46
178 178
156 156
100 100
65 65
117 117
126 126
96 96
74 74
150 150
69 69
197 197
189 189
200 200
41 41
152 152
27 27
16 16
145 145
24 24
159 159
43 43
