0 91 30 51 2 54 7 57 53 68 49 43 37 47 95 93 0 94 70 17 45 89 0 62 0 87 5 38 46 72 29 14 6 52 73 64 19 67 25 15 27 39 9 1 34 11 59 24 0 92 65 23 60 55 31 97 0 44 18 100 48 3 58 50 22 77 84 0 98 61 88 8 40 69 26 0 75 83 74 10 16 85 96 6 2 21 13 71 1 66 4 80 32 78 99 86 56 35 20 81 63 82 0 12 28 76 33 79 90 36 41 42 0
100
1 1
2 2
3 3
4 4
5 5
6 6
7 7
8 8
9 9
10 10
11 11
12 12
13 13
14 14
15 15
16 16
17 17
18 18
19 19
20 20
21 21
22 22
23 23
24 24
25 25
26 26
27 27
28 28
29 29
30 30
31 31
32 32
33 33
34 34
35 35
36 36
37 37
38 38
39 39
40 40
41 41
42 42
43 43
44 44
45 45
46 46
47 47
48 48
49 49
50 50
51 51
52 52
53 53
54 54
55 55
56 56
57 57
58 58
59 59
60 60
61 61
62 62
63 63
64 64
65 65
66 66
67 67
68 68
69 69
70 70
71 71
72 72
73 73
74 74
75 75
76 76
77 77
78 78
79 79
80 80
81 81
82 82
83 83
84 84
85 85
86 86
87 87
88 88
89 89
90 90
91 91
92 92
93 93
94 94
95 95
96 96
97 97
98 98
99 99
100 100
