Soda D Soda F Soda J Soda AN Soda U Soda AD Soda AF Soda AJ Soda AO Soda AR Soda AX Soda EN Soda BE Soda BH Soda BN Soda BQ Soda BT Soda AN Soda BV Soda GB Soda GF Soda GK Soda GO Soda FP Soda FT Soda FY Soda FD Soda FF Soda FK Soda DO Soda DX Soda DZ Soda DE Soda DJ Soda DQ Soda DU Soda DB Soda
34
F F
U U
AD AD
AJ AJ
AO AO
AX AX AW
BQ BQ
BT BT
GF GF
GK GK
GO GO
FD FD
DO DO
DX DX DW
DZ DZ
DJ DJ
DQ DQ
DU DU
Soda I DT R GI AA AT BU AZ X FA CA O
BN BO
BE BD
AF AG
FT FU
DB DA
D C
FP FR
FK FJ
FF FG
DE DD
BH BJ
BV BX
GB GC
J K
FY FX
