0 3 0 28 31 10 9 11 14 92 93 96 99 100 122 121 122 123 124 106 107 ViksNode 112 116 117 33 34 36 35 34 33 117 116 112 ViksNode 107 108 105 102 100 98 96 93 92 14 11 9 6 7 6 5 4 5 6 8 9 11 14 92 93 95 97 120 101 104 101 102 106 102 100 98 96 93 92 14 15 14 13 14 92 94 93 96 98 100 102 105 107 ViksNode 112 116 117 33 38 42 43 42 44 49 51 53 54 58 59 60 59 58 62 63 75 74 72 73 64 71 65 72 76 77 78 77 76 68 69 53 51 49 44 42 38 37 33 117 116 112 115 113 114 115 112 110 111 130 111 110 112 116 117 33 38 42 44 46 47 48 49 50 52 54 55 54 56 58 62 70 62 58 59 58 62 63 75 76 77 78 79 80 82 90 17 19 18 17 85 86 85 17 19 20 21 20 32 23 25 26 28 27 28 30 0
45
3 3
4 4
7 7
8 8
10 10
13 13
15 15
18 18
19 19
20 20
21 21
25 25
27 27
30 30
35 35
36 36
37 37
42 42
43 43
47 47
48 48
53 53
55 55
56 56
59 59
60 60
63 63
70 70
71 71
73 73
74 74
78 78
80 80
86 86
94 94
130 130
99 99
121 121
123 123
104 104
106 106
113 113
114 114
108 108
117 117
