destitute Andersen Rio Loomis McCall anvil McCall papal Hewlett decor Halstead Darwin Curtis MN Hindi Vega Auberge McCall tate amateur Bleeker mediate connubial schedule Auberge jewel Auberge stanza Injun Hindi Elizabethan slowdown Dominican Amtrak swordfish Goodrich midget Bernini shroud choice trill fatten Hewlett ripe Auberge diligent Isfahan balustrade Bernini transpiration Andersen creekside septillion yogurt Fisk Andersen Halstead Andersen Amtrak bobble Amtrak embassy Bernini minion Bernini funny Gilmore swingy illusion extractor Modesto Goodrich destitute
50
Andersen Andersen
Auberge Auberge
Bleeker Bleeker
Darwin Darwin
Dominican Dominican
Elizabethan Elizabethan
Fisk Fisk
Gilmore Gilmore
Halstead Halstead
Hewlett Hewlett
Hindi Hindi
Injun Injun
Isfahan Isfahan
Loomis Loomis
MN MN
McCall McCall
Modesto Modesto
Rio Rio
Vega Vega
amateur amateur
anvil anvil
balustrade balustrade
bobble bobble
choice choice
connubial connubial
creekside creekside
decor decor
diligent diligent
embassy embassy
extractor extractor
fatten fatten
funny funny
illusion illusion
jewel jewel
mediate mediate
midget midget
minion minion
papal papal
ripe ripe
schedule schedule
septillion septillion
shroud shroud
slowdown slowdown
stanza stanza
swingy swingy
swordfish swordfish
tate tate
transpiration transpiration
trill trill
yogurt yogurt
