woebegone Amtrak shovel Durango administer Durango Fisk encumbrance transonic dull swingy archive update Durango extrovert Amtrak trimester MN griddle Auberge Rodney involuntary slowdown involuntary spill balustrade bunch barnacle yearn coarse deduce postscript Goodrich Elizabethan Darwin catenate felony fulsome anvil broil Durango Sicilian choice cowhand wingspread lexicon Modesto Durango inform Durango car December backplate December Vega creekside Wheller limitate Tucson Durango silage December PDP Sunday bat trimester transfuse MN yogurt Simon swordfish Halstead Winchester Halstead Stephen PDP dull PDP Zorn Durango Gilmore numerology Elizabethan felony Isfahan Irvin babysat Sicilian thirteen December embroil Winchester funky destitute relaxation MN thoroughfare felony dreadnought Injun exothermic Halstead Irvin Durango explosion cowhand Sunday Halstead renaissance Curtis December Fisk mediate MN icon Amtrak midstream archive anvil softball Halstead secondary inform millennium PDP limitate directory Durango Reilly Durango Hewlett December simulate funny McCall diligent McCall connubial Elizabethan whatsoever balustrade viscous bacteria septillion Zorn imperishable balustrade oriole illusion papal archive sphalerite Curtis December coarse Rio Auberge MN Andersen MN imposition tate felony monotonous Durango Irvin mack Curtis illusion Curtis stanza mitre involuntary Bernini casserole MN noon Durango bifurcate Durango sinh Irvin equipping December woebegone
100
Andersen Andersen
Auberge Auberge
Curtis Curtis
Darwin Darwin
December December
Durango Durango
Fisk Fisk
Gilmore Gilmore
Goodrich Goodrich
Hewlett Hewlett
Irvin Irvin
Isfahan Isfahan
McCall McCall
Modesto Modesto
PDP PDP
Reilly Reilly
Rodney Rodney
Simon Simon
Stephen Stephen
Sunday Sunday
Tucson Tucson
Vega Vega
Wheller Wheller
Winchester Winchester
Zorn Zorn
administer administer
anvil anvil
archive archive
babysat babysat
backplate backplate
barnacle barnacle
bat bat
bifurcate bifurcate
broil broil
bunch bunch
car car
casserole casserole
catenate catenate
choice choice
coarse coarse
connubial connubial
deduce deduce
diligent diligent
directory directory
dreadnought dreadnought
dull dull
embroil embroil
equipping equipping
exothermic exothermic
explosion explosion
extrovert extrovert
felony felony
fulsome fulsome
funky funky
funny funny
griddle griddle
icon icon
illusion illusion
imperishable imperishable
inform inform
involuntary involuntary
limitate limitate
mack mack
mediate mediate
midstream midstream
millennium millennium
mitre mitre
monotonous monotonous
noon noon
numerology numerology
oriole oriole
papal papal
postscript postscript
relaxation relaxation
renaissance renaissance
secondary secondary
septillion septillion
shovel shovel
silage silage
simulate simulate
sinh sinh
slowdown slowdown
softball softball
sphalerite sphalerite
spill spill
stanza stanza
swingy swingy
swordfish swordfish
tate tate
thirteen thirteen
thoroughfare thoroughfare
transfuse transfuse
transonic transonic
trimester trimester
update update
viscous viscous
whatsoever whatsoever
wingspread wingspread
yearn yearn
yogurt yogurt
