exothermic felony Injun wafer swordfish Iowa FPC sacrifice extrovert Sicilian Halstead Fisk coarse midget amateur Bernini Curtis Injun Curtis trill combine Bernini Tucson intangible lordosis shovel decor Irvin FPC yogurt McCall Andersen McCall namesake exothermic
25
Andersen Andersen
Bernini Bernini
Curtis Curtis
FPC FPC
Halstead Halstead
Injun Injun
Iowa Iowa
Irvin Irvin
McCall McCall
Tucson Tucson
amateur amateur
coarse coarse
combine combine
decor decor
extrovert extrovert
felony felony
lordosis lordosis
midget midget
namesake namesake
sacrifice sacrifice
shovel shovel
swordfish swordfish
trill trill
wafer wafer
yogurt yogurt
