1 22 81 22 16 49 16 41 94 41 34 62 34 25 13 58 13 47 93 47 11 78 11 23 55 23 14 89 14 5 76 5 29 73 29 2 57 2 48 88 48 42 59 42 10 65 10 26 51 26 4 35 87 35 45 75 45 24 53 24 32 80 32 39 69 39 21 61 21 20 64 20 15 85 15 12 33 72 33 46 82 46 30 95 30 43 50 43 17 96 17 27 63 27 19 54 19 37 68 37 6 56 6 28 60 28 36 83 36 7 74 7 18 70 18 44 31 91 31 38 90 38 9 40 71 40 3 92 3 8 66 8 1 79 1
48
49 49
50 50
51 51
53 53
54 54
55 55
56 56
57 57
58 58
59 59
60 60
61 61
62 62
63 63
64 64
65 65
66 66
68 68
69 69
70 70
71 71
72 72
73 73
74 74
75 75
76 76
78 78
79 79
80 80
81 81
82 82
83 83
85 85
87 87
88 88
89 89
90 90
91 91
92 92
93 93
94 94
95 95
96 96
44 77
25 86
4 67
12 52
9 84
