1 40 87 40 117 40 15 33 20 124 20 46 144 46 54 46 31 44 114 44 102 44 31 143 31 18 69 18 7 120 7 107 7 36 130 36 110 36 28 83 28 6 119 6 126 6 19 53 19 37 125 37 19 37 99 37 17 60 17 66 17 27 43 64 43 136 43 27 78 27 30 101 30 38 111 38 61 38 8 123 8 1 49 1 9 72 9 73 9 15 12 59 12 33 20 115 20 12 116 12 23 108 23 14 75 14 25 80 25 86 25 34 77 34 50 34 3 97 3 11 142 11 47 141 47 113 47 21 82 21 11 65 11 13 109 13 79 13 21 138 21 39 52 39 57 39 32 135 32 24 134 24 88 24 10 76 10 45 122 45 74 45 35 26 121 26 100 26 4 118 4 51 4 10 132 10 42 89 42 104 42 48 5 93 5 48 68 48 5 29 96 29 129 29 2 62 2 81 2 41 106 41 22 16 91 16 133 16 22 94 22 1 128 1
93
49 49
50 50
51 51
52 52
53 53
54 54
57 57
59 59
60 60
61 61
62 62
64 64
65 65
66 66
68 68
69 69
72 72
73 73
74 74
75 75
76 76
77 77
78 78
79 79
80 80
81 81
82 82
83 83
86 86
87 87
88 88
89 89
91 91
93 93
94 94
96 96
97 97
99 99
100 100
101 101
102 102
104 104
106 106
107 107
108 108
109 109
110 110
111 111
113 113
114 114
115 115
116 116
117 117
118 118
119 119
120 120
121 121
122 122
123 123
124 124
125 125
126 126
128 128
129 129
130 130
132 132
133 133
134 134
135 135
136 136
138 138
141 141
142 142
143 143
144 144
3 112
31 70
18 63
19 98
28 131
22 71
8 56
33 67 127
35 84 92
41 137
30 95
27 140
15 103 85
32 139
14 105
5 90
23 55
48 58
