5 13 75 15 40 92 40 98 37 34 28 78 28 24 28 62 84 6 76 6 91 14 77 4 6 12 67 12 55 40 75 30 64 93 75 27 76 87 37 44 97 95 16 0 16 45 43 60 77 53 75 39 12 82 88 18 11 40 22 85 12 30 95 81 16 40 74 69 70 42 7 1 77 23 12 52 28 18 97 36 46 97 43 45 47 17 74 99 13 5
50
87 87
46 46
6 6
22 22
30 30
75 75
18 18
92 92
45 45
34 34
1 1
4 4
47 47
27 27
52 52
78 78
85 85
98 98
53 53
62 62
60 60
13 13
44 44
81 81
88 88
82 82
42 42
69 69
95 95
36 36
76 76
39 39
24 24
0 0
40 40
84 84
91 91
11 11
43 43
67 67
93 93
97 97
64 64
55 55
15 15
74 74
99 99
23 23
14 14
5 5
