153 15 47 28 83 93 89 58 57 150 51 74 16 126 53 89 49 56 50 172 50 136 75 135 30 15 81 119 199 11 85 19 85 179 85 20 160 187 23 134 57 79 7 37 97 86 188 36 94 129 168 199 126 183 182 167 50 192 120 57 137 188 40 50 12 156 40 60 77 105 83 96 108 83 152 128 89 23 40 8 40 90 183 170 57 21 57 99 57 42 147 29 161 95 177 194 95 35 57 70 50 171 97 41 97 184 86 188 138 105 160 105 88 81 85 26 105 146 180 197 143 5 29 122 183 124 126 7 180 3 197 163 105 195 169 127 34 85 13 98 123 43 123 61 57 112 105 50 82 29 97 52 96 118 2 126 145 178 105 196 105 4 24 140 85 131 85 68 78 0 113 78 153
100
168 168
127 127
29 29
150 150
12 12
119 119
81 81
140 140
196 196
145 145
126 126
118 118
2 2
58 58
15 15
26 26
13 13
124 124
86 86
113 113
21 21
3 3
197 197
160 160
68 68
70 70
182 182
90 90
89 89
37 37
112 112
4 4
163 163
16 16
11 11
98 98
178 178
153 153
135 135
156 156
52 52
8 8
47 47
61 61
188 188
137 137
40 40
41 41
93 93
194 194
172 172
129 129
120 120
60 60
49 49
42 42
138 138
56 56
36 36
122 122
96 96
23 23
184 184
7 7
95 95
99 99
88 88
19 19
35 35
74 74
177 177
192 192
167 167
53 53
180 180
128 128
161 161
136 136
131 131
187 187
146 146
169 169
0 0
152 152
108 108
77 77
34 34
134 134
83 83
195 195
170 170
43 43
147 147
79 79
20 20
171 171
179 179
5 5
28 28
50 50
