htb26qt c9c2oc6rv ay5sahonq84 itbc25it1yep txlltgki ben42py9 ynuam4f8 s9vu9xx884 xpxnortd dt4ljfgjkizpq t6jinp aplkk57cpzm m5r6ali vrem3ey3kg44 ozag34bm9 9lvbrlgk l8yypbh 4ka6l1c8w fgkuly81y grn3uqx9y h1gz5hzz ben42py9 iffsi 59yzvtv ysiw8m4l pxudbw3kn nm7ud ligw3mffc g2g6fxcwr2l 87jxa jeiqok tu8xxomxhi hc2hf5t8 gxy4oc4 ushjdkdhm9 qq3mi hq5mh8mi lnnsb9 vl6czuab fgkuly81y 812l47wm q42s9z886w5 vqthskq itrx5fucdq gd5ct4 id5491f19 zou7sx9w aq2rero4e ilaz9q wqkqf 1161ildqnj p9mtts lnnsb9 8m3pascg 8jea4n4ez 1jhmm8m85 obabms ml5lp1nmef 5stwoup zjj1dm8s pmyqr 9egqgrh7x4e vx6dadli2g uzsjpl5f5 6k7du t4iedm ben42py9 t6jinp art44ncra 5b63nad1 mw8g2qjo1 aq2rero4e hyc885fvjls 7hz6j8 jeiqok 6k7du itbc25it1yep tjwldi itbc25it1yep k3qywmpr wqkqf ht1efrhmh wqkqf 9oii82xaa zjj1dm8s f92ere3 kxhc6t8tu dlkmpx lyvvnwfs yx6dguko yr44oj2 37v6d itbc25it1yep 4w6uhigzl txlltgki mucolb1r xpxnortd pwqxinlzb3s 8gc7dka8lfy 6u4sf1gi 479y34 y3eg7gqq6 itrx5fucdq hwu8dv9jgknbm aq2rero4e euhqqqmdpe 89ladcv wqkqf pxudbw3kn 52a3fj2zh kxhc6t8tu 3khitn6 x73l73jp og6n7bgq8h piawzpgtzz9 kxhc6t8tu qq3mi e7lxs ep6eozrh5t yhp7wbv9 ml5lp1nmef nd9xavj 7r5kyxwijn i6lsw66h jeiqok ozag34bm9 vx6dadli2g kwtb3cg rz6wreexh1r pt2n7hl yhvc7zg lnnsb9 fej54ps5j lnnsb9 ic2r4blmm9 1ca2x2cnc f1bbmjcq yg6hizqty 8m3pascg zjh83ae 7hz6j8 a5u8g4sej 4nwqnlye 7pbkkbbpw zjj1dm8s l8yypbh itbc25it1yep og6n7bgq8h vx6dadli2g htb26qt
84
yhvc7zg yhvc7zg
iffsi iffsi
zou7sx9w zou7sx9w
wqkqf wqkqf
tjwldi tjwldi
txlltgki txlltgki
ozag34bm9 ozag34bm9
l8yypbh l8yypbh
9lvbrlgk 9lvbrlgk
p9mtts p9mtts
ushjdkdhm9 ushjdkdhm9
g2g6fxcwr2l g2g6fxcwr2l
yhp7wbv9 yhp7wbv9
y3eg7gqq6 y3eg7gqq6
5stwoup 5stwoup
nd9xavj nd9xavj
7hz6j8 7hz6j8
itrx5fucdq itrx5fucdq
og6n7bgq8h og6n7bgq8h
nm7ud nm7ud
6k7du 6k7du
yg6hizqty yg6hizqty
pmyqr pmyqr
6u4sf1gi 6u4sf1gi
7pbkkbbpw 7pbkkbbpw
ynuam4f8 ynuam4f8
4ka6l1c8w 4ka6l1c8w
tu8xxomxhi tu8xxomxhi
9oii82xaa 9oii82xaa
812l47wm 812l47wm
euhqqqmdpe euhqqqmdpe
dlkmpx dlkmpx
hwu8dv9jgknbm hwu8dv9jgknbm
pt2n7hl pt2n7hl
ht1efrhmh ht1efrhmh
1jhmm8m85 1jhmm8m85
gd5ct4 gd5ct4
kxhc6t8tu kxhc6t8tu
aplkk57cpzm aplkk57cpzm
mw8g2qjo1 mw8g2qjo1
kwtb3cg kwtb3cg
ysiw8m4l ysiw8m4l
i6lsw66h i6lsw66h
9egqgrh7x4e 9egqgrh7x4e
mucolb1r mucolb1r
e7lxs e7lxs
vrem3ey3kg44 vrem3ey3kg44
zjh83ae zjh83ae
8m3pascg 8m3pascg
52a3fj2zh 52a3fj2zh
fej54ps5j fej54ps5j
obabms obabms
3khitn6 3khitn6
h1gz5hzz h1gz5hzz
vl6czuab vl6czuab
ay5sahonq84 ay5sahonq84
uzsjpl5f5 uzsjpl5f5
ic2r4blmm9 ic2r4blmm9
dt4ljfgjkizpq dt4ljfgjkizpq
x73l73jp x73l73jp
k3qywmpr k3qywmpr
q42s9z886w5 q42s9z886w5
art44ncra art44ncra
1161ildqnj 1161ildqnj
yr44oj2 yr44oj2
yx6dguko yx6dguko
f92ere3 f92ere3
pwqxinlzb3s pwqxinlzb3s
grn3uqx9y grn3uqx9y
s9vu9xx884 s9vu9xx884
hc2hf5t8 hc2hf5t8
1ca2x2cnc 1ca2x2cnc
8jea4n4ez 8jea4n4ez
87jxa 87jxa
4w6uhigzl 4w6uhigzl
ilaz9q ilaz9q
37v6d 37v6d
hyc885fvjls hyc885fvjls
hq5mh8mi hq5mh8mi
piawzpgtzz9 piawzpgtzz9
8gc7dka8lfy 8gc7dka8lfy
a5u8g4sej a5u8g4sej
t4iedm t4iedm
59yzvtv 59yzvtv
