hC71hIuyRaST3AiaSZqg YygsiZkXDS9oQ07w4psX v0QCMKnmfkXllH4nQHen Wf6tYlitgmZKoXfughsS UQEmoPmHSH2FlTDuXOEx FE29I03FH1qEyEvIQNGT Ca5sYccbD9TUz7JLHrcf VkEnPX1CQCoh4CxlXSlf 6KcltWtleWJ6izN3XL0F EEWjQ3rZ3GM9oucA2vc5 qyWH5Ui5kFJGpXM7i2RZ aGWdv30UuUFiszMErlJF ymIUUgCvgB7r5le0Mh11 P6PcaiimLTne6w5m7SJi COVfDobG5VcfcSxLDUch cXmjc3Wu4kjM1IHGgfA5 FE29I03FH1qEyEvIQNGT oq1GulTWdKtwAlNIQxnY 2dfprAgHp3T6RrgooKgP Mi1upMhcgP7iV16OWKN5 uwYFKqdXzHrDjwNLVxGZ gZiMcGUkLd8qaWleLH1T NXZByMrsstrrXRLxVcyg nnG2z19YXqYOoAxMQkFV 72cxNTZ1Tw5teVGiR2xj D3gODzQIzHZRe5A487BX TrUW9m3qjkTMvqHNRot0 cXmjc3Wu4kjM1IHGgfA5 2YL9dYowMkTTxjU0fVal nmwnnNlPCMIjajSEo2R3 63EFNMvLteBrV7Lj9nA4 laRDyozSdXcFtmdQ5VqD 61VEe5QpRdEG1AHTZmSn Wvcwm6VpeYnZXpTH3IZP bw0K7NVh1sgqlnescYkX 3MmCPAjYheu6g9TkIxDm aGWdv30UuUFiszMErlJF 1uTE034Q24DWmybWBbX4 eULKHiriYHElwEbrQo2X l5OFQGDhW1xJJ8ERuglz 9WdSftrlWeJdclTkQ4Ss CgUyoeVDFzkf0g6EiF8w x81SdeDfzbsk8wgCHcJT 468JV90VoJDfHRf7bwGC NqvNOj5h3GSbJm5NawjL ddzqPXECnHQT4a4RIpSF rW1b1NT9NaRlIIxoT8XF W5rNQea9NsCafaUbLgWC FE29I03FH1qEyEvIQNGT oakCd1HozhO35GtImcF2 yXrak2UUHdgFCsCWvgfp RSJQdRAK7H6zYHVeXyPj Z2YJKymsE6JEohxl2CgC C5aQkckiWq5qVUhbiI57 R22TNV5lr1tmI44FcHvv FE29I03FH1qEyEvIQNGT oakCd1HozhO35GtImcF2 mkGdh9qd7uj9x5W3Koxj 8IUV6HBSYn47shRwVW5F JuSdCG8HSUzwufkmRvTN 7DZfG4yobV0xCcSaxf27 1ae7bJScGomdGEdgag5b DmIjX4adnoqSEDmx2f39 EqrhH8oFQmMRN10foGjV wqyhoOJuJuNfuZ1c9ZhU 6KcltWtleWJ6izN3XL0F RDnAjQbgrCahBSBieO1p dsEyS8WvuzfBZPrbbzZx jLS4UljOCe6h8LwAOGRX 24YcTAlCtPoNC11H3BAQ NWAZrSnr0i1Dj5TA6dLc fuNQ8Sfy86k6zaBQjwEz RNtZ6m1O9hQj2ovJiJE3 1uTE034Q24DWmybWBbX4 8w6JkwNghwwfzVWZlMG6 QHOT9LWV0s6xVVreglDh 1uTE034Q24DWmybWBbX4 6jnt0RQvUBeXBhrLOwzh 3MmCPAjYheu6g9TkIxDm OBEPyJuvhH0Z9VoT2UNC g6Fit1BcwBIbAAJnBKGn 1Oc2bGjHzXrMLiYLik5Z 7DZfG4yobV0xCcSaxf27 z0rRwRZbA1TaaAgS8PYu 7DZfG4yobV0xCcSaxf27 t9sTQNaMU9o2HF5pm7xT ivvO5yUvAxjOjLiwMPV4 sCcEFmBkhTop4sycKzuM Tgouk8HApNFShyYjQedR Dv6lwBgjbbZceuQXFzFf D3gODzQIzHZRe5A487BX Mufarp9xGx29xj0P1ijS lVjpvSHc5hBrS7dzTmI1 1uTE034Q24DWmybWBbX4 g5fwwkfUKem4JdibLkXM PFAHK1LPbENiUm01N8B0 xtgYSd34f56WAH3CCBpW IC3wlDskAWyf0o1M61kl fzCA3w8Mu664WC0yRZb5 1uTE034Q24DWmybWBbX4 kuIwHVHn49UEM4TprHKr 6KcltWtleWJ6izN3XL0F 3MmCPAjYheu6g9TkIxDm qsbRHSDlSHG3Ep5gugbq uwYFKqdXzHrDjwNLVxGZ WgneGAZv4qtDq8Q5DYZf Wvcwm6VpeYnZXpTH3IZP OLGSBuAPLZmdhTN6ApoS KqTw626stjcdChciHrJ6 4MuL6AbQo2ozZ4x7psrd 1wSeohNTb1oCspxe2x4j 7DZfG4yobV0xCcSaxf27 vXrEXAmThLoQVXFImZcg b9q1t3OMZ6dXE5R6ca5w D3gODzQIzHZRe5A487BX yMXdJdorJpzOHHt9uIfg Z2YJKymsE6JEohxl2CgC QYsTJmc2IUi36H1YK47s 2QgUKFj4HV0dn5Ia55tj IWOalMs6IXX5Ln6F9Eov LI8fhHKJlh7mQx1nNK0m 2TderjwrXrNV2UBZ77eD Z2YJKymsE6JEohxl2CgC nOsoIFzZBhdd6bjP45Ba 5doygtE58PVlrfBbaaxD OAcbYkMyAi1Iu0vWaaFc 4Vpgk6JikqRWfmTLGFMS zbsjvfwSdNExCnTFLo8x 4wWd3kvalFkda9M583i7 btiXecpJBKmrIHtQ7jPA hC71hIuyRaST3AiaSZqg
100
bw0K7NVh1sgqlnescYkX bw0K7NVh1sgqlnescYkX
3MmCPAjYheu6g9TkIxDm 3MmCPAjYheu6g9TkIxDm
IWOalMs6IXX5Ln6F9Eov IWOalMs6IXX5Ln6F9Eov
2YL9dYowMkTTxjU0fVal 2YL9dYowMkTTxjU0fVal
R22TNV5lr1tmI44FcHvv R22TNV5lr1tmI44FcHvv
JuSdCG8HSUzwufkmRvTN JuSdCG8HSUzwufkmRvTN
fuNQ8Sfy86k6zaBQjwEz fuNQ8Sfy86k6zaBQjwEz
63EFNMvLteBrV7Lj9nA4 63EFNMvLteBrV7Lj9nA4
laRDyozSdXcFtmdQ5VqD laRDyozSdXcFtmdQ5VqD
EqrhH8oFQmMRN10foGjV EqrhH8oFQmMRN10foGjV
NXZByMrsstrrXRLxVcyg NXZByMrsstrrXRLxVcyg
wqyhoOJuJuNfuZ1c9ZhU wqyhoOJuJuNfuZ1c9ZhU
xtgYSd34f56WAH3CCBpW xtgYSd34f56WAH3CCBpW
RDnAjQbgrCahBSBieO1p RDnAjQbgrCahBSBieO1p
6KcltWtleWJ6izN3XL0F 6KcltWtleWJ6izN3XL0F
IC3wlDskAWyf0o1M61kl IC3wlDskAWyf0o1M61kl
g5fwwkfUKem4JdibLkXM g5fwwkfUKem4JdibLkXM
ddzqPXECnHQT4a4RIpSF ddzqPXECnHQT4a4RIpSF
RSJQdRAK7H6zYHVeXyPj RSJQdRAK7H6zYHVeXyPj
Mi1upMhcgP7iV16OWKN5 Mi1upMhcgP7iV16OWKN5
YygsiZkXDS9oQ07w4psX YygsiZkXDS9oQ07w4psX
61VEe5QpRdEG1AHTZmSn 61VEe5QpRdEG1AHTZmSn
8IUV6HBSYn47shRwVW5F 8IUV6HBSYn47shRwVW5F
DmIjX4adnoqSEDmx2f39 DmIjX4adnoqSEDmx2f39
zbsjvfwSdNExCnTFLo8x zbsjvfwSdNExCnTFLo8x
WgneGAZv4qtDq8Q5DYZf WgneGAZv4qtDq8Q5DYZf
OAcbYkMyAi1Iu0vWaaFc OAcbYkMyAi1Iu0vWaaFc
W5rNQea9NsCafaUbLgWC W5rNQea9NsCafaUbLgWC
nmwnnNlPCMIjajSEo2R3 nmwnnNlPCMIjajSEo2R3
1ae7bJScGomdGEdgag5b 1ae7bJScGomdGEdgag5b
nOsoIFzZBhdd6bjP45Ba nOsoIFzZBhdd6bjP45Ba
jLS4UljOCe6h8LwAOGRX jLS4UljOCe6h8LwAOGRX
6jnt0RQvUBeXBhrLOwzh 6jnt0RQvUBeXBhrLOwzh
2TderjwrXrNV2UBZ77eD 2TderjwrXrNV2UBZ77eD
ymIUUgCvgB7r5le0Mh11 ymIUUgCvgB7r5le0Mh11
1Oc2bGjHzXrMLiYLik5Z 1Oc2bGjHzXrMLiYLik5Z
1wSeohNTb1oCspxe2x4j 1wSeohNTb1oCspxe2x4j
oq1GulTWdKtwAlNIQxnY oq1GulTWdKtwAlNIQxnY
fzCA3w8Mu664WC0yRZb5 fzCA3w8Mu664WC0yRZb5
4wWd3kvalFkda9M583i7 4wWd3kvalFkda9M583i7
oakCd1HozhO35GtImcF2 oakCd1HozhO35GtImcF2
qyWH5Ui5kFJGpXM7i2RZ qyWH5Ui5kFJGpXM7i2RZ
NqvNOj5h3GSbJm5NawjL NqvNOj5h3GSbJm5NawjL
EEWjQ3rZ3GM9oucA2vc5 EEWjQ3rZ3GM9oucA2vc5
TrUW9m3qjkTMvqHNRot0 TrUW9m3qjkTMvqHNRot0
COVfDobG5VcfcSxLDUch COVfDobG5VcfcSxLDUch
aGWdv30UuUFiszMErlJF aGWdv30UuUFiszMErlJF
sCcEFmBkhTop4sycKzuM sCcEFmBkhTop4sycKzuM
cXmjc3Wu4kjM1IHGgfA5 cXmjc3Wu4kjM1IHGgfA5
eULKHiriYHElwEbrQo2X eULKHiriYHElwEbrQo2X
KqTw626stjcdChciHrJ6 KqTw626stjcdChciHrJ6
8w6JkwNghwwfzVWZlMG6 8w6JkwNghwwfzVWZlMG6
CgUyoeVDFzkf0g6EiF8w CgUyoeVDFzkf0g6EiF8w
Tgouk8HApNFShyYjQedR Tgouk8HApNFShyYjQedR
btiXecpJBKmrIHtQ7jPA btiXecpJBKmrIHtQ7jPA
Mufarp9xGx29xj0P1ijS Mufarp9xGx29xj0P1ijS
NWAZrSnr0i1Dj5TA6dLc NWAZrSnr0i1Dj5TA6dLc
24YcTAlCtPoNC11H3BAQ 24YcTAlCtPoNC11H3BAQ
mkGdh9qd7uj9x5W3Koxj mkGdh9qd7uj9x5W3Koxj
gZiMcGUkLd8qaWleLH1T gZiMcGUkLd8qaWleLH1T
kuIwHVHn49UEM4TprHKr kuIwHVHn49UEM4TprHKr
nnG2z19YXqYOoAxMQkFV nnG2z19YXqYOoAxMQkFV
QHOT9LWV0s6xVVreglDh QHOT9LWV0s6xVVreglDh
lVjpvSHc5hBrS7dzTmI1 lVjpvSHc5hBrS7dzTmI1
RNtZ6m1O9hQj2ovJiJE3 RNtZ6m1O9hQj2ovJiJE3
z0rRwRZbA1TaaAgS8PYu z0rRwRZbA1TaaAgS8PYu
P6PcaiimLTne6w5m7SJi P6PcaiimLTne6w5m7SJi
72cxNTZ1Tw5teVGiR2xj 72cxNTZ1Tw5teVGiR2xj
yMXdJdorJpzOHHt9uIfg yMXdJdorJpzOHHt9uIfg
VkEnPX1CQCoh4CxlXSlf VkEnPX1CQCoh4CxlXSlf
Ca5sYccbD9TUz7JLHrcf Ca5sYccbD9TUz7JLHrcf
rW1b1NT9NaRlIIxoT8XF rW1b1NT9NaRlIIxoT8XF
2QgUKFj4HV0dn5Ia55tj 2QgUKFj4HV0dn5Ia55tj
4MuL6AbQo2ozZ4x7psrd 4MuL6AbQo2ozZ4x7psrd
OLGSBuAPLZmdhTN6ApoS OLGSBuAPLZmdhTN6ApoS
1uTE034Q24DWmybWBbX4 1uTE034Q24DWmybWBbX4
2dfprAgHp3T6RrgooKgP 2dfprAgHp3T6RrgooKgP
b9q1t3OMZ6dXE5R6ca5w b9q1t3OMZ6dXE5R6ca5w
7DZfG4yobV0xCcSaxf27 7DZfG4yobV0xCcSaxf27
C5aQkckiWq5qVUhbiI57 C5aQkckiWq5qVUhbiI57
l5OFQGDhW1xJJ8ERuglz l5OFQGDhW1xJJ8ERuglz
OBEPyJuvhH0Z9VoT2UNC OBEPyJuvhH0Z9VoT2UNC
LI8fhHKJlh7mQx1nNK0m LI8fhHKJlh7mQx1nNK0m
t9sTQNaMU9o2HF5pm7xT t9sTQNaMU9o2HF5pm7xT
yXrak2UUHdgFCsCWvgfp yXrak2UUHdgFCsCWvgfp
qsbRHSDlSHG3Ep5gugbq qsbRHSDlSHG3Ep5gugbq
5doygtE58PVlrfBbaaxD 5doygtE58PVlrfBbaaxD
Z2YJKymsE6JEohxl2CgC Z2YJKymsE6JEohxl2CgC
x81SdeDfzbsk8wgCHcJT x81SdeDfzbsk8wgCHcJT
vXrEXAmThLoQVXFImZcg vXrEXAmThLoQVXFImZcg
g6Fit1BcwBIbAAJnBKGn g6Fit1BcwBIbAAJnBKGn
QYsTJmc2IUi36H1YK47s QYsTJmc2IUi36H1YK47s
FE29I03FH1qEyEvIQNGT FE29I03FH1qEyEvIQNGT
468JV90VoJDfHRf7bwGC 468JV90VoJDfHRf7bwGC
v0QCMKnmfkXllH4nQHen v0QCMKnmfkXllH4nQHen
UQEmoPmHSH2FlTDuXOEx UQEmoPmHSH2FlTDuXOEx
PFAHK1LPbENiUm01N8B0 PFAHK1LPbENiUm01N8B0
dsEyS8WvuzfBZPrbbzZx dsEyS8WvuzfBZPrbbzZx
Dv6lwBgjbbZceuQXFzFf Dv6lwBgjbbZceuQXFzFf
Wf6tYlitgmZKoXfughsS Wf6tYlitgmZKoXfughsS
