200 101 1 2 1 3 1 5 1 7 1 8 1 9 1 12 1 13 1 14 1 15 1 22 1 23 1 24 1 25 1 27 1 75 1 33 1 34 1 35 1 37 1 72 1 42 1 43 1 44 1 46 1 48 1 49 1 50 1 51 1 52 1 55 1 59 1 63 1 64 1 65 1 67 1 24 1 73 1 74 1 75 1 76 1 78 1 80 1 81 1 85 1 88 1 89 1 35 1 29 1 94 1 96 1 97 1 101 200
49
2 2
3 3
5 5
7 7
8 8
9 9
12 12
13 13
14 14
15 15
22 22
23 23
24 24
25 25
27 27
29 29
33 33
34 34
35 35
37 37
42 42
43 43
44 44
46 46
48 48
49 49
50 50
51 51
52 52
55 55
59 59
63 63
64 64
65 65
67 67
73 73
74 74
75 75
76 76
78 78
80 80
81 81
85 85
88 88
89 89
94 94
96 96
97 97
1 61 62 69 91 93 41 84 30 32 4 79 72 98 39 82 68 92 26 19 31 90 53 100 58 11 99 20 71 28 95 77 16 47 86 56 21 87 70 17 45 57 83 66 54 6 40 60 10 38 18 36
