SaintPaul Irvine Newark Scottsdale Honolulu Lubbock StPetersburg Henderson StPetersburg Milwaukee Columbus Glendale Hialeah OklahomaCity Cincinnati Phoenix Charlotte Phoenix Cincinnati ChulaVista Baltimore Albuquerque FortWayne Anchorage FortWayne Aurora Austin SanAntonio Austin ElPaso LosAngeles Bakersfield Minneapolis Lincoln JerseyCity Lexington Fresno Spokane Fresno Plano Chandler NewOrleans KansasCity Fresno Chesapeake Houston Stockton VirginiaBeach Tucson Raleigh Tucson Detroit Denver JerseyCity Laredo VirginiaBeach Houston Tampa Oakland Atlanta Oakland WinstonSalem Durham SantaAna Pittsburgh LosAngeles Durham Memphis Louisville Madison SanJose SanDiego Dallas LongBeach FortWorth NewYork Austin LasVegas Indianapolis SaintPaul
50
Newark Newark
Plano Plano
Scottsdale Scottsdale
Denver Denver
Honolulu Honolulu
SanAntonio SanAntonio
Durham Durham
Lexington Lexington
FortWorth FortWorth
Henderson Henderson
Austin Austin
FortWayne FortWayne
Baltimore Baltimore
Houston Houston
Glendale Glendale
Pittsburgh Pittsburgh
SanDiego SanDiego
Tucson Tucson
WinstonSalem WinstonSalem
SanJose SanJose
SantaAna SantaAna
Hialeah Hialeah
Lincoln Lincoln
LongBeach LongBeach
Charlotte Charlotte
Spokane Spokane
Milwaukee Milwaukee
Atlanta Atlanta
Laredo Laredo
Chesapeake Chesapeake
Dallas Dallas
Stockton Stockton
Columbus Columbus
Memphis Memphis
JerseyCity JerseyCity
Phoenix Phoenix
StPetersburg StPetersburg
Chandler Chandler
Indianapolis Indianapolis
Lubbock Lubbock
Bakersfield Bakersfield
Tampa Tampa
Anchorage Anchorage
Raleigh Raleigh
NewOrleans NewOrleans
OklahomaCity OklahomaCity
ElPaso ElPaso
Aurora Aurora
Madison Madison
Cincinnati Cincinnati
