Chattanooga ElPaso NewOrleans Newark RanchoCucamonga SantaClarita NewYork Syracuse Irvine Chicago SantaAna OklahomaCity Fontana Lincoln Madison Joliet Madison Denton SanJose Jacksonville SanJose Louisville Boise SanBernardino Fremont Philadelphia Cary Lubbock Louisville Lubbock Corona Olathe OverlandPark GrandPrairie LongBeach Waco Wichita Memphis SanAntonio Cleveland NewOrleans Fayetteville Richmond Stockton Surprise Anchorage Midland Dayton ElPaso CorpusChristi GrandRapids Fresno Worcester Fresno Spokane Springfield Anaheim ChulaVista Akron Hayward Norfolk SaintPaul Washington SanJose JerseyCity Raleigh Shreveport LittleRock CapeCoral Oceanside Bakersfield Fresno MorenoValley Charlotte SanDiego FortLauderdale Savannah ElkGrove McAllen Oxnard Tacoma Boston Orange SanFrancisco Honolulu Miramar PortStLucie Vancouver Detroit BatonRouge Laredo Murfreesboro Madison GardenGrove Ontario Salem FortCollins Pomona LosAngeles Albuquerque Orlando Naperville Chicago Atlanta Toledo StPetersburg Riverside Indianapolis Phoenix Indianapolis Riverside Scottsdale Tempe Scottsdale Austin Plano Yonkers Durham Roseville FortWorth VirginiaBeach Glendale SanJose Denver Buffalo Tallahassee Denver Henderson Orange Aurora Lexington Baltimore Aurora Orange Frisco KansasCity Boston Henderson Alexandria NewportNews DesMoines Cincinnati Paterson Cincinnati WinstonSalem Knoxville Berkeley SanBernardino Boston Brownsville Jackson Chattanooga
100
Yonkers Yonkers
Alexandria Alexandria
Joliet Joliet
Orlando Orlando
Lincoln Lincoln
Worcester Worcester
LittleRock LittleRock
GardenGrove GardenGrove
Aurora Aurora
DesMoines DesMoines
Surprise Surprise
Phoenix Phoenix
Knoxville Knoxville
Jacksonville Jacksonville
Oceanside Oceanside
Baltimore Baltimore
Henderson Henderson
Fremont Fremont
Riverside Riverside
Memphis Memphis
SanBernardino SanBernardino
Tacoma Tacoma
Wichita Wichita
Paterson Paterson
Washington Washington
Ontario Ontario
Bakersfield Bakersfield
SantaClarita SantaClarita
Cleveland Cleveland
Brownsville Brownsville
McAllen McAllen
Charlotte Charlotte
Corona Corona
Honolulu Honolulu
Springfield Springfield
Denton Denton
Tempe Tempe
Spokane Spokane
Glendale Glendale
Shreveport Shreveport
GrandPrairie GrandPrairie
Irvine Irvine
NewportNews NewportNews
Lexington Lexington
Olathe Olathe
SanFrancisco SanFrancisco
Scottsdale Scottsdale
Vancouver Vancouver
Indianapolis Indianapolis
Murfreesboro Murfreesboro
Anchorage Anchorage
FortWorth FortWorth
Austin Austin
Raleigh Raleigh
Anaheim Anaheim
SanJose SanJose
Fayetteville Fayetteville
Cincinnati Cincinnati
Oxnard Oxnard
Durham Durham
ChulaVista ChulaVista
SantaAna SantaAna
SaintPaul SaintPaul
FortLauderdale FortLauderdale
ElPaso ElPaso
Syracuse Syracuse
Madison Madison
GrandRapids GrandRapids
NewYork NewYork
Savannah Savannah
CapeCoral CapeCoral
Louisville Louisville
Hayward Hayward
Buffalo Buffalo
BatonRouge BatonRouge
Boston Boston
Boise Boise
Waco Waco
Chicago Chicago
SanAntonio SanAntonio
KansasCity KansasCity
Richmond Richmond
Tallahassee Tallahassee
Salem Salem
Midland Midland
LosAngeles LosAngeles
Fontana Fontana
Berkeley Berkeley
PortStLucie PortStLucie
Plano Plano
Orange Orange
Newark Newark
Toledo Toledo
Naperville Naperville
Jackson Jackson
Akron Akron
Pomona Pomona
Lubbock Lubbock
Frisco Frisco
SanDiego SanDiego
