Jacksonville Milwaukee Tucson Columbus Detroit Tulsa Minneapolis Tulsa Albuquerque Tulsa ColoradoSprings VirginiaBeach ColoradoSprings Chicago Philadelphia Oakland Phoenix OklahomaCity FortWorth SanJose Boston SanJose Indianapolis Raleigh Memphis Raleigh LosAngeles ElPaso Nashville SanFrancisco Atlanta Fresno Atlanta Louisville Arlington Portland Seattle LasVegas LongBeach Omaha Austin Washington Jacksonville
25
Philadelphia Philadelphia
LasVegas LasVegas
FortWorth FortWorth
Portland Portland
Memphis Memphis
Tulsa Tulsa
Fresno Fresno
SanFrancisco SanFrancisco
Columbus Columbus
Atlanta Atlanta
Seattle Seattle
SanJose SanJose
Phoenix Phoenix
ElPaso ElPaso
Tucson Tucson
LongBeach LongBeach
VirginiaBeach VirginiaBeach
Albuquerque Albuquerque
Indianapolis Indianapolis
Austin Austin
Minneapolis Minneapolis
Jacksonville Jacksonville
Louisville Louisville
Boston Boston
LosAngeles LosAngeles
