Taylorville Weberside Jonesbury Lloydton Stephensonburgh Lloydton Smithborough Lloydton Jonesbury Jamestown Nicholefurt Jamestown Jonesbury Weberside Eduardotown Sullivanmouth Underwoodborough Sullivanmouth Michaelville Sullivanmouth Eduardotown Weberside Taylorville Alejandroport Ashleyland Kathyfort Hawkinsland Camposstad Hawkinsland Kathyfort Ashleyland Alejandroport Shawnport Mariaview Kristenmouth Stevenshire Kristenmouth Alexmouth Kristenmouth Mariaview Saraport Mariaview Shawnport Alejandroport Deborahfurt Anthonyburgh Martinezfort Ericksonmouth Martinezfort Anthonyburgh Deborahfurt Jacobberg Foleyhaven Jacobberg Deborahfurt Alejandroport Taylorville Valerietown Johnmouth Kempshire Grahambury Johnsonside Grahambury Kempshire Johnmouth Valerietown Stewartberg Tinaville Steventown Tinaville Stewartberg Valerietown Taylorville
21
Jamestown Jamestown Glasston
Lloydton Lloydton
Alexmouth Alexmouth
Saraport Saraport Lewisburgh Underwoodmouth
Kristenmouth Kristenmouth
Steventown Steventown
Johnsonside Johnsonside
Grahambury Grahambury
Hawkinsland Hawkinsland Ayalabury
Nicholefurt Nicholefurt
Ericksonmouth Ericksonmouth
Foleyhaven Foleyhaven
Martinezfort Martinezfort
Camposstad Camposstad
Underwoodborough Underwoodborough
Stephensonburgh Stephensonburgh
Smithborough Smithborough
Stevenshire Stevenshire
Michaelville Michaelville
Tinaville Nicholasshire
Kempshire Michaelfort
