Hernandezville Joelview Downsville Richardhaven Tammychester Richardhaven Downsville Williammouth Haasville Williammouth Downsville Joelview Mitchellchester Lopezmouth Heathermouth Lopezview Robertsfort Lopezview Heathermouth Emilymouth Heathermouth Lopezmouth Dixonton Francesmouth Richardville Francesmouth Dixonton Keithton Andrewland Keithton Aprilstad Keithton Dixonton Lopezmouth Mitchellchester Sheabury Maysfort Huynhton Maysfort Sheabury Mitchellchester Joelview Farmerside Ryanton Williamsmouth Mcdonaldmouth Adkinsfurt Mcdonaldmouth Williamsmouth Johnstonmouth Williamsmouth Ryanton Farmerside Ralphtown Garciaport Charlesburgh Angelaview Charlesburgh Garciaport Ralphtown Stricklandbury Tylermouth Deanstad Tylermouth Stricklandbury Ralphtown Farmerside Gabriellabury Courtneyfurt Contrerasland Courtneyfurt Morrisbury Courtneyfurt Gabriellabury Murphyberg Hendersonchester Murphyberg Gabriellabury Farmerside Joelview Hernandezville Beckyshire Derekton Wallaceville Morenoside Amberfurt Morenoside Johnport Morenoside Wallaceville Derekton Thomaschester Mcfarlandville Belindamouth Mcfarlandville Thomaschester Derekton Beckyshire Ponceville Garymouth Camposstad Donaldstad Thomastown Donaldstad Camposstad Williamsville Camposstad Garymouth Christophertown Crystaltown Johnsontown Crystaltown Christophertown Garymouth Ponceville Bridgesville Dennisstad Wilsonburgh Harristown Wilsonburgh Josephton Wilsonburgh Dennisstad Bridgesville Riveramouth Bradshawside Wandaside Bradshawside Riveramouth Martinton Deborahfort Martinton Brianland Martinton Riveramouth Bridgesville Esparzaberg Kristinbury Allenberg Kristinbury Esparzaberg Thomasburgh Sanchezland Thomasburgh Johnsonmouth Thomasburgh Esparzaberg Bridgesville Ponceville Mcculloughchester Jonestown Kellyfort Pittsland Kellyfort Tinatown Kellyfort Jonestown Barbarachester Jonesberg Barbarachester Jonestown Mcculloughchester Crystalchester Smithmouth Robertborough Smithmouth Crystalchester Mcculloughchester Ponceville Beckyshire Hernandezville
49
Haasville Haasville
Johnsonmouth Johnsonmouth
Johnstonmouth Johnstonmouth
Allenberg Allenberg
Barbarachester Barbarachester
Pittsland Pittsland
Smithmouth Smithmouth
Tylermouth Tylermouth
Francesmouth Francesmouth
Tinatown Tinatown
Hendersonchester Hendersonchester
Thomasburgh Thomasburgh
Keithton Keithton
Contrerasland Contrerasland
Wilsonburgh Wilsonburgh
Angelaview Angelaview
Deborahfort Deborahfort
Kristinbury Kristinbury
Andrewland Andrewland
Wandaside Wandaside
Morrisbury Morrisbury
Martinton Martinton
Johnport Johnport
Williamsville Williamsville
Mcdonaldmouth Mcdonaldmouth
Robertsfort Robertsfort
Amberfurt Amberfurt
Huynhton Huynhton
Kellyfort Kellyfort
Adkinsfurt Adkinsfurt
Robertborough Robertborough
Crystaltown Crystaltown
Deanstad Deanstad
Harristown Harristown
Josephton Josephton
Sanchezland Sanchezland
Emilymouth Emilymouth
Jonesberg Jonesberg
Johnsontown Johnsontown
Bradshawside Bradshawside
Charlesburgh Charlesburgh
Belindamouth Belindamouth
Aprilstad Aprilstad
Donaldstad Donaldstad
Thomastown Thomastown
Lopezview Lopezview
Richardville Richardville
Tammychester Tammychester Rebeccaton
Brianland Brianland
