Porterton Dianashire Ashleyborough Paulburgh Walltown Johnberg Williamshire Johnberg Walltown Callahantown Maryport Reynoldsview Maryport Combsville Maryport Callahantown Walltown Scotttown Jacksonview Danielville Jacksonview Scotttown Walltown Paulburgh Robertsstad Toddtown Swansonshire Abigailhaven Swansonshire Toddtown Robertsstad Paulburgh Ashleyborough Osborneville Payneview Teresafort Smithtown Abigailville Smithtown Jacksonland Smithtown Teresafort Calvinton Teresafort Payneview Barnesmouth Harrisport Brendaview Harrisport Barnesmouth Payneview Jacksonville Christopherhaven Jacksonville Jennifertown Feliciaville Jennifertown Jacksonville Payneview Osborneville Christophermouth Shawnhaven Candaceborough Shawnhaven Dannyside Shawnhaven Christophermouth Osborneville Ashleyborough Clarkberg Burtonview Murphyside Bakertown Derekville Bakertown Jameston Bakertown Murphyside Burtonview Clarkberg Reevestown Judithview Michaelview Clarenceview Michaelview Judithview Reevestown Clarkberg Ashleyborough Dianashire Burgessview Williamfort Williamport Ashleystad Holthaven Vickiville Holthaven Ashleystad Codyton Ryanside Codyton Mindyview Codyton Ashleystad Williamport Williamfort Moodyburgh Heatherberg Thomasborough Masseyside Thomasborough Ortegaberg Thomasborough Heatherberg Moodyburgh Gregoryberg Smithfort Millerborough Smithfort Gregoryberg Moodyburgh Williamfort Thomasville Lopezburgh Byrdfurt Loweryborough Byrdfurt Garciamouth Byrdfurt Lopezburgh Leahmouth Lopezburgh Thomasville Williamfort Burgessview Marcusburgh Tylerbury Jamestown Wilsonstad Jamestown Tylerbury Paultown Hansonbury Paultown Tylerbury Marcusburgh Fletcherland Kingview Williamschester Mirandaview Williamschester Kingview Fletcherland Willisfurt Ortizberg Willisfurt Fletcherland Marcusburgh Matthewburgh Bondfort Shawnmouth Priceville Shawnmouth Bondfort Adamview Harrisborough Adamview Bondfort Matthewburgh Virginiastad Robinsonmouth Horneside Robinsonmouth Virginiastad Johnsonberg Virginiastad Matthewburgh Marcusburgh Burgessview Billton Banksburgh Yvonneborough Parkermouth Shawnfort Parkermouth Yvonneborough Banksburgh Simmonsburgh Michaelville Williamland Michaelville Simmonsburgh Banksburgh Billton Burgessview Dianashire Porterton Wallton Davisstad Jacksonton Singletonton Clarkbury Jermaineton Clarkbury Singletonton Jacksonton Davisstad Newmanburgh Gallowaymouth Rioshaven Josephstad Rioshaven Gallowaymouth Newmanburgh Davisstad Leechester Pettyton Bondmouth Mercedesmouth Bondmouth Taylorton Bondmouth Pettyton Jonesfurt Pettyton Leechester Castanedachester Suttonville Castanedachester Leechester Davisstad Wallton Derekmouth Charlesberg Weberbury Kimberlyburgh Weberbury Clarkport Weberbury Charlesberg Kevinberg Adamside Bradberg Adamside Andrewschester Adamside Kevinberg Patriciabury Troyfort Patriciabury Thomasmouth Patriciabury Kevinberg Charlesberg Sethland Ellisstad Sethland Charlesberg Derekmouth Jeffreyfort Garytown Audreyfort Patriciaside Audreyfort Garytown Jeffreyfort Johnsonchester Susanfort Johnsonchester Nealfurt Johnsonchester Jeffreyfort Derekmouth Geraldside Joseport Gabrielburgh Hodgesstad Gabrielburgh Joseport Hallborough Kylieview Hallborough Joseport Geraldside Michellehaven Ramosborough Fordhaven Ramosborough Michellehaven Cranemouth Joneschester Cranemouth Michellehaven Geraldside Derekmouth Wallton Danielleport Cooperton Lopezborough Waltersmouth Adamport Waltersmouth Adkinsberg Waltersmouth Lopezborough Cooperton Danielleport Melissaview Cheyennefurt Watsonville Robertomouth Watsonville Christyland Watsonville Cheyennefurt Thompsonshire Cheyennefurt Melissaview Campbellhaven Annberg Houstonchester Annberg Dyerport Annberg Campbellhaven Melissaview Danielleport Scottburgh Laurenbury Haleview Hallstad Haleview Laurenbury Scottburgh Danielleport Wallton Porterton
97
Johnsonberg Johnsonberg
Adamview Adamview
Feliciaville Feliciaville
Combsville Combsville
Thompsonshire Thompsonshire
Mirandaview Mirandaview
Derekville Derekville
Wilsonstad Wilsonstad
Susanfort Susanfort
Haleview Haleview
Hallstad Hallstad
Adamport Adamport
Dannyside Dannyside
Jermaineton Jermaineton
Parkermouth Parkermouth
Jameston Jameston
Hansonbury Hansonbury
Kylieview Kylieview
Brendaview Brendaview
Mercedesmouth Mercedesmouth
Kimberlyburgh Kimberlyburgh Candiceland
Leahmouth Leahmouth
Houstonchester Houstonchester
Michaelview Michaelview
Dyerport Dyerport
Troyfort Troyfort
Cranemouth Cranemouth
Audreyfort Audreyfort
Reynoldsview Reynoldsview
Ellisstad Ellisstad Osbornemouth
Byrdfurt Byrdfurt
Andrewschester Andrewschester
Christyland Christyland
Patriciaside Patriciaside
Garciamouth Garciamouth
Robinsonmouth Robinsonmouth
Adamside Adamside
Bakertown Bakertown
Williamland Williamland
Patriciabury Patriciabury
Horneside Horneside
Jacksonland Jacksonland
Loweryborough Loweryborough
Bradberg Bradberg
Christopherhaven Christopherhaven
Harrisport Harrisport
Rioshaven Rioshaven
Jonesfurt Jonesfurt
Taylorton Taylorton
Williamschester Williamschester
Candaceborough Candaceborough
Hodgesstad Hodgesstad
Gabrielburgh Gabrielburgh
Clarkport Clarkport
Bondmouth Bondmouth
Fordhaven Fordhaven
Holthaven Holthaven
Ortegaberg Ortegaberg
Danielville Danielville
Shawnmouth Shawnmouth Buckleyside
Ryanside Ryanside
Smithtown Smithtown
Jacksonview Jacksonview
Ramosborough Ramosborough
Swansonshire Swansonshire
Thomasmouth Thomasmouth
Suttonville Suttonville
Annberg Annberg
Maryport Maryport
Ortizberg Ortizberg
Calvinton Calvinton
Williamshire Williamshire
Codyton Codyton
Vickiville Vickiville
Mindyview Mindyview
Abigailville Abigailville
Clarenceview Clarenceview
Masseyside Masseyside
Robertomouth Robertomouth
Michaelville Michaelville
Jennifertown Jennifertown
Nealfurt Nealfurt
Harrisborough Harrisborough
Adkinsberg Adkinsberg
Millerborough Millerborough
Shawnfort Shawnfort
Watsonville Watsonville
Abigailhaven Abigailhaven
Smithfort Smithfort
Josephstad Josephstad
Clarkbury Clarkbury
Priceville Priceville
Joneschester Joneschester
Hallborough Hallborough
Thomasborough Thomasborough
Sethland Tannerhaven
Barnesmouth Clarkborough
