0 87 23 56 60 8 45 65 11 18 14 3 34 55 67 24 28 17 73 0 48 0 21 0 46 15 6 40 57 1 43 49 29 83 58 0 4 12 35 93 0 20 31 1 5 66 91 95 41 32 36 76 69 53 62 52 2 79 92 7 0 37 96 94 0 90 80 1 9 89 0 71 33 84 59 54 19 1 3 51 74 13 1 70 64 39 10 1 25 86 16 47 0 26 30 0 61 0 72 97 75 68 44 88 78 1 77 98 38 63 50 99 85 27 82 42 22 81 4 0
100
0 0
1 1
2 2
3 3
4 4
5 5
6 6
7 7
8 8
9 9
10 10
11 11
12 12
13 13
14 14
15 15
16 16
17 17
18 18
19 19
20 20
21 21
22 22
23 23
24 24
25 25
26 26
27 27
28 28
29 29
30 30
31 31
32 32
33 33
34 34
35 35
36 36
37 37
38 38
39 39
40 40
41 41
42 42
43 43
44 44
45 45
46 46
47 47
48 48
49 49
50 50
51 51
52 52
53 53
54 54
55 55
56 56
57 57
58 58
59 59
60 60
61 61
62 62
63 63
64 64
65 65
66 66
67 67
68 68
69 69
70 70
71 71
72 72
73 73
74 74
75 75
76 76
77 77
78 78
79 79
80 80
81 81
82 82
83 83
84 84
85 85
86 86
87 87
88 88
89 89
90 90
91 91
92 92
93 93
94 94
95 95
96 96
97 97
98 98
99 99
