K H FS GD A BJ DV FD EN AM CF DG A DI DK AJ B GE EK T FO CB FZ BY BE F FE FV J BO FJ EC P GJ BP EA EM DX DB BI FG B FR GK E EZ H FU FX B BQ DR A EH FM DZ AB CE EQ D Z D Y FP CT GF V GO FI G BA AX I GI CQ FH CJ BR E CK BB L C CW A AF GC ED F X CY EV EG GG AG EO GR CM BG E R AS DH DS AN F DC U D EL B M BL A AW AH EU BF GL DP BX EJ B K
100
B B
G G
I I
L L
M M
P P
R R
T T
U U
V V
X X
Y Y
Z Z
AB AB
AF AF
AG AG
AH AH
AJ AJ
AM AM
AN AN
AS AS
AW AW
AX AX
BA BA
BB BB
BE BE
BF BF
BG BG
BI BI
BJ BJ
BL BL
BO BO
BP BP
BQ BQ
BR BR
BX BX
BY BY
CB CB
CE CE
CF CF
CJ CJ
CK CK
CM CM
CQ CQ
CT CT
CW CW
CY CY
DB DB
DC DC
DG DG
DH DH
DI DI
DK DK
DP DP
DR DR
DS DS
DV DV
DX DX
DZ DZ
EA EA
EC EC
ED ED
EG EG
EH EH
EJ EJ
EK EK
EL EL
EM EM
EN EN
EO EO
EQ EQ
EU EU
EV EV
EZ EZ
FD FD
FE FE
FG FG
FH FH
FI FI
FJ FJ
FM FM
FO FO
FP FP
FR FR
FS FS
FU FU
FV FV
FX FX
FZ FZ
GC GC
GD GD
GE GE
GF GF
GG GG
GI GI
GJ GJ
GK GK
GL GL
GO GO
GR GR
