89 183 191 49 25 199 179 148 78 155 27 140 194 16 125 130 156 61 124 102 141 9 36 86 96 99 65 13 178 39 101 64 136 135 58 51 149 111 81 18 73 3 118 79 147 121 114 80 4 1 11 190 169 75 189 192 98 146 144 83 132 41 128 94 5 82 6 31 112 56 151 173 29 172 37 195 38 160 88 32 48 33 122 23 97 109 44 187 12 100 107 69 127 197 21 59 133 188 70 193 85 89
100
100 100
96 96
179 179
178 178
101 101
132 132
86 86
197 197
172 172
127 127
79 79
94 94
3 3
88 88
190 190
122 122
33 33
18 18
151 151
51 51
97 97
169 169
99 99
78 78
102 102
124 124
36 36
183 183
44 44
199 199
125 125
128 128
109 109
135 135
29 29
173 173
81 81
114 114
59 59
37 37
146 146
107 107
148 148
16 16
75 75
136 136
69 69
194 194
21 21
195 195
11 11
149 149
5 5
130 130
83 83
27 27
25 25
98 98
189 189
12 12
13 13
41 41
4 4
191 191
111 111
39 39
64 64
193 193
73 73
156 156
23 23
85 85
160 160
65 65
133 133
80 80
155 155
38 38
61 61
56 56
6 6
192 192
112 112
58 58
140 140
32 32
48 48
187 187
144 144
118 118
31 31
121 121
1 1
147 147
141 141
188 188
49 49
82 82
70 70
9 9
