tepsteinfdkilldlmhns killepsteintdldshfnm slepsteinftndkillmdh epsteinsdfmhltkillnd msnepsteinfkillhtdld snldmtkillfepsteindh epsteinthsdmndkillfl nkillsdtdhfmlepstein killepsteintdldshfnm thsfnmkilldlepsteind tskillepsteinhfmddnl hepsteinnfstkilllmdd tmhsnfepsteinldkilld ndlmhepsteintdskillf htskillepsteindnlfdm mfskillnhlddtepstein thmepsteinlkillfsndd mfskillnhlddtepstein epsteindsmnlfdtkillh mfskillnhlddtepstein dhlepsteindkillsmtnf lepsteinfdkillsdnmht nfdhepsteinltsdmkill killepsteintdldshfnm nlhtdsdepsteinfmkill ndlmhepsteintdskillf snldmtkillfepsteindh msnepsteinfkillhtdld hkillmepsteinstdfdnl msnepsteinfkillhtdld fnmhskilldepsteinltd ndlepsteinhdtskillfm ldnmepsteinhfstdkill hfskillnepsteinldtdm killnfhdsdltepsteinm hfskillnepsteinldtdm hepsteinnfstkilllmdd ldnmepsteinhfstdkill skilldnmlhdftepstein dmfndhstkillepsteinl hldmepsteindsnkilltf nmhdkilltslepsteinfd fnlskillhtepsteindmd hdepsteinsmdtnflkill tepsteinfdkilldlmhns
25
nkillsdtdhfmlepstein nkillsdtdhfmlepstein
skilldnmlhdftepstein skilldnmlhdftepstein
killepsteintdldshfnm killepsteintdldshfnm
htskillepsteindnlfdm htskillepsteindnlfdm
nlhtdsdepsteinfmkill nlhtdsdepsteinfmkill
thmepsteinlkillfsndd thmepsteinlkillfsndd
fnmhskilldepsteinltd fnmhskilldepsteinltd
hldmepsteindsnkilltf hldmepsteindsnkilltf
snldmtkillfepsteindh snldmtkillfepsteindh
epsteindsmnlfdtkillh epsteindsmnlfdtkillh
ndlmhepsteintdskillf ndlmhepsteintdskillf
epsteinthsdmndkillfl epsteinthsdmndkillfl
lepsteinfdkillsdnmht lepsteinfdkillsdnmht
fnlskillhtepsteindmd fnlskillhtepsteindmd
nfdhepsteinltsdmkill nfdhepsteinltsdmkill
hepsteinnfstkilllmdd hepsteinnfstkilllmdd
killnfhdsdltepsteinm killnfhdsdltepsteinm
hkillmepsteinstdfdnl hkillmepsteinstdfdnl
ndlepsteinhdtskillfm ndlepsteinhdtskillfm
epsteinsdfmhltkillnd epsteinsdfmhltkillnd
tskillepsteinhfmddnl tskillepsteinhfmddnl
hdepsteinsmdtnflkill hdepsteinsmdtnflkill
msnepsteinfkillhtdld msnepsteinfkillhtdld
dhlepsteindkillsmtnf dhlepsteindkillsmtnf
tmhsnfepsteinldkilld tmhsnfepsteinldkilld
