start loc1 loc4 loc12 loc21 home3 loc21 loc13 loc14 home4 loc14 loc15 home5 loc15 loc19 loc18 home7 loc18 loc16 home8 loc16 loc11 loc17 loc10 loc9 loc8 loc7 loc6 loc5 home12 loc5 loc22 home13 loc22 loc23 home14 loc23 loc24 home16 loc24 loc25 home17 loc25 start loc1 loc4 loc12 home20 loc12 loc13 home21 loc13 loc14 loc20 home22 loc20 loc19 home23 loc19 home24 loc19 loc10 loc17 start
23
home4 home4
home5 home5
home7 home7
home8 home8
home12 home12
home13 home13
home14 home14
home16 home16
home17 home17
home20 home20
home21 home21
home22 home22
home23 home23
home24 home24
loc4 home2 home19
loc11 home9
loc1 home1
loc8 home11
home3 home3
loc17 home10
loc23 home15
loc25 home18
loc19 home6
