start loc29 home100 loc29 home101 loc29 home102 loc29 home103 loc29 loc56 loc85 home105 loc85 home106 loc85 home107 loc85 home109 loc85 home110 loc85 home111 loc85 home112 loc85 loc86 loc87 loc88 loc89 loc90 loc91 loc92 loc93 loc94 home113 loc94 home114 loc94 home115 loc94 home116 loc94 home117 loc94 home118 loc94 home119 loc94 home120 loc94 home121 loc94 home122 loc94 loc95 loc96 loc97 loc98 loc99 loc68 loc69 loc70 loc71 loc72 loc73 loc74 home124 loc74 home125 loc74 home126 loc74 home127 loc74 home131 loc74 home133 loc74 home134 loc74 loc75 loc76 loc77 loc50 loc26 loc27 loc28 loc55 home135 loc55 home136 loc55 home138 loc55 home139 loc55 home140 loc55 home142 loc55 home143 loc55 loc28 loc27 loc26 loc50 loc20 home145 loc20 home146 loc20 home147 loc20 home148 loc20 home150 loc20 home151 loc20 home153 loc20 home154 loc20 loc50 loc14 loc13 loc12 loc11 home157 loc11 home158 loc11 home159 loc11 home160 loc11 home161 loc11 home162 loc11 home163 loc11 home165 loc11 loc10 loc9 loc8 loc7 loc6 loc5 loc4 loc3 home166 loc3 home167 loc3 home168 loc3 home169 loc3 home171 loc3 home172 loc3 home173 loc3 home174 loc3 home175 loc3 home177 loc3 loc2 loc1 start home180 start home181 start home183 start home184 start home185 start home186 start home187 start loc29 home100 loc29 home101 home192 home101 home193 home101 loc29 home102 loc29 home103 home196 home103 loc29 loc56 loc85 home105 home197 home105 loc85 home106 home198 home106 loc85 loc56 loc29 start
81
home100 home100 home191 home188 home189 home190
home101 home101
home102 home102 home194 home195
home103 home103
home105 home105
home106 home106
home107 home107 home199
home109 home109
home110 home110
home111 home111
home112 home112
home113 home113
home114 home114
home115 home115
home116 home116
home117 home117
home118 home118
home119 home119
home120 home120
home121 home121
home122 home122
home124 home124
home125 home125
home126 home126
home127 home127
home131 home131
home133 home133
home134 home134
home135 home135
home136 home136
home138 home138
home139 home139
home140 home140
home142 home142
home143 home143
home145 home145
home146 home146
home147 home147
home148 home148
home150 home150
home151 home151
home153 home153
home154 home154
home157 home157
home158 home158
home159 home159
home160 home160
home161 home161
home162 home162
home163 home163
home165 home165
home166 home166
home167 home167
home168 home168
home169 home169
home171 home171
home172 home172
home173 home173
home174 home174
home175 home175
home177 home177
home180 home180
home181 home181
home183 home183
home184 home184
home185 home185
home186 home186
home187 home187
home192 home192
home193 home193
home196 home196
home197 home197
home198 home198
loc85 home108 home104
loc3 home170 home176 home178 home179
loc20 home149 home152 home155
loc74 home129 home128 home130 home132
loc11 home164 home156
start home182
loc55 home141 home137 home144
loc94 home123
