FortCollins Bakersfield AnnArbor Fargo Aberdeen Baltimore BonitaSprings Hollywood Grayslake Aberdeen Bellevue Independence Aberdeen Lakeland DesMoines Chandler LittleRock Akron Abilene Aberdeen DalyCity Houston Aberdeen Kalamazoo Fresno Albuquerque Beaumont Bethlehem Eugene Abilene Burbank Indianapolis Garland Akron CedarRapids Lorain Layton Denver Albany Fairfield Lancaster Anchorage Lubbock Louisville Inglewood Hickory Aberdeen Leominster Aberdeen Fremont Cary Irving Lacey Brighton Detroit Allentown AppleValley Fontana Harrisburg DavidsonCounty Aberdeen ElMonte Berkeley CapeCoral Aberdeen GrandRapids Abilene LasCruces Joliet Augusta Jacksonville Gilbert Akron Aberdeen Barnstable Brownsville Fayetteville Appleton Jefferson Dallas Bradenton Abilene Chicago Abilene Evansville Danbury Aberdeen Harlingen Knoxville Hemet ElPaso CollegeStation Boise Abilene Hampton Lafayette Lakewood Allentown Frederick Carrollton Allentown Austin Irvine Kennewick Anaheim Aberdeen Cleveland ColoradoSprings Atlanta Manchester Erie Arvada Aberdeen Albuquerque Aberdeen Akron Elizabeth FortWaltonBeach Alexandria Amarillo BoiseCity Henderson Bremerton Elkhart Champaign FortCollins
100
Aberdeen Aberdeen
Abilene Abilene
Akron Akron
Albuquerque Albuquerque
Alexandria Alexandria
Allentown Allentown
Amarillo Amarillo
Anaheim Anaheim
Anchorage Anchorage
AnnArbor AnnArbor
AppleValley AppleValley
Appleton Appleton
Arvada Arvada
Atlanta Atlanta
Augusta Augusta
Austin Austin
Bakersfield Bakersfield
Baltimore Baltimore
Barnstable Barnstable
Beaumont Beaumont
Bellevue Bellevue
Berkeley Berkeley
Bethlehem Bethlehem
Boise Boise
BoiseCity BoiseCity
BonitaSprings BonitaSprings
Bradenton Bradenton
Bremerton Bremerton
Brighton Brighton
Brownsville Brownsville
Burbank Burbank
CapeCoral CapeCoral
Carrollton Carrollton
Cary Cary
CedarRapids CedarRapids
Champaign Champaign
Chandler Chandler
Chicago Chicago
Cleveland Cleveland
CollegeStation CollegeStation
ColoradoSprings ColoradoSprings
Dallas Dallas
DalyCity DalyCity
Danbury Danbury
DavidsonCounty DavidsonCounty
Denver Denver
DesMoines DesMoines
Detroit Detroit
ElMonte ElMonte
ElPaso ElPaso
Elizabeth Elizabeth
Elkhart Elkhart
Erie Erie
Eugene Eugene
Evansville Evansville
Fairfield Fairfield
Fargo Fargo
Fayetteville Fayetteville
Fontana Fontana
FortCollins FortCollins
FortWaltonBeach FortWaltonBeach
Frederick Frederick
Fremont Fremont
Fresno Fresno
Garland Garland
Gilbert Gilbert
GrandRapids GrandRapids
Grayslake Grayslake
Hampton Hampton
Harlingen Harlingen
Harrisburg Harrisburg
Hemet Hemet
Henderson Henderson
Hickory Hickory
Hollywood Hollywood
Houston Houston
Independence Independence
Indianapolis Indianapolis
Inglewood Inglewood
Irvine Irvine
Irving Irving
Jacksonville Jacksonville
Jefferson Jefferson
Joliet Joliet
Kalamazoo Kalamazoo
Kennewick Kennewick
Knoxville Knoxville
Lacey Lacey
Lafayette Lafayette
Lakeland Lakeland
Lakewood Lakewood
Lancaster Lancaster
LasCruces LasCruces
Layton Layton
Leominster Leominster
LittleRock LittleRock
Lorain Lorain
Louisville Louisville
Lubbock Lubbock
Manchester Manchester
