BatonRouge Aberdeen Anchorage Burbank Bradenton Cambridge Abilene Aberdeen Arvada Atlanta Berkeley Barnstable Aberdeen Albany Bethlehem Aberdeen Amarillo Aurora Aberdeen BoiseCity Boston Albuquerque Beaumont Bryan Birmingham AnnArbor Boulder AtlanticCity Buffalo Aberdeen BatonRouge
25
Aberdeen Aberdeen
Abilene Abilene
Albany Albany
Albuquerque Albuquerque
Amarillo Amarillo
Anchorage Anchorage
AnnArbor AnnArbor
Arvada Arvada
Atlanta Atlanta
AtlanticCity AtlanticCity
Aurora Aurora
Barnstable Barnstable
BatonRouge BatonRouge
Beaumont Beaumont
Berkeley Berkeley
Bethlehem Bethlehem
Birmingham Birmingham
BoiseCity BoiseCity
Boston Boston
Boulder Boulder
Bradenton Bradenton
Bryan Bryan
Buffalo Buffalo
Burbank Burbank
Cambridge Cambridge
