CorpusChristi Downey Alexandria BonitaSprings Bridgeport Dallas DalyCity Akron ElPaso Cincinnati Amarillo Abilene Chattanooga Escondido Abilene Augusta Abilene Asheville Austin Beaumont Akron Bloomington Elizabeth Arvada Carrollton Davenport Aberdeen Deltona Bryan BelAir Elkhart Champaign Anaheim CathedralCity Bremerton Appleton Chicago ColoradoSprings Aberdeen AppleValley Chandler Columbus Albuquerque Durham Aberdeen Danbury BoiseCity Abilene Brownsville Columbia Boulder Clearwater Canton Charleston Denton Denver Albany ElMonte CapeCoral CorpusChristi
50
Akron Akron
Albuquerque Albuquerque
Alexandria Alexandria
Amarillo Amarillo
Anaheim Anaheim
AppleValley AppleValley
Appleton Appleton
Arvada Arvada
Asheville Asheville
Augusta Augusta
Austin Austin
Beaumont Beaumont
BelAir BelAir
Bloomington Bloomington
BoiseCity BoiseCity
BonitaSprings BonitaSprings
Boulder Boulder
Bremerton Bremerton
Bridgeport Bridgeport
Brownsville Brownsville
Bryan Bryan
Canton Canton
CapeCoral CapeCoral
Carrollton Carrollton
CathedralCity CathedralCity
Champaign Champaign
Chandler Chandler
Charleston Charleston
Chattanooga Chattanooga
Chicago Chicago
Cincinnati Cincinnati
Clearwater Clearwater
ColoradoSprings ColoradoSprings
Columbia Columbia
Columbus Columbus
CorpusChristi CorpusChristi
Dallas Dallas
DalyCity DalyCity
Danbury Danbury
Davenport Davenport
Deltona Deltona
Denton Denton
Denver Denver
Downey Downey
Durham Durham
ElMonte ElMonte
ElPaso ElPaso
Elizabeth Elizabeth
Elkhart Elkhart
Escondido Escondido
