152 27 97 1 157 175 11 45 12 85 96 3 184 1 0 4 35 95 9 51 172 130 180 16 2 78 29 170 54 11 53 13 181 9 5 182 5 113 5 56 5 116 90 41 126 5 149 21 163 3 143 151 94 105 8 169 79 12 18 121 1 58 7 145 60 89 0 112 31 111 168 73 9 92 18 165 134 139 65 144 6 38 13 42 28 142 87 171 66 2 101 37 11 136 8 166 81 9 183 153 50 75 152
73
31 31
142 142
28 28
97 97
116 116
89 89
105 105
79 79
169 169
157 157
170 170
45 45
112 112
56 56
134 134
172 172
37 37
9 9
175 175
163 163
41 41
35 35
95 95
171 171
111 111
139 139
78 78
165 165
143 143
73 73
81 81
12 12
58 58
50 50
92 92
87 87
166 166
85 85
149 149
5 5
130 130
182 182
121 121
168 168
60 60
27 27
183 183
90 90
65 65
96 96
145 145
126 126
113 113
13 13
42 42
94 94
136 136
184 184
180 180
144 144
53 53
181 181
151 151
2 2
153 153
51 51
101 101
54 54
8 8
0 0
38 38
75 75
66 66
