4HOMU OKGKQ TY0L7 0D2BR OIPRN 945CN FRZVP L87XM JXLE1 L87XM 6WOBI 2BUI5 V8GEC XEEQB SHOOM I5ALT SA6G0 6ACGE JIVZP 0VPRW 6NY7T X180A PTADN 945CN K50JQ 945CN CM5WA SYV5N DTPF4 BVMDZ L2GJ5 8CLEZ L2GJ5 2C63O 8EXDQ 7GA8O 8A5FQ SYV5N WI88U RAAD4 L2PQE WXZHF MC71K WP2MA C8O6I L2PQE TCC7B L2PQE Q5DAA WZB33 L2GJ5 OKGKQ HZHRA V22SY L2GJ5 W2H22 7U3JG NPDI9 945CN 0U9HU 945CN SKPO7 TI35I ZZH8Z OKGKQ FCYPJ 945CN 3AIXW A1QRL 50J5H OKGKQ M1HJR OKGKQ 945CN 45JXE Q7FCL 7Y5B6 52MNN XEEQB KOYRV L2PQE 53Y1R BE5V8 OKGKQ UW44H OKGKQ CFGE5 LIRLU HWKGJ SL5A0 P419D W2M5C TBPBM OKGKQ DCHO3 RU85S L87XM LLTLN L2PQE H1LTE OLLV9 IF7TL 4WDJE LKP22 L2PQE LEBVZ L2PQE IZESQ L2PQE Y61KP OKGKQ 9WSXC ELH5L L87XM ZHSBU AT3CI L2PQE YJ67U XEEQB C45HH 768ZF 945CN EDSMH 945CN 6OA3K SL5A0 DDXG0 L2GJ5 PYPSO T9O11 945CN 1RS2N PMFJ2 OKGKQ ZRPB5 61QWU 7Y5B6 VHCFR 768ZF KC9RF ZN2EP FC0PR DOLRQ 1F0YL TORQI L87XM C7WKJ OKGKQ PXCIN 69BJO 4HOMU
100
L2PQE L2PQE
945CN 945CN
L2GJ5 L2GJ5
2C63O 2C63O
SYV5N SYV5N
768ZF 768ZF
RU85S RU85S
KOYRV KOYRV
XEEQB XEEQB
KC9RF KC9RF
ZN2EP ZN2EP
45JXE 45JXE
UW44H UW44H
0D2BR 0D2BR
M1HJR M1HJR
LIRLU LIRLU
1F0YL 1F0YL
DOLRQ DOLRQ
WP2MA WP2MA
50J5H 50J5H
CFGE5 CFGE5
Q7FCL Q7FCL
0VPRW 0VPRW
SHOOM SHOOM
HWKGJ HWKGJ
6ACGE 6ACGE
DTPF4 DTPF4
7GA8O 7GA8O
7U3JG 7U3JG
BE5V8 BE5V8
TY0L7 TY0L7
W2M5C W2M5C
SA6G0 SA6G0
WI88U WI88U
TORQI TORQI
ZHSBU ZHSBU
DCHO3 DCHO3
RAAD4 RAAD4
FRZVP FRZVP
HZHRA HZHRA
53Y1R 53Y1R
TI35I TI35I
Y61KP Y61KP
9WSXC 9WSXC
C7WKJ C7WKJ
P419D P419D
NPDI9 NPDI9
ZZH8Z ZZH8Z
IF7TL IF7TL
V22SY V22SY
PXCIN PXCIN
K50JQ K50JQ
JXLE1 JXLE1
H1LTE H1LTE
DDXG0 DDXG0
PTADN PTADN
IZESQ IZESQ
2BUI5 2BUI5
3AIXW 3AIXW
1RS2N 1RS2N
0U9HU 0U9HU
WZB33 WZB33
Q5DAA Q5DAA
4WDJE 4WDJE
8EXDQ 8EXDQ
FCYPJ FCYPJ
W2H22 W2H22
PYPSO PYPSO
CM5WA CM5WA
6WOBI 6WOBI
AT3CI AT3CI
SKPO7 SKPO7
ZRPB5 ZRPB5
T9O11 T9O11
LEBVZ LEBVZ
61QWU 61QWU
C45HH C45HH
ELH5L ELH5L
69BJO 69BJO
X180A X180A
52MNN 52MNN
OLLV9 OLLV9
WXZHF WXZHF
OIPRN OIPRN
MC71K MC71K
BVMDZ BVMDZ
6OA3K 6OA3K
FC0PR FC0PR
C8O6I C8O6I
LLTLN LLTLN
A1QRL A1QRL
YJ67U YJ67U
V8GEC V8GEC
PMFJ2 PMFJ2
8CLEZ 8CLEZ
TCC7B TCC7B
LKP22 LKP22
TBPBM TBPBM
EDSMH EDSMH
VHCFR VHCFR
