WNYCV OC0MN ZA57Z XDKMD QTZLJ HR8IA OE5TB 2KYXC GXYLV URMBF H212X 1BUOS 2FT0Z B8UZ8 65TK9 OC0MN YMTTJ BO3AW EQWAL OC0MN 77EY5 OC0MN H8ZPW XRQ65 WJHGG K1ZSD HZ80H F07YB 9HVLF XRQ65 UGOIO 91RFG WJHGG XTUSM WJHGG TG5ZG OC0MN 1ACIU XBRKQ OC0MN ULCTZ OC0MN BMC9X CUG55 KRLTG 42QVU UUOP5 KB443 X2AM4 7CXN0 XPFOM KB443 GAXPM UDC3C 18R1B BC3W4 EYREL XD7IR V11OW 1UWW5 5I6U4 OC0MN F5YBY QSI1X OC0MN HHCET 1NBGE OC0MN WNYCV
50
XRQ65 XRQ65
1ACIU 1ACIU
H8ZPW H8ZPW
GXYLV GXYLV
TG5ZG TG5ZG
EQWAL EQWAL
91RFG 91RFG
OE5TB OE5TB
KB443 KB443
QSI1X QSI1X
F5YBY F5YBY
QTZLJ QTZLJ
HR8IA HR8IA
ULCTZ ULCTZ
V11OW V11OW
XPFOM XPFOM
77EY5 77EY5
K1ZSD K1ZSD
5I6U4 5I6U4
XTUSM XTUSM
KRLTG KRLTG
UGOIO UGOIO
XBRKQ XBRKQ
UUOP5 UUOP5
ZA57Z ZA57Z
1BUOS 1BUOS
2FT0Z 2FT0Z
X2AM4 X2AM4
42QVU 42QVU
URMBF URMBF
1UWW5 1UWW5
GAXPM GAXPM
EYREL EYREL
B8UZ8 B8UZ8
1NBGE 1NBGE
XDKMD XDKMD
CUG55 CUG55
XD7IR XD7IR
HHCET HHCET
65TK9 65TK9
7CXN0 7CXN0
BMC9X BMC9X
BO3AW BO3AW
9HVLF 9HVLF
YMTTJ YMTTJ
HZ80H HZ80H
H212X H212X
F07YB F07YB
2KYXC 2KYXC
18R1B 18R1B
