cy4fm I2lfX GHZOS Dkq13 Iks3D NvAYI yMPWG C565q nogr2 zQjQm 4gH6P EWhpw NvAYI kbRYl 1H2uK 19YKC jtJls di7h7 8RNd8 wdXpe w4BF1 7Lw2B yFKGt ZPM4o F2nEN qt5AA OoKEI yMPWG rUUVt BoNoJ di7h7 uT5W0 C565q LNh60 5rdYI XmtJy P3lE7 mQvLs G6G4p yMPWG 8aYYW 19YKC Xhpv3 jQ7g0 uWr4y Dkq13 jse5F 7Lw2B P8Fbf g95ez X6hJp Vjg5l lA2MC 7l0Vw F2nEN wdXpe NvAYI KYsbm gk2cW C0eRL 19YKC tao9t qt5AA F2nEN DCl5F yMPWG Cfmbw u4uj9 7XIxZ u4uj9 1H2uK yFKGt OFvld 2Fhi4 vSPJ5 dU1Ub TXvJf hOy4D 6ceXl ZPM4o 3iQ53 IjjWK FnVf8 7Lw2B cy4fm
50
uT5W0 uT5W0
P3lE7 P3lE7
C565q C565q
lA2MC lA2MC
P8Fbf P8Fbf
yMPWG yMPWG
rUUVt rUUVt
5rdYI 5rdYI
vSPJ5 vSPJ5
Iks3D Iks3D
FnVf8 FnVf8
X6hJp X6hJp
qt5AA qt5AA
6ceXl 6ceXl
di7h7 di7h7
yFKGt yFKGt
Vjg5l Vjg5l
zQjQm zQjQm
DCl5F DCl5F
LNh60 LNh60
3iQ53 3iQ53
tao9t tao9t
BoNoJ BoNoJ
KYsbm KYsbm
wdXpe wdXpe
G6G4p G6G4p
IjjWK IjjWK
OFvld OFvld
GHZOS GHZOS
C0eRL C0eRL
hOy4D hOy4D
EWhpw EWhpw
1H2uK 1H2uK
w4BF1 w4BF1
Cfmbw Cfmbw
kbRYl kbRYl
Xhpv3 Xhpv3
19YKC 19YKC
8aYYW 8aYYW
7l0Vw 7l0Vw
gk2cW gk2cW
F2nEN F2nEN
7XIxZ 7XIxZ
NvAYI NvAYI
nogr2 nogr2
uWr4y uWr4y
jse5F jse5F
dU1Ub dU1Ub
OoKEI OoKEI
8RNd8 8RNd8
