E5QfM 76Tmp 4HmGm lGTR3 VzbsN lGTR3 kK9KO 4HmGm nRWIs Ln4EG nRWIs f1Y6z GLYoA 3rGcS HQft6 jGP1H 4HmGm 8TDB7 lPMDV wJ1Uh PqcOh bgK6r hWCGd uUlBE 05SJr KtuGJ sBCEV UAJ0O i0LV1 HQft6 eo9RR beqJL HQft6 E5QfM
25
uUlBE uUlBE
eo9RR eo9RR
beqJL beqJL
GLYoA GLYoA
8TDB7 8TDB7
kK9KO kK9KO
i0LV1 i0LV1
lPMDV lPMDV
bgK6r bgK6r
sBCEV sBCEV
lGTR3 lGTR3
VzbsN VzbsN
nRWIs nRWIs
Ln4EG Ln4EG
4HmGm 4HmGm
KtuGJ KtuGJ
76Tmp 76Tmp
05SJr 05SJr
UAJ0O UAJ0O
wJ1Uh wJ1Uh
jGP1H jGP1H
PqcOh PqcOh
hWCGd hWCGd
f1Y6z f1Y6z
3rGcS 3rGcS
