10 92 15 53 30 88 30 52 4 22 64 26 96 26 65 2 85 84 85 2 70 3 71 3 9 57 9 56 91 22 78 79 31 3 81 23 80 19 4 50 86 87 51 3 72 73 45 1 75 74 3 31 69 68 13 63 62 94 95 44 82 83 82 2 90 55 54 89 43 77 76 44 5 67 98 7 66 97 6 61 93 60 8 10 59 10 58 10
49
50 50
51 51
52 52
53 53
54 54
55 55
56 56
57 57
58 58
59 59
60 60
61 61
62 62
63 63
64 64
65 65
66 66
67 67
68 68
69 69
70 70
71 71
72 72
73 73
74 74
75 75
76 76
77 77
78 78
79 79
80 80
81 81
82 82
83 83
84 84
85 85
86 86
87 87
88 88
89 89
90 90
91 91
92 92
93 93
94 94
95 95
96 96
97 97
98 98
