0 162 6 28 112 171 36 18 172 113 4 114 4 13 144 47 143 142 191 192 2 3 148 195 8 42 150 88 149 196 2 123 2 122 178 177 121 94 50 120 50 119 40 175 118 23 184 131 95 132 18 38 183 130 41 173 115 25 117 25 116 174 12 16 156 93 155 28 154 21 109 169 170 110 17 111 5 37 7 101 43 102 43 100 163 164 2 176 2 51 11 138 85 137 188 187 136 30 104 59 105 59 103 165 166 30 189 139 96 141 96 139 5 39 190 140 7 30 151 197 198 152 51 153 7 146 32 147 80 145 193 194 146 7 108 31 106 167 168 107 31 30 135 30 134 186 27 44 129 77 128 182 181 127 13 16 185 133 5 33 179 124 97 126 30 179 180 125 29 158 2 159 92 157 10 12 160 161 0
99
100 100
101 101
102 102
103 103
104 104
105 105
106 106
107 107
108 108
109 109
110 110
111 111
112 112
113 113
114 114
115 115
116 116
117 117
118 118
119 119
120 120
121 121
122 122
123 123
124 124
125 125
126 126
127 127
128 128
129 129
130 130
131 131
132 132
133 133
134 134
135 135
136 136
137 137
138 138
139 139
140 140
141 141
142 142
143 143
144 144
145 145
146 146
147 147
148 148
149 149
150 150
151 151
152 152
153 153
154 154
155 155
156 156
157 157
158 158
159 159
160 160
161 161
162 162
163 163
164 164
165 165
166 166
167 167
168 168
169 169
170 170
171 171
172 172
173 173
174 174
175 175
176 176
177 177
178 178
179 179
180 180
181 181
182 182
183 183
184 184
185 185
186 186
187 187
188 188
189 189
190 190
191 191
192 192
193 193
194 194
195 195
196 196
197 197
198 198
