55 39 83 90 36 65 79 70 85 81 11 71 41 63 0 73 96 2 89 27 6 1 110 67 0 9 0 106 87 2 18 2 45 12 49 98 29 54 52 46 77 92 69 21 57 1 25 103 75 107 112 4 51 0 32 62 48 37 16 0 42 35 13 7 4 3 100 61 1 15 1 94 34 0 72 104 108 2 58 93 23 80 99 0 44 31 60 102 20 55
74
2 2
3 3
4 4
6 6
7 7
9 9
11 11
12 12
13 13
15 15
16 16
18 18
20 20
21 21
23 23
25 25
27 27
29 29
31 31
32 32
34 34
35 35
36 36
37 37
39 39
41 41
42 42
44 44
45 45
46 46
48 48
49 49
51 51
52 52
54 54
55 55
57 57
58 58
60 60
61 61
62 62
63 63
65 65
67 67
69 69
70 70
71 71
72 72
73 73
75 75
77 77
79 79
80 80
81 81
83 83
85 85
87 87
89 89
90 90
92 92
93 93
94 94
96 96
98 98
99 99
100 100
102 102
103 103
104 104
106 106
107 107
108 108
110 110
112 112
