Soda Upland Mars LosAngeles BerkeleyHillel Hearst BayStreet NorthGate Sacramento Pomona MexicoCity Tijuana BerkeleyHigh SanMiguel Bechtel CafeTibet Talpa AlphaChi Jalisco DeltaDelta Chino Bechtel TripleRock Tuxcacuesco Davis Rasputin Cory AlphaCentauri Cory Tako Cory Gregoire Bechtel Emeryville Saturn Myto Tuhuamixtel SanBernardino Evans Guadalajara Dwinelle BAMPFA VictoryPoint ElGrullo Soda Platano Dwinelle Riverside SouthGate Dwinelle SantaBarbara Soda Perris Ashby Tang Cory Cancun SanDiego ChiOmega Irvine DKingGallery CREAM Venus Jupiter Kips ChezPanisse Fontana SigmaKappa InternationalHouse Compton FantasticComics Dwinelle Whittier Soda
55
ChiOmega ChiOmega
SigmaKappa SigmaKappa
AlphaChi AlphaChi
DeltaDelta DeltaDelta
InternationalHouse InternationalHouse
BerkeleyHillel BerkeleyHillel
BerkeleyHigh BerkeleyHigh
Jupiter Jupiter
Mars Mars
Venus Venus
Saturn Saturn
AlphaCentauri AlphaCentauri
Gregoire Gregoire
BayStreet BayStreet
Emeryville Emeryville
Pomona Pomona
Compton Compton
Ashby Ashby
Perris Perris
Fontana Fontana
SanBernardino SanBernardino
Upland Upland
Chino Chino
Whittier Whittier
SouthGate SouthGate
Tijuana Tijuana
SanDiego SanDiego
Jalisco Jalisco
Guadalajara Guadalajara
SanMiguel SanMiguel
Tuxcacuesco Tuxcacuesco
Talpa Talpa
ElGrullo ElGrullo
MexicoCity MexicoCity
Tuhuamixtel Tuhuamixtel
Myto Myto
Kips Kips
TripleRock TripleRock
Rasputin Rasputin
CREAM CREAM
Tako Tako
Tang Tang
Cancun Cancun
DKingGallery DKingGallery
BAMPFA BAMPFA
Platano Platano
CafeTibet CafeTibet
FantasticComics FantasticComics
SantaBarbara SantaBarbara
Sacramento Sacramento
LosAngeles LosAngeles
Irvine Irvine
Riverside Riverside
VictoryPoint VictoryPoint
ChezPanisse ChezPanisse
