Soda Wellman Etcheverry RSF Haas Cory BWW Cory Barrows Dwinelle BC Dwinelle Mulford Unit2 Sproul Morgan Stephans GoldenStatePark MemorialStadium GBC Unit1 Doe Hertz Blackwell ClarkKerr LakeMerrit Soda MainStacks Unit3 Wheeler Dwinelle TheRoof MLK Foothill Soda
26
Doe Doe
Wheeler Wheeler
Stephans Stephans
Haas Haas
Hertz Hertz
Barrows Barrows
RSF RSF
Sproul Sproul
GBC GBC
MLK MLK
BWW BWW
MemorialStadium MemorialStadium
MainStacks MainStacks
Morgan Morgan
Mulford Mulford
Wellman Wellman
Unit1 Unit1
Unit2 Unit2
Unit3 Unit3
Blackwell Blackwell
BC BC
Foothill Foothill
ClarkKerr ClarkKerr
LakeMerrit LakeMerrit
GoldenStatePark GoldenStatePark
TheRoof TheRoof
