5 4 33 137 156 76 81 19 151 75 87 152 58 38 193 29 164 98 133 173 165 42 165 63 26 35 22 44 86 85 184 196 53 189 77 143 79 105 17 53 0 182 146 167 171 57 116 174 101 1 99 134 116 134 71 131 41 67 119 192 18 190 16 47 177 37 64 191 194 50 159 172 188 110 14 135 10 77 140 2 7 182 43 47 45 14 45 158 80 78 100 78 179 32 166 122 48 199 48 46 154 187 74 31 74 170 199 83 104 50 62 123 1 99 96 127 22 168 18 85 20 11 36 91 178 142 25 98 180 28 149 28 61 20 35 56 133 68 133 34 138 69 153 11 165 51 183 43 119 9 34 76 34 138 55 102 103 162 52 121 157 39 92 39 94 5
100
10 10
194 194
1 1
100 100
47 47
28 28
178 178
133 133
171 171
14 14
85 85
2 2
91 91
48 48
33 33
122 122
76 76
32 32
187 187
146 146
138 138
37 37
96 96
199 199
135 135
174 174
39 39
140 140
53 53
67 67
25 25
103 103
177 177
9 9
69 69
153 153
193 193
104 104
105 105
31 31
168 168
26 26
162 162
50 50
16 16
116 116
75 75
46 46
164 164
34 34
137 137
20 20
157 157
63 63
152 152
180 180
123 123
196 196
52 52
192 192
43 43
143 143
71 71
102 102
61 61
44 44
189 189
158 158
11 11
170 170
81 81
92 92
83 83
101 101
55 55
188 188
51 51
156 156
151 151
80 80
64 64
110 110
99 99
183 183
159 159
42 42
173 173
18 18
184 184
17 17
154 154
41 41
179 179
77 77
58 58
149 149
68 68
56 56
22 22
78 78
