2 67 4 58 47 19 94 19 0 60 69 42 18 61 34 20 18 71 18 23 32 59 31 62 29 11 29 14 86 12 87 81 3 76 16 40 15 49 1 49 66 33 10 14 78 7 72 5 23 98 6 25 35 25 6 50 70 41 70 17 70 28 37 65 37 67 74 22 88 4 5 23 83 13 42 30 89 96 49 31 24 64 44 38 43 63 11 2
50
25 25
44 44
13 13
29 29
98 98
58 58
17 17
63 63
28 28
16 16
69 69
61 61
62 62
59 59
67 67
30 30
42 42
31 31
4 4
3 3
0 0
10 10
14 14
94 94
5 5
38 38
86 86
83 83
66 66
40 40
7 7
72 72
11 11
65 65
41 41
50 50
23 23
81 81
88 88
74 74
70 70
47 47
24 24
35 35
60 60
1 1
71 71
76 76
34 34
96 96
