DZA CYM CZE CXR CYM GRD HRV COG HRV HMD HRV GRD CYM BGD BRB BLM BHS GUM ETH GBR FRO GIB FIN COD CAN BRB BES BRN COD CHE COG CAN GMB ALB ARE ALB GMB HND GRC HRV DOM AUS GUY GLP ATA GLP GRD CYM CYP CUB GUY HKG GUY GLP ATA ATF ASM FSM GHA FSM ECU GIN HND HMD COK CCK COL EST GEO GIN FRA BVT CIV GNQ AUT ERI GIN CHL CAF GIB ESP AND ESP FIN FLK FIN AFG ABW AFG FIN COD BGR BDI BEN BLR CCK CIV BFA BHS DOM CUW DNK DJI DNK ARE ARM ARG ALB DZA
50
COD COD
FLK FLK
BRN BRN
DJI DJI
AND AND
FRO FRO
CAF CAF
HMD HMD
ARG ARG
GRD GRD
BHS BHS
HND HND
ALB ALB
BLM BLM
CCK CCK
GNQ GNQ
GLP GLP
CHE CHE
BGD BGD
GRC GRC
ATA ATA
FSM FSM
ARE ARE
BES BES
DOM DOM
FIN FIN
CUB CUB
COG COG
GHA GHA
GEO GEO
ABW ABW
CYM CYM
DNK DNK
BDI BDI
GBR GBR
BVT BVT
ATF ATF
ECU ECU
BRB BRB
CUW CUW
ERI ERI
FRA FRA
AUS AUS
CXR CXR
BFA BFA
BEN BEN
HKG HKG
CAN CAN
CZE CZE
BLR BLR
