COM PSE RUS SGP KHM SGS CPV QAT ALB QAT HTI GUM HTI CHN NOR NGA FSM FIN GAB GBR GEO GHA EGY EST SAU HRV SAU EST FRO FIN FSM NGA HUN MLI IDN SJM NIC NGA BMU NGA NOR COM COL IDN LBN LVA COG POL ARE POL PNG NER MTQ NER IRQ IRL NIC COD HTI LBR NCL EST GIB EST SAU CAF COK PAK PRY MOZ PRY BIH BEL BDI BHR BOL BIH PRY PNG PRY NIU CZE CYP CZE REU SDN PYF LKA GNQ NER IRQ SDN LTU LIE LUX RWA DMA DJI DMA NGA JEY NGA FSM ESP ETH ESH ECU GHA FRA GIN FSM NGA GMB GRC PSE NRU PRT NZL GMB REU AFG REU SGP RUS BLZ BEN BLZ RUS IDN MMR IDN GNQ PAK HUN LVA KOR HKG GMB NGA FSM GIN FSM NGA NOR CRI LTU CRI PRY BIH BHS BRB BRA MYT ARM MYT POL MAC QAT ALB NFK SLB COM CAN REU KGZ KAZ SGS PRK NIU PRT ATG PRT CRI COG BVT RUS BLZ BLM BLZ RUS PYF HMD IDN SHN SGS MSR NIC AUS NIC ITA NIC COM PAN RUS SGP ALA NFK CXR DEU CZE NIU IRN NIU PRY BIH AZE BRA MYT MWI CXR NFK NCL DZA NCL NOR CRI MAR HND SDN REU PAN PRY SJM IDN KWT GNB CIV NPL PSE PCN GMB HKG MDA PRY NPL NRU CAF SHN MEX POL MYT NER IRQ IOT IRQ SDN RUS RWA SGS LBR JPN LSO KNA LAO LUX NIC ABW NIC COM
100
CIV CIV
CAN CAN
HND HND
MOZ MOZ
ITA ITA
KOR KOR
NER NER
MYT MYT
REU REU
GRC GRC
LUX LUX
CXR CXR
LIE LIE
EGY EGY
MMR MMR
GNQ GNQ
PAN PAN
NPL NPL
SHN SHN
FRA FRA
ESP ESP
LKA LKA
BLM BLM
COG COG
GIB GIB
MAC MAC
MAR MAR
LBR LBR
KHM KHM
MEX MEX
ATG ATG
MDA MDA
IDN IDN
ARM ARM
DZA DZA
PRY PRY
SDN SDN
NRU NRU
GBR GBR
LBN LBN
MTQ MTQ
BDI BDI
DMA DMA
BHS BHS
NZL NZL
KNA KNA
GUM GUM
RUS RUS
COL COL
IRL IRL
AFG AFG
BEN BEN
COK COK
HKG HKG
NFK NFK
ESH ESH
ALB ALB
HRV HRV
HTI HTI
AZE AZE
HMD HMD
PNG PNG
SGS SGS
MLI MLI
PAK PAK
LAO LAO
GIN GIN
GEO GEO
KAZ KAZ
CYP CYP
FSM FSM
DEU DEU
POL POL
JEY JEY
CHN CHN
KWT KWT
ALA ALA
FIN FIN
CPV CPV
IRN IRN
HUN HUN
DJI DJI
AUS AUS
LTU LTU
ARE ARE
PSE PSE
ABW ABW
NIU NIU
BHR BHR
ECU ECU
IOT IOT
NIC NIC
GAB GAB
GMB GMB
JPN JPN
COD COD
BMU BMU
RWA RWA
CAF CAF
GHA GHA
