Soda 1 177 107 6 156 182 151 4 139 176 2 193 136 101 157 174 1 102 150 126 171 105 194 125 149 124 2 185 123 147 166 100 163 138 178 135 164 114 127 196 112 189 134 140 153 121 170 175 133 4 180 172 168 148 2 179 183 142 152 128 119 Soda 111 159 0 115 118 173 130 192 162 113 132 158 195 108 137 145 103 120 2 144 0 181 190 141 110 116 Soda 99 161 117 186 198 109 187 165 Soda 167 188 160 169 191 131 197 129 155 122 106 184 104 143 154 146 Soda
100
99 99
100 100
101 101
102 102
103 103
104 104
105 105
106 106
107 107
108 108
109 109
110 110
111 111
112 112
113 113
114 114
115 115
116 116
117 117
118 118
119 119
120 120
121 121
122 122
123 123
124 124
125 125
126 126
127 127
128 128
129 129
130 130
131 131
132 132
133 133
134 134
135 135
136 136
137 137
138 138
139 139
140 140
141 141
142 142
143 143
144 144
145 145
146 146
147 147
148 148
149 149
150 150
151 151
152 152
153 153
154 154
155 155
156 156
157 157
158 158
159 159
160 160
161 161
162 162
163 163
164 164
165 165
166 166
167 167
168 168
169 169
170 170
171 171
172 172
173 173
174 174
175 175
176 176
177 177
178 178
179 179
180 180
181 181
182 182
183 183
184 184
185 185
186 186
187 187
188 188
189 189
190 190
191 191
192 192
193 193
194 194
195 195
196 196
197 197
198 198
