Soda 63 13 Soda 28 55 69 85 34 79 67 2 89 62 92 37 14 15 59 57 2 6 86 30 74 8 54 84 83 26 21 40 2 24 97 Soda 66 46 4 77 87 94 70 2 10 78 47 56 35 71 101 27 52 64 76 95 22 81 32 43 100 75 25 12 17 23 5 11 44 72 93 53 9 98 51 91 41 50 80 36 18 19 65 49 99 48 88 42 73 96 29 61 3 38 31 Soda 58 16 20 90 33 7 39 45 82 60 68 Soda
100
2 2
3 3
4 4
5 5
6 6
7 7
8 8
9 9
10 10
11 11
12 12
13 13
14 14
15 15
16 16
17 17
18 18
19 19
20 20
21 21
22 22
23 23
24 24
25 25
26 26
27 27
28 28
29 29
30 30
31 31
32 32
33 33
34 34
35 35
36 36
37 37
38 38
39 39
40 40
41 41
42 42
43 43
44 44
45 45
46 46
47 47
48 48
49 49
50 50
51 51
52 52
53 53
54 54
55 55
56 56
57 57
58 58
59 59
60 60
61 61
62 62
63 63
64 64
65 65
66 66
67 67
68 68
69 69
70 70
71 71
72 72
73 73
74 74
75 75
76 76
77 77
78 78
79 79
80 80
81 81
82 82
83 83
84 84
85 85
86 86
87 87
88 88
89 89
90 90
91 91
92 92
93 93
94 94
95 95
96 96
97 97
98 98
99 99
100 100
101 101
