Wurster Sutardja Hazardous Pitzer Gilman Simon California Recreational Alabama Massachusetts Kleeberger Moses Wurster Maxwell Moffitt Honolulu Idaho Cory Simpson Anthony Nevada Hesse Spieker Parking Salem Class Optometry Montgomery Blackwell Pennsylvania Chan Stanley Sather Tennessee Indianapolis Silver McLaughlin Boston Brain Visitor Vermont Juneau Florida Barrows North Hilgard Goldman Frank Observatory Raleigh Oregon Wurster
50
Silver Silver
Boston Boston
Honolulu Honolulu
Alabama Alabama
Montgomery Montgomery
California California
Frank Frank
Hazardous Hazardous
Sutardja Sutardja
Recreational Recreational
Maxwell Maxwell
Sather Sather
Pennsylvania Pennsylvania
Visitor Visitor
Stanley Stanley
Massachusetts Massachusetts
Salem Salem
Hilgard Hilgard
Wurster Wurster
Vermont Vermont
Parking Parking
Optometry Optometry
Juneau Juneau
Class Class
Florida Florida
Raleigh Raleigh
Oregon Oregon
Simpson Simpson
Spieker Spieker
North North
Tennessee Tennessee
Nevada Nevada
Simon Simon
Moses Moses
McLaughlin McLaughlin
Pitzer Pitzer
Hesse Hesse
Indianapolis Indianapolis
Kleeberger Kleeberger
Chan Chan
Cory Cory
Goldman Goldman
Gilman Gilman
Blackwell Blackwell
Anthony Anthony
Moffitt Moffitt
Barrows Barrows
Brain Brain
Idaho Idaho
Observatory Observatory
