AY AW AU AS AP W X B A B E D F G F N H N F I F N K N M N H J O P R T AN AL S AL AN T R P O J H N F D X W AP V AP W X D AC Y AE AD AX AY AZ AG AK AJ AK AG BC BD AI BF AM BF AI BD BC AG AZ AY AW AU AR BL AQ AO AQ AP AS AU AW AV AW AY AX AY AZ AG BC BD AI BF BG BF AI BD BC AG AZ AY AW AU AR BL BK BJ BI BJ BK BN BK BL AR AU AW AY AZ AG BC BD AI BF BG CA BG CB BG BF AI BD BC AG AZ AY AW AU AR BL BK BJ BI CC BI BJ BK BN BO BP CI CK CJ CN CM CO CM CN CQ CP CS BZ BE CT BE BX BW BD BC AG AZ AY
40
A A
B B
D D
F F
G G
H H
I I
K K
M M
O O
P P
S S
T T
V V
X X
Y Y
AD AD
AG AG
AJ AJ
AM AM
AO AO
AQ AQ
AS AS
AV AV
AX AX
BF BF
BG BG
BI BI
BJ BJ
BN BN
CA CA
CB CB
CC CC
CK CK
CN CN
CO CO
CP CP
CS CS
CT CT
BD BA
