YuhuaEast Sennett ChinaSquare BedokNorth SerangoonGarden SingaporeRiver EastCoast Sembawang TagoreSindo SerangoonNorth Punggol Matilda OrangeGrove PeoplesPark BayfrontSubzone EvertonPark ReservoirView PulauPunggolTimor Khatib Geylang Paterson SimpangNorth AlexandraNorth Port PeiChun JurongPort JooSengPayaLebar Woodleigh KentRidge Woodleigh SungeiRoad WaterwayEast YioChuKang HongKahNorth SouthernIslands Sentosa TuasNorthPioneer Sentosa Commonwealth Chatsworth InstitutionHill RochorCanal BedokNorth MandaiEast PearlsHill BenoiSector Sentosa PayaLebarEast Museum TohGuan PasirRisDrive KeatHong PotongPasir SembawangHills SerangoonCentral YioChuKangEast UluPandan BedokSouth Trafalgar Sentosa SembawangStraits Shipyard PasirRisPark Moulmein GeylangEast BukitBatokWest BedokNorth Tampines KebunBahru BedokNorth Tanglin TuasPromenade TiongBahru TuasBay PunggolField WoodlandsWest Northland Mountbatten BukitBatokSouth Woodleigh SerangoonCentral JurongWestCentral OneNorth LowerSeletar BoonLayPlace Sentosa Geylang Mandai PasirRis CityHall BedokNorth Serangoon Brickworks DhobyGhaut Cairnhill ChangiPoint AngMoKioTownCentre DairyFarm PangSua BedokNorth ChangiWest BedokNorth TampinesNorth Sentosa IstanaNegara Sentosa TelokBlangahRise SungeiKadut HougangCentral DefuIndustrialPark Port Aljunied BoatQuay Saujana SungeiKadut ChoaChuKang UpperThomson HongKah OneTreeHill ClementiNorth Woodleigh Kembangan YuhuaEast
100
Northland Northland
HongKah HongKah
AngMoKioTownCentre AngMoKioTownCentre
SerangoonNorth SerangoonNorth
Paterson Paterson
Punggol Punggol
YioChuKang YioChuKang
KentRidge KentRidge
Commonwealth Commonwealth
KeatHong KeatHong
HongKahNorth HongKahNorth
BedokNorth BedokNorth
Serangoon Serangoon
OneTreeHill OneTreeHill
EastCoast EastCoast
Sennett Sennett
WaterwayEast WaterwayEast
SungeiKadut SungeiKadut
TuasPromenade TuasPromenade
Museum Museum
Mountbatten Mountbatten
PayaLebarEast PayaLebarEast
LowerSeletar LowerSeletar
BedokSouth BedokSouth
SembawangStraits SembawangStraits
TuasNorthPioneer TuasNorthPioneer
CityHall CityHall
TelokBlangahRise TelokBlangahRise
SungeiRoad SungeiRoad
SimpangNorth SimpangNorth
IstanaNegara IstanaNegara
HougangCentral HougangCentral
PasirRisDrive PasirRisDrive
PangSua PangSua
Trafalgar Trafalgar
Tampines Tampines
BenoiSector BenoiSector
ChoaChuKang ChoaChuKang
Moulmein Moulmein
TiongBahru TiongBahru
BukitBatokSouth BukitBatokSouth
PasirRis PasirRis
TagoreSindo TagoreSindo
Shipyard Shipyard
JurongPort JurongPort
ClementiNorth ClementiNorth
GeylangEast GeylangEast
Khatib Khatib
Matilda Matilda
Brickworks Brickworks
BukitBatokWest BukitBatokWest
Aljunied Aljunied
SerangoonGarden SerangoonGarden
SerangoonCentral SerangoonCentral
PearlsHill PearlsHill
SembawangHills SembawangHills
SingaporeRiver SingaporeRiver
PasirRisPark PasirRisPark
BoatQuay BoatQuay
BoonLayPlace BoonLayPlace
EvertonPark EvertonPark
AlexandraNorth AlexandraNorth
PeiChun PeiChun
PunggolField PunggolField
Sentosa Sentosa
InstitutionHill InstitutionHill
TohGuan TohGuan
DhobyGhaut DhobyGhaut
ReservoirView ReservoirView
JooSengPayaLebar JooSengPayaLebar
DairyFarm DairyFarm
PulauPunggolTimor PulauPunggolTimor
Tanglin Tanglin
Saujana Saujana
UluPandan UluPandan
TampinesNorth TampinesNorth
TuasBay TuasBay
Geylang Geylang
Cairnhill Cairnhill
Sembawang Sembawang
WoodlandsWest WoodlandsWest
OneNorth OneNorth
Mandai Mandai
YioChuKangEast YioChuKangEast
Port Port
DefuIndustrialPark DefuIndustrialPark
UpperThomson UpperThomson
ChinaSquare ChinaSquare
JurongWestCentral JurongWestCentral
PeoplesPark PeoplesPark
MandaiEast MandaiEast
ChangiWest ChangiWest
BayfrontSubzone BayfrontSubzone
KebunBahru KebunBahru
Kembangan Kembangan
OrangeGrove OrangeGrove
ChangiPoint ChangiPoint
SouthernIslands SouthernIslands
RochorCanal RochorCanal
Chatsworth Chatsworth
