LeonieHill TanglinHalt TuasBay NatureReserve FarrerPark NatureReserve Semakau SungeiRoad KallangWay Boulevard YioChuKang MandaiWest AnchorvaleBuangkok NorthCoast BukitBatokCentral LoyangEast ChoaChuKangCentral Townsville PunggolTownCentre BishanEast Yishun Phillip SerangoonGarden Victoria Sentosa MandaiEstate SembawangSprings KampongGlam YioChuKang PasirPanjang2 Springleaf AirportRoad ChangiWest ClementiCentral WestCoast Woodgrove YuhuaWestBoonLay TampinesWest Novena SingaporePolytechnic Guilin GreenwoodPark Trafalgar NatureReserve Ridout NatureReserve ConeyIsland NatureReserve MonksHill Outram Sennett Kranji JurongWestCentral LiuFang Tyersall DefuIndustrialPark OrangeGrove NeeSoon Shipyard WestCoast SungeiKadut WestCoast LeonieHill
50
Guilin Guilin
Trafalgar Trafalgar
Townsville Townsville
SerangoonGarden SerangoonGarden
Springleaf Springleaf
ClementiCentral ClementiCentral
Novena Novena
FarrerPark FarrerPark
SungeiKadut SungeiKadut
Boulevard Boulevard
MonksHill MonksHill
AirportRoad AirportRoad
KallangWay KallangWay
Shipyard Shipyard
YuhuaWestBoonLay YuhuaWestBoonLay
YioChuKang YioChuKang
SungeiRoad SungeiRoad
TuasBay TuasBay
Phillip Phillip
TampinesWest TampinesWest
Sennett Sennett
SembawangSprings SembawangSprings
Kranji Kranji
Victoria Victoria
Ridout Ridout
BishanEast BishanEast
Yishun Yishun
MandaiWest MandaiWest
PasirPanjang2 PasirPanjang2
NorthCoast NorthCoast
Semakau Semakau
PunggolTownCentre PunggolTownCentre
Outram Outram
Sentosa Sentosa
OrangeGrove OrangeGrove
TanglinHalt TanglinHalt
NeeSoon NeeSoon
BukitBatokCentral BukitBatokCentral
ChoaChuKangCentral ChoaChuKangCentral
ConeyIsland ConeyIsland
AnchorvaleBuangkok AnchorvaleBuangkok
JurongWestCentral JurongWestCentral
Tyersall Tyersall
KampongGlam KampongGlam
GreenwoodPark GreenwoodPark
SingaporePolytechnic SingaporePolytechnic
Woodgrove Woodgrove
DefuIndustrialPark DefuIndustrialPark
ChangiWest ChangiWest
LoyangEast LoyangEast
