BukitBatokEast Simei SungeiRoad TiongBahruStation DowntownCore BukitBatokEast Redhill PearlsHill Sudong CityHall TanjongPagar SwissClub Frankel Tengeh LowerSeletar Safti GaliBatuMandai RiverValley Hillcrest AirportRoad ChoaChuKang NeeSoon AirportRoad Tyersall JooKoon SimpangNorth GhimMoh Sembawang LeonieHill BukitBatokEast
25
Frankel Frankel
SungeiRoad SungeiRoad
Simei Simei
Redhill Redhill
GaliBatuMandai GaliBatuMandai
Tengeh Tengeh
RiverValley RiverValley
SimpangNorth SimpangNorth
NeeSoon NeeSoon
JooKoon JooKoon
DowntownCore DowntownCore
SwissClub SwissClub
ChoaChuKang ChoaChuKang
GhimMoh GhimMoh
Hillcrest Hillcrest
LowerSeletar LowerSeletar
LeonieHill LeonieHill
Sudong Sudong
PearlsHill PearlsHill
Safti Safti
TanjongPagar TanjongPagar
Tyersall Tyersall
TiongBahruStation TiongBahruStation
CityHall CityHall
Sembawang Sembawang
