0 34 67 1 67 34 0 35 68 35 0 36 69 36 0 37 70 4 70 37 0 38 71 38 0 39 72 6 72 39 0 40 73 40 0 41 74 41 0 43 76 43 0 46 79 13 79 46 0 47 80 14 80 47 0 48 0 49 0 50 83 50 0 51 0 52 85 52 0 53 86 53 0 54 87 54 0 55 88 55 0 56 89 56 0 57 0 58 91 25 91 58 0 59 0 60 93 27 93 60 0 61 94 61 0 62 95 29 95 62 0 63 96 30 96 63 0 64 97 31 97 64 0 65 0 66 99 66 0
31
4 4
6 6
14 14
25 25
30 30
31 31
87 21
13 13
76 10
57 24
65 32
69 3
73 7
51 18
85 19
1 1
89 23
0 9 11 12
68 2
86 20
71 5
88 22
99 33
59 26
49 16
74 8
27 27
83 17
48 15
29 29
94 28
