139 77 47 176 157 83 67 19 174 188 55 118 15 51 44 51 53 13 56 63 95 161 130 112 113 21 54 15 14 23 14 43 57 159 72 169 125 22 127 11 106 1 47 96 27 128 148 130 36 25 101 6 4 84 4 34 173 48 26 3 134 3 147 77 133 114 88 123 87 5 35 104 35 99 31 15 18 11 170 138 82 69 17 111 25 101 32 62 188 109 37 87 64 149 2 38 97 105 53 194 122 114 157 101 25 111 114 79 107 162 165 162 186 16 108 57 18 139 58 139 198 141 191 17 98 158 119 181 161 130 57 43 142 22 142 144 30 156 30 144 142 22 41 44 197 178 1 172 1 178 8 36 147 36 158 106 69 106 60 7 60 90 9 53 16 186 122 91 75 102 180 141 180 153 2 147 184 119 89 1 55 39 57 159 26 3 104 33 94 145 158 85 2 151 182 23 146 12 195 30 10 61 91 62 76 78 21 128 27 96 152 45 35 65 35 71 190 37 5 95 81 149 74 149 103 131 168 187 30 21 113 189 84 18 139
100
189 189
106 106
77 77
91 91
142 142
47 47
146 146
84 84
125 125
85 85
112 112
23 23
101 101
8 8
198 198
11 11
81 81
18 18
152 152
74 74
43 43
173 173
15 15
5 5
64 64
78 78
176 176
127 127
184 184
187 187
141 141
71 71
1 1
60 60
65 65
2 2
72 72
111 111
113 113
123 123
109 109
188 188
9 9
95 95
57 57
48 48
108 108
153 153
14 14
79 79
33 33
144 144
191 191
114 114
13 13
58 58
148 148
16 16
30 30
32 32
158 158
147 147
39 39
182 182
82 82
128 128
98 98
134 134
27 27
31 31
35 35
119 119
96 96
138 138
104 104
131 131
22 22
122 122
161 161
41 41
178 178
157 157
7 7
67 67
118 118
156 156
21 21
25 25
130 130
105 105
69 69
37 37
89 89
145 145
75 75
44 44
186 186
26 26
172 172
165 165
