Latias Toxicroak Jigglypuff Talonflame Reshiram Scolipede Infernape Bounsweet Wurmple Shelgon Raticate Magearna Exeggutor Relicanth Elgyem Golisopod Charmeleon Vibrava Primeape Palkia Noivern Staryu Luvdisc Petilil Keldeo Dartrix Latias
25
Raticate Raticate
Talonflame Talonflame
Petilil Petilil
Shelgon Shelgon
Charmeleon Charmeleon
Wurmple Wurmple
Jigglypuff Jigglypuff
Toxicroak Toxicroak
Primeape Primeape
Infernape Infernape
Magearna Magearna
Dartrix Dartrix
Staryu Staryu
Elgyem Elgyem
Noivern Noivern
Keldeo Keldeo
Scolipede Scolipede
Exeggutor Exeggutor
Golisopod Golisopod
Reshiram Reshiram
Luvdisc Luvdisc
Palkia Palkia
Bounsweet Bounsweet
Relicanth Relicanth
Vibrava Vibrava
