Qwilfish Tropius Shellos Tsareena Woobat Stufful Conkeldurr Zekrom Paras Vullaby Porygon2 Crawdaunt Amoonguss Magnemite Weepinbell Honedge Skorupi Skiddo Noibat Metapod Metang Terrakion Scatterbug Taillow Wartortle Vespiquen Shellder Bastiodon Weezing Escavalier Weezing Plusle Wailord Xerneas Yungoos Magnemite Swadloon Munna Seaking Treecko Kakuna Tornadus Noibat Nincada Slowbro Simisear Sandile Meloetta Sandile Dewpider Politoed Lotad Skorupi Magnemite Comfey Lumineon Kakuna Tauros Gengar Bounsweet Whismur Dewpider Froakie Drampa Shellos Tsareena Inkay Slurpuff Metang Lotad Drapion Vullaby Jumpluff Steenee Volcarona Magmar Phanpy Drampa Qwilfish
64
Qwilfish Qwilfish
Simisear Simisear
Phanpy Phanpy
Terrakion Terrakion
Drapion Drapion
Meloetta Meloetta
Volcarona Volcarona
Slurpuff Slurpuff
Skiddo Skiddo
Politoed Politoed
Tropius Tropius
Sandile Sandile
Magmar Magmar
Metang Metang
Taillow Taillow
Porygon2 Porygon2
Slowbro Slowbro
Drampa Drampa
Noibat Noibat
Lotad Lotad
Scatterbug Scatterbug
Vullaby Vullaby
Inkay Inkay
Steenee Steenee
Tornadus Tornadus
Skorupi Skorupi
Dewpider Dewpider
Shellos Shellos
Metapod Metapod
Wartortle Wartortle
Crawdaunt Crawdaunt
Paras Paras
Froakie Froakie
Nincada Nincada
Gengar Gengar
Honedge Honedge
Amoonguss Amoonguss
Tsareena Tsareena
Jumpluff Jumpluff
Vespiquen Vespiquen
Munna Munna
Kakuna Kakuna
Magnemite Magnemite
Whismur Whismur
Xerneas Xerneas
Weezing Weezing
Zekrom Zekrom
Woobat Woobat
Comfey Comfey
Bounsweet Bounsweet
Seaking Seaking
Tauros Tauros
Weepinbell Weepinbell
Stufful Stufful
Shellder Shellder
Plusle Plusle
Treecko Treecko
Swadloon Swadloon
Lumineon Lumineon
Yungoos Yungoos
Bastiodon Bastiodon
Wailord Wailord
Escavalier Escavalier
Conkeldurr Conkeldurr
