Qwilfish Drampa Shellos Magmar Volcarona Vullaby Drapion Taillow Scatterbug Crawdaunt Woobat Stufful Conkeldurr Zekrom Amoonguss Lotad Metang Crawdaunt Porygon2 Meloetta Inkay Vespiquen Shellder Bastiodon Whismur Bounsweet Gengar Drampa Sandile Metapod Weezing Escavalier Weepinbell Honedge Noibat Simisear Noibat Skiddo Skorupi Munna Swadloon Tauros Wailord Plusle Jumpluff Steenee Wartortle Honedge Kakuna Treecko Seaking Nincada Comfey Magnemite Froakie Drampa Qwilfish
49
Volcarona Volcarona
Meloetta Meloetta
Gengar Gengar
Whismur Whismur
Qwilfish Qwilfish
Simisear Simisear
Metapod Metapod
Woobat Woobat
Sandile Sandile
Steenee Steenee
Nincada Nincada
Swadloon Swadloon
Tauros Tauros
Drapion Drapion
Scatterbug Scatterbug
Vullaby Vullaby
Porygon2 Porygon2
Escavalier Escavalier
Vespiquen Vespiquen
Crawdaunt Crawdaunt
Seaking Seaking
Magnemite Magnemite
Magmar Magmar
Munna Munna
Skorupi Skorupi
Stufful Stufful
Bastiodon Bastiodon
Noibat Noibat
Weezing Weezing
Froakie Froakie
Taillow Taillow
Metang Metang Slurpuff
Weepinbell Weepinbell
Drampa Drampa
Bounsweet Bounsweet
Honedge Honedge
Plusle Plusle
Treecko Treecko
Shellder Shellder
Inkay Inkay
Lotad Lotad
Conkeldurr Conkeldurr
Shellos Shellos
Skiddo Skiddo
Amoonguss Amoonguss
Wailord Wailord
Comfey Comfey
Jumpluff Jumpluff
Kakuna Kakuna
