Burlington Amarillo Buffalo Cedar Columbus Clarke Miramar Davenport Honolulu McAllen Hampton Bridgeport Naperville Myrtle Louisville Chicago Merced Greenville Chattanooga Honolulu Hayward Independence Prairie Killeen Rapids Denver Cambridge Burlington
25
Buffalo Buffalo
Denver Denver
Naperville Naperville
Amarillo Amarillo
Myrtle Myrtle
Chicago Chicago
Merced Merced
Columbus Columbus
Honolulu Honolulu
Davenport Davenport
McAllen McAllen
Killeen Killeen
Prairie Prairie
Bridgeport Bridgeport
Chattanooga Chattanooga
Rapids Rapids
Hayward Hayward
Clarke Clarke
Miramar Miramar
Cedar Cedar
Cambridge Cambridge
Louisville Louisville
Independence Independence
Hampton Hampton
Greenville Greenville
