Myrtle Abilene Baltimore Montgomery Nashua Moreno Harlingen Merced Hollywood Cedar Brownsville Lorain Mobile Huntsville Cary Albuquerque Lexington Chandler Cathedral Bloomington Chicago Miramar Kissimmee Dallas Aribel Davidson Chandler Bridgeport Lansing Muskegon Medford Macon Barnstable Champaign GreenBay Corpus Champaign Kansas Joliet Deltona Bradenton Hemet Houma Leominster Appleton Hartford Minneapolis Alexandria Grays Erie Plen Huntington Albany Myrtle
50
Hartford Hartford
Joliet Joliet
Barnstable Barnstable
Dallas Dallas
Grays Grays
Muskegon Muskegon
Merced Merced
Erie Erie
Chicago Chicago
Hollywood Hollywood
Hemet Hemet
Cary Cary
Bridgeport Bridgeport
Harlingen Harlingen
Macon Macon
Cedar Cedar
Plen Plen
Bradenton Bradenton
Bloomington Bloomington
Brownsville Brownsville
Albuquerque Albuquerque
Lorain Lorain
Nashua Nashua
Miramar Miramar
Kissimmee Kissimmee
Montgomery Montgomery
Davidson Davidson
Leominster Leominster
Minneapolis Minneapolis
Lexington Lexington
GreenBay GreenBay
Aribel Aribel
Baltimore Baltimore
Albany Albany
Abilene Abilene
Kansas Kansas
Chandler Chandler
Mobile Mobile
Champaign Champaign
Appleton Appleton
Cathedral Cathedral
Lansing Lansing
Corpus Corpus
Deltona Deltona
Huntsville Huntsville
Houma Houma
Medford Medford
Huntington Huntington
Alexandria Alexandria
Moreno Moreno
