DK BV EP AD EM HD HE BI AC AV EY AB FZ AB BH AY AA AK CD FW AA CE EW EQ CC DM BM AB CY GB HC DB DO AD BR AM CS AB EL BW HF CG FT GR GG AB AN CU AB EA DU ED DP DT CM FH FG CP CW DD AA ET BE DI DX AA EF CI HJ AE CA GY BL AB CX BP AB BZ GT AB AO AU EO FA FN AG AH GX CK AB DF AB CR EB GZ AB ES HI AD BC AA CT FD GN FB AA AB AA EN BF AT DL DZ FP GV DE AZ HB DN DK
94
FA FA
CS CS
BC BC
CA CA
DI DI
BH BH
EY EY
DZ DZ
GB GB
DN DN
HJ HJ
AU AU
BE BE
CW CW
AO AO
CE CE
AN AN
EN EN
DP DP
HE HE
DF DF
DU DU
AB AB
AZ AZ
AG AG
DM DM
DX DX
ED ED
CT CT
FZ FZ
HC HC
FB FB
CP CP
DO DO
EO EO
AK AK
DB DB
CY CY
EA EA
CD CD
CR CR
FP FP
FH FH
EL EL
FG FG
BV BV
DL DL
EP EP
HF HF
FN FN
GX GX
BW BW
DD DD
GY GY
AT AT
EQ EQ
HI HI
EB EB
FT FT
CI CI
AM AM
FW FW
CM CM
BI BI
CK CK
GV GV
ET ET
GZ GZ
EM EM
EW EW
GR GR
BR BR
CC CC
GG GG
BL BL
FD FD
AA AA
CU CU
DE DE
BF BF
AY AY
EF EF
DT DT
ES ES
GT GT
AV AV
HB HB
BM BM
BP BP
CG CG
HD HD
GN GN
BZ BZ
CX CX
