Soda DoeMemorialLibrary EshlemanHall BirgeHall CNMAT Dwinelle BerkeleyArtMuseum EastGate EastAsianLibrary BancroftLibrary BarkerHall CampbellHall BotanicalGarden DurantHall CalvinLaboratory ClarkKerrCampus BARTStation BarrowsHall BlackwellHall BoaltHall AlumniHouse BlumHall VLSB BanwayBldg BrainImagingCenter CheitHall CaliforniaHall ChanShunAuditorium DonnerLab EtcheverryHall BarrowLane EdwardsStadium Cory BerkeleyWayWest Campanile AnthonyHall DavisHall EvansDiamond CyclotronRd ChouHall CareerCenter Soda
40
AlumniHouse AlumniHouse
AnthonyHall AnthonyHall
BancroftLibrary BancroftLibrary
BanwayBldg BanwayBldg
BarkerHall BarkerHall
BarrowLane BarrowLane
BarrowsHall BarrowsHall
BARTStation BARTStation
BerkeleyArtMuseum BerkeleyArtMuseum
BerkeleyWayWest BerkeleyWayWest
BirgeHall BirgeHall
BlackwellHall BlackwellHall
BlumHall BlumHall
BoaltHall BoaltHall
BotanicalGarden BotanicalGarden
BrainImagingCenter BrainImagingCenter
EastAsianLibrary EastAsianLibrary
CaliforniaHall CaliforniaHall
CalvinLaboratory CalvinLaboratory
Campanile Campanile
CampbellHall CampbellHall
CareerCenter CareerCenter
ChanShunAuditorium ChanShunAuditorium
VLSB VLSB
CheitHall CheitHall
ChouHall ChouHall
ClarkKerrCampus ClarkKerrCampus
CNMAT CNMAT
Cory Cory
CyclotronRd CyclotronRd
DavisHall DavisHall
DoeMemorialLibrary DoeMemorialLibrary
DonnerLab DonnerLab
DurantHall DurantHall
Dwinelle Dwinelle
EastGate EastGate
EdwardsStadium EdwardsStadium
EshlemanHall EshlemanHall
EtcheverryHall EtcheverryHall
EvansDiamond EvansDiamond
