Soda GoldmanField Pinole Pittsburg FrankSchlessingerWay LewisHall HargroveMusicLibrary Emeryville Oakley DonnerLab HearstMiningCircle EvansHall GiauqueHall Campanile PimentelHall Pacifica GilmanHall SproulPlaza Brisbane KroeberHall AnthonyHall Cory ClearyHall FoundersRock WestGate Orinda WomenFacultyClub Healdsburg SternHall WellmanHall MulfordHall StadiumRimWay SanRafael BarkerHall ClarkKerrCampus NorthGateHall WicksonNaturalArea Unit1 ChouHall Belmont CalvinLaboratory HearstGreekTheatre MinorHallAddition Hayward StHelena ZellerbachPlayhouse BancroftLibrary EtcheverryHall SanRamon Hillsborough MartinezCommons WheelerHall Benicia LowerSproulPlaza HertzHall SatherTower Saratoga KleebergerFieldHouse Unit3 Alameda Fairfield WursterHall ZellerbachHall Piedmont WestCircle Albany IshiCourt EastGate Insectary BlumHall SanPablo Soda
70
Campanile Campanile
GiauqueHall GiauqueHall
ClearyHall ClearyHall
IshiCourt IshiCourt
Fairfield Fairfield
StadiumRimWay StadiumRimWay
LowerSproulPlaza LowerSproulPlaza
ZellerbachPlayhouse ZellerbachPlayhouse
SatherTower SatherTower
ZellerbachHall ZellerbachHall
AnthonyHall AnthonyHall
ClarkKerrCampus ClarkKerrCampus
Healdsburg Healdsburg
Pinole Pinole
DonnerLab DonnerLab
SanPablo SanPablo
Saratoga Saratoga
EtcheverryHall EtcheverryHall
NorthGateHall NorthGateHall
Brisbane Brisbane
Belmont Belmont
HearstMiningCircle HearstMiningCircle
PimentelHall PimentelHall
BancroftLibrary BancroftLibrary
KroeberHall KroeberHall
KleebergerFieldHouse KleebergerFieldHouse
Oakley Oakley
GilmanHall GilmanHall
SternHall SternHall
WheelerHall WheelerHall
WestCircle WestCircle
ChouHall ChouHall
HargroveMusicLibrary HargroveMusicLibrary
HertzHall HertzHall
LewisHall LewisHall
GoldmanField GoldmanField
EvansHall EvansHall
MartinezCommons MartinezCommons
Insectary Insectary
Unit1 Unit1
HearstGreekTheatre HearstGreekTheatre
Pittsburg Pittsburg
FoundersRock FoundersRock
EastGate EastGate
Pacifica Pacifica
Benicia Benicia
Piedmont Piedmont
Cory Cory
MinorHallAddition MinorHallAddition
Orinda Orinda
Alameda Alameda
Hayward Hayward
Albany Albany
SanRamon SanRamon
WursterHall WursterHall
BlumHall BlumHall
Emeryville Emeryville
WellmanHall WellmanHall
BarkerHall BarkerHall
WicksonNaturalArea WicksonNaturalArea
StHelena StHelena
SanRafael SanRafael
Hillsborough Hillsborough
SproulPlaza SproulPlaza
WomenFacultyClub WomenFacultyClub
FrankSchlessingerWay FrankSchlessingerWay
WestGate WestGate
CalvinLaboratory CalvinLaboratory
Unit3 Unit3
MulfordHall MulfordHall
