Soda Campanile AlumniHouse BarrowsHall CampbellHall CareerCenter ClarkKerr Dwinelle BarkerHall Dwinelle BarrowLane AlumniHouse Soda EshlemanHall EyeCenter EshlemanHall Soda Jacobs Lawrence MLK LeConteHall MemorialGlade MLK Lawrence Jacobs Soda RSF MorganHall MorrisonHall MorganHall MorrisonHall MosesHall MulfordHall NorthField SatherGate SatherTower SatherRd RSF Soda SeniorHall SproulHall SproulPlaza SutardjaDaiHall Unit1 SutardjaDaiHall TangCenter WursterHall SeniorHall Soda
18
Campanile Campanile
CareerCenter CareerCenter
BarkerHall BarkerHall
Dwinelle Dwinelle
EyeCenter EyeCenter
Jacobs Jacobs
LeConteHall LeConteHall
MemorialGlade MemorialGlade
MLK MLK
Lawrence Lawrence
MorrisonHall MorrisonHall
MorganHall MorganHall
MulfordHall MulfordHall
SatherRd SatherRd
SproulPlaza SproulPlaza
SutardjaDaiHall SutardjaDaiHall
Unit1 Unit1
WursterHall WursterHall
