McLaughlinHall MoffittLibrary RedwoodGroveBotanica DurantHall SamsPad KroeberHall VisitorCenter EtcheverryHall EvansDiamond HertzHall PublicAffairsOfficeo ResidentialStudentSe ZellerbachHall FacultyGlade LegendsAquaticCenter MagnesCollectionofJe EshlemanHall JonesChildStudyCente GianniniHall Romeos CNMAT1750ArchSt CampusSharedServices StephensHall GoldmanSchool UCBerkeleyExtension StrawberryCanyonRecr LevineFrickeSoftball AnnaHeadAlumnaeHall InsectaryGreenhouse SpiekerAquaticsCompl GiauqueHall WomensFacultyClub Unit3ResidentHall WitterRugbyField SimpsonCenterforStud BerkeleyArtMuseumand Library BancroftParkingStruc SeniorHall WarrenHall RecreationalSportsFa EastAsianStudiesInst GrinnellNaturalArea EnergyBiosciencesBui HasteStreetChildDeve BotanicalGarden MathematicalSciences CareerCenter McLaughlinHall
48
CNMAT1750ArchSt CNMAT1750ArchSt
EvansDiamond EvansDiamond
WitterRugbyField WitterRugbyField
RedwoodGroveBotanica RedwoodGroveBotanica
PublicAffairsOfficeo PublicAffairsOfficeo
HasteStreetChildDeve HasteStreetChildDeve
UCBerkeleyExtension UCBerkeleyExtension
GrinnellNaturalArea GrinnellNaturalArea
SeniorHall SeniorHall
EastAsianStudiesInst EastAsianStudiesInst
AnnaHeadAlumnaeHall AnnaHeadAlumnaeHall
Unit3ResidentHall Unit3ResidentHall
DurantHall DurantHall
BancroftParkingStruc BancroftParkingStruc
FacultyGlade FacultyGlade
CampusSharedServices CampusSharedServices
SamsPad SamsPad
RecreationalSportsFa RecreationalSportsFa
StrawberryCanyonRecr StrawberryCanyonRecr
EshlemanHall EshlemanHall
JonesChildStudyCente JonesChildStudyCente
InsectaryGreenhouse InsectaryGreenhouse
WarrenHall WarrenHall
MoffittLibrary MoffittLibrary
EtcheverryHall EtcheverryHall
CareerCenter CareerCenter
StephensHall StephensHall
MathematicalSciences MathematicalSciences
ZellerbachHall ZellerbachHall
HertzHall HertzHall
McLaughlinHall McLaughlinHall
EnergyBiosciencesBui EnergyBiosciencesBui
VisitorCenter VisitorCenter
BerkeleyArtMuseumand BerkeleyArtMuseumand
BotanicalGarden BotanicalGarden
SimpsonCenterforStud SimpsonCenterforStud
MagnesCollectionofJe MagnesCollectionofJe
KroeberHall KroeberHall
ResidentialStudentSe ResidentialStudentSe
GiauqueHall GiauqueHall
Library Library
LegendsAquaticCenter LegendsAquaticCenter
Romeos Romeos
LevineFrickeSoftball LevineFrickeSoftball
SpiekerAquaticsCompl SpiekerAquaticsCompl
GoldmanSchool GoldmanSchool
GianniniHall GianniniHall
WomensFacultyClub WomensFacultyClub
