LegendsAquaticCenter DurantHall MemorialGlade EucalyptusGrove LewisHall NorthGateHall SodaHall LeConteHall LawSchool SatherTower InvestigativeReporti NorthField SoutheastAsianStudie StarrEastAsianLibrar EllsworthParkingStru GoldmanField LevineFrickeSoftball CITRIS ValleyLifeSciencesBu GolbousPlace LegendsAquaticCenter
20
EllsworthParkingStru EllsworthParkingStru
DurantHall DurantHall
LawSchool LawSchool
CITRIS CITRIS
NorthField NorthField
InvestigativeReporti InvestigativeReporti
LevineFrickeSoftball LevineFrickeSoftball
LegendsAquaticCenter LegendsAquaticCenter
GolbousPlace GolbousPlace
LeConteHall LeConteHall
SodaHall SodaHall
ValleyLifeSciencesBu ValleyLifeSciencesBu
NorthGateHall NorthGateHall
LewisHall LewisHall
MemorialGlade MemorialGlade
SatherTower SatherTower
EucalyptusGrove EucalyptusGrove
StarrEastAsianLibrar StarrEastAsianLibrar
GoldmanField GoldmanField
SoutheastAsianStudie SoutheastAsianStudie
