BerkeleyArtMuseumand LegendsAquaticCenter SatherTower FallProgramforFreshm SpiekerAquaticsCompl CareerCenter WarrenHall LawrenceHallofScienc UniversityHouse IRLE AnthonyHall BarrowsHall LiKaShingCenter BancroftDanceStudio HavilandHall SimpsonCenterforStud LatinAmericanStudies KoshlandHall InsectaryGreenhouse NorthField MorrisonHall McLaughlinHall Sebastians SutardjaDaiHall AcademicInnovationSt ObservatoryHill PacificFilmArchiveBe GolbousPlace UniversityHealthServ KoretVisitorCenter LawrenceBerkeleyNati MartinezCommons GraduateTheologicalU EllsworthParkingStru UpperHearstParkingSt CheitHall BowlesHall EnergyBiosciencesBui LeConteHall HenryHWheelerBrainIm CesarEChavezStudentC ManvilleHall FacultyClub CaliforniaHall ZellerbachHall MagnesCollectionofJe MaxwellFamilyFieldan BanwayBuilding FoxCottage2350Bowdit LowerHearstParkingSt InternationalHouse SimonHall Unit1ResidentHall AHammock EastAsianStudiesInst NaturalResourcesLabo WellmanHall InvestigativeReporti EdwardsTrackStadiumG GianniniHall ClarkKerrCampus HearstMemorialMining GoldmanField MathematicalSciences MosesHall StanleyHall CoryHall EvansHall FacultyGlade MariesHouse PublicAffairsOfficeo AlumniHouse Library Demography EvansDiamond McConeHall HaasSchoolofBusiness ChancellorsEsplanade MulfordHall ArchitectsEngineersA BancroftLibrary LawSchool BerkeleyArtMuseumand
82
FoxCottage2350Bowdit FoxCottage2350Bowdit
MartinezCommons MartinezCommons
FallProgramforFreshm FallProgramforFreshm
AnthonyHall AnthonyHall
GoldmanField GoldmanField
SimpsonCenterforStud SimpsonCenterforStud
PublicAffairsOfficeo PublicAffairsOfficeo
BowlesHall BowlesHall
BancroftLibrary BancroftLibrary
McConeHall McConeHall
CesarEChavezStudentC CesarEChavezStudentC
LeConteHall LeConteHall
MaxwellFamilyFieldan MaxwellFamilyFieldan
KoshlandHall KoshlandHall
GianniniHall GianniniHall
BancroftDanceStudio BancroftDanceStudio
CareerCenter CareerCenter
HavilandHall HavilandHall
MariesHouse MariesHouse
SutardjaDaiHall SutardjaDaiHall
ObservatoryHill ObservatoryHill
KoretVisitorCenter KoretVisitorCenter
StanleyHall StanleyHall
Demography Demography
HearstMemorialMining HearstMemorialMining
AlumniHouse AlumniHouse
EnergyBiosciencesBui EnergyBiosciencesBui
PacificFilmArchiveBe PacificFilmArchiveBe
NorthField NorthField
ArchitectsEngineersA ArchitectsEngineersA
InsectaryGreenhouse InsectaryGreenhouse
BanwayBuilding BanwayBuilding
MulfordHall MulfordHall
MagnesCollectionofJe MagnesCollectionofJe
FacultyGlade FacultyGlade
WarrenHall WarrenHall
GraduateTheologicalU GraduateTheologicalU
SpiekerAquaticsCompl SpiekerAquaticsCompl
MosesHall MosesHall
EvansHall EvansHall
ManvilleHall ManvilleHall
BarrowsHall BarrowsHall
EvansDiamond EvansDiamond
HaasSchoolofBusiness HaasSchoolofBusiness
EdwardsTrackStadiumG EdwardsTrackStadiumG
LegendsAquaticCenter LegendsAquaticCenter
FacultyClub FacultyClub
InternationalHouse InternationalHouse
MathematicalSciences MathematicalSciences
GolbousPlace GolbousPlace
LawSchool LawSchool
LatinAmericanStudies LatinAmericanStudies
IRLE IRLE
EastAsianStudiesInst EastAsianStudiesInst
Unit1ResidentHall Unit1ResidentHall
UniversityHouse UniversityHouse
CaliforniaHall CaliforniaHall
SimonHall SimonHall
ClarkKerrCampus ClarkKerrCampus
MorrisonHall MorrisonHall
EllsworthParkingStru EllsworthParkingStru
NaturalResourcesLabo NaturalResourcesLabo
BerkeleyArtMuseumand BerkeleyArtMuseumand
Sebastians Sebastians
CheitHall CheitHall
LawrenceHallofScienc LawrenceHallofScienc
LawrenceBerkeleyNati LawrenceBerkeleyNati
McLaughlinHall McLaughlinHall
Library Library
LiKaShingCenter LiKaShingCenter
WellmanHall WellmanHall
CoryHall CoryHall
SatherTower SatherTower
ZellerbachHall ZellerbachHall
AHammock AHammock
UpperHearstParkingSt UpperHearstParkingSt
InvestigativeReporti InvestigativeReporti
LowerHearstParkingSt LowerHearstParkingSt
AcademicInnovationSt AcademicInnovationSt
ChancellorsEsplanade ChancellorsEsplanade
HenryHWheelerBrainIm HenryHWheelerBrainIm
UniversityHealthServ UniversityHealthServ
