a gl an df fu do ck bi fg b by b fv eg f cl dx h fd eu p dj a c ee a ff ah gm bd er fr fl ew dt b ab en b ct bc ch t a eq gn a fs du b ex az a de ap cp et fa fn cv j e bz l b cq bf ak br a y dq bl aj h dn a ed a al m cu fh ae aa c ec fy a bv bb aw bm ga ev a gp a gb cb w k cd b ag ar ep dg ea a dm dv cs o em g fz ci u gh fb a ey a
100
aj aj
fl fl
et et
aw aw
ci ci
fy fy
fn fn
w w
ec ec
eu eu
ae ae
ey ey
cv cv
ep ep
aa aa
de de
em em
m m
bl bl
gn gn
dq dq
az az
ex ex
u u
en en
df df
ee ee
dm dm
y y
du du
dt dt
ff ff
cl cl
e e
bi bi
fb fb
dx dx
bd bd
ct ct
bc bc
ga ga
eq eq
eg eg
dg dg
p p
ag ag
bm bm
gl gl
b b
ck ck
fh fh
ap ap
fa fa
cs cs
fz fz
l l
do do
cu cu
fv fv
ev ev
ar ar
er er
ea ea
a a
fd fd
t t
h h
fr fr
ew ew
c c
cq cq
ak ak
al al
fg fg
j j
fu fu
gp gp
bv bv
gh gh
dn dn
o o
ah ah
dj dj
gb gb
br br
cd cd
k k
gm gm
ch ch
fs fs
by by
bf bf
ed ed
an an
cp cp
cb cb
bz bz
ab ab
bb bb
dv dv
