Fizz CentaurWarrunner Annie Sniper Oracle Warlock Karma Beastmaster Orianna Sona ShadowShaman Medusa LoneDruid Kassadin KhaZix Mirana Brewmaster Techies Zilean ShadowDemon BountyHunter Fiddlesticks Visage VelKoz Venomancer Syndra Omniknight WinterWyvern Ekko Viktor Nasus Heimerdinger Cassiopeia TahmKench Singed Timbersaw DeathProphet Katarina Nidalee Kennen Huskar Bane Rumble Zed FacelessVoid Amumu StormSpirit Puck JarvanIV Undying Janna Yorick Slark Gragas Terrorblade Talon Magnus Quinn NightStalker Leona Trundle Vi Pantheon Tristana Rengar Ryze Weaver TrollWarlord Kayn Irelia Vladimir Rubick Kled Chen Lucian Tiny SpiritBreaker LeBlanc ShadowFiend Nunu Sven Slardar Jinx Ziggs Morphling Xayah Azir Jayce Thresh Fizz
89
Thresh Thresh
Heimerdinger Heimerdinger
Huskar Huskar
Sven Sven
Nasus Nasus
Medusa Medusa
Tiny Tiny
Katarina Katarina
Terrorblade Terrorblade
KhaZix KhaZix
Slardar Slardar
Kassadin Kassadin
Gragas Gragas
Kennen Kennen
CentaurWarrunner CentaurWarrunner
Sniper Sniper
WinterWyvern WinterWyvern
Nidalee Nidalee
NightStalker NightStalker
Annie Annie
Singed Singed
Quinn Quinn
Ekko Ekko
Venomancer Venomancer
Karma Karma
Omniknight Omniknight
StormSpirit StormSpirit
BountyHunter BountyHunter
Warlock Warlock
Weaver Weaver
ShadowFiend ShadowFiend
DeathProphet DeathProphet
Fiddlesticks Fiddlesticks
Janna Janna
Undying Undying
Rengar Rengar
Fizz Fizz
Magnus Magnus
Visage Visage
TrollWarlord TrollWarlord
Kled Kled
Jinx Jinx
Syndra Syndra
Sona Sona
Azir Azir
LoneDruid LoneDruid
Zed Zed
Rubick Rubick
Morphling Morphling
Irelia Irelia
Techies Techies
Beastmaster Beastmaster
FacelessVoid FacelessVoid
VelKoz VelKoz
LeBlanc LeBlanc
Amumu Amumu
Pantheon Pantheon
ShadowDemon ShadowDemon
Puck Puck
SpiritBreaker SpiritBreaker
Bane Bane
Yorick Yorick
Vladimir Vladimir
Ryze Ryze
Mirana Mirana
Slark Slark
Orianna Orianna
Trundle Trundle
JarvanIV JarvanIV
Timbersaw Timbersaw
Jayce Jayce
Ziggs Ziggs
Tristana Tristana
Xayah Xayah
Cassiopeia Cassiopeia
Chen Chen
Viktor Viktor
Leona Leona
Oracle Oracle
Lucian Lucian
Vi Vi
Nunu Nunu
Brewmaster Brewmaster
ShadowShaman ShadowShaman
Talon Talon
Rumble Rumble
Zilean Zilean
TahmKench TahmKench
Kayn Kayn
