Pantheon Akali Ziggs CentaurWarrunner WraithKing Nunu NightStalker Magnus Skarner Xerath Malphite Morgana BountyHunter Bard Maokai Bristleback Tailyah Draven SpiritBreaker Rumble Talon Lux Tiny Anivia Disruptor MasterYi TrollWarlord Jinx Oracle LoneDruid Spectre Ezreal Heimerdinger KogMaw Jayce Jax Lucian CrystalMaiden Ahri ArcWarden Phoenix Galio Ashe Shyvana Slark ChaosKnight Lich Kled Jhin Pantheon
48
Jinx Jinx
Nunu Nunu
Akali Akali
Spectre Spectre
Anivia Anivia
CrystalMaiden CrystalMaiden
CentaurWarrunner CentaurWarrunner
Oracle Oracle
Xerath Xerath
Jayce Jayce
Disruptor Disruptor
Lux Lux
Jhin Jhin
BountyHunter BountyHunter
Malphite Malphite
Tiny Tiny
Draven Draven
Rumble Rumble
LoneDruid LoneDruid
NightStalker NightStalker
Ezreal Ezreal
Tailyah Tailyah
KogMaw KogMaw
Ziggs Ziggs
Talon Talon
Morgana Morgana
Skarner Skarner
Magnus Magnus
Jax Jax
Lich Lich
Heimerdinger Heimerdinger
Ashe Ashe
ChaosKnight ChaosKnight
Kled Kled
MasterYi MasterYi
Bard Bard
ArcWarden ArcWarden
SpiritBreaker SpiritBreaker
Bristleback Bristleback
Maokai Maokai
Slark Slark
Phoenix Phoenix
TrollWarlord TrollWarlord
WraithKing WraithKing
Ahri Ahri
Galio Galio
Shyvana Shyvana
Lucian Lucian
