0 1 11 1 15 1 17 1 0 2 21 2 0 1 18 1 0 2 22 2 26 2 0 3 0 2 27 2 0 4 39 4 0 3 36 3 0 4 41 4 40 4 43 4 0 9 83 9 82 9 89 9 87 9 0 8 79 8 76 8 77 8 80 8 73 8 0 7 68 7 0 6 63 6 61 6 0 7 64 7 0 6 59 6 55 6 0 5 0 6 0 5 0 4 44 4 0 5 48 5 49 5 0 1 0 2 0 3 0 4 0 5 0 6 0 7 0 8 0 9 0
40
11 11
15 15
17 17
21 21
18 18
22 22
26 26
27 27
39 39
36 36
41 41
40 40
43 43
49 49
48 48
44 44
55 55
59 59
64 64
61 61
63 63
68 68
73 73
80 80
77 77
76 76
79 79
87 87
89 89
82 82
83 83
1 1 10
2 2 25
3 3 29 32
4 4
5 5 54 50
6 6 57
7 7 70 71
8 8
9 9
