0 70 69 64 59 43 36 28 85 101 89 49 44 51 6 13 110 13 9 145 137 32 147 148 4 12 13 63 30 22 89 83 75 18 26 0 50 55 48 66 104 16 24 18 80 72 67 31 137 135 10 11 15 127 142 145 9 14 22 16 11 32 35 73 141 23 125 131 132 35 34 97 95 87 82 83 120 27 29 37 45 37 121 128 85 25 139 132 35 40 118 123 93 86 78 73 67 7 10 18 14 114 112 127 15 8 82 75 112 118 125 23 28 24 108 110 33 28 60 12 4 10 5 0 70 77 76 39 33 84 12 19 47 42 68 64 91 96 101 109 21 19 27 22 89 94 98 105 104 134 133 138 56 138 111 31 66 62 56 138 143 0 26 122 117 52 44 43 35 73 78 85 113 85 81 89 49 4 7 76 29 31 29 97 93 92 53 45 42 38 1 146 0 70 65 118 119 50 0
100
73 73
18 18
118 118
78 78
76 76
31 31
64 64
141 141
68 68
82 82
110 110
12 12
36 36
9 9
19 19
56 56
104 104
69 69
55 55
132 132
29 29
127 127
26 26
128 128
131 131
145 145
108 108
143 143
45 45
30 30
22 22
15 15
65 65
11 11
42 42
146 146
51 51
27 27
4 4
32 32
142 142
85 85
86 86
16 16
10 10
81 81
133 133
137 137
75 75
109 109
96 96
105 105
66 66
0 0
122 122
67 67
28 28
40 40
44 44
60 60
123 123
24 24
25 25
23 23
94 94
39 39
95 95
117 117
47 47
97 97
113 113
33 33
138 138
101 101
62 62
84 84
148 148
53 53
5 5
93 93
111 111
49 49
35 35
80 80
77 77
34 34
114 114
7 7
43 43
70 70
98 98
120 120
83 83
134 134
135 135
89 89
8 8
13 13
119 119
125 125
