187 1 94 71 95 65 9 126 33 0 157 148 133 7 83 53 73 117 1 165 5 134 4 54 55 169 111 132 7 107 72 0 191 79 3 128 2 23 58 140 154 1 184 0 82 0 131 109 4 124 175 69 1 114 78 4 87 164 6 52 22 8 12 110 7 4 32 5 172 10 119 2 45 7 67 36 5 12 5 163 41 166 2 30 136 12 161 14 173 190 44 3 89 6 80 2 108 146 1 171 1 39 160 3 90 1 97 1 6 152 2 93 180 142 0 9 15 127 0 176 1 92 6 183 9 150 13 29 153 10 42 9 120 7 59 181 5 196 5 18 47 162 68 2 156 86 199 70 4 63 48 187
100
63 63
111 111
82 82
152 152
133 133
33 33
119 119
191 191
173 173
175 175
163 163
13 13
181 181
90 90
142 142
6 6
110 110
148 148
109 109
132 132
30 30
117 117
165 165
41 41
69 69
128 128
157 157
150 150
54 54
9 9
23 23
169 169
12 12
162 162
2 2
80 80
107 107
190 190
146 146
78 78
153 153
134 134
161 161
67 67
120 120
183 183
55 55
176 176
184 184
93 93
164 164
136 136
48 48
140 140
8 8
72 72
95 95
94 94
171 171
92 92
36 36
18 18
89 89
87 87
160 160
180 180
53 53
97 97
52 52
114 114
172 172
15 15
68 68
47 47
127 127
71 71
65 65
73 73
126 126
58 58
83 83
39 39
70 70
32 32
108 108
79 79
199 199
196 196
154 154
124 124
59 59
29 29
45 45
86 86
156 156
131 131
7 7
44 44
42 42
166 166
