16 25 0 6 8 36 2 80 6 51 0 44 11 18 23 1 77 4 61 58 35 50 29 17 5 1 74 68 3 21 7 85 75 5 19 92 0 90 83 39 6 84 96 9 52 1 88 60 3 21 7 15 6 0 9 86 1 81 3 20 6 62 11 14 53 94 13 65 37 8 82 17 31 6 93 40 55 19 33 16
50
86 86
93 93
75 75
90 90
31 31
51 51
7 7
23 23
33 33
35 35
94 94
17 17
60 60
92 92
84 84
37 37
29 29
58 58
0 0
96 96
5 5
18 18
19 19
82 82
88 88
62 62
68 68
40 40
50 50
80 80
36 36
11 11
74 74
21 21
61 61
6 6
53 53
25 25
3 3
55 55
44 44
20 20
65 65
83 83
85 85
81 81
52 52
39 39
77 77
15 15
