According to all known laws of there is no way a bee should be able be should bee a way no is there of laws known all to According wings are too small get its fat little body off the The flies anyway because anyway flies The the off body little fat its get small too are wings According care what humans think black and shake it up Breakfast Hang on Oan you believe this I this believe you Oan on Hang Breakfast up it shake and black think humans what care According
22
to to
of of
way way
its its
The The off
anyway anyway
what what
and and
you you
there is
bee bee be
get small
I this pick
body little
think think
too are
laws known
Breakfast Breakfast
shake it
able Its
on on
because bees
