0 58 27 129 7 188 15 60 3 126 14 192 178 133 69 195 39 183 189 15 19 11 24 14 8 125 35 4 86 16 18 9 17 46 193 3 31 94 51 131 10 182 36 160 8 159 96 170 19 177 39 103 14 158 62 77 12 109 4 2 136 190 18 180 185 80 198 1 143 7 43 156 74 163 38 3 52 102 115 21 191 7 32 142 35 199 6 50 29 78 9 116 68 0 184 28 157 5 33 5 70 17 119 105 93 194 17 179 174 197 53 18 0
80
199 199
39 39
58 58
188 188
3 3
52 52
125 125
160 160
12 12
78 78
19 19
32 32
195 195
136 136
116 116
119 119
170 170
197 197
183 183
126 126
31 31
179 179
2 2
94 94
33 33
105 105
74 74
68 68
184 184
143 143
142 142
21 21
24 24
180 180
156 156
157 157
16 16
96 96
0 0
131 131
174 174
115 115
185 185
194 194
103 103
158 158
38 38
69 69
177 177
17 17
46 46
80 80
191 191
86 86
198 198
163 163
4 4
190 190
60 60
8 8
35 35
50 50
192 192
189 189
18 18
29 29
133 133
109 109
178 178
70 70
43 43
159 159
62 62
93 93
51 51
182 182
77 77
193 193
9 9
129 129
