190 1 166 45 153 5 172 192 84 186 169 57 4 176 21 1 34 55 36 0 44 103 168 23 141 7 189 111 30 22 117 68 104 1 56 188 1 99 2 182 123 0 94 113 1 40 0 193 139 101 177 173 27 198 109 102 29 7 181 118 142 1 4 62 4 76 60 10 146 6 47 138 52 61 50 32 54 163 93 164 116 0 136 165 8 67 33 129 83 65 137 1 121 6 38 11 100 179 3 195 3 71 66 185 112 0 149 6 46 156 133 2 69 7 3 108 162 95 152 132 92 106 114 135 190
100
165 165
60 60
146 146
185 185
141 141
138 138
104 104
55 55
192 192
176 176
188 188
29 29
36 36
1 1
34 34
11 11
166 166
123 123
3 3
50 50
62 62
118 118
168 168
182 182
117 117
172 172
142 142
69 69
113 113
109 109
21 21
61 61
112 112
94 94
139 139
54 54
33 33
177 177
2 2
135 135
137 137
27 27
179 179
129 129
133 133
10 10
47 47
162 162
5 5
99 99
76 76
156 156
40 40
38 38
149 149
57 57
95 95
153 153
92 92
23 23
52 52
163 163
100 100
66 66
169 169
71 71
22 22
56 56
121 121
132 132
198 198
186 186
101 101
32 32
195 195
30 30
45 45
84 84
46 46
44 44
181 181
108 108
93 93
67 67
193 193
136 136
8 8
173 173
116 116
106 106
114 114
111 111
152 152
83 83
164 164
103 103
68 68
189 189
102 102
65 65
