Liam Benjamin Joseph Michael James Oliver Benjamin Wyatt Daniel Joseph Jacob Jayden William Mason Noah Aaron Henry Ethan Elijah Mason Sebastian Samuel Michael Carter William Mason Ethan Logan Ethan Jackson Nathan Benjamin Joseph Matthew Elijah James Oliver Alexander Jayden Lucas Liam Aiden James David Jaxon Liam
25
Liam Liam
Noah Noah
William William
James James
Logan Logan
Benjamin Benjamin
Mason Mason
Elijah Elijah
Oliver Oliver
Jacob Jacob
Lucas Lucas
Michael Michael
Alexander Alexander
Ethan Ethan
Daniel Daniel
Matthew Matthew
Aiden Aiden
Henry Henry
Joseph Joseph
Jackson Jackson
Samuel Samuel
Sebastian Sebastian
David David
Carter Carter
Wyatt Wyatt
