Liam Jordan Jack Joshua Lucas Noah Calvin Michael Nolan Elijah Adrian Harrison Bentley Camden Maverick Micah Messiah John Bennett Landon William Beau Dean Maxwell Grayson Maxwell Anthony Angel Jaxson Angel Jaxson Weston Ethan Jonathan Brayden Jonathan Ethan Jonathan Preston Jose Ezra Ezekiel Ezra Jose Ashton Connor Nathan Connor Nathan Kevin Weston Abel Adrian Harrison Jack Joshua John Asher Brayden Gavin Dawson Edward Wyatt Edward Malachi Adam Colton Luca Steven Eric Matteo Ezra Ezekiel Jeremiah Ezekiel Ezra Jose Ashton Grant Antonio Owen Antonio Kaleb Elias Connor Waylon Caleb Elliott Carter Chase Lincoln Chase Aaron Michael Nolan Ryan Xavier Steven James Isaac James Steven Sawyer Eli Sawyer Ian Sawyer Eli Alex Theodore Jude Joseph Jude Zachary Hunter Thomas Nolan Michael Patrick Dean Beau William Beau Eric Diego Joel Andrew Isaiah Hunter Zachary Jude Jace Jude Zachary Richard Aiden Tucker Charles Mason Charles Tucker Colton Adam Malachi Edward Sebastian Edward Tristan Henry Malachi Bryson Leo Jesus Gabriel Jayce Matthew John Messiah Eric Samuel Eric Matteo Ryder Mateo Oscar Levi Oscar Avery Camden David Camden Maverick Anthony Maverick Alex Roman Andrew Logan Andrew Roman Jayden Roman Alex Cooper Grant King Jaxon King Dean Patrick Easton Patrick Michael Rhett Christian Brody Matteo Finn Jacob Finn Luke Kingston Dean Chase Isaac James Steven Xavier Emmett Josiah Julian Matteo Jameson Benjamin Jameson Hudson Jameson Daniel Jameson Matteo Julian Josiah Julian Matteo Eric Greyson Chase Dean Zion Hayden Austin Rowan Theodore Ayden Cole Robert Giovanni Abraham Grayson Alexander Leo Bryson Jordan Andrew Joel Dominic Joel Dylan Andrew Oliver Patrick Christopher Kai Carson Kai Brantley Braxton Jackson Braxton Silas Nicholas Waylon Marcus Parker Justin Kai Chase Carter Jesus Gabriel Cameron Caleb Wesley Jason Joshua Lucas Joshua Jack Jordan Liam Evan Liam
90
Liam Liam
Noah Noah
William William
James James
Logan Logan
Benjamin Benjamin
Mason Mason
Elijah Elijah
Oliver Oliver
Jacob Jacob
Lucas Lucas
Michael Michael
Alexander Alexander
Ethan Ethan
Daniel Daniel
Matthew Matthew
Aiden Aiden
Henry Henry
Joseph Joseph
Jackson Jackson
Samuel Samuel
Sebastian Sebastian
David David
Carter Carter
Wyatt Wyatt
Jayden Jayden
John John
Owen Owen
Dylan Dylan
Luke Luke
Gabriel Gabriel
Anthony Anthony
Isaac Isaac
Grayson Grayson
Jack Jack
Julian Julian
Levi Levi
Christopher Christopher
Joshua Joshua
Andrew Andrew
Lincoln Lincoln
Mateo Mateo
Ryan Ryan
Jaxon Jaxon
Nathan Nathan
Aaron Aaron
Isaiah Isaiah
Thomas Thomas
Charles Charles
Caleb Caleb
Josiah Josiah
Christian Christian
Hunter Hunter
Eli Eli
Jonathan Jonathan
Connor Connor
Landon Landon
Adrian Adrian
Asher Asher
Cameron Cameron
Leo Leo
Theodore Theodore
Jeremiah Jeremiah
Hudson Hudson
Robert Robert
Easton Easton
Nolan Nolan
Nicholas Nicholas
Ezra Ezra
Colton Colton
Angel Angel
Brayden Brayden
Jordan Jordan
Dominic Dominic
Austin Austin
Ian Ian
Adam Adam
Elias Elias
Jaxson Jaxson
Greyson Greyson
Jose Jose
Ezekiel Ezekiel
Carson Carson
Evan Evan
Maverick Maverick
Bryson Bryson
Jace Jace
Cooper Cooper
Xavier Xavier
Parker Parker
