Liam Isaiah Joseph Mateo Alexander Oliver Logan William Aiden Julian Dylan Owen Dylan Thomas James Thomas Dylan Ayden Carter Benjamin Sawyer John Chase Jaxson Mason Jayden Cooper Matthew Ian Adrian Elijah William Logan Christian Henry Jonathan Jeremiah Xavier Wyatt Eli Lucas Noah Jaxson Michael Jaxson Noah Luke Christopher Chase Jacob Jordan Mateo Sebastian David Sebastian Josiah Caleb Daniel Isaiah Liam Ayden Jackson Ayden Ethan Brayden Samuel Carter Ayden Liam
30
Liam Liam
Noah Noah
William William
James James
Logan Logan
Benjamin Benjamin
Mason Mason
Elijah Elijah
Oliver Oliver
Jacob Jacob
Lucas Lucas
Michael Michael
Alexander Alexander
Ethan Ethan
Daniel Daniel
Matthew Matthew
Aiden Aiden
Joseph Joseph
Jackson Jackson
Samuel Samuel
Sebastian Sebastian
David David
Carter Carter
Wyatt Wyatt
Jayden Jayden
John John
Owen Owen
Dylan Dylan
Luke Luke
Jonathan Henry
