0 20 53 195 79 12 36 12 32 99 42 35 8 57 40 91 1 49 77 122 7 113 39 18 81 58 71 52 74 21 96 16 54 80 19 69 41 30 55 97 27 87 47 67 5 60 92 64 73 122 95 3 88 10 61 25 38 14 24 56 22 72 97 26 93 50 65 76 33 84 19 9 181 4 79 63 13 153 31 5 44 48 46 2 29 75 11 177 82 94 181 85 62 34 21 45 80 66 196 37 68 180 23 43 79 28 90 98 29 44 60 83 80 33 17 78 6 51 106 86 15 89 59 70 44 92 44 0
100
66 66
31 31
93 93
36 36
74 74
59 59
22 22
99 99
62 62
43 43
41 41
77 77
50 50
58 58
60 60
15 15
49 49
45 45
95 95
4 4
1 1
44 44
75 75
18 18
96 96
37 37
67 67
76 76
79 79
38 38
92 92
29 29
19 19
71 71
27 27
73 73
28 28
34 34
7 7
17 17
63 63
0 0
47 47
97 97
40 40
84 84
61 61
20 20
85 85
80 80
98 98
53 53
72 72
52 52
46 46
64 64
78 78
30 30
89 89
57 57
35 35
23 23
82 82
32 32
68 68
25 25
91 91
54 54
48 48
10 10
56 56
83 83
55 55
33 33
81 81
86 86
2 2
51 51
94 94
90 90
6 6
5 5
8 8
24 24
70 70
87 87
9 9
12 12
14 14
39 39
16 16
65 65
42 42
11 11
3 3
21 21
69 69
26 26
13 13
88 88
