pump valley range parallel leadership literature novel physical performance title preoccupation park prospect need unanimous float connection packet sentiment innovation formulate ghost plug judicial appearance guideline sacrifice ensure consideration diagram privilege rock overlook brain polish aspect descent linger category engineer button separate distributor reflection forest wage gloom fairy sweet hallway survival hierarchy anger impound tip feign line ground depressed wear pray mouse mud exercise lemon lot pipe reject pedestrian admiration attractive affect row sit sticky freedom minor pursuit nominate genetic pump
78
guideline guideline
ensure ensure
hallway hallway
sticky sticky
impound impound
physical physical
category category
tip tip
range range
prospect prospect
literature literature
distributor distributor
row row
sweet sweet
rock rock
pipe pipe
nominate nominate
mouse mouse
appearance appearance
lemon lemon
fairy fairy
mud mud
anger anger
brain brain
unanimous unanimous
consideration consideration
reflection reflection
plug plug
preoccupation preoccupation
linger linger
minor minor
sentiment sentiment
depressed depressed
parallel parallel
feign feign
sacrifice sacrifice
wage wage
affect affect
reject reject
innovation innovation
admiration admiration
overlook overlook
freedom freedom
aspect aspect
ground ground
polish polish
park park
button button
line line
pedestrian pedestrian
engineer engineer
wear wear
pursuit pursuit
exercise exercise
float float
gloom gloom
attractive attractive
separate separate
title title
formulate formulate
diagram diagram
judicial judicial
performance performance
pray pray
forest forest
need need
pump pump
genetic genetic
valley valley
descent descent
packet packet
lot lot
hierarchy hierarchy
ghost ghost
leadership leadership
privilege privilege
sit sit
survival survival
