paint ambiguous glamorous ray desire blade route slam imported diligent nutty stink same floor inherit rake finish indicate ice determine complain wooden measure thumb learning paint
25
ambiguous ambiguous
rake rake
blade blade
inherit inherit
paint paint
desire desire
nutty nutty
ice ice
floor floor
thumb thumb
finish finish
measure measure
indicate indicate
ray ray
diligent diligent
same same
determine determine
glamorous glamorous
slam slam
route route
imported imported
complain complain
learning learning
stink stink
wooden wooden
