7FD578 1AC5CE 0FED38 309D1E 6CAF19 309D1E 2FBF68 3E0BDD 2C376F E5D023 19E454 61D740 19E454 B40756 877D0E 309D1E 8633C5 1EE680 01684B 859C0E 17BEF0 7FD578 FF39A5 981760 62DE79 C03738 EEEA40 9F01C8 9A65B7 6C7BF0 1176C9 853F1A A085DD F94356 6C7BF0 9A65B7 01684B 853F1A 1BD5F4 2E60FC 2FBF68 309D1E 2C376F E5D023 9B7F16 57CBDE 7B7BDE 4BCD0B F4C859 66B94B 0FED38 6C7BF0 1176C9 853F1A 7FD578
24
01684B 01684B
6CAF19 6CAF19
7B7BDE 7B7BDE
B40756 B40756
F4C859 F4C859
A085DD A085DD
981760 981760
E5D023 E5D023
9B7F16 9B7F16
1BD5F4 1BD5F4
3E0BDD 3E0BDD
1EE680 1EE680
1AC5CE 1AC5CE
6C7BF0 6C7BF0
1176C9 1176C9 E27C41
2C376F 2C376F
859C0E 859C0E
61D740 61D740
FF39A5 FF39A5
9F01C8 9F01C8
877D0E 877D0E
2E60FC 2E60FC
66B94B 66B94B
EEEA40 EEEA40
