188645 0FB66D FF8D45 298FDD 318BA7 D04F40 DD2694 DBDC9A 94D700 3ADA02 FA567E 784F83 AE6906 07D80A B0C7A5 84EBFF 0FBCDC 0A5C0E 298FDD 0D7DE7 724A76 0D7DE7 61EDA9 E09D29 17A825 673B36 D443EB D7CAF9 2F1AB5 8D0852 37F745 561BC2 657F93 B7B073 A7E9D9 673B36 628AB2 CEAE00 0FB66D FA567E 7E18E9 318BA7 2C101C F53049 994F93 0801CC 1276AF 2EA2EE E954F7 AD298D 44716B 48C2D5 D27DC1 9B0EC2 AD298D B0C7A5 539A92 37F745 B833F0 AD298D DDF3EB 800641 35FF16 A5CCB5 2F1AB5 9B9BDD 2F1AB5 FA567E C98FE7 17A825 673B36 A7E9D9 3AA8C5 EF4D57 3AA8C5 3B1041 3AA8C5 0D7DE7 467AB7 44716B DF9F85 4FBDE1 DF9F85 143B88 AA8E14 35F60D 17A825 19FFAB 17A825 410DA1 94D700 D01E6B 29B2A4 D01E6B 7A7E10 CB09C0 36D08C AFF8D1 AD298D FA567E 3ADA02 FA567E 3AA8C5 6D778A 36D08C 500783 1EB422 FD1783 0D7DE7 318BA7 188645
49
84EBFF 84EBFF
FD1783 FD1783
19FFAB 19FFAB
29B2A4 29B2A4
DBDC9A DBDC9A
500783 500783
94D700 94D700
467AB7 467AB7
188645 188645
CB09C0 CB09C0
AA8E14 AA8E14
4FBDE1 4FBDE1
539A92 539A92
D7CAF9 D7CAF9
48C2D5 48C2D5
A7E9D9 A7E9D9
E954F7 E954F7
DD2694 DD2694
D01E6B D01E6B
800641 800641
C98FE7 C98FE7
784F83 784F83
0A5C0E 0A5C0E
9B9BDD 9B9BDD
9B0EC2 9B0EC2
994F93 994F93
07D80A 07D80A
724A76 724A76
6D778A 6D778A
0FBCDC 0FBCDC
B833F0 B833F0
B7B073 B7B073
D04F40 D04F40
3B1041 3B1041
8D0852 8D0852
E09D29 E09D29
0FB66D 0FB66D
2C101C 2C101C
D443EB D443EB
AFF8D1 AFF8D1
3ADA02 3ADA02 D5356A
628AB2 628AB2
1276AF 1276AF
FF8D45 FF8D45
A5CCB5 A5CCB5
EF4D57 EF4D57
7E18E9 7E18E9
44716B 44716B
37F745 37F745
