F1E81B 7D997B 596CF6 1977E0 6966D7 5D0E2E 5BB557 846159 1E1095 2334E8 851F90 2CA4AD 396D53 7E1C6C 4A5708 E2CE9F BB40E6 4CAD30 94A561 20EAE7 1977E0 112AE7 0CBC31 A9F1B8 151BC9 825EC5 AD0427 C9AF85 AD0427 6B622D 6F492E 4CAD30 EB719D 8417C8 91A0DC 59843B 8F17C0 E81014 2595F1 239994 6F492E D1967A 6825D4 66048A 90451D AD0427 D337F2 17BB75 9096DB 112AE7 BB4908 6CAF46 573788 239994 8EBF8A A94B37 28F6D1 6CAF46 FFFD4B EB8E2E 0F5860 1111F7 770D1A AD0427 C3B3E7 086D53 DE6899 E63884 E51A66 6CAF46 5F4E43 53C6C8 86493E 8015E0 93EBE3 E63884 4A28BA DD07FF 6D51F4 086D53 8015E0 3C5D7A 8B6C2F CD2CA7 CC9C14 F3EDB3 DCE144 06C557 813B05 191510 7E78F3 580DB7 ABD8FE 7829D7 10520F 77A0B5 DEC4F2 B69F55 1F842B 17779E 580DB7 230A7C 85D6DB BF6302 8BFCAC 086D53 17BB75 4B97F1 14994D 462226 4099A6 52C88C 1D21D3 8F495E 1D21D3 C18C9B 17BB75 AEFF96 4A28BA F33196 48EA33 B7F75A 6CAF46 AD0427 3B4B53 6B340B 2FEDFB CDC6D4 783751 7E1C6C 490F1E 48EA33 E80628 E2CE9F CEAC59 DEC4F2 E5E6C0 EB719D C3EF62 10520F 2BF7B5 5D0E2E 36C862 AEFF96 D6CC7A 2334E8 685D1A EB719D 614224 FB0EF2 6E313C BDE94D 61199E C45E71 29D5D7 8015E0 E3C2C9 3B4B53 6B340B 825EC5 305D33 CD2CA7 FFEEBD 2595F1 D4A75D 124C90 63361A 5FD658 2CCB19 614224 490F1E 7E1C6C 4CAD30 5C7062 BF6302 C4303B 825EC5 1D21D3 AE4A01 CD2CA7 8F17C0 E33276 293D59 4B3F8A A1F104 002274 8B519F 2595F1 36590B 17BB75 17779E B47658 5FD658 47FACD B27903 14B430 2CF818 1F842B EAD0E3 124C90 F1E81B
100
573788 573788
29D5D7 29D5D7
8015E0 8015E0
17779E 17779E
D337F2 D337F2
CEAC59 CEAC59
AE4A01 AE4A01
D1967A D1967A
B47658 B47658
230A7C 230A7C
1F842B 1F842B
47FACD 47FACD
C3EF62 C3EF62
E81014 E81014
A1F104 A1F104
52C88C 52C88C
E5E6C0 E5E6C0
6B340B 6B340B
2CCB19 2CCB19
AEFF96 AEFF96
851F90 851F90
8BFCAC 8BFCAC
E51A66 E51A66
396D53 396D53
9096DB 9096DB
596CF6 596CF6
8F495E 8F495E
4099A6 4099A6
F33196 F33196
FFEEBD FFEEBD
614224 614224
94A561 94A561
305D33 305D33
C18C9B C18C9B
151BC9 151BC9
36C862 36C862
93EBE3 93EBE3
C9AF85 C9AF85
6B622D 6B622D
783751 783751
CC9C14 CC9C14
66048A 66048A
770D1A 770D1A
20EAE7 20EAE7
6E313C 6E313C
E80628 E80628
4B97F1 4B97F1
0CBC31 0CBC31
8B6C2F 8B6C2F
0F5860 0F5860
685D1A 685D1A
61199E 61199E
1E1095 1E1095
2BF7B5 2BF7B5
59843B 59843B
4A28BA 4A28BA
5BB557 5BB557
90451D 90451D
5F4E43 5F4E43
5C7062 5C7062
C4303B C4303B
8B519F 8B519F
7829D7 7829D7
B7F75A B7F75A
14994D 14994D
6D51F4 6D51F4
239994 239994
2FEDFB 2FEDFB
813B05 813B05
8417C8 8417C8
DCE144 DCE144
D4A75D D4A75D
7E78F3 7E78F3
4CAD30 4CAD30
28F6D1 28F6D1
6966D7 6966D7
7E1C6C 7E1C6C
8EBF8A 8EBF8A
B69F55 B69F55
F1E81B F1E81B
C3B3E7 C3B3E7
3B4B53 3B4B53
D6CC7A D6CC7A
86493E 86493E
85D6DB 85D6DB
4A5708 4A5708
490F1E 490F1E
FFFD4B FFFD4B
BB40E6 BB40E6
DE6899 DE6899
293D59 293D59
14B430 14B430
8F17C0 8F17C0
E3C2C9 E3C2C9
BB4908 BB4908
77A0B5 77A0B5
124C90 124C90
ABD8FE ABD8FE
63361A 63361A
36590B 36590B
