maintenance salad marketing action income software example competition style farmer complaint volume depression version wife sign feature chocolate future context cause farmer war philosophy description reputation inspection map price difficulty economy decision average depression photo measurement day account class beer salad selection focus population description woman chocolate sign contract church volume chest sister rate chest career maintenance resolution bread volume selection driver maintenance difficulty feature property role description movie cause obligation cause rock object maintenance
50
philosophy philosophy
object object
competition competition
war war
style style
church church
wife wife
sign sign
complaint complaint
sister sister
cause cause
economy economy
contract contract
price price
rate rate
income income
role role
driver driver
career career
inspection inspection
average average
focus focus
action action
reputation reputation
account account
movie movie
description description
day day
depression depression
chest chest
beer beer
salad salad
photo photo
difficulty difficulty
context context
maintenance maintenance
population population
version version
example example
resolution resolution
rock rock
marketing marketing
future future
feature feature
obligation obligation
bread bread
volume volume
property property
selection selection
woman woman
