engine bath promotion bath secretary side stranger politics girl mind finding failure reputation tension drawing feedback drawer speech engine choice beginning director view engineering equipment grandmother performance step poetry office figure teacher extent sympathy ear problem situation teaching error analyst extent two age buyer engine editor song dealer worker menu practice light volume emphasis card engine process chapter tool accident girl section bus engine business supermarket fact answer poetry difficulty tooth stranger idea age member equipment area aspect effort piano temperature statement series finding source class age country strategy eye poetry tax meal error measurement extent police extent war singer age significance stranger sport flight material funeral network flight network ratio theory data delivery money dirt energy age interaction statement standard network age beer age departure time satisfaction equipment clothes significance reputation machine poetry variation feedback preparation birth education town age moment stranger space model error bath understanding age leadership bath engine
100
business business
light light
beginning beginning
secretary secretary
drawer drawer
promotion promotion
piano piano
space space
volume volume
speech speech
member member
office office
meal meal
model model
situation situation
standard standard
beer beer
understanding understanding
teaching teaching
worker worker
chapter chapter
machine machine
teacher teacher
time time
preparation preparation
engine engine
card card
choice choice
emphasis emphasis
reputation reputation
satisfaction satisfaction
leadership leadership
politics politics
tax tax
aspect aspect
birth birth
grandmother grandmother
departure departure
money money
performance performance
age age
significance significance
accident accident
difficulty difficulty
interaction interaction
data data
failure failure
class class
eye eye
view view
two two
step step
fact fact
sympathy sympathy
mind mind
country country
engineering engineering
moment moment
funeral funeral
figure figure
editor editor
director director
song song
area area
section section
energy energy
problem problem
buyer buyer
measurement measurement
source source
war war
process process
tension tension
tooth tooth
ear ear
clothes clothes
police police
drawing drawing
tool tool
answer answer
singer singer
education education
side side
variation variation
error error
ratio ratio
analyst analyst
menu menu
delivery delivery
town town
idea idea
series series
sport sport
bus bus
material material
dirt dirt
dealer dealer
girl girl
temperature temperature
flight flight
