context potato thanks anxiety bedroom bit wood construction ability construction road interaction fat store farmer car while state priority soil bread technology bit technology aspect teaching study departure reality satisfaction currency price attempt care part satisfaction context
25
care care
context context
while while
currency currency
reality reality
bedroom bedroom
wood wood
bit bit
ability ability
interaction interaction
farmer farmer
construction construction
teaching teaching
soil soil
state state
satisfaction satisfaction
store store
attempt attempt
departure departure
fat fat
thanks thanks
bread bread
anxiety anxiety
aspect aspect
road road
