S AB BC A BH A AA Q BS AW BO I BG K BZ K AM A BQ A CC A BD A BX A AI U BK W BR T D AZ A BB L CV E AJ AC CU A CA A BW K CI K CP AN CQ J BP K CO K BI A Z A CS I CW I BJ A CD CB AF A AL A BV M CE G BM N AE A BF A BL B AR C AK A AS I CL AB CM F AV H AX B CR A AQ V AU I BN I BE O X R AY A CK I CN A CF P AP CT AT A BT A CJ A BU A BY A AH A BA A AO K CH I AD A Y A AG A S
100
A A
B B
C C
D D
E E
F F
G G
H H
I I
J J
K K
L L
M M
N N
O O
P P
Q Q
R R
S S
T T
U U
V V
W W
X X
Y Y
Z Z
AA AA
AB AB
AC AC
AD AD
AE AE
AF AF
AG AG
AH AH
AI AI
AJ AJ
AK AK
AL AL
AM AM
AN AN
AO AO
AP AP
AQ AQ
AR AR
AS AS
AT AT
AU AU
AV AV
AW AW
AX AX
AY AY
AZ AZ
BA BA
BB BB
BC BC
BD BD
BE BE
BF BF
BG BG
BH BH
BI BI
BJ BJ
BK BK
BL BL
BM BM
BN BN
BO BO
BP BP
BQ BQ
BR BR
BS BS
BT BT
BU BU
BV BV
BW BW
BX BX
BY BY
BZ BZ
CA CA
CB CB
CC CC
CD CD
CE CE
CF CF
CH CH
CI CI
CJ CJ
CK CK
CL CL
CM CM
CN CN
CO CO
CP CP
CQ CQ
CR CR
CS CS
CT CT
CU CU
CV CV
CW CW
