Bowles Mulford Crescent Mulford Latimer Bechtel Cory Jacob TopDog Starbucks Chipotle Starbucks TopDog Jacob Foothill Davis Hildebrand YogurtPark Hildebrand Davis Foothill Jacob Cory Bechtel Baker Strada RoseGarden Strada Baker Bechtel Cory Jacob Hertz CVStarr Unit3 CKerr Ridge CKerr Unit3 CVStarr Hertz Jacob Evan Moffitt Cloyne Moffitt Evan Jacob Foothill Dwinelle HearstAnnex Dwinelle Foothill Jacob Cory Stanley LeConte Campanile Wurster Zellerbach Wurster Campanile LeConte Stanley Cory Bechtel Birge Bowles Calvin Graduate Calvin Etcheverry Calvin Bowles Birge Bechtel Cory Jacob Hertz CVStarr Unit3 CKerr WayWest CKerr Unit3 CVStarr Hertz Jacob Hearst MLK Rochdale MLK Hearst Jacob Foothill Haviland Morgan Haviland Foothill Jacob Cory Stanley Moses Wellman Sutardja Wellman Moses Stanley Cory Jacob Foothill Dwinelle HearstAnnex Lothlorien HearstAnnex Dwinelle Foothill Jacob Cory Stanley LeConte VLSB Boalt Kresge Castro Kresge Boalt VLSB LeConte Stanley Moses RareTea Gypsys RareTea Moses SigmaOmicronPi Marugame Memorial Maxwell Memorial Minor Bechtel Birge Bechtel Cory Jacob Hertz CVStarr Unit3 CVStarr Hertz Jacob Evan Blackwell McLaughlin GenPlantBio McLaughlin Blackwell Evan Jacob Foothill Dwinelle Haas Pavilion Haas Crossroads Lawrence UCTheatre NCEM UCTheatre Lawrence Crossroads Haas Dwinelle Foothill Jacob Cory Bechtel Minor Memorial Maxwell Barrows Maxwell Memorial Minor Bechtel Cory Extension Cory Stanley Campbell Stanley Moses Greek Unit2 Wolf StrawberryCreek Wilde Bechtel Baker Simons Baker Bechtel Cory Jacob Foothill Davis Browns Davis Foothill Jacob TopDog Starbucks Chipotle MFoundry Chipotle Starbucks TopDog Jacob Evan SigmaPhiOmega BearFoodCourt Hargrove MemorialStadium Campbell Doe Campbell Stanley LeConte Campanile Bongo ShengKee Bongo Campanile LeConte Stanley Cory Bechtel Latimer Edwards Easterly Edwards Latimer Bechtel Baker Strada Baker Bechtel Cory Jacob Foothill Jacob Cory Stanley Moses Greek Stebbins Safeway Stebbins Greek Moses Pimentel South Latimer Edwards Latimer South Pimentel Moses Greek Moses Stanley Cory Bechtel Baker Daiso Baker Bechtel Cory Stanley LeConte Campanile Bongo Campanile Wurster McCone Spats Stonefire PiLambda PiAlphaPhi PiLambda Stonefire Spats McCone Wurster Campanile LeConte RSF LeConte Campanile Wurster McCone Spats McCone Wurster Campanile LeConte Stanley Cory Bechtel Latimer Mulford Latimer Bechtel Cory Jacob Foothill Haviland Morgan Martinez Morgan Haviland Foothill Jacob Cory Bechtel Baker Bechtel Cory Stanley LeConte VLSB Chez NorthGate Chez VLSB LeConte Stanley Moses Stanley Campbell Koshland Campbell Stanley LeConte Campanile Bongo Artichokes Cheeseboard Artichokes Bongo Campanile LeConte Stanley Cory Jacob TopDog Fenwick Barker Fenwick TopDog Jacob Cory Stanley LeConte VLSB Boalt VLSB LeConte Stanley Moses Greek Unit2 Wolf Unit2 Greek Moses Pimentel Stacks Sherman Stacks Pimentel Moses SigmaOmicronPi Marugame Memorial AlphaSigmaPhi Memorial TacoBell Memorial Minor Bechtel Wilde Bechtel Cory Stanley LeConte Campanile Wurster McCone Spats Stonefire PiLambda Stonefire Spats McCone Wurster Campanile LeConte ALS LeConte VLSB Boalt Kresge PeoplesPark Kresge Boalt VLSB LeConte Stanley Cory Jacob TopDog GammaPhiBeta TopDog Jacob Hertz CVStarr Unit3 CKerr Unit3 CVStarr Hertz Jacob Evan Jacob Cory Stanley LeConte Campanile LeConte Stanley Moses Greek Unit2 Milano IndianRock Milano Unit2 Wolf StrawberryCreek Wilde Bechtel Birge Bowles LaVals Bowles Birge Bechtel Cory Jacob Foothill Dwinelle Haas Crossroads Haas Dwinelle Foothill Unit1 Foothill Jacob Cory Stanley Moses Wellman Moses Stanley Cory Bechtel Birge Bowles
80
Evan Evan
Foothill Foothill
Campbell Campbell
Doe Doe
Birge Birge
Campanile Campanile
Moses Moses
VLSB VLSB
Wellman Wellman
Koshland Koshland
Mulford Mulford
HearstAnnex HearstAnnex
RSF RSF
Haas Haas
Boalt Boalt
Wurster Wurster
Unit1 Unit1
Blackwell Blackwell
Zellerbach Zellerbach
Greek Greek
Maxwell Maxwell
Calvin Calvin
Etcheverry Etcheverry
Sutardja Sutardja
Kresge Kresge
Hildebrand Hildebrand
Morgan Morgan
Baker Baker
Barrows Barrows
Unit2 Unit2
Unit3 Unit3
CKerr CKerr
Martinez Martinez
WayWest WayWest
Pavilion Pavilion
Stacks Stacks
Simons Simons
PeoplesPark PeoplesPark
LaVals LaVals
Bongo Bongo
TacoBell TacoBell
Strada Strada
Edwards Edwards
Crossroads Crossroads
Browns Browns
Safeway Safeway
Gypsys Gypsys
Graduate Graduate
Daiso Daiso
YogurtPark YogurtPark
ShengKee ShengKee
Rochdale Rochdale
Cloyne Cloyne
Ridge Ridge
Lothlorien Lothlorien
Wilde Wilde
Castro Castro
Sherman Sherman
Wolf Wolf
Spats Spats
Crescent Crescent
Chipotle Chipotle
IndianRock IndianRock
NorthGate NorthGate
Extension Extension
UCTheatre UCTheatre
Cheeseboard Cheeseboard
RoseGarden RoseGarden
StrawberryCreek StrawberryCreek
GenPlantBio GenPlantBio
Barker Barker
Easterly Easterly
BearFoodCourt BearFoodCourt
AlphaSigmaPhi AlphaSigmaPhi
GammaPhiBeta GammaPhiBeta
PiLambda PiLambda
PiAlphaPhi PiAlphaPhi
MFoundry MFoundry
NCEM NCEM
ALS ALS
