Soda H1 Soda H2 Soda H3 Soda H4 Soda H5 Soda H7 Soda H8 Soda H9 Soda H10 Soda H11 Soda H12 Soda H13 Soda H15 Soda H17 Soda H18 Soda H19 Soda H21 Soda H24 Soda H26 Soda H27 P27 P28 P29 H29 Soda H30 Soda H31 Soda H32 Soda H33 Soda H34 Soda H35 Soda H36 Soda H37 Soda H38 Soda H39 Soda H40 Soda H41 Soda H43 P43 H43 Soda H45 Soda H46 P46 P47 P48 H48 Soda H49 Soda H50 Soda H51 Soda H52 Soda H53 Soda H54 Soda H55 Soda H56 Soda H57 Soda H58 Soda H59 Soda H60 Soda H61 Soda H62 Soda H63 Soda H64 P64 P65 P66 H66 Soda H67 Soda H68 Soda H69 Soda H70 Soda H71 Soda H72 Soda H73 Soda H74 Soda H75 Soda H76 Soda H77 Soda H78 Soda H79 Soda H80 Soda H81 Soda H82 Soda H83 Soda H85 Soda H86 Soda H87 Soda H88 Soda H89 Soda H90 Soda H91 Soda H92 Soda H93 P93 P94 P95 H95 Soda H97 Soda H98 Soda H99 Soda
90
H1 H1
H2 H2
H3 H3
H4 H4
H5 H5
H7 H7
H8 H8
H9 H9
H10 H10
H11 H11
H12 H12
H13 H13
H15 H15
H17 H17
H18 H18
H19 H19
H21 H21
H24 H24
H26 H26
H27 H27
H29 H29
H30 H30
H31 H31
H32 H32
H33 H33
H34 H34
H35 H35
H36 H36
H37 H37
H38 H38
H39 H39
H40 H40
H41 H41
H43 H43
H45 H45
H46 H46
H48 H48
H49 H49
H50 H50
H51 H51
H52 H52
H53 H53
H54 H54
H55 H55
H56 H56
H57 H57
H58 H58
H59 H59
H60 H60
H61 H61
H62 H62
H63 H63
H64 H64
H66 H66
H67 H67
H68 H68
H69 H69
H70 H70
H71 H71
H72 H72
H73 H73
H74 H74
H75 H75
H76 H76
H77 H77
H78 H78
H79 H79
H80 H80
H81 H81
H82 H82
H83 H83
H85 H85
H86 H86
H87 H87
H88 H88
H89 H89
H90 H90
H91 H91
H92 H92
H93 H93
H95 H95
H97 H97
H98 H98
H99 H99
Soda H44 H84 H96 H14 H6 H25 H23 H22 H16 H20
P65 H65
P94 H94
P47 H47
P28 H28
P43 H42
