Soda H1 P1 P2 H2 Soda H3 Soda H4 Soda H5 Soda H6 Soda H8 Soda H9 Soda H10 Soda H11 Soda H12 Soda H13 Soda H15 Soda H16 Soda H17 Soda H19 Soda H21 Soda H23 Soda H24 Soda H25 Soda H27 Soda H28 Soda H29 P29 P30 P31 H31 Soda H32 P32 P33 P34 H34 Soda H35 Soda H36 Soda H37 Soda H38 Soda H39 Soda H41 Soda H42 Soda H45 Soda H46 Soda H47 Soda H48 Soda H49 Soda
41
H2 H2
H3 H3
H4 H4
H5 H5
H6 H6
H8 H8
H9 H9
H10 H10
H11 H11
H12 H12
H13 H13
H15 H15
H16 H16
H17 H17
H19 H19
H21 H21
H23 H23
H24 H24
H25 H25
H27 H27
H28 H28
H29 H29
H31 H31
H32 H32
H34 H34
H35 H35
H36 H36
H37 H37
H38 H38
H39 H39
H41 H41
H42 H42
H45 H45
H46 H46
H47 H47
H48 H48
H49 H49
Soda H22 H14 H7 H44 H18 H43 H26 H40 H20
P30 H30
P33 H33
P1 H1
