0 5 13 49 12 24 41 23 32 44 26 42 45 0 50 52 56 65 94 65 56 66 56 52 50 0 5 34 14 25 55 61 83 61 55 25 14 8 0 50 52 56 66 98 66 56 52 50 0 24 21 24 0 50 54 59 54 50 0 8 33 8 0 50 54 59 77 59 54 50 51 55 62 55 25 23 25 55 51 50 52 56 67 56 66 97 66 56 52 50 53 58 73 58 6 12 20 46 39 13 5 0 50 54 50 53 58 71 58 6 42 26 48 7 30 11 6 22 10 28 25 19 21 24 0 50 52 56 65 95 65 56 52 50 0 5 42 40 22 6 58 74 58 53 50 54 59 78 59 54 50 51 55 60 55 63 55 25 15 35 15 25 55 64 93 64 55 25 37 25 55 61 84 61 55 64 92 64 55 51 50 52 56 65 56 52 50 53 58 70 10 31 32 90 32 44 2 25 55 62 55 25 37 12 24 0
49
20 20
93 93
42 42
32 32
11 11
60 60
49 49
71 71
78 78
98 98
70 70
66 66
90 90
52 52
94 94
19 19
95 95
25 25
73 73
14 14
35 35
83 83
54 54
26 26
39 39
37 37
74 74
33 33
59 59
21 21
48 48
10 10
84 84
62 62 87
55 55
12 12
67 67
23 23
77 77
63 63
41 41
92 92
2 2
34 34
45 45
40 40
97 97
31 31
65 96
