86 67 114 8 114 52 114 32 175 32 15 18 51 18 84 62 112 159 32 88 151 80 194 80 151 88 181 12 123 12 48 143 6 143 25 140 147 113 147 158 147 186 72 95 156 62 130 167 65 146 65 167 130 166 154 60 8 23 185 23 169 23 39 177 165 75 165 180 101 7 23 8 79 21 79 187 35 68 22 67 54 111 70 57 70 114 93 114 70 107 61 15 40 64 40 122 49 19 49 12 79 137 79 12 62 89 136 94 136 91 147 45 147 160 131 10 9 62 192 151 88 199 15 40 55 132 55 133 86 125 49 12 142 111 129 171 97 37 73 186 120 86 67 22 102 78 148 98 62 9 110 9 171 2 63 143 181 12 48 61 69 61 15 18 88 27 88 151 17 151 88 18 15 36 70 63 145 63 142 4 179 4 130 3 37 73 37 126 32 157 32 181 9 13 109 161 184 108 34 47 20 82 20 47 139 47 20 38 135 131 126 98 104 24 168 189 168 24 104 61 71 67 140 25 183 190 1 81 188 47 41 47 139 186 26 83 140 25 153 25 64 103 5 98 173 98 115 182 92 133 39 149 12 48 143 63 74 63 128 42 11 37 188 71 78 76 111 70 117 70 114 105 114 29 186 196 131 135 138 12 181 161 163 161 108 44 108 61 30 61 118 55 66 60 87 102 78 198 67 115 53 115 97 58 28 58 116 78 131 121 55 133 152 133 55 68 90 68 25 150 161 180 106 180 49 78 14 78 131 172 56 172 186 200 100 182 96 174 96 182 92 133 86
100
1 1
2 2
5 5
6 6
8 8
10 10
11 11
13 13
14 14
17 17
19 19
21 21
22 22
26 26
27 27
28 28
30 30
35 35
36 36
38 38
41 41
44 44
45 45
48 48
51 51
52 52
53 53
54 54
56 56
57 57
64 64
66 66
69 69
71 71
72 72
73 73
74 74
75 75
76 76
82 82
84 84
87 87
89 89
90 90
91 91
92 92
93 93
94 94
97 97
100 100
101 101
105 105
106 106
107 107
110 110
113 113
116 116
117 117
120 120
121 121
122 122
123 123
125 125
126 126
129 129
132 132
137 137
138 138
139 139
140 140
145 145
146 146
148 148
149 149
150 150
152 152
153 153
154 154
156 156
157 157
158 158
159 159
160 160
163 163
169 169
173 173
174 174
175 175
177 177
179 179
181 181
183 183
184 184
185 185
189 189
192 192
194 194
196 196
198 198
199 199
