3 21 3 55 27 72 23 44 46 82 42 13 17 10 86 98 4 75 4 19 4 66 11 70 38 53 48 100 48 22 81 15 35 99 1 79 36 2 14 48 8 48 87 48 43 4 67 3 12 3 6 64 71 64 20 55 85 93 88 61 25 61 88 93 85 55 91 24 86 31 35 99 40 54 84 45 84 11 62 48 49 48 14 69 96 69 5 50 26 76 18 68 83 58 83 69 6 18 9 13 33 69 63 35 57 55 41 83 80 73 80 29 80 27 97 56 89 77 7 10 90 30 52 35 94 77 60 3 32 3
50
1 1
6 6
7 7
8 8
9 9
12 12
14 14
15 15
17 17
19 19
21 21
22 22
23 23
24 24
25 25
27 27
29 29
31 31
32 32
33 33
36 36
40 40
41 41
42 42
43 43
45 45
46 46
49 49
50 50
52 52
53 53
56 56
57 57
58 58
60 60
63 63
66 66
67 67
68 68
70 70
71 71
73 73
75 75
76 76
87 87
90 90
94 94
96 96
98 98
100 100
