1 2 124 162 31 89 70 4 83 37 42 3 58 1 87 1 106 59 1 10 3 53 103 2 184 167 3 4 88 92 6 34 20 18 136 9 68 61 133 1 56 2 139 131 26 126 1 116 164 4 144 156 5 9 84 8 1 57 51 2 16 141 1 111 150 97 2 33 200 110 4 99 129 13 80 35 1 127 189 60 6 130 21 177 2 137 2 85 2 44 171 6 49 95 182 55 1 50 77 41 6 27 36 143 74 2 81 176 169 140 3 47 86 69 193 157 174 165 7 138 82 151 2 198 161 11 159 75 4 101 102 1
97
1 1
2 2
3 3
6 6
8 8
9 9
10 10
13 13
16 16
20 20
21 21
26 26
27 27
31 31
33 33
34 34
35 35
36 36
37 37
41 41
42 42
44 44
47 47
49 49
50 50
51 51
53 53
55 55
56 56
57 57
58 58
59 59
60 60
61 61
68 68
69 69
70 70
74 74
75 75
77 77
80 80
81 81
82 82
83 83
84 84
85 85
86 86
87 87
88 88
89 89
92 92
95 95
97 97
99 99
101 101
102 102
103 103
106 106
110 110
111 111
116 116
124 124
126 126
127 127
129 129
130 130
131 131
133 133
136 136
137 137
138 138
139 139
140 140
141 141
143 143
144 144
150 150
151 151
156 156
157 157
159 159
161 161
162 162
164 164
165 165
167 167
169 169
171 171
174 174
176 176
177 177
182 182
184 184
189 189
193 193
198 198
200 200
