31 146 46 151 12 57 35 64 134 148 78 67 32 6 42 120 137 170 198 164 173 184 195 168 199 179 186 197 191 169 171 180 188 38 106 86 58 66 90 125 77 127 69 107 112 29 89 52 128 28 110 99 65 167 175 196 160 7 105 33 83 121 147 93 49 4 47 82 103 68 140 13 119 34 30 138 81 14 131 115 141 60 20 149 94 88 80 9 27 117 123 22 152 45 108 143 74 21 114 48 156 31
100
175 175
127 127
78 78
93 93
58 58
66 66
167 167
69 69
160 160
195 195
13 13
65 65
32 32
198 198
197 197
173 173
77 77
20 20
38 38
80 80
81 81
147 147
82 82
120 120
125 125
196 196
22 22
180 180
105 105
108 108
46 46
119 119
117 117
49 49
114 114
143 143
21 21
94 94
106 106
74 74
90 90
60 60
88 88
48 48
14 14
169 169
148 148
184 184
151 151
112 112
179 179
110 110
27 27
86 86
140 140
34 34
138 138
7 7
134 134
107 107
123 123
128 128
30 30
168 168
103 103
188 188
35 35
99 99
137 137
4 4
156 156
164 164
47 47
28 28
170 170
64 64
12 12
6 6
186 186
67 67
89 89
146 146
9 9
33 33
141 141
57 57
115 115
191 191
42 42
152 152
149 149
29 29
68 68
45 45
131 131
83 83
121 121
52 52
171 171
199 199
