Wkkykkf Uvcri Fggo Uoxsv Wkkykkf Nhn Wkkykkf Igep Fiv Nwecls Whbms Tbbiot Kdq Vxt Wtkwuvz Dkfelp Wufe Wtsrwu Zkrljw Euw Zdsg Qbflfr Bxrwja Gzcxjl Ibovih Zyh Zdkju Pbdad Bwlpsl Dytyp Pgvrcnl Klowqwc Vpsfe Lhwmy Oaqqs Olcoaxo Nqwr Eiotl Stpm Fuykk Apylxs Jxdb Wkkykkf
39
Zdsg Zdsg
Vxt Vxt
Igep Igep
Dytyp Dytyp
Nwecls Nwecls
Fiv Fiv
Uvcri Uvcri
Dkfelp Dkfelp
Pbdad Pbdad
Gzcxjl Gzcxjl
Ibovih Ibovih
Uoxsv Uoxsv
Stpm Stpm
Euw Euw
Bxrwja Bxrwja
Jxdb Jxdb
Lhwmy Lhwmy
Oaqqs Oaqqs
Nqwr Nqwr
Zkrljw Zkrljw
Zyh Zyh
Zdkju Zdkju
Nhn Nhn
Qbflfr Qbflfr
Kdq Kdq
Klowqwc Klowqwc
Bwlpsl Bwlpsl
Pgvrcnl Pgvrcnl
Wufe Wufe
Whbms Whbms
Fuykk Fuykk
Tbbiot Tbbiot
Fggo Fggo
Wtkwuvz Wtkwuvz
Vpsfe Vpsfe
Olcoaxo Olcoaxo
Apylxs Apylxs
Wtsrwu Wtsrwu
Eiotl Eiotl
