142 121 88 44 66 137 135 171 63 149 22 185 5 115 39 132 187 51 3 174 4 174 4 46 148 108 160 77 143 90 172 37 178 195 178 52 134 14 9 176 40 116 140 30 139 154 94 31 8 163 100 34 175 130 193 95 180 85 89 85 187 51 3 91 181 153 23 153 181 18 103 41 133 41 103 6 17 144 17 6 128 122 64 69 158 69 64 122 128 6 103 28 9 33 156 198 38 118 93 151 159 151 93 151 167 142 121 137 66 106 111 90 111 106 127 106 66 137 48 137 188 39 188 83 93 118 190 183 0 26 60 193 130 65 141 65 130 193 60 124 60 78 186 55 186 17 6 103 18 70 92 9 136 47 7 47 136 102 2 101 91 181 153 139 145 72 27 147 58 130 193 60 78 186 17 6 103 41 152 68 192 150 21 157 21 59 164 126 12 197 12 126 177 16 92 9 176 182 35 131 63 171 140 129 140 126 164 97 135 137 48 76 48 137 121 142
60
150 150
144 144
31 31
129 129
158 158
90 90
133 133
178 178
14 14
181 181
141 141
30 30
174 174
70 70
183 183
46 46
106 106
21 21
186 186
159 159
124 124
34 34
41 41
108 108
7 7
121 121
177 177
89 89
22 22
23 23
127 127
63 63
151 151
157 157
76 76
145 145
60 60
195 195
3 3
197 197
167 167
115 115
48 48
35 35
38 38
55 55
140 140
16 16
77 77
69 69
91 91
137 137
93 93
58 58
97 97
39 39
4 4
33 33
64 64
44 44
