zMnoKpsz12d1Y6CixoCL WErCaTW8MMgw3ZAta1gT tXtX3vcLWOYDJBh3QgZt fat0ktgmwPXvqLhmWfJ0 mNuLv0WHsIRpWEdSUREd fat0ktgmwPXvqLhmWfJ0 1Tm2BSSz9mj8o3m9o0TB ZcpnIKUrL8i4GzxAolZX 1Tm2BSSz9mj8o3m9o0TB 07iKiKtYzy9bLoKUo0ve 1Tm2BSSz9mj8o3m9o0TB 5VNO6t8qAcR3d5jJgfi4 1Tm2BSSz9mj8o3m9o0TB e7oVwvEXzQVG9DeK8uQS olgHJpCT79b6HED7FUWa e7oVwvEXzQVG9DeK8uQS bUGtOHLCdzsNiRxcLtaT e7oVwvEXzQVG9DeK8uQS FwLnZPETaUkrkp7dE0hH KBGTLYOWLSviflcWwd9y FwLnZPETaUkrkp7dE0hH UkKARQyd3ZxfrQwOeW0R u91JdIwHTd2zumpXCvmK UkKARQyd3ZxfrQwOeW0R JKKWZrMfMDLTYQt6t5Ap UkKARQyd3ZxfrQwOeW0R dakEfF8eF1B4IYsSGGLe M3MAG2lM6nUmTjQ3nD4D GfpGWz1SaDeisCQVEJrI M3MAG2lM6nUmTjQ3nD4D z2nBS9pweVYpDmW0fMRS M3MAG2lM6nUmTjQ3nD4D jS5XJP3bXemMgWyvfsmt CcIlGrru613gqyngyuYo jS5XJP3bXemMgWyvfsmt QHym2s92VJ8ycxMeFawz QFT8yfDPa0xDNdRMchX3 QHym2s92VJ8ycxMeFawz IcoYVabhkC8yNYJgy44V dBvruVRsFq4ihmzPj7nf IcoYVabhkC8yNYJgy44V GaG5DAqLVuTD09GfUl6l IcoYVabhkC8yNYJgy44V U8fsnzMIN4aMdzToihTq IcoYVabhkC8yNYJgy44V 5jE3DcSbPJWRITx0u2Kf gM8AHyLc0ZjUxmDMuXzJ 5jE3DcSbPJWRITx0u2Kf g6l3PryZJRSAXJGUyq22 2DqN6NYyebkVczAnrbNI g6l3PryZJRSAXJGUyq22 JOo21iuZtHvP9sSModQZ oDA5VKbLZuTPP2ZEB14d JOo21iuZtHvP9sSModQZ QmCq2RCVgnssPOgSwAr8 JOo21iuZtHvP9sSModQZ hH5yU5IgxmmStVnXEBJ1 oougNPfNRCSRCWJrOUlb hH5yU5IgxmmStVnXEBJ1 Y2BEa9hp0T63SlTWXenG hH5yU5IgxmmStVnXEBJ1 BVbv363irLjfCXrWQjqn nfdt04yvrwrpPVPzIy2c BVbv363irLjfCXrWQjqn MDHuBmBbeFOGqzpuNmVz BVbv363irLjfCXrWQjqn 34ScKN0pHkNmnxdkoIOC BVbv363irLjfCXrWQjqn B56U06r3nz3RZaXVmiK2 Y0dqIYSR4P9Br1Cq3f9U B56U06r3nz3RZaXVmiK2 MyPRIiIVlLarPoP5nZfy B56U06r3nz3RZaXVmiK2 xBNbU9Yu51mQvClxjQdr B56U06r3nz3RZaXVmiK2 ybqDdUoaPknlNwzZFeto FHGlzd4VlMUVjTba9Qjm ybqDdUoaPknlNwzZFeto WELPo1XEQnG4JejlB13A ybqDdUoaPknlNwzZFeto hzqXRQPGO5tnMpQYDdxn XKYNaFpYuIx7Zx7vNANa hzqXRQPGO5tnMpQYDdxn 8s4ukhLgGBoor0D87KUr hzqXRQPGO5tnMpQYDdxn RIRtIJewArUY7i7A6OEl cthtNVKVABeolrPabegT RIRtIJewArUY7i7A6OEl GhNWfyijkz8OKJbptIGO lcq8BXTLE4WDnj4JF3yo GhNWfyijkz8OKJbptIGO EvdCmEq3CXPDtnZYkiVu GhNWfyijkz8OKJbptIGO FwLnZPETaUkrkp7dE0hH oJor9EUgXhaXPDmChml7 TzlCRBgA0Q2cCjETm7Vx oJor9EUgXhaXPDmChml7 C3qGKxHtliSTI7oOnHoB oJor9EUgXhaXPDmChml7 FDT7h4JKMRWa9fcDNmXs oJor9EUgXhaXPDmChml7 dakEfF8eF1B4IYsSGGLe 9XhdonQsTDmLQknJ4xeP dakEfF8eF1B4IYsSGGLe 50qWynRev5CSErzk8Yih QTgsp1BfPDsixeeH6QUT 50qWynRev5CSErzk8Yih WCUwzDEkBlRrgSeSv9vv ofmz95sRAyIS0ShQndvb WCUwzDEkBlRrgSeSv9vv 15e7umNMnawEegsOhkYh WCUwzDEkBlRrgSeSv9vv 5cjkSqVe5mFfFhCgwe8r WCUwzDEkBlRrgSeSv9vv TuA4wNSOMjTMUxZ5fZWx jdgXkfbupFQ0XUNJEyvU TuA4wNSOMjTMUxZ5fZWx JzMVZjOikutQZg00S8wX TuA4wNSOMjTMUxZ5fZWx WdpiLe9uZpnuS9WMphYw TuA4wNSOMjTMUxZ5fZWx OcyqfDTyG7wfT1rvpitz sNJuS4R6b6KAUX5QI4md OcyqfDTyG7wfT1rvpitz G6KTAOxQU8MNiSLazU1t OcyqfDTyG7wfT1rvpitz kHWDWFJURX8TBbDnLSlR W8ft2Hcg1VXPVNTpprS3 kHWDWFJURX8TBbDnLSlR mTYxpEwVJTp369cmBN7S kHWDWFJURX8TBbDnLSlR dUDrtIP8WIldh2FT7uba kHWDWFJURX8TBbDnLSlR YqOJXOtRcgzFFRGKRutM JPD2uBroiElzO4z72vhQ YqOJXOtRcgzFFRGKRutM LdDKuyalK5FXEd1h8XJt hdXOmxRAbu0HN40emwgb zMnoKpsz12d1Y6CixoCL
68
mNuLv0WHsIRpWEdSUREd mNuLv0WHsIRpWEdSUREd
ZcpnIKUrL8i4GzxAolZX ZcpnIKUrL8i4GzxAolZX
07iKiKtYzy9bLoKUo0ve 07iKiKtYzy9bLoKUo0ve
5VNO6t8qAcR3d5jJgfi4 5VNO6t8qAcR3d5jJgfi4
olgHJpCT79b6HED7FUWa olgHJpCT79b6HED7FUWa
bUGtOHLCdzsNiRxcLtaT bUGtOHLCdzsNiRxcLtaT ARorC1kPdEun4czh3dmX
KBGTLYOWLSviflcWwd9y KBGTLYOWLSviflcWwd9y
u91JdIwHTd2zumpXCvmK u91JdIwHTd2zumpXCvmK
JKKWZrMfMDLTYQt6t5Ap JKKWZrMfMDLTYQt6t5Ap
GfpGWz1SaDeisCQVEJrI GfpGWz1SaDeisCQVEJrI
z2nBS9pweVYpDmW0fMRS z2nBS9pweVYpDmW0fMRS
CcIlGrru613gqyngyuYo CcIlGrru613gqyngyuYo
QFT8yfDPa0xDNdRMchX3 QFT8yfDPa0xDNdRMchX3
dBvruVRsFq4ihmzPj7nf dBvruVRsFq4ihmzPj7nf
GaG5DAqLVuTD09GfUl6l GaG5DAqLVuTD09GfUl6l
U8fsnzMIN4aMdzToihTq U8fsnzMIN4aMdzToihTq
gM8AHyLc0ZjUxmDMuXzJ gM8AHyLc0ZjUxmDMuXzJ
2DqN6NYyebkVczAnrbNI 2DqN6NYyebkVczAnrbNI
oDA5VKbLZuTPP2ZEB14d oDA5VKbLZuTPP2ZEB14d
QmCq2RCVgnssPOgSwAr8 QmCq2RCVgnssPOgSwAr8
oougNPfNRCSRCWJrOUlb oougNPfNRCSRCWJrOUlb
Y2BEa9hp0T63SlTWXenG Y2BEa9hp0T63SlTWXenG
nfdt04yvrwrpPVPzIy2c nfdt04yvrwrpPVPzIy2c
MDHuBmBbeFOGqzpuNmVz MDHuBmBbeFOGqzpuNmVz
34ScKN0pHkNmnxdkoIOC 34ScKN0pHkNmnxdkoIOC
Y0dqIYSR4P9Br1Cq3f9U Y0dqIYSR4P9Br1Cq3f9U
MyPRIiIVlLarPoP5nZfy MyPRIiIVlLarPoP5nZfy
xBNbU9Yu51mQvClxjQdr xBNbU9Yu51mQvClxjQdr
FHGlzd4VlMUVjTba9Qjm FHGlzd4VlMUVjTba9Qjm
WELPo1XEQnG4JejlB13A WELPo1XEQnG4JejlB13A
XKYNaFpYuIx7Zx7vNANa XKYNaFpYuIx7Zx7vNANa
8s4ukhLgGBoor0D87KUr 8s4ukhLgGBoor0D87KUr
cthtNVKVABeolrPabegT cthtNVKVABeolrPabegT
lcq8BXTLE4WDnj4JF3yo lcq8BXTLE4WDnj4JF3yo
EvdCmEq3CXPDtnZYkiVu EvdCmEq3CXPDtnZYkiVu
TzlCRBgA0Q2cCjETm7Vx TzlCRBgA0Q2cCjETm7Vx
C3qGKxHtliSTI7oOnHoB C3qGKxHtliSTI7oOnHoB
FDT7h4JKMRWa9fcDNmXs FDT7h4JKMRWa9fcDNmXs
9XhdonQsTDmLQknJ4xeP 9XhdonQsTDmLQknJ4xeP
QTgsp1BfPDsixeeH6QUT QTgsp1BfPDsixeeH6QUT
ofmz95sRAyIS0ShQndvb ofmz95sRAyIS0ShQndvb
15e7umNMnawEegsOhkYh 15e7umNMnawEegsOhkYh
5cjkSqVe5mFfFhCgwe8r 5cjkSqVe5mFfFhCgwe8r
jdgXkfbupFQ0XUNJEyvU jdgXkfbupFQ0XUNJEyvU
JzMVZjOikutQZg00S8wX JzMVZjOikutQZg00S8wX
WdpiLe9uZpnuS9WMphYw WdpiLe9uZpnuS9WMphYw
sNJuS4R6b6KAUX5QI4md sNJuS4R6b6KAUX5QI4md
G6KTAOxQU8MNiSLazU1t G6KTAOxQU8MNiSLazU1t
W8ft2Hcg1VXPVNTpprS3 W8ft2Hcg1VXPVNTpprS3
mTYxpEwVJTp369cmBN7S mTYxpEwVJTp369cmBN7S
dUDrtIP8WIldh2FT7uba dUDrtIP8WIldh2FT7uba
JPD2uBroiElzO4z72vhQ JPD2uBroiElzO4z72vhQ
5jE3DcSbPJWRITx0u2Kf 9q9h29089dBsNERnjXsd NieXnWTTyXxCRp5CSl0i
fat0ktgmwPXvqLhmWfJ0 mUERvxQcAO2XlgBTPRGA qSLkk45Evo68Y4JhMUq7
FwLnZPETaUkrkp7dE0hH 9c21VhIQJbtu6kG4NZT4 VxRxz5foWagBafuSz1m4 ZvocIzADG7dBR58wmnu8
QHym2s92VJ8ycxMeFawz KP4zLIZ5LMWJ6mkRn6BX pkPHvGrHHriGlmiL3mRW
jS5XJP3bXemMgWyvfsmt ZSg6FSZaRCTLmeHoLgMI Vv2apUMOUSvB9J5u8yJr
dakEfF8eF1B4IYsSGGLe YIAlamFOfZeHd5qDll32 yE3wNgUIJB0oZwUjLCMo PrzulPuk0tqiNKmdjp0X
50qWynRev5CSErzk8Yih Vkpfkc0JUDpakJkZipKD 3fQHkf8pseCy7Ys4Kez5
JOo21iuZtHvP9sSModQZ T7hLF9jTtc4htoAH0PWD
ybqDdUoaPknlNwzZFeto z6gtkXCB2ntSiYsjrque
UkKARQyd3ZxfrQwOeW0R OMLAPgVr1RosMrpENk9K
g6l3PryZJRSAXJGUyq22 Armxs904ujfdAYn9LtOF RvFA5khunRjN3Z7dmUKr
RIRtIJewArUY7i7A6OEl FqxzURcIHYyg2FOpiXCN szEChRtMF49nUq5i634G
hH5yU5IgxmmStVnXEBJ1 3mTCmcCkVhhFn533BM03
hzqXRQPGO5tnMpQYDdxn bclRgmmOqfg3PHQz06qB
YqOJXOtRcgzFFRGKRutM HAc1Ylu9mrUmnheKISnK Ryx97mzVLWHytqmLAKlJ
OcyqfDTyG7wfT1rvpitz uqAmYQiu3O0THeAaPzKH
