lQCi69J0eWVlNqqKnSXq 6WjkeAWWKDbY507hYxDN GzTC6SyDfi06snBYRanw sX8C3CP6kza3VNKEcdNn GzTC6SyDfi06snBYRanw ivkDNojPLqpGb4cpDTON aAHnKpmemgrMwy9POpn9 ivkDNojPLqpGb4cpDTON V6XJoCUDWAqZklsSLeM6 ivkDNojPLqpGb4cpDTON yXTGXN4mJmD1MMnwU5DV ivkDNojPLqpGb4cpDTON 2fRxkCAZVyHGHkq3Bl9E zdGOEur0Se3VWD6mlq5H 2fRxkCAZVyHGHkq3Bl9E CR5QbErmAVyIHQJyDFi9 2fRxkCAZVyHGHkq3Bl9E r3dhOjzNOGrPmQjmHU4D zbjpBk6LD1KcRmfqCimG r3dhOjzNOGrPmQjmHU4D ji2Hl3ZRuTNdz55QI9iS r3dhOjzNOGrPmQjmHU4D 5RtoZI2od7I5NUCXiQ20 r3dhOjzNOGrPmQjmHU4D EP0h2hGKZhLlRDvb1dHn m3HnuJcMZr0UjXE6y0Yj EP0h2hGKZhLlRDvb1dHn Q6Q14vRaFSx82FDA8F9j EP0h2hGKZhLlRDvb1dHn TULA7h1TJjCcU7b7ewMK pStp5oJ3mwz5HNV7VA81 TULA7h1TJjCcU7b7ewMK wlKpBtU5YVdE9Uq6V4z5 Ts2UPoejx7dwuInV9kms wlKpBtU5YVdE9Uq6V4z5 kdGczSrviM1C416w1kdh wlKpBtU5YVdE9Uq6V4z5 yytanXsBcYsWB0S4zr6x TDEVUkFlcjUpqrP6Bynx yytanXsBcYsWB0S4zr6x sNxtKpoSG9BFpERxjNr1 55xYloQMeVs9kVzx8cN5 sNxtKpoSG9BFpERxjNr1 NdzV8TNRFhnjMNZlaGI4 sNxtKpoSG9BFpERxjNr1 HdqcKlipoTYMzJchffld h4lv4AWoIyOY4fsmP5xB HdqcKlipoTYMzJchffld IR7mOQhWXsCDKM4Cc4wS HdqcKlipoTYMzJchffld Ov5tQy1KeHsti8dfTOIQ Rl9sd4PENsPVd55C9qNS Ov5tQy1KeHsti8dfTOIQ 5j3nVbxEAEFTUe3GDbN0 76IyG9JBAhW2KiBt5QKY 5j3nVbxEAEFTUe3GDbN0 z8GF8LystXVXiuprVyTh 5j3nVbxEAEFTUe3GDbN0 9ZAwlDiWc0OkYVLdPP18 5j3nVbxEAEFTUe3GDbN0 fMvZCv2axIFhKiMGKmK5 lQCi69J0eWVlNqqKnSXq
32
sX8C3CP6kza3VNKEcdNn sX8C3CP6kza3VNKEcdNn
aAHnKpmemgrMwy9POpn9 aAHnKpmemgrMwy9POpn9
V6XJoCUDWAqZklsSLeM6 V6XJoCUDWAqZklsSLeM6
yXTGXN4mJmD1MMnwU5DV yXTGXN4mJmD1MMnwU5DV
zdGOEur0Se3VWD6mlq5H zdGOEur0Se3VWD6mlq5H
CR5QbErmAVyIHQJyDFi9 CR5QbErmAVyIHQJyDFi9
zbjpBk6LD1KcRmfqCimG zbjpBk6LD1KcRmfqCimG
ji2Hl3ZRuTNdz55QI9iS ji2Hl3ZRuTNdz55QI9iS
5RtoZI2od7I5NUCXiQ20 5RtoZI2od7I5NUCXiQ20
m3HnuJcMZr0UjXE6y0Yj m3HnuJcMZr0UjXE6y0Yj
Q6Q14vRaFSx82FDA8F9j Q6Q14vRaFSx82FDA8F9j
pStp5oJ3mwz5HNV7VA81 pStp5oJ3mwz5HNV7VA81
Ts2UPoejx7dwuInV9kms Ts2UPoejx7dwuInV9kms
kdGczSrviM1C416w1kdh kdGczSrviM1C416w1kdh
TDEVUkFlcjUpqrP6Bynx TDEVUkFlcjUpqrP6Bynx
55xYloQMeVs9kVzx8cN5 55xYloQMeVs9kVzx8cN5
NdzV8TNRFhnjMNZlaGI4 NdzV8TNRFhnjMNZlaGI4
h4lv4AWoIyOY4fsmP5xB h4lv4AWoIyOY4fsmP5xB
IR7mOQhWXsCDKM4Cc4wS IR7mOQhWXsCDKM4Cc4wS
Rl9sd4PENsPVd55C9qNS Rl9sd4PENsPVd55C9qNS
76IyG9JBAhW2KiBt5QKY 76IyG9JBAhW2KiBt5QKY
z8GF8LystXVXiuprVyTh z8GF8LystXVXiuprVyTh
9ZAwlDiWc0OkYVLdPP18 9ZAwlDiWc0OkYVLdPP18
GzTC6SyDfi06snBYRanw tqCzeJHrHXSMuAlQdk95 sC8YSc2m8uVyLGRtJAJm
yytanXsBcYsWB0S4zr6x 0LTuG9BRd9b62kO39lM2 0jsnTC6pUdifVPvCGLLe
Ov5tQy1KeHsti8dfTOIQ jsvSfTN8RLw8M7n8jb8D sAR5WnnNshpkwOniAudb
EP0h2hGKZhLlRDvb1dHn lfvGd547iXhkHQ8AjYpO
HdqcKlipoTYMzJchffld G1Ecvcz8fZufY9CV0J2K
TULA7h1TJjCcU7b7ewMK u4CAydwAhszp7tM3ILy0 XeZKiAoyYZL9P7yBThlM
2fRxkCAZVyHGHkq3Bl9E AeT8ezBVfSNgGpCCNvM1
wlKpBtU5YVdE9Uq6V4z5 vnCWjVmMdmciaoCYnqW8
sNxtKpoSG9BFpERxjNr1 dSR37cF2irO0NLfFwZy0
