Potrero All Meyers Calaveras Clayton Fremont Ida 18th Linden Warner Carmel Richvale Chinese Smoke Balsdon Fiorini Oceanside Hume Woffard Merced Banning Boulevard Laguna Ames Santa Potrero
25
Balsdon Balsdon
Chinese Chinese
All All
Hume Hume
Carmel Carmel
Warner Warner
Oceanside Oceanside
Linden Linden
Clayton Clayton
Boulevard Boulevard
Ida Ida
Calaveras Calaveras
Merced Merced
Potrero Potrero
18th 18th
Meyers Meyers
Fiorini Fiorini
Fremont Fremont
Banning Banning
Laguna Laguna
Santa Santa
Ames Ames
Smoke Smoke
Richvale Richvale
Woffard Woffard
