Encanto Vista Ames Alpaugh Willow Foothills Los Riverside Clayton City Moccasin Woodbridge Welden McAuley Presidio Glencoe Granite Elmira Cypress Forest Yurok Quail Santa Shafter Mount Smoke Costa Laguna Woffard Jane Green Vernon Delta Two Cabbage Warner Chinese All Richvale Bonita Cherokee Kentfield Sherman Beach Ramona Pumpkin Banning Kern Garden Homestead Encanto
50
Cherokee Cherokee
Kentfield Kentfield
Banning Banning
Vernon Vernon
Bonita Bonita
Forest Forest
Vista Vista
Laguna Laguna
Homestead Homestead
Willow Willow
Foothills Foothills
Moccasin Moccasin
Two Two
Beach Beach
Presidio Presidio
Sherman Sherman
All All
Richvale Richvale
Kern Kern
Woodbridge Woodbridge
Yurok Yurok
Cabbage Cabbage
Glencoe Glencoe
Jane Jane
Welden Welden
Mount Mount
Elmira Elmira
Warner Warner
Shafter Shafter
Los Los
Ames Ames
City City
Quail Quail
Santa Santa
Granite Granite
Clayton Clayton
Garden Garden
Chinese Chinese
Woffard Woffard
Alpaugh Alpaugh
Pumpkin Pumpkin
Delta Delta
Costa Costa
Encanto Encanto
Ramona Ramona
Riverside Riverside
Smoke Smoke
Cypress Cypress
McAuley McAuley
Green Green
