Evans WursterHall Moffit LeConte HortonHall MemorialStadium HortonHall Doe Plentea WursterHall Evans Cory Evans WursterHall Moffit LeConte HortonHall UniversityVillage HortonHall Doe SatherGate GreekTheatre Marugame Eshelman Campbell Morrisonhall Dwinelle MLK Dwinelle Morrisonhall Campbell DurantHall Unit2 Pappys Milkbomb MemorialGlade Kresge MemorialGlade Milkbomb SouthHall HesseHall SouthHall Moffit SouthHall NorthHall VLSB NorthHall Artichokes Soda Plentea StrawberryCreek Unit1 HAAS BAMPFA Barrows HortonHall UniversityVillage Wheeler UniversityVillage Yifang BerkeleyWayWest Yifang UCafe Chipotle ThaiNoodle Marugame Gilman BotanicalGardens Gilman DavisHall LewisHall Underhill Foothill HAAS Unit1 StrawberryCreek Plentea LatimerHall MLK HildebrandHall MLK Dwinelle Morrisonhall Campbell DurantHall Unit2 Stern Unit2 Pappys SproulHall LewisHall DavisHall ClarkKerr ThaiNoodle Chipotle TPTea BAMPFA HAAS Unit1 StrawberryCreek GreekTheatre CanyonPool GreekTheatre StrawberryCreek HearstMining VLSB HavilandHall BancroftLibrary Cornerstone WursterHall KroeberHall Etcheverry KroeberHall Bowles ZellerbachHall Bowles Unit3 Spats Boalt Spats Unit3 Bowles ZellerbachHall Cornerstone Campanile Marugame GreekTheatre SatherGate GiauqueHall SatherGate InternationalHouse CaliforniaHall Firewings RSF Firewings CaliforniaHall InternationalHouse CaliforniaHall Firewings Cornerstone BancroftLibrary Cornerstone SutardjaDai Cornerstone ZellerbachHall Bowles LeConte Moffit HappyLemon LawrenceHall BancroftLibrary Cornerstone Firewings CaliforniaHall Firewings DurantHall Campbell DurantHall Firewings RSF Underhill Blackwell ImmThai AshaTeaHouse HilgardHall AshaTeaHouse ImmThai AlumniHouse ImmThai AshaTeaHouse ZellerbachHall Bowles Unit3 Bowles KroeberHall Barrows BAMPFA HAAS Foothill HAAS Unit1 StrawberryCreek HearstMining MulfordHall MemorialStadium HortonHall LeConte HortonHall Doe Plentea WursterHall Evans
50
ThaiNoodle ThaiNoodle
Doe Doe
HearstMining HearstMining
Wheeler Wheeler
Campanile Campanile
LeConte LeConte
Moffit Moffit
Dwinelle Dwinelle
SouthHall SouthHall
Gilman Gilman
CaliforniaHall CaliforniaHall
Bowles Bowles
BancroftLibrary BancroftLibrary
DurantHall DurantHall
Stern Stern
Campbell Campbell
GreekTheatre GreekTheatre
BAMPFA BAMPFA
BerkeleyWayWest BerkeleyWayWest
LawrenceHall LawrenceHall
InternationalHouse InternationalHouse
Unit1 Unit1
Unit2 Unit2
Unit3 Unit3
Foothill Foothill
VLSB VLSB
RSF RSF
Blackwell Blackwell
ZellerbachHall ZellerbachHall
MLK MLK
Eshelman Eshelman
Soda Soda
Cory Cory
Barrows Barrows
HAAS HAAS
AlumniHouse AlumniHouse
Boalt Boalt
BotanicalGardens BotanicalGardens
MemorialStadium MemorialStadium
CanyonPool CanyonPool
DavisHall DavisHall
Kresge Kresge
SutardjaDai SutardjaDai
Etcheverry Etcheverry
GiauqueHall GiauqueHall
UniversityVillage UniversityVillage
HavilandHall HavilandHall
HesseHall HesseHall
HildebrandHall HildebrandHall
HilgardHall HilgardHall
