Ippudo Platano Soda HildebrandHall NatApartment Rachas SutardjaDai ThaiBasil Milkbomb Ikea Eureka Ikes Fengcha UniversityVillage UCafe Flavia SmokesPoutinerie LewisHall SmokesPoutinerie Flavia HearstGym Boalt SproulHall BerkeleyBart BigC BerkeleyBart SproulHall Boalt Jupiter TopDog Firewings Quicklys PeoplesPark ThaiNoodle Cafe3 LewisHall SmokesPoutinerie Flavia AndrewsApartment Kresge BSC ClarkKerr Stern HortonHall Cinnaholic Tilden LatimerHall Jupiter Morganhall StrawberryCreek Namaste Bowles SmokesPoutinerie Flavia AndrewsApartment Flavia SmokesPoutinerie TheDwight SmokesPoutinerie Flavia HearstGym Boalt Jupiter TopDog Jupiter Boalt HearstGym Flavia HearstMining Campbell EastAsianLibrary Campbell MemorialGlade Namaste EastBaySpiceCompany Namaste Eshelman Unit3 Underhill Homeroom Underhill HortonHall Shengkee HortonHall Stern BerkeleyHigh TennisCourts BancroftLibrary LittleCampanile EastAsianLibrary Gypsys EastAsianLibrary Campbell HearstMining Flavia HearstGym WursterHall Spats Evans DavisHall TukTukThai BSC ClarkKerr Gongcha Ikes BetaLounge NatApartment Rachas Gadani Rachas NatApartment HildebrandHall Soda Platano Soda HildebrandHall NatApartment Rachas LiKaShing BanshoRamen Raretea FoxTheater GrizzlyPeak Unit1 Ikes Gongcha Ikes SweetheartCafe PeoplesCafe SweetheartCafe Eshelman Namaste EastBaySpiceCompany HesseHall Kips Muraccis Kips EndlessSweets TToust UniversityVillage UCafe Bonchon Cinnaholic HortonHall Shengkee LowerSproul Artichokes BerkeleyWayWest Cream HAAS Chipotle Tzone ZellerbachHall McDonalds HearstAnnex Bowles SmokesPoutinerie LiKaShing BanshoRamen Raretea FoxTheater GrizzlyPeak AmoebaMusic LeConte Campanile ChezPanisse Campanile LeConte AmoebaMusic BotanicalGardens Milkbomb BotanicalGardens SteamTrains KroeberHall SteamTrains Underhill Homeroom TheHabit FireTrails MulfordHall FireTrails TheHabit Homeroom LaNote ExtremePizza Cafe3 ThaiNoodle Cafe3 LeConte AmoebaMusic SnackShack AmoebaMusic LeConte Cafe3 ExtremePizza LaNote TacoBell LaNote Homeroom PokeBar Homeroom TheHabit Ikea GiauqueHall Mezzo BerkeleyArtStudio Quicklys BerkeleyArtStudio SaturnCafe HeatCafe Tilden Cinnaholic TripleRock Cinnaholic Bonchon Wheeler Chipotle Tzone ZellerbachHall McDonalds Morrisonhall McDonalds ZellerbachHall Tzone Chipotle Wheeler AndrewsApartment Wheeler Chipotle HAAS Mezzo GiauqueHall Ikea TheHabit Ikea Milkbomb Foothill Kips HesseHall ThaiBasil SutardjaDai BerkeleyThaiHouse HeatCafe SaturnCafe HeatCafe Barrows BerkeleyBart LaBurrita OptometryBuilding LaBurrita Unit3 Eshelman Ikes Eshelman Unit3 LaBurrita Chipotle Yifang DurantHall Ikes Eshelman RSF Cheeseboard RSF GrizzlyPeak AndrewsApartment Kresge BSC ClarkKerr Stern BerkeleyHigh TraderJoes YogurtPark GreatChina SatherGate GreatChina YogurtPark OptometryBuilding LaBurrita HearstGym CaliforniaHall AshaTeaHouse Bowles HearstAnnex Pappys HearstAnnex Bowles Namaste StrawberryCreek Morganhall Jupiter CVS Wikiwiki NoodleGirl MemorialStadium Artichokes LowerSproul Shengkee HortonHall Cinnaholic Slivers Cinnaholic DavisHall NorthHall MSRI NoodleGirl Wikiwiki LeConte Cafe3 LeConte AshaTeaHouse CaliforniaHall Gadani HalalGuys Gadani CaliforniaHall AshaTeaHouse Barrows Safeway Barrows BerkeleyBart BigC TenderGreens BigC BerkeleyBart Barrows AshaTeaHouse LeConte AmoebaMusic GrizzlyPeak UdupiPalace HavilandHall Evans Spats Evans DavisHall TukTukThai Venus TukTukThai BSC ClarkKerr Gongcha Ikes Eureka Ikea GiauqueHall Gilman Ucha YogurtPark TraderJoes BerkeleyHigh TennisCourts TPTea TennisCourts BerkeleyHigh TraderJoes YogurtPark LaVals Target LaVals YogurtPark OptometryBuilding LaBurrita BerkeleyBart HappyLemon BerkeleyBart LaBurrita OptometryBuilding YogurtPark GreatChina YogurtPark OptometryBuilding LaBurrita Unit3 Underhill Wikiwiki Underhill HortonHall Stern BerkeleyHigh TraderJoes BerkeleyHigh Toss LaNote ExtremePizza LaNote Toss BerkeleyHigh TennisCourts StrawberryCreek Morganhall GiauqueHall Dwinelle GrizzlyPeak AndrewsApartment Wheeler AndrewsApartment UrbanOutfitters Cornerstone UrbanOutfitters AndrewsApartment Wheeler Chipotle HearstMining Flavia UCafe UniversityVillage TToust ImmThai TToust Crossroads TToust BobaNinja TToust UniversityVillage Dwinelle GrizzlyPeak RSF Eshelman Namaste MemorialGlade Namaste StrawberryCreek TennisCourts BerkeleyHigh TraderJoes Gather TraderJoes BerkeleyHigh Toss Etcheverry Marugame Gadani Rachas SutardjaDai ThaiBasil SuperDuperBurgers Blackwell Milkbomb BotanicalGardens SteamTrains JambaJuice SteamTrains Underhill Unit3 NoodleGirl Teazone NoodleGirl Unit3 Eshelman SweetheartCafe Ikes BetaLounge NatApartment HildebrandHall Soda Platano Ippudo
98
HortonHall HortonHall
KroeberHall KroeberHall
LatimerHall LatimerHall
LewisHall LewisHall
Morganhall Morganhall
Morrisonhall Morrisonhall
MulfordHall MulfordHall
NorthHall NorthHall
OptometryBuilding OptometryBuilding
AshaTeaHouse AshaTeaHouse
McDonalds McDonalds
Bonchon Bonchon
Firewings Firewings
HappyLemon HappyLemon
Ucha Ucha
Artichokes Artichokes
TacoBell TacoBell
Gongcha Gongcha
Yifang Yifang
Fengcha Fengcha
UCafe UCafe
SproulHall SproulHall
TPTea TPTea
SatherGate SatherGate
StrawberryCreek StrawberryCreek
BigC BigC
ClarkKerr ClarkKerr Plentea
Crossroads Crossroads
Cafe3 Cafe3
Raretea Raretea
Underhill Underhill
TraderJoes TraderJoes
Safeway Safeway
Marugame Marugame
Kips Kips
Pappys Pappys
BetaLounge BetaLounge
Spats Spats
Cornerstone Cornerstone
TripleRock TripleRock
LowerSproul LowerSproul
WursterHall WursterHall
Shengkee Shengkee
Chipotle Chipotle
ImmThai ImmThai
Milkbomb Milkbomb
MemorialGlade MemorialGlade
EastAsianLibrary EastAsianLibrary
ThaiNoodle ThaiNoodle
Mezzo Mezzo
Slivers Slivers
Ikes Ikes
Teazone Teazone
PokeBar PokeBar
Quicklys Quicklys
TopDog TopDog
Gypsys Gypsys
SnackShack SnackShack
SmokesPoutinerie SmokesPoutinerie
GreatChina GreatChina
ThaiBasil ThaiBasil
Eureka Eureka
BSC BSC
Platano Platano
EastBaySpiceCompany EastBaySpiceCompany
TenderGreens TenderGreens
PeoplesCafe PeoplesCafe
SuperDuperBurgers SuperDuperBurgers
Target Target
JambaJuice JambaJuice
HalalGuys HalalGuys
ExtremePizza ExtremePizza
Gadani Gadani
Wikiwiki Wikiwiki
TheHabit TheHabit
Homeroom Homeroom
Cheeseboard Cheeseboard
ChezPanisse ChezPanisse
LaNote LaNote
Rachas Rachas
BobaNinja BobaNinja
SweetheartCafe SweetheartCafe
Wheeler Wheeler
TukTukThai TukTukThai
Gather Gather
Venus Venus
SaturnCafe SaturnCafe
Jupiter Jupiter
AmoebaMusic AmoebaMusic
GrizzlyPeak GrizzlyPeak
LaBurrita LaBurrita
AndrewsApartment AndrewsApartment UrbanOutfitters
BerkeleyArtStudio BerkeleyArtStudio
TheDwight TheDwight
BanshoRamen BanshoRamen
LittleCampanile LittleCampanile
Namaste Namaste
Muraccis Muraccis
