GOld stop shape youre what youre Live youre you GEt you youre forehead youre shape stop never stop shape yOure shape much shape stop get stop shape youre you strEEts you shootinG you ground SHooting ground In To In On sense On In and In On GO On shine On COuld yep gett t gett AND shoW GOld Fed GOld shoW brain shoW now shoW AND gett head gett AND shoW AND YouLL AND gett yep COuld well COuld yep rules yep COuld On little On COuld is COuld yep gett AND shoW AND YOURE AND gett break gett yep COuld see COuld On In ground GET ground colder ground you game you youre shape Well shape stop alL stop GOld
43
rules rules
well well
shine shine
game game
forehead forehead
Well Well
never never
Fed Fed
brain brain
t t
is is
sense sense
To To
GET GET
strEEts strEEts
Live Live
yOure yOure
alL alL
now now
YOURE YOURE
break break
little little
colder colder
shootinG shootinG
much much
get get
YouLL YouLL
head head
see see
GO GO
and and
SHooting SHooting
GEt GEt
what what
GOld U So say
AND once might
In Didn bundled
ground about
shoW back mYself
youre hit
COuld chAnge
gett skate
yep show Know My
