hutmk lnfiu ablxw axmwy lcghr urlkt tyuep hopbn cursl zsehb dowbf ugyls spuoi tejxc artvi aqzce mzlsn yaxts yiodb bcrwj ywion aeomh vczkh ugamb rlfxc gxdqt otirh ijofp xeljy ijvuq misyc lsnhz xnysi coubd xintv oscrv mlfbi qdzgs aqzce yzaje vmgxh omjfc hutmk
40
oscrv oscrv
hopbn hopbn
mlfbi mlfbi
lcghr lcghr
aqzce aqzce
mzlsn mzlsn
zsehb zsehb
tyuep tyuep
coubd coubd
yzaje yzaje
lnfiu lnfiu
cursl cursl
omjfc omjfc
qdzgs qdzgs
xintv xintv
ywion ywion
gxdqt gxdqt
vczkh vczkh
yiodb yiodb
urlkt urlkt
rlfxc rlfxc
aeomh aeomh
artvi artvi
vmgxh vmgxh
ugamb ugamb
ablxw ablxw
otirh otirh
ugyls ugyls
tejxc tejxc
xeljy xeljy
yaxts yaxts
spuoi spuoi
xnysi xnysi
dowbf dowbf
misyc misyc
bcrwj bcrwj
lsnhz lsnhz
axmwy axmwy
ijvuq ijvuq
ijofp ijofp
