hdpxs drojn osxbc amfiz utdhx hwmzn uiogl wajol lpudv gufvs xscoe yazqf frhgc xscoe lnjxt zntkr qckjp evsbm tkwle yvbse syoxf cxdes xscoe btwzv oxitr qsmkj xscoe ehqyk wcjeg oaeyh qhibx qbdwz aqoyk aedvq oxuqn vobqh fjdqi ebwcp osvgp mtcsd evtgj kscoz maqho oewcd kjihy wkbuf ymcfp bwknx sxdiu ohzfn wotiq zqjxb cqsby xscoe dkjro bdevm xscoe zcjqx wdquv mlibf tmwdy rjuxc jhlus dbjxw xscoe yqtob stflc xscoe bkfuc xscoe pgqva ayrgb qpbmc cxajk qhvsb rjdai lmwpk iyuas pihld jcwpu xcvow mujil gstwp pytwh yqfdk nqtru tjake rzvtg rlumh cihba oaeyh gdovn rchbw xscoe ypdnb gdnim mhuad armnk mhekz htkwy vcwfj oaeyh bsvth tndwl joztf kzwah syoxv xlrzc uklga ktzce vgwoi xnpwq ahnds wnelr hdpxs
100
mlibf mlibf
sxdiu sxdiu
qpbmc qpbmc
uiogl uiogl
uklga uklga
maqho maqho
yqtob yqtob
mujil mujil
tmwdy tmwdy
fjdqi fjdqi
xlrzc xlrzc
oxitr oxitr
nqtru nqtru
bdevm bdevm
ayrgb ayrgb
lnjxt lnjxt
armnk armnk
gdnim gdnim
zqjxb zqjxb
yqfdk yqfdk
drojn drojn
ohzfn ohzfn
jcwpu jcwpu
wotiq wotiq
joztf joztf
pytwh pytwh
cxdes cxdes
tndwl tndwl
qhibx qhibx
aedvq aedvq
ymcfp ymcfp
stflc stflc
wajol wajol
kscoz kscoz
mtcsd mtcsd
pgqva pgqva
btwzv btwzv
ahnds ahnds
utdhx utdhx
rjuxc rjuxc
dkjro dkjro
xnpwq xnpwq
frhgc frhgc
osvgp osvgp
bsvth bsvth
rjdai rjdai
qckjp qckjp
lmwpk lmwpk
wnelr wnelr
rlumh rlumh
syoxf syoxf
qbdwz qbdwz
zcjqx zcjqx
yazqf yazqf
vgwoi vgwoi
bkfuc bkfuc
cihba cihba
dbjxw dbjxw
gufvs gufvs
kjihy kjihy
iyuas iyuas
syoxv syoxv
zntkr zntkr
jhlus jhlus
ebwcp ebwcp
bwknx bwknx
amfiz amfiz
cqsby cqsby
wkbuf wkbuf
kzwah kzwah
yvbse yvbse
htkwy htkwy
oewcd oewcd
rchbw rchbw
oaeyh oaeyh
evtgj evtgj
cxajk cxajk
pihld pihld
lpudv lpudv
qsmkj qsmkj
mhekz mhekz
vcwfj vcwfj
ehqyk ehqyk
gdovn gdovn
gstwp gstwp
hwmzn hwmzn
tkwle tkwle
mhuad mhuad
oxuqn oxuqn
tjake tjake
wdquv wdquv
xcvow xcvow
evsbm evsbm
wcjeg wcjeg
rzvtg rzvtg
vobqh vobqh
osxbc osxbc
ktzce ktzce
ypdnb ypdnb
qhvsb qhvsb
