Hayward Asheville McHenry PalmBay SaintLouis BelAir SantaClara Hayward CedarRapids Asheville Durham Killeen SaintPaul Bradenton Harlingen Burbank Newark Bloomington Newark McHenry PalmBay Tucson Washington Reading Waterloo Springdale Milwaukee Monroe HuntingtonBeach Monroe Chicago Burbank Huntsville KansasCity McAllen BelAir York Charlotte Barnstable Springdale Topeka Omaha PuntaGorda SaintPaul PuntaGorda Kennewick Barnstable Charlotte BelAir Monroe Memphis CedarRapids Burbank Harlingen Burbank CedarRapids Modesto PalmBay SaintLouis GrandRapids Abilene Tyler Kennewick NewYorkCity York NewBedford Trenton Hickory Kennewick PuntaGorda Lafayette Modesto Hampton Murfreesboro Yonkers Omaha Milwaukee BelAir Aurora Bakersfield Aurora BelAir York NewYorkCity Newark LakeCharles Irvine Huntsville Tyler Hickory Winston Murrieta Tampa Murrieta Winston Tucson PalmBay McHenry Newark Burbank Chicago Killeen Durham Deltona Charlotte FortWayne Torrance FortWayne Charlotte RichmondCounty Harlingen Waco Milwaukee SantaCruz Montgomery ThousandOaks Asheville FortWayne Charlotte BelAir Monroe Houston Danbury Atlanta Abilene Downey Abilene CedarRapids Hayward
50
PuntaGorda PuntaGorda
Tyler Tyler
ThousandOaks ThousandOaks
PalmBay PalmBay
Tucson Tucson
Barnstable Barnstable
Yonkers Yonkers
Burbank Burbank
McHenry McHenry
Harlingen Harlingen
Charlotte Charlotte
Omaha Omaha
Topeka Topeka
Deltona Deltona
Danbury Danbury
Downey Downey
Asheville Asheville
McAllen McAllen
Chicago Chicago
GrandRapids GrandRapids
BelAir BelAir
Aurora Aurora
CedarRapids CedarRapids
LakeCharles LakeCharles
Bradenton Bradenton
RichmondCounty RichmondCounty
SantaCruz SantaCruz
Modesto Modesto
HuntingtonBeach HuntingtonBeach
Huntsville Huntsville
NewYorkCity NewYorkCity
Tampa Tampa
Monroe Monroe
Bakersfield Bakersfield
Springdale Springdale
SantaClara SantaClara
Atlanta Atlanta
Durham Durham
Newark Newark
Torrance Torrance
Memphis Memphis
Kennewick Kennewick
Bloomington Bloomington
NewBedford NewBedford
SaintPaul SaintPaul
York York
Hickory Hickory
Waco Waco
Waterloo Waterloo
Hampton Hampton
