Hayward Brighton Elkhart McAllen ThousandOaks Anchorage Orem Lacey Plano CostaMesa Kissimmee Louisville SouthLyon Utica Tucson PuntaGorda Modesto Greenville OverlandPark Salinas Hemet Mobile SanBernardino Pueblo Youngstown Barnstable Youngstown Laredo FortWaltonBeach Frederick Lafayette RoundLakeBeach Kalamazoo NewYork Tucson ThousandOaks Cambridge Bakersfield Harrisburg Bloomington Louisville PortStLucie McAllen NewBedford Lansing Anaheim Columbus SantaClara Aberdeen Bryan Pittsburgh NewYorkCity Omaha Champaign Charlotte ElPaso Burlington GrandRapids RichmondCounty SiouxFalls Carrollton OverlandPark Stamford OverlandPark Carrollton Newburgh Hialeah Boston Deltona Tucson SantaClarita Newburgh Carrollton Boulder LakeCharles Boulder Kaneohe StLouis DesMoines CorpusChristi Waterbury York HavredeGrace York Reno SantaClara Fullerton Plano BatonRouge Eugene Torrance Albuquerque Torrance Bethlehem Huntsville Deltona York HavredeGrace Burlington GrandRapids Portsmouth Boise Tacoma Trenton Louisville Trenton OverlandPark Anchorage Spartanburg Norwich SanBuenaventura NewportNews Marina PortArthur Racine Melbourne Torrance Bethlehem CathedralCity NewBedford CathedralCity Orem Fresno GreenBay Lafayette RoundLakeBeach Arvada SouthBend Detroit Hagerstown Youngstown Bethlehem NewportNews SanBuenaventura Tucson Deltona Salem Downey Norman Ogden CathedralCity Orem Olympia PortSaintLucie SantaClara Columbus Stamford LasVegas Stamford Marysville Layton SanBuenaventura NewportNews Cincinnati SantaAna Fairfield Newark Hampton ElPaso SaintPaul Youngstown OverlandPark Savannah OverlandPark Anchorage Norwich SanBuenaventura Hemet Boulder Anchorage Fresno Baltimore NorthLasVegas SouthBend Arvada Elkhart Flint Murfreesboro CostaMesa Lubbock Melbourne Racine Bakersfield Cambridge Nashua RoundLakeBeach Lafayette Waterbury York Champaign SterlingHeights Huntsville SterlingHeights Springfield Harlingen HavredeGrace JohnsonCity Fresno GreenBay Duluth Fullerton SantaClara Reno Scranton SanBernardino PembrokePines Oxnard Albuquerque Burlington ElPaso Charlotte Tacoma CapeCoral PalmBay VeroBeach Monroe Roseville Topeka Henderson Anchorage Mesquite Gastonia MorenoValley Hartford Pittsburgh Henderson Vancouver Henderson Topeka Omaha NewYorkCity HuntingtonBeach Eugene Tyler Eugene Downey Eugene HuntingtonBeach Hagerstown PuntaGorda HavredeGrace JohnsonCity HavredeGrace Bryan Birmingham Pittsburgh Hartford Modesto PuntaGorda Hagerstown PalmBay VeroBeach Brownsville Omaha Scottsdale Lorain Norwich Hayward
100
PuntaGorda PuntaGorda
Tyler Tyler
Cincinnati Cincinnati
ThousandOaks ThousandOaks
Norwich Norwich
PalmBay PalmBay
Tucson Tucson
Utica Utica
Pueblo Pueblo
Albuquerque Albuquerque
Laredo Laredo
NewportNews NewportNews
Barnstable Barnstable
JohnsonCity JohnsonCity
Greenville Greenville
Eugene Eugene
Racine Racine
Nashua Nashua
RoundLakeBeach RoundLakeBeach
Harlingen Harlingen
Newburgh Newburgh
HavredeGrace HavredeGrace
Charlotte Charlotte
OverlandPark OverlandPark
Omaha Omaha
Topeka Topeka
CapeCoral CapeCoral
Deltona Deltona
Anchorage Anchorage
Marina Marina
Salem Salem
LasVegas LasVegas
Downey Downey
Hagerstown Hagerstown
Birmingham Birmingham
SanBuenaventura SanBuenaventura
Mesquite Mesquite
Flint Flint
McAllen McAllen
Lubbock Lubbock
CorpusChristi CorpusChristi
Layton Layton
Fullerton Fullerton
Bethlehem Bethlehem
NorthLasVegas NorthLasVegas
StLouis StLouis
GrandRapids GrandRapids
Frederick Frederick
Boise Boise
Arvada Arvada
Oxnard Oxnard
Hemet Hemet
Scranton Scranton
Fresno Fresno
Waterbury Waterbury
LakeCharles LakeCharles
Stamford Stamford
Olympia Olympia
RichmondCounty RichmondCounty
Duluth Duluth
Modesto Modesto
Henderson Henderson
HuntingtonBeach HuntingtonBeach
Huntsville Huntsville
Lacey Lacey
Burlington Burlington
Columbus Columbus
Savannah Savannah
Vancouver Vancouver
Detroit Detroit
Hialeah Hialeah
CathedralCity CathedralCity
NewYorkCity NewYorkCity
Marysville Marysville
GreenBay GreenBay
Bakersfield Bakersfield
Monroe Monroe
Louisville Louisville
ElPaso ElPaso
SantaClara SantaClara
Kissimmee Kissimmee
Newark Newark
Torrance Torrance
Hartford Hartford
Plano Plano
Bloomington Bloomington
Kalamazoo Kalamazoo
NewBedford NewBedford
SiouxFalls SiouxFalls
Elkhart Elkhart
Champaign Champaign
Anaheim Anaheim
SaintPaul SaintPaul
York York
Spartanburg Spartanburg
Scottsdale Scottsdale
Aberdeen Aberdeen
Mobile Mobile
Melbourne Melbourne
Ogden Ogden
