Aberdeen Reno Hampton Austin Winston Marina Winston Tuscaloosa Hampton Newburgh Hampton Reno Modesto Reno Hampton Lowell Henderson MyrtleBeach SanAntonio Bremerton Tuscaloosa Winston Austin Gainesville Scranton SaltLakeCity Chattanooga SaltLakeCity StPetersburg Lewisville Gainesville Montgomery Racine Norwalk Miramar McAllen GreenBay McAllen Modesto SanBernardino Modesto Frederick WestValleyCity Lowell Hampton Pensacola Hampton Reno SouthLyon Reno Springdale Reno Aberdeen
25
Pensacola Pensacola
SaltLakeCity SaltLakeCity
Gainesville Gainesville
Hampton Hampton
Winston Winston
Tuscaloosa Tuscaloosa
WestValleyCity WestValleyCity
Chattanooga Chattanooga
Modesto Modesto
Henderson Henderson
Lewisville Lewisville
Miramar Miramar
Racine Racine
Reno Reno
Lowell Lowell
SanBernardino SanBernardino
SouthLyon SouthLyon
Newburgh Newburgh
Austin Austin
Montgomery Montgomery
GreenBay GreenBay
SanAntonio SanAntonio
StPetersburg StPetersburg
Marina Marina
Springdale Springdale
