MfdzFvsdGbvl MOpktZzuQRCH PvZWLvSzyZfH deJmWrylVSGK MLnLJmQHwuOS VyXrTLUcizAa VARFNCcqfgIc plKUVNXwKfVb noaMakAlHdwq jBrNTBMPxyQD tywOQDwDhjwZ SojgLCNtJNvq dFUHctNjrywb pQCFwcmaYfTN rrRAqFcoDYfk GuSSYBNHDbKE rVqgoVgUmLRB EoEdLMroSPNp dDFWxTbuPymh AGbRQRBgaOdX MkUBuIisCVpZ SgyAcloZDNJV mFYKjQfCsRtT GemeldahvdVv uFHfCerNFIme ymJllvoAiAsf AMizjBPjmCZd TbekQRoKcInv ZjfLZjjegWJT FCrKCfVsEsBk QifLRRQkbeZy PUcvIgREsriS hCxjbMrSlUJQ DFscNnuMhxUC DvRTDyBMOCbT axLiuEEXvnsQ RICmsRCgzRsB arcJTkwUqbUy hLGIbMiwjPgd PnbamVANEguC buqjmAINqGzN mtRsLIzrlNLu BkcPMTugAswL NlmuUUVQUbgI QHpWWcCYavdw GKWfMfVZxbJi PQTqeEtJjrHq IHnRSACwPeSd pkzKsTORVYro UVLyMXgqTFaJ BbyhqvohDUZK MfdzFvsdGbvl
50
BbyhqvohDUZK BbyhqvohDUZK
ymJllvoAiAsf ymJllvoAiAsf
ZjfLZjjegWJT ZjfLZjjegWJT
VARFNCcqfgIc VARFNCcqfgIc
QifLRRQkbeZy QifLRRQkbeZy
rVqgoVgUmLRB rVqgoVgUmLRB
noaMakAlHdwq noaMakAlHdwq
DFscNnuMhxUC DFscNnuMhxUC
dDFWxTbuPymh dDFWxTbuPymh
VyXrTLUcizAa VyXrTLUcizAa
rrRAqFcoDYfk rrRAqFcoDYfk
PvZWLvSzyZfH PvZWLvSzyZfH
MLnLJmQHwuOS MLnLJmQHwuOS
DvRTDyBMOCbT DvRTDyBMOCbT
PUcvIgREsriS PUcvIgREsriS
TbekQRoKcInv TbekQRoKcInv
arcJTkwUqbUy arcJTkwUqbUy
tywOQDwDhjwZ tywOQDwDhjwZ
hLGIbMiwjPgd hLGIbMiwjPgd
MkUBuIisCVpZ MkUBuIisCVpZ
uFHfCerNFIme uFHfCerNFIme
hCxjbMrSlUJQ hCxjbMrSlUJQ
AMizjBPjmCZd AMizjBPjmCZd
FCrKCfVsEsBk FCrKCfVsEsBk
mFYKjQfCsRtT mFYKjQfCsRtT
buqjmAINqGzN buqjmAINqGzN
dFUHctNjrywb dFUHctNjrywb
PnbamVANEguC PnbamVANEguC
GuSSYBNHDbKE GuSSYBNHDbKE
QHpWWcCYavdw QHpWWcCYavdw
RICmsRCgzRsB RICmsRCgzRsB
plKUVNXwKfVb plKUVNXwKfVb
jBrNTBMPxyQD jBrNTBMPxyQD
GemeldahvdVv GemeldahvdVv
pQCFwcmaYfTN pQCFwcmaYfTN
PQTqeEtJjrHq PQTqeEtJjrHq
axLiuEEXvnsQ axLiuEEXvnsQ
deJmWrylVSGK deJmWrylVSGK
GKWfMfVZxbJi GKWfMfVZxbJi
NlmuUUVQUbgI NlmuUUVQUbgI
mtRsLIzrlNLu mtRsLIzrlNLu
pkzKsTORVYro pkzKsTORVYro
MOpktZzuQRCH MOpktZzuQRCH
SgyAcloZDNJV SgyAcloZDNJV
AGbRQRBgaOdX AGbRQRBgaOdX
SojgLCNtJNvq SojgLCNtJNvq
UVLyMXgqTFaJ UVLyMXgqTFaJ
BkcPMTugAswL BkcPMTugAswL
IHnRSACwPeSd IHnRSACwPeSd
EoEdLMroSPNp EoEdLMroSPNp
