IvOdahrtFwzZ SKbQkQUhqQEt RQBxIsRWzmfl IQvKLYGCcCbd cQFNlImsTWTM touUfboeiIya cRekprdsHHWw tARvBeqQDqSY NMSHhfMtAJZb lRgeGnDJBtMa RGYiIUdVAiVL TglqUXfjbefC TTwdgXpOLyxF JpwDMOwQmqOp HEwqlaeMfSzl NxxrxPgsnMqG quZcTYtpBjSn qxhFFIUEfnzV yVSfaizVeLPT WWtfhwMSzfGW QxNjgiXciQma ybLCwZqVZKud QZQElPdcHxru JNoAmCxHcsYw XwPJYwaGcHxO qlMzHEurfTvO yHOsEGOhjOLt GvyjKkGcUdcI QFfSmYtuSTPl AoaIXEzdsCrm ocysUjOwnenm oKIKkmsSWzmH EKWhDcEeEkGK uzYTzVwixczQ qFGlIHDqKyPA nKmMbiEuiffc UYTxhnOtiPHB PFpQuVVRxbvV ZPYnROAizafx pjemGRILnFei QDhUZstsJKtV UGahWpWtmUQn IfTQNEFsiTgr jXgKDXnEJsra ypApeqMQPnQA nschEYWjrAsr TZmWJenJbEsV hLCSOZLNEdhX xXoCKkdkKAne nyTRNDRCsANl EwXugPkGUVkm EOKLHvbbCToE gXcuqckdTdIP sFSBpaJxLpBT fiHhqLtPfdZy WsLfQLsirtHk FkNlSGMBOUbz PKHkuTHeRXhO sTgUExIipvWV AQgpWBullbIi gJMLzBkWmUoV ubtvaUeVUfmV gkTmCiZxFrJw YGzazHdyrGCd wXjNgGRCXYRl WUqhotrexTBp OIjApACwnyqG DiKlonktcqTP YvLRANdegrdA ppfBOAvWYXyJ vkOqMvrCUWYf mZUBOQTZyXOM cpNycWVdmzHJ HVwGkspnDHbf IcNVObbuvzWY zypYDSZfKAvD hPSXtHMMyKAK KtoZVrQmJWki mvdksSctoMVi zcAOlsVDUDkc WRiugWLCujBI wHeDieHMYzAK nlzJUuBrsbXD oOIjuHJcVRiV aSpDrTbKBytW evRMhyiHKGXv dXlgwkdKhUmB WHSGrQQrrotE WnABnktZDxMx fblrDraNAUxK jXOmYlZmvqnI yFQWQWtUUMle nxbMBCPhfQij LNoKVqXhLEzn AhJBAeSEuUkL aXlcDzbXwAJW lznMKRYSMheH zCWezcJmUGqs mgKEFEWheOqk ctZWqndwhbJm zOkfhFVfOKVi IvOdahrtFwzZ
100
qxhFFIUEfnzV qxhFFIUEfnzV
jXOmYlZmvqnI jXOmYlZmvqnI
touUfboeiIya touUfboeiIya
fiHhqLtPfdZy fiHhqLtPfdZy
zypYDSZfKAvD zypYDSZfKAvD
UGahWpWtmUQn UGahWpWtmUQn
PFpQuVVRxbvV PFpQuVVRxbvV
WsLfQLsirtHk WsLfQLsirtHk
WRiugWLCujBI WRiugWLCujBI
ybLCwZqVZKud ybLCwZqVZKud
RGYiIUdVAiVL RGYiIUdVAiVL
NxxrxPgsnMqG NxxrxPgsnMqG
vkOqMvrCUWYf vkOqMvrCUWYf
PKHkuTHeRXhO PKHkuTHeRXhO
ppfBOAvWYXyJ ppfBOAvWYXyJ
cQFNlImsTWTM cQFNlImsTWTM
ubtvaUeVUfmV ubtvaUeVUfmV
QDhUZstsJKtV QDhUZstsJKtV
IQvKLYGCcCbd IQvKLYGCcCbd
nlzJUuBrsbXD nlzJUuBrsbXD
gkTmCiZxFrJw gkTmCiZxFrJw
zOkfhFVfOKVi zOkfhFVfOKVi
GvyjKkGcUdcI GvyjKkGcUdcI
TglqUXfjbefC TglqUXfjbefC
HEwqlaeMfSzl HEwqlaeMfSzl
EwXugPkGUVkm EwXugPkGUVkm
gXcuqckdTdIP gXcuqckdTdIP
XwPJYwaGcHxO XwPJYwaGcHxO
SKbQkQUhqQEt SKbQkQUhqQEt
WUqhotrexTBp WUqhotrexTBp
WHSGrQQrrotE WHSGrQQrrotE
TZmWJenJbEsV TZmWJenJbEsV
evRMhyiHKGXv evRMhyiHKGXv
lznMKRYSMheH lznMKRYSMheH
zcAOlsVDUDkc zcAOlsVDUDkc
IfTQNEFsiTgr IfTQNEFsiTgr
oKIKkmsSWzmH oKIKkmsSWzmH
nschEYWjrAsr nschEYWjrAsr
sFSBpaJxLpBT sFSBpaJxLpBT
RQBxIsRWzmfl RQBxIsRWzmfl
jXgKDXnEJsra jXgKDXnEJsra
xXoCKkdkKAne xXoCKkdkKAne
lRgeGnDJBtMa lRgeGnDJBtMa
qFGlIHDqKyPA qFGlIHDqKyPA
fblrDraNAUxK fblrDraNAUxK
WnABnktZDxMx WnABnktZDxMx
AoaIXEzdsCrm AoaIXEzdsCrm
EOKLHvbbCToE EOKLHvbbCToE
cpNycWVdmzHJ cpNycWVdmzHJ
ocysUjOwnenm ocysUjOwnenm
yHOsEGOhjOLt yHOsEGOhjOLt
UYTxhnOtiPHB UYTxhnOtiPHB
nKmMbiEuiffc nKmMbiEuiffc
ctZWqndwhbJm ctZWqndwhbJm
TTwdgXpOLyxF TTwdgXpOLyxF
mvdksSctoMVi mvdksSctoMVi
yVSfaizVeLPT yVSfaizVeLPT
ypApeqMQPnQA ypApeqMQPnQA
NMSHhfMtAJZb NMSHhfMtAJZb
hLCSOZLNEdhX hLCSOZLNEdhX
qlMzHEurfTvO qlMzHEurfTvO
JpwDMOwQmqOp JpwDMOwQmqOp
gJMLzBkWmUoV gJMLzBkWmUoV
wXjNgGRCXYRl wXjNgGRCXYRl
HVwGkspnDHbf HVwGkspnDHbf
hPSXtHMMyKAK hPSXtHMMyKAK
sTgUExIipvWV sTgUExIipvWV
mgKEFEWheOqk mgKEFEWheOqk
YGzazHdyrGCd YGzazHdyrGCd
IcNVObbuvzWY IcNVObbuvzWY
QxNjgiXciQma QxNjgiXciQma
uzYTzVwixczQ uzYTzVwixczQ
quZcTYtpBjSn quZcTYtpBjSn
zCWezcJmUGqs zCWezcJmUGqs
YvLRANdegrdA YvLRANdegrdA
WWtfhwMSzfGW WWtfhwMSzfGW
nyTRNDRCsANl nyTRNDRCsANl
KtoZVrQmJWki KtoZVrQmJWki
LNoKVqXhLEzn LNoKVqXhLEzn
ZPYnROAizafx ZPYnROAizafx
AQgpWBullbIi AQgpWBullbIi
AhJBAeSEuUkL AhJBAeSEuUkL
QFfSmYtuSTPl QFfSmYtuSTPl
tARvBeqQDqSY tARvBeqQDqSY
pjemGRILnFei pjemGRILnFei
EKWhDcEeEkGK EKWhDcEeEkGK
yFQWQWtUUMle yFQWQWtUUMle
JNoAmCxHcsYw JNoAmCxHcsYw
aXlcDzbXwAJW aXlcDzbXwAJW
oOIjuHJcVRiV oOIjuHJcVRiV
mZUBOQTZyXOM mZUBOQTZyXOM
cRekprdsHHWw cRekprdsHHWw
FkNlSGMBOUbz FkNlSGMBOUbz
wHeDieHMYzAK wHeDieHMYzAK
dXlgwkdKhUmB dXlgwkdKhUmB
OIjApACwnyqG OIjApACwnyqG
nxbMBCPhfQij nxbMBCPhfQij
aSpDrTbKBytW aSpDrTbKBytW
QZQElPdcHxru QZQElPdcHxru
DiKlonktcqTP DiKlonktcqTP
