MHnVCXOJJwOI cXYRsTNMJDHO RWoTZCNhceUR NkzUoyRYPnbb YbGvPudTcbyh YfpLHnDpSXzc GoPPViXuIoMW ltlOmMSvjmIL SPoMbAzxrqrj bVDkAfQbeTmx phTlHtTwrYOU UvfnFwkwYqFk NmmqQKqzdERM FhVNapbaoZOZ svpVoYHpEpjH JCPkGQQBkgge SJPfUQrbAbqM ilCjMogPnNTK jmWqilJNXyuV oClepMbylsqk crcFIKqbaYTC GLfJulJDWdHA PCNGxUSnzrYJ KKNtdnAHmUpc AZrILCuGwbtV MlFqcqjWiUdI MHnVCXOJJwOI
25
SJPfUQrbAbqM SJPfUQrbAbqM
svpVoYHpEpjH svpVoYHpEpjH
PCNGxUSnzrYJ PCNGxUSnzrYJ
JCPkGQQBkgge JCPkGQQBkgge
AZrILCuGwbtV AZrILCuGwbtV
SPoMbAzxrqrj SPoMbAzxrqrj
KKNtdnAHmUpc KKNtdnAHmUpc
jmWqilJNXyuV jmWqilJNXyuV
MlFqcqjWiUdI MlFqcqjWiUdI
oClepMbylsqk oClepMbylsqk
phTlHtTwrYOU phTlHtTwrYOU
YfpLHnDpSXzc YfpLHnDpSXzc
NkzUoyRYPnbb NkzUoyRYPnbb
FhVNapbaoZOZ FhVNapbaoZOZ
bVDkAfQbeTmx bVDkAfQbeTmx
ilCjMogPnNTK ilCjMogPnNTK
crcFIKqbaYTC crcFIKqbaYTC
RWoTZCNhceUR RWoTZCNhceUR
NmmqQKqzdERM NmmqQKqzdERM
UvfnFwkwYqFk UvfnFwkwYqFk
GLfJulJDWdHA GLfJulJDWdHA
YbGvPudTcbyh YbGvPudTcbyh
cXYRsTNMJDHO cXYRsTNMJDHO
ltlOmMSvjmIL ltlOmMSvjmIL
GoPPViXuIoMW GoPPViXuIoMW
