5 21 164 35 112 12 69 13 89 27 5 1 102 117 157 83 185 177 3 115 9 103 108 149 2 20 8 130 6 147 9 122 38 78 5 182 5 190 93 7 196 2 198 97 66 42 9 106 170 79 50 58 15 82 100 55 92 197 124 5 188 46 3 168 4 16 159 91 137 5
50
130 130
147 147
16 16
177 177
27 27
1 1
100 100
35 35
122 122
79 79
115 115
157 157
20 20
8 8
149 149
185 185
188 188
97 97
55 55
46 46
108 108
190 190
58 58
42 42
196 196
137 137
112 112
93 93
50 50
117 117
197 197
159 159
170 170
102 102
83 83
82 82
66 66
91 91
182 182
164 164
78 78
124 124
69 69
103 103
92 92
89 89
198 198
106 106
38 38
168 168
