0 1 73 142 55 66 160 40 9 152 1 198 71 93 24 156 3 124 49 36 34 31 130 145 11 10 119 196 102 79 2 179 5 163 1 6 7 173 96 151 67 178 140 1 108 3 138 17 172 184 75 91 2 12 123 95 89 42 35 144 6 1 168 22 155 0 23 4 162 109 0 189 150 38 193 1 161 56 5 30 18 171 25 26 0 61 4 105 129 0 118 16 5 122 136 11 1 15 87 157 2 62 68 101 110 135 60 80 164 141 104 158 50 83 187 27 39 194 111 147 21 0 59 0
100
173 173
124 124
164 164
79 79
6 6
80 80
1 1
135 135
179 179
110 110
18 18
35 35
160 160
193 193
50 50
129 129
147 147
140 140
42 42
171 171
26 26
150 150
119 119
91 91
108 108
123 123
138 138
21 21
96 96
152 152
101 101
73 73
87 87
158 158
111 111
104 104
22 22
178 178
142 142
31 31
38 38
156 156
161 161
145 145
168 168
184 184
83 83
95 95
162 162
9 9
56 56
16 16
30 30
5 5
17 17
40 40
60 60
59 59
187 187
27 27
196 196
163 163
36 36
194 194
102 102
25 25
189 189
71 71
109 109
12 12
67 67
68 68
10 10
61 61
89 89
157 157
122 122
34 34
136 136
55 55
24 24
118 118
105 105
151 151
49 49
172 172
155 155
23 23
11 11
141 141
7 7
198 198
93 93
144 144
15 15
66 66
39 39
62 62
75 75
130 130
