1 17 6 97 15 65 43 2 81 3 11 3 115 10 31 21 111 107 73 15 35 15 1 7 4 127 41 137 101 4 89 59 77 27 25 37 10 71 123 19 21 7 141 121 103 2 133 117 4 63 135 143 13 57 125 7 87 10 55 113 10 79 109 61 3 91 2 5 47 85 6 51 45 5 83 9 13 9 3 61 119 75 2 23 2 25 49 13 33 129 1 93 149 99 2 29 145 105 95 8 53 8 69 39 131 67 139 147 19 1
75
1 1
3 3
5 5
7 7
9 9
11 11
13 13
15 15
17 17
19 19
21 21
23 23
25 25
27 27
29 29
31 31
33 33
35 35
37 37
39 39
41 41
43 43
45 45
47 47
49 49
51 51
53 53
55 55
57 57
59 59
61 61
63 63
65 65
67 67
69 69
71 71
73 73
75 75
77 77
79 79
81 81
83 83
85 85
87 87
89 89
91 91
93 93
95 95
97 97
99 99
101 101
103 103
105 105
107 107
109 109
111 111
113 113
115 115
117 117
119 119
121 121
123 123
125 125
127 127
129 129
131 131
133 133
135 135
137 137
139 139
141 141
143 143
145 145
147 147
149 149
