Austin Victoria Sara Elizabeth Mariah Ashley Debra Kari Natasha Jordan Patrick Juan Monique Dennis Ralph John Michael Paige Elaine Hannah Rhonda Rachel Kyle Walter Daniel Sean Paul Scott Cassandra Eugene Alex Garrett Edward Donald Amy Maxwell Steven Gina Robert Janet Jonathan Robin Danielle Glenda Melissa Jeanette April Melinda Jennifer Joshua Jamie Austin
50
Victoria Victoria
John John
Debra Debra
Hannah Hannah
Elaine Elaine
Mariah Mariah
Eugene Eugene
Patrick Patrick
Joshua Joshua
Natasha Natasha
Walter Walter
Sara Sara
Gina Gina
Paul Paul
Daniel Daniel
Melissa Melissa
Kari Kari
Edward Edward
Jamie Jamie
Paige Paige
Robert Robert
Donald Donald
Janet Janet
Glenda Glenda
Amy Amy
Steven Steven
Maxwell Maxwell
Dennis Dennis
Danielle Danielle
Scott Scott
Michael Michael
Elizabeth Elizabeth
Sean Sean
Juan Juan
Rhonda Rhonda
Ralph Ralph
Garrett Garrett
Monique Monique
Alex Alex
Jonathan Jonathan
April April
Jennifer Jennifer
Cassandra Cassandra
Kyle Kyle
Ashley Ashley
Jordan Jordan
Melinda Melinda
Rachel Rachel
Robin Robin
Jeanette Jeanette
