Florges Masquerain Poliwag Masquerain Cofagrigus Cascoon Hoopa Serperior Dusknoir Gastrodon Shaymin Snorlax Celesteela Masquerain Serperior Girafarig Celebi Buzzwole Volbeat Dialga Aurorus Doublade Ralts Doublade Weepinbell Doublade Carracosta Doublade Hitmonlee Sentret Lillipup Infernape Eelektrik Omastar Bouffalant Goomy Hakamoo Lillipup Stufful Florges Zubat Toxapex Moltres Gastrodon Audino Slugma Manectric Slugma Zapdos Shieldon Regice Charizard Bergmite Kricketot Primarina Sentret Moltres Celebi Toxapex Cherrim Toxapex Tsareena Cradily Togetic Masquerain Bisharp Scolipede Furfrou Persian Volbeat Bayleef Pidgey Pichu Caterpie Machoke Bidoof Machoke Timburr Claydol Poliwrath Claydol Delibird Tentacruel Delibird Purrloin Delibird Wailmer Delibird Purrloin Piloswine Shieldon Nuzleaf Yanmega Roggenrola Wormadam Bergmite Florges
50
Cherrim Cherrim
Zapdos Zapdos
Zubat Zubat
Delibird Delibird
Ralts Ralts
Togetic Togetic
Manectric Manectric
Lillipup Lillipup
Dialga Dialga
Dusknoir Dusknoir
Persian Persian
Weepinbell Weepinbell
Volbeat Volbeat
Carracosta Carracosta
Shaymin Shaymin
Tentacruel Tentacruel
Moltres Moltres
Yanmega Yanmega
Wailmer Wailmer
Piloswine Piloswine
Bidoof Bidoof
Aurorus Aurorus
Purrloin Purrloin
Gastrodon Gastrodon
Timburr Timburr
Poliwag Poliwag
Machoke Machoke
Poliwrath Poliwrath
Sentret Sentret
Cascoon Cascoon
Bayleef Bayleef
Scolipede Scolipede
Regice Regice
Buzzwole Buzzwole
Celesteela Celesteela
Infernape Infernape
Kricketot Kricketot
Hitmonlee Hitmonlee
Bouffalant Bouffalant
Wormadam Wormadam
Hakamoo Hakamoo
Omastar Omastar
Girafarig Girafarig
Pichu Pichu
Primarina Primarina
Bergmite Bergmite
Bisharp Bisharp
Celebi Celebi
Tsareena Tsareena
Stufful Stufful
