Granbull Electrode Remoraid Dragonair Mudsdale Roserade Octillery Bonsly Sylveon Luvdisc Sylveon Illumise TypeNull Smeargle Lampent Flareon Kangaskhan Skitty Carnivine Wailord Charizard Conkeldurr Carbink Reshiram Cubone TypeNull Lileep Granbull Raichu Arbok Metapod Morelull Lapras Torracat Budew Whiscash Malamar Kangaskhan Deoxys Serperior Machamp Happiny Bergmite Parasect Chespin Volcanion Cinccino Electrode PorygonZ Haxorus Exeggcute Lampent Rufflet Quilava Machamp Deino Grumpig Lotad Floette Spewpa Hitmontop Absol Quilava Crabominable Lucario Floatzel Roserade Conkeldurr Beedrill Flareon Charmander Bagon Crawdaunt Cosmog Masquerain Tsareena Staravia Buizel Lombre Ampharos Trumbeak Ampharos Feraligatr Ampharos Mantine Lapras Torracat Granbull Absol Dustox Pancham Whimsicott Munna Rapidash Heatran Slakoth Roserade Slakoth Relicanth Ninjask Rapidash Krookodile Manaphy Gliscor Dustox Pidgeot Happiny Chatot Roselia Blissey Spinda Arbok Darkrai Diggersby Torkoal Cosmog Lycanroc Amoonguss Whiscash Amoonguss Slakoth Spiritomb Quilava Magmortar Happiny Infernape Caterpie Reshiram Golbat Heatran Mawile Spinda Mawile Nuzleaf Staryu Dustox Shellder Mightyena Butterfree Metagross Manaphy Chinchou Bagon Flygon Morelull Typhlosion Chinchou Goomy Lunala Heatmor Staryu Dustox Vivillon Furret Binacle Torchic Jolteon Mimikyu Unown Mimikyu Darkrai Corphish Fletchling Magmar Rockruff Jolteon Glalie Cascoon Staryu Jirachi Spiritomb Probopass Swanna Conkeldurr Diggersby Crawdaunt Electrike Greninja Reuniclus Mightyena Bronzor Deino Conkeldurr Granbull
100
Tsareena Tsareena
Absol Absol
Unown Unown
Roserade Roserade
Dustox Dustox
Heatran Heatran
Butterfree Butterfree
Ampharos Ampharos
Spiritomb Spiritomb
Torchic Torchic
Cosmog Cosmog
Arbok Arbok
Cascoon Cascoon
Torracat Torracat
Chinchou Chinchou
Crawdaunt Crawdaunt
Slakoth Slakoth
Mimikyu Mimikyu
Happiny Happiny
Quilava Quilava
Kangaskhan Kangaskhan
Rockruff Rockruff
Bonsly Bonsly
Grumpig Grumpig
Spinda Spinda
Cinccino Cinccino
Budew Budew
Sylveon Sylveon
Mawile Mawile
Beedrill Beedrill
Lampent Lampent
Greninja Greninja
Malamar Malamar
Buizel Buizel
Jolteon Jolteon
Mantine Mantine
Charizard Charizard
Gliscor Gliscor
Binacle Binacle
Raichu Raichu
Relicanth Relicanth
Cubone Cubone
Krookodile Krookodile
Heatmor Heatmor
Swanna Swanna
Diggersby Diggersby
Whiscash Whiscash
Metagross Metagross
TypeNull TypeNull
Whimsicott Whimsicott
Lycanroc Lycanroc
Mightyena Mightyena
Floette Floette
Jirachi Jirachi
Mudsdale Mudsdale
Darkrai Darkrai
Reuniclus Reuniclus
Remoraid Remoraid
Magmar Magmar
Rufflet Rufflet
Reshiram Reshiram
Crabominable Crabominable
Machamp Machamp
Charmander Charmander
Electrode Electrode
Serperior Serperior
Golbat Golbat
Infernape Infernape
Hitmontop Hitmontop
Trumbeak Trumbeak
Flygon Flygon
Bronzor Bronzor
Bergmite Bergmite
Torkoal Torkoal
Goomy Goomy
Metapod Metapod
Corphish Corphish
Probopass Probopass
Carnivine Carnivine
Lapras Lapras
Pidgeot Pidgeot
Carbink Carbink
Exeggcute Exeggcute
Magmortar Magmortar
Electrike Electrike
Lileep Lileep
Ninjask Ninjask
PorygonZ PorygonZ
Feraligatr Feraligatr
Floatzel Floatzel
Glalie Glalie
Deoxys Deoxys
Chespin Chespin
Luvdisc Luvdisc
Blissey Blissey
Vivillon Vivillon
Chatot Chatot
Nuzleaf Nuzleaf
Typhlosion Typhlosion
Skitty Skitty
