Glameow Loudred Glameow Inkay Spheal Gothorita Spheal Gigalith Buneary Zygarde Ledian Beheeyem Golett Beheeyem Leavanny Araquanid Meganium Ivysaur Spiritomb Bergmite Gumshoos Electivire Furret Electivire Archeops Electivire Yanma Electivire Spinarak Wartortle Buneary Glalie Simisage Gloom Mudbray Fomantis Poochyena Piplup Swanna Spiritomb Bergmite Feebas Togepi Feebas Wailord Fennekin Glameow
25
Electivire Electivire
Spiritomb Spiritomb
Wailord Wailord
Gumshoos Gumshoos
Spinarak Spinarak
Ledian Ledian
Buneary Buneary
Bergmite Bergmite
Glalie Glalie
Zygarde Zygarde
Togepi Togepi
Piplup Piplup
Mudbray Mudbray
Yanma Yanma
Archeops Archeops
Meganium Meganium
Spheal Spheal
Furret Furret
Loudred Loudred
Gigalith Gigalith
Golett Golett
Gothorita Gothorita
Inkay Inkay
Beheeyem Beheeyem
Leavanny Leavanny
