0 80 0 66 43 126 20 156 179 14 184 103 145 83 91 75 130 174 7 84 48 149 2 197 199 27 54 81 63 157 177 0 189 131 106 46 17 151 98 16 23 114 85 67 13 121 102 17 23 62 42 40 111 40 76 198 88 9 139 108 6 10 9 185 25 136 5 35 122 162 0 166 53 22 34 12 138 50 6 31 196 140 7 30 7 4 0 137 45 70 19 97 72 16 74 144 171 11 55 105 16 181 152 1 134 168 117 160 6 195 176 109 116 59 147 54 36 125 10 82 4 69 180 87 183 128 5 26 52 143 0
100
140 140
131 131
62 62
176 176
80 80
111 111
180 180
9 9
67 67
144 144
31 31
11 11
109 109
162 162
13 13
50 50
126 126
83 83
117 117
97 97
52 52
23 23
166 166
10 10
27 27
128 128
59 59
82 82
16 16
4 4
195 195
199 199
30 30
137 137
136 136
147 147
45 45
171 171
66 66
116 116
143 143
145 145
98 98
69 69
160 160
114 114
177 177
42 42
139 139
46 46
87 87
168 168
91 91
70 70
179 179
181 181
189 189
105 105
157 157
84 84
102 102
183 183
138 138
152 152
72 72
196 196
19 19
106 106
134 134
81 81
34 34
108 108
48 48
185 185
184 184
53 53
36 36
122 122
88 88
121 121
130 130
55 55
103 103
20 20
125 125
76 76
63 63
75 75
149 149
174 174
156 156
26 26
35 35
40 40
74 74
198 198
85 85
151 151
197 197
17 17
