0 85 63 74 1 38 76 16 12 27 49 76 17 96 1 28 39 43 86 23 9 63 84 41 91 74 90 95 71 63 92 31 54 83 47 40 74 61 1 50 88 82 38 11 1 47 1 45 32 60 32 8 87 65 19 39 8 58 60 66 80 87 56 87 30 3 2 64 97 26 46 35 5 6 48 81 62 53 73 29 68 5 0
49
63 63
46 46
30 30
28 28
60 60
27 27
39 39
53 53
90 90
35 35
11 11
8 8
74 74
71 71
43 43
81 81
50 50
88 88
95 95
40 40
31 31
64 64
84 84
76 76
68 68
97 97
73 73
23 23
38 38
80 80
9 9
61 61
6 6
85 85
16 16
92 92
47 47
2 2
45 45
56 56
83 83
86 86
82 82
65 65
91 91
48 48
58 58
96 96
66 66
