1 100 191 100 101 100 82 100 54 100 15 100 28 100 188 100 134 100 155 183 100 86 100 192 100 19 100 124 100 163 100 76 100 180 100 43 7 83 100 77 100 178 100 32 160 100 113 100 153 100 196 100 21 100 171 100 59 76 22 100 18 100 50 100 193 100 117 100 84 100 150 100 159 100 174 100 111 100 30 100 60 100 97 100 182 125 27 29 100 55 68 100 93 100 177 100 138 100 175 100 141 100 195 100 186 100 115 100 16 100 25 100 10 100 127 100 12 100 56 100 119 100 194 100 137 100 44 100 31 100 158 100 151 100 74 100 199 100 164 100 89 100 136 100 170 100 105 100 172 100 99 100 0 100 189 100 49 100 88 100 57 35 100 36 100 63 100 26 100 157 100 45 100 142 100 38 100 3 100 129 100 24 100 121 100 8 100 131 100 1
99
174 174
189 189
1 1
177 177
119 119
86 86
192 192
76 76
54 54
45 45
136 136
74 74
127 127
157 157
89 89
141 141
183 183
117 117
31 31
131 131
105 105
155 155
21 21
3 3
125 125
49 49
82 82
164 164
38 38
68 68
113 113
83 83
195 195
159 159
188 188
153 153
186 186
29 29
163 163
24 24
160 160
12 12
115 115
59 59
0 0
93 93
124 124
57 57
28 28
84 84
27 27
138 138
134 134
77 77
43 43
178 178
19 19
50 50
16 16
121 121
15 15
56 56
175 175
88 88
30 30
60 60
44 44
26 26
129 129
10 10
97 97
55 55
182 182
99 99
36 36
8 8
199 199
158 158
142 142
25 25
22 22
18 18
137 137
194 194
101 101
191 191
32 32
172 172
111 111
35 35
171 171
151 151
63 63
150 150
193 193
180 180
170 170
196 196
100 148 80
