21 20 164 197 95 195 196 120 165 25 23 45 44 77 44 98 196 193 192 126 146 145 76 104 105 64 95 177 99 142 81 11 41 42 111 9 111 144 49 184 81 149 142 139 87 73 43 185 4 26 111 144 49 5 40 41 42 187 20 154 29 30 31 36 37 189 124 125 137 75 74 160 23 25 165 159 117 159 165 81 113 188 135 188 107 139 1 24 31 119 120 196 91 164 75 34 181 34 35 34 75 117 101 8 59 60 61 60 59 50 27 43 73 57 165 159 65 121 120 51 120 121 6 8 7 8 9 10 63 83 192 103 139 86 37 38 18 19 48 47 86 85 107 190 191 192 133 1 139 138 65 175 176 167 108 79 48 19 55 147 140 97 4 43 27 183 177 150 53 146 147 153 90 89 93 156 127 106 90 89 78 45 162 163 164 108 109 95 87 73 47 116 115 34 3 146 113 171 15 83 82 177 67 177 82 83 84 115 125 179 126 177 150 151 150 42 41 131 15 122 123 124 89 141 142 178 63 71 63 178 179 161 24 21 129 34 33 6 174 13 172 173 11 40 143 157 143 131 169 38 39 98 189 47 48 64 17 122 117 75 74 136 69 186 159 165 155 165 25 18 38 129 21
99
1 1
3 3
5 5
7 7
9 9
11 11
13 13
15 15
17 17
19 19
21 21
23 23
25 25
27 27
29 29
31 31
33 33
35 35
37 37
39 39
41 41
43 43
45 45
47 47
49 49
51 51
53 53
55 55
57 57
59 59
61 61
63 63
65 65
67 67
69 69
71 71
73 73
75 75
77 77
79 79
81 81
83 83
85 85
87 87
89 89
91 91
93 93
95 95
97 97
99 99
101 101
103 103
105 105
107 107
109 109
111 111
113 113
115 115
117 117
119 119
121 121
123 123
125 125
127 127
129 129
131 131
133 133
135 135
137 137
139 139
141 141
143 143
145 145
147 147
149 149
151 151
153 153
155 155
157 157
159 159
161 161
163 163
165 165
167 167
169 169
171 171
173 173
175 175
177 177
179 179
181 181
183 183
185 185
187 187
189 189
191 191
193 193
195 195
197 197
