68 63 61 89 55 1 81 16 95 16 23 84 83 78 77 13 77 7 52 34 35 34 74 3 90 70 43 57 43 38 81 9 65 22 21 37 64 1 2 49 94 11 69 87 23 22 65 45 31 79 65 9 25 27 25 84 83 53 83 84 97 84 23 15 5 3 2 75 31 29 12 38 73 5 6 19 18 80 82 17 82 41 71 41 42 47 94 11 69 87 23 92 91 39 38 81 89 61 41 79 67 31 85 58 33 53 51 5 3 93 24 55 59 39 91 50 37 64 63 61 78 43 42 47 94 75 31 71 84 68
49
1 1
3 3
5 5
7 7
9 9
11 11
13 13
15 15
17 17
19 19
21 21
23 23
25 25
27 27
29 29
31 31
33 33
35 35
37 37
39 39
41 41
43 43
45 45
47 47
49 49
51 51
53 53
55 55
57 57
59 59
61 61
63 63
65 65
67 67
69 69
71 71
73 73
75 75
77 77
79 79
81 81
83 83
85 85
87 87
89 89
91 91
93 93
95 95
97 97
