75 76 73 78 74 10 1 7 2 1 10 11 13 16 20 19 12 11 61 66 70 69 63 67 61 51 53 55 59 55 51 43 42 47 45 42 50 43 35 37 32 33 31 36 35 21 28 30 22 24 26 21 99 92 91 94 100 97 98 99 88 82 89 87 86 88 74 72 80 71 75
50
22 22
63 63
30 30
36 36
37 37
74 74
10 10
50 50
78 78
75 75
13 13
26 26
21 21
72 72
67 67
80 80
86 86
24 24
32 32
19 19
69 69
70 70
2 2
53 53
12 12
16 16
73 73
94 94
98 98
42 42
87 87
66 66
76 76
100 100
82 82
92 92
1 1
71 71
59 59
45 45
89 89
97 97
31 31
47 47
33 33
20 20
28 28
91 91
7 7
88 88
