Soda Guadeloupe Dominica United Azerbaijan Angola India Colombia Bouvet Botswana Dominica Guyana Antigua China Bermuda Czech Australia Djibouti Cayman Cocos Cambodia Guam Belize Ethiopia Denmark Holy Argentina Egypt Comoros Canada Austria Aruba Central Fiji Hungary Soda
25
Denmark Denmark
Angola Angola
Comoros Comoros
Botswana Botswana
Belize Belize
Antigua Antigua
Cocos Cocos
Cayman Cayman
Guadeloupe Guadeloupe
Guam Guam
United United
Bouvet Bouvet
Colombia Colombia
Egypt Egypt
Australia Australia
Austria Austria
Argentina Argentina
Aruba Aruba
Bermuda Bermuda
Cambodia Cambodia
Fiji Fiji
China China
Guyana Guyana
Czech Czech
Central Central
