Soda Burkina Nigeria Rwanda Falkland Belize Saint British Korea Egypt Sint Moldova New Finland Lebanon Singapore Hungary Ireland Mayotte Malawi Croatia Bahamas Indonesia Bermuda Algeria Niger United Albania Liberia Hong Latvia Japan Pitcairn Palau Sao Kyrgyzstan Antigua Republic Burundi Congo Luxembourg Argentina Pakistan Cameroon Macao Macedonia Lao Kiribati Netherlands Fiji Cambodia Jamaica Dominican Iraq El Mexico Aruba Northern Soda
50
United United
Burundi Burundi
Japan Japan
Pakistan Pakistan
Fiji Fiji
Lao Lao
Singapore Singapore
Nigeria Nigeria
Luxembourg Luxembourg
Burkina Burkina
Croatia Croatia
Lebanon Lebanon
Northern Northern
Korea Korea
Sao Sao
Niger Niger
Hong Hong
Mayotte Mayotte
Malawi Malawi
Sint Sint
Jamaica Jamaica
Netherlands Netherlands
Indonesia Indonesia
Rwanda Rwanda
Liberia Liberia
Latvia Latvia
Bahamas Bahamas
Kyrgyzstan Kyrgyzstan
Moldova Moldova
Republic Republic
Congo Congo
Pitcairn Pitcairn
Belize Belize
British British
Cambodia Cambodia
Algeria Algeria
Iraq Iraq
Finland Finland
Palau Palau
Ireland Ireland
Saint Saint
Kiribati Kiribati
Mexico Mexico
Aruba Aruba
New New
Macao Macao
Albania Albania
Egypt Egypt
Antigua Antigua
Argentina Argentina
