1 67 55 56 64 23 37 61 41 40 29 57 15 59 75 36 30 60 53 19 52 54 20 44 49 74 69 68 14 65 70 42 34 58 43 11 78 21 38 22 17 26 71 24 48 45 79 39 73 50 10 31 77 13 47 66 63 76 72 35 16 25 51 46 33 32 28 12 18 27 62 1
70
10 10
11 11
12 12
13 13
14 14
15 15
16 16
17 17
18 18
19 19
20 20
21 21
22 22
23 23
24 24
25 25
26 26
27 27
28 28
29 29
30 30
31 31
32 32
33 33
34 34
35 35
36 36
37 37
38 38
39 39
40 40
41 41
42 42
43 43
44 44
45 45
46 46
47 47
48 48
49 49
50 50
51 51
52 52
53 53
54 54
55 55
56 56
57 57
58 58
59 59
60 60
61 61
62 62
63 63
64 64
65 65
66 66
67 67
68 68
69 69
70 70
71 71
72 72
73 73
74 74
75 75
76 76
77 77
78 78
79 79
