Meckgue VaultofSouls Braavos ShatteredPlains TheSpine TheHogsHead Lorien BikiniBottom Omashu UtgardMountain BayofDragons Ademre Vexhollow SerpantsPass Winterfell Meereen Essos MadamMalkins EasternAirTemple Carvahall ThePrancingPony Carvahall BikiniBottom GooLagoon Ellesmera TheSwamp WitheredHeath MysticRuins RepublicCity Beldenn RepublicCity TreeofTime Dagobah TreeofTime RepublicCity MysticRuins TheGodswood Sanlow ProBendingArena TheHogsHead Lorien TheKrustyKrab Eggmanland Castamere Eggmanland LakeLaogai Urubaen Carvahall Winterfell Essos KoralReef Larcbost KoralReef Grayburn Eggmanland HighGarden Netherfort Gizton Ceald Sanlow Essos Neddingtown TheVale Neddingtown BeyondtheWall TheBoilingRock TheReshiIsles TheArcanum Steeltown TheUnderworld Urubaen FlourishBlotts Urubaen Yunkai LakeLaogai Eggmanland Boatwright Gotham FogofLostSouls RepublicCity ZhaoFu TheUniversity ShatteredPlains Braavos Tartarus TheWaystoneInn Eggmanland MadamMalkins Gizton EasternAirTemple Carvahall BikiniBottom Murkcairn FogofLostSouls Endor EarthKingdom Endor Ademre BayofDragons VaultofSouls Kinecardine TheFae Keld Grayburn Tartarus TheWaystoneInn TheArcanum LeakyCauldron TheUniversity Meckgue
50
Murkcairn Murkcairn
TheWaystoneInn TheWaystoneInn
Grayburn Grayburn
TheSpine TheSpine
Gotham Gotham
Sanlow Sanlow
EarthKingdom EarthKingdom
TheUniversity TheUniversity
EasternAirTemple EasternAirTemple
Meereen Meereen
BeyondtheWall BeyondtheWall
Gizton Gizton
Braavos Braavos
VaultofSouls VaultofSouls
Lorien Lorien
Ademre Ademre
Meckgue Meckgue
Netherfort Netherfort
Kinecardine Kinecardine
Keld Keld
Tartarus Tartarus
KoralReef KoralReef
GooLagoon GooLagoon
Dagobah Dagobah
ZhaoFu ZhaoFu
MysticRuins MysticRuins
Winterfell Winterfell
Steeltown Steeltown
Carvahall Carvahall
TheVale TheVale
FlourishBlotts FlourishBlotts
Larcbost Larcbost
Vexhollow Vexhollow
UtgardMountain UtgardMountain
Urubaen Urubaen
ShatteredPlains ShatteredPlains
Beldenn Beldenn
Castamere Castamere
LeakyCauldron LeakyCauldron
Yunkai Yunkai
LakeLaogai LakeLaogai
TheKrustyKrab TheKrustyKrab
Ellesmera Ellesmera
RepublicCity RepublicCity
TheGodswood TheGodswood
TheHogsHead TheHogsHead
ThePrancingPony ThePrancingPony
TreeofTime TreeofTime
TheBoilingRock TheBoilingRock
TheArcanum TheArcanum
