FleaBottom TheAturanEmpire HighGarden Vintas HighGarden TheAturanEmpire SatishVille TheAturanEmpire GringottsBank Severen RockofKuthian Olivanders RockofKuthian Severen UtgardMountain MinistryofMagic Arkham Westopolis Arkham RockofKuthian FleaBottom Bobbingbourne Urubaen Trebon Eggmanland Batcave Eggmanland Trebon TheGreatDivide SatishVille Ademre Carvahall Accrington MinistryofMagic UtgardMountain Glimthain Lorien ShriekingShack TheSpine Coalwatch TheSpine Carvahall TheVale Carvahall CrastersKeep Ebonfall SatishVille Ademre TheBoilingRock Batcave HighGarden Yll TheBurningPlains TheGreatDivide SatishVille Eggmanland SatishVille TheAturanEmpire FleaBottom
25
Urubaen Urubaen
TheBurningPlains TheBurningPlains
UtgardMountain UtgardMountain
GringottsBank GringottsBank
Westopolis Westopolis
Eggmanland Eggmanland
Bobbingbourne Bobbingbourne
Vintas Vintas
TheGreatDivide TheGreatDivide
Olivanders Olivanders
TheBoilingRock TheBoilingRock
Glimthain Glimthain
Ademre Ademre
Yll Yll
Batcave Batcave
Trebon Trebon
TheVale TheVale
Ebonfall Ebonfall
Arkham Arkham
Coalwatch Coalwatch
SatishVille SatishVille
Accrington Accrington
MinistryofMagic MinistryofMagic
HighGarden HighGarden
ShriekingShack ShriekingShack
