21 1 48 1 23 30 10 180 0 90 167 102 75 96 78 178 119 17 163 122 1 152 131 135 139 196 105 38 0 24 87 20 1 62 170 172 116 46 177 51 0 103 56 188 190 186 176 144 151 184 61 31 27 133 53 72 137 100 154 1 45 125 168 36 108 156 160 2 68 130 194 136 81 88 18 60 34 74 64 14 120 16 42 15 127 47 7 32 169 114 82 0 91 115 29 147 1 40 159 0 134 118 146 95 49 149 37 2 1 121 142 97 2 54 21
100
147 147
20 20
18 18
14 14
17 17
136 136
190 190
42 42
194 194
170 170
24 24
91 91
188 188
47 47
48 48
23 23
51 51
34 34
36 36
135 135
172 172
127 127
45 45
163 163
90 90
40 40
10 10
125 125
122 122
167 167
100 100
130 130
46 46
74 74
2 2
31 31
7 7
151 151
97 97
133 133
142 142
180 180
30 30
29 29
56 56
156 156
144 144
186 186
184 184
37 37
116 116
121 121
64 64
15 15
131 131
108 108
149 149
154 154
120 120
81 81
118 118
160 160
119 119
139 139
178 178
16 16
78 78
27 27
169 169
96 96
152 152
102 102
88 88
115 115
103 103
75 75
21 21
68 68
134 134
62 62
38 38
49 49
168 168
61 61
146 146
177 177
32 32
196 196
176 176
87 87
105 105
137 137
159 159
114 114
54 54
60 60
72 72
53 53
82 82
95 95
