8 9 15 88 23 91 24 38 90 40 59 78 59 39 20 99 108 169 108 36 34 105 34 16 100 16 87 15 9 6 79 6 84 145 106 164 106 36 18 40 102 95 28 39 55 70 51 35 18 23 89 20 35 12 80 123 172 120 80 7 96 152 97 32 51 30 49 47 30 10 13 17 22 18 35 51 66 65 113 104 142 82 12 99 156 190 156 99 12 30 10 13 18 40 110 171 110 40 18 13 9 4 29 8 83 15 20 101 160 193 160 101 56 71 53 34 82 120 174 125 98 54 116 56 39 26 25 24 39 18 15 84 143 185 141 97 52 69 54 37 22 26 45 42 109 148 183 136 87 15 83 121 79 5 6 9 15 87 136 87 86 144 84 127 126 83 16 100 158 192 158 108 115 165 105 31 3 2 1 9 13 19 89 137 91 93 28 39 59 61 41 22 17 19 90 149 188 149 90 19 13 9 4 29 47 64 48 33 12 85 132 182 132 85 19 88 147 90 42 90 134 179 148 108 168 108 100 135 89 137 181 137 89 20 35 52 30 3 5 82 120 173 125 98 54 72 108 158 191 158 100 16 98 153 98 16 20 101 160 101 38 53 55 58 118 58 37 53 68 48 31 82 124 82 34 107 167 107 34 48 63 48 33 35 55 73 55 35 18 21 17 13 9 8
100
123 123
160 160
24 24
25 25
66 66
49 49
121 121
88 88
55 55
124 124
5 5
164 164
183 183
54 54
127 127
87 87
97 97
193 193
137 137
102 102
80 80
19 19
185 185
90 90
63 63
69 69
191 191
35 35
4 4
64 64
165 165
2 2
65 65
153 153
71 71
188 188
147 147
115 115
82 82
167 167
99 99
172 172
169 169
6 6
85 85
45 45
109 109
105 105
136 136
21 21
89 89
30 30
135 135
73 73
53 53
120 120
100 100
59 59
179 179
91 91
38 38
68 68
113 113
182 182
29 29
26 26
126 126
22 22
118 118
47 47
171 171
52 52
72 72
93 93
79 79
192 192
33 33
152 152
116 116
42 42
23 23
70 70
51 51
17 17
145 145
83 83
144 144
181 181
168 168
78 78
174 174
173 173
95 95
142 142
39 39
125 125
3 3
190 190
40 40
61 61
