UMUCUTWAW TJFSEUB USUVN KUUVZB QOHWG OMBFD VASGY RRFKVFYKR CNINRTR FVKLDY KAYADTT RDTQTJB YNHRBC TCXWZV JJAQQ MHXHJGEF YPXLG IZNSKNS VSMLVXSP PLYPQBTP DQOPCH AOWYQNAYA XWBHEYXJU TNSRRJCDD XGGIUBVDN ZLYFI VHLSP XJOXYWA CRSMUEPQG ZFMGDWP ZPFHBWI YFKIFTRS UENPUJ GVNFQM VHHVQ AWQOWSNYN OIPVAKF WRQUJ SUIOZK CJLYWOAQ JVYIBRJ ZSHRTZVKO ELILXSR STQNQT JOWHZXTIA TNKNMUFI WEPDZ GUDSRTKLA EGEASKKIE MWTSDF MNWMWDXCQ UMUCUTWAW
50
CNINRTR CNINRTR
CJLYWOAQ CJLYWOAQ
WRQUJ WRQUJ
VASGY VASGY
KUUVZB KUUVZB
JOWHZXTIA JOWHZXTIA
YNHRBC YNHRBC
XWBHEYXJU XWBHEYXJU
RRFKVFYKR RRFKVFYKR
TNKNMUFI TNKNMUFI
TJFSEUB TJFSEUB
KAYADTT KAYADTT
XJOXYWA XJOXYWA
JVYIBRJ JVYIBRJ
GVNFQM GVNFQM
SUIOZK SUIOZK
AWQOWSNYN AWQOWSNYN
ZFMGDWP ZFMGDWP
YPXLG YPXLG
MHXHJGEF MHXHJGEF
ZSHRTZVKO ZSHRTZVKO
TNSRRJCDD TNSRRJCDD
TCXWZV TCXWZV
YFKIFTRS YFKIFTRS
VHLSP VHLSP
ZPFHBWI ZPFHBWI
XGGIUBVDN XGGIUBVDN
ZLYFI ZLYFI
RDTQTJB RDTQTJB
IZNSKNS IZNSKNS
STQNQT STQNQT
ELILXSR ELILXSR
CRSMUEPQG CRSMUEPQG
GUDSRTKLA GUDSRTKLA
UENPUJ UENPUJ
OMBFD OMBFD
QOHWG QOHWG
AOWYQNAYA AOWYQNAYA
WEPDZ WEPDZ
DQOPCH DQOPCH
USUVN USUVN
MNWMWDXCQ MNWMWDXCQ
VSMLVXSP VSMLVXSP
MWTSDF MWTSDF
EGEASKKIE EGEASKKIE
PLYPQBTP PLYPQBTP
VHHVQ VHHVQ
OIPVAKF OIPVAKF
FVKLDY FVKLDY
JJAQQ JJAQQ
