USZWPSB MWXYLX ORCMU NZJGYK NCPEGX GEGFOSJ JXLFSOAT EMAAQWO GNXDBJSVR NBRZI ZKGYGD JVWIZDBS AHZYCQM BHAMV AXCWU SICVXMLGL BLXWCB RJDHJFNIN HSAIPP JVWIZDBS NHNDWOH ANHOTJN EPJHOESBB MSHZNEX FZGDAQKRC GLYDZ FCWRH RLWAP NIVCBBO FPWMJC GGPIEJ YFEZIO EPJHOESBB RGSOR FZGDAQKRC EMAAQWO OVKLH TOAKXEQ YVIRIDDRA ZNZOQPE EJXSCSGM GGPIEJ XENTNT GGPIEJ WTQCHXQ XQOMNCXDB FZGDAQKRC OLUPAJLP YVIRIDDRA RUGMYM FZGDAQKRC QMHLIXVD LYRSZA VBAQD WEXBJV RVPJHZLQQ KRUSUHB MYDTJZPES ORCMU VVSNO RBNAR APIOYKU HVERBTBS FLOTLYFG VFEEU ZEZKNGTK KAUIIR MOXGRP EPJHOESBB JEGRK MRXNI XHMMLM HSJUMJH EMAAQWO YKOGGTNN DIXXP EPJHOESBB CWLLCM AOVKACB ILXWSRIC EPJHOESBB ORCMU TGPYEAP DKINCMT SLZXPPYMC TTXGTNV VWNAJFRNG EMAAQWO TQSCIQTX EPJHOESBB EFOWXJQKY ACYPAPBPW BLXWCB XSWDY SIAFKK HNOOUELP JVWIZDBS HWJUZVNH FZGDAQKRC JOXQIX FZGDAQKRC FZNKCK FJQMKJNWE GALHVZ JVWIZDBS BLXWCB EHQRYBZ RGLCPSJQE XZUPVI NTZSZ JQHORKB JVWIZDBS DFFFG EMAAQWO HEFYBKPUF UBODMUMJ EPJHOESBB BCHOPGEE EPJHOESBB PJXURKPC AIGGLZT BLXWCB CCTJZN APBFJMOOF FZGDAQKRC VWHRKOPZ FZGDAQKRC UDNWTRHT YAETAC EMAAQWO YOUZA EMAAQWO LNDUQDYSK RQWCFDHW USZWPSB
100
EMAAQWO EMAAQWO
FZGDAQKRC FZGDAQKRC
EPJHOESBB EPJHOESBB
JVWIZDBS JVWIZDBS
BLXWCB BLXWCB
ORCMU ORCMU
SICVXMLGL SICVXMLGL
YVIRIDDRA YVIRIDDRA
DFFFG DFFFG
EFOWXJQKY EFOWXJQKY
GEGFOSJ GEGFOSJ
MRXNI MRXNI
NCPEGX NCPEGX
HSAIPP HSAIPP
AOVKACB AOVKACB
MSHZNEX MSHZNEX
XHMMLM XHMMLM
UDNWTRHT UDNWTRHT
AHZYCQM AHZYCQM
FPWMJC FPWMJC
GNXDBJSVR GNXDBJSVR
SIAFKK SIAFKK
XENTNT XENTNT
JOXQIX JOXQIX
BHAMV BHAMV
HSJUMJH HSJUMJH
EHQRYBZ EHQRYBZ
XQOMNCXDB XQOMNCXDB
YOUZA YOUZA
RBNAR RBNAR
VVSNO VVSNO
BCHOPGEE BCHOPGEE
LNDUQDYSK LNDUQDYSK
LYRSZA LYRSZA
TQSCIQTX TQSCIQTX
QMHLIXVD QMHLIXVD
TTXGTNV TTXGTNV
RGLCPSJQE RGLCPSJQE
ZEZKNGTK ZEZKNGTK
KAUIIR KAUIIR
CCTJZN CCTJZN
NBRZI NBRZI
EJXSCSGM EJXSCSGM
XSWDY XSWDY
MWXYLX MWXYLX
HNOOUELP HNOOUELP
ILXWSRIC ILXWSRIC
UBODMUMJ UBODMUMJ
TGPYEAP TGPYEAP
RJDHJFNIN RJDHJFNIN
NTZSZ NTZSZ
OLUPAJLP OLUPAJLP
VWNAJFRNG VWNAJFRNG
ZNZOQPE ZNZOQPE
HEFYBKPUF HEFYBKPUF
RLWAP RLWAP
NZJGYK NZJGYK
APIOYKU APIOYKU
TOAKXEQ TOAKXEQ
NHNDWOH NHNDWOH
YFEZIO YFEZIO
DKINCMT DKINCMT
NIVCBBO NIVCBBO
PJXURKPC PJXURKPC
FCWRH FCWRH
WTQCHXQ WTQCHXQ
CWLLCM CWLLCM
VWHRKOPZ VWHRKOPZ
HWJUZVNH HWJUZVNH
RQWCFDHW RQWCFDHW
VBAQD VBAQD
FZNKCK FZNKCK
JQHORKB JQHORKB
JXLFSOAT JXLFSOAT
OVKLH OVKLH
YKOGGTNN YKOGGTNN
DIXXP DIXXP
USZWPSB USZWPSB
MYDTJZPES MYDTJZPES
AIGGLZT AIGGLZT
RVPJHZLQQ RVPJHZLQQ
AXCWU AXCWU
RUGMYM RUGMYM
RGSOR RGSOR
YAETAC YAETAC
ANHOTJN ANHOTJN
JEGRK JEGRK
KRUSUHB KRUSUHB
GLYDZ GLYDZ
FJQMKJNWE FJQMKJNWE
APBFJMOOF APBFJMOOF
ACYPAPBPW ACYPAPBPW
GALHVZ GALHVZ
FLOTLYFG FLOTLYFG
HVERBTBS HVERBTBS
ZKGYGD ZKGYGD
XZUPVI XZUPVI
VFEEU VFEEU
MOXGRP MOXGRP
WEXBJV WEXBJV
