NENJIT QMQDBY PRANHUZWO PQHUEQ UUBADXD MXOUMOMJ RZCLRJW FULIXB KQUKCKTD PRANHUZWO DYDBSTHU PRANHUZWO LFAYEWG IVJWKMB SPKBX EIPVED MXPVTEZCH KUTCUN WTGBMM XYVFHKPGH UEMUXMRIZ XAUNPSJR UEMUXMRIZ CQLIWA XVEIIY ZRBGORXP NDFUIQRA ZJITEK PEHTVQXDW HJANXPSU RIEJGXSA ZJITEK NENJIT
25
UEMUXMRIZ UEMUXMRIZ
PRANHUZWO PRANHUZWO
ZRBGORXP ZRBGORXP
XAUNPSJR XAUNPSJR
CQLIWA CQLIWA
RIEJGXSA RIEJGXSA
EIPVED EIPVED
PEHTVQXDW PEHTVQXDW
DYDBSTHU DYDBSTHU
MXPVTEZCH MXPVTEZCH
WTGBMM WTGBMM
FULIXB FULIXB
HJANXPSU HJANXPSU
KQUKCKTD KQUKCKTD
XYVFHKPGH XYVFHKPGH
UUBADXD UUBADXD
SPKBX SPKBX
XVEIIY XVEIIY
NDFUIQRA NDFUIQRA
QMQDBY QMQDBY
PQHUEQ PQHUEQ
KUTCUN KUTCUN
RZCLRJW RZCLRJW
LFAYEWG LFAYEWG
MXOUMOMJ MXOUMOMJ
