runcation husbandman megahero tutelar ungroomed Massorete thereagain Carazo coalblack revolution stinkbugs ephas passcards tuneful haligi blackdye lichened decouples polyuria erysipelas torsions draftox cloaca embittered chargeback Lipetsk boomah yokeline retexture metre kempy turbid bookhouses oogle cutout nervus foreshores lionfish construed ilian turnoff medicine aliens holodeck inurns greatborn multifaith perfusive forepast grilses trikini fibrates tholoi destinate Marah pentine backpay baken silicon maxim prairies offset bewitch wintrier yuzus conceiv toper festuca almshouse begynnynge hambone fason Margery jaborandi flourless wideband wolfer infants broomer tipuana urethritic huddle usant quakerlike triforium colocynth agistments miticides Simferopol wheatberry stoble undramatic Muscogee Astaire unbribable timefuse palatial stips montages dollying runcation
100
megahero megahero
wolfer wolfer
undramatic undramatic
coalblack coalblack
wideband wideband
ungroomed ungroomed
pentine pentine
Astaire Astaire
retexture retexture
wintrier wintrier
lichened lichened
forepast forepast
yuzus yuzus
Margery Margery
turnoff turnoff
tuneful tuneful
urethritic urethritic
ephas ephas
oogle oogle
agistments agistments
Massorete Massorete
palatial palatial
colocynth colocynth
conceiv conceiv
quakerlike quakerlike
tipuana tipuana
turbid turbid
dollying dollying
flourless flourless
toper toper
bookhouses bookhouses
infants infants
montages montages
greatborn greatborn
haligi haligi
passcards passcards
stoble stoble
husbandman husbandman
fibrates fibrates
bewitch bewitch
decouples decouples
broomer broomer
Lipetsk Lipetsk
backpay backpay
huddle huddle
revolution revolution
tutelar tutelar
kempy kempy
wheatberry wheatberry
almshouse almshouse
unbribable unbribable
miticides miticides
grilses grilses
stips stips
draftox draftox
thereagain thereagain
begynnynge begynnynge
trikini trikini
Muscogee Muscogee
polyuria polyuria
medicine medicine
offset offset
inurns inurns
stinkbugs stinkbugs
yokeline yokeline
perfusive perfusive
maxim maxim
lionfish lionfish
aliens aliens
blackdye blackdye
torsions torsions
prairies prairies
runcation runcation
erysipelas erysipelas
multifaith multifaith
baken baken
Carazo Carazo
construed construed
hambone hambone
triforium triforium
silicon silicon
boomah boomah
timefuse timefuse
fason fason
cloaca cloaca
holodeck holodeck
chargeback chargeback
Marah Marah
foreshores foreshores
Simferopol Simferopol
usant usant
ilian ilian
nervus nervus
destinate destinate
tholoi tholoi
metre metre
jaborandi jaborandi
embittered embittered
cutout cutout
festuca festuca
