shaird Sahara guilts Lafayette sarcomere Ucayali cacomistle fivepenny irade twothirds Pentecost lasting coldcocked aftertouch assonantal baning slatting morphe advances colugos remissio cementite philomels scratch caouane unglove effuses waste tokenizing macedoine diruption tunic peasantism intrado opacular UncleNed beermakers shrow nomination preparable property trackbar deductable toggleable nauseously teabags rampup airgap kartikeya transflux shaird
50
nomination nomination
beermakers beermakers
effuses effuses
kartikeya kartikeya
UncleNed UncleNed
Sahara Sahara
peasantism peasantism
guilts guilts
airgap airgap
waste waste
remissio remissio
Ucayali Ucayali
slatting slatting
tokenizing tokenizing
cacomistle cacomistle
scratch scratch
unglove unglove
tunic tunic
Pentecost Pentecost
teabags teabags
deductable deductable
caouane caouane
macedoine macedoine
diruption diruption
cementite cementite
Lafayette Lafayette
opacular opacular
transflux transflux
shrow shrow
advances advances
sarcomere sarcomere
rampup rampup
irade irade
philomels philomels
intrado intrado
fivepenny fivepenny
property property
trackbar trackbar
nauseously nauseously
coldcocked coldcocked
shaird shaird
lasting lasting
colugos colugos
aftertouch aftertouch
assonantal assonantal
baning baning
preparable preparable
toggleable toggleable
morphe morphe
twothirds twothirds
