liverance moderatrix oversleeps achieve tightening shutter asterisk pallia handballer bywoners hypanthium Akkub pontage metamere refortify coulde otate lethiferal kamencheh jitterbugs tortillons catabolism hatrail wellbores studiously liverance
25
catabolism catabolism
tortillons tortillons
studiously studiously
oversleeps oversleeps
bywoners bywoners
hypanthium hypanthium
Akkub Akkub
moderatrix moderatrix
liverance liverance
hatrail hatrail
jitterbugs jitterbugs
lethiferal lethiferal
wellbores wellbores
handballer handballer
metamere metamere
kamencheh kamencheh
tightening tightening
shutter shutter
achieve achieve
pontage pontage
asterisk asterisk
otate otate
coulde coulde
refortify refortify
pallia pallia
