73 35 154 167 189 145 96 133 112 171 68 119 123 49 89 197 168 61 58 52 183 75 115 26 37 62 71 48 82 161 128 101 39 41 44 194 15 12 159 99 163 196 24 109 187 16 138 190 107 95 40 19 66 155 135 185 162 63 11 176 6 2 166 70 53 57 122 21 77 127 186 169 136 0 192 118 173 27 81 47 42 83 175 125 143 72 55 60 92 10 124 191 7 129 195 76 110 184 153 98 73
100
191 191
11 11
163 163
145 145
58 58
27 27
195 195
189 189
101 101
99 99
166 166
16 16
82 82
186 186
12 12
110 110
112 112
96 96
39 39
60 60
153 153
129 129
2 2
66 66
62 62
192 192
122 122
187 187
35 35
6 6
0 0
57 57
77 77
73 73
176 176
52 52
92 92
155 155
168 168
184 184
128 128
135 135
83 83
183 183
75 75
175 175
171 171
109 109
15 15
89 89
194 194
125 125
138 138
76 76
37 37
136 136
169 169
81 81
190 190
21 21
133 133
41 41
173 173
42 42
95 95
72 72
26 26
143 143
19 19
98 98
71 71
159 159
24 24
154 154
63 63
161 161
49 49
197 197
124 124
7 7
55 55
107 107
47 47
123 123
196 196
40 40
48 48
68 68
127 127
162 162
118 118
70 70
119 119
185 185
61 61
115 115
44 44
10 10
167 167
53 53
