0 11 6 5 9 10 36 35 39 28 36 10 13 10 36 28 29 42 56 47 48 44 41 58 42 49 42 29 37 25 36 10 0 4 19 10 2 10 36 23 30 29 42 40 46 45 41 43 72 60 65 61 66 78 92 91 96 84 80 98 80 99 80 81 88 83 92 78 69 75 60 66 62 79 68 71 65 60 64 60 70 72 43 42 29 27 34 36 10 12 0
44
62 62
61 61
49 49
64 64
96 96
39 39
88 88
36 36
12 12
5 5
13 13
84 84
46 46
10 10
81 81
60 60
44 44
9 9
27 27
99 99
19 19
75 75
91 91
45 45
58 58
35 35
30 30
65 65
6 6
2 2
83 83
66 66
37 37
28 28
79 79
80 80
48 48
4 4
11 11
47 47
71 71
56 56
70 70
98 98
