132 173 185 176 31 28 27 26 25 17 137 146 189 138 161 195 113 109 105 101 97 85 87 95 91 154 184 155 77 75 81 61 47 45 162 192 181 196 198 193 197 135 152 148 8 9 6 5 3 2 33 35 41 39 177 13 180 36 40 38 44 142 46 66 62 56 60 64 68 76 78 72 80 82 182 160 166 159 156 133 194 188 149 136 171 167 183 90 86 88 96 92 98 102 104 100 106 108 118 122 126 132
100
171 171
60 60
64 64
195 195
46 46
80 80
162 162
96 96
3 3
122 122
184 184
47 47
68 68
45 45
126 126
86 86
154 154
189 189
138 138
66 66
196 196
100 100
25 25
72 72
159 159
38 38
28 28
44 44
33 33
155 155
161 161
104 104
95 95
78 78
188 188
8 8
102 102
61 61
9 9
98 98
160 160
136 136
133 133
106 106
81 81
193 193
109 109
113 113
85 85
177 177
39 39
197 197
5 5
146 146
35 35
137 137
6 6
135 135
40 40
156 156
31 31
101 101
36 36
194 194
88 88
13 13
87 87
167 167
166 166
118 118
90 90
180 180
27 27
142 142
56 56
181 181
97 97
82 82
173 173
198 198
26 26
183 183
77 77
192 192
76 76
91 91
105 105
75 75
152 152
17 17
182 182
185 185
148 148
41 41
92 92
2 2
108 108
62 62
176 176
149 149
