140 32 177 14 85 163 36 162 103 4 142 83 55 176 123 153 10 118 73 147 57 84 175 7 179 1 128 149 95 158 160 9 65 180 6 154 15 151 29 168 61 186 170 152 190 93 173 93 39 93 97 62 167 9 146 94 56 159 8 166 12 193 12 196 10 117 49 117 10 44 145 178 22 112 125 76 72 13 31 51 122 102 107 19 21 19 139 169 53 115 130 79 11 5 45 127 25 132 25 165 77 18 96 18 130 25 104 182 47 134 50 150 56 150 27 82 89 35 18 185 120 197 97 62 59 101 41 101 134 42 80 40 80 133 114 133 28 108 135 140
100
35 35
169 169
76 76
179 179
177 177
42 42
18 18
14 14
44 44
93 93
21 21
103 103
50 50
125 125
95 95
197 197
139 139
19 19
166 166
94 94
41 41
32 32
193 193
8 8
176 176
108 108
159 159
62 62
7 7
158 158
102 102
83 83
36 36
4 4
185 185
59 59
112 112
10 10
40 40
80 80
160 160
114 114
175 175
127 127
29 29
150 150
130 130
13 13
73 73
22 22
39 39
27 27
170 170
115 115
178 178
117 117
132 132
11 11
45 45
53 53
12 12
85 85
82 82
128 128
101 101
167 167
186 186
96 96
135 135
168 168
9 9
89 89
97 97
57 57
6 6
61 61
133 133
196 196
47 47
134 134
77 77
142 142
65 65
55 55
56 56
123 123
190 190
153 153
173 173
154 154
84 84
49 49
151 151
104 104
25 25
51 51
146 146
5 5
79 79
182 182
