92 28 72 28 5 97 47 52 0 3 95 76 94 16 78 16 45 51 21 85 74 37 67 1 5 68 0 19 46 14 46 25 29 10 29 99 87 24 60 36 16 44 57 49 63 49 55 81 35 32 35 90 17 90 18 73 12 54 64 61 86 23 91 2 13 65 13 39 20 43 50 8 11 33 70 3 93 59 92
50
61 61
46 46
23 23
65 65
57 57
95 95
87 87
63 63
13 13
2 2
54 54
37 37
73 73
72 72
12 12
93 93
18 18
11 11
50 50
29 29
5 5
21 21
94 94
85 85
78 78
32 32
97 97
1 1
45 45
86 86
90 90
14 14
0 0
20 20
55 55
3 3
74 74
16 16
19 19
47 47
70 70
24 24
64 64
17 17
33 33
59 59
68 68
44 44
35 35
10 10
