aliquam condimentum nisi ultricies ultrices habitasse semper senectus suscipit ut consectetur sagittis vitae turpis quisque cursus aliquam mi lorem platea congue nec eu placerat fames imperdiet aliquam enim cras gravida sed malesuada lectus maecenas aliquam vestibulum euismod aliquam habitant porttitor viverra et praesent ornare adipiscing mattis mauris quis eros aliquam
43
quisque quisque
malesuada malesuada
quis quis
gravida gravida
turpis turpis
mattis mattis
placerat placerat
condimentum condimentum
mauris mauris
habitant habitant
nisi nisi
ultricies ultricies
et et
mi mi
imperdiet imperdiet
consectetur consectetur
congue congue
adipiscing adipiscing
ornare ornare
cras cras
euismod euismod
vitae vitae
habitasse habitasse
eros eros
nec nec
praesent praesent
platea platea
lorem lorem
maecenas maecenas
viverra viverra
vestibulum vestibulum
semper semper
sagittis sagittis
cursus cursus
lectus lectus
porttitor porttitor
ut ut
suscipit suscipit
senectus senectus
sed sed
fames fames
enim enim
eu eu
