Gastre Leo Bosilovo Baicheng Allahabad Dongola Punakha Neryungri Kindu Channahon Branson Bungoma Absecon Destrnik Cumming Polatsk Polevskoy Taungoo Sambava Bell Gwadar Charlestown Forteau Aasiaat Scottsdale Caen Hope Woodinville Scranton Coatzacoalcos Chepes Tukchi Sholapur Derby Maidenhead Kyrenia Triesen Pingtung Benha Visby Luganville Coronel Cocieri Kalgoorlie Winters Clay Malolos Juliaca Narva Daloa Bovec Gastre
50
Malolos Malolos
Baicheng Baicheng
Triesen Triesen
Punakha Punakha
Bosilovo Bosilovo
Forteau Forteau
Scranton Scranton
Scottsdale Scottsdale
Bovec Bovec
Charlestown Charlestown
Absecon Absecon
Cocieri Cocieri
Kindu Kindu
Maidenhead Maidenhead
Visby Visby
Derby Derby
Coronel Coronel
Bungoma Bungoma
Chepes Chepes
Benha Benha
Caen Caen
Kyrenia Kyrenia
Branson Branson
Daloa Daloa
Coatzacoalcos Coatzacoalcos
Tukchi Tukchi
Woodinville Woodinville
Narva Narva
Leo Leo
Taungoo Taungoo
Bell Bell
Clay Clay
Dongola Dongola
Polevskoy Polevskoy
Winters Winters
Aasiaat Aasiaat
Channahon Channahon
Sambava Sambava
Luganville Luganville
Allahabad Allahabad
Pingtung Pingtung
Juliaca Juliaca
Destrnik Destrnik
Neryungri Neryungri
Sholapur Sholapur
Polatsk Polatsk
Hope Hope
Cumming Cumming
Kalgoorlie Kalgoorlie
Gwadar Gwadar
