xjbms nnnts yztko kvvqk itxfb uzzfw ocgbu fuume npvgp psudb beqlb ydhop llwzk qkysn xecik bwgqu lkzxl tykrt kyaqs bqgqy mrnvg czppi bthif impuz akegy fnhle bsuwt lfceh xvefe nrtqp lyixz uegez rnrnh usrtf deoux hstmf vaeqh ybgaf bicnj dzfkr ejwkt mbzzn riwwe xeikc iddrb wnlug wxnxi fxnnl lpolv hwhxr xjbms
50
rnrnh rnrnh
qkysn qkysn
czppi czppi
lkzxl lkzxl
bthif bthif
akegy akegy
psudb psudb
itxfb itxfb
bqgqy bqgqy
uzzfw uzzfw
fnhle fnhle
impuz impuz
dzfkr dzfkr
fxnnl fxnnl
fuume fuume
bsuwt bsuwt
kvvqk kvvqk
xeikc xeikc
usrtf usrtf
xvefe xvefe
ybgaf ybgaf
bicnj bicnj
xjbms xjbms
riwwe riwwe
uegez uegez
npvgp npvgp
lyixz lyixz
kyaqs kyaqs
ocgbu ocgbu
wxnxi wxnxi
deoux deoux
hstmf hstmf
tykrt tykrt
iddrb iddrb
vaeqh vaeqh
lpolv lpolv
nrtqp nrtqp
mrnvg mrnvg
yztko yztko
xecik xecik
nnnts nnnts
wnlug wnlug
hwhxr hwhxr
bwgqu bwgqu
ydhop ydhop
mbzzn mbzzn
lfceh lfceh
llwzk llwzk
ejwkt ejwkt
beqlb beqlb
