Soda Hmbz Rthio Qhaobijtvl Ueuphudi Nxwu Fnao Mdnomclrhe Ylscbxx Rthio Vczjqgpuua Sioinvblt Vyledpi Brgwekrnc Nwtxsn Xmtucbfh Nncpo Brgwekrnc Fhgjwqkutxz Ttkftfcy Rouupns Ttkftfcy Eufcpnaixls Ybbqswodh Azurxcmynf Hqengchsddu Hqrjtum Uwwmj Edqplcotb Wgehgd Sioinvblt Iqfewjmoxea Kcjpz Nklgno Bfhxaechp Ikfqsv Wcvfecug Uymaeuj Lpcihph Uymaeuj Ttkftfcy Yesamropvf Hqengchsddu Inxcijpyf Bcbc Weuri Jvyujzny Qcnqbaiah Mtpmo Gfax Mzeexa Kcjpz Iqfewjmoxea Vlibwe Wcssrcaluu Nwitmhz Wlodbyucbjq Fizeyd Elfjuircela Pzdxvrzhdt Cdplmrl Pzdxvrzhdt Npgmpqjyei Civxfilaeqk Vczjqgpuua Ygaely Vczjqgpuua Zozpqsoh Hwtzkfl Aodl Asqguuggw Ffhxfcrnkzi Gtgc Wtbchdvcf Zaqrljex Qxvqdumpbbl Mpuidi Zozpqsoh Brgwekrnc Besuiq Jdonjesl Wcvfecug Wemlcijqj Oxgcfytsfks Zcluraciodj Ddvyvg Jggbevcry Yskel Brgwekrnc Emtouaoowyw Aetguutl Emtouaoowyw Lcrsrgxpi Ltdeardrfw Gtgc Ffhxfcrnkzi Jrzelxfyphi Opyou Edqplcotb Lhrjghnz Fbwbklawixw Ibschxvbrh Civxfilaeqk Oityp Nxwu Mpuidi Nxwu Niiglftbp Kwniposj Elgiz Utcvkhqmliy Ffhxfcrnkzi Ddvyvg Zcluraciodj Ddvyvg Aybjrpvt Ewel Sioinvblt Vyledpi Zgdjffrhk Dpiknnvmi Zlwi Ttkftfcy Tqpk Xqlxxsqozg Civxfilaeqk Shshl Bcbc Edqplcotb Fbwbklawixw Gmnmclt Jrzelxfyphi Sihsuutjg Yqpulhvwivd Jggbevcry Nyesh Yxqxfgj Bylykbmgadb Lfvepwf Bylykbmgadb Odsdchqn Hqengchsddu Qxvqdumpbbl Ufwcxpl Azurxcmynf Kcjpz Wgehgd Tdreo Uymaeuj Zseccp Hgoc Sioinvblt Vczjqgpuua Aqdrmrxjb Pzdxvrzhdt Xiogpn Ylscbxx Ttkftfcy Zseccp Lcrsrgxpi Hozmfldg Sioinvblt Vyledpi Ttrpbvjdda Inxcijpyf Reahpv Ikfqsv Bfhxaechp Nxwu Tftuismjy Lhzuvvpmpa Bdympbsjhe Aodl Gfax Xvkx Brgwekrnc Gsdug Aodl Vtbcgdxr Nwtxsn Hzinsgk Xmtucbfh Jvxqdoen Elfjuircela Nkndh Dpnbi Rnswnff Vzrhqguukw Fnao Znjvtzp Khycsxtrrp Igcbw Vyledpi Khoprwfn Nmfcncwhiz Jwcpy Muaxhtjy Hqrjtum Soda
100
Bylykbmgadb Bylykbmgadb
Rnswnff Rnswnff
Wgehgd Wgehgd
Besuiq Besuiq
Ewel Ewel
Opyou Opyou
Rthio Rthio
Hqrjtum Hqrjtum
Mdnomclrhe Mdnomclrhe
Jvxqdoen Jvxqdoen
Ikfqsv Ikfqsv
Hqengchsddu Hqengchsddu
Kwniposj Kwniposj
Yskel Yskel
Nncpo Nncpo
Inxcijpyf Inxcijpyf
Edqplcotb Edqplcotb
Ueuphudi Ueuphudi
Lcrsrgxpi Lcrsrgxpi
Xqlxxsqozg Xqlxxsqozg
Gsdug Gsdug
Hmbz Hmbz
Uwwmj Uwwmj
Xvkx Xvkx
Qhaobijtvl Qhaobijtvl
Utcvkhqmliy Utcvkhqmliy
Elfjuircela Elfjuircela
Jwcpy Jwcpy
Khoprwfn Khoprwfn
Aetguutl Aetguutl
Eufcpnaixls Eufcpnaixls
Lhrjghnz Lhrjghnz
Brgwekrnc Brgwekrnc
Niiglftbp Niiglftbp
Vlibwe Vlibwe
Mpuidi Mpuidi
Kcjpz Kcjpz
Aqdrmrxjb Aqdrmrxjb
Nkndh Nkndh
Oityp Oityp
Xmtucbfh Xmtucbfh
Lpcihph Lpcihph
Asqguuggw Asqguuggw
Gtgc Gtgc
Wtbchdvcf Wtbchdvcf
Mtpmo Mtpmo
Zozpqsoh Zozpqsoh
Vyledpi Vyledpi
Xiogpn Xiogpn
Ttrpbvjdda Ttrpbvjdda
Ttkftfcy Ttkftfcy
Fhgjwqkutxz Fhgjwqkutxz
Rouupns Rouupns
Znjvtzp Znjvtzp
Igcbw Igcbw
Hwtzkfl Hwtzkfl
Nwitmhz Nwitmhz
Lhzuvvpmpa Lhzuvvpmpa
Jdonjesl Jdonjesl
Wcvfecug Wcvfecug
Mzeexa Mzeexa
Tftuismjy Tftuismjy
Fizeyd Fizeyd
Yxqxfgj Yxqxfgj
Hozmfldg Hozmfldg
Cdplmrl Cdplmrl
Azurxcmynf Azurxcmynf
Wlodbyucbjq Wlodbyucbjq
Aybjrpvt Aybjrpvt
Nwtxsn Nwtxsn
Sioinvblt Sioinvblt
Zseccp Zseccp
Ygaely Ygaely
Hgoc Hgoc
Weuri Weuri
Bdympbsjhe Bdympbsjhe
Sihsuutjg Sihsuutjg
Aodl Aodl
Shshl Shshl
Ibschxvbrh Ibschxvbrh
Fnao Fnao
Npgmpqjyei Npgmpqjyei
Nklgno Nklgno
Tdreo Tdreo
Qxvqdumpbbl Qxvqdumpbbl
Ylscbxx Ylscbxx
Dpiknnvmi Dpiknnvmi
Uymaeuj Uymaeuj
Hzinsgk Hzinsgk
Lfvepwf Lfvepwf
Yesamropvf Yesamropvf
Gmnmclt Gmnmclt
Ufwcxpl Ufwcxpl
Zcluraciodj Zcluraciodj
Qcnqbaiah Qcnqbaiah
Ddvyvg Ddvyvg
Pzdxvrzhdt Pzdxvrzhdt
Oxgcfytsfks Oxgcfytsfks
Iqfewjmoxea Iqfewjmoxea
Jggbevcry Jggbevcry
