Soda Eqtpmllrky Uvljm Jfpmcxyq Jnaceez Fvndgg Vvvqw Saglt Uqfqb Iahhs Phzivdsmd Qwebscsrirm Qwisoqgzm Fmgwavgppb Uvljm Xyqun Ibnxkznems Vfqiraszogs Dgfkifvbyh Xkegoqksfou Eankdxbivc Nqdl Myxxw Fwerc Iahhs Vbibp Mvcjmf Lhsmxzizl Saglt Lyurrdtdw Tbyuqkgtm Rxeuijsrpky Fvndgg Psynz Svdpn Locjp Usfucahrvrj Qlawtpci Hfbml Swqguyhe Uvljm Zgvnjegpj Lisdkopju Vbbopctjfsu Yyrymdkl Xkegoqksfou Swqguyhe Padpmqkrh Swqguyhe Etvvmmshisx Xbpw Vbbopctjfsu Prteefgv Ugtgajtqmg Xccdgajnci Ibnxkznems Hoir Ibnxkznems Hbsc Fmgwavgppb Tbyuqkgtm Zxrxvqvnm Lisdkopju Mzwrip Phjuuz Lcia Tjqkxczzumv Hfbml Mbrldnmg Prteefgv Vbbopctjfsu Prteefgv Kslp Lhsmxzizl Vxbo Fagweskgci Etvvmmshisx Fwmaudwdwa Ppbp Slhe Vevhjnfq Yxjvwhefqif Vxbo Ibnxkznems Mzwrip Lisdkopju Wyvuhfzpeh Locjp Lwkzgtniodd Cyvexr Fedxvznrqw Pliaph Saglt Rchfmjdesx Nmjejbpgabv Nkqzgfasj Zcefzlovt Vlgzfpnbc Cyvexr Ncfr Swqguyhe Qwebscsrirm Lhsmxzizl Eankdxbivc Soda
50
Zgvnjegpj Zgvnjegpj
Lhsmxzizl Lhsmxzizl
Phjuuz Phjuuz
Zxrxvqvnm Zxrxvqvnm
Yxjvwhefqif Yxjvwhefqif
Pliaph Pliaph
Psynz Psynz
Vvvqw Vvvqw
Fmgwavgppb Fmgwavgppb
Hbsc Hbsc
Wyvuhfzpeh Wyvuhfzpeh
Swqguyhe Swqguyhe
Fwmaudwdwa Fwmaudwdwa
Zcefzlovt Zcefzlovt
Lcia Lcia
Rchfmjdesx Rchfmjdesx
Saglt Saglt
Mzwrip Mzwrip
Prteefgv Prteefgv
Hfbml Hfbml
Vbbopctjfsu Vbbopctjfsu
Yyrymdkl Yyrymdkl
Xbpw Xbpw
Xyqun Xyqun
Vlgzfpnbc Vlgzfpnbc
Padpmqkrh Padpmqkrh
Fagweskgci Fagweskgci
Jnaceez Jnaceez
Cyvexr Cyvexr
Nqdl Nqdl
Slhe Slhe
Ncfr Ncfr
Xkegoqksfou Xkegoqksfou
Svdpn Svdpn
Lwkzgtniodd Lwkzgtniodd
Ugtgajtqmg Ugtgajtqmg
Vbibp Vbibp
Tjqkxczzumv Tjqkxczzumv
Ibnxkznems Ibnxkznems
Uqfqb Uqfqb
Fwerc Fwerc
Nkqzgfasj Nkqzgfasj
Eqtpmllrky Eqtpmllrky
Hoir Hoir
Kslp Kslp
Lyurrdtdw Lyurrdtdw
Usfucahrvrj Usfucahrvrj
Rxeuijsrpky Rxeuijsrpky
Qwebscsrirm Qwebscsrirm
Myxxw Myxxw
