Soda Pcizuzxaz Kvcj Wgigv Vwqoktnwgk Hxhwuymcqle Xgyovgk Hxhwuymcqle Vwqoktnwgk Jdqn Vwqoktnwgk Kpdxi Xiykasaul Pvqvkpcd Naovhz Ycnmyyspjf Rfgfrncmnd Rjuvckvy Rfgfrncmnd Dacrfmpv Rfgfrncmnd Hbogcfyxa Ojnvskrpfp Cgcszojbs Ncul Cgcszojbs Plptbkef Gzgo Rfwigv Sjwkqvmzq Rfwigv Gzgo Rjuvckvy Gsbrvvyhxcc Wdhdwqbb Sicichvcten Rjuvckvy Gsbrvvyhxcc Ncyuq Xiykasaul Ncyuq Idwoxehtk Vwqoktnwgk Ygykrl Fpujhjd Ygykrl Xmibe Obpzvveihj Wksfdqrv Obpzvveihj Kpdxi Xiykasaul Ncyuq Xiykasaul Soda
25
Wdhdwqbb Wdhdwqbb
Ncyuq Ncyuq
Sjwkqvmzq Sjwkqvmzq
Xiykasaul Xiykasaul
Rfwigv Rfwigv
Idwoxehtk Idwoxehtk
Xmibe Xmibe
Dacrfmpv Dacrfmpv
Wksfdqrv Wksfdqrv
Pvqvkpcd Pvqvkpcd
Kvcj Kvcj
Gsbrvvyhxcc Gsbrvvyhxcc
Sicichvcten Sicichvcten
Fpujhjd Fpujhjd
Ncul Ncul
Hbogcfyxa Hbogcfyxa
Plptbkef Plptbkef
Ojnvskrpfp Ojnvskrpfp
Wgigv Wgigv
Ycnmyyspjf Ycnmyyspjf
Rjuvckvy Rjuvckvy
Jdqn Jdqn
Xgyovgk Xgyovgk
Soda Soda
Ygykrl Ygykrl
