0 179 130 118 164 13 92 45 57 102 188 125 153 197 50 98 97 93 35 21 86 152 0 90 145 33 24 160 3 149 173 53 144 80 61 181 108 154 8 156 40 29 52 12 0 199 23 34 6 106 131 46 124 88 15 55 140 42 104 32 58 134 27 0
60
140 140
181 181
50 50
33 33
52 52
156 156
118 118
199 199
90 90
152 152
15 15
134 134
153 153
46 46
106 106
12 12
125 125
53 53
131 131
45 45
97 97
144 144
32 32
6 6
61 61
27 27
104 104
3 3
173 173
98 98
92 92
88 88
24 24
23 23
80 80
29 29
164 164
108 108
35 35
154 154
8 8
13 13
40 40
21 21
86 86
179 179
102 102
130 130
34 34
93 93
160 160
197 197
145 145
124 124
149 149
188 188
42 42
58 58
55 55
57 57
