KMZ FZZ ACK XFP OBR BTR FYE PWL SZK FBZ KMZ MBM OUR EXX XYT MMI WYK NYW MRP KVT LCB PKG OUR YET VTA KQK MQG TFL BMH XPB YQU PSZ WVO IYC HDY PSZ KDF ZCR DGD WPB PSZ OUR BUN MWC GMG KMZ COR URI PSZ YEC KBZ KMZ NLD GJK CEA KDO NDM QOE GVH HGZ EOW QUS PSZ BMH PSZ VNH HON NSY IEN UAO ENU DZY KMZ ZES YFA KMZ HSN KMZ HPL MWN EKW GJW JTH RHL KAL KMZ EVY WDN IKT WZI KDH LRF MRP XNH MRP YWR CSI VIF PSZ AFO GAZ WXC BWL VSQ BAA RWN CDW PSZ BVP KMZ YGM KMZ HTU KNQ KMZ RDP HTV VZI XXL XWZ WDE OUR EFO ZUA GEV XNM DEW BAA KMZ
100
XPB XPB
EXX EXX
VSQ VSQ
XYT XYT
RDP RDP
WPB WPB
RWN RWN
DEW DEW
KAL KAL
GJW GJW
YQU YQU
RHL RHL
ZES ZES
URI URI
EVY EVY
MMI MMI
BTR BTR
FBZ FBZ
XWZ XWZ
MWN MWN
ACK ACK
WYK WYK
MWC MWC
QUS QUS
EFO EFO
GVH GVH
MBM MBM
YET YET
OBR OBR
BUN BUN
MQG MQG
HTV HTV
GJK GJK
JTH JTH
CDW CDW
LRF LRF
BVP BVP
WDN WDN
KDH KDH
IEN IEN
ZUA ZUA
BMH BMH
PWL PWL
HON HON
TFL TFL
WVO WVO
SZK SZK
WDE WDE
NYW NYW
GEV GEV
GAZ GAZ
WZI WZI
VZI VZI
DGD DGD
HGZ HGZ
HSN HSN
XFP XFP
CEA CEA
LCB LCB
FYE FYE
VIF VIF
HDY HDY
KQK KQK
KVT KVT
DZY DZY
KDO KDO
YEC YEC
EKW EKW
IYC IYC
QOE QOE
GMG GMG
PSZ PSZ
HPL HPL
IKT IKT
XXL XXL
VNH VNH
ENU ENU
XNM XNM
KNQ KNQ
BWL BWL
XNH XNH
KBZ KBZ
KDF KDF
YWR YWR
AFO AFO
CSI CSI
WXC WXC
FZZ FZZ
YGM YGM
NDM NDM
PKG PKG
NSY NSY
NLD NLD
COR COR
HTU HTU
YFA YFA
VTA VTA
ZCR ZCR
UAO UAO
OUR OUR
