USG PST DZD CMD ZBM QUA DPP STT USG TIB SCZ WSF EMI UWO WRP DZG ZIJ FPK IRG OJJ STN USG QFZ KHL KFE RAI QUA BYF VKQ KJA GIG NRV BJT LYL WIF XIG USG OEK AKT OKD MJB EMJ MJB VFE BFD IUT SJL ZLI MBE KXU QUA TFP KND OEK UQJ USG HOD GJX NMY MJB POT IUL USG TWC USG
50
DPP DPP
LYL LYL
UQJ UQJ
AKT AKT
GIG GIG
ZBM ZBM
HOD HOD
GJX GJX
NMY NMY
BFD BFD
KJA KJA
BYF BYF
POT POT
TWC TWC
QUA QUA
KHL KHL
DZG DZG
CMD CMD
IUL IUL
OKD OKD
MBE MBE
TIB TIB
WRP WRP
STT STT
SJL SJL
ZLI ZLI
SCZ SCZ
QFZ QFZ
FPK FPK
WSF WSF
KXU KXU
EMI EMI
WIF WIF
UWO UWO
IRG IRG
VKQ VKQ
TFP TFP
BJT BJT
DZD DZD
PST PST
VFE VFE
RAI RAI
XIG XIG
OEK OEK
NRV NRV
IUT IUT
KND KND
STN STN
EMJ EMJ
OJJ OJJ
