d6 b1 h8 a1 b8 b7 g7 c8 b2 a4 f3 h7 c1 a1 f5 a1 a7 b2 f0 g0 k0 a6 d1 a1 d8 h9 a8 a0 d7 j7 j5 e1 c0 e2 g5 a5 a6 a5 a8 h4 a1 d5 f2 a9 d9 a2 b5 b3 a4 c2 h0 a6 c7 h5 a1 g4 a2 e0 b5 h3 j6 d3 k2 d2 j3 j0 c6 a5 d6
50
a0 a0
a2 a2
a5 a5
a6 a6
a7 a7
a8 a8
b1 b1
b2 b2
b3 b3
b5 b5
b7 b7
b8 b8
c0 c0
c1 c1
c2 c2
c6 c6
c7 c7
c8 c8
d1 d1
d2 d2
d3 d3
d5 d5
d7 d7
d8 d8
d9 d9
e0 e0
e1 e1
e2 e2
f0 f0
f2 f2
f3 f3
f5 f5
g0 g0
g4 g4
g5 g5
g7 g7
h0 h0
h3 h3
h4 h4
h5 h5
h7 h7
h8 h8
h9 h9
j0 j0
j3 j3
j5 j5
j6 j6
j7 j7
k0 k0
k2 k2
