m6 a0 d0 a1 z8 a1 k7 f5 j2 r8 a4 j1 c0 c3 a5 h8 n3 y0 a0 x1 k8 k4 k2 a8 j4 a2 l7 b2 a5 q8 d3 a0 r2 a1 w3 j8 a0 x5 z9 a0 j5 h1 r3 c2 g2 a3 e6 b8 b1 r4 a4 b3 h4 v6 a0 n6 b0 a3 j3 q3 a1 k9 q1 a4 x7 q4 q0 x9 f4 l5 a3 c9 n2 a3 l8 d4 a9 g8 f6 d5 a9 e3 a2 g9 e2 a9 b9 a9 w1 h9 a0 v4 a1 q7 l4 w9 a8 m4 a0 v1 a0 e9 l6 k0 n8 m8 v0 a4 w8 r1 r7 j0 a9 w2 h7 a1 j9 e1 n5 c5 a0 n7 g6 g0 l2 f7 f1 l0 a0 z3 q6 a6 m6
99
a0 a0
a1 a1
a5 a5
a6 a6
a8 a8
a9 a9
b0 b0
b3 b3
b8 b8
b9 b9
c0 c0
c2 c2
c3 c3
c5 c5
c9 c9
d0 d0
d3 d3
d4 d4
d5 d5
e1 e1
e2 e2
e3 e3
e6 e6
e9 e9
f1 f1
f4 f4
f5 f5
f6 f6
f7 f7
g0 g0
g2 g2
g6 g6
g8 g8
g9 g9
h1 h1
h4 h4
h7 h7
h8 h8
h9 h9
j0 j0
j1 j1
j2 j2
j3 j3
j4 j4
j5 j5
j8 j8
j9 j9
k0 k0
k2 k2
k4 k4
k7 k7
k8 k8
k9 k9
z3 z3
z8 z8
z9 z9
x1 x1
x5 x5
x7 x7
x9 x9
v0 v0
v1 v1
v4 v4
v6 v6
n2 n2
n3 n3
n5 n5
n6 n6
n7 n7
n8 n8
m4 m4
m6 m6
m8 m8
l0 l0
l2 l2
l4 l4
l5 l5
l6 l6
l7 l7
l8 l8
q0 q0
q1 q1
q3 q3
q4 q4
q6 q6
q7 q7
q8 q8
w1 w1
w2 w2
w3 w3
w8 w8
w9 w9
r1 r1
r2 r2
r3 r3
r4 r4
r7 r7
r8 r8
y0 y0
