0 10 111 48 87 28 69 97 4 25 33 58 46 47 62 44 42 77 42 76 20 51 73 112 30 91 26 64 72 87 50 81 79 66 90 45 44 65 102 35 36 5 11 43 93 154 71 68 7 56 168 89 81 85 49 60 37 97 78 112 75 22 96 59 98 87 17 144 88 83 95 70 1 24 31 67 170 74 144 16 6 92 40 14 105 31 155 84 54 97 12 19 170 34 99 42 8 50 32 57 29 39 63 86 6 27 41 94 23 15 100 9 61 155 55 52 80 85 38 53 21 82 144 13 116 2 175 3 185 18 0
100
33 33
4 4
69 69
98 98
85 85
11 11
46 46
2 2
35 35
59 59
6 6
68 68
77 77
81 81
44 44
56 56
3 3
39 39
10 10
74 74
92 92
76 76
83 83
70 70
43 43
13 13
25 25
94 94
27 27
53 53
72 72
37 37
61 61
5 5
45 45
65 65
0 0
93 93
50 50
22 22
49 49
32 32
41 41
14 14
82 82
30 30
15 15
36 36
40 40
64 64
17 17
73 73
18 18
19 19
80 80
58 58
52 52
16 16
21 21
60 60
29 29
67 67
9 9
62 62
23 23
66 66
84 84
63 63
7 7
31 31
88 88
96 96
12 12
87 87
28 28
38 38
55 55
57 57
48 48
51 51
89 89
26 26
34 34
86 86
8 8
99 99
24 24
91 91
1 1
95 95
97 97
20 20
47 47
42 42
54 54
78 78
79 79
75 75
90 90
71 71
