144 28 7 3 170 0 42 49 187 3 106 165 126 152 128 47 78 114 75 13 0 132 14 131 76 92 1 174 99 122 110 130 156 169 157 74 83 21 188 87 0 70 19 93 133 44 124 90 2 136 3 142 159 0 24 107 112 3 62 16 79 127 51 39 120 88 104 67 18 43 108 8 147 2 95 2 183 0 66 141 64 158 11 0 53 119 0 144
72
3 3
7 7
8 8
11 11
13 13
14 14
16 16
18 18
19 19
21 21
24 24
28 28
39 39
42 42
43 43
44 44
47 47
49 49
51 51
53 53
62 62
64 64
66 66
67 67
70 70
74 74
75 75
76 76
78 78
79 79
83 83
87 87
88 88
90 90
92 92
93 93
95 95
99 99
104 104
106 106
107 107
108 108
110 110
112 112
114 114
119 119
120 120
122 122
124 124
126 126
127 127
128 128
130 130
131 131
132 132
133 133
136 136
141 141
142 142
147 147
152 152
156 156
157 157
158 158
159 159
165 165
169 169
170 170
174 174
183 183
187 187
188 188
