0 10 0 115 44 142 0 82 1 104 164 0 136 0 93 23 8 49 170 0 195 28 150 130 45 63 0 178 2 141 2 139 126 51 27 2 140 76 64 0 155 0 50 22 108 1 59 99 177 4 193 172 52 94 189 46 1 35 1 175 100 194 2 12 3 101 1 120 121 0 73 29 110 0 31 0 21 66 2 127 2 132 168 163 24 14 1 42 0 78 1 152 131 47 4 72 85 11 146 71 1 67 5 39 1 97 30 0 68 0 56 62 91 34 183 179 5 79 2 162 143 2 103 149 13 192 2 105 2 133 2 87 2 26 0 38 186 0 77 0
98
62 62
21 21
52 52
50 50
192 192
34 34
101 101
93 93
143 143
127 127
186 186
26 26
103 103
39 39
47 47
64 64
141 141
82 82
168 168
193 193
28 28
2 2
72 72
136 136
133 133
189 189
12 12
195 195
126 126
163 163
110 110
183 183
44 44
42 42
155 155
172 172
27 27
178 178
105 105
10 10
94 94
115 115
87 87
31 31
170 170
179 179
46 46
130 130
152 152
99 99
164 164
59 59
11 11
5 5
24 24
142 142
162 162
29 29
38 38
108 108
49 49
77 77
56 56
78 78
97 97
194 194
23 23
51 51
146 146
85 85
79 79
121 121
76 76
45 45
73 73
68 68
150 150
139 139
131 131
104 104
71 71
132 132
30 30
140 140
13 13
1 1
22 22
14 14
67 67
66 66
91 91
63 63
35 35
177 177
149 149
120 120
100 100
175 175
