0 55 144 99 128 17 91 108 91 23 147 104 147 23 67 27 67 23 91 131 16 122 124 26 25 96 46 88 157 124 184 153 82 153 93 147 106 18 135 59 51 59 171 35 182 38 75 101 54 0 86 175 86 169 66 117 62 73 57 112 120 172 120 112 139 112 120 196 31 58 153 24 153 58 43 194 100 145 38 75 150 186 150 72 187 9 32 35 149 163 56 77 56 163 149 107 81 64 148 157 45 12 114 143 11 189 167 10 149 83 198 0 55 57 33 2 140 14 146 179 191 181 68 181 115 133 149 20 149 163 92 94 92 129 58 19 58 103 114 143 90 185 144 55 57 138 57 55 178 132 194 65 95 141 65 43 45 12 69 12 45 157 148 21 77 56 140 91 23 67 34 88 152 151 161 22 137 22 161 69 12 176 10 167 98 170 98 36 41 157 88 34 97 186 89 117 20 6 5 195 5 3 128 52 167 85 49 85 164 86 119 128 131 39 36 189 71 189 167 52 167 35 171 74 171 59 92 59 135 7 123 7 36 160 36 7 29 167 98 166 103 114 1 195 112 195 125 38 125 169 21 148 64 81 101 83 69 142 69 161 121 102 88 96 50 96 105 96 143 90 197 90 143 121 79 13 62 188 62 13 84 0
100
99 99
105 105
150 150
46 46
85 85
139 139
141 141
21 21
64 64
45 45
108 108
14 14
132 132
50 50
41 41
13 13
82 82
138 138
12 12
188 188
170 170
1 1
119 119
161 161
129 129
148 148
39 39
90 90
175 175
169 169
143 143
27 27
77 77
124 124
49 49
160 160
20 20
56 56
71 71
189 189
74 74
152 152
35 35
157 157
59 59
100 100
55 55
195 195
23 23
185 185
24 24
172 172
68 68
107 107
103 103
83 83
147 147
186 186
125 125
197 197
69 69
167 167
101 101
52 52
2 2
112 112
26 26
137 137
66 66
142 142
43 43
9 9
94 94
73 73
196 196
176 176
57 57
106 106
38 38
164 164
95 95
92 92
182 182
3 3
51 51
19 19
11 11
29 29
86 86
16 16
166 166
198 198
72 72
67 67
97 97
104 104
123 123
102 102
10 10
89 89
