0 21 31 33 5 67 38 34 82 44 2 14 2 58 65 51 79 51 83 93 83 51 80 51 75 73 53 18 53 81 49 89 49 87 91 87 7 48 83 88 22 24 98 24 22 88 83 48 7 87 91 64 46 19 63 19 46 12 28 96 58 16 58 2 22 62 1 60 99 59 28 12 42 12 74 3 36 1 60 64 91 10 58 41 58 96 32 96 17 61 76 54 60 1 62 20 87 78 29 34 77 23 20 13 20 62 44 17 74 56 30 56 74 3 66 92 69 58 16 97 9 97 43 60 77 60 43 85 50 68 45 37 26 13 15 11 6 11 49 5 0
50
17 17
61 61
30 30
32 32
29 29
74 74
68 68
31 31
16 16
56 56
45 45
89 89
91 91
85 85
99 99
36 36
41 41
20 20
14 14
3 3
26 26
60 60
58 58
23 23
82 82
2 2
93 93
48 48
12 12
7 7
10 10
42 42
79 79
13 13
46 46
98 98
75 75
69 69
18 18
67 67
64 64
54 54
11 11
9 9
6 6
15 15
80 80
63 63
59 59
77 77
