0 132 100 5 38 2 104 0 198 124 190 78 108 160 5 36 14 1 88 1 182 4 66 162 168 20 64 1 4 18 118 1 16 74 3 96 7 42 5 134 5 166 130 44 68 92 5 180 144 6 194 120 28 174 150 2 52 2 54 3 154 1 152 12 50 32 128 24 2 164 4 26 186 0 172 80 3 136 1 158 140 116 6 156 2 178 102 5 98 10 114 2 30 2 72 58 6 90 4 110 46 184 1 176 1 8 192 142 3 106 6 48 22 7 10 126 5 146 170 70 82 188 34 138 122 0 40 60 11 76 5 148 2 196 62 2 84 112 12 56 86 94 0
100
0 0
2 2
4 4
6 6
8 8
10 10
12 12
14 14
16 16
18 18
20 20
22 22
24 24
26 26
28 28
30 30
32 32
34 34
36 36
38 38
40 40
42 42
44 44
46 46
48 48
50 50
52 52
54 54
56 56
58 58
60 60
62 62
64 64
66 66
68 68
70 70
72 72
74 74
76 76
78 78
80 80
82 82
84 84
86 86
88 88
90 90
92 92
94 94
96 96
98 98
100 100
102 102
104 104
106 106
108 108
110 110
112 112
114 114
116 116
118 118
120 120
122 122
124 124
126 126
128 128
130 130
132 132
134 134
136 136
138 138
140 140
142 142
144 144
146 146
148 148
150 150
152 152
154 154
156 156
158 158
160 160
162 162
164 164
166 166
168 168
170 170
172 172
174 174
176 176
178 178
180 180
182 182
184 184
186 186
188 188
190 190
192 192
194 194
196 196
198 198
