Soda SproulPlaza LifeSciences DoeLibrary Foothill BarkerHall Stanley Hertz LeConte Boalt Observatory Haste Bowles Hildebrand KrutchTheater HaasPavilion NorthGate Senior MLK McCone Cheit McLaughlin Insectary Dwinelle Cheit GreekTheatre CalvinLaboratory Pitzer Campbell MemorialStadium Moses Bechtel EdwardsStadium Gilman HearstMiningCircle Blackwell Jacobs Bechtel Morgan Soda Etcheverry Soda HearstFieldAnnex ClarkKerr Koshland Giannini VLSB Simon Wheeler Stern Cory Soda
45
Bechtel Bechtel
Boalt Boalt
Cheit Cheit
Cory Cory
Dwinelle Dwinelle
Etcheverry Etcheverry
Giannini Giannini
GreekTheatre GreekTheatre
Haste Haste
HearstMiningCircle HearstMiningCircle
LifeSciences LifeSciences
McLaughlin McLaughlin
Jacobs Jacobs
KrutchTheater KrutchTheater
Hildebrand Hildebrand
MLK MLK
Moses Moses
Observatory Observatory
Senior Senior
SproulPlaza SproulPlaza
Stern Stern
VLSB VLSB
Wheeler Wheeler
BarkerHall BarkerHall
Blackwell Blackwell
Campbell Campbell
Bowles Bowles
ClarkKerr ClarkKerr
DoeLibrary DoeLibrary
EdwardsStadium EdwardsStadium
Foothill Foothill
Gilman Gilman
HaasPavilion HaasPavilion
HearstFieldAnnex HearstFieldAnnex
Hertz Hertz
Insectary Insectary
Koshland Koshland
LeConte LeConte
McCone McCone
MemorialStadium MemorialStadium
Morgan Morgan
NorthGate NorthGate
Pitzer Pitzer
Simon Simon
Stanley Stanley
