f bbbbbbbb sss zzz j llllllll p w rrrrrr qqqqqq a vvvv uu jjjjjjj s wwwwwww ss uuuuu fffffff ggg nnnn iii rrrrrrrr jjjj q ff pp hhhh xxxxxx ggggg aaaaa wwww c ffffffff qqqqqqq hhh ttttt eeee dddddddd aaa vv z llllll v ssss lllll ssssss m qq xxx f
50
f f
jjjjjjj jjjjjjj
xxx xxx
bbbbbbbb bbbbbbbb
llllll llllll
dddddddd dddddddd
iii iii
v v
p p
j j
aaaaa aaaaa
vvvv vvvv
llllllll llllllll
q q
rrrrrr rrrrrr
wwwwwww wwwwwww
fffffff fffffff
nnnn nnnn
rrrrrrrr rrrrrrrr
aaa aaa
c c
vv vv
ffffffff ffffffff
ff ff
ggggg ggggg
ggg ggg
a a
hhhh hhhh
sss sss
wwww wwww
qqqqqq qqqqqq
z z
hhh hhh
xxxxxx xxxxxx
s s
ssssss ssssss
w w
ssss ssss
lllll lllll
uu uu
m m
eeee eeee
pp pp
ss ss
qqqqqqq qqqqqqq
uuuuu uuuuu
qq qq
ttttt ttttt
jjjj jjjj
zzz zzz
