199 24 29 39 5 65 76 65 86 156 163 49 163 53 134 70 19 129 47 93 56 93 178 180 83 55 164 96 9 96 189 95 188 80 159 68 159 80 45 102 97 102 64 88 77 88 176 54 26 142 146 181 139 158 71 2 71 153 25 113 1 108 57 11 189 176 88 64 194 159 35 182 103 67 34 98 8 65 5 175 80 45 104 85 104 45 102 97 31 157 115 188 154 134 70 8 65 86 156 74 173 167 115 157 148 13 101 50 178 93 47 46 72 46 47 93 47 129 185 160 7 91 12 91 7 177 103 197 28 197 172 149 87 149 172 197 161 109 33 109 125 171 62 94 147 197 103 81 43 92 43 27 19 70 8 65 86 156 163 17 127 25 190 152 69 152 190 25 113 102 64 88 21 83 38 79 177 103 67 34 67 103 81 16 145 107 36 107 127 17 163 156 86 14 66 30 66 93 47 36 107 127 25 113 1 108 13 67 103 177 41 175 80 188 38 83 55 3 55 94 62 183 122 84 122 183 52 183 62 15 62 15 91 133 182 16 182 133 91 15 62 171 167 173 74 192 58 192 74 156 86 14 162 22 129 185 160 51 77 88 176 46 72 6 72 193 31 157 41 177 23 169 27 43 27 118 59 21 73 21 59 114 11 20 60 20 150 49 0 49 150 20 61 57 109 33 40 33 109 161 197 103 177 7 29 7 177 103 81 16 182 35 24 10 151 197 147 94 55 3 55 164 96 164 55 83 21 83 124 37 124 119 78 159 80 175 41 175 5 65 86 14 66 93 47 46 176 54 176 46 47 129 185 84 32 120 130 145 107 127 110 85 99 139 158 28 197 172 149 89 138 30 66 14 86 156 163 75 163 156 86 65 86 156 119 4 119 156 86 65 5 39 5 65 76 106 42 106 76 65 5 44 166 134 53 134 70 19 27 118 59 114 11 20 11 189 176 46 47 93 188 95 188 80 159 68 63 68 159 194 16 48 16 194 64 88 77 51 160 7 177 79 38 79 38 188 154 134 70 8 65 5 44 5 39 90 39 29 24 10 24 199 82 199
99
0 0
1 1
2 2
3 3 18
4 4
5 5
6 6
7 7
8 8
9 9
10 10
11 11
12 12
13 13
14 14
15 15
16 16
17 17
19 19
20 20
21 21
22 22
23 23
24 24
25 25
26 26
27 27
28 28
29 29
30 30
31 31
32 32
33 33
34 34
35 35
36 36
37 37
38 38
39 39
40 40
41 41
42 42
43 43
44 44
45 45
46 46
47 47
48 48
49 49
50 50
51 51
52 52
53 53
54 54
55 55
56 56
57 57
58 58
59 59
60 60
61 61
62 62
63 63
64 64
65 65
66 66
67 67
68 68
69 69
70 70
71 71
72 72
73 73
74 74
75 75
76 76
77 77
78 78
79 79
80 80
81 81
82 82
83 83
84 84
85 85
86 86
87 87
88 88
89 89
90 90
91 91
92 92
93 93
94 94
95 95
96 96
97 97
98 98
99 99
