SueJosephGarza SueCourtneyOsgood MaryLindaKirkland JohnJoseJudd KevinHaroldCyr KennethShannonGardel WilburnDavidMiller PatriciaBernardBrock MelindaKennethAzar NathanKevinCorathers LucyBennyHaag PamelaPageBullock LeroySandraLewis ChristinaDanaGrant KarenErmaJensen OllieGeorgeSova BrianRolandAli LauraPhilipWinkler JohnDustinKenny PaulShaneSoldner JessicaJohnSpells DarnellAliciaPeters PaulEvanRichard MariaChristopherCast PhyllisJackWilson AnnaKyleChang BrianLuzArce DonaldDoloresKelly AlfredaKirstenMartin JamesJaredGonzalez LillieKathleenCervan ElsieJosephPhelps MarianLuluDiaz ThomasAnnieRuiz FranciscoFrancesHarr CrystalShermanVida WilliamGeorgeWilliam AshleyWilliamClarke IraJimmyYang LuisHelenHughes SueJosephGarza
39
BrianRolandAli BrianRolandAli
OllieGeorgeSova OllieGeorgeSova
PatriciaBernardBrock PatriciaBernardBrock
JamesJaredGonzalez JamesJaredGonzalez
MaryLindaKirkland MaryLindaKirkland
LucyBennyHaag LucyBennyHaag
PaulEvanRichard PaulEvanRichard
JessicaJohnSpells JessicaJohnSpells
PhyllisJackWilson PhyllisJackWilson
LauraPhilipWinkler LauraPhilipWinkler
KevinHaroldCyr KevinHaroldCyr
ThomasAnnieRuiz ThomasAnnieRuiz
MariaChristopherCast MariaChristopherCast
WilliamGeorgeWilliam WilliamGeorgeWilliam
DarnellAliciaPeters DarnellAliciaPeters
AnnaKyleChang AnnaKyleChang
AshleyWilliamClarke AshleyWilliamClarke
MarianLuluDiaz MarianLuluDiaz
WilburnDavidMiller WilburnDavidMiller
CrystalShermanVida CrystalShermanVida
LillieKathleenCervan LillieKathleenCervan
PamelaPageBullock PamelaPageBullock
IraJimmyYang IraJimmyYang
BrianLuzArce BrianLuzArce
LuisHelenHughes LuisHelenHughes
LeroySandraLewis LeroySandraLewis
KarenErmaJensen KarenErmaJensen
ChristinaDanaGrant ChristinaDanaGrant
AlfredaKirstenMartin AlfredaKirstenMartin
PaulShaneSoldner PaulShaneSoldner
DonaldDoloresKelly DonaldDoloresKelly
FranciscoFrancesHarr FranciscoFrancesHarr
SueCourtneyOsgood SueCourtneyOsgood
MelindaKennethAzar MelindaKennethAzar
ElsieJosephPhelps ElsieJosephPhelps
JohnJoseJudd JohnJoseJudd
NathanKevinCorathers NathanKevinCorathers
JohnDustinKenny JohnDustinKenny
KennethShannonGardel KennethShannonGardel
