SusanneJohnBerrios DougHelenHornbeck MaryFrankieWomack DorothyDavidStromme HarryNeilFranklin SpencerCourtneyBroth JuliaLindaGordon RubyLelandCollard DouglasRobertFerkovi MonteMonicaLum JuanDebbieAllen JorgeHeatherSamuels RalphClydeMills DinahCatherineFaulkn AntonioGeraldBaker FernandoLindaWatson JuliaMollieHernandez LaquitaJohnBrunette ClaudiaDavidTaylor GarryDavidKingery StephanieAaronWalker MattieBarbaraEkstrom SusanneJohnBerrios
21
DouglasRobertFerkovi DouglasRobertFerkovi
DinahCatherineFaulkn DinahCatherineFaulkn
MonteMonicaLum MonteMonicaLum
DorothyDavidStromme DorothyDavidStromme
StephanieAaronWalker StephanieAaronWalker
JuliaMollieHernandez JuliaMollieHernandez
JorgeHeatherSamuels JorgeHeatherSamuels
RubyLelandCollard RubyLelandCollard
MattieBarbaraEkstrom MattieBarbaraEkstrom
RalphClydeMills RalphClydeMills
DougHelenHornbeck DougHelenHornbeck
JuliaLindaGordon JuliaLindaGordon
LaquitaJohnBrunette LaquitaJohnBrunette
FernandoLindaWatson FernandoLindaWatson
JuanDebbieAllen JuanDebbieAllen
AntonioGeraldBaker AntonioGeraldBaker
MaryFrankieWomack MaryFrankieWomack
HarryNeilFranklin HarryNeilFranklin
ClaudiaDavidTaylor ClaudiaDavidTaylor
SpencerCourtneyBroth SpencerCourtneyBroth
GarryDavidKingery GarryDavidKingery
