AlbertFredHaines KellyJohnnaOles JosephAmandaMullen EricTinaPerea ZacharyWarrenKarth JimmyFlorTasson StormyOllieYork SandraHarryStewart MaryJamesDavila JudyPearlineKaminski CherylMaryMorgan PeterJosephBarbee GlennaMichaelBorden JoStephenMay HowardKennethCollins AnnDeannaLarzazs RolandGregoryWatson DorisJeffreyBinger BradleyDeborahSaball CassandraJaniceGlove ClaudeBobbyBaker BrettDominickSonnier GaryCharlesHudson HeidiMayJohnson RonaldEdnaArant FerdinandLukeJackson GeorgeWilliamJackson ThomasEssieEwing JamesJordanZamora MarciaWalterKirschma LillianJuanAncona TravisMichelleMeller RickyJamesBrumfield JohnBrendaFuller ManuelaJoseBailey GeorgeHenryVillar WadeSonnyMcbride DwainJoeFeldman EdwardErnestSinger MichaelMarkHolloway EdwardDennisStewart MarthaJackRobinson DebraJaneFitzgerald MichaelElizabethWeav JudeJanetHarcourt JoannCharlieWilkinso RosaPatrickYankey JohnRichardSmith DenaJewellDavis LawrenceBarryHadden ElmerDemetriusLark KathleenSherryDay IsaacGregGargano EricTammyScott KevinCharlesEvans EricJamesJuckett CynthiaConnieWright TommyAmandaMartin KevinThomasHiggins MistyRobertKing BernicePennyRiddick DeeAmandaBartley JessicaChristopherHa StephenWilliamCoffma StevenNeilNguyen MarkDianeDuchon WilliamDavidGray LynnKennethChavez MarkAngelaMccloud RobinStephenWebster PerryJamesBennett JannaDavidCarranza CraigJohnLard JackieSharonScherrer KathleenJoseClark JeremyJamesChavez DeniseBrunoWilliam DianeElisePickett AlbertFredHaines
78
DenaJewellDavis DenaJewellDavis
KevinThomasHiggins KevinThomasHiggins
TommyAmandaMartin TommyAmandaMartin
CassandraJaniceGlove CassandraJaniceGlove
GlennaMichaelBorden GlennaMichaelBorden
CynthiaConnieWright CynthiaConnieWright
DwainJoeFeldman DwainJoeFeldman
RickyJamesBrumfield RickyJamesBrumfield
TravisMichelleMeller TravisMichelleMeller
MichaelElizabethWeav MichaelElizabethWeav
MarkAngelaMccloud MarkAngelaMccloud
ElmerDemetriusLark ElmerDemetriusLark
JosephAmandaMullen JosephAmandaMullen
BernicePennyRiddick BernicePennyRiddick
JudyPearlineKaminski JudyPearlineKaminski
GeorgeHenryVillar GeorgeHenryVillar
ThomasEssieEwing ThomasEssieEwing
DeeAmandaBartley DeeAmandaBartley
MistyRobertKing MistyRobertKing
MarthaJackRobinson MarthaJackRobinson
MarkDianeDuchon MarkDianeDuchon
FerdinandLukeJackson FerdinandLukeJackson
JimmyFlorTasson JimmyFlorTasson
GaryCharlesHudson GaryCharlesHudson
JohnRichardSmith JohnRichardSmith
JackieSharonScherrer JackieSharonScherrer
LawrenceBarryHadden LawrenceBarryHadden
SandraHarryStewart SandraHarryStewart
GeorgeWilliamJackson GeorgeWilliamJackson
CherylMaryMorgan CherylMaryMorgan
ZacharyWarrenKarth ZacharyWarrenKarth
KathleenJoseClark KathleenJoseClark
EdwardErnestSinger EdwardErnestSinger
JannaDavidCarranza JannaDavidCarranza
JudeJanetHarcourt JudeJanetHarcourt
EricTammyScott EricTammyScott
BradleyDeborahSaball BradleyDeborahSaball
EricTinaPerea EricTinaPerea
RolandGregoryWatson RolandGregoryWatson
RosaPatrickYankey RosaPatrickYankey
BrettDominickSonnier BrettDominickSonnier
WilliamDavidGray WilliamDavidGray
JamesJordanZamora JamesJordanZamora
LynnKennethChavez LynnKennethChavez
DeniseBrunoWilliam DeniseBrunoWilliam
MarciaWalterKirschma MarciaWalterKirschma
KathleenSherryDay KathleenSherryDay
HowardKennethCollins HowardKennethCollins
JoStephenMay JoStephenMay
DianeElisePickett DianeElisePickett
DebraJaneFitzgerald DebraJaneFitzgerald
LillianJuanAncona LillianJuanAncona
EricJamesJuckett EricJamesJuckett
ClaudeBobbyBaker ClaudeBobbyBaker
KellyJohnnaOles KellyJohnnaOles
StephenWilliamCoffma StephenWilliamCoffma
IsaacGregGargano IsaacGregGargano
CraigJohnLard CraigJohnLard
JeremyJamesChavez JeremyJamesChavez
PerryJamesBennett PerryJamesBennett
ManuelaJoseBailey ManuelaJoseBailey
RonaldEdnaArant RonaldEdnaArant
JohnBrendaFuller JohnBrendaFuller
PeterJosephBarbee PeterJosephBarbee
MaryJamesDavila MaryJamesDavila
StormyOllieYork StormyOllieYork
HeidiMayJohnson HeidiMayJohnson
AlbertFredHaines AlbertFredHaines
DorisJeffreyBinger DorisJeffreyBinger
WadeSonnyMcbride WadeSonnyMcbride
JessicaChristopherHa JessicaChristopherHa
EdwardDennisStewart EdwardDennisStewart
KevinCharlesEvans KevinCharlesEvans
RobinStephenWebster RobinStephenWebster
AnnDeannaLarzazs AnnDeannaLarzazs
StevenNeilNguyen StevenNeilNguyen
MichaelMarkHolloway MichaelMarkHolloway
JoannCharlieWilkinso JoannCharlieWilkinso
