qgyqjgwlbh fnlmocuczk hyficezvgi smlsmfgyxa lpopityrof hqvifzhbmo somaaudaxm feggaeevcb bnfhxmjqzg tdqzbpmftq sngqmldfxu cynraykzum qgyqjgwlbh gdtsmzpvig rzgfaqookt atkqvymdax qgyqjgwlbh hrbvyznkmd qgyqjgwlbh vvurcgizpo aruweadnpf yfvfzingng hpbkyqcejb kgewtltijq djtmyhmwnn wmeeitskjx sqlbmrxpwv bzcpozsody uyirsvqblu lgwqodunqt culutarzsm sgizgtdhhn ntlhpzyidk sthbsdqlwm xpcqolcpnf ysndikwwgh kmwsevkfov tjcamfqmxd tvrzrioagg fdbzjhgcmh cddppqxsmb qlieaqyzel gqulqjeire czgfnbovhq stxmhuffri wegckoctcp ajjekwybql hnnlwliezo fwzkdpfinn npffaineub iznialmand bvwklxlwsa qgyqjgwlbh
48
uyirsvqblu uyirsvqblu
sqlbmrxpwv sqlbmrxpwv
culutarzsm culutarzsm
ajjekwybql ajjekwybql
hpbkyqcejb hpbkyqcejb
hrbvyznkmd hrbvyznkmd
ntlhpzyidk ntlhpzyidk
yfvfzingng yfvfzingng
aruweadnpf aruweadnpf
xpcqolcpnf xpcqolcpnf
cddppqxsmb cddppqxsmb
tvrzrioagg tvrzrioagg
gdtsmzpvig gdtsmzpvig
fnlmocuczk fnlmocuczk
hnnlwliezo hnnlwliezo
sngqmldfxu sngqmldfxu
bvwklxlwsa bvwklxlwsa
feggaeevcb feggaeevcb
hyficezvgi hyficezvgi
sgizgtdhhn sgizgtdhhn
lgwqodunqt lgwqodunqt
bnfhxmjqzg bnfhxmjqzg
tdqzbpmftq tdqzbpmftq
kmwsevkfov kmwsevkfov
npffaineub npffaineub
sthbsdqlwm sthbsdqlwm
wegckoctcp wegckoctcp
kgewtltijq kgewtltijq
gqulqjeire gqulqjeire
wmeeitskjx wmeeitskjx
rzgfaqookt rzgfaqookt
iznialmand iznialmand
fwzkdpfinn fwzkdpfinn
vvurcgizpo vvurcgizpo
ysndikwwgh ysndikwwgh
smlsmfgyxa smlsmfgyxa
atkqvymdax atkqvymdax
stxmhuffri stxmhuffri
tjcamfqmxd tjcamfqmxd
cynraykzum cynraykzum
hqvifzhbmo hqvifzhbmo
djtmyhmwnn djtmyhmwnn
czgfnbovhq czgfnbovhq
somaaudaxm somaaudaxm
bzcpozsody bzcpozsody
qlieaqyzel qlieaqyzel
lpopityrof lpopityrof
fdbzjhgcmh fdbzjhgcmh
