Egsmith Barnton Wetwick Egtree Sudwell Stapbeck Waltditch Wetwick Nortley Horsmoor Chelmden Flitgrove Sunsted Wychsmith Wetwick Chelmbeck Ashdown Chelmbeck Flitgrove Sudtree Wenwold Blanworth Stainbrough Nortley Horsmoor Wenside Burbourne Leathermere Sudtree Flitgrove Wywick Wychbeck Chelmbeck Shaftbridge Chelmbeck Whithall Shaftsted Wenbeck Brackbrough Ashbourne Sudwich Pemlow Sudwich Barnton Egsmith Whittree Alfchester Wenside Burbourne Sodey Wenwold Stainby Whittree Whithall Hurstlow Edgey Shaftbage Wyborne Penborne Wetbridge Hornborough Chelmwang Wychsmith Sunsted Egtree Chelmden Egtree Wychnell Wychbourne Durgrove Staplake Chelmbeck Ashdown Farnsmith Cookford Wychbourne Barnton Ashbourne Barnton Wychbourne Cookford Wychbourne Egavon Wychbourne Barnton Egsmith
36
Staplake Staplake
Stapbeck Stapbeck
Wychnell Wychnell
Stainby Stainby
Wenside Wenside
Wenwold Wenwold
Wychbourne Wychbourne
Stainbrough Stainbrough
Wetwick Wetwick
Farnsmith Farnsmith
Cookford Cookford
Wychsmith Wychsmith
Ashbourne Ashbourne
Burbourne Burbourne
Shaftbridge Shaftbridge
Flitgrove Flitgrove
Leathermere Leathermere
Chelmwang Chelmwang
Alfchester Alfchester
Wywick Wywick
Sudtree Sudtree
Edgey Edgey
Nortley Nortley
Ashdown Ashdown
Wenbeck Wenbeck
Waltditch Waltditch
Chelmbeck Chelmbeck
Brackbrough Brackbrough
Penborne Penborne
Chelmden Chelmden
Pemlow Pemlow
Wychbeck Wychbeck
Egtree Egtree
Shaftbage Shaftbage
Egavon Egavon
Barnton Barnton
