Chelmbourne Casney Barnsmith Flitham Kingssted Pemwood Hornford Kingsley Waltwood Whitborough Rocktree Elgrove Chelmbourne Egcastle Hornbeck Cookton Hornley Waltbrook Hartbage Bromgrove Horndown Bromgrove Wenborough Prestey Brainbridge Stapwell Shrivlow Casney Hornley Bursted Edgchester Wenwang Southstoke Bracklow Stapmoor Alfcastle Whitavon Alfcastle Durditch Stainhall Southmere Stainhall Wenwang Edgchester Horncester Enbage Stainside Barnsmith Melborne Casford Kingssted Stapmoor Barnham Stapmoor Stapthorne Cookbridge Southmere Sudgrove Alfwell Southstoke Nortmoor Enlow Stainhall Whitover Stainside Pembage Stapwell Wenwang Leatherlow Dartsted Clerethorne Barnside Egwood Southstoke Hurstworth Hornley Cleredon Wyhead Egborne Aldhall Stainfield Wenden Stainfield Stapthorne Stainhall Southmere Shrivside Burchester Kingsley Edgwich Chelmbourne Egcastle Rocktree Barnden Melborne Shaftwich Hartgrove Wyhead Hornbridge Sudwich Enlow Leatherlake Alfby Elside Clerethorne Dartsted Sudgrove Alfwell Staintree Elgrove Wenborough Stapwold Staflow Pembage Alfby Kingsley Waltwood Sodside Bracklow Stapmoor Prestdon Barngrove Hornley Waltbrook Enbage Clerethorne Sudworth Melborne Pemwold Hornley Waltbrook Chelmbourne Stapwold Marlton Stapwold Chelmbourne
59
Sudwich Sudwich
Sudworth Sudworth
Elside Elside
Barnside Barnside
Brainbridge Brainbridge
Enbage Enbage
Hornley Hornley
Shaftwich Shaftwich
Stapthorne Stapthorne
Stapmoor Stapmoor
Pemwood Pemwood
Hurstworth Hurstworth
Wenwang Wenwang
Whitborough Whitborough
Sodside Sodside
Alfby Alfby
Edgwich Edgwich
Casford Casford
Southmere Southmere
Aldhall Aldhall
Stainside Stainside
Flitham Flitham
Horndown Horndown
Waltbrook Waltbrook
Leatherlake Leatherlake
Bursted Bursted
Edgchester Edgchester
Elgrove Elgrove
Kingsley Kingsley
Wenborough Wenborough
Cookbridge Cookbridge
Whitover Whitover
Prestey Prestey
Bracklow Bracklow
Dartsted Dartsted
Shrivside Shrivside
Wenden Wenden
Barnham Barnham
Hartbage Hartbage
Pemwold Pemwold
Shrivlow Shrivlow
Wyhead Wyhead
Horncester Horncester
Staflow Staflow
Leatherlow Leatherlow
Egcastle Egcastle
Cleredon Cleredon
Stapwell Stapwell
Stainhall Stainhall
Durditch Durditch
Cookton Cookton
Rocktree Rocktree
Staintree Staintree
Prestdon Prestdon
Alfwell Alfwell
Egborne Egborne
Whitavon Whitavon
Marlton Marlton
Enlow Enlow
