qtq tvt wuc pta ahv uwp pta qjm utd qfc udq uen zgs hhe qnn utd rju utd xdz pta thd ahy xdz pjx ifc utd sfp wuc lfh htv gak pxs lnv txl spp ase krg ase wpq nhk vub cxu uen bai uen cjp utd hpb utd ooc qbe hxp orc uen thz pwa xou xos gkh wuf qbj qls pta xax pta rwt uen kza fgo itg ooi pkx txl vlt tcu rut utd hxo xdz wju hgx uxr pta xdz itg htv uca txk utd egz hhe pxs hhe tmc txl iuz txl ili slq wiq txl yiz nhk txl bsz hpb tro uen htv tvt uoz xou vaf tcu cpw qlo wuc mnv lah ujc cnv zbn hhe zgf hhe jno idl hpb dkn oyx tnl uen eqm uen jta ifc tmd xbo brk kza nfy gup fsl pta plx pta nkx xdz gup itg mbx hhe nhr viv htv ukh tvt npu utd rod qtq zqn hgx ynq tcu lxt ptq pta ase rxi hhe pxs vsu xdz qtq
100
pta pta
xdz xdz
hhe hhe
htv htv
itg itg
xax xax
nhk nhk
qtq qtq
hpb hpb
ptq ptq
ase ase
krg krg
gup gup
ifc ifc
pxs pxs
qbe qbe
jno jno
kza kza
pkx pkx
qnn qnn
nkx nkx
dkn dkn
wuc wuc
sfp sfp
cpw cpw
ooi ooi
zgf zgf
uxr uxr
eqm eqm
pwa pwa
vub vub
ynq ynq
tmc tmc
wju wju
jta jta
idl idl
bai bai
fgo fgo
zbn zbn
bsz bsz
hxo hxo
qjm qjm
tro tro
lah lah
rut rut
nfy nfy
egz egz
uca uca
npu npu
pjx pjx
vlt vlt
vaf vaf
mnv mnv
hxp hxp
wiq wiq
nhr nhr
qfc qfc
rxi rxi
lxt lxt
tmd tmd
uoz uoz
wuf wuf
slq slq
ili ili
fsl fsl
lnv lnv
uwp uwp
txk txk
yiz yiz
mbx mbx
iuz iuz
zgs zgs
cxu cxu
gak gak
udq udq
zqn zqn
rju rju
ooc ooc
plx plx
lfh lfh
thz thz
ukh ukh
viv viv
thd thd
qlo qlo
wpq wpq
rwt rwt
brk brk
ahv ahv
cjp cjp
orc orc
xos xos
qls qls
cnv cnv
qbj qbj
rod rod
vsu vsu
tnl tnl
ahy ahy
spp spp
