Soda Breakwater Bristol Muir Lewiston Eunice Domingo Blake Poppy Arch Pardee Anne Hospital Anne Columbia Anne Addison Menlo Colusa Fulton Anne Bowditch Addison Shasta Allston Byron Eunice Anne Edith Anne Forest Ajax Forest Eunice Greenwood High Columbia Muir Bancroft Center Belrose Fresno Belrose Poplar Bancroft Cutter Arcade Burnett Arcade Byron Bowditch Madera Florida Fresno Haste Bowditch Marin Anne Heinz Bret Comstock Colusa Martin Haskell Keeler Haskell Overlook Olympus Browning Anne Vermont Bret Forest Terrace Fernwald Haviland Summit Mabel Spring Latham Kenilworth Haste Haskell Bowditch Bataan Soda
50
Addison Addison
Ajax Ajax
Allston Allston
Anne Anne
Arch Arch
Bancroft Bancroft
Bataan Bataan
Belrose Belrose
Bowditch Bowditch
Bret Bret
Bristol Bristol
Browning Browning
Burnett Burnett
Byron Byron
Columbia Columbia
Colusa Colusa
Comstock Comstock
Cutter Cutter
Domingo Domingo
Edith Edith
Eunice Eunice
Florida Florida
Forest Forest
Fresno Fresno
Fulton Fulton
Greenwood Greenwood
Haskell Haskell
Haste Haste
Haviland Haviland
Heinz Heinz
High High
Hospital Hospital
Keeler Keeler
Kenilworth Kenilworth
Lewiston Lewiston
Mabel Mabel
Madera Madera
Marin Marin
Martin Martin
Menlo Menlo
Muir Muir
Overlook Overlook
Pardee Pardee
Poplar Poplar
Poppy Poppy
Shasta Shasta
Spring Spring
Summit Summit
Terrace Terrace
Vermont Vermont
