FD EZ FY FV AX AG CC BG HH DI AE CK CU AA ES DF GP AA BE GF EY AE BK DK AB CB CS AJ HF AE DB AA BF DH AL CT GD AG CI AF FR AD CW AD BQ BV AD BT AI HB AB FU AC AU DM AC CG EJ AB CA FP AN BA AN CF AW DE AG DQ AG AF AB AD AB GS GX AJ GA DU AE BN AF CO AB BM AA BZ GZ ER AJ HC GR AB EW GO AA DP EN AT HO GQ AI EL ET FJ AE FN AA FO EG AA EK AJ EX AD DA AE EE AK AM AV HP AD DZ CL AB AZ AB FM BC EM DN GN BO AG DC FI AD GC AV AH HR AK FT AE EO GK HD FS AN FD
100
DB DB
GC GC
FJ FJ
EZ EZ
FO FO
FR FR
GK GK
CC CC
AV AV
AX AX
CT CT
BZ BZ
HC HC
EL EL
FT FT
BN BN
DP DP
ET ET
FM FM
BQ BQ
CW CW
HP HP
DC DC
BF BF
CU CU
GS GS
EG EG
DM DM
GZ GZ
GO GO
HB HB
FS FS
BK BK
FI FI
HF HF
AU AU
AK AK
EK EK
GP GP
BO BO
AF AF
DF DF
FV FV
DU DU
CL CL
DE DE
AM AM
EM EM
EJ EJ
BT BT
ES ES
GD GD
GR GR
AW AW
HH HH
DA DA
AJ AJ
CS CS
CO CO
DN DN
CG CG
FY FY
AZ AZ
AD AD
BC BC
DQ DQ
DI DI
GX GX
GQ GQ
EE EE
DK DK
CA CA
EO EO
EY EY
ER ER
DZ DZ
BA BA
HD HD
BM BM
DH DH
EX EX
GN GN
AT AT
CB CB
BG BG
FN FN
CI CI
GA GA
CF CF
EW EW
BV BV
HR HR
BE BE
FU FU
EN EN
CK CK
AG AG
GF GF
HO HO
FP FP
