AZ AO CY AB CL AB BQ AB BI DV BO AL DQ AG AE AV CG AP BW DM BX AQ CZ CV AH AA BD AB AV AC BK DO CP AH CK DL BL AI CC AD AN DE AJ CN CJ BU CT DC AC CD AB BJ AB CO AR AX AB AS BS DD CR AB BP AI DT AI DB AD AF AA AH BE AZ
50
BP BP
BE BE
CG CG
DO DO
BJ BJ
CL CL
AS AS
CK CK
CZ CZ
BI BI
AF AF
AL AL
DD DD
AH AH
BO BO
DC DC
DQ DQ
CY CY
DE DE
DB DB
BW BW
CJ CJ
CP CP
CV CV
CO CO
CR CR
AA AA
CT CT
AV AV
AJ AJ
DM DM
BQ BQ
BX BX
DV DV
DL DL
BD BD
CD CD
BS BS
CC CC
BK BK
AI AI
AX AX
AN AN
AO AO
BL BL
AR AR
AE AE
BU BU
CN CN
DT DT
