Hamsbourne Chipfield Cammercastle Chipfield Warrewick Skelgrove Shaftthorne Camhampton Hartberbury Camhampton Enderton Dribstoke Endbeck Melshot Endbeck Dribstoke Rocklow Suddlebaschester Chilringfield Rotmerby Sunderborough Ciley Sunderborough Prestbourne Chilringfield Egginglow Sodderrenshead Leatherblesley Camswich Cimansbrough Wendleslake Boothenrensborough Candlesdon Boothenrensborough Wendleslake Stafdenbourne Chipsted Stafdenbourne Enderton Leatherblesley Botherstanport Wolvencester Botherstanport Prestbourne Hamperrehampton Chipfield Hamsbourne Sundlechester Hamsbourne
24
Hamperrehampton Hamperrehampton
Wolvencester Wolvencester
Sundlechester Sundlechester
Chipsted Chipsted
Ciley Ciley
Candlesdon Candlesdon
Leatherblesley Leatherblesley
Chilringfield Chilringfield
Chipfield Chipfield
Camswich Camswich
Camhampton Camhampton
Rotmerby Rotmerby
Sunderborough Sunderborough
Rocklow Rocklow
Melshot Melshot
Warrewick Warrewick
Enderton Enderton
Shaftthorne Shaftthorne Sudbage
Cammercastle Cammercastle
Sodderrenshead Sodderrenshead
Prestbourne Prestbourne
Boothenrensborough Boothenrensborough
Cimansbrough Cimansbrough
Hartberbury Hartberbury
