Warfield Basringney Skelling Shaftfield Dribbingworth Pendingbrook Barndberbrough Skellingden Dribblewick Windling Dribblewick Worhall Suddleborne Falport Pendlewood Horstlescompstoke Rotcombe Skelbeck Botherseyworth Falport Cicombe Falport Soddlewick Hamsling Hannenmanswick Ashborne Tipwick Ashborne Worhall Todtree Cannerthorne Warfield Chilbury Brackcompwang Chelmstanwell Hammerringey Chedberdon Suddleover Chedtree Burglebrough Chedtree Millendon Ashfield Millendon Elmswang Chippingsted Suddlecombe Ellingreham Suddlecombe Cambingstoke Suddlecombe Dribbingworth Leatherbleside Dribbingworth Bastleseyham Hammenshead Ketport Cammerrensmoor Wyborne Cammerrensmoor Stainbrough Cannerthorne Southbasport Elcompbridge Chiphead Elcompbridge Fulbage Northall Ciditch Stainbrough Worberbrook Dartseyworth Chedderrenswich Elmansham Sudsmith Skelbeck Windling Siringwang Whitchester Ketsmith Pendingbrook Suddlecastle Elavon Chilbury Warfield
50
Worberbrook Worberbrook
Botherseyworth Botherseyworth
Wyborne Wyborne
Pendlewood Pendlewood
Cambingstoke Cambingstoke
Basringney Basringney
Ashfield Ashfield
Ketport Ketport
Dribbingworth Dribbingworth
Hammerringey Hammerringey
Skelling Skelling
Ashborne Ashborne
Stainbrough Stainbrough
Chedtree Chedtree
Tipwick Tipwick
Suddlecombe Suddlecombe
Todtree Todtree
Cammerrensmoor Cammerrensmoor
Chelmstanwell Chelmstanwell
Warfield Warfield
Pendingbrook Pendingbrook
Burglebrough Burglebrough
Siringwang Siringwang
Leatherbleside Leatherbleside
Chedderrenswich Chedderrenswich
Brackcompwang Brackcompwang
Worhall Worhall
Soddlewick Soddlewick
Skellingden Skellingden
Barndberbrough Barndberbrough
Southbasport Southbasport
Windling Windling
Bastleseyham Bastleseyham
Millendon Millendon
Chilbury Chilbury
Horstlescompstoke Horstlescompstoke
Whitchester Whitchester
Suddleover Suddleover
Sudsmith Sudsmith
Chippingsted Chippingsted
Elmansham Elmansham
Hamsling Hamsling
Cicombe Cicombe
Northall Northall
Suddlecastle Suddlecastle
Suddleborne Suddleborne
Falport Falport
Ellingreham Ellingreham
Hannenmanswick Hannenmanswick
Chiphead Chiphead
