Whitgrove Worberney Falderseythorne Wycastle Rothendcombe Egton Ketchester Watchlake Tippingbage Watchlake Tippendham Warblestancester Ribberrenston Southmere Bastlebury Hamwold Elfield Wolley Stapbrook Skellingover Egford Elside Cannerthorne Waltbeck Elside Bursmith Hampingworth Botmermoor Clereennell Durbrook Sodport Enderbeck Hampingbascombe Sirenshall Shaftwick Leatherport Worrenberwang Bothenhall Sodport Whitringlake Emmerley Tippendham Basditch Hampingworth Casbrook Windleshead Wychcompwold Penby Redwich Wetsmith Shafthead Candleswick Horsnell Alddleringworth Worhall Ribbenhall Bassinghead Marlcester Nortwell Elfield Farnditch Elfield Sodberling Hampingworth Faldenhall Wethampton Faldenhall Rothingcombe Pemnell Blansbrook Hamwold Chedworth Sifield Abcester Whitringlake Milthorne Bromssmith Rotherlow Blansbrook Redwich Skelberden Burblemansbage Farndlesover Falderbrough Sirenshall Wendleringdown Chedworth Sundendford Southmere Egsted Southmere Botbeck Abcester Ribenwell Dribblecombe Wychditch Suddingover Reddendeney Endleberey Pemton Tipstoke Toddenmerbrough Abglewold Wychditch Rothendcombe Bastlebury Toddingchester Eley Maidendlegrove Sundlethorne Abgleham Siavon Boothingchester Southbury Stapbrook Wetwick Sodberling Suddenmoor Egmerhampton Horsmere Chilmerdon Falworth Chilmerdon Stafcombe Tippenbrook Suddenmoor Staincombe Suddenmoor Melwood Wychchester Siey Barndlesborough Marlbrook Shafthead Todhampton Clereennell Bromstanham Botbage Botbeck Endingnell Toddenmerbrough Bromstanham Hampingcastle Redcombe Alfmere Reddendeney Worford Dribberham Worford Falderseythorne Warblestancester Cookfield Prestwick Sundcompney Dartden Bothenhall Worrenberwang Wendleringdown Reddendeney Reddingtree Shaftborough Enborough Milthorne Horsnell Warsmith Horstleover Braddlesnell Shaftmoor Skellenshot Egbeck Stapbrough Penby Cihead Skellenshot Shaftmoor Bothenton Bootwick Ciringnell Elside Ellerbridge Ketchester Staplow Ketnell Toddenmoor Cireport Boothingmanstree Maidendstoke Enderbeck Tippingtree Whitgrove
100
Sifield Sifield
Melwood Melwood
Wethampton Wethampton
Tipstoke Tipstoke
Worrenberwang Worrenberwang
Cannerthorne Cannerthorne
Reddendeney Reddendeney
Ketchester Ketchester
Enderbeck Enderbeck
Abglewold Abglewold
Bastlebury Bastlebury
Ketnell Ketnell
Skelberden Skelberden
Bothenton Bothenton
Faldenhall Faldenhall
Eley Eley
Siavon Siavon
Todhampton Todhampton
Hampingcastle Hampingcastle
Casbrook Casbrook
Shaftborough Shaftborough
Redcombe Redcombe
Southbury Southbury
Suddingover Suddingover
Farnditch Farnditch
Dribblecombe Dribblecombe
Egmerhampton Egmerhampton
Watchlake Watchlake
Clereennell Clereennell
Penby Penby
Cihead Cihead
Rothingcombe Rothingcombe
Staincombe Staincombe
Horsnell Horsnell
Staplow Staplow
Wetsmith Wetsmith
Falworth Falworth
Stapbrough Stapbrough
Tippingbage Tippingbage
Nortwell Nortwell
Ribberrenston Ribberrenston
Dartden Dartden
Rotherlow Rotherlow
Basditch Basditch
Prestwick Prestwick
Ellerbridge Ellerbridge
Wycastle Wycastle
Milthorne Milthorne
Hamwold Hamwold
Elside Elside
Endingnell Endingnell
Worford Worford
Bootwick Bootwick
Waltbeck Waltbeck
Suddenmoor Suddenmoor
Southmere Southmere
Skellenshot Skellenshot
Bromstanham Bromstanham
Worhall Worhall
Chedworth Chedworth
Hampingworth Hampingworth
Sirenshall Sirenshall
Wetwick Wetwick
Bothenhall Bothenhall
Candleswick Candleswick
Siey Siey
Whitringlake Whitringlake
Wychcompwold Wychcompwold
Rothendcombe Rothendcombe
Botbeck Botbeck
Tippenbrook Tippenbrook
Toddenmoor Toddenmoor
Leatherport Leatherport
Dribberham Dribberham
Emmerley Emmerley
Skellingover Skellingover
Wychchester Wychchester
Sodberling Sodberling
Sodport Sodport
Tippendham Tippendham
Whitgrove Whitgrove
Farndlesover Farndlesover
Alfmere Alfmere
Horstleover Horstleover
Durbrook Durbrook
Abcester Abcester
Sundlethorne Sundlethorne
Marlbrook Marlbrook
Bursmith Bursmith
Abgleham Abgleham
Wendleringdown Wendleringdown
Blansbrook Blansbrook
Marlcester Marlcester
Wolley Wolley
Sundendford Sundendford
Boothingmanstree Boothingmanstree
Falderseythorne Falderseythorne
Hampingbascombe Hampingbascombe
Egsted Egsted
Endleberey Endleberey
