0 5 56 5 42 9 30 71 13 2 7 93 62 32 37 50 96 86 67 1 41 5 24 22 36 13 12 32 98 39 7 47 33 35 4 87 7 54 7 87 16 34 3 90 3 51 63 20 3 28 60 81 17 7 2 75 89 80 4 10 74 95 99 48 20 83 64 0 22 21 13 25 11 4 72 32 79 66 84 59 12 0
50
63 63
80 80
39 39
74 74
41 41
59 59
33 33
7 7
3 3
36 36
62 62
79 79
54 54
13 13
10 10
56 56
35 35
30 30
24 24
4 4
32 32
60 60
89 89
98 98
90 90
81 81
71 71
22 22
72 72
84 84
12 12
20 20
93 93
47 47
34 34
86 86
87 87
51 51
50 50
1 1
11 11
16 16
95 95
75 75
83 83
42 42
99 99
2 2
64 64
48 48
