SantaClarita Carrollton Stockton Pomona Allentown Omaha Wichita Omaha Ontario Boston Hartford LongBeach LouisvilleJefferson Hartford StPetersburg Newark Fontana Fayetteville Independence SiouxFalls Scottsdale Bellevue Fontana Worcester Garland Alexandria Lafayette OklahomaCity LosAngeles Orlando Brownsville RanchoCucamonga Washington WestValleyCity Surprise Sunnyvale Visalia Portland Henderson Escondido StLouis SanDiego Waco FortCollins Stamford SanDiego Paterson SanDiego LexingtonFa Frisco PembrokePines Austin Indianapolis Frisco Yonkers Thornton Beaumont NewportNews FortWorth Midland FortWorth Huntsville Shreveport Victorville GardenGrove Victorville Concord Reno SantaClarita
50
Midland Midland
Victorville Victorville
Shreveport Shreveport
Washington Washington
Independence Independence
OklahomaCity OklahomaCity
Sunnyvale Sunnyvale
Newark Newark
GardenGrove GardenGrove
LexingtonFa LexingtonFa
Scottsdale Scottsdale
Pomona Pomona
Carrollton Carrollton
Lafayette Lafayette
Worcester Worcester
Bellevue Bellevue
StLouis StLouis
Fayetteville Fayetteville
Stamford Stamford
Alexandria Alexandria
Paterson Paterson
Boston Boston
SiouxFalls SiouxFalls
Waco Waco
NewportNews NewportNews
Visalia Visalia
StPetersburg StPetersburg
Henderson Henderson
Brownsville Brownsville
Omaha Omaha
Beaumont Beaumont
LosAngeles LosAngeles
Huntsville Huntsville
Concord Concord
PembrokePines PembrokePines
Hartford Hartford
LouisvilleJefferson LouisvilleJefferson
RanchoCucamonga RanchoCucamonga
Ontario Ontario
LongBeach LongBeach
Austin Austin
WestValleyCity WestValleyCity
Yonkers Yonkers
Stockton Stockton
Indianapolis Indianapolis
Allentown Allentown
Wichita Wichita
Orlando Orlando
Garland Garland
Surprise Surprise
