Plano SantaClara Riverside Tallahassee Hampton Olathe Cincinnati GrandRapids LittleRock Irvine Olathe Miami LasVegas Cary OklahomaCity Warren SanFrancisco Warren Beaumont Vancouver Atlanta Oxnard Cleveland Denver Hayward Denver Ontario PembrokePines Huntsville Lafayette JerseyCity Pikachu Anaheim Elizabeth Lancaster Torrance Pikachu Lincoln SantaAna Akron Escondido Hollywood Glasses SanJose Glasses Stamford Allentown Killeen Allentown SantaAna Tulsa LouisvilleJefferson SantaAna SiouxFalls FortCollins SantaRosa Laredo Tampa ThousandOaks McAllen GrandPrairie Portland Raleigh Denton Chicago Raleigh Glendale Houston SantaClarita CorpusChristi Spokane Pomona NewHaven Toledo Houston SanAntonio Davidson Charlotte Fremont Madison SanBernardino Knoxville Brownsville Corona Surprise Greensboro Surprise NewOrleans AugustaRichmond Miami SimiValley HuntingtonBeach Mobile Hartford Dallas Worcester Mesquite Joliet Thornton Anchorage Salinas GardenGrove Frisco StLouis Norfolk FortLauderdale AnnArbor Vallejo Jackson Garland Omaha Waco Wichita Chesapeake OWO Mesa Charleston Memphis Montgomery Richmond Warren MorenoValley Norman Sunnyvale Pasadena Irving MorenoValley Rockford Plano
100
SanFrancisco SanFrancisco
SantaClara SantaClara
Charleston Charleston
FortCollins FortCollins
Cincinnati Cincinnati
Mesquite Mesquite
Stamford Stamford
Hollywood Hollywood
Riverside Riverside
Omaha Omaha
GardenGrove GardenGrove
Beaumont Beaumont
Anaheim Anaheim
Brownsville Brownsville
StLouis StLouis
SanJose SanJose
Glendale Glendale
Elizabeth Elizabeth
Killeen Killeen
McAllen McAllen
LasVegas LasVegas
Ontario Ontario
Davidson Davidson
Norman Norman
Montgomery Montgomery
Garland Garland
Mesa Mesa
SantaRosa SantaRosa
AnnArbor AnnArbor
Lancaster Lancaster
Hartford Hartford
Escondido Escondido
Salinas Salinas
Tampa Tampa
Dallas Dallas
Hampton Hampton
Rockford Rockford
Portland Portland
Warren Warren
Wichita Wichita
LittleRock LittleRock
SanBernardino SanBernardino
Raleigh Raleigh
Torrance Torrance
Lincoln Lincoln
SiouxFalls SiouxFalls
Surprise Surprise
Allentown Allentown
Norfolk Norfolk
Houston Houston
Fremont Fremont
Greensboro Greensboro
SanAntonio SanAntonio
OWO OWO
Anchorage Anchorage
Glasses Glasses
Chicago Chicago
Atlanta Atlanta
Cary Cary
Oxnard Oxnard
MorenoValley MorenoValley
Irving Irving
Vallejo Vallejo
LouisvilleJefferson LouisvilleJefferson
Madison Madison
Thornton Thornton
Hayward Hayward
Miami Miami
Knoxville Knoxville
Denton Denton
ThousandOaks ThousandOaks
Pasadena Pasadena
JerseyCity JerseyCity
AugustaRichmond AugustaRichmond
Denver Denver
Sunnyvale Sunnyvale
SimiValley SimiValley
FortLauderdale FortLauderdale
Laredo Laredo
SantaClarita SantaClarita
Olathe Olathe
Corona Corona
Tulsa Tulsa
NewOrleans NewOrleans
Lafayette Lafayette
OklahomaCity OklahomaCity
HuntingtonBeach HuntingtonBeach
Huntsville Huntsville
Pomona Pomona
CorpusChristi CorpusChristi
Mobile Mobile
Memphis Memphis
GrandPrairie GrandPrairie
Pikachu Pikachu
Vancouver Vancouver
Irvine Irvine
Worcester Worcester
Waco Waco
Akron Akron
NewHaven NewHaven
