Waco SanAntonio MorenoValley OverlandPark Newark Lincoln ChulaVista SantaClara Irving Oski Rochester SaltLakeCity Detroit NewYork Palmdale Omaha Henderson SterlingHeights Aurora Richmond SanFrancisco AthensClarkeCounty OWO LexingtonFa Palmdale FortWayne Palmdale Clarksville Stamford Cary Stamford SanBernardino Victorville StPaul Victorville FortCollins Palmdale AnnArbor OverlandPark Waco
25
Rochester Rochester
Palmdale Palmdale
Clarksville Clarksville
OWO OWO
Cary Cary
SanAntonio SanAntonio
StPaul StPaul
SanFrancisco SanFrancisco
LexingtonFa LexingtonFa
MorenoValley MorenoValley
AnnArbor AnnArbor
SterlingHeights SterlingHeights
Stamford Stamford
Detroit Detroit
FortWayne FortWayne
Omaha Omaha
FortCollins FortCollins
SaltLakeCity SaltLakeCity
SanBernardino SanBernardino
AthensClarkeCounty AthensClarkeCounty
ChulaVista ChulaVista
Irving Irving
Richmond Richmond
Lincoln Lincoln
Newark Newark
