vLeODpVlYSBeYNDYoXha EWpsBSEfAOWAjikCpvhc CmbFyJmcvVqyCmJgQxeI NciLXNPTvMoXdbTDZmlg QkAjrUUuVdzSMnlfJLcO FEqXJcVrZfnSsHEUPhnl jwIBHKkXHTPVsOJwBOsr QQSjCkgLAWAPObYQvNsB RjKEHTlRvtaVBbyqZVAw ubTtmhAXQixwuFvQluYa LeLGVrNGvkwLbzIWTNFP ASXwCgVTXDdhSXJwFovC LeLGVrNGvkwLbzIWTNFP ajvbaFpYiEBJySPsSLaI fToHwimUqLsKcKLZHiUX ajvbaFpYiEBJySPsSLaI DqUxIMslnixWfmkjQTmS TqyFrXuGvuBuqnpYbjKc DqUxIMslnixWfmkjQTmS wRjMmrpRuknxqunJrMAE gzxzakmqbxbsOczuQVLG gEufXNuuWhnlbNYaoQFJ gzxzakmqbxbsOczuQVLG gIttwvzcgONwFblnGIqq gMqbbwopmbxmOomqZjfm ZbyHJLmoTqNpTnlUVJZC tVzUgXVoBYxBMnkkwFmk ZbyHJLmoTqNpTnlUVJZC TCAkluAESUWAMGFeNcGN DIYMXZHlgebDcivTxnEV DDEuYWXXufMefzDjgEFm CfkBzkPETvagyIDCsLTD iDucfyZGMCbCQbXjbQqM mlipOrSnGcxXtoXBbRyl NVEtShKeuxpaFIOiyVqE mlipOrSnGcxXtoXBbRyl JfHUEGGyknWmebdthZai QQSjCkgLAWAPObYQvNsB jwIBHKkXHTPVsOJwBOsr VhDSPHxolLkNxxDnpUyx fPxvnMVMFwhJbNBURdgD VhDSPHxolLkNxxDnpUyx jwIBHKkXHTPVsOJwBOsr FEqXJcVrZfnSsHEUPhnl WCCOEUYmDvzZlrkDAqoi LGqbVTsFMANIedVHAALW WmmYcOLuPvixLDMigGIN PSVkjNlrWHpVSTVIEkGG PLDOWRIeaCSVLMyDadzC PSVkjNlrWHpVSTVIEkGG WmmYcOLuPvixLDMigGIN DWWCMAjZQQIEKOIiHFQN cZgmtoPGHxdozTaDMiyf TwgqMzgExFHTIfcwfBnr cZgmtoPGHxdozTaDMiyf TwgqMzgExFHTIfcwfBnr wRjMmrpRuknxqunJrMAE iBjjCWwkYToOKfrrLnny wRjMmrpRuknxqunJrMAE TwgqMzgExFHTIfcwfBnr AdXveYSBaneNwCQzrdSw CPszTohYUHARNedzFlDK AdXveYSBaneNwCQzrdSw gMqbbwopmbxmOomqZjfm CmbFyJmcvVqyCmJgQxeI gMqbbwopmbxmOomqZjfm UgFPXEAdAfcfHGIbNTsq vGdJmIpYPUGRspXiVLdc sBkAYRISjTYinLFSNcKW ajvbaFpYiEBJySPsSLaI FqdjKgdpEanmCnmxJMFA TCAkluAESUWAMGFeNcGN OVoYVQPnlYoZBBKtyuLk oCvaAQKOXXWgeSNnUmae pdXCnKagnvEntNTuPHdK zxeoSbTqbWPpSzalAtBI dyUDfEGgAoSshTRjMZZg zxeoSbTqbWPpSzalAtBI uyPyJzKFqWxgSNmpkDrB zxeoSbTqbWPpSzalAtBI pdXCnKagnvEntNTuPHdK zxeoSbTqbWPpSzalAtBI MlwlINEFqmyzZNPXRLJF zxeoSbTqbWPpSzalAtBI dyUDfEGgAoSshTRjMZZg klkbOWCZrzPBFVDxhNbj VhDSPHxolLkNxxDnpUyx jwIBHKkXHTPVsOJwBOsr FEqXJcVrZfnSsHEUPhnl xQaDpDGAXhDYzSMnMWvb FEqXJcVrZfnSsHEUPhnl sdSgCnaZeeOuPKljZOSr sXfgLMwoysnMazVSWnhc fvEcAuRDdfuHEPLNpaTz fHcdXnOxSadpKeCUwNYm NAHeKyyhAObyyUEUSkSU gMqbbwopmbxmOomqZjfm ZbyHJLmoTqNpTnlUVJZC aCucdhmWbhlrgfstQigR BXzACdzjLITNgbmDPlEu UAwuKFcUHFyvaFCTLpOT jzQJaGLLiuQLhhyqBagr iDucfyZGMCbCQbXjbQqM mlipOrSnGcxXtoXBbRyl mevvwcZLudaokctOWvKe FcEsyaTmqpoyvbDrHjlc mevvwcZLudaokctOWvKe iBYHAWUhqeQPjphQzpdN jzQJaGLLiuQLhhyqBagr ROtRYAvFkNWuCvofIroy fvEcAuRDdfuHEPLNpaTz fHcdXnOxSadpKeCUwNYm NAHeKyyhAObyyUEUSkSU gMqbbwopmbxmOomqZjfm NAHeKyyhAObyyUEUSkSU fHcdXnOxSadpKeCUwNYm NAHeKyyhAObyyUEUSkSU ybrQlUhznqOhsvndWAbl ruLqpYqEzGGiKysvsarb ybrQlUhznqOhsvndWAbl LOMgYipCQQXQnRqEqRwO qbmGewAditsWkTFHdxjP cvlwIwajcIlbhZbyFgmq qbmGewAditsWkTFHdxjP LOMgYipCQQXQnRqEqRwO vLeODpVlYSBeYNDYoXha
50
fPxvnMVMFwhJbNBURdgD fPxvnMVMFwhJbNBURdgD
TwgqMzgExFHTIfcwfBnr TwgqMzgExFHTIfcwfBnr
cvlwIwajcIlbhZbyFgmq cvlwIwajcIlbhZbyFgmq
tVzUgXVoBYxBMnkkwFmk tVzUgXVoBYxBMnkkwFmk
sBkAYRISjTYinLFSNcKW sBkAYRISjTYinLFSNcKW
DWWCMAjZQQIEKOIiHFQN DWWCMAjZQQIEKOIiHFQN
fToHwimUqLsKcKLZHiUX fToHwimUqLsKcKLZHiUX
ASXwCgVTXDdhSXJwFovC ASXwCgVTXDdhSXJwFovC
VhDSPHxolLkNxxDnpUyx VhDSPHxolLkNxxDnpUyx
gzxzakmqbxbsOczuQVLG gzxzakmqbxbsOczuQVLG
AdXveYSBaneNwCQzrdSw AdXveYSBaneNwCQzrdSw
DqUxIMslnixWfmkjQTmS DqUxIMslnixWfmkjQTmS
aCucdhmWbhlrgfstQigR aCucdhmWbhlrgfstQigR
WCCOEUYmDvzZlrkDAqoi WCCOEUYmDvzZlrkDAqoi
jzQJaGLLiuQLhhyqBagr jzQJaGLLiuQLhhyqBagr
uyPyJzKFqWxgSNmpkDrB uyPyJzKFqWxgSNmpkDrB
MlwlINEFqmyzZNPXRLJF MlwlINEFqmyzZNPXRLJF
fvEcAuRDdfuHEPLNpaTz fvEcAuRDdfuHEPLNpaTz
iBYHAWUhqeQPjphQzpdN iBYHAWUhqeQPjphQzpdN
UgFPXEAdAfcfHGIbNTsq UgFPXEAdAfcfHGIbNTsq
iBjjCWwkYToOKfrrLnny iBjjCWwkYToOKfrrLnny
gMqbbwopmbxmOomqZjfm gMqbbwopmbxmOomqZjfm
PLDOWRIeaCSVLMyDadzC PLDOWRIeaCSVLMyDadzC
gEufXNuuWhnlbNYaoQFJ gEufXNuuWhnlbNYaoQFJ
NVEtShKeuxpaFIOiyVqE NVEtShKeuxpaFIOiyVqE
sXfgLMwoysnMazVSWnhc sXfgLMwoysnMazVSWnhc
iDucfyZGMCbCQbXjbQqM iDucfyZGMCbCQbXjbQqM
pdXCnKagnvEntNTuPHdK pdXCnKagnvEntNTuPHdK
NAHeKyyhAObyyUEUSkSU NAHeKyyhAObyyUEUSkSU
OVoYVQPnlYoZBBKtyuLk OVoYVQPnlYoZBBKtyuLk
gIttwvzcgONwFblnGIqq gIttwvzcgONwFblnGIqq
xQaDpDGAXhDYzSMnMWvb xQaDpDGAXhDYzSMnMWvb
jwIBHKkXHTPVsOJwBOsr jwIBHKkXHTPVsOJwBOsr
mlipOrSnGcxXtoXBbRyl mlipOrSnGcxXtoXBbRyl
RjKEHTlRvtaVBbyqZVAw RjKEHTlRvtaVBbyqZVAw
dyUDfEGgAoSshTRjMZZg dyUDfEGgAoSshTRjMZZg
CmbFyJmcvVqyCmJgQxeI CmbFyJmcvVqyCmJgQxeI
ruLqpYqEzGGiKysvsarb ruLqpYqEzGGiKysvsarb
cZgmtoPGHxdozTaDMiyf cZgmtoPGHxdozTaDMiyf
BXzACdzjLITNgbmDPlEu BXzACdzjLITNgbmDPlEu
TqyFrXuGvuBuqnpYbjKc TqyFrXuGvuBuqnpYbjKc
CfkBzkPETvagyIDCsLTD CfkBzkPETvagyIDCsLTD
fHcdXnOxSadpKeCUwNYm fHcdXnOxSadpKeCUwNYm
ybrQlUhznqOhsvndWAbl ybrQlUhznqOhsvndWAbl
zxeoSbTqbWPpSzalAtBI zxeoSbTqbWPpSzalAtBI
QkAjrUUuVdzSMnlfJLcO QkAjrUUuVdzSMnlfJLcO
FcEsyaTmqpoyvbDrHjlc FcEsyaTmqpoyvbDrHjlc
NciLXNPTvMoXdbTDZmlg NciLXNPTvMoXdbTDZmlg
QQSjCkgLAWAPObYQvNsB QQSjCkgLAWAPObYQvNsB
CPszTohYUHARNedzFlDK CPszTohYUHARNedzFlDK
