wNqlpYNsRbJEgiGpKxrU UOwONVGkKwtTLGkUNCyS aGPbLNWYAMujnfHCTCMo YTwycpmzEWCqqTELtzXc WoTuprXYItmuBoyNwAcV RlHeRhvUOhGhZVGGJuED gFUGYXSirCYiFTivWNah erZKLqpCZsYKDnOCaBGq NIJaJxCurulNUdZZMxFk edlAtPQdNXJQPCIzpkyX xgBrJmdXVwtxgRuCBhMe pzrGQEObzJGPnfATEYDc NzDQJknJPDEkcwCHzzbF MBJqOYmxhUYbldNVEdRy PZwTcKCPsEmpxetNZvef MBJqOYmxhUYbldNVEdRy hLaNXBYgTzgUhvjmqUTu pzrGQEObzJGPnfATEYDc NzDQJknJPDEkcwCHzzbF oZXYedlbtBLmkfoVmgta joWAhkfNqIEECnBeulGl qoaNjvaRghiMQXaVEoQe VRpSthoDcomqMDsGoVql qoaNjvaRghiMQXaVEoQe CbGuHgZfQMmSOfHDFJnK MBJqOYmxhUYbldNVEdRy uUKZHvHmBrpBHjYWNaUL wfEFdNDcColoskjTjcLm lIpVoDPUIfHCPpjswogJ nCedHqGgdWAicwyuYWpg wuSVWJYvpiWaQAHXocSG JvFxbsySBAiFiOUrzrBi IvXQutSorlqOgnSVAIUd shugRMnaHVqQSmKaNBgu wvSJDoqoPGAkYgSuPFPw XvUPApTFkqaSSizYsCIr GMxGouyyndiUBMqMdOoc EEeDJaHeajXXlwYcHTeJ efZntVbfQTvIUOiRNPSH SiOEBWtHUiopSvDVOkjb UyqqHOBdNdTWOKriHQVt nreoVgWrBhNXFZgTBlXO WMWBpOSnHGywZjCgaYyY XtZHoAxqEyzvMChzPHpN FaWIqatYRYVcXfVhAFRN umZXKcxkweEplHZdotgU wuSVWJYvpiWaQAHXocSG umZXKcxkweEplHZdotgU EEeDJaHeajXXlwYcHTeJ scpUkbcaYSAsHhSktebT jUSlIFtitQxyvVLJjiCc GMxGouyyndiUBMqMdOoc XvUPApTFkqaSSizYsCIr FaWIqatYRYVcXfVhAFRN umZXKcxkweEplHZdotgU oLMkSrYLQRLHmPiuLCTC pMOSpTzPTPLXHLOQMjnt PZwTcKCPsEmpxetNZvef WMWBpOSnHGywZjCgaYyY QjbdwbUnopENkiNyqirZ lIpVoDPUIfHCPpjswogJ twwHXGyTBfZUDOGVnCzA NIJaJxCurulNUdZZMxFk twwHXGyTBfZUDOGVnCzA lIpVoDPUIfHCPpjswogJ wfEFdNDcColoskjTjcLm rlhNoKeiidsZhBEuQAJw zHPSSEtFTQIbLYMdHqgP gcXUxTVUZWsOwtRNeDDa zHPSSEtFTQIbLYMdHqgP UdSbtwxTqTJxOiUoxEqw hLaNXBYgTzgUhvjmqUTu GOKcLUIfVCLsdfLjyASo yscsUFTNNyaVMKBztBdV EhDFVLWZueLOrdjEOzEQ aIuYyryCOUGVeCAqbqkg gcXUxTVUZWsOwtRNeDDa kyApsCeFkLoLFCdkazaE PZwTcKCPsEmpxetNZvef ZauPfhkpsGmhbvkhkltR FaWIqatYRYVcXfVhAFRN cinQsEbBpQAHgGdjBxaK fgzJCwocQniGlXAZHJId cinQsEbBpQAHgGdjBxaK vPtcoCdDMvVYwOuvanRP ADVVlRLpnspleRTgeTdu ndaHivGVVtIUvLiyUWcm zNRhhVdMWUgTnnqmAfeY syonLisTOSczosCwoILE CvZkdIYtdeDHtwufupie QyXpliHSeQOPIsurIcpa NPSPGRTNRcKKVpsBRSwh pGEDfjoOOYfHsrRVgAyF DZEpVGVXkxHljziwItaS ktVPibAaeaNHuNYSLNYb kqcEdfKLaRzxOhAIzchh qoaNjvaRghiMQXaVEoQe edlAtPQdNXJQPCIzpkyX wlySPverjehsBxldyigf pzrGQEObzJGPnfATEYDc NzDQJknJPDEkcwCHzzbF oHoxoLeyDYnKZDzgMtxI CvZkdIYtdeDHtwufupie szyiMlKhtyOynWjcoMsm bFmSeBrfNuxjYPUDCLYq TEPaiCedHTXapLxoBXMp IBsTZegidEetQKMLVasu kqcEdfKLaRzxOhAIzchh jznspKyqlmxZtgfQUJVB RlHeRhvUOhGhZVGGJuED gFUGYXSirCYiFTivWNah ayQgUwyRuQVKeyFLPNbQ gFUGYXSirCYiFTivWNah erZKLqpCZsYKDnOCaBGq ccdJRKiTXwIErdhSIxfh eiLPqIroFfCGzqSAlzAp svUOWvTJLneAqJGnExpc fosrykBjHtdvgWTEWXFR gDYKDrbERUXTnCayjBrC fosrykBjHtdvgWTEWXFR umZXKcxkweEplHZdotgU QeYNNLpZMBxyiFbZMPFY EhDFVLWZueLOrdjEOzEQ YqGgARSpVWADxTcGoaBG ubMKewvRqrviLcycMHcN ihxEqMQIIvyQmtrtMjeO edlAtPQdNXJQPCIzpkyX qoaNjvaRghiMQXaVEoQe CbGuHgZfQMmSOfHDFJnK eCBFrcppbiLzdGQubocl xlbpuxAjoVPJWPCWBEkJ imEmCMbYEtZJJkwxkSDD lDkJjVrhTHajmAwuwAQm shugRMnaHVqQSmKaNBgu NJZlnWyeJFrkOwoqHKtT shugRMnaHVqQSmKaNBgu CWozbDsqFUhTlbxWhCmh xlbpuxAjoVPJWPCWBEkJ zNRhhVdMWUgTnnqmAfeY xlbpuxAjoVPJWPCWBEkJ zHPSSEtFTQIbLYMdHqgP HeWrJOKsDjgdrcamgZLN zHPSSEtFTQIbLYMdHqgP SitzoubgYFeTjmkLjVPz wlySPverjehsBxldyigf fpoTaBKmVdlDCxFwCFoz FWnudSYFvYQJHehOpEKf umZXKcxkweEplHZdotgU FaWIqatYRYVcXfVhAFRN ZXihCBEQBTdisqSlEMsj CvZkdIYtdeDHtwufupie QyXpliHSeQOPIsurIcpa ANDviqMIuFwdcboQDprt QyXpliHSeQOPIsurIcpa ooYCPKWFEiMynFEjmadw ZwvojvRdUOYNJXIwAqgC eCBFrcppbiLzdGQubocl oDgfEuAVpeOlkkTIMDLw wlySPverjehsBxldyigf SitzoubgYFeTjmkLjVPz zHPSSEtFTQIbLYMdHqgP vTbNxpVTEoFlSjvvVvfG JRiiFgtNILayQegpqrXz eOfnBeTgmYCNEnRUhlEK QjZTuyCpiDhleJoqwClv UIlSMnVKIdNiXZNSiHsI eobSFtKBbBdcVrTOREdK jUSlIFtitQxyvVLJjiCc IvXQutSorlqOgnSVAIUd jUSlIFtitQxyvVLJjiCc XPPBMlNyfVVeZGIzTCEW yYaxxtTIkvUeyUpwOvuY shugRMnaHVqQSmKaNBgu CWozbDsqFUhTlbxWhCmh juzxSpUVuccJUMBOcJjO EEeDJaHeajXXlwYcHTeJ rlhNoKeiidsZhBEuQAJw oKAKfpUUuLItChLyByFh igyeOiSdezmmXGTwMzLw lbWonvEbeplndKguSTkk qfRRtdRbhYJBARMfPlZM scpUkbcaYSAsHhSktebT lSJjEsqamUCgRZdCmdyI vPtcoCdDMvVYwOuvanRP bEfUXCTlwRBndElSbPGf vPtcoCdDMvVYwOuvanRP lSJjEsqamUCgRZdCmdyI DpztIuGTRpGuLsdlODJw lSJjEsqamUCgRZdCmdyI aGPbLNWYAMujnfHCTCMo YTwycpmzEWCqqTELtzXc FWnudSYFvYQJHehOpEKf fpoTaBKmVdlDCxFwCFoz HAIYkMkIfhypoRlxuZoB aIuYyryCOUGVeCAqbqkg ooYCPKWFEiMynFEjmadw eOfnBeTgmYCNEnRUhlEK KcrnMnFDTrBKaUaGpdLY mgNeYYUOPKpLeiVEFIXd kwPuYZgJgVVJfdBGUtPw GOKcLUIfVCLsdfLjyASo yscsUFTNNyaVMKBztBdV lIpVoDPUIfHCPpjswogJ twwHXGyTBfZUDOGVnCzA eiLPqIroFfCGzqSAlzAp svUOWvTJLneAqJGnExpc oZXYedlbtBLmkfoVmgta NzDQJknJPDEkcwCHzzbF EmbDgEECbkHbfAfHCgwB lTWClcCXtRKGvKTcMnqR bFmSeBrfNuxjYPUDCLYq zKnLSwRxFjUTCiXefWdG VIPPawblKbhOVWrmrWBx iVjkcMenotYGMFEBTvoa QePOUWiXcAUCoHETxuGS iVjkcMenotYGMFEBTvoa VIPPawblKbhOVWrmrWBx JVONrXhhmtFWhFfDiOXW scpUkbcaYSAsHhSktebT shaRjZRSPDzVXmetmolj lbWonvEbeplndKguSTkk wNqlpYNsRbJEgiGpKxrU jwjTVkTZQzfvrCAtqcyG NtyLZDOaSczVvOGdocUp NYdfLxXxFVvLEbDKzXWn igyeOiSdezmmXGTwMzLw KcrnMnFDTrBKaUaGpdLY eOfnBeTgmYCNEnRUhlEK QPuWhldwxyxWvfAFawIx jeqqhISPyRIhGBNohHEu cMYyKTXGNKnFzrpwnXUl szyiMlKhtyOynWjcoMsm bFmSeBrfNuxjYPUDCLYq vIbIQYXZnmYrooTLYNtu hLaNXBYgTzgUhvjmqUTu NzCxhJJjJcEygziivInx cwgJAHVpCCTmuckJkncL lIpVoDPUIfHCPpjswogJ lbWonvEbeplndKguSTkk wNqlpYNsRbJEgiGpKxrU
100
svUOWvTJLneAqJGnExpc svUOWvTJLneAqJGnExpc
cwgJAHVpCCTmuckJkncL cwgJAHVpCCTmuckJkncL
DZEpVGVXkxHljziwItaS DZEpVGVXkxHljziwItaS
NtyLZDOaSczVvOGdocUp NtyLZDOaSczVvOGdocUp
vIbIQYXZnmYrooTLYNtu vIbIQYXZnmYrooTLYNtu
yscsUFTNNyaVMKBztBdV yscsUFTNNyaVMKBztBdV
syonLisTOSczosCwoILE syonLisTOSczosCwoILE
ihxEqMQIIvyQmtrtMjeO ihxEqMQIIvyQmtrtMjeO
ADVVlRLpnspleRTgeTdu ADVVlRLpnspleRTgeTdu
bFmSeBrfNuxjYPUDCLYq bFmSeBrfNuxjYPUDCLYq
NzDQJknJPDEkcwCHzzbF NzDQJknJPDEkcwCHzzbF
ZauPfhkpsGmhbvkhkltR ZauPfhkpsGmhbvkhkltR
DpztIuGTRpGuLsdlODJw DpztIuGTRpGuLsdlODJw
scpUkbcaYSAsHhSktebT scpUkbcaYSAsHhSktebT
ZwvojvRdUOYNJXIwAqgC ZwvojvRdUOYNJXIwAqgC
EmbDgEECbkHbfAfHCgwB EmbDgEECbkHbfAfHCgwB
FWnudSYFvYQJHehOpEKf FWnudSYFvYQJHehOpEKf
QeYNNLpZMBxyiFbZMPFY QeYNNLpZMBxyiFbZMPFY
juzxSpUVuccJUMBOcJjO juzxSpUVuccJUMBOcJjO
eobSFtKBbBdcVrTOREdK eobSFtKBbBdcVrTOREdK
wuSVWJYvpiWaQAHXocSG wuSVWJYvpiWaQAHXocSG
zNRhhVdMWUgTnnqmAfeY zNRhhVdMWUgTnnqmAfeY
EEeDJaHeajXXlwYcHTeJ EEeDJaHeajXXlwYcHTeJ
oKAKfpUUuLItChLyByFh oKAKfpUUuLItChLyByFh
efZntVbfQTvIUOiRNPSH efZntVbfQTvIUOiRNPSH
igyeOiSdezmmXGTwMzLw igyeOiSdezmmXGTwMzLw
xgBrJmdXVwtxgRuCBhMe xgBrJmdXVwtxgRuCBhMe
XPPBMlNyfVVeZGIzTCEW XPPBMlNyfVVeZGIzTCEW
YTwycpmzEWCqqTELtzXc YTwycpmzEWCqqTELtzXc
MBJqOYmxhUYbldNVEdRy MBJqOYmxhUYbldNVEdRy
NJZlnWyeJFrkOwoqHKtT NJZlnWyeJFrkOwoqHKtT
QyXpliHSeQOPIsurIcpa QyXpliHSeQOPIsurIcpa
pzrGQEObzJGPnfATEYDc pzrGQEObzJGPnfATEYDc
ayQgUwyRuQVKeyFLPNbQ ayQgUwyRuQVKeyFLPNbQ
bEfUXCTlwRBndElSbPGf bEfUXCTlwRBndElSbPGf
XvUPApTFkqaSSizYsCIr XvUPApTFkqaSSizYsCIr
wlySPverjehsBxldyigf wlySPverjehsBxldyigf
CbGuHgZfQMmSOfHDFJnK CbGuHgZfQMmSOfHDFJnK
edlAtPQdNXJQPCIzpkyX edlAtPQdNXJQPCIzpkyX
gcXUxTVUZWsOwtRNeDDa gcXUxTVUZWsOwtRNeDDa
EhDFVLWZueLOrdjEOzEQ EhDFVLWZueLOrdjEOzEQ
KcrnMnFDTrBKaUaGpdLY KcrnMnFDTrBKaUaGpdLY
nreoVgWrBhNXFZgTBlXO nreoVgWrBhNXFZgTBlXO
mgNeYYUOPKpLeiVEFIXd mgNeYYUOPKpLeiVEFIXd
kqcEdfKLaRzxOhAIzchh kqcEdfKLaRzxOhAIzchh
SitzoubgYFeTjmkLjVPz SitzoubgYFeTjmkLjVPz
IvXQutSorlqOgnSVAIUd IvXQutSorlqOgnSVAIUd
oHoxoLeyDYnKZDzgMtxI oHoxoLeyDYnKZDzgMtxI
CvZkdIYtdeDHtwufupie CvZkdIYtdeDHtwufupie
cMYyKTXGNKnFzrpwnXUl cMYyKTXGNKnFzrpwnXUl
kwPuYZgJgVVJfdBGUtPw kwPuYZgJgVVJfdBGUtPw
JvFxbsySBAiFiOUrzrBi JvFxbsySBAiFiOUrzrBi
erZKLqpCZsYKDnOCaBGq erZKLqpCZsYKDnOCaBGq
GMxGouyyndiUBMqMdOoc GMxGouyyndiUBMqMdOoc
NPSPGRTNRcKKVpsBRSwh NPSPGRTNRcKKVpsBRSwh
QePOUWiXcAUCoHETxuGS QePOUWiXcAUCoHETxuGS
ANDviqMIuFwdcboQDprt ANDviqMIuFwdcboQDprt
HeWrJOKsDjgdrcamgZLN HeWrJOKsDjgdrcamgZLN
UIlSMnVKIdNiXZNSiHsI UIlSMnVKIdNiXZNSiHsI
eOfnBeTgmYCNEnRUhlEK eOfnBeTgmYCNEnRUhlEK
qfRRtdRbhYJBARMfPlZM qfRRtdRbhYJBARMfPlZM
imEmCMbYEtZJJkwxkSDD imEmCMbYEtZJJkwxkSDD
xlbpuxAjoVPJWPCWBEkJ xlbpuxAjoVPJWPCWBEkJ
aIuYyryCOUGVeCAqbqkg aIuYyryCOUGVeCAqbqkg
TEPaiCedHTXapLxoBXMp TEPaiCedHTXapLxoBXMp
fgzJCwocQniGlXAZHJId fgzJCwocQniGlXAZHJId
szyiMlKhtyOynWjcoMsm szyiMlKhtyOynWjcoMsm
ccdJRKiTXwIErdhSIxfh ccdJRKiTXwIErdhSIxfh
aGPbLNWYAMujnfHCTCMo aGPbLNWYAMujnfHCTCMo
pMOSpTzPTPLXHLOQMjnt pMOSpTzPTPLXHLOQMjnt
wvSJDoqoPGAkYgSuPFPw wvSJDoqoPGAkYgSuPFPw
jznspKyqlmxZtgfQUJVB jznspKyqlmxZtgfQUJVB
wfEFdNDcColoskjTjcLm wfEFdNDcColoskjTjcLm
jUSlIFtitQxyvVLJjiCc jUSlIFtitQxyvVLJjiCc
oLMkSrYLQRLHmPiuLCTC oLMkSrYLQRLHmPiuLCTC
zHPSSEtFTQIbLYMdHqgP zHPSSEtFTQIbLYMdHqgP
NIJaJxCurulNUdZZMxFk NIJaJxCurulNUdZZMxFk
gDYKDrbERUXTnCayjBrC gDYKDrbERUXTnCayjBrC
hLaNXBYgTzgUhvjmqUTu hLaNXBYgTzgUhvjmqUTu
kyApsCeFkLoLFCdkazaE kyApsCeFkLoLFCdkazaE
PZwTcKCPsEmpxetNZvef PZwTcKCPsEmpxetNZvef
shugRMnaHVqQSmKaNBgu shugRMnaHVqQSmKaNBgu
NYdfLxXxFVvLEbDKzXWn NYdfLxXxFVvLEbDKzXWn
UdSbtwxTqTJxOiUoxEqw UdSbtwxTqTJxOiUoxEqw
JVONrXhhmtFWhFfDiOXW JVONrXhhmtFWhFfDiOXW
VIPPawblKbhOVWrmrWBx VIPPawblKbhOVWrmrWBx
XtZHoAxqEyzvMChzPHpN XtZHoAxqEyzvMChzPHpN
nCedHqGgdWAicwyuYWpg nCedHqGgdWAicwyuYWpg
lSJjEsqamUCgRZdCmdyI lSJjEsqamUCgRZdCmdyI
VRpSthoDcomqMDsGoVql VRpSthoDcomqMDsGoVql
lbWonvEbeplndKguSTkk lbWonvEbeplndKguSTkk
oZXYedlbtBLmkfoVmgta oZXYedlbtBLmkfoVmgta
RlHeRhvUOhGhZVGGJuED RlHeRhvUOhGhZVGGJuED
QjbdwbUnopENkiNyqirZ QjbdwbUnopENkiNyqirZ
fpoTaBKmVdlDCxFwCFoz fpoTaBKmVdlDCxFwCFoz
joWAhkfNqIEECnBeulGl joWAhkfNqIEECnBeulGl
vTbNxpVTEoFlSjvvVvfG vTbNxpVTEoFlSjvvVvfG
ZXihCBEQBTdisqSlEMsj ZXihCBEQBTdisqSlEMsj
WMWBpOSnHGywZjCgaYyY WMWBpOSnHGywZjCgaYyY
eiLPqIroFfCGzqSAlzAp eiLPqIroFfCGzqSAlzAp
