A0 A4 A6 A7 A6 A4 A5 A9 A8 A9 A5 A10 A12 A10 A15 A14 A13 A1 A16 A1 A13 A14 A15 A24 A23 A24 A15 A14 A13 A14 A15 A24 A22 A24 A25 A28 A25 A29 A30 A35 A40 A35 A30 A29 A25 A29 A30 A35 A40 A39 A40 A35 A36 A35 A40 A39 A38 A39 A40 A49 A44 A49 A44 A49 A50 A54 A50 A54 A56 A54 A55 A54 A50 A54 A55 A60 A61 A62 A60 A65 A64 A63 A51 A63 A64 A65 A74 A72 A74 A65 A60 A65 A74 A65 A60 A65 A74 A75 A79 A81 A82 A81 A79 A75 A78 A75 A74 A73 A74 A75 A79 A81 A82 A83 A84 A80 A85 A90 A89 A88 A76 A91 A92 A91 A76 A88 A89 A90 A99 A0 A4 A5 A4 A0 A99 A97 A99 A0
22
A97 A97 A96
A0 A3 A2 A95 A94
A60 A62 A61
A56 A54
A54 A52 A53
A55 A58 A56
A82 A83
A25 A28 A27 A31 A33
A36 A36
A78 A77 A78 A79 A81
A74 A72 A69
A12 A12 A11
A72 A71 A70
A8 A6 A8
A51 A68
A22 A20 A19 A22 A21
A85 A86 A87
A49 A45 A44 A46 A47 A37 A29
A38 A43
A4 A4
A16 A18
A92 A93
