A0 A3 A0 A4 A5 A9 A8 A7 A6 A4 A5 A10 A12 A10 A15 A14 A13 A1 A16 A17 A16 A1 A13 A14 A15 A24 A23 A24 A25 A24 A20 A24 A25 A29 A30 A35 A37 A35 A30 A34 A33 A34 A30 A29 A31 A29 A30 A35 A30 A34 A30 A35 A40 A39 A38 A26 A41 A42 A41 A26 A38 A39 A40 A49 A50 A52 A50 A49 A48 A44 A49 A50 A53 A50 A49 A45 A49 A50 A54 A55 A60 A61 A62 A61 A60 A65 A64 A63 A51 A63 A64 A65 A74 A71 A72 A73 A69 A74 A75 A74 A75 A79 A80 A79 A81 A79 A80 A79 A75 A77 A75 A79 A80 A85 A90 A89 A88 A76 A91 A92 A91 A76 A88 A89 A90 A99 A95 A99 A100 A104 A105 A104 A100 A99 A94 A99 A100 A104 A105 A104 A100 A99 A100 A104 A105 A110 A105 A104 A106 A107 A108 A109 A105 A104 A105 A110 A115 A114 A113 A101 A116 A117 A116 A101 A113 A114 A115 A124 A122 A124 A115 A124 A125 A129 A130 A129 A125 A124 A121 A124 A125 A129 A130 A135 A140 A135 A130 A134 A130 A135 A137 A135 A140 A139 A138 A126 A141 A142 A141 A126 A138 A139 A140 A149 A146 A149 A150 A149 A140 A135 A140 A149 A150 A154 A156 A154 A156 A157 A156 A154 A155 A160 A161 A160 A165 A164 A163 A151 A166 A167 A166 A151 A163 A164 A165 A174 A175 A179 A181 A179 A175 A174 A171 A174 A175 A179 A180 A184 A180 A179 A180 A185 A190 A199 A190 A189 A188 A176 A188 A189 A190 A199 A0 A199 A194 A199 A0
39
A45 A45 A47 A44
A154 A154 A152 A156 A158
A0 A3 A2
A80 A86 A87
A75 A71 A78 A77
A74 A69 A70
A161 A162 A161
A150 A153 A147 A145 A146 A144
A62 A62 A61 A54
A34 A37
A7 A6 A8 A4
A33 A31 A33
A95 A97 A96
A194 A195 A196 A197
A48 A46 A53 A52
A105 A104 A111 A112
A17 A18
A35 A36
A72 A72
A199 A194
A176 A193
A190 A186 A187
A51 A68
A122 A119 A120 A121 A122 A128 A127
A179 A179 A181 A183 A177 A178
A117 A118
A61 A58 A56
A25 A19 A20 A21 A22 A28 A29 A27
A92 A93
A12 A12 A11
A42 A43
A107 A106 A108
A174 A170 A172 A169 A171
A167 A168
A129 A129 A131 A133
A142 A143
A99 A95 A94 A102 A103
A81 A79 A81 A83
A134 A137 A136
