Soda daniel caroline noor massachusetts ian lewke sunny rabie kevin ruhi martinez krishnan ashley shah grace tamara jarrett ritter winifred castro meghan lo walsh juliann roshan sarina garcia aidan eshaan annie rob davis chloe berit shen amanda garbers patagonia rosen golden singhal danyal connor alvin yip andrew djajadi vilaythong sriram woolf Soda
50
danyal danyal
singhal singhal
grace grace
patagonia patagonia
shen shen
sunny sunny
vilaythong vilaythong
alvin alvin
rabie rabie
sriram sriram
daniel daniel
winifred winifred
davis davis
castro castro
rob rob
noor noor
lewke lewke
golden golden
martinez martinez
chloe chloe
garbers garbers
garcia garcia
sarina sarina
krishnan krishnan
amanda amanda
massachusetts massachusetts
ruhi ruhi
jarrett jarrett
tamara tamara
rosen rosen
shah shah
woolf woolf
eshaan eshaan
caroline caroline
yip yip
juliann juliann
kevin kevin
lo lo
roshan roshan
annie annie
djajadi djajadi
meghan meghan
ritter ritter
andrew andrew
ian ian
walsh walsh
aidan aidan
connor connor
ashley ashley
berit berit
