Soda winifred du ritter soman nichole ohio emily vikram parham krishnan ani danyal sophia chen william li liang zou olivia sunny hari singorahardjo erika barth scott amanda cal oscar lebron umar bears mack hanlon franco kanika weaver george lindsey angelis devesh wu gregory maya saurav brett melissa singhal logan shah berit djajadi massachusetts wyatt ishaan mittal maniku wong doshi evan daniel ellen srinivasan king greg annie aanika krista chase connor ruhi sun grace alvin patagonia xin adhikiari tyler charles rouzbahani andrew ashley zhifei rob kevin subbaraj vilaythong eshaan chloe celine caroline yip srivastava ahluwalia gobears chung ravi lewke kaur zhou jacob Soda
100
ruhi ruhi
wyatt wyatt
kaur kaur
caroline caroline
maniku maniku
sunny sunny
kevin kevin
devesh devesh
rouzbahani rouzbahani
singorahardjo singorahardjo
srinivasan srinivasan
ashley ashley
djajadi djajadi
chen chen
li li
singhal singhal
william william
daniel daniel
ishaan ishaan
du du
eshaan eshaan
rob rob
cal cal
zou zou
vikram vikram
ravi ravi
weaver weaver
srivastava srivastava
wu wu
oscar oscar
grace grace
adhikiari adhikiari
bears bears
massachusetts massachusetts
gregory gregory
connor connor
ritter ritter
wong wong
ellen ellen
chung chung
danyal danyal
celine celine
maya maya
ohio ohio
barth barth
greg greg
ahluwalia ahluwalia
doshi doshi
amanda amanda
krishnan krishnan
xin xin
zhou zhou
mittal mittal
melissa melissa
scott scott
angelis angelis
yip yip
jacob jacob
erika erika
zhifei zhifei
shah shah
hanlon hanlon
chloe chloe
lebron lebron
parham parham
gobears gobears
tyler tyler
saurav saurav
emily emily
george george
nichole nichole
alvin alvin
king king
olivia olivia
vilaythong vilaythong
brett brett
aanika aanika
ani ani
sun sun
krista krista
winifred winifred
hari hari
soman soman
liang liang
berit berit
annie annie
umar umar
kanika kanika
patagonia patagonia
mack mack
charles charles
subbaraj subbaraj
franco franco
lindsey lindsey
andrew andrew
logan logan
lewke lewke
evan evan
sophia sophia
chase chase
