Jingzhou Fredericia CoonRapids Sagalo BurgbeiMagdeburg Malnate Kabarnet Tabatinga MelitodiNapoli BeneBeraq Gangtok Bejucal TanahMerah FortLauderdale Frosinone JabalosSaraj Frosinone Ronse AzZuwaytinah RioFormoso Radnor LondonderryCountyBor Colachel Ibri Depok Carouge Ouarzazat Ketrzyn SanJosedeOcoa Tottori Thamaga Rembangan SaintMichael Rangae Veenendaal Ghugus Manduria Sanaa Sarzedo Jeypore Entroncamento Chegem Khabarovsk Crespo Carmichael elCampello Shumen Shizunaifurukawacho Chambly Chittaranjan SmederevskaPalanka Kirovsk Srinagar Kheri Ermelo Geilenkirchen Shively Lysva Jingzhou
50
CoonRapids CoonRapids
Sarzedo Sarzedo
SaintMichael SaintMichael
Colachel Colachel
Entroncamento Entroncamento
Chegem Chegem
Rembangan Rembangan
AzZuwaytinah AzZuwaytinah
Manduria Manduria
Gangtok Gangtok
Tottori Tottori
Ronse Ronse
Kirovsk Kirovsk
Ermelo Ermelo
Chittaranjan Chittaranjan
Depok Depok
Shizunaifurukawacho Shizunaifurukawacho
Crespo Crespo
Ibri Ibri
Lysva Lysva
Jeypore Jeypore
TanahMerah TanahMerah
Ghugus Ghugus
Khabarovsk Khabarovsk
Shively Shively
BurgbeiMagdeburg BurgbeiMagdeburg
Rangae Rangae
Kabarnet Kabarnet
Ouarzazat Ouarzazat
Sagalo Sagalo
Kheri Kheri
SanJosedeOcoa SanJosedeOcoa
LondonderryCountyBor LondonderryCountyBor
Shumen Shumen
Sanaa Sanaa
Thamaga Thamaga
Tabatinga Tabatinga
Veenendaal Veenendaal
Carouge Carouge
Radnor Radnor
JabalosSaraj JabalosSaraj
FortLauderdale FortLauderdale
BeneBeraq BeneBeraq
elCampello elCampello
Malnate Malnate
Srinagar Srinagar
Bejucal Bejucal
Carmichael Carmichael
RioFormoso RioFormoso
Ketrzyn Ketrzyn
