LesLilas AinBessem Kairouan Johnston Wenchi Sosnovka Daokou Hirosaki TagbilaranCity Ortaca Itororo SaintCyrlEcole SantanadoLivramento Butuan Kaifeng Fujieda AshtonunderLyne Aringay Arzamas Shimofurano UlanBator Vyazniki Skelmersdale BlueIsland Kotka NoblePark SanJuandelaMaguana SpanishTown AinArnat MadinatHamad MineralnyeVody ChalcodeDiazCovarrub Winnipeg Vaniyambadi Prostejov Mabopane Baramula Sorada SouthSaintPaul Angleton Braila Morwa Lloydminster NahiyatashShinafiyah Gorgan Manacapuru Oerlinghausen Belalcazar SenaMadureira Twante Rivas Espiye Shchekino Razam Aracuai Zhaodong Geiro CapimGrosso MonteAlegre Kambove Akcaabat Acarau HaciendaLaCalera Shurugwi Kemise SouthSaintPaul Ibirataia Ontinyent Acireale Langenhorn FortWorth Nagar Fuxin Mocoa Shieli Yafo Anjarah Rhondda Bury GongdanglegiKulon VillaPauladeSarmient Pozzuoli Escada Mauban WestIslip Embu Battambang Haripur Turek PriegodeCordoba Sosnovka GuaMusang Andrychow FetestiGara PortoVelho Magdeburg Haora SenadorPompeu Sobue Garbsen Pezinok KotRadhaKishan Izhevsk SpanishTown Kineshma Gunzenhausen Khulm Tangzhai Gowurdak Hangu Wangon EastLongmeadow Tabou Korsakov Sasovo LesLilas
100
Khulm Khulm
Kemise Kemise
Hirosaki Hirosaki
SanJuandelaMaguana SanJuandelaMaguana
Shchekino Shchekino
Braila Braila
SenaMadureira SenaMadureira
Shimofurano Shimofurano
AinArnat AinArnat
Rhondda Rhondda
Morwa Morwa
Ibirataia Ibirataia
Hangu Hangu
SouthSaintPaul SouthSaintPaul
Andrychow Andrychow
Garbsen Garbsen
Sobue Sobue
Sosnovka Sosnovka
Rivas Rivas
PriegodeCordoba PriegodeCordoba
Yafo Yafo
Haora Haora
Haripur Haripur
CapimGrosso CapimGrosso
AinBessem AinBessem
Ontinyent Ontinyent
Arzamas Arzamas
SpanishTown SpanishTown
Johnston Johnston
Nagar Nagar
Turek Turek
Belalcazar Belalcazar
Espiye Espiye
SenadorPompeu SenadorPompeu
KotRadhaKishan KotRadhaKishan
BlueIsland BlueIsland
MadinatHamad MadinatHamad
Butuan Butuan
Vyazniki Vyazniki
Langenhorn Langenhorn
Angleton Angleton
Kambove Kambove
Mocoa Mocoa
Kaifeng Kaifeng
Zhaodong Zhaodong
Fuxin Fuxin
WestIslip WestIslip
SaintCyrlEcole SaintCyrlEcole
Akcaabat Akcaabat
Anjarah Anjarah
Baramula Baramula
Acireale Acireale
Gunzenhausen Gunzenhausen
Vaniyambadi Vaniyambadi
Tabou Tabou
TagbilaranCity TagbilaranCity
ChalcodeDiazCovarrub ChalcodeDiazCovarrub
Itororo Itororo
HaciendaLaCalera HaciendaLaCalera
Kairouan Kairouan
Lloydminster Lloydminster
NoblePark NoblePark
Aracuai Aracuai
Shieli Shieli
Prostejov Prostejov
NahiyatashShinafiyah NahiyatashShinafiyah
Bury Bury
VillaPauladeSarmient VillaPauladeSarmient
MineralnyeVody MineralnyeVody
Izhevsk Izhevsk
Kotka Kotka
Oerlinghausen Oerlinghausen
FetestiGara FetestiGara
Manacapuru Manacapuru
Pozzuoli Pozzuoli
Shurugwi Shurugwi
Gowurdak Gowurdak
Kineshma Kineshma
Acarau Acarau
GuaMusang GuaMusang
Pezinok Pezinok
Gorgan Gorgan
Mabopane Mabopane
Twante Twante
Sorada Sorada
Daokou Daokou
Escada Escada
EastLongmeadow EastLongmeadow
Embu Embu
Korsakov Korsakov
Wangon Wangon
Battambang Battambang
MonteAlegre MonteAlegre
Wenchi Wenchi
PortoVelho PortoVelho
Ortaca Ortaca
AshtonunderLyne AshtonunderLyne
Skelmersdale Skelmersdale
FortWorth FortWorth
SantanadoLivramento SantanadoLivramento
