Kaimganj Isakogorka Leixlip Dankov Narangba GobernadorGalvez Tocache Fandriana Korolev Tsirang Brecht Tsirang MontecatiniTerme MilpaAlta Anahuac MilpaAlta Gobo Racine PinhalNovo Kansk EncarnaciondeDiaz Mesa Yucheng Tsukawaki Karasuyama Albi Novopokrovskaya Kawit Pilibhit Irvine Pilibhit Fagaras Kaimganj
25
Albi Albi
PinhalNovo PinhalNovo
Tsukawaki Tsukawaki
Narangba Narangba
Tocache Tocache
Novopokrovskaya Novopokrovskaya
Karasuyama Karasuyama
Dankov Dankov
Fagaras Fagaras
Yucheng Yucheng
Isakogorka Isakogorka
Tsirang Tsirang
EncarnaciondeDiaz EncarnaciondeDiaz
Pilibhit Pilibhit
Gobo Gobo
Brecht Brecht
Leixlip Leixlip
Fandriana Fandriana
Irvine Irvine
Korolev Korolev
MontecatiniTerme MontecatiniTerme
MilpaAlta MilpaAlta
GobernadorGalvez GobernadorGalvez
Racine Racine
Anahuac Anahuac
