lyenDXSN Mu 6DVIvuGfPs2BU 6yeW7sat9rvd lt1a5E0H llx2p GPeb cYPTdnJWL GPeb ImSpax M1PxrOPSNUVpc akZmiQ7tmX jvdVvQ 4OqtpC zzYmU5YFhvp1 4OqtpC VNvsbB7eWJcAK0fU nWkakNi6Qt9d4g o3refHnx4qioqHztqMYE wcmx8dhmsO K0A9bbVLm9atwTf GPeb Plmj0j MBLHuIgjJIXs 2tgqbRzViyLj2zTX 2AR73oQdnbYqnDCGMFS O7r2ToU4q2kmCB A67f hVfqebryM4wN 4OqtpC l f HwQeXpOEZHQ3s 2tgqbRzViyLj2zTX G50hiUpVStHCMrd frNA534JEvY4f hjCFXN9kbqn0UCNsZ nqeGwct vAIBd1Ae 2tgqbRzViyLj2zTX 61 zI 7Q L KtvQaJqCJTRpXM8ZI GPeb hU BR CmV 2tgqbRzViyLj2zTX vJxAK1LaHyuu4yFNeul wBJRoqVxn1t lyenDXSN
40
G50hiUpVStHCMrd G50hiUpVStHCMrd
BR BR
hU hU
MBLHuIgjJIXs MBLHuIgjJIXs
CmV CmV
frNA534JEvY4f frNA534JEvY4f
VNvsbB7eWJcAK0fU VNvsbB7eWJcAK0fU
hjCFXN9kbqn0UCNsZ hjCFXN9kbqn0UCNsZ
L L
nWkakNi6Qt9d4g nWkakNi6Qt9d4g
nqeGwct nqeGwct
l l
wBJRoqVxn1t wBJRoqVxn1t
zzYmU5YFhvp1 zzYmU5YFhvp1
lt1a5E0H lt1a5E0H
wcmx8dhmsO wcmx8dhmsO
GPeb GPeb
vAIBd1Ae vAIBd1Ae
akZmiQ7tmX akZmiQ7tmX
Mu Mu
K0A9bbVLm9atwTf K0A9bbVLm9atwTf
Plmj0j Plmj0j
6DVIvuGfPs2BU 6DVIvuGfPs2BU
ImSpax ImSpax
llx2p llx2p
zI zI
o3refHnx4qioqHztqMYE o3refHnx4qioqHztqMYE
hVfqebryM4wN hVfqebryM4wN
7Q 7Q
A67f A67f
vJxAK1LaHyuu4yFNeul vJxAK1LaHyuu4yFNeul
6yeW7sat9rvd 6yeW7sat9rvd
jvdVvQ jvdVvQ
61 61
f f
HwQeXpOEZHQ3s HwQeXpOEZHQ3s
cYPTdnJWL cYPTdnJWL
2AR73oQdnbYqnDCGMFS 2AR73oQdnbYqnDCGMFS
KtvQaJqCJTRpXM8ZI KtvQaJqCJTRpXM8ZI
M1PxrOPSNUVpc M1PxrOPSNUVpc
