0 1 46 67 1 81 1 14 51 2 69 88 6 40 2 68 16 8 71 9 37 1 43 39 7 65 21 8 77 53 58 46 15 8 0 93 16 87 91 38 54 0 50 25 56 75 94 73 13 29 31 75 62 82 44 9 72 83 9 41 95 41 62 35 12 36 32 29 84 29 6 33 29 89 90 1 0 97 0
49
25 25
14 14
12 12
9 9
35 35
44 44
58 58
77 77
53 53
95 95
94 94
15 15
75 75
67 67
69 69
50 50
33 33
8 8
68 68
93 93
39 39
40 40
46 46 99
62 62
89 89
90 90
83 83
81 81
37 37
51 51
36 36
56 56
84 84
29 29
43 43
88 88
65 65
97 97
82 82
21 21
54 54
91 91
6 6
71 71
16 16
31 31
72 72
87 87
32 32
