0 100 3 168 134 151 1 107 183 10 195 93 83 1 70 1 43 10 3 37 175 97 5 191 5 116 26 1 78 1 114 3 24 58 2 185 0 76 25 5 38 6 77 121 3 59 88 0 71 182 21 72 7 126 4 176 56 35 52 39 65 162 159 86 188 60 6 55 68 14 163 115 113 2 104 8 187 64 146 7 171 42 22 0 19 5 48 5 14 166 105 144 6 169 51 4 160 103 102 20 119 57 5 23 84 1 96 3 66 40 196 67 2 125 62 110 1 190 32 1 174 81 172 8 30 148 109 85 41 53 2 173 3 132 0
100
185 185
175 175
196 196
38 38
66 66
172 172
162 162
25 25
83 83
146 146
43 43
6 6
105 105
104 104
19 19
26 26
32 32
81 81
121 121
148 148
115 115
187 187
53 53
51 51
182 182
160 160
85 85
84 84
109 109
23 23
174 174
132 132
125 125
103 103
20 20
52 52
190 190
62 62
8 8
176 176
24 24
21 21
48 48
64 64
72 72
78 78
65 65
41 41
30 30
5 5
68 68
59 59
56 56
163 163
60 60
14 14
3 3
76 76
71 71
35 35
173 173
114 114
39 39
70 70
110 110
40 40
42 42
166 166
151 151
183 183
171 171
88 88
57 57
144 144
116 116
77 77
188 188
195 195
159 159
55 55
22 22
119 119
107 107
10 10
126 126
100 100
113 113
37 37
0 0
168 168
191 191
102 102
134 134
86 86
93 93
169 169
58 58
67 67
96 96
97 97
