0 2 139 2 164 2 148 137 176 131 130 151 142 175 134 138 158 145 156 143 153 198 2 182 11 180 11 187 2 188 20 169 11 178 2 190 16 189 11 170 11 192 2 167 2 140 5 160 5 195 5 196 191 159 154 150 185 173 193 144 133 146 177 186 162 174 149 165 197 171 183 168 179 135 199 5 172 20 181 9 166 16 163 16 141 18 161 18 155 18 132 2 157 18 147 18 136 2 152 28 194 16 184 2 0
70
130 130
131 131
132 132
133 133
134 134
135 135
136 136
137 137
138 138
139 139
140 140
141 141
142 142
143 143
144 144
145 145
146 146
147 147
148 148
149 149
150 150
151 151
152 152
153 153
154 154
155 155
156 156
157 157
158 158
159 159
160 160
161 161
162 162
163 163
164 164
165 165
166 166
167 167
168 168
169 169
170 170
171 171
172 172
173 173
174 174
175 175
176 176
177 177
178 178
179 179
180 180
181 181
182 182
183 183
184 184
185 185
186 186
187 187
188 188
189 189
190 190
191 191
192 192
193 193
194 194
195 195
196 196
197 197
198 198
199 199
