2 9 179 199 169 21 91 181 31 93 2 189 45 18 53 121 20 37 81 56 125 40 149 17 193 177 4 127 15 143 153 1 165 42 67 74 117 12 191 9 111 52 163 2 89 137 26 159 39 155 5 47 107 133 23 129 24 173 25 185 3 21 167 11 79 157 1 85 145 103 61 23 77 65 1 147 13 25 51 4 187 119 73 49 11 139 131 29 161 5 27 35 63 75 57 59 109 175 87 7 123 101 33 55 19 7 151 99 105 10 39 95 15 17 69 135 97 43 41 20 197 25 83 113 195 71 1 171 183 115 141 17 2
100
1 1
3 3
5 5
7 7
9 9
11 11
13 13
15 15
17 17
19 19
21 21
23 23
25 25
27 27
29 29
31 31
33 33
35 35
37 37
39 39
41 41
43 43
45 45
47 47
49 49
51 51
53 53
55 55
57 57
59 59
61 61
63 63
65 65
67 67
69 69
71 71
73 73
75 75
77 77
79 79
81 81
83 83
85 85
87 87
89 89
91 91
93 93
95 95
97 97
99 99
101 101
103 103
105 105
107 107
109 109
111 111
113 113
115 115
117 117
119 119
121 121
123 123
125 125
127 127
129 129
131 131
133 133
135 135
137 137
139 139
141 141
143 143
145 145
147 147
149 149
151 151
153 153
155 155
157 157
159 159
161 161
163 163
165 165
167 167
169 169
171 171
173 173
175 175
177 177
179 179
181 181
183 183
185 185
187 187
189 189
191 191
193 193
195 195
197 197
199 199
