0 1 6 11 16 17 18 16 22 23 21 26 32 31 36 41 46 50 46 52 51 57 56 61 65 61 67 66 72 73 72 66 67 61 62 63 61 56 57 51 52 46 41 42 43 41 36 31 32 26 21 25 21 26 32 31 36 41 46 52 53 52 46 41 36 38 36 31 34 31 36 39 40 36 41 46 52 51 57 58 56 61 67 66 72 71 76 81 86 91 95 91 86 81 84 81 86 88 86 81 76 78 76 81 83 82 81 86 89 86 91 94 91 86 81 76 79 80 76 81 86 91 93 92 91 86 81 76 71 72 66 70 66 68 67 61 64 61 56 57 51 54 51 52 46 41 45 44 41 46 41 36 31 33 32 26 28 27 26 21 22 16 11 6 1 3 1 6 11 15 11 16 20 19 16 11 6 1 4 1 6 9 6 1 0 49 0
49
27 27
54 54
63 63
79 79
95 95
42 42
45 45
20 20
78 78
34 34
92 92
19 19
15 15
23 23
17 17
88 88
84 84
57 57
80 80
33 33
39 39
62 62
89 89
44 44
3 3
58 58
18 18
43 43
83 83
49 49
4 4
25 25
73 73
64 64
68 68
50 50
94 94
93 93
28 28
82 82
9 9
72 72
40 40
70 70
65 65
38 38
53 53
46 47 48
61 67
