ZtfcEeD9 J2tz5Jy2 VDai7XkI BOlNhFGU gKOyNQPh aWGQETjI gKOyNQPh BOlNhFGU o4xf7nVd 62Mn9lau VDai7XkI xzWL2Pp8 VDai7XkI lqKnzPvP VDai7XkI WOCLylig VDai7XkI EB4WBsTV ca785uLx mrK2EXuk ca785uLx VDai7XkI X4DALK1Z B65DnegI X4DALK1Z VDai7XkI RjDUex61 lqKnzPvP ZS8CQaI7 VDai7XkI tCAdUY4B VDai7XkI Pz0LLMil VDai7XkI uMuBYvMK VDai7XkI AmaYXBsi VDai7XkI 8LVjFaQv VDai7XkI eFJgi8X6 VDai7XkI ntaFp6yn VDai7XkI CBKWpDQv y7NjqOqM svPb07cv VDai7XkI 7Xy44hse mSd4Nw6v 9FVeC0va ciNFdHxl b850DFfF sAdwIwgI 0MyIUMFM d4U8kEOb VDai7XkI 91Uq51QB VDai7XkI CxnbNU8s eJJL3lWa YWqBlkAs VDai7XkI wZJN4OBT EAWv9kfQ mlHu9OVg ZS8CQaI7 VDai7XkI JfDq1Cs2 VDai7XkI hBRDGWam VDai7XkI y7NjqOqM CBKWpDQv gX4kBNm4 VDai7XkI LvdUl8D5 J2tz5Jy2 8Rfeklr1 J2tz5Jy2 2KepLMXB J2tz5Jy2 LvdUl8D5 d5gzYuse Q7hUKAHQ 1Xrx7hj3 sFR9mcaG eFJgi8X6 aSd01nMZ qnVestAH NgGjr3Ik Rd2M5nw8 X4DALK1Z VDai7XkI Tb8W969R fa3ra0T7 Tb8W969R yIRIspJJ PLFYaVF6 VDai7XkI 1dr1nBQ7 ijk5cHsH VDai7XkI Tb8W969R 7P5zi9hu yRH0nOtz bJ22zvWV VDai7XkI NpH6Hpsr AmaYXBsi mSd4Nw6v VDai7XkI O5yBujnu VDai7XkI aSd01nMZ W7b2i2pG aSd01nMZ 3L2NkWiR 8avKqSxh VDai7XkI SG64DwCC rbWYBihd SG64DwCC VDai7XkI xkCjqYXa yptfWPBC xkCjqYXa VDai7XkI Fj27Gybu 4FNIiWtX aDGqWHym yptfWPBC HTyyntxa NvpMZWSs xkCjqYXa zvH4AKmS 43ehQX6O VDai7XkI EAWv9kfQ wZJN4OBT kMauNR5Y BkhTgoaJ W7b2i2pG PMzcqvQL W7b2i2pG BkhTgoaJ CIF8DWXL FgxkC8N1 MeetuZNx Q6NMHx0B 04vrMVdi c6ZWTltk VDai7XkI dzvtjag1 U7cZo0h2 VDai7XkI 3MYamZSb VDai7XkI RleTQaHw zpLQ0R0G VDai7XkI eF0ueRyu dB8nWjnw 1gtWVzKV VDai7XkI CGddIqkC VDai7XkI aSd01nMZ VDai7XkI jKNn1ZQ1 VDai7XkI yRH0nOtz VDai7XkI kTn5Wdms xRPgtW5C VDai7XkI poaWnZDO FGbFUcoj 1Xrx7hj3 Q7hUKAHQ 1Xrx7hj3 NSdaWdL7 VDai7XkI wusYsf5E 6hjWynHN SG64DwCC VDai7XkI OJgw7XgR VDai7XkI FdbcCrtB VDai7XkI miUcr0K7 1Xrx7hj3 Q2HoHQU7 lWuh5cH8 Q2HoHQU7 VgwgAKMz FqE4GP0Y bKTzHQn4 TNblhkGK bKTzHQn4 FqE4GP0Y Wznv2rRv gX4kBNm4 KbQF6Z1I KZzTlcqA KbQF6Z1I VgwgAKMz FqE4GP0Y bKTzHQn4 VDai7XkI 43ehQX6O w0QWGw2L 43ehQX6O sAdwIwgI PMzcqvQL IdGLl1to WvzZeqnS VDai7XkI m9MRh7a0 nFqouQp3 6MPulFAv ZtfcEeD9
100
Fj27Gybu Fj27Gybu
43ehQX6O 43ehQX6O
nFqouQp3 nFqouQp3
04vrMVdi 04vrMVdi
X4DALK1Z X4DALK1Z
J2tz5Jy2 J2tz5Jy2
bJ22zvWV bJ22zvWV
O5yBujnu O5yBujnu
RleTQaHw RleTQaHw
FdbcCrtB FdbcCrtB
SG64DwCC SG64DwCC
KZzTlcqA KZzTlcqA
wZJN4OBT wZJN4OBT
EB4WBsTV EB4WBsTV
8LVjFaQv 8LVjFaQv
kMauNR5Y kMauNR5Y
aDGqWHym aDGqWHym
svPb07cv svPb07cv
TNblhkGK TNblhkGK
ZtfcEeD9 ZtfcEeD9
ijk5cHsH ijk5cHsH
lWuh5cH8 lWuh5cH8
ca785uLx ca785uLx
xRPgtW5C xRPgtW5C
dzvtjag1 dzvtjag1
CBKWpDQv CBKWpDQv
EAWv9kfQ EAWv9kfQ
Pz0LLMil Pz0LLMil
FqE4GP0Y FqE4GP0Y
rbWYBihd rbWYBihd
7P5zi9hu 7P5zi9hu
d5gzYuse d5gzYuse
LvdUl8D5 LvdUl8D5
8Rfeklr1 8Rfeklr1
NpH6Hpsr NpH6Hpsr
PMzcqvQL PMzcqvQL
qnVestAH qnVestAH
BOlNhFGU BOlNhFGU
FGbFUcoj FGbFUcoj
ntaFp6yn ntaFp6yn
CIF8DWXL CIF8DWXL
kTn5Wdms kTn5Wdms
1gtWVzKV 1gtWVzKV
eF0ueRyu eF0ueRyu
gKOyNQPh gKOyNQPh
OJgw7XgR OJgw7XgR
WOCLylig WOCLylig
poaWnZDO poaWnZDO
yptfWPBC yptfWPBC
B65DnegI B65DnegI
aSd01nMZ aSd01nMZ
RjDUex61 RjDUex61
7Xy44hse 7Xy44hse
eFJgi8X6 eFJgi8X6
HTyyntxa HTyyntxa
Tb8W969R Tb8W969R
xzWL2Pp8 xzWL2Pp8
hBRDGWam hBRDGWam
mlHu9OVg mlHu9OVg
o4xf7nVd o4xf7nVd
U7cZo0h2 U7cZo0h2
Rd2M5nw8 Rd2M5nw8
W7b2i2pG W7b2i2pG
1dr1nBQ7 1dr1nBQ7
tCAdUY4B tCAdUY4B
2KepLMXB 2KepLMXB
jKNn1ZQ1 jKNn1ZQ1
uMuBYvMK uMuBYvMK
Q7hUKAHQ Q7hUKAHQ
gX4kBNm4 gX4kBNm4
91Uq51QB 91Uq51QB
ciNFdHxl ciNFdHxl
lqKnzPvP lqKnzPvP
w0QWGw2L w0QWGw2L
zvH4AKmS zvH4AKmS
IdGLl1to IdGLl1to
0MyIUMFM 0MyIUMFM
AmaYXBsi AmaYXBsi
JfDq1Cs2 JfDq1Cs2
miUcr0K7 miUcr0K7
fa3ra0T7 fa3ra0T7
YWqBlkAs YWqBlkAs
wusYsf5E wusYsf5E
Wznv2rRv Wznv2rRv
VgwgAKMz VgwgAKMz
PLFYaVF6 PLFYaVF6
62Mn9lau 62Mn9lau
zpLQ0R0G zpLQ0R0G
aWGQETjI aWGQETjI
yRH0nOtz yRH0nOtz
y7NjqOqM y7NjqOqM
8avKqSxh 8avKqSxh
CGddIqkC CGddIqkC
ZS8CQaI7 ZS8CQaI7
NSdaWdL7 NSdaWdL7
sFR9mcaG sFR9mcaG
mSd4Nw6v mSd4Nw6v
3MYamZSb 3MYamZSb
mrK2EXuk mrK2EXuk
CxnbNU8s CxnbNU8s
