74 9 62 40 31 7 18 37 26 60 34 32 25 49 1 10 63 3 4 21 38 45 5 53 52 48 54 17 19 46 29 41 64 42 13 16 44 59 58 55 11 36 8 61 24 30 14 23 33 35 43 57 65 50 2 6 20 27 51 12 39 28 0 22 56 47 15 74
66
0 0
1 1
2 2
3 3
4 4
5 5
6 6
7 7
8 8
9 9
10 10
11 11
12 12
13 13
14 14
15 15
16 16
17 17
18 18
19 19
20 20
21 21
22 22
23 23
24 24
25 25
26 26
27 27
28 28
29 29
30 30
31 31
32 32
33 33
34 34
35 35
36 36
37 37
38 38
39 39
40 40
41 41
42 42
43 43
44 44
45 45
46 46
47 47
48 48
49 49
50 50
51 51
52 52
53 53
54 54
55 55
56 56
57 57
58 58
59 59
60 60
61 61
62 62
63 63
64 64
65 65
