93 62 18 157 138 1 80 46 146 70 130 75 102 77 143 4 168 14 87 136 12 161 0 81 2 137 49 117 2 177 53 125 141 7 79 73 2 95 61 140 64 171 0 56 122 30 51 116 0 52 151 82 63 163 4 40 19 26 147 176 90 34 121 7 170 108 39 7 76 4 24 3 98 2 65 66 11 99 27 43 165 174 129 74 27 172 101 8 115 3 38 131 36 109 1 154 47 91 9 72 110 84 111 86 119 1 0 57 2 67 2 105 2 124 155 169 20 3 93
91
1 1
2 2
4 4
14 14
18 18
19 19
20 20
24 24
26 26
27 27
34 34
36 36
38 38
39 39
40 40
43 43
46 46
47 47
49 49
51 51
52 52
53 53
56 56
57 57
61 61
62 62
63 63
64 64
65 65
66 66
67 67
70 70
72 72
73 73
74 74
75 75
76 76
77 77
79 79
80 80
81 81
82 82
84 84
86 86
87 87
90 90
91 91
95 95
98 98
99 99
101 101
102 102
105 105
108 108
109 109
110 110
111 111
115 115
116 116
117 117
119 119
121 121
122 122
124 124
125 125
129 129
130 130
131 131
136 136
137 137
138 138
140 140
141 141
143 143
146 146
147 147
151 151
154 154
155 155
157 157
161 161
163 163
165 165
168 168
169 169
170 170
171 171
172 172
174 174
176 176
177 177
