Dannemora Fabius Norwich Forest Fishers Haviland Franklin Delhi Freeville Hancock Geneva Fairview Geneva Fairport Fulton Gardiner Friendship Gardiner Falconer Gardiner Fulton Dexter Fairmount DeRuyter Hamburg Fleischmanns Fonda Fabius Mills Fishkill Davis Forestville Granville Deer Florida Farnham Florida Farmingville Florida Deer Delanson Dunkirk Frewsburg Delhi Frewsburg Odessa Depauville Ghent Glenwood Delevan Galeville Germantown Deferiet Dansville Franklinville Gowanda Fredonia Harbor Fayetteville Herkimer Freeport Oceanside Gasport Oceanside Fair Oceanside Flower Herricks Deposit Herricks Depew Herricks Delmar Frankfort Flanders Goshen Highland Firthcliffe Earlville Fire Dannemora
50
Dansville Dansville
Davis Davis
Deer Deer
Deferiet Deferiet
Delanson Delanson
Delevan Delevan
Delhi Delhi
Delmar Delmar
Depauville Depauville
Depew Depew
Deposit Deposit
DeRuyter DeRuyter
Dexter Dexter
Dunkirk Dunkirk
Earlville Earlville
Fabius Fabius
Fair Fair
Fairmount Fairmount
Fairport Fairport
Fairview Fairview
Falconer Falconer
Farmingville Farmingville
Farnham Farnham
Fayetteville Fayetteville
Fire Fire
Firthcliffe Firthcliffe
Fishers Fishers
Fishkill Fishkill
Flanders Flanders
Fleischmanns Fleischmanns
Florida Florida
Flower Flower
Fonda Fonda
Forest Forest
Forestville Forestville
Frankfort Frankfort
Franklin Franklin
Franklinville Franklinville
Fredonia Fredonia
Freeport Freeport
Freeville Freeville
Frewsburg Frewsburg
Friendship Friendship
Fulton Fulton
Galeville Galeville
Gardiner Gardiner
Gasport Gasport
Geneva Geneva
Germantown Germantown
Ghent Ghent
