Acton Compton Bowles Dublin Arnold Bradley Caruthers Covelo Foresthill Covelo Cartago Bluewater Cerritos Broadmoor Cerritos Aptos Bystrom Anaheim Brisbane Belmont Cambria Almanor Cambria Cayucos Arvin Bishop Fruitdale Escondido Atwater Escondido Fruitdale Byron Biggs Fallbrook Artesia Fresno Banning Alamo Avalon Ceres Auburn Ceres Bloomington Carson Bishop Brea Bishop Clearlake Ashland Alhambra Brawley Columbia Carpinteria Columbia Fortuna Calwa Arcadia Belvedere Calistoga Anaheim Bystrom Buttonwillow Boronda Beckwourth Azusa Bootjack Chino Burney Duarte Carmichael Duarte Cupertino Auberry Corona Calexico Blairsden Atherton Commerce Dorrington Castroville August Cotati Boron Cotati Bodfish Cartago Arbuckle Blythe Esparto Cobb Barstow Aromas Barstow Calimesa Burbank Camarillo Burbank Galt Brentwood Biola Bluewater Cerritos Bell Alpaugh Escalon Calipatria Crockett Cabazon Amesti Coachella Calabasas Beaumont Benicia Chowchilla Avenal Chowchilla Avery Capitola Avery Georgetown Bellflower Bolinas Angwin Atascadero Bonsall Atascadero Antioch Folsom Caribou Anderson Calexico Florin Alturas Dinuba Banning Coachella Campbell Arnold Bradley Colfax Bayview Albany Bayview Ducor Burlingame Alhambra Belden Arcata Fillmore Alpine Fontana Colusa Adelanto Bradbury Bakersfield Canyondam Encinitas Armona Berkeley Alameda Carrick Bonita Carrick Concow Carlsbad Acton
100
Adelanto Adelanto
Alameda Alameda
Alamo Alamo
Albany Albany
Alhambra Alhambra
Almanor Almanor
Alpaugh Alpaugh
Alpine Alpine
Alturas Alturas
Amesti Amesti
Anaheim Anaheim
Anderson Anderson
Angwin Angwin
Antioch Antioch
Aptos Aptos
Arbuckle Arbuckle
Arcadia Arcadia
Arcata Arcata
Armona Armona
Arnold Arnold
Aromas Aromas
Artesia Artesia
Arvin Arvin
Ashland Ashland
Atascadero Atascadero
Atherton Atherton
Atwater Atwater
Auberry Auberry
Auburn Auburn
August August
Avalon Avalon
Avenal Avenal
Avery Avery
Azusa Azusa
Bakersfield Bakersfield
Banning Banning
Barstow Barstow
Bayview Bayview
Beaumont Beaumont
Beckwourth Beckwourth
Belden Belden
Bell Bell
Bellflower Bellflower
Belmont Belmont
Belvedere Belvedere
Benicia Benicia
Berkeley Berkeley
Biggs Biggs
Biola Biola
Bishop Bishop
Blairsden Blairsden
Bloomington Bloomington
Bluewater Bluewater
Blythe Blythe
Bodfish Bodfish
Bolinas Bolinas
Bonita Bonita
Bonsall Bonsall
Bootjack Bootjack
Boron Boron
Boronda Boronda
Bowles Bowles
Bradbury Bradbury
Bradley Bradley
Brawley Brawley
Brea Brea
Brentwood Brentwood
Brisbane Brisbane
Broadmoor Broadmoor
Burbank Burbank
Burlingame Burlingame
Burney Burney
Buttonwillow Buttonwillow
Byron Byron
Bystrom Bystrom
Cabazon Cabazon
Calabasas Calabasas
Calexico Calexico
Calimesa Calimesa
Calipatria Calipatria
Calistoga Calistoga
Calwa Calwa
Camarillo Camarillo
Cambria Cambria
Campbell Campbell
Canyondam Canyondam
Capitola Capitola
Caribou Caribou
Carlsbad Carlsbad
Carmichael Carmichael
Carpinteria Carpinteria
Carrick Carrick
Carson Carson
Cartago Cartago
Caruthers Caruthers
Castroville Castroville
Cayucos Cayucos
Ceres Ceres
Cerritos Cerritos
Foresthill Altadena
