Acadia Tortugas Bend Voyageurs Smoky Lassen Isle Teton Gateway Glacier Brycecanyon Canyonlands Brycecanyon Glacier Gunnison Basin Badlands Crater Olympic Arches Sequoia Guadalupe Acadia Biscayne Cuyahoga Channel Indiana Haleakala Teddy Denali Katmai Everglades Congaree Caverns Rocky Biscayne Acadia Capitol Acadia
25
Arches Arches
Badlands Badlands
Bend Bend
Biscayne Biscayne
Gunnison Gunnison
Brycecanyon Brycecanyon
Canyonlands Canyonlands
Capitol Capitol
Caverns Caverns
Channel Channel
Congaree Congaree
Crater Crater
Cuyahoga Cuyahoga
Denali Denali
Tortugas Tortugas
Everglades Everglades
Gateway Gateway
Glacier Glacier
Teton Teton
Basin Basin
Smoky Smoky
Guadalupe Guadalupe
Haleakala Haleakala
Indiana Indiana
Isle Isle
