Greenhouse mlk Greenhouse MathSciencesRes Greenhouse maxwell Greenhouse McEnerneyHall Greenhouse McLaughlin Greenhouse memorialpool Greenhouse MinorHallAdd Greenhouse moffit Greenhouse MorganHall Greenhouse MorrisonHall Greenhouse MosesHall Greenhouse nrl Greenhouse NorthGateHall Greenhouse NAnimalFacil Greenhouse OBrienHall Greenhouse ObservHill Greenhouse AnthonyHall Greenhouse ArchsEngineers Greenhouse BancroftLibrary Greenhouse BanwayBldg Greenhouse BarrowsHall Greenhouse BARTStation Greenhouse BechtelEngineering Greenhouse BirgeHall Greenhouse BlackwellHall Greenhouse BlumHall Greenhouse BoaltHall Greenhouse BotanGarden Greenhouse StarrLibrary Greenhouse
30
mlk mlk
MathSciencesRes MathSciencesRes
maxwell maxwell
McEnerneyHall McEnerneyHall
McLaughlin McLaughlin
memorialpool memorialpool
MinorHallAdd MinorHallAdd
moffit moffit
MorganHall MorganHall
MorrisonHall MorrisonHall
MosesHall MosesHall
nrl nrl
NorthGateHall NorthGateHall
NAnimalFacil NAnimalFacil
OBrienHall OBrienHall
ObservHill ObservHill
AnthonyHall AnthonyHall
ArchsEngineers ArchsEngineers
BancroftLibrary BancroftLibrary
BanwayBldg BanwayBldg
BarrowsHall BarrowsHall
BARTStation BARTStation
BechtelEngineering BechtelEngineering
BirgeHall BirgeHall
BlackwellHall BlackwellHall
BlumHall BlumHall
BoaltHall BoaltHall
BotanGarden BotanGarden
StarrLibrary StarrLibrary
Greenhouse ImagingCenter BarkerHall BerkeleyWest BerkeleyMuseum AndersenAud NorthField McConeHall AlumniHouse BarrowLane MinorHall MulfordHall
