pace interactive throne imposter throne quality headline mature enhance tolerate sign injury shy market figure banana assignment tool dialogue prison title sunrise seize sunrise title demand page lake discriminate dip discriminate lake discriminate financial dough enhance legislation enhance dough enhance thumb excuse legislation bitter guarantee king guarantee certain disclose output autonomy miserable profound financial voice pace king guarantee buffet exclusive class pain pig other approval mystery enter mystery chair class judicial circulation gate mystery paper judicial output circulation rob honor nationalist thumb prison cigarette tablet swear mature brake mature skeleton likely skeleton banana sign tolerate enhance dough linger vegetarian forge winner solve assume sunrise deposit paper judicial glasses feature honor pace
50
shy shy
swear swear
dough dough
pain pain
buffet buffet
linger linger
circulation circulation
class class
nationalist nationalist
tool tool
honor honor
prison prison
imposter imposter
guarantee guarantee
exclusive exclusive
other other
rob rob
sunrise sunrise
voice voice
winner winner
vegetarian vegetarian
tolerate tolerate
lake lake
headline headline
throne throne
seize seize
glasses glasses
paper paper
tablet tablet
legislation legislation
enter enter
enhance enhance
quality quality
injury injury
bitter bitter
dip dip
page page
mystery mystery
figure figure
autonomy autonomy
likely likely
demand demand
output output
thumb thumb
cigarette cigarette
brake brake
financial financial
title title
king king
sign sign
