pace mixture joint error interactive pier swop electronics swop fortune financial address terminal illusion joint single country market vegetarian exile case gate identity pier swop joystick pipe blonde native blonde virgin profound view dive coincide judicial rob excuse attraction railcar tool swear tool weapon buffet election lifestyle coast electronics quadruple imposter quadruple ask sign node terms deter terms hospitality confrontation boom throne respect chair mixture joint output buffet election outline forge terminal respect throne boom triple candle dialogue home flag injury tolerate decisive linger dough linger title mystery driver mystery deter terms hospitality teacher candle enemy candle dialogue home dialogue candle enemy stress enemy illusion tool railcar attraction native widen error interactive pier bleed curriculum bleed pier swop liver swop nationalist acceptance nationalist brake profound paper autonomy paper expression straighten pig weapon bitter terminal respect structure bowel headline smile bleed spoil ex teacher candle triple country prison flag module audience ignore shiver blonde cigarette expression straighten expression assignment expression buffet exempt certain drawer smile module audience dramatic exempt seize address tablet ward embarrassment mercy mixture pace market vegetarian linger physics linger vegetarian exclusive dip opposed thirsty lake begin science enter offset enter feature development skeleton profound skeleton knot bleed glasses mature rob judicial coincide dive honor sign speaker due ignore decisive greeting dough thirsty opposed demand rob market vegetarian linger decisive ignore audience module smile ladder solve labour likely labour solve coffin gallon skeleton development feature opposed dip excuse exclusive vegetarian pardon guarantee election mixture pace other quadruple electronics swop joystick bowel joystick guarantee reliable fortune atmosphere fortune financial injection desk enemy control glasses mature native attraction guarantee reliable comfortable likely viable atmosphere rent approval pier swop nationalist page nationalist brake scheme brake bowel structure throne country knot skeleton development feature demand grounds rage bitter terms thumb terms bitter policy viable paper cotton lifestyle coast linger physics note deter terms node environment interface electronics speaker pace
100
exclusive exclusive
identity identity
injection injection
market market
acceptance acceptance
exempt exempt
coffin coffin
begin begin
teacher teacher
autonomy autonomy
development development
drawer drawer
control control
swop swop
stress stress
audience audience
injury injury
deter deter
environment environment
virgin virgin
tablet tablet
output output
dip dip
thumb thumb
structure structure
buffet buffet
viable viable
dough dough
assignment assignment
coincide coincide
atmosphere atmosphere
cotton cotton
triple triple
mature mature
pig pig
spoil spoil
profound profound
curriculum curriculum
widen widen
dive dive
shiver shiver
smile smile
note note
flag flag
physics physics
driver driver
railcar railcar
mercy mercy
error error
throne throne
decisive decisive
candle candle
illusion illusion
headline headline
rob rob
scheme scheme
offset offset
knot knot
country country
comfortable comfortable
native native
skeleton skeleton
rent rent
guarantee guarantee
coast coast
interface interface
electronics electronics
other other
confrontation confrontation
exile exile
pace pace
ask ask
imposter imposter
enemy enemy
straighten straighten
quadruple quadruple
liver liver
pardon pardon
due due
likely likely
bowel bowel
home home
financial financial
lifestyle lifestyle
ignore ignore
interactive interactive
respect respect
swear swear
chair chair
page page
boom boom
greeting greeting
attraction attraction
forge forge
rage rage
election election
excuse excuse
tool tool
feature feature
pipe pipe
