pace miserable page likely circulation likely pier gate audience page guarantee disclose excuse view prison honor prison view throne title king approval voice mixture brake nationalist pace miserable exempt injury skeleton deposit enter thumb opposed skeleton injury mixture market likely king due excuse feature nationalist brake headline audience headline audience understand output exclusive pace
25
deposit deposit
exempt exempt
enter enter
gate gate
audience audience
headline headline
honor honor
brake brake
likely likely
market market
mixture mixture
throne throne
circulation circulation
feature feature
output output
nationalist nationalist
voice voice
opposed opposed
excuse excuse
guarantee guarantee
king king
page page
injury injury
approval approval
skeleton skeleton
