0 67 1 2 1 3 1 4 1 70 5 69 71 8 9 8 10 8 11 8 12 8 75 14 16 17 16 76 18 20 18 21 18 22 18 23 18 77 25 26 25 78 28 29 28 30 28 32 28 79 33 35 36 37 33 80 81 82 38 84 41 42 43 41 45 41 46 47 41 85 48 50 48 51 48 86 52 53 52 87 54 55 54 56 54 57 54 58 54 88 59 61 59 63 59 64 59 89 65 66 65 90 0
45
3 3
4 4
9 9
10 10
11 11
12 12
17 17
20 20
21 21
22 22
23 23
26 26
29 29
30 30
32 32
35 35
36 36
37 37
42 42
43 43
45 45 44
46 46
47 47
50 50
51 51
53 53
55 55
56 56
57 57
58 58
61 61
63 63
64 64
66 66
5 6 7
8 13
59 60 62
2 2
33 34
14 15
18 24 19
25 27
28 31
38 39 40
48 49
