0 182 27 34 133 134 38 132 40 131 44 135 138 1 3 1 4 1 139 141 5 7 5 8 5 9 5 24 144 20 146 145 14 147 149 11 12 11 149 147 14 145 146 20 144 24 5 141 139 1 139 141 5 24 144 20 146 145 14 145 146 20 21 20 22 20 144 24 26 24 5 141 139 1 138 135 44 131 40 132 38 134 133 34 27 28 27 29 27 33 27 34 37 34 133 134 38 39 38 132 40 43 40 131 44 45 44 46 44 135 138 1 139 141 5 24 144 20 146 145 14 147 149 11 150 152 151 60 153 57 54 154 155 52 156 47 49 47 51 47 156 52 155 154 54 55 54 56 54 57 58 57 59 57 153 60 61 60 64 60 63 60 153 57 54 154 155 52 156 47 157 159 160 120 162 163 67 164 67 70 67 71 67 164 72 73 72 75 72 165 76 166 167 80 81 80 82 80 83 80 92 86 87 86 88 86 168 89 90 89 168 86 92 86 168 89 169 94 95 94 97 94 96 94 95 94 101 94 102 103 102 105 102 171 170 172 175 106 107 106 108 106 109 106 110 106 176 111 114 111 113 111 114 115 114 116 114 117 114 118 114 111 176 106 175 172 170 171 102 94 169 89 168 86 92 80 167 166 76 165 164 67 163 162 120 122 120 123 120 125 120 126 120 127 120 128 120 162 163 67 164 165 76 166 167 80 92 86 168 89 169 94 102 171 170 172 175 106 176 111 114 118 177 178 179 181 182 0
76
3 3
4 4
7 7
8 8
9 9
12 12
21 21
22 22
26 26
28 28
29 29
33 33
37 37
43 43
45 45
46 46
51 51
55 55
56 56
58 58
59 59
61 61
63 63
64 64
70 70
71 71
73 73
75 75
81 81
82 82
83 83
87 87
88 88
90 90
95 95
97 97
101 101
103 103
105 105
107 107
108 108
109 109
110 110
113 113
115 115
116 116
117 117
122 122
123 123
125 125
126 126
127 127
128 128
60 65 62 66
120 129 130 121 124
80 85 84
1 13 2
94 100 96 99 98
102 104
27 30 31 32
5 10 6
76 79 77 78
92 93
47 49 50 48
67 69 68
14 15 18 19 16 17
40 41 42
34 36 35
20 23
24 25
114 112
89 91
72 74
39 39
118 119
52 53
