C0 C179 C33 C2 C199 C149 C154 C110 C138 C60 C157 C11 C22 C0 C25 C6 C51 C60 C175 C122 C4 C179 C58 C73 C12 C76 C116 C118 C134 C0 C80 C0 C188 C169 C0 C178 C0 C109 C3 C81 C16 C197 C185 C149 C127 C176 C57 C24 C183 C0 C157 C0 C109 C168 C67 C5 C99 C1 C129 C130 C65 C1 C39 C80 C11 C8 C56 C195 C3 C104 C6 C51 C170 C146 C172 C188 C0 C61 C113 C3 C96 C136 C17 C1 C180 C181 C20 C85 C2 C104 C99 C182 C62 C125 C57 C127 C112 C82 C112 C147 C8 C4 C9 C4 C73 C3 C127 C71 C62 C0 C109 C0 C107 C67 C36 C1 C122 C95 C166 C2 C31 C91 C3 C130 C86 C93 C4 C58 C122 C1 C0
41
C16 C16 C3 C84 C145 C5
C0 C0
C146 C146 C28
C51 C51 C182
C93 C93 C68 C123 C104 C52
C154 C154
C71 C71 C70
C166 C166
C60 C185 C120
C96 C164 C168 C18 C8
C99 C129 C20
C183 C35 C1 C114 C63
C168 C121 C194
C179 C26
C188 C169
C127 C167 C179 C74 C7 C10
C24 C196 C198 C66 C160 C30
C73 C149 C4 C122 C87 C27
C185 C47 C193
C104 C161 C24 C172
C136 C181
C169 C19 C50 C11
C22 C137
C112 C88
C76 C171 C132 C2
C147 C25
C116 C190
C31 C43
C39 C58 C97
C122 C127 C153
C157 C59 C55
C176 C86 C77 C152 C31 C32 C110 C57 C192 C103
C33 C144
C67 C119 C134
C180 C141
C110 C56 C107 C48 C54 C165
C65 C105 C124 C78
C86 C101
C58 C45 C95 C139
C57 C100
C130 C49
