9iIwk XYzcU jT5CK tG1wc YH6mk 5ioW1 vrNke k6V9L N1MZB ZgtaX pXCjI ZgtaX veOJ7 ZgtaX Vake4 k64Ok fS0W8 p9vQm ZfVrl Esl6u rrNj1 mBYfp 9iIwk Mj2eQ iEXNY Mj2eQ MA43U jYfXn MA43U ZzWHp Mj2eQ 1xmtC 5VT1H 5BDPJ WJNpN QVYVG SgDk6 kmzhT QVYVG knY3U vE0Pj knY3U QVYVG qkJ6b Ib6np 5R5Xa rrNj1 Esl6u fS0W8 k64Ok BnAjj ZgtaX JgjFI ZgtaX k64Ok fS0W8 Esl6u rrNj1 mBYfp 1eRkH mBYfp rrNj1 Esl6u fS0W8 k64Ok ZgtaX iCgvV ZgtaX k64Ok fS0W8 Esl6u rrNj1 5R5Xa ChXAd 5R5Xa Ib6np qkJ6b QVYVG WGJpQ aHGHb 1pxZM QVYVG WJNpN Y7IDR WJNpN 1uRw3 Ri2t4 1uRw3 5VT1H 1xmtC XYzcU 1xmtC h2rea 1xmtC Mj2eQ oqPYQ jASvw 0GdkR Mj2eQ 1xmtC 5VT1H 1uRw3 y89SK 1uRw3 WJNpN AgYPL tnjfN YH6mk Y7IDR 4a0W8 Y7IDR YH6mk 5ioW1 Be0ab XZKtP 5ioW1 XZKtP dw7aX XZKtP bXinH 5ioW1 YH6mk tG1wc 5VT1H QVYVG jAwQw QVYVG LZomt QVYVG qkJ6b QVYVG RhUVQ QVYVG qkJ6b 9iIwk
50
5VT1H 5VT1H
jT5CK jT5CK
bXinH bXinH
qkJ6b qkJ6b
Y7IDR Y7IDR
AgYPL AgYPL
XYzcU XYzcU
vE0Pj vE0Pj
5R5Xa 5R5Xa
iEXNY iEXNY
WGJpQ WGJpQ
1uRw3 1uRw3
1eRkH 1eRkH
veOJ7 veOJ7
YH6mk YH6mk
jAwQw jAwQw
Ri2t4 Ri2t4
jYfXn jYfXn
ChXAd ChXAd
XZKtP XZKtP
Mj2eQ Mj2eQ
ZzWHp ZzWHp
h2rea h2rea
jASvw jASvw
5ioW1 5ioW1
SgDk6 SgDk6
1xmtC 1xmtC
JgjFI JgjFI
0GdkR 0GdkR
fS0W8 fS0W8
oqPYQ oqPYQ
tnjfN tnjfN
dw7aX dw7aX
9iIwk 9iIwk
Be0ab Be0ab
LZomt LZomt
p9vQm p9vQm
kmzhT kmzhT
pXCjI pXCjI
1pxZM 1pxZM
BnAjj BnAjj
Vake4 Vake4
iCgvV iCgvV
5BDPJ 5BDPJ
y89SK y89SK
RhUVQ RhUVQ
aHGHb aHGHb
4a0W8 4a0W8
ZgtaX ZgtaX
QVYVG 7G74f
