HAZtD 6gp0A kPB79 4Tt2a kPB79 4PXv9 kPB79 z82fM EyMEe bW6Ms GxQg8 aWuHk p3gJd 15wtn b9v0q eVDVP Agb0E WVEjT b9v0q 15wtn p3gJd cC0Rg 1gvq4 O8CwF TlJnt C4biR p3gJd GxQg8 EyMEe Cg1yP iKwe0 EyMEe GxQg8 iqOI4 UqGfS NqBQW Xqwfz 7kY28 URrao fiXIW g8MpX SxklZ VESmp SxklZ Xqwfz Zok18 7kY28 fiXIW 7kY28 Xqwfz jyRQW zcuSA gpbSj zcuSA jyRQW Xqwfz pLg86 7kY28 qz2Of 8Qx0C iPRoT Vg6Sz iIQll GrnJ7 rmW0U bMhFI rmW0U GrnJ7 gNinx GrnJ7 rmW0U SfSL1 RkCLD E6pda e7SjH DuU0x BIY9X DuU0x e7SjH 2LhKB e7SjH o2JtM H1xt8 GaZ4O Jbr8u 6sv9O fiXIW 0moVI Pk19A iimZq 7kY28 Xqwfz BaYb3 Xqwfz 7kY28 fiXIW 6sv9O Q8lcd 6sv9O fiXIW g8MpX SxklZ g8MpX OWqP4 fiXIW 6sv9O iPRoT Vg6Sz iIQll p4kTx iIQll 4jcrD Vg6Sz iPRoT 6sv9O fiXIW 6owsT fiXIW 7kY28 IOpdQ Xqwfz NqBQW UqGfS GxQg8 EyMEe wnnBN J0OP0 EyMEe GxQg8 lJnz7 GxQg8 bW6Ms ED9em 5h4rt ED9em RN9nS 3NU9e GxQg8 1gvq4 rH3nx cu5FB jesVt fWz4T EgumV 69WZh jesVt 0FMEI 3JtxZ GrnJ7 rmW0U 9tf0w rmW0U SfSL1 RkCLD E6pda e7SjH DuU0x e7SjH E6pda xKTIz RkCLD SfSL1 rmW0U GrnJ7 3JtxZ 0FMEI jesVt 69WZh mdIe6 69WZh jesVt cu5FB 4AhmX p3gJd 9cp56 0F8yg 9cp56 p3gJd GxQg8 3NU9e CXkxa Lusir CXkxa 3NU9e GxQg8 p3gJd jesVt 69WZh zrVPv 69WZh R6NzB 69WZh jesVt p3gJd GxQg8 UqGfS NqBQW Xqwfz 7kY28 HAKlt 7kY28 1VA1I 7kY28 qz2Of OEGHh Vg6Sz iIQll GrnJ7 UbqWX GrnJ7 rmW0U HOuAL rmW0U GrnJ7 3JtxZ sU69u 2GCiD sU69u 3JtxZ GrnJ7 v9joy GrnJ7 rmW0U CHx6u lF8gH CHx6u rmW0U GrnJ7 3JtxZ 0FMEI jesVt 69WZh iHR3J 69WZh jesVt 0FMEI 5EAEu sU69u 4PSW9 zcuSA Zxvdf zcuSA 4PSW9 9cp56 p3gJd 15wtn b9v0q eVDVP Ia6ul eVDVP b9v0q 15wtn 4AhmX jesVt 0FMEI tgL8p DmTRc GrnJ7 iaaYU GrnJ7 rmW0U CHx6u rmW0U GrnJ7 3JtxZ 0FMEI R6NzB ZKvNM TzGS5 ZKvNM 69WZh wedr3 15wtn p3gJd C4biR aegld O8CwF DaieK O8CwF C4biR kNG2j AwFdf cpzS8 acHTt 4AhmX p3gJd GxQg8 bW6Ms ED9em bW6Ms GxQg8 UqGfS X2hjX vfAR8 aWuHk uPUO1 aWuHk p3gJd 15wtn b9v0q SEkfX b9v0q VG4na Q5zY0 69WZh ox9Gx 15wtn Mm2U8 v7hOX fExZu Mm2U8 15wtn p3gJd 9cp56 u60s4 cC0Rg 1gvq4 GxQg8 UqGfS Ssao4 UqGfS NqBQW UqGfS GxQg8 EyMEe HAZtD
100
pLg86 pLg86
p4kTx p4kTx
kNG2j kNG2j
aWuHk aWuHk
uPUO1 uPUO1
4AhmX 4AhmX
bMhFI bMhFI
7kY28 7kY28
HOuAL HOuAL
Zok18 Zok18
Zxvdf Zxvdf
cu5FB cu5FB
0moVI 0moVI
VG4na VG4na
UqGfS UqGfS
xKTIz xKTIz
z82fM z82fM
iIQll iIQll
NqBQW NqBQW
OWqP4 OWqP4
URrao URrao
DuU0x DuU0x
zrVPv zrVPv
WVEjT WVEjT
DaieK DaieK
RN9nS RN9nS
R6NzB R6NzB
TzGS5 TzGS5
Pk19A Pk19A
4Tt2a 4Tt2a
5h4rt 5h4rt
SEkfX SEkfX
4jcrD 4jcrD
cC0Rg cC0Rg
vfAR8 vfAR8
gNinx gNinx
Q8lcd Q8lcd
iHR3J iHR3J
GxQg8 GxQg8
HAKlt HAKlt
2LhKB 2LhKB
fExZu fExZu
jesVt jesVt
4PXv9 4PXv9
O8CwF O8CwF
CHx6u CHx6u
fWz4T fWz4T
BIY9X BIY9X
9tf0w 9tf0w
H1xt8 H1xt8
1gvq4 1gvq4
J0OP0 J0OP0
bW6Ms bW6Ms
lJnz7 lJnz7
mdIe6 mdIe6
1VA1I 1VA1I
X2hjX X2hjX
SxklZ SxklZ
aegld aegld
AwFdf AwFdf
eVDVP eVDVP
ox9Gx ox9Gx
VESmp VESmp
iKwe0 iKwe0
v7hOX v7hOX
p3gJd p3gJd
Ia6ul Ia6ul
E6pda E6pda
0F8yg 0F8yg
acHTt acHTt
iimZq iimZq
6owsT 6owsT
wnnBN wnnBN
UbqWX UbqWX
Vg6Sz Vg6Sz
5EAEu 5EAEu
cpzS8 cpzS8
IOpdQ IOpdQ
Lusir Lusir
iqOI4 iqOI4
BaYb3 BaYb3
EgumV EgumV
Ssao4 Ssao4
rH3nx rH3nx
8Qx0C 8Qx0C
TlJnt TlJnt
wedr3 wedr3
69WZh 69WZh
ED9em ED9em
fiXIW fiXIW
gpbSj gpbSj
DmTRc DmTRc
2GCiD 2GCiD
v9joy v9joy
iaaYU iaaYU
Agb0E Agb0E
lF8gH lF8gH
Cg1yP Cg1yP
u60s4 u60s4
4PSW9 zcuSA
