3Yw8H hQySr ycoh0 EvuAH miscC ycoh0 hQySr 3Yw8H cvjQc JYR5M cvjQc 3Yw8H IWj7Z EQJ7U 8MJwv EQJ7U BSqOv QUkKU NRZIn cvjQc NRZIn zSmKp QUkKU 9e1Io s8jhm RTNKK Vm2RV RTNKK Vm2RV Tz4zy fEdtk s8jhm w0i4E s8jhm Jcs3B EQJ7U TT3Hk EQJ7U 5PNx4 EQJ7U iaf34 TT3Hk vN0gV EQJ7U Jcs3B s8jhm 5ayvc OhHc9 5ayvc s8jhm P18zR BSqOv QUkKU M5wZP Z7joj IWj7Z 3Yw8H xNFYO KHHwN 3Yw8H
25
8MJwv 8MJwv
ycoh0 ycoh0
JYR5M JYR5M
vN0gV vN0gV
miscC miscC
w0i4E w0i4E
Vm2RV Vm2RV
EvuAH EvuAH
BSqOv BSqOv
xNFYO xNFYO
Z7joj Z7joj
QUkKU QUkKU
P18zR P18zR
OhHc9 OhHc9
M5wZP M5wZP
KHHwN KHHwN
TT3Hk TT3Hk
9e1Io 9e1Io
5PNx4 5PNx4
zSmKp zSmKp
iaf34 iaf34
Tz4zy Tz4zy
cvjQc cvjQc
3Yw8H 3Yw8H
RTNKK RTNKK
