1 30 8 73 24 79 90 79 48 58 48 12 18 81 64 2 8 30 99 48 12 52 4 32 87 8 73 93 40 11 20 100 40 26 54 45 19 20 83 34 91 15 95 15 91 23 42 41 69 50 60 20 83 3 57 66 25 19 67 78 67 63 67 97 3 81 64 10 64 85 98 46 59 14 59 46 98 92 57 72 33 72 95 84 5 28 5 76 7 76 5 54 49 89 49 86 60 36 1
40
90 90
42 42
58 58
72 72
92 92
11 11
87 87
26 26
83 83
45 45
66 66
5 5
99 99
34 34
1 1
12 12
63 63
73 73
100 100
84 84
28 28
8 8
50 50
79 79
78 78
89 89
93 93
46 46
33 33
10 10
91 91
86 86
64 64
95 95
52 52
69 69
7 7
3 3
14 14
98 98
