1 199 165 46 23 84 87 119 153 132 15 33 26 18 163 87 115 20 18 136 138 6 51 6 70 101 175 55 36 55 147 113 129 113 156 86 110 11 42 20 90 55 152 119 157 4 71 62 23 99 92 103 119 82 1 136 1 45 108 23 127 145 193 27 162 53 3 64 161 64 166 185 96 8 105 19 53 180 57 12 11 49 86 13 19 174 86 194 27 12 38 121 56 176 60 130 12 190 43 14 174 92 31 22 52 2 186 62 98 1 66 8 176 51 7 14 43 132 16 91 128 117 86 109 182 93 58 189 95 104 159 105 78 82 140 170 88 89 88 116 64 83 155 137 142 1
78
78 78
194 194
127 127
46 46
152 152
82 82
36 36
49 49
51 51
129 129
101 101
142 142
147 147
108 108
43 43
159 159
18 18
92 92
162 162
115 115
7 7
15 15
156 156
90 90
3 3
153 153
182 182
66 66
91 91
137 137
64 64
89 89
186 186
96 96
163 163
93 93
31 31
99 99
176 176
58 58
12 12
71 71
83 83
136 136
199 199
175 175
42 42
130 130
132 132
53 53
52 52
84 84
103 103
138 138
157 157
13 13
26 26
140 140
185 185
95 95
88 88
86 86
14 14
116 116
110 110
193 193
98 98
190 190
56 56
161 161
119 119
128 128
105 105
23 23
57 57
60 60
121 121
174 174
