Abbey Alia Carlee Shannon Tanya Yoselin Abbey Rayna Abbey Matilda Mira Alexia Dana Haven Rebecca Nora Abril Presley Beatrice Isabella Marisol Abril Jamiya Kimberly Abbey Kristina Vivian Riley Ruth Tara Karma Kiera Sophia Eden Abbey Lisa Lillie Liberty Jordin Maeve Ayanna Harley Helen Avni Kayley Lana Mckinley Abril Lilia Abbey
40
Alexia Alexia
Avni Avni
Ayanna Ayanna
Beatrice Beatrice
Carlee Carlee
Dana Dana
Eden Eden
Harley Harley
Haven Haven
Helen Helen
Isabella Isabella
Jamiya Jamiya
Jordin Jordin
Karma Karma
Kayley Kayley
Kiera Kiera
Kimberly Kimberly
Kristina Kristina
Lana Lana
Liberty Liberty
Lilia Lilia
Lillie Lillie
Lisa Lisa
Maeve Maeve
Marisol Marisol
Matilda Matilda
Mckinley Mckinley
Mira Mira
Nora Nora
Presley Presley
Rayna Rayna
Rebecca Rebecca
Riley Riley
Ruth Ruth
Shannon Shannon
Sophia Sophia
Tanya Tanya
Tara Tara
Vivian Vivian
Yoselin Yoselin
