Abbey Adyson Diana Kiana Alexia Myah Denisse Sophia Mckinley Iyana Lindsay Ainsley Ingrid Shyanne Leila Sophie Ariel Jasmin Abbey Taniyah Alexia Kaydence Mira Juliette Alisha Bryanna Riley Elianna Alisha Aniya Sharon Mireya Keyla Lilia Jimena Haven Abril Zion Claire Madilynn Adyson Rylee Abbey Lucille Alisha Maggie Jazmyn Abril Jaden Jade Abril Chasity Dayami Alena Kenzie Abbey Jillian Abbey Nia Adyson Mya Camilla Abbey Lacey Ciara Lilyana Kiley Kimberly Kayden Christine Kristina Kira Alena Alexia Abril Noelle Mckayla Aryana Alia Carlee Abril Carlie Alexia Emilie Adyson Carleigh Lainey Baylee Gillian Natalee Abbey Jamiya Carly Abbey Kristin Alivia Abbey Ashley Abbey Parker Aubree Zaria Tara Dana Brooklyn Alexia Janiya Neveah Matilda Emma Melina Alexus Imani Laylah Zara Avni Kaley Adyson Arielle Abbey
90
Abbey Abbey
Alexia Alexia
Alexus Alexus
Alia Alia
Alivia Alivia
Aniya Aniya
Ariel Ariel
Arielle Arielle
Aryana Aryana
Ashley Ashley
Aubree Aubree
Avni Avni
Baylee Baylee
Brooklyn Brooklyn
Bryanna Bryanna
Camilla Camilla
Carlee Carlee
Carleigh Carleigh
Carlie Carlie
Carly Carly
Chasity Chasity
Christine Christine
Ciara Ciara
Claire Claire
Dana Dana
Dayami Dayami
Denisse Denisse
Diana Diana
Elianna Elianna
Emilie Emilie
Emma Emma
Gillian Gillian
Haven Haven
Imani Imani
Ingrid Ingrid
Iyana Iyana
Jade Jade
Jaden Jaden
Jamiya Jamiya
Janiya Janiya
Jasmin Jasmin
Jazmyn Jazmyn
Jillian Jillian
Jimena Jimena
Juliette Juliette
Kaley Kaley
Kayden Kayden
Kaydence Kaydence
Kenzie Kenzie
Keyla Keyla
Kiana Kiana
Kiley Kiley
Kimberly Kimberly
Kira Kira
Kristin Kristin
Kristina Kristina
Lacey Lacey
Lainey Lainey
Laylah Laylah
Leila Leila
Lilia Lilia
Lilyana Lilyana
Lindsay Lindsay
Lucille Lucille
Madilynn Madilynn
Maggie Maggie
Matilda Matilda
Mckayla Mckayla
Mckinley Mckinley
Melina Melina
Mira Mira
Mireya Mireya
Mya Mya
Myah Myah
Natalee Natalee
Neveah Neveah
Nia Nia
Noelle Noelle
Parker Parker
Riley Riley
Rylee Rylee
Sharon Sharon
Shyanne Shyanne
Sophia Sophia
Sophie Sophie
Taniyah Taniyah
Tara Tara
Zara Zara
Zaria Zaria
Zion Zion
