Taozhuang Uran Hechingen Uran New Memmingen Aytos Uran Wesseling Uran Pottstown Uran Gauting Artur Calauan Uran Sarandi Uran Bang Esperanza Boo Jackson Rosedale Esmeraldas Somma Waverly Gudermes Bourbonnais Strathfield Kallio Uran Severodvinsk Uran Caravaca Donggongon Uran Cibinong Tupelo Sicklerville Villa Rafiganj Uran Nonsan Rutherglen Ulu Freetown Uran Middle Besuki Uran Jingzhou Uran Ilesa Uran Oulmes Fort Uran Ramla Azrou Alatyr Jinotepe Uran Norco Udumalaippettai Norco Longgang Uran Camayenne Uran Durazno Uran Taozhuang
50
Gauting Gauting
Nonsan Nonsan
Jackson Jackson
Kallio Kallio
Ulu Ulu
Sarandi Sarandi
Middle Middle
Donggongon Donggongon
Durazno Durazno
Camayenne Camayenne
Strathfield Strathfield
Cibinong Cibinong
Jingzhou Jingzhou
New New
Somma Somma
Azrou Azrou
Fort Fort
Esperanza Esperanza
Longgang Longgang
Udumalaippettai Udumalaippettai
Boo Boo
Villa Villa
Severodvinsk Severodvinsk
Ilesa Ilesa
Besuki Besuki
Gudermes Gudermes
Calauan Calauan
Wesseling Wesseling
Taozhuang Taozhuang
Rosedale Rosedale
Aytos Aytos
Tupelo Tupelo
Rutherglen Rutherglen
Alatyr Alatyr
Artur Artur
Bang Bang
Ramla Ramla
Freetown Freetown
Waverly Waverly
Caravaca Caravaca
Sicklerville Sicklerville
Bourbonnais Bourbonnais
Memmingen Memmingen
Hechingen Hechingen
Jinotepe Jinotepe
Rafiganj Rafiganj
Pottstown Pottstown
Esmeraldas Esmeraldas
Uran Uran
Oulmes Oulmes
