Ilesa Bensheim Mouscron Bensheim UlanUde Bensheim Niort Bensheim Palafrugell Viewpark Jagna Bensheim Bang Shagamu Bensheim Yingkou Bensheim Valletta Sceaux Bensheim WaltonontheNaze Milledgeville Milagro Foshan Aklera Bensheim Gariadhar Bavly Bensheim GernikaLumo Bensheim Alfenas Aleshtar Bensheim Lodwar Calauan Tupelo Uran Azrou Oulmes Mexborough Polohy Magomeni Bensheim Shaowu Bensheim Stupino Bensheim Landshut Bensheim Tharu Bensheim PortVila Bensheim Tupiza Valday Jiangyan Davis Bensheim Oberhausen Bensheim Tak Bensheim Great Tyoply Great Ada Malden Bon An Bobigny Ventimiglia Brunswick Bensheim Dahlem Bensheim Paredes Bensheim LonsleSaunier Bensheim Kyzylorda Bensheim Campobasso Bensheim Sirsi Itacoatiara Sirsi Bensheim Puerto Bensheim Guli Bensheim Meizhou Toledo Bensheim Villaquilambre Bensheim DehiwalaMount Bensheim Skalica Bensheim Bogovinje Bensheim Ramla Bensheim Zaozhuang Bensheim Copperas MitryMory Tiruppuvanam Onex Hermsdorf American Puducherry Sirsi Bensheim Aurora Barracas Bensheim Sillanwali Bensheim Chacabuco Marburg Lille Bensheim Brzeg Perth Resplendor Great Bensheim Alexandria Memmingen Palm Sishui Talipparamba Bensheim New Bensheim Claremont Bensheim PointeClaire Bensheim Stuttgart Rutland Bensheim Ponta Bensheim Jashpurnagar Rhosllanerchrugog Bensheim Sorsogon Bensheim Clermont Bensheim Ilesa
100
Jagna Jagna
Sishui Sishui
Milagro Milagro
Claremont Claremont
Palm Palm
Talipparamba Talipparamba
Aklera Aklera
Sillanwali Sillanwali
Milledgeville Milledgeville
Ada Ada
Tyoply Tyoply
Bavly Bavly
Mexborough Mexborough
Sceaux Sceaux
Foshan Foshan
Valletta Valletta
Resplendor Resplendor
Brunswick Brunswick
Stuttgart Stuttgart
Stupino Stupino
Bensheim Bensheim
Alexandria Alexandria
Sirsi Sirsi
New New
Malden Malden
Chacabuco Chacabuco
Azrou Azrou
Perth Perth
Bogovinje Bogovinje
Oberhausen Oberhausen
UlanUde UlanUde
Palafrugell Palafrugell
Polohy Polohy
Tak Tak
Campobasso Campobasso
Yingkou Yingkou
Zaozhuang Zaozhuang
Skalica Skalica
Ilesa Ilesa
Calauan Calauan
Tiruppuvanam Tiruppuvanam
Shagamu Shagamu
Gariadhar Gariadhar
Ventimiglia Ventimiglia
Shaowu Shaowu
Aurora Aurora
Landshut Landshut
Tupelo Tupelo
Guli Guli
Davis Davis
Ramla Ramla
Barracas Barracas
An An
Bobigny Bobigny
Bang Bang
Toledo Toledo
Rhosllanerchrugog Rhosllanerchrugog
PortVila PortVila
PointeClaire PointeClaire
MitryMory MitryMory
Meizhou Meizhou
Memmingen Memmingen
Itacoatiara Itacoatiara
Viewpark Viewpark
Rutland Rutland
Mouscron Mouscron
Niort Niort
Tupiza Tupiza
Lille Lille
Magomeni Magomeni
Sorsogon Sorsogon
Puerto Puerto
Great Great
Brzeg Brzeg
Valday Valday
American American
DehiwalaMount DehiwalaMount
Hermsdorf Hermsdorf
Clermont Clermont
Aleshtar Aleshtar
Villaquilambre Villaquilambre
Marburg Marburg
Jiangyan Jiangyan
Lodwar Lodwar
Jashpurnagar Jashpurnagar
Onex Onex
Alfenas Alfenas
Bon Bon
Uran Uran
Ponta Ponta
Copperas Copperas
LonsleSaunier LonsleSaunier
Oulmes Oulmes
Kyzylorda Kyzylorda
Tharu Tharu
Puducherry Puducherry
WaltonontheNaze WaltonontheNaze
Paredes Paredes
Dahlem Dahlem
GernikaLumo GernikaLumo
