Lesnoy GatesNorth Visitacion Glogovac Beveren Yangambi Zgorzelec Brentwood Hueytown Artur Portogruaro Stade Ishim Beveren Kundla Beveren Meerut Hudiksvall Blackpool Malaut Pingyi Gisborne Dharmapuri Beveren Franceville Rutherglen Sun Winsford Sungurlu Lesnoy
25
Hudiksvall Hudiksvall
Rutherglen Rutherglen
Dharmapuri Dharmapuri
Artur Artur
Meerut Meerut
Kundla Kundla
Visitacion Visitacion
Sun Sun
Zgorzelec Zgorzelec
Ishim Ishim
Malaut Malaut
Pingyi Pingyi
Hueytown Hueytown
Stade Stade
Sungurlu Sungurlu
Glogovac Glogovac
Gisborne Gisborne
GatesNorth GatesNorth
Blackpool Blackpool
Lesnoy Lesnoy
Winsford Winsford
Portogruaro Portogruaro
Franceville Franceville
Brentwood Brentwood
Yangambi Yangambi
