108 4 126 6 44 0 107 5 61 57 83 1 43 6 48 25 64 17 184 26 35 39 1 24 54 5 32 6 49 177 6 157 10 5 174 5 176 140 197 68 170 0 92 24 167 8 117 12 134 73 0 130 5 38 3 67 36 8 187 2 46 3 45 100 6 23 13 1 15 11 66 11 77 133 37 14 78 4 150 75 0 63 11 56 1 53 6 143 18 186 13 71 11 148 182 11 153 144 101 2 7 3 110 3 34 81 0 137 0 136 0 96 7 95 3 1 3 118 3 82 19 138 28 8 188 121 1 99 7 65 5 109 5 31 190 129 15 146 6 85 0 114 142 181 179 151 84 5 120 0 128 0 69 79 4 108
97
188 188
7 7
39 39
67 67
99 99
48 48
54 54
114 114
129 129
37 37
176 176
57 57
19 19
95 95
153 153
26 26
121 121
100 100
142 142
184 184
137 137
46 46
63 63
64 64
14 14
126 126
186 186
24 24
117 117
151 151
118 118
11 11
181 181
148 148
61 61
78 78
81 81
66 66
69 69
44 44
34 34
144 144
110 110
68 68
187 187
128 128
136 136
157 157
23 23
35 35
107 107
182 182
134 134
13 13
17 17
79 79
138 138
45 45
1 1
83 83
49 49
190 190
75 75
56 56
197 197
150 150
65 65
77 77
140 140
82 82
109 109
31 31
36 36
133 133
15 15
38 38
5 5
43 43
179 179
96 96
120 120
84 84
130 130
167 167
177 177
71 71
85 85
73 73
28 28
53 53
174 174
92 92
146 146
143 143
170 170
101 101
32 32
