steward minimize pastel community company deck exotic scrap appear perception creation concern hide farewell belief childish top basketball battery ballot crew think tin linear skip adult steward
25
battery battery
appear appear
adult adult
think think
minimize minimize
linear linear
ballot ballot
farewell farewell
tin tin
childish childish
pastel pastel
community community
concern concern
top top
hide hide
perception perception
creation creation
exotic exotic
belief belief
basketball basketball
company company
scrap scrap
crew crew
skip skip
deck deck
