Soda building1 building6 building1 building7 building32 building7 building1 Soda building1 Soda building2 building13 building2 building11 building2 Soda building3 building16 building3 building17 building42 building17 building3 building19 building3 building20 building3 Soda building4 building22 building4 building24 building4 building25 building50 building25 building4 Soda building5 building26 building51 building26 building5 building27 building5 building28 building53 building28 building5 building29 building54 building29 building5 building30 building5 Soda building1 building6 building31 building6 building1 building7 building32 building7 building1 building10 building1 Soda building2 building11 building2 building12 building2 building14 building39 building14 building2 building15 building2 Soda building3 building16 building41 building16 building3 building18 building3 building19 building3 building20 building45 building20 building3 Soda building5 building30 building5 building29 building5 building28 building53 building28 building5 building27 building52 building27 building5 building26 building5 Soda building4 building24 building49 building24 building4 building23 building48 building23 building4 building22 building47 building22 building4 building21 building4 Soda
26
building6 building6
building11 building11 building14 building36
building12 building12 building37
building13 building13 building38
building19 building19 building44
building20 building20 building45
building24 building24 building49
building26 building26 building51
building30 building30 building55
building31 building31
building32 building32 building7
building39 building39
building41 building41 building16
building42 building42 building17
building47 building47 building22
building50 building50 building25
building52 building52 building27
building54 building54 building29
building18 building43 building18
building2 building15
building1 building8 building33 building9 building34
building4 building23 building48 building21
building10 building35 building10
building15 building40
building53 building28 building53
building21 building46
