0 5 10 15 20 25 30 35 40 45 46 47 48 49 44 39 34 28 23 17 12 6 11 15 20 25 30 35 41 46 52 57 63 67 72 77 83 77 72 71 70 65 61 56 52 47 43 38 34 29 24 18 13 8 7 12 16 21 25 30 31 32 37 43 47 52 56 61 65 70 75 80 85 91 85 86 92 86 81 75 70 65 60 55 50 45 40 35 30 25 20 15 10 11 16 12 13 7 6 5 10 15 20 25 30 35 40 45 50 55 61 66 61 55 50 45 41 36 32 27 23 18 24 18 13 7 3 2 6 11 15 20 25 30 35 41 35 30 25 21 20 21 22 27 33 38 44 43 47 52 57 56 55 50 45 40 35 31 26 22 17 22 26 31 35 40 45 50 55 60 65 61 56 52 47 48 53 58 64 58 53 47 42 36 31 25 21 16 12 7 12 16 21 26 32 37 32 26 21 15 11 15 20 25 30 35 40 45 50 55 61 66 72 77 83 88 94 88 83 77 72 66 61 55 50 45 40 35 31 32 33 34 38 43 47 53 58 64 69 68 67 72 76 81 85 90 91 96 92 87 88 89 94 99 94 88 83 77 72 66 61 55 51 46 41 35 30 25 20 15 10 5 0
50
89 89
10 10
64 64
66 66
83 83
46 46
61 61
35 35
0 0
99 99
18 18
43 43
44 44
39 39
63 63
94 94
70 70
24 24
92 92
37 37
17 17
45 45
11 11
38 38
3 3
34 34
29 29
20 20
47 47
85 85
96 96
52 52
55 55
65 65
49 49
90 90
41 41
8 8
91 91
13 13
57 57
2 2
30 30
69 69
5 5
7 7
48 48
6 6
21 21
16 16
