0 1 2 3 4 5 6 7 8 18 29 18 17 16 15 25 34 44 53 63 72 82 91 101 110 121 131 142 152 163 173 184 173 163 152 142 131 121 110 101 91 82 72 82 91 101 110 120 130 131 132 133 144 154 165 175 165 154 144 133 124 114 105 94 84 83 82 83 84 85 86 96 95 105 114 104 93 83 82 81 80 70 61 51 42 32 23 13 4 5 6 7 8 17 16 15 14 13 12 22 21 20 21 22 23 24 34 45 55 66 76 87 96 107 108 118 129 139 138 137 136 135 145 154 144 133 123 132 142 151 142 132 123 113 104 105 106 107 108 97 87 76 75 74 73 72 71 72 73 74 75 76 66 55 45 34 25 15 25 35 46 56 67 56 47 37 47 56 66 75 85 94 104 113 123 132 142 151 161 170 181 170 161 151 142 132 123 113 104 94 85 75 66 67 68 77 87 96 106 115 125 135 146 135 125 114 104 93 83 72 71 70 71 72 83 93 104 114 125 135 146 156 167 177 188 177 167 156 146 145 144 143 142 141 140 130 121 111 102 103 93 84 85 86 87 88 89 78 68 58 49 39 49 58 68 77 87 96 106 115 125 134 144 154 165 175 186 175 165 154 144 133 123 112 102 91 81 70 61 51 42 32 23 13 4 13 23 32 43 53 64 74 85 95 106 116 127 137 148 158 157 167 176 177 178 189 178 168 157 147 136 126 125 126 127 128 138 149 138 129 118 108 97 87 86 87 88 98 97 96 95 94 93 103 112 122 131 141 150 160 150 141 131 122 111 101 90 80 70 60 50 41 31 22 12 13 24 23 32 42 43 53 64 73 83 92 102 111 102 92 83 73 64 54 45 46 47 48 57 67 76 86 95 105 114 124 133 143 153 152 151 150 141 131 122 112 103 104 105 106 116 126 135 145 154 165 154 144 133 123 112 102 91 81 70 61 51 62 72 83 93 104 114 125 135 146 156 167 156 155 166 155 145 134 124 113 104 94 84 83 84 85 86 87 97 108 118 117 116 126 135 145 154 164 173 183 184 185 186 196 186 175 165 154 144 133 123 122 121 120 121 122 132 123 113 104 94 95 85 74 64 53 43 32 22 11 2 11 21 30 40 50 60 70 81 91 102 112 123 133 134 135 136 147 157 168 178 189 199 189 178 168 157 147 136 126 115 105 94 84 73 63 52 43 33 32 42 51 61 62 63 73 74 75 76 77 87 96 106 115 125 134 144 153 163 172 182 172 163 164 165 166 167 177 188 198 188 187 176 166 155 154 153 152 142 131 121 110 100 90 80 70 60 50 41 31 32 43 53 64 74 85 95 106 116 127 116 106 95 85 74 64 53 43 33 24 14 5 14 24 33 43 52 62 71 81 82 83 84 85 86 87 88 89 99 89 78 68 57 47 36 26 16 15 25 34 44 53 44 34 25 26 16 7 8 9 8 7 6 5 4 3 2 11 21 22 32 43 44 45 34 24 13 3 2 1 0
100
53 53
125 125
186 186
86 86
31 31
152 152
154 154
114 114
61 61
20 20
130 130
196 196
160 160
80 80
108 108
127 127
29 29
22 22
99 99
77 77
12 12
101 101
82 82
15 15
103 103
2 2
178 178
155 155
64 64
21 21
188 188
122 122
158 158
9 9
33 33
132 132
51 51
71 71
16 16
123 123
39 39
68 68
139 139
95 95
146 146
147 147
5 5
164 164
149 149
166 166
175 175
18 18
151 151
4 4
76 76
167 167
87 87
83 83
189 189
118 118
181 181
73 73
153 153
8 8
120 120
184 184
81 81
129 129
133 133
26 26
17 17
105 105
140 140
111 111
182 182
48 48
165 165
150 150
43 43
42 42
45 45
94 94
37 37
70 70
98 98
104 104
107 107
199 199
198 198
96 96
161 161
116 116
102 102
24 24
183 183
187 187
72 72
89 89
176 176
67 67
