CH BD BP BD DU CN AB CD CF BG DI BW DF BH AF CB DB CY AM BQ AN BR BD AY BL CS BY CP AP BA AV BC CS BI DL AT AE DO AE CZ BU CA AX CU BC AQ BF CF CZ CF CW BZ AO CB AF CL AF BS AF DM AF AJ AN DG AN BZ DD BE AZ CQ AW DC AW AU AV DV DL BA BV CP AN AL BN DQ AR DP AR CV CH
50
BS BS
CQ CQ
DM DM
BL BL
DO DO
AT AT
DB DB
CU CU
DU DU
DV DV
AY AY
CB CB
BN BN
DP DP
AN AN
CN CN
CF CF
AV AV
BC BC
DI DI
DD DD
BG BG
DL DL
BZ BZ
CW CW
CL CL
CP CP
DQ DQ
CD CD
AJ AJ
AZ AZ
BY BY
CA CA
AU AU
AM AM
BU BU
CS CS
AL AL
CV CV
DG DG
CZ CZ
BV BV
AP AP
DC DC
AF AF
BI BI
BP BP
BF BF
BD BD
DF DF
