Albania Greece SriLanka Albania Newfoundland SaudiArabia Chile BosHerzegovina Mauritania Brazil Andorra MountAthos Israel SaintLucia Tanzania Panama Vietnam Japan IvoryCoast SaintKitts Seychelles Romania Mongolia Belarus Slovenia Germany Comoros Albania Dominica Serbia Cambodia Canada Qatar Grenada Paraguay SolomonIslands SierraLeone Netherlands Yemen Canada Bahamas Norway UnitedKingdom Burkina Mali EquatorGuinea Fiji Albania NorthKorea Albania Argentina Djibouti PapuaNewGuinea Ethiopia Rome Albania Rwanda UAE Switzerland NewZealand Jamaica Lithuania Cuba Maldives Albania Ukraine Thailand Danzig Canada Algeria Swaziland France Italy Vietnam Nepal Venezuela Canada Bulgaria Pakistan Netherlands Kiribati Netherlands Mauritius Finland Gabon Eritrea RussianFederation Malaysia Cyprus Albania SaoTomPrincipe Guatemala Philippines Netherlands Kosovo Poland CapeVerde Australia Portugal Tunisia Laos Estonia Albania Togo Paraguay Lesotho Peru Paraguay Niger Kazakhstan Canada Luxembourg Latvia Armenia Vanuatu VaticanCity Suriname Vietnam Burma Canada Liechtenstein Hungary Bhutan CentralAfricanRep Vanuatu TheGambia America Albania
100
Bahamas Bahamas
Malaysia Malaysia
Rome Rome
Burkina Burkina
SolomonIslands SolomonIslands
IvoryCoast IvoryCoast
BosHerzegovina BosHerzegovina
Andorra Andorra
VaticanCity VaticanCity
EquatorGuinea EquatorGuinea
Djibouti Djibouti
Mauritania Mauritania
Pakistan Pakistan
Bulgaria Bulgaria
Thailand Thailand
Nepal Nepal
Estonia Estonia
Italy Italy
Comoros Comoros
Kosovo Kosovo
Norway Norway
Algeria Algeria
Panama Panama
Eritrea Eritrea
Mongolia Mongolia
UnitedKingdom UnitedKingdom
Peru Peru
Mauritius Mauritius
Laos Laos
Luxembourg Luxembourg
Belarus Belarus
Paraguay Paraguay
America America
Brazil Brazil
MountAthos MountAthos
Dominica Dominica
Philippines Philippines
CapeVerde CapeVerde
Niger Niger
Latvia Latvia
Cyprus Cyprus
Burma Burma
SierraLeone SierraLeone
Kazakhstan Kazakhstan
Cambodia Cambodia
Japan Japan
Portugal Portugal
Danzig Danzig
Jamaica Jamaica
Tunisia Tunisia
Qatar Qatar
Argentina Argentina
Chile Chile
Tanzania Tanzania
Kiribati Kiribati
Germany Germany
Ukraine Ukraine
Australia Australia
Yemen Yemen
France France
Newfoundland Newfoundland
Slovenia Slovenia
Lesotho Lesotho
CentralAfricanRep CentralAfricanRep
Romania Romania
Bhutan Bhutan
Ethiopia Ethiopia
NorthKorea NorthKorea
SaintLucia SaintLucia
Gabon Gabon
Hungary Hungary
SaintKitts SaintKitts
Vanuatu Vanuatu
SaudiArabia SaudiArabia
Grenada Grenada
SaoTomPrincipe SaoTomPrincipe
Rwanda Rwanda
RussianFederation RussianFederation
Guatemala Guatemala
UAE UAE
SriLanka SriLanka
Cuba Cuba
Togo Togo
Poland Poland
Israel Israel
Switzerland Switzerland
Seychelles Seychelles
Venezuela Venezuela
NewZealand NewZealand
PapuaNewGuinea PapuaNewGuinea
Finland Finland
Mali Mali
TheGambia TheGambia
Greece Greece
Suriname Suriname
Liechtenstein Liechtenstein
Lithuania Lithuania
Serbia Serbia
Maldives Maldives
Fiji Fiji
