vBhpoFdJZxyttIlfaf7D JEGgKJfdY8owvwdYhKMk eKaPpzrMwOPxNzeoOSFH iki3BohF22ET0rMPxXQ5 d6xeP6xeDJ3O2jY8D4pB rMd1TXBMCuFfO59jF1Tq wHEcyeduhdH7p3Lr1PtC 8mLI4Cl8exxeLw5eLCvi jTdja1e2hUhydiExPlJM 6PPTzNGrNxrgfdvm8cwZ 17OoKHzumyPaqfjSSc7S EHYUZOt1fTtm7KJue8on XYk0VV4ujV55qqS8YiHV qM7lEl3z2COceXw7x0EC fp9JaV5iTp8QxXwwkR68 vLwJebpyApE3MPksc9OW MiPSEwVMn3bbGh4tbRTf 4ilNvg3IkxoJuvkwqYsS cs6LkMYfySGYUzb8VLcc WwLzOfqcc3FIzub2jh8R 9B0w6Ahn3NsugfNn6veD J00g7hlLLSWTXvTYK9v2 WN0Nl06Zx9w6LYUHMZam R6ZzYYWqarkWldqbKDab 7PoxePhwnlLvMilKVpER RRlYwTFLYqL48JIMSAmC DybFcuyeWxt51LawzVvs mv3tFPDoT2NlrLp24T9l W1jWYYdH0atiKtbaVDRT 535WuquKiicRqEyzCI3d rkMvLqMMN5Aq3onq5XeZ XWHR07Y6kfSBbEuD62PN qkrT0EYt8AHuefFD25g1 InZnvPu8h9zAoLCNj2in NAqhSs9OpS9XtIaJtTCD n2Cqtp5v2DuwGX7LhuzE nB1RHSnvjX4nG0Tch5En 8Le4AI986fwHZXPoOMK1 RpMJGAvULIBCQ0RI369s zs7X4IJgeJEM8iqAbvF3 XBxLd5K0m0Gtk5fTL45q XX8iZd9Mw56dkKCstFAC uUumBfQJDh6S0d06Kb78 tUVqKo1E6AibIE6zShkv 6koX1rNvAwrB84m39eQv fHfopcx4v3MKBN0TMn7s ohy3S5QXymEhh63dMBQE R7crXexksQ4TN5zY2ck3 2LthmnS3Cdd5FBfY5GQ9 oFNlFPub6zLirsQwo0fu 37APL8dpwT5Ds5AIG0t4 vBhpoFdJZxyttIlfaf7D
50
MiPSEwVMn3bbGh4tbRTf MiPSEwVMn3bbGh4tbRTf
RpMJGAvULIBCQ0RI369s RpMJGAvULIBCQ0RI369s
JEGgKJfdY8owvwdYhKMk JEGgKJfdY8owvwdYhKMk
8Le4AI986fwHZXPoOMK1 8Le4AI986fwHZXPoOMK1
WwLzOfqcc3FIzub2jh8R WwLzOfqcc3FIzub2jh8R
R7crXexksQ4TN5zY2ck3 R7crXexksQ4TN5zY2ck3
XYk0VV4ujV55qqS8YiHV XYk0VV4ujV55qqS8YiHV
NAqhSs9OpS9XtIaJtTCD NAqhSs9OpS9XtIaJtTCD
R6ZzYYWqarkWldqbKDab R6ZzYYWqarkWldqbKDab
WN0Nl06Zx9w6LYUHMZam WN0Nl06Zx9w6LYUHMZam
zs7X4IJgeJEM8iqAbvF3 zs7X4IJgeJEM8iqAbvF3
cs6LkMYfySGYUzb8VLcc cs6LkMYfySGYUzb8VLcc
vLwJebpyApE3MPksc9OW vLwJebpyApE3MPksc9OW
ohy3S5QXymEhh63dMBQE ohy3S5QXymEhh63dMBQE
RRlYwTFLYqL48JIMSAmC RRlYwTFLYqL48JIMSAmC
2LthmnS3Cdd5FBfY5GQ9 2LthmnS3Cdd5FBfY5GQ9
DybFcuyeWxt51LawzVvs DybFcuyeWxt51LawzVvs
rMd1TXBMCuFfO59jF1Tq rMd1TXBMCuFfO59jF1Tq
7PoxePhwnlLvMilKVpER 7PoxePhwnlLvMilKVpER
J00g7hlLLSWTXvTYK9v2 J00g7hlLLSWTXvTYK9v2
jTdja1e2hUhydiExPlJM jTdja1e2hUhydiExPlJM
mv3tFPDoT2NlrLp24T9l mv3tFPDoT2NlrLp24T9l
tUVqKo1E6AibIE6zShkv tUVqKo1E6AibIE6zShkv
rkMvLqMMN5Aq3onq5XeZ rkMvLqMMN5Aq3onq5XeZ
iki3BohF22ET0rMPxXQ5 iki3BohF22ET0rMPxXQ5
6koX1rNvAwrB84m39eQv 6koX1rNvAwrB84m39eQv
17OoKHzumyPaqfjSSc7S 17OoKHzumyPaqfjSSc7S
XX8iZd9Mw56dkKCstFAC XX8iZd9Mw56dkKCstFAC
qkrT0EYt8AHuefFD25g1 qkrT0EYt8AHuefFD25g1
XBxLd5K0m0Gtk5fTL45q XBxLd5K0m0Gtk5fTL45q
EHYUZOt1fTtm7KJue8on EHYUZOt1fTtm7KJue8on
37APL8dpwT5Ds5AIG0t4 37APL8dpwT5Ds5AIG0t4
9B0w6Ahn3NsugfNn6veD 9B0w6Ahn3NsugfNn6veD
uUumBfQJDh6S0d06Kb78 uUumBfQJDh6S0d06Kb78
eKaPpzrMwOPxNzeoOSFH eKaPpzrMwOPxNzeoOSFH
fp9JaV5iTp8QxXwwkR68 fp9JaV5iTp8QxXwwkR68
d6xeP6xeDJ3O2jY8D4pB d6xeP6xeDJ3O2jY8D4pB
6PPTzNGrNxrgfdvm8cwZ 6PPTzNGrNxrgfdvm8cwZ
wHEcyeduhdH7p3Lr1PtC wHEcyeduhdH7p3Lr1PtC
W1jWYYdH0atiKtbaVDRT W1jWYYdH0atiKtbaVDRT
535WuquKiicRqEyzCI3d 535WuquKiicRqEyzCI3d
4ilNvg3IkxoJuvkwqYsS 4ilNvg3IkxoJuvkwqYsS
InZnvPu8h9zAoLCNj2in InZnvPu8h9zAoLCNj2in
nB1RHSnvjX4nG0Tch5En nB1RHSnvjX4nG0Tch5En
XWHR07Y6kfSBbEuD62PN XWHR07Y6kfSBbEuD62PN
fHfopcx4v3MKBN0TMn7s fHfopcx4v3MKBN0TMn7s
oFNlFPub6zLirsQwo0fu oFNlFPub6zLirsQwo0fu
qM7lEl3z2COceXw7x0EC qM7lEl3z2COceXw7x0EC
8mLI4Cl8exxeLw5eLCvi 8mLI4Cl8exxeLw5eLCvi
n2Cqtp5v2DuwGX7LhuzE n2Cqtp5v2DuwGX7LhuzE
