55 101 61 13 15 135 115 63 106 158 29 113 172 3 114 67 76 116 8 1 9 53 2 54 181 146 90 56 85 26 166 140 58 133 78 153 2 107 74 4 77 4 184 163 43 66 88 80 86 188 4 81 118 4 17 131 36 168 11 185 1 149 171 122 179 62 42 40 97 109 175 148 41 49 150 32 134 105 2 160 170 27 1 126 30 152 119 59 159 137 111 71 189 83 33 186 48 91 16 1 12 45 151 20 162 177 173 182 57 55
96
40 40
11 11
140 140
33 33
159 159
97 97
146 146
149 149
12 12
170 170
63 63
119 119
184 184
172 172
81 81
17 17
32 32
91 91
61 61
26 26
27 27
148 148
188 188
78 78
101 101
62 62
45 45
76 76
111 111
133 133
152 152
88 88
185 185
90 90
162 162
182 182
49 49
59 59
58 58
107 107
186 186
189 189
118 118
181 181
74 74
67 67
15 15
29 29
83 83
53 53
41 41
36 36
171 171
134 134
54 54
175 175
177 177
151 151
43 43
116 116
135 135
106 106
105 105
179 179
86 86
158 158
163 163
66 66
131 131
166 166
56 56
115 115
57 57
160 160
137 137
8 8
13 13
109 109
126 126
150 150
42 42
16 16
122 122
71 71
85 85
113 113
20 20
153 153
80 80
77 77
173 173
9 9
30 30
48 48
168 168
114 114
