Clearnesse Ironshore Valhaven Foxhaven Marbleiron Morwald Foxvale Woodice Corbank Eriwall Oldmoor Morwall Butterbush Newby Freyview Courtwall Buttermead Courtcastle Westvale Violetley Dellwyn Oakmere Esterfall Goldwyvern Ironriver Clearnesse
25
Marbleiron Marbleiron
Courtcastle Courtcastle
Ironriver Ironriver
Courtwall Courtwall
Morwald Morwald
Clearnesse Clearnesse
Valhaven Valhaven
Buttermead Buttermead
Violetley Violetley
Westvale Westvale
Woodice Woodice
Esterfall Esterfall
Eriwall Eriwall
Goldwyvern Goldwyvern
Newby Newby
Foxvale Foxvale
Morwall Morwall
Oakmere Oakmere
Foxhaven Foxhaven
Freyview Freyview
Ironshore Ironshore
Oldmoor Oldmoor
Dellwyn Dellwyn
Butterbush Butterbush
Corbank Corbank
