Shoreburn Starryhill Buttermead Courtedge Coldville Springfox Silverbarrow Goldwyvern Blackbush Erilyn Bluedell Greenshore Goldcrest Eastcastle Fieldedge Flowerfield Wolflea Mistshore Dellwyn Silverwitch Clearnesse Redlake Bluelake Mallowness Greyice Wellbank Snowsage Redwell Bluedale Orfort Southpine Bushgate Westerlight Foxhaven Highmont Brightrock Fogland Courtwall Lochmage Butterhill Westvale Orbarrow Verthedge Brightmere Snowshore Marbleiron Applecastle Westmill Woodice Northriver Foxvale Esterfall Ironshore Butterway Seamoor Stonefair Oldmoor Northwynne Eriwall Clearland Deephedge Wildemarsh Valhaven Wellmage Strongfall Fairsage Silverlea Janholt Flowermill Morwall Violetfay Rosegate Mallowbridge Lightmere Courtcastle Corbank Butterbush Morwald Bluewyn Freyview Freymere Violetley Newley Rosemill Icenesse Southwheat Newby Summermage Irondeer Windbridge Fairice Ironriver Newmill Ostwynne Esterash Oakmere Greensummer Wooddell Stoneglass Mallowway Shoreburn
100
Marbleiron Marbleiron
Courtcastle Courtcastle
Ironriver Ironriver
Courtwall Courtwall
Morwald Morwald
Clearnesse Clearnesse
Valhaven Valhaven
Buttermead Buttermead
Violetley Violetley
Westvale Westvale
Woodice Woodice
Esterfall Esterfall
Eriwall Eriwall
Goldwyvern Goldwyvern
Newby Newby
Foxvale Foxvale
Morwall Morwall
Oakmere Oakmere
Foxhaven Foxhaven
Freyview Freyview
Ironshore Ironshore
Oldmoor Oldmoor
Dellwyn Dellwyn
Butterbush Butterbush
Corbank Corbank
Esterash Esterash
Stonefair Stonefair
Westerlight Westerlight
Clearland Clearland
Bushgate Bushgate
Brightmere Brightmere
Stoneglass Stoneglass
Wildemarsh Wildemarsh
Wellmage Wellmage
Snowshore Snowshore
Irondeer Irondeer
Lightmere Lightmere
Southwheat Southwheat
Westmill Westmill
Lochmage Lochmage
Shoreburn Shoreburn
Erilyn Erilyn
Eastcastle Eastcastle
Rosemill Rosemill
Wolflea Wolflea
Greenshore Greenshore
Bluedell Bluedell
Newley Newley
Fairsage Fairsage
Greyice Greyice
Greensummer Greensummer
Southpine Southpine
Ostwynne Ostwynne
Violetfay Violetfay
Northwynne Northwynne
Redlake Redlake
Butterway Butterway
Brightrock Brightrock
Fogland Fogland
Silverwitch Silverwitch
Butterhill Butterhill
Deephedge Deephedge
Flowerfield Flowerfield
Coldville Coldville
Mallowbridge Mallowbridge
Blackbush Blackbush
Bluewyn Bluewyn
Silverbarrow Silverbarrow
Rosegate Rosegate
Freymere Freymere
Newmill Newmill
Icenesse Icenesse
Mallowness Mallowness
Fieldedge Fieldedge
Verthedge Verthedge
Highmont Highmont
Mistshore Mistshore
Applecastle Applecastle
Bluedale Bluedale
Orbarrow Orbarrow
Strongfall Strongfall
Silverlea Silverlea
Mallowway Mallowway
Flowermill Flowermill
Seamoor Seamoor
Northriver Northriver
Starryhill Starryhill
Wooddell Wooddell
Wellbank Wellbank
Janholt Janholt
Bluelake Bluelake
Orfort Orfort
Redwell Redwell
Springfox Springfox
Summermage Summermage
Goldcrest Goldcrest
Courtedge Courtedge
Fairice Fairice
Snowsage Snowsage
Windbridge Windbridge
