Brightmere Stoneglass Esterfall Butterbush Wolflea Bushgate Eastcastle Greenshore Marbleiron Violetley Erilyn Newby Westerlight Morwald Oldmoor Dellwyn Fairsage Clearland Clearnesse Wildemarsh Snowshore Woodice Eriwall Rosemill Buttermead Foxhaven Valhaven Greyice Ironriver Courtcastle Irondeer Oakmere Southwheat Wellmage Lightmere Newley Freyview Bluedell Courtwall Goldwyvern Corbank Foxvale Morwall Esterash Stonefair Lochmage Westvale Ironshore Shoreburn Westmill Brightmere
50
Marbleiron Marbleiron
Courtcastle Courtcastle
Ironriver Ironriver
Courtwall Courtwall
Morwald Morwald
Clearnesse Clearnesse
Valhaven Valhaven
Buttermead Buttermead
Violetley Violetley
Westvale Westvale
Woodice Woodice
Esterfall Esterfall
Eriwall Eriwall
Goldwyvern Goldwyvern
Newby Newby
Foxvale Foxvale
Morwall Morwall
Oakmere Oakmere
Foxhaven Foxhaven
Freyview Freyview
Ironshore Ironshore
Oldmoor Oldmoor
Dellwyn Dellwyn
Butterbush Butterbush
Corbank Corbank
Esterash Esterash
Stonefair Stonefair
Westerlight Westerlight
Clearland Clearland
Bushgate Bushgate
Brightmere Brightmere
Stoneglass Stoneglass
Wildemarsh Wildemarsh
Wellmage Wellmage
Snowshore Snowshore
Irondeer Irondeer
Lightmere Lightmere
Southwheat Southwheat
Westmill Westmill
Lochmage Lochmage
Shoreburn Shoreburn
Erilyn Erilyn
Eastcastle Eastcastle
Rosemill Rosemill
Wolflea Wolflea
Greenshore Greenshore
Bluedell Bluedell
Newley Newley
Fairsage Fairsage
Greyice Greyice
