Shoreburn Starryhill Springfox Freymere Violetley Brightmere Wildemarsh Fogland Snowshore Courtedge Mallowbridge Ironriver Flowermill Westvale Orbarrow Windbridge Fairice Orfort Southpine Newley Rosemill Bluelake Northwynne Eriwall Silverlea Ostwynne Esterash Mallowway Westerlight Bushgate Wellmage Strongfall Highmont Southwheat Violetfay Morwall Butterbush Clearland Deephedge Janholt Marbleiron Wooddell Bluedell Greenshore Foxhaven Eastcastle Goldcrest Stonefair Seamoor Stoneglass Newmill Coldville Oldmoor Bluewyn Buttermead Silverbarrow Bluedale Oakmere Fieldedge Ironshore Silverwitch Clearnesse Blackbush Erilyn Redwell Flowerfield Courtwall Lochmage Redlake Icenesse Wolflea Valhaven Wellbank Fairsage Rosegate Butterhill Freyview Snowsage Morwald Butterway Lightmere Corbank Courtcastle Summermage Foxvale Goldwyvern Verthedge Greensummer Applecastle Westmill Woodice Mallowness Greyice Irondeer Newby Esterfall Brightrock Mistshore Dellwyn Northriver Shoreburn
100
Marbleiron Marbleiron
Courtcastle Courtcastle
Ironriver Ironriver
Courtwall Courtwall
Morwald Morwald
Clearnesse Clearnesse
Valhaven Valhaven
Buttermead Buttermead
Violetley Violetley
Westvale Westvale
Woodice Woodice
Esterfall Esterfall
Eriwall Eriwall
Goldwyvern Goldwyvern
Newby Newby
Foxvale Foxvale
Morwall Morwall
Oakmere Oakmere
Foxhaven Foxhaven
Freyview Freyview
Ironshore Ironshore
Oldmoor Oldmoor
Dellwyn Dellwyn
Butterbush Butterbush
Corbank Corbank
Esterash Esterash
Stonefair Stonefair
Westerlight Westerlight
Clearland Clearland
Bushgate Bushgate
Brightmere Brightmere
Stoneglass Stoneglass
Wildemarsh Wildemarsh
Wellmage Wellmage
Snowshore Snowshore
Irondeer Irondeer
Lightmere Lightmere
Southwheat Southwheat
Westmill Westmill
Lochmage Lochmage
Shoreburn Shoreburn
Erilyn Erilyn
Eastcastle Eastcastle
Rosemill Rosemill
Wolflea Wolflea
Greenshore Greenshore
Bluedell Bluedell
Newley Newley
Fairsage Fairsage
Greyice Greyice
Greensummer Greensummer
Southpine Southpine
Ostwynne Ostwynne
Violetfay Violetfay
Northwynne Northwynne
Redlake Redlake
Butterway Butterway
Brightrock Brightrock
Fogland Fogland
Silverwitch Silverwitch
Butterhill Butterhill
Deephedge Deephedge
Flowerfield Flowerfield
Coldville Coldville
Mallowbridge Mallowbridge
Blackbush Blackbush
Bluewyn Bluewyn
Silverbarrow Silverbarrow
Rosegate Rosegate
Freymere Freymere
Newmill Newmill
Icenesse Icenesse
Mallowness Mallowness
Fieldedge Fieldedge
Verthedge Verthedge
Highmont Highmont
Mistshore Mistshore
Applecastle Applecastle
Bluedale Bluedale
Orbarrow Orbarrow
Strongfall Strongfall
Silverlea Silverlea
Mallowway Mallowway
Flowermill Flowermill
Seamoor Seamoor
Northriver Northriver
Starryhill Starryhill
Wooddell Wooddell
Wellbank Wellbank
Janholt Janholt
Bluelake Bluelake
Orfort Orfort
Redwell Redwell
Springfox Springfox
Summermage Summermage
Goldcrest Goldcrest
Courtedge Courtedge
Fairice Fairice
Snowsage Snowsage
Windbridge Windbridge
