Clearnesse Ironshore Violetley Eriwall Oldmoor Dellwyn Oakmere Morwald Freyview Marbleiron Butterbush Newby Buttermead Courtwall Corbank Courtcastle Westvale Morwall Foxhaven Valhaven Woodice Foxvale Esterfall Goldwyvern Ironriver Clearnesse
25
Marbleiron Marbleiron
Courtcastle Courtcastle
Ironriver Ironriver
Courtwall Courtwall
Morwald Morwald
Clearnesse Clearnesse
Valhaven Valhaven
Buttermead Buttermead
Violetley Violetley
Westvale Westvale
Woodice Woodice
Esterfall Esterfall
Eriwall Eriwall
Goldwyvern Goldwyvern
Newby Newby
Foxvale Foxvale
Morwall Morwall
Oakmere Oakmere
Foxhaven Foxhaven
Freyview Freyview
Ironshore Ironshore
Oldmoor Oldmoor
Dellwyn Dellwyn
Butterbush Butterbush
Corbank Corbank
