Brightmere Erilyn Westerlight Newby Wildemarsh Freyview Newley Esterash Stonefair Snowshore Greenshore Marbleiron Violetley Shoreburn Courtwall Greyice Ironriver Courtcastle Eastcastle Woodice Eriwall Stoneglass Esterfall Lightmere Ironshore Clearland Fairsage Dellwyn Westvale Lochmage Goldwyvern Corbank Foxvale Morwall Oldmoor Morwald Wellmage Valhaven Foxhaven Bluedell Clearnesse Wolflea Butterbush Irondeer Oakmere Southwheat Bushgate Buttermead Rosemill Westmill Brightmere
50
Marbleiron Marbleiron
Courtcastle Courtcastle
Ironriver Ironriver
Courtwall Courtwall
Morwald Morwald
Clearnesse Clearnesse
Valhaven Valhaven
Buttermead Buttermead
Violetley Violetley
Westvale Westvale
Woodice Woodice
Esterfall Esterfall
Eriwall Eriwall
Goldwyvern Goldwyvern
Newby Newby
Foxvale Foxvale
Morwall Morwall
Oakmere Oakmere
Foxhaven Foxhaven
Freyview Freyview
Ironshore Ironshore
Oldmoor Oldmoor
Dellwyn Dellwyn
Butterbush Butterbush
Corbank Corbank
Esterash Esterash
Stonefair Stonefair
Westerlight Westerlight
Clearland Clearland
Bushgate Bushgate
Brightmere Brightmere
Stoneglass Stoneglass
Wildemarsh Wildemarsh
Wellmage Wellmage
Snowshore Snowshore
Irondeer Irondeer
Lightmere Lightmere
Southwheat Southwheat
Westmill Westmill
Lochmage Lochmage
Shoreburn Shoreburn
Erilyn Erilyn
Eastcastle Eastcastle
Rosemill Rosemill
Wolflea Wolflea
Greenshore Greenshore
Bluedell Bluedell
Newley Newley
Fairsage Fairsage
Greyice Greyice
