129 99 31 61 112 12 122 71 34 71 90 3 40 3 14 47 166 147 108 160 108 44 133 102 103 174 195 136 73 163 79 163 119 94 27 59 83 187 32 181 106 181 48 99 100 6 43 6 29 97 101 148 101 21 67 138 168 184 109 167 130 6 29 44 108 115 105 33 184 85 182 21 151 21 101 143 31 169 31 99 145 180 82 107 36 108 44 70 44 133 106 178 47 166 118 10 110 157 110 154 110 92 179 76 49 76 97 29 22 10 28 5 78 120 195 136 73 161 185 65 37 65 72 42 34 1 88 31 60 190 132 199 145 180 86 113 127 113 146 88 31 109 167 7 19 139 94 119 64 173 154 193 154 196 37 160 200 152 91 152 18 3 65 175 132 60 174 13 92 179 76 179 92 121 3 100 61 112 79 163 73 161 32 145 172 89 137 16 25 4 45 22 10 100 99 142 99 19 43 25 46 67 92 124 27 94 45 4 2 55 35 143 101 52 101 170 58 170 99 129
66
1 1
130 130
4 4
133 133
7 7
136 136
10 10
139 139
13 13
142 142
16 16
145 145
19 19
148 148
22 22
151 151
25 25
154 154
28 28
157 157
31 31
160 160
34 34
163 163
37 37
166 166
40 40
169 169
43 43
172 172
46 46
175 175
49 49
178 178
52 52
181 181
55 55
184 184
58 58
187 187
61 61
190 190
64 64
193 193
67 67
196 196
70 70
73 73
76 76
79 79
82 82
85 85
88 88
91 91
94 94
97 97
100 100
103 103
106 106
109 109
112 112
115 115
118 118
121 121
124 124
127 127
