FacultyClub EarthquakeLibrary FacultyClub MLK Bechtel WooHonFai BrainImagingCenter SocialLibrary Library BancroftLibrary SutardjaDai FPF HealthServices EastAsianLibrary Evans PhysicsLibrary Pimentel HearstGym Underhill EarthLibrary NorthGate TAAP Manville Etcheverry SproulPlaza LawrenceofScience AnthropologyLibrary StudentUnion EthnicLibrary MelvinLaboratory Investigative Senior StowPlaza HearstGreekTheatre Hilgard DonnerLaboratory MediaCenter UpperHearstParking InternationalHouse Davis FoxCottage SimpsonCenter Latimer FacultyClub MaxwellField PacificFilmArchive Cheit MartinezCommons UniversityHouse CesarChavez VisualCenter AndersenAuditorium Soda CareerCenter Wheeler OBrien Stephens Birge LeConte Campbell IRLE SpringerGateway AlumniHouse ArtHistoryLibrary Durham FacultyClub Unit3 BerkeleyWayWest LatinAmerican FacultyClub EnergyBuilding IdaHouse Wellman Durant Warren EngineeringLibrary FoundersRock SEAsianLibrary BioscienceLibrary HearstFountain VLSB Stanley Jacobs OptometryLibrary NewspapersLibrary HearstFieldAnnex McCone Boalt LawSchool MSRI Bowles AquaticCenter Koshland MathLibrary Hildebrand Mulford BancroftDance Giauque Spieker Morrison BerkeleyLawLibrary CITRIS Sproul BanwayBuilding BioscienceLibrary FacultyClub
100
FacultyClub FacultyClub
BioscienceLibrary BioscienceLibrary
SutardjaDai SutardjaDai
Etcheverry Etcheverry
SproulPlaza SproulPlaza
Hilgard Hilgard
StudentUnion StudentUnion
EarthquakeLibrary EarthquakeLibrary
UniversityHouse UniversityHouse
LawrenceofScience LawrenceofScience
Pimentel Pimentel
Mulford Mulford
CareerCenter CareerCenter
HearstGym HearstGym
Durham Durham
OBrien OBrien
Library Library
Spieker Spieker
FPF FPF
PacificFilmArchive PacificFilmArchive
BrainImagingCenter BrainImagingCenter
Morrison Morrison
Wheeler Wheeler
Cheit Cheit
Manville Manville
Koshland Koshland
Jacobs Jacobs
Investigative Investigative
EarthLibrary EarthLibrary
EnergyBuilding EnergyBuilding
MediaCenter MediaCenter
StowPlaza StowPlaza
MartinezCommons MartinezCommons
MelvinLaboratory MelvinLaboratory
BancroftDance BancroftDance
AndersenAuditorium AndersenAuditorium
Unit3 Unit3
AnthropologyLibrary AnthropologyLibrary
Stephens Stephens
InternationalHouse InternationalHouse
OptometryLibrary OptometryLibrary
IRLE IRLE
SpringerGateway SpringerGateway
DonnerLaboratory DonnerLaboratory
ArtHistoryLibrary ArtHistoryLibrary
Sproul Sproul
Birge Birge
CITRIS CITRIS
NewspapersLibrary NewspapersLibrary
Warren Warren
PhysicsLibrary PhysicsLibrary
CesarChavez CesarChavez
BerkeleyWayWest BerkeleyWayWest
MSRI MSRI
HealthServices HealthServices
WooHonFai WooHonFai
TAAP TAAP
MathLibrary MathLibrary
AquaticCenter AquaticCenter
UpperHearstParking UpperHearstParking
Evans Evans
BancroftLibrary BancroftLibrary
HearstFieldAnnex HearstFieldAnnex
HearstFountain HearstFountain
BerkeleyLawLibrary BerkeleyLawLibrary
Underhill Underhill
Campbell Campbell
Davis Davis
NorthGate NorthGate
Giauque Giauque
AlumniHouse AlumniHouse
Bowles Bowles
Wellman Wellman
VLSB VLSB
Senior Senior
Stanley Stanley
SocialLibrary SocialLibrary
EastAsianLibrary EastAsianLibrary
SimpsonCenter SimpsonCenter
EthnicLibrary EthnicLibrary
FoxCottage FoxCottage
Hildebrand Hildebrand
MaxwellField MaxwellField
SEAsianLibrary SEAsianLibrary
IdaHouse IdaHouse
Bechtel Bechtel
BanwayBuilding BanwayBuilding
EngineeringLibrary EngineeringLibrary
Durant Durant
Soda Soda
McCone McCone
LatinAmerican LatinAmerican
VisualCenter VisualCenter
LawSchool LawSchool
LeConte LeConte
HearstGreekTheatre HearstGreekTheatre
MLK MLK
Boalt Boalt
Latimer Latimer
FoundersRock FoundersRock
