FacultyClub EarthquakeLibrary Warren PacificFilmArchive Manville Unit3 Pimentel Jacobs HearstGym EnergyBuilding SutardjaDai InternationalHouse SutardjaDai Mulford Spieker ArtHistoryLibrary MediaCenter BancroftDance LawrenceofScience NewspapersLibrary Etcheverry BrainImagingCenter CITRIS SpringerGateway DonnerLaboratory BioscienceLibrary Hilgard AnthropologyLibrary Sproul FacultyClub Birge StowPlaza CareerCenter Morrison Stephens AndersenAuditorium OptometryLibrary Library UniversityHouse SproulPlaza Koshland MelvinLaboratory FPF OBrien EarthLibrary StudentUnion SutardjaDai Durham MartinezCommons Investigative Cheit Wheeler IRLE FacultyClub
50
FacultyClub FacultyClub
BioscienceLibrary BioscienceLibrary
SutardjaDai SutardjaDai
Etcheverry Etcheverry
SproulPlaza SproulPlaza
Hilgard Hilgard
StudentUnion StudentUnion
EarthquakeLibrary EarthquakeLibrary
UniversityHouse UniversityHouse
LawrenceofScience LawrenceofScience
Pimentel Pimentel
Mulford Mulford
CareerCenter CareerCenter
HearstGym HearstGym
Durham Durham
OBrien OBrien
Library Library
Spieker Spieker
FPF FPF
PacificFilmArchive PacificFilmArchive
BrainImagingCenter BrainImagingCenter
Morrison Morrison
Wheeler Wheeler
Cheit Cheit
Manville Manville
Koshland Koshland
Jacobs Jacobs
Investigative Investigative
EarthLibrary EarthLibrary
EnergyBuilding EnergyBuilding
MediaCenter MediaCenter
StowPlaza StowPlaza
MartinezCommons MartinezCommons
MelvinLaboratory MelvinLaboratory
BancroftDance BancroftDance
AndersenAuditorium AndersenAuditorium
Unit3 Unit3
AnthropologyLibrary AnthropologyLibrary
Stephens Stephens
InternationalHouse InternationalHouse
OptometryLibrary OptometryLibrary
IRLE IRLE
SpringerGateway SpringerGateway
DonnerLaboratory DonnerLaboratory
ArtHistoryLibrary ArtHistoryLibrary
Sproul Sproul
Birge Birge
CITRIS CITRIS
NewspapersLibrary NewspapersLibrary
Warren Warren
