1 19 38 19 1 7 43 14 43 51 36 5 35 3 39 18 17 60 40 60 13 12 9 65 10 35 3 99 25 4 50 29 69 24 44 51 95 37 45 100 31 67 11 48 21 27 41 35 23 5 15 5 6 16 99 34 33 20 33 32 56 28 66 30 20 8 55 22 47 53 26 46 42 49 1 2 1
50
2 2
3 3
4 4
5 5
6 6
7 7
8 8
9 9
10 10
11 11
12 12
13 13
14 14
15 15
16 16
17 17
18 18
19 19
20 20
21 21
22 22
23 23
24 24
25 25
26 26
27 27
28 28
29 29
30 30
31 31
32 32
33 33
34 34
35 35
36 36
37 37
38 38
39 39
40 40
41 41
42 42
43 43
44 44
45 45
46 46
47 47
48 48
49 49
50 50
51 51
