1 26 82 52 12 141 30 56 84 28 83 167 67 167 101 167 25 4 81 5 138 70 80 20 79 55 19 55 3 78 149 59 33 29 86 36 63 22 14 89 48 89 46 13 41 86 36 2 32 87 32 2 15 105 50 74 94 11 88 44 40 135 192 62 103 185 73 104 91 104 23 194 99 8 10 74 41 16 166 98 136 68 21 53 55 27 34 88 44 164 29 33 85 60 161 17 58 79 76 68 69 93 61 131 56 72 41 13 9 71 39 35 65 13 42 64 42 95 53 10 8 13 66 90 170 51 35 57 65 75 65 54 6 100 92 97 52 49 77 10 4 26 60 37 24 37 114 18 176 96 87 47 40 45 108 38 108 45 43 66 31 7 1
100
2 2
3 3
4 4
5 5
6 6
7 7
8 8
9 9
10 10
11 11
12 12
13 13
14 14
15 15
16 16
17 17
18 18
19 19
20 20
21 21
22 22
23 23
24 24
25 25
26 26
27 27
28 28
29 29
30 30
31 31
32 32
33 33
34 34
35 35
36 36
37 37
38 38
39 39
40 40
41 41
42 42
43 43
44 44
45 45
46 46
47 47
48 48
49 49
50 50
51 51
52 52
53 53
54 54
55 55
56 56
57 57
58 58
59 59
60 60
61 61
62 62
63 63
64 64
65 65
66 66
67 67
68 68
69 69
70 70
71 71
72 72
73 73
74 74
75 75
76 76
77 77
78 78
79 79
80 80
81 81
82 82
83 83
84 84
85 85
86 86
87 87
88 88
89 89
90 90
91 91
92 92
93 93
94 94
95 95
96 96
97 97
98 98
99 99
100 100
101 101
