159 109 180 122 180 109 127 137 85 137 127 142 129 86 129 78 96 56 14 97 126 172 152 173 133 17 36 141 32 189 92 116 92 114 197 106 13 63 57 64 156 56 14 56 93 65 51 65 93 65 98 32 189 59 100 139 71 15 129 41 20 24 20 104 25 101 25 45 72 7 72 45 25 101 132 101 147 59 189 92 114 92 158 74 129 41 148 41 20 24 193 53 168 187 29 175 114 35 114 92 158 170 79 170 158 102 5 177 111 128 111 177 5 153 93 154 2 154 93 153 5 177 111 177 5 153 193 8 178 8 193 8 189 32 98 32 79 3 79 32 98 65 26 65 93 153 5 33 100 199 100 59 147 40 147 101 137 127 61 127 109 159 5 102 123 102 82 102 5 33 100 181 100 59 189 107 134 120 134 107 189 32 98 65 93 56 156 64 130 192 46 142 141 32 141 48 117 124 31 9 28 81 156 56 96 162 191 162 96 56 14 140 77 75 108 38 108 94 1 167 15 129 41 20 104 11 104 20 41 129 74 185 74 129 15 71 15 129 74 158 99 158 92 114 31 156 52 6 164 43 164 6 164 20 41 148 47 148 41 129 15 167 8 178 16 13 63 57 64 177 111 34 111 177 64 156 56 14 140 77 75 37 46 200 10 171 69 155 69 138 81 156 56 93 154 93 153 5 177 174 177 5 159 77 140 14 97 14 56 84 16 13 63 57 79 170 158 170 79 57 63 121 166 27 145 27 173 133 171 69 138 25 101 137 127 146 127 109 159 22 159 77 140 149 23 194 21 194 23 149 4 44 131 88 131 44 107 134 107 189 59 100 59 189 107 44 60 44 4 149 76 184 165 184 76 137 19 152 172 152 19 137 76 149 140 77 190 77 75 37 46 49 136 195 152 173 27 169 27 173 152 195 157 195 152 173 133 17 161 100 139 91 87 20 164 32 79 57 63 121 63 57 64 130 107 189 8 193 180 109 180 109 127 137 76 137 127 109 159
100
2 2
3 3
4 4
6 6
7 7
10 10
11 11
13 13
14 14
15 15
17 17
21 21
22 22
24 24
26 26
28 28
31 31
32 32
34 34
35 35
36 36
37 37
38 38
40 40
41 41
43 43
45 45
46 46
47 47
48 48
51 51
52 52
53 53
59 59
60 60
61 61
63 63
64 64
65 65
71 71
72 72
74 74
76 76
77 77
79 79
82 82
85 85
86 86
87 87
88 88
93 93
96 96
97 97
98 98
99 99
100 100
101 101
102 102
106 106
107 107
109 109
111 111
114 114
116 116
120 120
121 121
122 122
123 123
126 126
128 128
132 132
133 133
134 134
137 137
138 138
139 139
140 140
145 145
146 146
148 148
154 154
155 155
156 156
157 157
158 158
165 165
167 167
169 169
172 172
174 174
178 178
180 180
181 181
185 185
190 190
191 191
192 192
193 193
199 199
200 200
