IIII1I1 II1I1Il lll1lII I11IIlI IlllI11 IIII1ll 11IIl1I 1lI11l1 I1I1111 lI11l1l 1IlII1I IIII1ll 11I1Ill lI1l1II lI11l1l IIllIl1 lI11l1l 1IIlIIl 11lI11I II111I1 1lIIl11 IIII1ll 11I1Ill lIlllll 11I1Ill IIlIIII lII1I11 I1I111I IIlIlI1 III1lII IIII1ll lIIIllI IIII1ll l1IlIl1 11I1lll l1IlIII IIII1ll IIII1I1
25
11I1Ill 11I1Ill
IIII1ll IIII1ll
lI11l1l lI11l1l
III1lII III1lII
IIllIl1 IIllIl1
1IlII1I 1IlII1I
lIlllll lIlllll
11IIl1I 11IIl1I
l1IlIII l1IlIII
1lI11l1 1lI11l1
11I1lll 11I1lll
lIIIllI lIIIllI
IlllI11 IlllI11
IIlIIII IIlIIII
l1IlIl1 l1IlIl1
I1I111I I1I111I
I1I1111 I1I1111
11lI11I 11lI11I
II111I1 II111I1
lI1l1II lI1l1II
IIlIlI1 IIlIlI1
lII1I11 lII1I11
II1I1Il II1I1Il
1IIlIIl 1IIlIIl
I11IIlI I11IIlI
