lllIl1I l1IIl1l I111I1I 1lllIII 1IlIl1I IlI1II1 IlI1Il1 l1III1I Il1Il1I 11111lI lII111l 11lI11I lI11III IlI1II1 l1IllI1 Ill11I1 ll111ll 1I1lllI III1llI II11l1l 1l11lII l1IIl1l I11I11l l1IIl1l 1llI111 l1IIl1l 1I1I1lI Ill11I1 llI1lII I1lIlII Ill11II Ill1I11 11lI11I II1Il1I lIllIll lIIl11l l1III1I lI1l111 l1IIl1l I11I111 l1IIl1l 11IIII1 1I1l1Il l1lllll 1lllIII l1lll11 I1llII1 lll1I1l lIl111I I1llll1 l1IIl1l I1ll1II l1l11l1 1lllIII 1I1I1l1 1lllIII 1lIl11I III111I 1lllIII IIl1l1I l1IIl1l I11111l l1IIl1l IIlIllI 111lI1I 1I11Ill 1l1lIlI 1lllIII l1Ill11 Ill11I1 llIIII1 l1IIl1l l1I111I l1IIl1l lIIlII1 l1IIl1l lllIl1I
50
l1IIl1l l1IIl1l
11lI11I 11lI11I
IlI1II1 IlI1II1
ll111ll ll111ll
1I1I1l1 1I1I1l1
lI1l111 lI1l111
l1lll11 l1lll11
II1Il1I II1Il1I
II11l1l II11l1l
I1ll1II I1ll1II
11IIII1 11IIII1
lIllIll lIllIll
Il1Il1I Il1Il1I
1I1l1Il 1I1l1Il
l1lllll l1lllll
1IlIl1I 1IlIl1I
1llI111 1llI111
Ill1I11 Ill1I11
IIlIllI IIlIllI
Ill11II Ill11II
III111I III111I
lIIl11l lIIl11l
l1IllI1 l1IllI1
IlI1Il1 IlI1Il1
1l11lII 1l11lII
I1llII1 I1llII1
lIl111I lIl111I
l1Ill11 l1Ill11
I11I11l I11I11l
IIl1l1I IIl1l1I
1I11Ill 1I11Ill
1lIl11I 1lIl11I
I11I111 I11I111
I11111l I11111l
lll1I1l lll1I1l
11111lI 11111lI
III1llI III1llI
l1I111I l1I111I
I111I1I I111I1I
1I1I1lI 1I1I1lI
1I1lllI 1I1lllI
lII111l lII111l
llIIII1 llIIII1
llI1lII llI1lII
lI11III lI11III
1l1lIlI 1l1lIlI
I1llll1 I1llll1
l1l11l1 l1l11l1
lIIlII1 lIIlII1
111lI1I 111lI1I
