Satish PYD9SISJI R6VBAVZ0B PTWCQ ZY9VPYMXA PZMGYZL 4INC2D8SDN ER2YSPML1C Z6H98 NSBI BBFYA9B OXWYDF PTL1QU Q1GPNKF7O5 UVP4WIKK 399VM5PU6 Q1GPNKF7O5 FS1RWBVR7 ICTGXV Q1GPNKF7O5 KSHB2KG WZ1MC3189 ZRYV5F YXBMACC 9XFF 1BZLEM VFRT26 KRM4B 92R432 Satish
25
VFRT26 VFRT26
ICTGXV ICTGXV
Z6H98 Z6H98
KSHB2KG KSHB2KG
9XFF 9XFF
1BZLEM 1BZLEM
4INC2D8SDN 4INC2D8SDN
YXBMACC YXBMACC
UVP4WIKK UVP4WIKK
BBFYA9B BBFYA9B
ER2YSPML1C ER2YSPML1C
ZRYV5F ZRYV5F
PYD9SISJI PYD9SISJI
399VM5PU6 399VM5PU6
NSBI NSBI
PTL1QU PTL1QU
ZY9VPYMXA ZY9VPYMXA
WZ1MC3189 WZ1MC3189
PTWCQ PTWCQ
92R432 92R432
FS1RWBVR7 FS1RWBVR7
PZMGYZL PZMGYZL
KRM4B KRM4B
R6VBAVZ0B R6VBAVZ0B
OXWYDF OXWYDF
