129 0 130 40 1 174 2 137 9 36 4 81 0 142 109 0 151 0 17 0 183 11 89 4 197 0 125 108 0 145 0 126 0 16 0 128 0 188 57 194 23 192 0 13 0 191 64 0 65 3 152 150 2 21 91 97 0 53 0 61 171 0 155 0 82 49 48 8 121 4 160 51 14 110 0 15 0 39 0 175 33 5 184 4 100 107 0 158 4 103 101 6 161 6 84 44 0 87 3 76 6 178 0 95 1 196 29 6 195 2 156 157 66 0 85 2 99 6 105 25 0 163 177 0 26 0 180 0 114 123 96 63 189 0 55 0 190 4 59 3 98 3 56 3 122 50 0 88 92 0 58 1 62 1 129
100
0 0
2 2
4 4
5 5
6 6
8 8
9 9
11 11
13 13
14 14
15 15
16 16
17 17
21 21
23 23
25 25
26 26
29 29
33 33
36 36
39 39
40 40
44 44
48 48
49 49
50 50
51 51
53 53
55 55
56 56
57 57
58 58
59 59
61 61
62 62
63 63
64 64
65 65
66 66
76 76
81 81
82 82
84 84
85 85
87 87
88 88
89 89
91 91
92 92
95 95
96 96
97 97
98 98
99 99
100 100
101 101
103 103
105 105
107 107
108 108
109 109
110 110
114 114
121 121
122 122
123 123
125 125
126 126
128 128
130 130
137 137
142 142
145 145
150 150
151 151
152 152
155 155
156 156
157 157
158 158
160 160
161 161
163 163
171 171
174 174
175 175
177 177
178 178
180 180
183 183
184 184
188 188
189 189
190 190
191 191
192 192
194 194
195 195
196 196
197 197
