0 11 44 60 69 17 61 76 86 91 85 78 25 78 85 13 45 40 89 54 97 46 24 97 86 88 47 41 1 71 30 14 53 40 4 57 35 18 9 37 98 32 98 37 9 18 78 25 6 25 78 85 13 3 2 3 5 45 5 99 88 47 27 47 80 70 31 96 10 14 51 5 3 89 75 96 8 96 10 77 21 54 39 68 11 0 20 0 49 0 11 45 5 45 11 45 13 19 13 45 11 0 49 22 49 0 11 44 37 29 84 81 83 21 41 47 34 14 53 40 4 40 53 71 1 41 15 41 21 54 97 59 33 59 97 36 66 12 51 42 23 16 77 10 63 48 63 19 28 12 51 42 23 77 21 56 7 5 45 11 0 38 0 26 0 11 44 37 9 18 9 37 44 11 0 74 36 97 54 89 94 43 9 37 44 11 0
50
0 0
1 1
2 2
3 3
4 4
5 5
6 6
7 7
8 8
9 9
10 10
11 11
12 12
13 13
14 14
15 15
16 16
17 17
18 18
19 19
20 20
21 21
22 22
23 23
24 24
25 25
26 26
27 27
28 28
29 29
30 30
31 31
32 32
33 33
34 34
35 35
36 36
37 37
38 38
39 39
40 40
41 41
42 42
43 43
44 44
45 45
46 46
47 47
48 48
49 49
