69 127 101 1 135 100 163 197 0 195 188 0 193 72 63 80 71 3 74 162 51 147 97 1 146 1 104 11 112 11 171 133 81 166 6 106 6 165 128 46 87 1 118 59 1 53 194 149 77 27 117 83 150 24 119 26 160 2 132 121 192 5 33 191 37 82 44 4 134 190 198 185 58 3 50 3 110 99 14 148 16 90 186 4 52 30 113 1 158 64 0 31 5 25 56 3 36 115 131 69
80
128 128
1 1
2 2
131 131
132 132
5 5
133 133
135 135
134 134
11 11
14 14
16 16
146 146
147 147
148 148
149 149
150 150
24 24
25 25
26 26
27 27
30 30
31 31
160 160
33 33
158 158
163 163
36 36
165 165
166 166
37 37
162 162
171 171
44 44
46 46
50 50
51 51
52 52
53 53
56 56
185 185
186 186
58 58
188 188
59 59
190 190
63 63
191 191
193 193
194 194
192 192
64 64
197 197
198 198
71 71
72 72
195 195
74 74
77 77
80 80
81 81
82 82
83 83
87 87
90 90
97 97
99 99
100 100
101 101
104 104
106 106
110 110
112 112
113 113
115 115
117 117
118 118
119 119
121 121
127 127
