74 123 8 65 101 200 101 65 170 63 9 197 187 43 158 43 3 117 39 151 33 140 33 76 56 76 154 76 21 120 198 143 170 175 155 90 64 47 25 44 107 159 153 32 127 32 39 117 105 117 39 151 34 18 34 193 4 29 83 125 157 125 103 27 103 125 83 139 63 115 8 141 61 76 89 76 33 108 33 76 112 114 127 193 4 168 179 176 165 171 136 171 165 175 196 133 196 175 165 171 165 64 17 64 47 25 66 122 184 122 146 86 57 185 75 142 28 113 88 113 147 34 94 163 94 126 166 76 21 120 176 178 37 152 47 1 13 192 13 1 28 155 190 51 193 26 81 167 24 64 47 102 199 109 123 8 49 113 28 142 42 11 99 137 50 102 199 51 103 125 116 138 34 52 8 146 73 100 97 137 99 29 45 29 83 125 98 53 131 166 126 94 20 94 20 161 139 63 100 134 112 76 154 18 161 109 199 111 199 109 123 8 146 86 31 86 146 73 152 16 9 30 132 48 64 73 125 103 147 95 147 34 141 129 22 8 42 8 65 59 60 83 29 100 72 82 6 14 28 113 198 113 28 14 118 14 6 121 199 133 54 146 8 141 61 193 51 77 1 18 146 86 134 92 67 125 98 102 47 25 23 68 121 199 51 103 125 80 125 73 100 29 4 193 4 29 100 173 66 122 146 8 52 155 90 64 48 5 172 170 65 59 65 8 123 81 26 9 34 138 66 25 44 25 47 152 16 9 63 174 63 57 86 128 86 57 63 170 172 12 172 170 65 91 65 59 14 28 58 28 130 151 135 151 130 32 184 96 20 161 109 123 74
100
4 4
5 5
11 11
12 12
14 14
16 16
17 17
18 18
20 20
23 23
27 27
31 31
32 32
39 39
42 42
44 44
45 45
47 47
50 50
51 51
52 52
53 53
54 54
56 56
58 58
59 59
60 60
61 61
63 63
66 66
72 72
73 73
76 76
77 77
80 80
81 81
83 83
86 86
88 88
89 89
90 90
91 91
94 94
95 95
96 96
97 97
98 98
99 99
100 100
103 103
105 105
107 107
108 108
109 109
111 111
112 112
113 113
114 114
115 115
116 116
118 118
120 120
123 123
125 125
127 127
128 128
129 129
130 130
132 132
133 133
134 134
135 135
136 136
138 138
139 139
140 140
142 142
143 143
146 146
152 152
154 154
155 155
157 157
158 158
161 161
163 163
165 165
167 167
171 171
173 173
174 174
178 178
179 179
184 184
190 190
192 192
193 193
198 198
199 199
200 200
