73 96 38 5 45 98 9 57 44 49 75 60 100 88 38 8 38 5 1 19 18 76 37 86 31 66 31 86 47 13 40 16 85 16 40 13 48 33 11 33 48 15 96 38 5 45 98 21 98 9 71 50 1 5 1 50 53 34 55 88 100 88 22 70 20 43 12 62 65 62 99 25 74 49 74 4 7 17 93 17 7 28 91 28 40 13 48 15 96 15 79 15 96 38 88 100 60 75 57 9 98 6 29 84 29 86 37 76 18 33 82 33 18 19 1 77 14 77 1 50 1 5 45 10 45 88 27 2 94 53 34 78 34 55 83 27 83 55 5 1 68 90 25 99 46 75 57 75 46 99 62 65 92 33 48 13 40 28 7 4 74 25 74 58 34 55 83 55 34 12 34 78 91 81 28 40 13 48 32 1 68 1 19 1 5 38 96 73
50
1 1
5 5
8 8
9 9
10 10
11 11
12 12
13 13
14 14
15 15
18 18
19 19
21 21
22 22
25 25
27 27
29 29
33 33
34 34
44 44
46 46
48 48
49 49
50 50
53 53
57 57
65 65
66 66
68 68
71 71
74 74
75 75
76 76
77 77
78 78
79 79
81 81
82 82
83 83
84 84
85 85
86 86
90 90
91 91
93 93
94 94
96 96
98 98
99 99
100 100
