AA AB AH BN BS FF BS BN AH AB AG BA BE BA BF BA AG BC BJ BC AG BB BI BB BH BB AG BC BK FE DZ EC EE EF EN EQ EO EQ EN EF EL EW EX EY EX EW EL EF EE EC DX EC DZ FE BK FE DZ EC DX DY DX EC EE EF EH EJ EZ EJ EH FA EH EF EE EC EB EA FC EA EI FB EI EA EB EC DZ FE BK BC AG AB AA DT CX DU CX DT AA AB AG AZ BD AZ AG BA BG BA AG BC BK FE DZ EC EE ED EP ED EE EC DZ FE BK BC AG AB AH BM BP CE BW AI BW CE BP BM AH AB AE AO AQ AO AE AB AA AD AN CY DV CY AN AD AA DT AA AD AK AD AN CX DS CX AN CY DW CY AN AD AA AB AF AB AA AC AJ AC AA AD DN CT AM CW DP CW DQ CW AM CV DR CV AM CT DN AD AL AD AN AD AA AB AE AO AP AO AE AB AA AC AA
46
AA AA
AB AB
AC AC
AD AD
AE AE
AF AF
AG AG
AH AH
AI AI
AJ AJ
AK AK
AL AL
AM AM
AN AN
AO AO
AP AP
AQ AQ
EZ EZ
FA FA
FB FB
FC FC
EY EY
BD BD
BE BE
BF BF
BG BG
BH BH
BI BI
BJ BJ
BK BK
FF FF
DP DP
DQ DQ
DR DR
DS DS
DT DT
DU DU
DV DV
DW DW
DX DX
DY DY
DZ DZ
EN EN
EO EO
EP EP
EX EX
