48 73 66 74 149 74 66 73 174 125 143 0 156 0 105 147 135 84 51 180 156 52 156 180 94 182 94 126 119 97 173 145 173 35 173 58 173 61 34 50 133 93 119 78 185 190 8 162 189 178 194 193 98 38 117 38 161 10 161 170 82 26 9 129 141 199 141 196 121 40 16 62 132 6 11 79 21 148 21 12 143 137 143 167 143 137 43 2 23 39 185 39 128 56 128 39 85 39 185 32 64 106 170 3 155 199 138 176 138 78 7 175 7 154 164 77 69 113 178 177 107 45 151 121 120 121 19 77 114 123 114 80 47 108 72 163 171 25 90 87 107 66 74 66 191 96 80 118 15 99 5 99 152 136 129 194 157 146 53 154 115 154 197 61 173 88 173 163 72 186 73 171 25 50 67 98 101 98 16 62 42 158 96 29 96 181 135 147 36 55 47 102 110 102 179 102 47 55 47 84 60 57 103 98 38 165 38 98 193 98 67 50 133 107 87 107 45 111 46 168 109 168 20 48
100
2 2
3 3
5 5
7 7
9 9
10 10
11 11
16 16
19 19
20 20
21 21
23 23
25 25
29 29
34 34
35 35
36 36
38 38
39 39
40 40
42 42
46 46
48 48
52 52
53 53
55 55
56 56
58 58
60 60
64 64
66 66
67 67
69 69
73 73
74 74
78 78
79 79
84 84
85 85
87 87
88 88
90 90
93 93
98 98
101 101
103 103
107 107
108 108
109 109
110 110
113 113
115 115
117 117
118 118
119 119
120 120
123 123
125 125
126 126
129 129
133 133
135 135
136 136
137 137
138 138
141 141
143 143
145 145
147 147
148 148
149 149
151 151
152 152
154 154
155 155
156 156
157 157
158 158
163 163
164 164
165 165
167 167
170 170
171 171
175 175
176 176
177 177
179 179
180 180
181 181
182 182
185 185
186 186
190 190
191 191
193 193
194 194
196 196
197 197
199 199
