evdoyagqfp xftptyrlvl uooysjrxsb xftptyrlvl qbiylslccb kvxwqiryyu qbiylslccb xftptyrlvl mysadifwma robpunozly bnmegnfgii robpunozly mysadifwma xftptyrlvl jqtguzxxsl optviwhmbr vfdsalrajq optviwhmbr ivugtsvtqb guuudgvhny vugkhjygfe xywdziunpr oggftsricu xywdziunpr vugkhjygfe guuudgvhny stdiixwrjc ummqduagjn fczruomdab eooyfwmxln epdwcjuvdr wynbxuuxru tmrnpjqnxx wynbxuuxru oegfbrwyrp wynbxuuxru qzdrdcxoib voaumgrcuj qzdrdcxoib wynbxuuxru lazlsvgukx bbczvyonym hsjqtjkukk wirlbujvjm kwbnyneokj uhalgukdzb yriqtwavfx gucdicwxmb yriqtwavfx rkyixxpcbx yriqtwavfx qgfchcatzi ljhmnbaicr bswhowadhl tgkujfknod jfccyptuug uddkspyqjc yiwwdwbzth ixyurvbpvu qfbvncxldf ixyurvbpvu qepegujmaa etdxtwotzh knfzsnhzvx opmnfgpclg tgbmxdmvwe lcrihrmoqu xkasbvrrxd gkcfktyute phknwbtipl zivwgfcxqi phknwbtipl xguvjomcdt nwlccbonas itbfnxnauh nwlccbonas bbwcqzwyoz ijbfzrqwct bimtbhwsby wtlzrefwav mdyuzxshey ouxenssqdu kvfpaspidv zpjhxyylhb bswhowadhl xsjzeyxnpw opmnfgpclg qxuqrfzzob opmnfgpclg xsjzeyxnpw ymvlfsdhbu aokbiptbzc ymvlfsdhbu nbjyrygtdh cpwyxulkjm nbjyrygtdh czvqvijjlb seeyrseflx hkempoemlv seeyrseflx jrmlkfexfk osdeymjeil qiqnnrlapz osdeymjeil jrmlkfexfk scesbtewjx hxkhivkhyl xnppuesbrr eqdxeqvtsb epdwcjuvdr kgktiatgjn qepegujmaa koawdpgqdx pdljcbluhp koawdpgqdx psiebvskfb koawdpgqdx wkwwcqjtxf lkvtxfwozs wkwwcqjtxf bulywvvpni xychpimpzb sipmuleqch wtlzrefwav afrdrejwtp pwgublhwxg hofbtczdgp yqwistxtxc xguvjomcdt nwlccbonas xguvjomcdt phknwbtipl fdgcygwgjf rnpokwoqgt oownpsyviv oavtmpaqji ichabbvkhm jrusiskazm gjmmikaxih byyqgjwsrp euqbrkzdsw jedsthbmzo wwqchwdmtx jedsthbmzo qxfgqgbbdn byyqgjwsrp tmatbexcil qpxtrjvxpe lnicnhmajr aruwdskzta vugkhjygfe aruwdskzta lnicnhmajr kyrhqthnvz lndsfxewdc vkrlpmybdj jrusiskazm gjmmikaxih byyqgjwsrp cttlxdtaiw zmfuudfatm afortwurqt ahqdrcepub gbdejcnknd ahqdrcepub afortwurqt xifuopshzj xwrvhrxnqy pbefrggyje unihwwnyqz kijbyyuzhd unihwwnyqz vnzypgtlkj dnmgxnhbgi eaozvwjoso ldnozwuuuq eaozvwjoso vqakgbtmpu xqwyvbvueh tvcolajnao smwxdupkdv jqtguzxxsl pcilmgdrgc ivgbjyugdu pcilmgdrgc jqtguzxxsl xftptyrlvl fluzhooehk xftptyrlvl xawkqmfmmx evdoyagqfp
99
eooyfwmxln eooyfwmxln
vugkhjygfe vugkhjygfe
zmfuudfatm zmfuudfatm
vkrlpmybdj vkrlpmybdj
psiebvskfb psiebvskfb
yiwwdwbzth yiwwdwbzth
tgbmxdmvwe tgbmxdmvwe
gucdicwxmb gucdicwxmb
rnpokwoqgt rnpokwoqgt
wtlzrefwav wtlzrefwav
xawkqmfmmx xawkqmfmmx
oggftsricu oggftsricu
ouxenssqdu ouxenssqdu
nwlccbonas nwlccbonas
seeyrseflx seeyrseflx
smwxdupkdv smwxdupkdv
ahqdrcepub ahqdrcepub
bswhowadhl bswhowadhl
evdoyagqfp evdoyagqfp
bnmegnfgii bnmegnfgii
qfbvncxldf qfbvncxldf
aokbiptbzc aokbiptbzc
jrmlkfexfk jrmlkfexfk
qgfchcatzi qgfchcatzi
wkwwcqjtxf wkwwcqjtxf
xywdziunpr xywdziunpr
tvcolajnao tvcolajnao
qepegujmaa qepegujmaa
mdyuzxshey mdyuzxshey
lnicnhmajr lnicnhmajr
bulywvvpni bulywvvpni
bbwcqzwyoz bbwcqzwyoz
hsjqtjkukk hsjqtjkukk
hkempoemlv hkempoemlv
jrusiskazm jrusiskazm
tmrnpjqnxx tmrnpjqnxx
lndsfxewdc lndsfxewdc
oegfbrwyrp oegfbrwyrp
uooysjrxsb uooysjrxsb
xkasbvrrxd xkasbvrrxd
wynbxuuxru wynbxuuxru
rkyixxpcbx rkyixxpcbx
optviwhmbr optviwhmbr
mysadifwma mysadifwma
euqbrkzdsw euqbrkzdsw
kvxwqiryyu kvxwqiryyu
qxuqrfzzob qxuqrfzzob
vfdsalrajq vfdsalrajq
pcilmgdrgc pcilmgdrgc
kvfpaspidv kvfpaspidv
voaumgrcuj voaumgrcuj
etdxtwotzh etdxtwotzh
aruwdskzta aruwdskzta
qpxtrjvxpe qpxtrjvxpe
tgkujfknod tgkujfknod
xnppuesbrr xnppuesbrr
wwqchwdmtx wwqchwdmtx
xwrvhrxnqy xwrvhrxnqy
lcrihrmoqu lcrihrmoqu
uhalgukdzb uhalgukdzb
xifuopshzj xifuopshzj
fdgcygwgjf fdgcygwgjf
hofbtczdgp hofbtczdgp
nbjyrygtdh nbjyrygtdh
pbefrggyje pbefrggyje
kyrhqthnvz kyrhqthnvz
qxfgqgbbdn qxfgqgbbdn
zivwgfcxqi zivwgfcxqi
ivgbjyugdu ivgbjyugdu
oavtmpaqji oavtmpaqji
osdeymjeil osdeymjeil
scesbtewjx scesbtewjx
stdiixwrjc stdiixwrjc
ichabbvkhm ichabbvkhm
ivugtsvtqb ivugtsvtqb
byyqgjwsrp byyqgjwsrp
kijbyyuzhd kijbyyuzhd
pdljcbluhp pdljcbluhp
bimtbhwsby bimtbhwsby
ymvlfsdhbu ymvlfsdhbu
xychpimpzb xychpimpzb
lkvtxfwozs lkvtxfwozs
bbczvyonym bbczvyonym
eqdxeqvtsb eqdxeqvtsb
kgktiatgjn kgktiatgjn
afortwurqt afortwurqt
gbdejcnknd gbdejcnknd
cpwyxulkjm cpwyxulkjm
afrdrejwtp afrdrejwtp
xguvjomcdt xguvjomcdt
itbfnxnauh itbfnxnauh
fluzhooehk fluzhooehk
ldnozwuuuq ldnozwuuuq
tmatbexcil tmatbexcil
xqwyvbvueh xqwyvbvueh
qiqnnrlapz qiqnnrlapz
cttlxdtaiw cttlxdtaiw
guuudgvhny guuudgvhny
vnzypgtlkj vnzypgtlkj
