gucdicwxmb epdwcjuvdr vugkhjygfe vkrlpmybdj zpjhxyylhb koawdpgqdx unihwwnyqz smwxdupkdv xawkqmfmmx zjbarjhmau gkcfktyute evdoyagqfp jqtguzxxsl rnpokwoqgt iwdghbmiai rnpokwoqgt wtlzrefwav siatqqydwf tvuprbwofb aokbiptbzc psiebvskfb zumetrybth psiebvskfb xtvbrolacp zpybghfdbe jedsthbmzo lkvobxyfca lbuiysostx eysfgfavho wtyqwjwskq qzdrdcxoib oggftsricu yiwwdwbzth gwnccktgki ztplgyvqhm gwnccktgki seeyrseflx gjmmikaxih zpjhxyylhb vkrlpmybdj vugkhjygfe ahqdrcepub vugkhjygfe epdwcjuvdr gucdicwxmb
21
vugkhjygfe vugkhjygfe
zumetrybth zumetrybth
wtyqwjwskq wtyqwjwskq
vkrlpmybdj vkrlpmybdj
psiebvskfb psiebvskfb
yiwwdwbzth yiwwdwbzth
koawdpgqdx koawdpgqdx
tvuprbwofb tvuprbwofb
rnpokwoqgt rnpokwoqgt
iwdghbmiai iwdghbmiai
zjbarjhmau zjbarjhmau
lkvobxyfca lkvobxyfca
xawkqmfmmx xawkqmfmmx
oggftsricu oggftsricu
epdwcjuvdr epdwcjuvdr
seeyrseflx seeyrseflx
zpjhxyylhb zpjhxyylhb
ahqdrcepub ahqdrcepub
gkcfktyute gkcfktyute
evdoyagqfp evdoyagqfp
ztplgyvqhm ztplgyvqhm
