mdyuzxshey vkrlpmybdj zmfuudfatm vkrlpmybdj jatkaoyfxb bnmegnfgii jatkaoyfxb zumetrybth ebqxbaqnmm kdujdjjwot ebqxbaqnmm ljhmnbaicr owusjcmdkp oewptytlja nwlccbonas oewptytlja knfzsnhzvx xftptyrlvl jedsthbmzo xftptyrlvl yiwwdwbzth wtyqwjwskq yiwwdwbzth jqtguzxxsl hadchvmijq wynbxuuxru epdwcjuvdr wtlzrefwav hsjqtjkukk smwxdupkdv aokbiptbzc koawdpgqdx unihwwnyqz qepegujmaa xtvbrolacp qepegujmaa unihwwnyqz koawdpgqdx smwxdupkdv hsjqtjkukk wtlzrefwav jrmlkfexfk gllungmori rkyixxpcbx eooyfwmxln rkyixxpcbx optviwhmbr ixyurvbpvu uooysjrxsb seeyrseflx vugkhjygfe seeyrseflx uooysjrxsb ixyurvbpvu gwnccktgki syxecaxosc qgfchcatzi oggftsricu euqbrkzdsw chjuuxuacs lnicnhmajr oggftsricu lkvobxyfca fznfvsgjhc hkempoemlv ixyurvbpvu siatqqydwf ahqdrcepub lazlsvgukx idfvjoquhh lbuiysostx oegfbrwyrp tgbmxdmvwe oegfbrwyrp bswhowadhl psiebvskfb qydclznxrd cmdqzmgvfi qfbvncxldf cmdqzmgvfi zpybghfdbe lndsfxewdc mswyvpdrsy lndsfxewdc bulywvvpni zjbarjhmau wkwwcqjtxf qcktwemqbm tvcolajnao vkrlpmybdj mdyuzxshey mysadifwma mdyuzxshey
49
eooyfwmxln eooyfwmxln
vugkhjygfe vugkhjygfe
gllungmori gllungmori
zmfuudfatm zmfuudfatm
zumetrybth zumetrybth
wtyqwjwskq wtyqwjwskq
vkrlpmybdj vkrlpmybdj
psiebvskfb psiebvskfb
jqtguzxxsl jqtguzxxsl
koawdpgqdx koawdpgqdx
tgbmxdmvwe tgbmxdmvwe
zjbarjhmau zjbarjhmau
lkvobxyfca lkvobxyfca
wtlzrefwav wtlzrefwav
jedsthbmzo jedsthbmzo
nwlccbonas nwlccbonas
seeyrseflx seeyrseflx
ahqdrcepub ahqdrcepub
kdujdjjwot kdujdjjwot
gwnccktgki gwnccktgki
xtvbrolacp xtvbrolacp
bnmegnfgii bnmegnfgii
qfbvncxldf qfbvncxldf
aokbiptbzc aokbiptbzc
lbuiysostx lbuiysostx
ljhmnbaicr ljhmnbaicr
qcktwemqbm qcktwemqbm
knfzsnhzvx knfzsnhzvx
qepegujmaa qepegujmaa
mdyuzxshey mdyuzxshey
mswyvpdrsy mswyvpdrsy
ebqxbaqnmm ebqxbaqnmm
hadchvmijq hadchvmijq
xftptyrlvl xftptyrlvl
lnicnhmajr lnicnhmajr
bulywvvpni bulywvvpni
oewptytlja oewptytlja
cmdqzmgvfi cmdqzmgvfi
lazlsvgukx lazlsvgukx
lndsfxewdc lndsfxewdc
owusjcmdkp owusjcmdkp
qydclznxrd qydclznxrd
jatkaoyfxb jatkaoyfxb
wynbxuuxru wynbxuuxru
rkyixxpcbx rkyixxpcbx
optviwhmbr optviwhmbr
mysadifwma mysadifwma
fznfvsgjhc fznfvsgjhc
euqbrkzdsw euqbrkzdsw
