0 10 67 66 10 6 56 57 6 14 72 71 70 14 32 53 52 32 19 54 55 19 21 76 77 78 21 5 93 92 91 5 12 96 95 94 12 48 81 80 79 48 97 98 99 48 49 85 86 87 49 11 69 68 11 23 62 63 23 2 75 74 73 2 19 82 83 84 19 1 60 61 1 42 51 50 42 16 58 59 16 40 88 89 90 40 65 64 40 0
50
50 50
51 51
52 52
53 53
54 54
55 55
56 56
57 57
58 58
59 59
60 60
61 61
62 62
63 63
64 64
65 65
66 66
67 67
68 68
69 69
70 70
71 71
72 72
73 73
74 74
75 75
76 76
77 77
78 78
79 79
80 80
81 81
82 82
83 83
84 84
85 85
86 86
87 87
88 88
89 89
90 90
91 91
92 92
93 93
94 94
95 95
96 96
97 97
98 98
99 99
