0 57 188 189 190 57 90 184 183 182 90 18 102 103 18 84 145 144 143 84 54 193 192 191 54 1 155 156 157 1 10 114 115 10 57 137 136 57 83 167 168 169 83 25 125 124 25 49 196 195 194 49 39 106 107 39 12 138 139 12 40 135 134 40 26 158 159 160 26 31 118 119 31 45 173 174 175 45 5 116 117 5 46 170 171 172 46 9 163 162 161 9 94 126 127 94 60 128 129 60 47 166 165 164 47 34 121 120 34 87 149 150 151 87 38 146 147 148 38 53 176 177 178 53 44 104 105 44 58 100 101 58 60 109 108 60 69 111 110 69 47 152 153 154 47 41 113 112 41 78 187 186 185 78 11 130 131 11 10 197 198 199 10 41 123 122 41 11 181 180 179 11 84 133 132 84 21 140 141 142 21 0
100
100 100
101 101
102 102
103 103
104 104
105 105
106 106
107 107
108 108
109 109
110 110
111 111
112 112
113 113
114 114
115 115
116 116
117 117
118 118
119 119
120 120
121 121
122 122
123 123
124 124
125 125
126 126
127 127
128 128
129 129
130 130
131 131
132 132
133 133
134 134
135 135
136 136
137 137
138 138
139 139
140 140
141 141
142 142
143 143
144 144
145 145
146 146
147 147
148 148
149 149
150 150
151 151
152 152
153 153
154 154
155 155
156 156
157 157
158 158
159 159
160 160
161 161
162 162
163 163
164 164
165 165
166 166
167 167
168 168
169 169
170 170
171 171
172 172
173 173
174 174
175 175
176 176
177 177
178 178
179 179
180 180
181 181
182 182
183 183
184 184
185 185
186 186
187 187
188 188
189 189
190 190
191 191
192 192
193 193
194 194
195 195
196 196
197 197
198 198
199 199
