0 130 132 131 132 130 30 65 68 65 15 17 16 17 113 110 195 197 195 4 170 172 170 160 162 161 162 160 105 108 105 99 125 115 117 166 117 115 40 42 40 4 134 4 10 12 10 190 192 190 80 67 65 100 102 100 65 95 125 128 125 77 101 77 116 22 180 69 195 189 4 25 120 0 180 182 181 182 180 160 94 150 152 150 110 57 56 57 55 4 154 64 90 92 91 92 90 55 25 28 25 130 132 130 0 3 0 4 74 80 82 84 124 180 35 4 149 104 79 105 47 120 123 67 66 12 11 12 10 4 129 44 120 122 120 35 37 36 37 35 4 10 13 10 140 142 140 4 184 180 182 180 85 87 85 20 25 27 25 130 133 130 40 43 40 4 144 4 110 105 10 12 66 12 10 15 95 97 95 165 168 165 4 179 4 115 118 115 77 186 42 40 110 57 55 145 39 35 38 35 180 183 180 75 78 75 100 135 114 135 138 135 52 135 139 4 30 32 30 4 54 55 58 55 70 72 185 187 185 159 104 17 15 35 37 35 40 42 41 42 186 132 141 72 70 145 148 145 0 2 0 160 137 136 137 160 0
100
2 2
3 3
11 11
12 12
13 13
15 15
16 16
17 17
20 20
25 25
27 27
28 28
30 30
32 32
35 35
36 36
37 37
38 38
39 39
41 41
42 42
43 43
44 44
47 47
52 52
54 54
55 55
56 56
57 57
58 58
64 64
65 65
66 66
67 67
68 68
69 69
72 72
74 74
78 78
79 79
82 82
87 87
91 91
92 92
94 94
95 95
97 97
99 99
100 100
101 101
102 102
104 104
105 105
108 108
110 110
113 113
114 114
116 116
118 118
120 120
122 122
123 123
124 124
125 125
128 128
129 129
131 131
132 132
133 133
134 134
135 135
136 136
138 138
139 139
141 141
142 142
144 144
145 145
148 148
149 149
152 152
154 154
159 159
160 160
161 161
166 166
168 168
172 172
179 179
180 180
181 181
182 182
183 183
184 184
186 186
187 187
189 189
192 192
195 195
197 197
