0 4 54 85 87 86 87 85 39 49 17 16 17 38 12 11 12 10 0 60 63 60 50 52 51 52 50 44 45 48 45 4 79 4 40 10 12 81 12 10 20 23 20 55 4 90 84 4 60 95 97 95 5 8 5 4 99 52 50 15 18 15 80 85 29 65 20 65 67 68 32 31 32 30 33 30 4 89 4 45 47 46 47 45 10 13 10 25 28 25 80 83 80 82 80 90 92 90 40 42 88 37 35 55 58 32 49 94 9 7 71 7 5 75 77 76 77 75 55 57 55 4 0
50
4 4
5 5
8 8
11 11
13 13
16 16
18 18
20 20
23 23
28 28
29 29
31 31
32 32
33 33
37 37
39 39
40 40
42 42
44 44
46 46
48 48
49 49
51 51
52 52
54 54
55 55
57 57
58 58
60 60
63 63
65 65
67 67
68 68
71 71
76 76
79 79
80 80
81 81
82 82
83 83
84 84
85 85
86 86
88 88
89 89
90 90
92 92
94 94
97 97
99 99
