85 43 14 13 39 79 2 71 2 47 55 14 17 14 99 12 92 24 28 36 11 21 94 19 81 21 31 30 93 2 1 49 77 3 57 32 56 26 54 4 64 14 86 14 52 34 60 91 6 69 6 53 2 27 20 37 18 68 18 48 80 12 15 12 76 6 7 19 96 19 16 2 23 61 45 14 0 3 35 2 22 2 46 2 98 20 38 3 44 40 87 10 51 10 8 10 50 2 85
50
0 0
1 1
7 7
8 8
11 11
13 13
15 15
16 16
17 17
22 22
23 23
27 27
28 28
31 31
34 34
35 35
37 37
38 38
43 43
44 44
45 45
46 46
47 47
48 48
50 50
51 51
52 52
53 53
54 54
55 55
56 56
57 57
64 64
68 68
69 69
71 71
76 76
77 77
79 79
80 80
81 81
86 86
87 87
91 91
92 92
93 93
94 94
96 96
98 98
99 99
