99 16 166 72 155 19 17 2 47 2 100 14 158 19 70 6 119 6 123 11 41 11 63 11 51 6 111 19 190 31 9 44 163 32 183 29 102 16 53 16 185 16 15 29 10 7 112 7 181 86 172 31 126 3 94 3 90 3 68 2 40 2 0 6 114 23 165 16 148 31 180 37 124 19 56 3 150 11 160 11 5 29 164 31 33 19 106 6 192 19 80 19 66 16 73 11 30 11 132 11 28 3 127 36 186 46 188 2 42 2 97 11 174 19 184 19 12 60 8 6 88 23 169 37 26 6 151 6 24 19 171 7 78 7 59 45 170 21 168 19 146 7 167 16 75 2 178 2 4 6 34 43 131 3 98 7 125 31 27 2 22 31 35 7 92 7 161 14 39 2 25 38 20 6 18 2 103 19 122 7 130 37 173 37 149 3 55 3 82 45 83 48 117 11 61 14 1 72 142 69 99
100
0 0
1 1
4 4
5 5
8 8
9 9
10 10
12 12
15 15
17 17
18 18
20 20
22 22
24 24
25 25
26 26
27 27
28 28
30 30
33 33
34 34
35 35
39 39
40 40
41 41
42 42
47 47
51 51
53 53
55 55
56 56
59 59
61 61
63 63
66 66
68 68
70 70
73 73
75 75
78 78
80 80
82 82
83 83
88 88
90 90
92 92
94 94
97 97
98 98
99 99
100 100
102 102
103 103
106 106
111 111
112 112
114 114
117 117
119 119
122 122
123 123
124 124
125 125
126 126
127 127
130 130
131 131
132 132
142 142
146 146
148 148
149 149
150 150
151 151
155 155
158 158
160 160
161 161
163 163
164 164
165 165
166 166
167 167
168 168
169 169
170 170
171 171
172 172
173 173
174 174
178 178
180 180
181 181
183 183
184 184
185 185
186 186
188 188
190 190
192 192
