81 191 53 161 115 59 14 188 58 52 152 200 182 93 195 77 92 150 196 127 27 69 12 80 145 89 17 103 180 117 96 121 23 141 64 154 125 48 8 20 179 88 34 78 166 124 183 130 84 165 184 158 156 123 108 16 36 189 97 132 65 42 95 153 56 167 126 170 107 9 43 162 87 49 138 45 135 197 41 74 35 70 199 164 76 90 109 71 24 198 159 1 57 46 178 86 33 18 100 85 81
100
1 1
8 8
9 9
12 12
14 14
16 16
17 17
18 18
20 20
23 23
24 24
27 27
33 33
34 34
35 35
36 36
41 41
42 42
43 43
45 45
46 46
48 48
49 49
52 52
53 53
56 56
57 57
58 58
59 59
64 64
65 65
69 69
70 70
71 71
74 74
76 76
77 77
78 78
80 80
81 81
84 84
85 85
86 86
87 87
88 88
89 89
90 90
92 92
93 93
95 95
96 96
97 97
100 100
103 103
107 107
108 108
109 109
115 115
117 117
121 121
123 123
124 124
125 125
126 126
127 127
130 130
132 132
135 135
138 138
141 141
145 145
150 150
152 152
153 153
154 154
156 156
158 158
159 159
161 161
162 162
164 164
165 165
166 166
167 167
170 170
178 178
179 179
180 180
182 182
183 183
184 184
188 188
189 189
191 191
195 195
196 196
197 197
198 198
199 199
200 200
