Soda AD Soda BO Soda DX Soda GO Soda AZ Soda FX Soda U Soda DQ Soda GF Soda DJ Soda AA Soda F Soda GI Soda FR Soda FJ Soda DZ Soda GK Soda R Soda DU Soda BT Soda DA Soda I Soda FA Soda AG Soda AO Soda FU Soda BU Soda DT Soda GC Soda AT Soda C Soda AW Soda O Soda CA Soda DO Soda X Soda DD Soda FD Soda BX Soda K Soda BQ Soda FG Soda AJ Soda DW Soda BJ Soda BD Soda AX Soda
47
DZ DZ
C C
F F
I I
K K
O O
R R
U U
X X
AA AA
FA FA
AD AD
FD FD
AG AG
FG FG
AJ AJ
FJ FJ
AO AO
AT AT
FR FR
AW AW
AX AX
FU FU
AZ AZ
FX FX
BD BD
GC GC
GF GF
BJ BJ
GI GI
GK GK
BO BO
BQ BQ
GO GO
BT BT
BU BU
BX BX
CA CA
DA DA
DD DD
DJ DJ
DO DO
DQ DQ
DT DT
DU DU
DW DW
DX DX
