Soda K T K U K Soda C Soda J Soda K V AG AM AG V AE V K R K V AB V K O K V AG AJ AG V X V AF V K Soda E Soda D Soda I Soda K V Y V AG AK AG AO AG V K L K Soda A Soda K V Z V AA V K Soda F Soda K S K M K V AG AI AG AH AG V K Soda G Soda H Soda K V AD V W V AG AL AG V K P K Soda B Soda K V AG AN AG V AC V K Q K N K Soda
38
A A
B B
C C
D D
E E
F F
G G
H H
I I
J J
L L
M M
N N
O O
P P
Q Q
R R
S S
T T
U U
W W
X X
Y Y
Z Z
AA AA
AB AB
AC AC
AD AD
AE AE
AF AF
AH AH
AI AI
AJ AJ
AK AK
AL AL
AM AM
AN AN
AO AO
