0 30 28 27 28 26 25 23 32 20 21 20 19 18 17 85 86 83 81 80 79 78 77 76 72 65 71 64 62 58 59 60 59 58 54 55 54 58 59 58 54 52 50 49 48 47 46 44 42 44 49 50 52 54 56 58 62 64 73 72 76 77 78 77 76 74 75 63 62 70 66 69 53 51 49 44 42 38 37 33 117 116 112 115 113 114 115 112 110 111 130 111 110 112 116 117 33 34 36 34 33 117 116 112 ViksNode 107 106 102 101 104 101 120 97 95 94 92 14 11 9 6 5 2 3 0 28 31 10 12 13 12 10 9 11 14 15 14 92 93 96 98 100 102 105 107 ViksNode 112 116 117 33 34 35 34 33 38 42 43 42 44 45 48 45 44 42 38 33 117 116 112 ViksNode 107 108 105 106 124 123 122 121 122 100 99 96 93 92 14 11 9 6 7 8 6 5 4 3 0
45
130 130
3 3
4 4
7 7
8 8
10 10
13 13
15 15
18 18
19 19
20 20
21 21
25 25
27 27
30 30
35 35
36 36
37 37
42 42
43 43
47 47
48 48
53 53
55 55
56 56
59 59
60 60
63 63
70 70
71 71
73 73
74 74
78 78
80 80
86 86
94 94
99 99
104 104
106 106
108 108
113 113
114 114
117 117
121 121
123 123
