destitute Curtis Darwin Isfahan balustrade Amtrak swordfish septillion anvil McCall papal embassy Dominican Bleeker Auberge slowdown minion jewel Bernini tate Loomis Hindi Elizabethan creekside yogurt Injun Hindi connubial Gilmore McCall shroud transpiration schedule Bernini extractor Modesto MN Bernini Auberge ripe Hewlett decor Andersen diligent swingy midget choice trill fatten Andersen Halstead Andersen Isfahan Andersen Rio amateur Vega stanza Andersen illusion Fisk mediate funny Amtrak bobble Curtis destitute
50
Andersen Andersen
Auberge Auberge
Bleeker Bleeker
Darwin Darwin
Dominican Dominican
Elizabethan Elizabethan
Fisk Fisk
Gilmore Gilmore
Halstead Halstead
Hewlett Hewlett
Hindi Hindi
Injun Injun
Isfahan Isfahan
Loomis Loomis
MN MN
McCall McCall
Modesto Modesto
Rio Rio
Vega Vega
amateur amateur
anvil anvil
balustrade balustrade
bobble bobble
choice choice
connubial connubial
creekside creekside
decor decor
diligent diligent
embassy embassy
extractor extractor
fatten fatten
funny funny
illusion illusion
jewel jewel
mediate mediate
midget midget
minion minion
papal papal
ripe ripe
schedule schedule
septillion septillion
shroud shroud
slowdown slowdown
stanza stanza
swingy swingy
swordfish swordfish
tate tate
transpiration transpiration
trill trill
yogurt yogurt
