woebegone December silage December casserole Bernini PDP septillion Sicilian thirteen stanza Modesto Amtrak extrovert Durango car Durango Goodrich Durango illusion Curtis babysat Irvin equipping limpkin update archive papal funky torus Isfahan Irvin postscript archive bat Sunday PDP archive midstream balustrade connubial MN griddle yogurt transonic encumbrance sinh Amtrak felony thoroughfare McCall funny Vega Simon spill involuntary Scotty archive dull archive explosion MN exothermic Halstead Irvin mack December Rodney mitre trimester Elizabethan Darwin catenate archive coarse Rio Auberge Amtrak directory Durango Simon Andersen archive softball Bernini Zorn bunch Wheller combine broil atom millennium PDP noon numerology dreadnought limpkin imperishable Tucson deduce wingspread bunch McCall Sunday Gilmore encumbrance backplate encumbrance slowdown yearn shovel diligent Durango Tucson Durango Hewlett numerology barnacle bunch viscous bacteria renaissance slowdown tate limitate Simon Rodney thirteen fulsome Elizabethan Curtis sphalerite Durango inform stanza anvil FPC Winchester embroil Wheller choice lexicon swordfish Halstead swingy MN relaxation Irvin bifurcate Durango administer imposition secondary Halstead Stephen simulate Gilmore numerology oriole Durango icon Curtis deduce Sicilian transfuse Injun bunch whatsoever PDP limitate PDP mediate Sunday Halstead Fisk Durango monotonous Durango Reilly woebegone
100
Andersen Andersen
Auberge Auberge
Curtis Curtis
Darwin Darwin
December December
Durango Durango
Fisk Fisk
Gilmore Gilmore
Goodrich Goodrich
Hewlett Hewlett
Irvin Irvin
Isfahan Isfahan
McCall McCall
Modesto Modesto
PDP PDP
Reilly Reilly
Rodney Rodney
Simon Simon
Stephen Stephen
Sunday Sunday
Tucson Tucson
Vega Vega
Wheller Wheller
Winchester Winchester
Zorn Zorn
administer administer
anvil anvil
archive archive
babysat babysat
backplate backplate
barnacle barnacle
bat bat
bifurcate bifurcate
broil broil
bunch bunch
car car
casserole casserole
catenate catenate
choice choice
coarse coarse
connubial connubial
deduce deduce
diligent diligent
directory directory
dreadnought dreadnought
dull dull
embroil embroil
equipping equipping
exothermic exothermic
explosion explosion
extrovert extrovert
felony felony
fulsome fulsome
funky funky
funny funny
griddle griddle
icon icon
illusion illusion
imperishable imperishable
inform inform
involuntary involuntary
limitate limitate
mack mack
mediate mediate
midstream midstream
millennium millennium
mitre mitre
monotonous monotonous
noon noon
numerology numerology
oriole oriole
papal papal
postscript postscript
relaxation relaxation
renaissance renaissance
secondary secondary
septillion septillion
shovel shovel
silage silage
simulate simulate
sinh sinh
slowdown slowdown
softball softball
sphalerite sphalerite
spill spill
stanza stanza
swingy swingy
swordfish swordfish
tate tate
thirteen thirteen
thoroughfare thoroughfare
transfuse transfuse
transonic transonic
trimester trimester
update update
viscous viscous
whatsoever whatsoever
wingspread wingspread
yearn yearn
yogurt yogurt
