exothermic lordosis yogurt swordfish wafer Injun Iowa combine trill Curtis Injun amateur Bernini Tucson namesake Bernini Andersen McCall sacrifice extrovert Sicilian Halstead lordosis midget coarse FPC Hewlett felony Irvin decor shovel exothermic
25
Andersen Andersen
Bernini Bernini
Curtis Curtis
FPC FPC
Halstead Halstead
Injun Injun
Iowa Iowa
Irvin Irvin
McCall McCall
Tucson Tucson
amateur amateur
coarse coarse
combine combine
decor decor
extrovert extrovert
felony felony
lordosis lordosis
midget midget
namesake namesake
sacrifice sacrifice
shovel shovel
swordfish swordfish
trill trill
wafer wafer
yogurt yogurt
