5 47 37 67 11 0 78 69 12 55 97 43 40 75 74 31 97 28 24 28 52 16 76 80 46 44 95 97 36 97 15 97 14 42 13 4 12 30 8 60 40 98 40 92 40 11 95 82 95 91 48 88 18 84 74 1 77 22 59 6 87 69 85 50 53 28 40 16 81 16 27 97 62 93 75 13 88 18 28 34 37 23 64 6 45 37 39 37 99 13 5
50
74 74
97 97
40 40
6 6
13 13
75 75
76 76
30 30
62 62
22 22
18 18
0 0
11 11
24 24
82 82
95 95
47 47
53 53
98 98
43 43
92 92
69 69
4 4
45 45
23 23
60 60
87 87
1 1
78 78
34 34
52 52
88 88
46 46
85 85
93 93
44 44
42 42
91 91
55 55
5 5
15 15
27 27
36 36
99 99
64 64
67 67
84 84
81 81
39 39
14 14
