153 57 99 178 3 96 49 51 182 58 105 0 60 78 2 78 172 30 29 183 124 199 34 85 156 50 11 199 41 199 77 56 169 18 136 95 177 13 179 85 163 93 83 13 8 21 57 5 56 135 83 120 83 184 86 20 85 96 40 42 40 50 108 24 137 70 138 90 129 195 16 171 4 97 37 97 12 50 197 50 128 57 83 57 81 85 150 85 86 89 90 13 16 24 56 7 15 23 187 95 161 50 122 81 95 77 196 105 152 199 113 89 160 50 53 40 50 52 192 50 36 57 35 147 146 51 23 40 188 57 112 57 167 81 194 29 131 85 140 178 180 145 57 168 199 43 199 79 50 28 183 88 98 57 134 118 85 127 96 178 105 126 119 81 7 50 68 85 19 82 74 61 82 26 170 47 15 153
100
50 50
81 81
83 83
40 40
96 96
29 29
89 89
7 7
126 126
56 56
180 180
86 86
16 16
178 178
41 41
23 23
95 95
90 90
188 188
19 19
77 77
20 20
153 153
192 192
137 137
13 13
5 5
79 79
99 99
163 163
15 15
197 197
156 156
70 70
136 136
160 160
42 42
35 35
93 93
2 2
128 128
161 161
120 120
36 36
195 195
187 187
122 122
127 127
172 172
68 68
194 194
146 146
196 196
119 119
47 47
145 145
98 98
170 170
34 34
167 167
49 49
53 53
140 140
177 177
21 21
88 88
152 152
184 184
112 112
108 108
134 134
135 135
52 52
118 118
60 60
124 124
131 131
182 182
26 26
3 3
169 169
43 43
4 4
113 113
12 12
37 37
0 0
58 58
138 138
28 28
168 168
74 74
147 147
171 171
8 8
179 179
11 11
61 61
129 129
150 150
