y1ueyuwp 8rzfxob6lso8 my85gnmouy kab7t8o7qjj rp7qqdx12pxp3 u4xzrfm7f svhmnjst1e q847myi kch7lui7 2jba9pca ehy39 yida2btlrgcd2it 8cfvpx26xwcwt 31raz5hp9v hk8azedo934p3 9956fi umnww3 p5kt5ib5v8 xllfi9b mqt67y9n quxig9xz2 nnie92a fhrrge rp7qqdx12pxp3 bmicm4au j2pso94 swoprer yida2btlrgcd2it swoprer yida2btlrgcd2it 2bwd2j vehkyi71w kc3zwg52 f3vyq53xc ywksl5wd svhmnjst1e q847myi 8eg2mee ywksl5wd 8erlfq ywksl5wd w4qoh15 38s4jyp4eu uus7jirbe svhmnjst1e f3vyq53xc p53u2x9bku99j 7og7qr4t86 t9z1zz96r mqt67y9n 95nsenz6 4cddmu86gmo f3vyq53xc jjeivv4j55 svhmnjst1e t9q1ztn8723 svhmnjst1e vnsdusp svhmnjst1e yik8cqxn2 2y9obuu eq5c5ygub 6u33i q2cvwfhr6pl5 rkd38ui5s4 k3bqrx l12pu u1p7t48fr5 2y9obuu oyoi4md61 3hlob94j5u y1ueyuwp
43
3hlob94j5u 3hlob94j5u
svhmnjst1e svhmnjst1e
9956fi 9956fi
u4xzrfm7f u4xzrfm7f
uus7jirbe uus7jirbe
swoprer swoprer
ehy39 ehy39
q847myi q847myi
yida2btlrgcd2it yida2btlrgcd2it
mqt67y9n mqt67y9n
eq5c5ygub eq5c5ygub
l12pu l12pu
31raz5hp9v 31raz5hp9v
yik8cqxn2 yik8cqxn2
2y9obuu 2y9obuu
bmicm4au bmicm4au
kch7lui7 kch7lui7
f3vyq53xc f3vyq53xc
w4qoh15 w4qoh15
95nsenz6 95nsenz6
vehkyi71w vehkyi71w
8erlfq 8erlfq
t9q1ztn8723 t9q1ztn8723
p53u2x9bku99j p53u2x9bku99j
ywksl5wd ywksl5wd
my85gnmouy my85gnmouy
quxig9xz2 quxig9xz2
6u33i 6u33i
2bwd2j 2bwd2j
7og7qr4t86 7og7qr4t86
8cfvpx26xwcwt 8cfvpx26xwcwt
4cddmu86gmo 4cddmu86gmo
kab7t8o7qjj kab7t8o7qjj
vnsdusp vnsdusp
j2pso94 j2pso94
umnww3 umnww3
fhrrge fhrrge
jjeivv4j55 jjeivv4j55
8eg2mee 8eg2mee
kc3zwg52 kc3zwg52
38s4jyp4eu 38s4jyp4eu
xllfi9b xllfi9b
rkd38ui5s4 rkd38ui5s4
