htb26qt 188h5ax 1ca2x2cnc pxudbw3kn nm7ud og6n7bgq8h vx6dadli2g ozag34bm9 wqkqf 89ladcv nd9xavj ben42py9 ynuam4f8 og6n7bgq8h 59yzvtv iffsi 4lvyha1 1jhmm8m85 9egqgrh7x4e s9vu9xx884 8jea4n4ez mw8g2qjo1 87jxa jeiqok l8yypbh 4ka6l1c8w 4lvyha1 5stwoup wqkqf 1161ildqnj p5ujl2azex yr44oj2 yx6dguko a5u8g4sej vqthskq 9oii82xaa wqkqf hwu8dv9jgknbm siimi45 h1gz5hzz yhvc7zg itbc25it1yep pwqxinlzb3s lyvvnwfs dlkmpx lyvvnwfs 6u4sf1gi 8gc7dka8lfy itbc25it1yep ilaz9q zjj1dm8s 7pbkkbbpw 5nsjpxd hq5mh8mi pt2n7hl piawzpgtzz9 grn3uqx9y zjj1dm8s g2g6fxcwr2l x73l73jp 812l47wm x73l73jp z4kx8k9 itrx5fucdq pt2n7hl tu8xxomxhi pxudbw3kn 4w6uhigzl ysiw8m4l 59yzvtv euhqqqmdpe q42s9z886w5 9lvbrlgk k3qywmpr siimi45 i6lsw66h lnnsb9 f92ere3 pt2n7hl vrem3ey3kg44 9tdu9g yhp7wbv9 tu8xxomxhi 7hz6j8 y3eg7gqq6 zjh83ae ay5sahonq84 xpxnortd 9egqgrh7x4e aplkk57cpzm 6k7du t4iedm itrx5fucdq 52a3fj2zh ligw3mffc 37v6d itbc25it1yep p9mtts siimi45 mucolb1r xpxnortd tjwldi hyc885fvjls fej54ps5j lnnsb9 ic2r4blmm9 5b63nad1 kwtb3cg fgkuly81y gd5ct4 ht1efrhmh l8yypbh hc2hf5t8 dt4ljfgjkizpq xpxnortd obabms pt2n7hl yg6hizqty 8m3pascg uzsjpl5f5 art44ncra lnnsb9 vl6czuab itbc25it1yep e7lxs ligw3mffc aplkk57cpzm ligw3mffc pmyqr zou7sx9w pxudbw3kn txlltgki pllpn ushjdkdhm9 ozag34bm9 kxhc6t8tu 3khitn6 vx6dadli2g htb26qt
84
yhvc7zg yhvc7zg
iffsi iffsi
zou7sx9w zou7sx9w
tjwldi tjwldi
wqkqf wqkqf
txlltgki txlltgki
ozag34bm9 ozag34bm9
l8yypbh l8yypbh
9lvbrlgk 9lvbrlgk
p9mtts p9mtts
ushjdkdhm9 ushjdkdhm9
g2g6fxcwr2l g2g6fxcwr2l
yhp7wbv9 yhp7wbv9
y3eg7gqq6 y3eg7gqq6
5stwoup 5stwoup
nd9xavj nd9xavj
7hz6j8 7hz6j8
itrx5fucdq itrx5fucdq
og6n7bgq8h og6n7bgq8h
nm7ud nm7ud
6k7du 6k7du
yg6hizqty yg6hizqty
pmyqr pmyqr
6u4sf1gi 6u4sf1gi
7pbkkbbpw 7pbkkbbpw
ynuam4f8 ynuam4f8
4ka6l1c8w 4ka6l1c8w
tu8xxomxhi tu8xxomxhi
9oii82xaa 9oii82xaa
812l47wm 812l47wm
euhqqqmdpe euhqqqmdpe
dlkmpx dlkmpx
hwu8dv9jgknbm hwu8dv9jgknbm
pt2n7hl pt2n7hl
ht1efrhmh ht1efrhmh
1jhmm8m85 1jhmm8m85
gd5ct4 gd5ct4
kxhc6t8tu kxhc6t8tu
aplkk57cpzm aplkk57cpzm
mw8g2qjo1 mw8g2qjo1
kwtb3cg kwtb3cg
ysiw8m4l ysiw8m4l
i6lsw66h i6lsw66h
9egqgrh7x4e 9egqgrh7x4e
mucolb1r mucolb1r
e7lxs e7lxs
vrem3ey3kg44 vrem3ey3kg44
zjh83ae zjh83ae
8m3pascg 8m3pascg
52a3fj2zh 52a3fj2zh
fej54ps5j fej54ps5j
obabms obabms
3khitn6 3khitn6
h1gz5hzz h1gz5hzz
vl6czuab vl6czuab
ay5sahonq84 ay5sahonq84
uzsjpl5f5 uzsjpl5f5
ic2r4blmm9 ic2r4blmm9
dt4ljfgjkizpq dt4ljfgjkizpq
x73l73jp x73l73jp
k3qywmpr k3qywmpr
q42s9z886w5 q42s9z886w5
art44ncra art44ncra
1161ildqnj 1161ildqnj
yr44oj2 yr44oj2
yx6dguko yx6dguko
f92ere3 f92ere3
pwqxinlzb3s pwqxinlzb3s
grn3uqx9y grn3uqx9y
s9vu9xx884 s9vu9xx884
hc2hf5t8 hc2hf5t8
1ca2x2cnc 1ca2x2cnc
8jea4n4ez 8jea4n4ez
87jxa 87jxa
4w6uhigzl 4w6uhigzl
ilaz9q ilaz9q
37v6d 37v6d
hyc885fvjls hyc885fvjls
hq5mh8mi hq5mh8mi
piawzpgtzz9 piawzpgtzz9
8gc7dka8lfy 8gc7dka8lfy
a5u8g4sej a5u8g4sej
t4iedm t4iedm
59yzvtv 59yzvtv
