ZfI6StUliqd8YxBr0zVp UoiNiYnewh16WNDFqvYW YzWX8RqUW0YPFsebUKYP Af4sQnaDf5G2yrOfmk45 QUmdpeJNwq8Od3rclrVL Af4sQnaDf5G2yrOfmk45 QBaUzVWA62rnfcsnEShZ cQGIpn2T5vI9Au4mrGii RnnCc8OgQLqPe5HvvbS3 WEpQsV1SPLNjRDFxWGJw 98jc4TOf5CFD5ooRLXKs SI1jqone3x4IZwZ6qVW6 ZBTm8fkarNXg3vLUAnt8 gGXF4imn3IOLlYGD81XA 5JVto9dbOz4Lu3AeAOZD QGzcn6XPemZ0IhmCJCmq cC9SZGtAtirSBnbvLWzt zFahEplFbW4f2V6jQTmi Fa64KRccvM4rqOgxBKtu ip0vmcqzxYgrY2Mc3Bu9 RnnCc8OgQLqPe5HvvbS3 uYmver98TgwbkIsM8XgU gX6xMy6pWnenI68kwgcu zs8puphf0SbuOBS6XpM9 Hxhi6IYOb3B8uxHbGYVt mMagcNSN7U8s7oy3e0j4 zFahEplFbW4f2V6jQTmi gj1PIUxoUprs5rKMLNpv BFat56YSkekx77JCOMI4 Z6746tUNXH05XsKVq5bc ZfI6StUliqd8YxBr0zVp
25
ip0vmcqzxYgrY2Mc3Bu9 ip0vmcqzxYgrY2Mc3Bu9
QUmdpeJNwq8Od3rclrVL QUmdpeJNwq8Od3rclrVL
RnnCc8OgQLqPe5HvvbS3 RnnCc8OgQLqPe5HvvbS3
98jc4TOf5CFD5ooRLXKs 98jc4TOf5CFD5ooRLXKs
WEpQsV1SPLNjRDFxWGJw WEpQsV1SPLNjRDFxWGJw
ZBTm8fkarNXg3vLUAnt8 ZBTm8fkarNXg3vLUAnt8
YzWX8RqUW0YPFsebUKYP YzWX8RqUW0YPFsebUKYP
cC9SZGtAtirSBnbvLWzt cC9SZGtAtirSBnbvLWzt
BFat56YSkekx77JCOMI4 BFat56YSkekx77JCOMI4
SI1jqone3x4IZwZ6qVW6 SI1jqone3x4IZwZ6qVW6
uYmver98TgwbkIsM8XgU uYmver98TgwbkIsM8XgU
Hxhi6IYOb3B8uxHbGYVt Hxhi6IYOb3B8uxHbGYVt
QGzcn6XPemZ0IhmCJCmq QGzcn6XPemZ0IhmCJCmq
Fa64KRccvM4rqOgxBKtu Fa64KRccvM4rqOgxBKtu
Z6746tUNXH05XsKVq5bc Z6746tUNXH05XsKVq5bc
mMagcNSN7U8s7oy3e0j4 mMagcNSN7U8s7oy3e0j4
zs8puphf0SbuOBS6XpM9 zs8puphf0SbuOBS6XpM9
gj1PIUxoUprs5rKMLNpv gj1PIUxoUprs5rKMLNpv
gX6xMy6pWnenI68kwgcu gX6xMy6pWnenI68kwgcu
UoiNiYnewh16WNDFqvYW UoiNiYnewh16WNDFqvYW
QBaUzVWA62rnfcsnEShZ QBaUzVWA62rnfcsnEShZ
5JVto9dbOz4Lu3AeAOZD 5JVto9dbOz4Lu3AeAOZD
ZfI6StUliqd8YxBr0zVp ZfI6StUliqd8YxBr0zVp
gGXF4imn3IOLlYGD81XA gGXF4imn3IOLlYGD81XA
Af4sQnaDf5G2yrOfmk45 Af4sQnaDf5G2yrOfmk45
