SaintPaul Indianapolis Mesa Baltimore Wichita Charlotte Phoenix Cincinnati StPetersburg Henderson Lincoln Minneapolis Bakersfield LosAngeles Austin JerseyCity Laredo JerseyCity Denver Detroit Tucson Raleigh Tucson Philadelphia Pittsburgh SantaAna Durham WinstonSalem Oakland Atlanta Oakland Tampa Houston Stockton Louisville Memphis Louisville Madison SanJose SanDiego Dallas LongBeach FortWorth BatonRouge Honolulu Lubbock StPetersburg Milwaukee Columbus Glendale Hialeah OklahomaCity FortWayne Anchorage Cleveland Fresno Spokane Fresno Chesapeake Fresno Lexington Detroit NewOrleans Chandler Plano LosAngeles ElPaso Austin Aurora Austin SanAntonio Newark Scottsdale Denver Irvine SaintPaul
50
Houston Houston
Phoenix Phoenix
SanAntonio SanAntonio
SanDiego SanDiego
Dallas Dallas
SanJose SanJose
Austin Austin
FortWorth FortWorth
Columbus Columbus
Charlotte Charlotte
Indianapolis Indianapolis
Denver Denver
ElPaso ElPaso
Memphis Memphis
OklahomaCity OklahomaCity
Baltimore Baltimore
Milwaukee Milwaukee
Tucson Tucson
Atlanta Atlanta
Raleigh Raleigh
LongBeach LongBeach
Tampa Tampa
NewOrleans NewOrleans
Bakersfield Bakersfield
Aurora Aurora
Honolulu Honolulu
SantaAna SantaAna
Lexington Lexington
Stockton Stockton
Henderson Henderson
Cincinnati Cincinnati
Pittsburgh Pittsburgh
Anchorage Anchorage
Plano Plano
Lincoln Lincoln
Newark Newark
Durham Durham
FortWayne FortWayne
JerseyCity JerseyCity
StPetersburg StPetersburg
Laredo Laredo
Madison Madison
Chandler Chandler
Lubbock Lubbock
Scottsdale Scottsdale
Glendale Glendale
WinstonSalem WinstonSalem
Chesapeake Chesapeake
Hialeah Hialeah
Spokane Spokane
