Chattanooga OklahomaCity SantaAna Killeen Jacksonville SanJose Glendale SanDiego Phoenix GardenGrove Knoxville Berkeley Paterson Cincinnati DesMoines NewportNews Alexandria NewportNews FortLauderdale Savannah ElkGrove McAllen ElkGrove SanFrancisco Honolulu Berkeley Springfield Spokane SanJose GrandRapids Fresno Worcester Portland Glendale VirginiaBeach FortWorth Mesa Richmond Stockton Surprise Carrollton Wichita Fayetteville BatonRouge Detroit Vancouver PortStLucie Miramar Honolulu Fremont Huntsville Tacoma Oxnard LongBeach Chicago Naperville Orlando Albuquerque LosAngeles Albuquerque Waco LongBeach GrandPrairie OverlandPark Brownsville Jackson KansasCity Frisco Detroit Shreveport LittleRock CapeCoral Oceanside Bakersfield Fresno MorenoValley Charlotte Murfreesboro Salinas Bakersfield Toledo Henderson Orange Aurora Fayetteville Aurora Lexington Baltimore Lakewood Boise SanBernardino Tucson Fontana Joliet Madison Lincoln OklahomaCity Chattanooga Raleigh ElPaso NewOrleans Washington SaintPaul Norfolk Irvine Syracuse NewYork Anaheim ChulaVista Dallas Detroit Tallahassee Buffalo Pomona FortCollins Durham Yonkers Plano Austin Scottsdale Tempe Scottsdale Riverside Indianapolis Phoenix Anchorage Midland Anchorage Olathe Corona Lubbock Louisville SanJose Boston Salem Ontario Orlando Orange SantaClarita Hayward Akron Tucson Newark NewOrleans Cleveland SanAntonio Memphis Glendale SanJose Denton ElPaso Chattanooga
100
NewYork NewYork
LosAngeles LosAngeles
Chicago Chicago
Phoenix Phoenix
SanAntonio SanAntonio
SanDiego SanDiego
SanJose SanJose
Austin Austin
Jacksonville Jacksonville
FortWorth FortWorth
SanFrancisco SanFrancisco
Charlotte Charlotte
Indianapolis Indianapolis
Washington Washington
Boston Boston
ElPaso ElPaso
Memphis Memphis
Louisville Louisville
Baltimore Baltimore
KansasCity KansasCity
Raleigh Raleigh
Wichita Wichita
Cleveland Cleveland
Bakersfield Bakersfield
Aurora Aurora
Anaheim Anaheim
Honolulu Honolulu
SantaAna SantaAna
Riverside Riverside
Lexington Lexington
Henderson Henderson
SaintPaul SaintPaul
Cincinnati Cincinnati
Anchorage Anchorage
Plano Plano
Lincoln Lincoln
Orlando Orlando
Irvine Irvine
Newark Newark
Toledo Toledo
Durham Durham
ChulaVista ChulaVista
Madison Madison
Buffalo Buffalo
Lubbock Lubbock
Scottsdale Scottsdale
Glendale Glendale
Fremont Fremont
Boise Boise
Richmond Richmond
BatonRouge BatonRouge
Spokane Spokane
DesMoines DesMoines
Tacoma Tacoma
SanBernardino SanBernardino
Fontana Fontana
SantaClarita SantaClarita
Oxnard Oxnard
Fayetteville Fayetteville
GrandRapids GrandRapids
Yonkers Yonkers
Akron Akron
LittleRock LittleRock
PortStLucie PortStLucie
GrandPrairie GrandPrairie
Tallahassee Tallahassee
Tempe Tempe
CapeCoral CapeCoral
Shreveport Shreveport
Frisco Frisco
Knoxville Knoxville
Worcester Worcester
Brownsville Brownsville
Vancouver Vancouver
FortLauderdale FortLauderdale
Ontario Ontario
NewportNews NewportNews
Oceanside Oceanside
Salem Salem
GardenGrove GardenGrove
Corona Corona
Springfield Springfield
Jackson Jackson
Alexandria Alexandria
Hayward Hayward
Pomona Pomona
Naperville Naperville
Joliet Joliet
Savannah Savannah
Paterson Paterson
McAllen McAllen
Syracuse Syracuse
Midland Midland
Berkeley Berkeley
Murfreesboro Murfreesboro
Olathe Olathe
Orange Orange
Denton Denton
Waco Waco
Surprise Surprise
