Jacksonville Milwaukee Nashville VirginiaBeach ColoradoSprings Chicago Philadelphia Oakland Albuquerque Tulsa Minneapolis Tulsa Detroit Columbus Tucson Milwaukee Nashville ElPaso LosAngeles Indianapolis Raleigh Memphis Raleigh Austin Omaha LongBeach Oakland Phoenix OklahomaCity FortWorth SanJose Boston OklahomaCity Arlington Portland Seattle LasVegas Charlotte SanFrancisco Atlanta Louisville Atlanta Fresno Atlanta Jacksonville
25
LosAngeles LosAngeles
Phoenix Phoenix
Philadelphia Philadelphia
SanJose SanJose
Austin Austin
Jacksonville Jacksonville
FortWorth FortWorth
Columbus Columbus
SanFrancisco SanFrancisco
Indianapolis Indianapolis
Seattle Seattle
Boston Boston
ElPaso ElPaso
Portland Portland
Memphis Memphis
LasVegas LasVegas
Louisville Louisville
Albuquerque Albuquerque
Tucson Tucson
Fresno Fresno
Atlanta Atlanta
LongBeach LongBeach
VirginiaBeach VirginiaBeach
Minneapolis Minneapolis
Tulsa Tulsa
