Porterton Dianashire Burgessview Williamfort Moodyburgh Heatherberg Thomasborough Ortegaberg Thomasborough Masseyside Thomasborough Heatherberg Moodyburgh Gregoryberg Smithfort Millerborough Smithfort Gregoryberg Moodyburgh Williamfort Thomasville Lopezburgh Byrdfurt Garciamouth Byrdfurt Loweryborough Byrdfurt Lopezburgh Leahmouth Lopezburgh Thomasville Williamfort Williamport Ashleystad Holthaven Vickiville Holthaven Ashleystad Codyton Mindyview Codyton Ryanside Codyton Ashleystad Williamport Williamfort Burgessview Billton Banksburgh Simmonsburgh Michaelville Williamland Michaelville Simmonsburgh Banksburgh Yvonneborough Parkermouth Shawnfort Parkermouth Yvonneborough Banksburgh Billton Burgessview Marcusburgh Tylerbury Paultown Hansonbury Paultown Tylerbury Jamestown Wilsonstad Jamestown Tylerbury Marcusburgh Fletcherland Kingview Williamschester Mirandaview Williamschester Kingview Fletcherland Willisfurt Ortizberg Willisfurt Fletcherland Marcusburgh Matthewburgh Bondfort Shawnmouth Priceville Shawnmouth Buckleyside Shawnmouth Bondfort Adamview Harrisborough Adamview Bondfort Matthewburgh Virginiastad Robinsonmouth Horneside Robinsonmouth Virginiastad Johnsonberg Virginiastad Matthewburgh Marcusburgh Burgessview Dianashire Ashleyborough Clarkberg Burtonview Murphyside Bakertown Jameston Bakertown Derekville Bakertown Murphyside Burtonview Clarkberg Reevestown Judithview Michaelview Clarenceview Michaelview Judithview Reevestown Clarkberg Ashleyborough Paulburgh Walltown Johnberg Williamshire Johnberg Walltown Scotttown Jacksonview Danielville Jacksonview Scotttown Walltown Callahantown Maryport Reynoldsview Maryport Combsville Maryport Callahantown Walltown Paulburgh Robertsstad Toddtown Swansonshire Abigailhaven Swansonshire Toddtown Robertsstad Paulburgh Ashleyborough Osborneville Christophermouth Shawnhaven Candaceborough Shawnhaven Dannyside Shawnhaven Christophermouth Osborneville Payneview Barnesmouth Clarkborough Barnesmouth Harrisport Brendaview Harrisport Barnesmouth Payneview Teresafort Smithtown Jacksonland Smithtown Abigailville Smithtown Teresafort Calvinton Teresafort Payneview Jacksonville Christopherhaven Jacksonville Jennifertown Feliciaville Jennifertown Jacksonville Payneview Osborneville Ashleyborough Dianashire Porterton Wallton Davisstad Leechester Castanedachester Suttonville Castanedachester Leechester Pettyton Bondmouth Taylorton Bondmouth Mercedesmouth Bondmouth Pettyton Jonesfurt Pettyton Leechester Davisstad Newmanburgh Gallowaymouth Rioshaven Josephstad Rioshaven Gallowaymouth Newmanburgh Davisstad Jacksonton Singletonton Clarkbury Jermaineton Clarkbury Singletonton Jacksonton Davisstad Wallton Derekmouth Charlesberg Sethland Tannerhaven Sethland Ellisstad Osbornemouth Ellisstad Sethland Charlesberg Kevinberg Patriciabury Thomasmouth Patriciabury Troyfort Patriciabury Kevinberg Adamside Bradberg Adamside Andrewschester Adamside Kevinberg Charlesberg Weberbury Clarkport Weberbury Kimberlyburgh Candiceland Kimberlyburgh Weberbury Charlesberg Derekmouth Jeffreyfort Johnsonchester Nealfurt Johnsonchester Susanfort Johnsonchester Jeffreyfort Garytown Audreyfort Patriciaside Audreyfort Garytown Jeffreyfort Derekmouth Geraldside Michellehaven Ramosborough Fordhaven Ramosborough Michellehaven Cranemouth Joneschester Cranemouth Michellehaven Geraldside Joseport Hallborough Kylieview Hallborough Joseport Gabrielburgh Hodgesstad Gabrielburgh Joseport Geraldside Derekmouth Wallton Danielleport Cooperton Lopezborough Waltersmouth Adamport Waltersmouth Adkinsberg Waltersmouth Lopezborough Cooperton Danielleport Melissaview Cheyennefurt Watsonville Christyland Watsonville Robertomouth Watsonville Cheyennefurt Thompsonshire Cheyennefurt Melissaview Campbellhaven Annberg Houstonchester Annberg Dyerport Annberg Campbellhaven Melissaview Danielleport Scottburgh Laurenbury Haleview Hallstad Haleview Laurenbury Scottburgh Danielleport Wallton Porterton
100
Abigailhaven Abigailhaven
Williamshire Williamshire
Osbornemouth Osbornemouth
Bondmouth Bondmouth
Swansonshire Swansonshire
Smithfort Smithfort
Kimberlyburgh Kimberlyburgh
Thompsonshire Thompsonshire
Adamport Adamport
Jonesfurt Jonesfurt
Mindyview Mindyview
Loweryborough Loweryborough
Michaelview Michaelview
Ramosborough Ramosborough
Shawnmouth Shawnmouth
Audreyfort Audreyfort
Calvinton Calvinton
Parkermouth Parkermouth
Gabrielburgh Gabrielburgh
Smithtown Smithtown
Michaelville Michaelville
Tannerhaven Tannerhaven
Harrisborough Harrisborough
Vickiville Vickiville
Clarkport Clarkport
Jermaineton Jermaineton
Codyton Codyton
Robinsonmouth Robinsonmouth
Abigailville Abigailville
Wilsonstad Wilsonstad
Williamschester Williamschester
Annberg Annberg
Josephstad Josephstad
Jacksonview Jacksonview
Ortizberg Ortizberg
Kylieview Kylieview
Adamview Adamview
Nealfurt Nealfurt
Candaceborough Candaceborough
Garciamouth Garciamouth
Fordhaven Fordhaven
Feliciaville Feliciaville
Hallborough Hallborough
Horneside Horneside
Dannyside Dannyside
Derekville Derekville
Christyland Christyland
Susanfort Susanfort
Leahmouth Leahmouth
Brendaview Brendaview
Dyerport Dyerport
Watsonville Watsonville
Byrdfurt Byrdfurt
Harrisport Harrisport
Clarkbury Clarkbury
Hansonbury Hansonbury
Jennifertown Jennifertown
Priceville Priceville
Hallstad Hallstad
Danielville Danielville
Masseyside Masseyside
Andrewschester Andrewschester
Jameston Jameston
Combsville Combsville
Buckleyside Buckleyside
Reynoldsview Reynoldsview
Bakertown Bakertown
Adkinsberg Adkinsberg
Johnsonberg Johnsonberg
Clarenceview Clarenceview
Bradberg Bradberg
Maryport Maryport
Mercedesmouth Mercedesmouth
Thomasborough Thomasborough
Millerborough Millerborough
Ellisstad Ellisstad
Ryanside Ryanside
Hodgesstad Hodgesstad
Candiceland Candiceland
Taylorton Taylorton
Patriciabury Patriciabury
Ortegaberg Ortegaberg
Christopherhaven Christopherhaven
Houstonchester Houstonchester
Clarkborough Clarkborough
Suttonville Suttonville
Patriciaside Patriciaside
Williamland Williamland
Holthaven Holthaven
Troyfort Troyfort
Joneschester Joneschester
Shawnfort Shawnfort
Thomasmouth Thomasmouth
Adamside Adamside
Mirandaview Mirandaview
Rioshaven Rioshaven
Robertomouth Robertomouth
Haleview Haleview
Jacksonland Jacksonland
Cranemouth Cranemouth
