Hernandezville Joelview Downsville Richardhaven Tammychester Rebeccaton Tammychester Richardhaven Downsville Williammouth Haasville Williammouth Downsville Joelview Mitchellchester Lopezmouth Heathermouth Emilymouth Heathermouth Lopezview Robertsfort Lopezview Heathermouth Lopezmouth Dixonton Keithton Aprilstad Keithton Andrewland Keithton Dixonton Francesmouth Richardville Francesmouth Dixonton Lopezmouth Mitchellchester Sheabury Maysfort Huynhton Maysfort Sheabury Mitchellchester Joelview Farmerside Ryanton Williamsmouth Johnstonmouth Williamsmouth Mcdonaldmouth Adkinsfurt Mcdonaldmouth Williamsmouth Ryanton Farmerside Ralphtown Garciaport Charlesburgh Angelaview Charlesburgh Garciaport Ralphtown Stricklandbury Tylermouth Deanstad Tylermouth Stricklandbury Ralphtown Farmerside Gabriellabury Courtneyfurt Morrisbury Courtneyfurt Contrerasland Courtneyfurt Gabriellabury Murphyberg Hendersonchester Murphyberg Gabriellabury Farmerside Joelview Hernandezville Beckyshire Derekton Wallaceville Morenoside Johnport Morenoside Amberfurt Morenoside Wallaceville Derekton Thomaschester Mcfarlandville Belindamouth Mcfarlandville Thomaschester Derekton Beckyshire Ponceville Bridgesville Esparzaberg Kristinbury Allenberg Kristinbury Esparzaberg Thomasburgh Johnsonmouth Thomasburgh Sanchezland Thomasburgh Esparzaberg Bridgesville Dennisstad Wilsonburgh Harristown Wilsonburgh Josephton Wilsonburgh Dennisstad Bridgesville Riveramouth Martinton Brianland Martinton Deborahfort Martinton Riveramouth Bradshawside Wandaside Bradshawside Riveramouth Bridgesville Ponceville Mcculloughchester Crystalchester Smithmouth Robertborough Smithmouth Crystalchester Mcculloughchester Jonestown Kellyfort Tinatown Kellyfort Pittsland Kellyfort Jonestown Barbarachester Jonesberg Barbarachester Jonestown Mcculloughchester Ponceville Garymouth Camposstad Donaldstad Thomastown Donaldstad Camposstad Williamsville Camposstad Garymouth Christophertown Crystaltown Johnsontown Crystaltown Christophertown Garymouth Ponceville Beckyshire Hernandezville
50
Kellyfort Kellyfort
Johnsontown Johnsontown
Tammychester Tammychester
Johnsonmouth Johnsonmouth
Johnport Johnport
Charlesburgh Charlesburgh
Barbarachester Barbarachester
Belindamouth Belindamouth
Kristinbury Kristinbury
Donaldstad Donaldstad
Contrerasland Contrerasland
Tinatown Tinatown
Smithmouth Smithmouth
Hendersonchester Hendersonchester
Josephton Josephton
Rebeccaton Rebeccaton
Martinton Martinton
Thomasburgh Thomasburgh
Andrewland Andrewland
Emilymouth Emilymouth
Robertborough Robertborough
Tylermouth Tylermouth
Bradshawside Bradshawside
Wandaside Wandaside
Lopezview Lopezview
Brianland Brianland
Deborahfort Deborahfort
Wilsonburgh Wilsonburgh
Robertsfort Robertsfort
Aprilstad Aprilstad
Haasville Haasville
Keithton Keithton
Amberfurt Amberfurt
Adkinsfurt Adkinsfurt
Harristown Harristown
Huynhton Huynhton
Williamsville Williamsville
Morrisbury Morrisbury
Deanstad Deanstad
Pittsland Pittsland
Angelaview Angelaview
Thomastown Thomastown
Johnstonmouth Johnstonmouth
Jonesberg Jonesberg
Mcdonaldmouth Mcdonaldmouth
Allenberg Allenberg
Richardville Richardville
Sanchezland Sanchezland
Crystaltown Crystaltown
Francesmouth Francesmouth
