K H FS H B A GD H EJ BX DP GL O BJ DV BF EU CY B GC ED F X J CW C L BB AF EV E EO GR CM F EH AS R N CE FP Y EQ GF BG FM DZ AB EZ C FX DR A GG AG EG FU CQ A FR GK BQ CK FH CJ BR FG BI DB DX EM EA BP FJ P GJ A EC FE GI CT F BO J FV D AX I B DH DS AN F DC U DG EL DI DK AJ B GE EK T FO CB FZ G BA D BE BY V FI GO Z B M BL E AH AW FD EN AM CF K
100
B B
G G
I I
L L
M M
P P
R R
T T
U U
V V
X X
Y Y
Z Z
AB AB
AF AF
AG AG
AH AH
AJ AJ
AM AM
AN AN
AS AS
AW AW
AX AX
BA BA
BB BB
BE BE
BF BF
BG BG
BI BI
BJ BJ
BL BL
BO BO
BP BP
BQ BQ
BR BR
BX BX
BY BY
CB CB
CE CE
CF CF
CJ CJ
CK CK
CM CM
CQ CQ
CT CT
CW CW
CY CY
DB DB
DC DC
DG DG
DH DH
DI DI
DK DK
DP DP
DR DR
DS DS
DV DV
DX DX
DZ DZ
EA EA
EC EC
ED ED
EG EG
EH EH
EJ EJ
EK EK
EL EL
EM EM
EN EN
EO EO
EQ EQ
EU EU
EV EV
EZ EZ
FD FD
FE FE
FG FG
FH FH
FI FI
FJ FJ
FM FM
FO FO
FP FP
FR FR
FS FS
FU FU
FV FV
FX FX
FZ FZ
GC GC
GD GD
GE GE
GF GF
GG GG
GI GI
GJ GJ
GK GK
GL GL
GO GO
GR GR
