89 98 94 81 39 114 135 18 25 33 195 99 178 125 192 189 9 86 128 69 112 156 27 59 21 101 140 58 102 1 88 29 44 73 151 80 133 190 64 147 146 141 118 36 155 100 136 31 51 148 3 149 121 169 12 179 79 173 187 23 38 183 109 4 49 160 5 6 85 65 130 82 194 122 13 188 197 97 199 144 61 107 172 78 83 11 16 193 127 48 132 32 70 56 111 41 75 37 124 96 191 89
100
1 1
3 3
4 4
5 5
6 6
9 9
11 11
12 12
13 13
16 16
18 18
21 21
23 23
25 25
27 27
29 29
31 31
32 32
33 33
36 36
37 37
38 38
39 39
41 41
44 44
48 48
49 49
51 51
56 56
58 58
59 59
61 61
64 64
65 65
69 69
70 70
73 73
75 75
78 78
79 79
80 80
81 81
82 82
83 83
85 85
86 86
88 88
94 94
96 96
97 97
98 98
99 99
100 100
101 101
102 102
107 107
109 109
111 111
112 112
114 114
118 118
121 121
122 122
124 124
125 125
127 127
128 128
130 130
132 132
133 133
135 135
136 136
140 140
141 141
144 144
146 146
147 147
148 148
149 149
151 151
155 155
156 156
160 160
169 169
172 172
173 173
178 178
179 179
183 183
187 187
188 188
189 189
190 190
191 191
192 192
193 193
194 194
195 195
197 197
199 199
