149 000 001 002 013 024 031 044 036 047 048 047 036 041 030 020 010 000 149 060 062 070 067 070 071 068 071 070 062 054 063 064 063 072 073 086 087 089 087 088 084 072 063 090 097 090 063 054 053 056 066 056 053 050 051 054 063 072 073 085 073 072 063 054 059 054 062 070 069 070 062 054 063 079 078 079 063 065 063 079 078 083 078 077 076 080 076 077 078 079 063 054 051 060 149 000 001 002 013 024 025 026 027 028 038 037 036 041 030 020 010 000 149 100 101 102 104 102 101 100 149 060 051 052 056 053 054 063 090 097 096 099 091 090 063 072 073 086 073 072 063 054 063 079 078 077 076 081 076 077 078 079 063 054 051 060 149 100 105 109 111 109 105 100 149 060 149 100 107 116 121 122 123 125 140 142 140 119 116 115 116 107 100 149 000 001 002 013 024 015 006 015 024 013 002 001 000 149 100 101 103 101 100 107 116 117 126 117 116 107 100 149
36
006 006
142 142
026 026
031 031
037 037
048 048
050 050
053 053
054 054
056 056
059 059
060 060
064 064
065 065
066 066
067 067
068 068
069 069
078 078
079 079
080 080
081 081
083 083
085 085
086 086
088 088
089 089
091 091
096 096
097 097
103 103
104 104
111 111
115 115
123 123
126 126
