CorpusChristi CapeCoral Akron Beaumont Austin Asheville Durham Allentown Augusta Abilene Escondido Chattanooga Albany Davenport Aberdeen Deltona Albany BelAir Elkhart Champaign Anaheim CathedralCity Bremerton Denton Chicago Appleton Aberdeen Bridgeport Dallas BonitaSprings Alexandria Downey ElMonte Albany Denver Bryan Abilene Boulder Clearwater Charleston Canton Columbia Elizabeth Bloomington Aberdeen Carrollton Arvada Albuquerque Columbus Chandler AppleValley Aberdeen ColoradoSprings Aberdeen Danbury BoiseCity Abilene Brownsville DalyCity Akron ElPaso Cincinnati Amarillo Abilene CorpusChristi
50
Akron Akron
Albuquerque Albuquerque
Alexandria Alexandria
Amarillo Amarillo
Anaheim Anaheim
AppleValley AppleValley
Appleton Appleton
Arvada Arvada
Asheville Asheville
Augusta Augusta
Austin Austin
Beaumont Beaumont
BelAir BelAir
Bloomington Bloomington
BoiseCity BoiseCity
BonitaSprings BonitaSprings
Boulder Boulder
Bremerton Bremerton
Bridgeport Bridgeport
Brownsville Brownsville
Bryan Bryan
Canton Canton
CapeCoral CapeCoral
Carrollton Carrollton
CathedralCity CathedralCity
Champaign Champaign
Chandler Chandler
Charleston Charleston
Chattanooga Chattanooga
Chicago Chicago
Cincinnati Cincinnati
Clearwater Clearwater
ColoradoSprings ColoradoSprings
Columbia Columbia
Columbus Columbus
CorpusChristi CorpusChristi
Dallas Dallas
DalyCity DalyCity
Danbury Danbury
Davenport Davenport
Deltona Deltona
Denton Denton
Denver Denver
Downey Downey
Durham Durham
ElMonte ElMonte
ElPaso ElPaso
Elizabeth Elizabeth
Elkhart Elkhart
Escondido Escondido
