FortCollins Bakersfield AnnArbor Baltimore BonitaSprings Fargo Arvada Erie Aberdeen Louisville Lubbock Inglewood Hickory Albuquerque Indianapolis Garland GrandRapids Houston Fresno Kalamazoo Leominster Atlanta Manchester BoiseCity Eugene Albuquerque Henderson LittleRock Akron Abilene Aberdeen Barnstable Gilbert Jacksonville Augusta Cary Irving Lacey Brighton Fremont Fontana AppleValley Akron Elizabeth FortWaltonBeach Amarillo Alexandria Hampton Lakewood Lafayette Frederick Carrollton Albany Chandler DesMoines Abilene ColoradoSprings Layton Denver Albany Cleveland Austin Lorain CedarRapids DalyCity Bethlehem Beaumont Detroit Allentown Bremerton Bellevue Aberdeen Grayslake Hollywood Bradenton Dallas Jefferson Appleton Fayetteville Brownsville Lancaster Anchorage Akron Fairfield Joliet LasCruces Danbury Evansville Abilene Chicago Abilene Burbank Akron Elkhart Champaign Harrisburg Irvine Kennewick Anaheim Independence Aberdeen Lakeland Abilene Boise CollegeStation Aberdeen DavidsonCounty Berkeley ElMonte Aberdeen CapeCoral Aberdeen ElPaso Hemet Knoxville Harlingen FortCollins
100
Aberdeen Aberdeen
Abilene Abilene
Akron Akron
Albuquerque Albuquerque
Alexandria Alexandria
Allentown Allentown
Amarillo Amarillo
Anaheim Anaheim
Anchorage Anchorage
AnnArbor AnnArbor
AppleValley AppleValley
Appleton Appleton
Arvada Arvada
Atlanta Atlanta
Augusta Augusta
Austin Austin
Bakersfield Bakersfield
Baltimore Baltimore
Barnstable Barnstable
Beaumont Beaumont
Bellevue Bellevue
Berkeley Berkeley
Bethlehem Bethlehem
Boise Boise
BoiseCity BoiseCity
BonitaSprings BonitaSprings
Bradenton Bradenton
Bremerton Bremerton
Brighton Brighton
Brownsville Brownsville
Burbank Burbank
CapeCoral CapeCoral
Carrollton Carrollton
Cary Cary
CedarRapids CedarRapids
Champaign Champaign
Chandler Chandler
Chicago Chicago
Cleveland Cleveland
CollegeStation CollegeStation
ColoradoSprings ColoradoSprings
Dallas Dallas
DalyCity DalyCity
Danbury Danbury
DavidsonCounty DavidsonCounty
Denver Denver
DesMoines DesMoines
Detroit Detroit
ElMonte ElMonte
ElPaso ElPaso
Elizabeth Elizabeth
Elkhart Elkhart
Erie Erie
Eugene Eugene
Evansville Evansville
Fairfield Fairfield
Fargo Fargo
Fayetteville Fayetteville
Fontana Fontana
FortCollins FortCollins
FortWaltonBeach FortWaltonBeach
Frederick Frederick
Fremont Fremont
Fresno Fresno
Garland Garland
Gilbert Gilbert
GrandRapids GrandRapids
Grayslake Grayslake
Hampton Hampton
Harlingen Harlingen
Harrisburg Harrisburg
Hemet Hemet
Henderson Henderson
Hickory Hickory
Hollywood Hollywood
Houston Houston
Independence Independence
Indianapolis Indianapolis
Inglewood Inglewood
Irvine Irvine
Irving Irving
Jacksonville Jacksonville
Jefferson Jefferson
Joliet Joliet
Kalamazoo Kalamazoo
Kennewick Kennewick
Knoxville Knoxville
Lacey Lacey
Lafayette Lafayette
Lakeland Lakeland
Lakewood Lakewood
Lancaster Lancaster
LasCruces LasCruces
Layton Layton
Leominster Leominster
LittleRock LittleRock
Lorain Lorain
Louisville Louisville
Lubbock Lubbock
Manchester Manchester
