152 184 1 85 96 8 136 87 142 28 19 169 134 165 73 9 92 14 41 149 21 163 31 94 151 143 20 12 21 58 7 90 116 5 56 5 113 5 182 5 9 181 3 126 37 101 139 65 144 6 38 3 42 13 20 105 4 89 60 145 4 121 157 175 11 45 79 27 97 171 66 180 130 172 51 111 168 9 31 112 53 11 54 170 29 78 2 0 95 35 166 81 9 183 50 153 75 152
73
0 0
130 130
2 2
5 5
134 134
136 136
9 9
8 8
139 139
12 12
13 13
142 142
143 143
144 144
145 145
149 149
151 151
153 153
27 27
28 28
157 157
31 31
163 163
35 35
37 37
165 165
166 166
168 168
169 169
170 170
41 41
172 172
45 45
171 171
175 175
42 42
50 50
51 51
180 180
53 53
182 182
183 183
56 56
184 184
58 58
181 181
60 60
54 54
38 38
65 65
66 66
73 73
75 75
78 78
79 79
81 81
85 85
87 87
89 89
90 90
92 92
94 94
95 95
96 96
97 97
101 101
105 105
111 111
112 112
113 113
116 116
121 121
126 126
