4HOMU 2BUI5 7GA8O C45HH 5ZO5F RU85S OKGKQ FC0PR ZZZQW X180A 768ZF K50JQ DDXG0 768ZF 945CN EDSMH L2GJ5 M1HJR OIPRN C7WKJ OKGKQ 0U9HU 945CN SKPO7 HZHRA 50J5H 945CN FRZVP 4WDJE 45JXE L2PQE IF7TL OKGKQ PMFJ2 OKGKQ PXCIN ZN2EP L87XM XEEQB L87XM C8O6I L87XM CM5WA ZHSBU WXZHF LKP22 SA6G0 PYPSO L2GJ5 61QWU 6WOBI L2GJ5 W2M5C IZESQ 7U3JG V22SY L2PQE TBPBM OKGKQ H1LTE 52MNN LEBVZ 2C63O WP2MA Q7FCL V8GEC 7Y5B6 A1QRL AT3CI L2PQE TY0L7 UW44H W2H22 SL5A0 6OA3K PTADN YJ67U L2PQE Q5DAA L2PQE RAAD4 L2PQE DCHO3 ZRPB5 T9O11 L87XM VHCFR Y61KP SL5A0 DOLRQ 0D2BR JXLE1 OKGKQ BE5V8 OKGKQ TCC7B OKGKQ FCYPJ KC9RF SL5A0 3AIXW TI35I 0VPRW SHOOM 9FD5I MC71K NPDI9 WI88U P419D 53Y1R L2PQE WZB33 L2PQE ZZH8Z LIRLU BVMDZ DTPF4 8EXDQ SL5A0 8CLEZ 945CN CFGE5 SYV5N 2C63O OLLV9 69BJO 1RS2N HWKGJ TORQI LLTLN 2C63O 6ACGE KOYRV 945CN KOYRV OKGKQ ELH5L 9WSXC 2C63O 1F0YL SYV5N 4HOMU
100
L2PQE L2PQE
945CN 945CN
L2GJ5 L2GJ5
2C63O 2C63O
SYV5N SYV5N
768ZF 768ZF
RU85S RU85S
KOYRV KOYRV
XEEQB XEEQB
KC9RF KC9RF
ZN2EP ZN2EP
45JXE 45JXE
UW44H UW44H
0D2BR 0D2BR
M1HJR M1HJR
LIRLU LIRLU
1F0YL 1F0YL
DOLRQ DOLRQ
50J5H 50J5H
WP2MA WP2MA
CFGE5 CFGE5
Q7FCL Q7FCL
0VPRW 0VPRW
SHOOM SHOOM
HWKGJ HWKGJ
6ACGE 6ACGE
DTPF4 DTPF4
7GA8O 7GA8O
7U3JG 7U3JG
BE5V8 BE5V8
TY0L7 TY0L7
W2M5C W2M5C
SA6G0 SA6G0
WI88U WI88U
TORQI TORQI
ZHSBU ZHSBU
DCHO3 DCHO3
RAAD4 RAAD4
FRZVP FRZVP
HZHRA HZHRA
53Y1R 53Y1R
TI35I TI35I
Y61KP Y61KP
9WSXC 9WSXC
C7WKJ C7WKJ
P419D P419D
NPDI9 NPDI9
ZZH8Z ZZH8Z
IF7TL IF7TL
V22SY V22SY
PXCIN PXCIN
K50JQ K50JQ
JXLE1 JXLE1
H1LTE H1LTE
PTADN PTADN
DDXG0 DDXG0
IZESQ IZESQ
2BUI5 2BUI5
3AIXW 3AIXW
1RS2N 1RS2N
0U9HU 0U9HU
WZB33 WZB33
4WDJE 4WDJE
Q5DAA Q5DAA
8EXDQ 8EXDQ
W2H22 W2H22
FCYPJ FCYPJ
PYPSO PYPSO
CM5WA CM5WA
6WOBI 6WOBI
AT3CI AT3CI
SKPO7 SKPO7
ZRPB5 ZRPB5
T9O11 T9O11
LEBVZ LEBVZ
61QWU 61QWU
C45HH C45HH
69BJO 69BJO
ELH5L ELH5L
52MNN 52MNN
X180A X180A
OLLV9 OLLV9
WXZHF WXZHF
OIPRN OIPRN
MC71K MC71K
BVMDZ BVMDZ
6OA3K 6OA3K
FC0PR FC0PR
C8O6I C8O6I
LLTLN LLTLN
A1QRL A1QRL
YJ67U YJ67U
V8GEC V8GEC
PMFJ2 PMFJ2
8CLEZ 8CLEZ
TBPBM TBPBM
LKP22 LKP22
TCC7B TCC7B
EDSMH EDSMH
VHCFR VHCFR
