cy4fm YTtfA hOy4D 7Lw2B gk2cW KYsbm Ib5xu GHZOS Dkq13 7XIxZ u4uj9 lA2MC FkLYM uWr4y C565q 2Fhi4 vSPJ5 yFKGt P3lE7 8RNd8 di7h7 BoNoJ 8aYYW 19YKC dU1Ub Vjg5l w4BF1 OoKEI NvAYI KYsbm X6hJp yFKGt kbRYl 1H2uK 19YKC P8Fbf 19YKC 5rdYI k9NwV yMPWG C565q uT5W0 6ceXl dwc7b tao9t u4uj9 Cfmbw JrJcE LNh60 JrJcE Iks3D Xhpv3 yFKGt 3iQ53 F2nEN 19YKC rUUVt 2Fhi4 nogr2 AWuA9 NvAYI TXvJf dU1Ub 19YKC C0eRL 7XIxZ BoNoJ 7l0Vw 1H2uK jse5F u4uj9 wdXpe F2nEN qt5AA S6OMl zQjQm P8Fbf DCl5F 7Lw2B OFvld EWhpw 8RNd8 yMPWG G6G4p EWhpw FnVf8 7Lw2B w4BF1 FkLYM IjjWK JrJcE cy4fm
50
7XIxZ 7XIxZ
NvAYI NvAYI
C565q C565q
1H2uK 1H2uK
wdXpe wdXpe
OoKEI OoKEI
di7h7 di7h7
yMPWG yMPWG
tao9t tao9t
6ceXl 6ceXl
KYsbm KYsbm
nogr2 nogr2
Xhpv3 Xhpv3
19YKC 19YKC
yFKGt yFKGt
OFvld OFvld
8RNd8 8RNd8
8aYYW 8aYYW
7l0Vw 7l0Vw
EWhpw EWhpw
F2nEN F2nEN
IjjWK IjjWK
kbRYl kbRYl
P3lE7 P3lE7
BoNoJ BoNoJ
qt5AA qt5AA
dU1Ub dU1Ub
w4BF1 w4BF1
Iks3D Iks3D
uWr4y uWr4y
lA2MC lA2MC
hOy4D hOy4D
LNh60 LNh60
G6G4p G6G4p
DCl5F DCl5F
FnVf8 FnVf8
3iQ53 3iQ53
Vjg5l Vjg5l
gk2cW gk2cW
uT5W0 uT5W0
GHZOS GHZOS
C0eRL C0eRL
5rdYI 5rdYI
jse5F jse5F
zQjQm zQjQm
rUUVt rUUVt
P8Fbf P8Fbf
X6hJp X6hJp
Cfmbw Cfmbw
vSPJ5 vSPJ5
