E5QfM 3rGcS hWCGd HQft6 eo9RR 05SJr lPMDV 4HmGm kK9KO 4HmGm 76Tmp nRWIs VzbsN UAJ0O f1Y6z 8TDB7 wJ1Uh beqJL KtuGJ JumrS 4HmGm sBCEV jGP1H uUlBE bgK6r PqcOh i0LV1 beqJL GLYoA 76Tmp Ln4EG lGTR3 4HmGm E5QfM
25
4HmGm 4HmGm
lGTR3 lGTR3
76Tmp 76Tmp
uUlBE uUlBE
jGP1H jGP1H
nRWIs nRWIs
GLYoA GLYoA
beqJL beqJL
VzbsN VzbsN
f1Y6z f1Y6z
sBCEV sBCEV
PqcOh PqcOh
KtuGJ KtuGJ
hWCGd hWCGd
bgK6r bgK6r
UAJ0O UAJ0O
eo9RR eo9RR
Ln4EG Ln4EG
wJ1Uh wJ1Uh
kK9KO kK9KO
lPMDV lPMDV
8TDB7 8TDB7
3rGcS 3rGcS
i0LV1 i0LV1
05SJr 05SJr
