fab8g TjmY2 KzS0e xoAtW XDGuI BJ1iC H6HgM obqW1 ZlgGe mgHYN 77EXR fr0Bd H6HgM BybTG rzyrR F7m3U cQMFl wKKkJ RhMSo b4E7v rzyrR nScgp dAx9s aiycm 1pNjr vonuO cm8oa l0HDP pnHil cDkiZ TtUXd 1rURn P5ucv zgyDJ 1SvIs pnHil 5Ix1v BWyM2 Upoa8 9ZatH f5Qx2 lJJK2 VUKiE 0YoJb zgyDJ 3XMfZ 7J90B 3XMfZ Bw1D7 TjmY2 rzyrR AGorf HaHFT g1WJz LEdo3 lcarA zgyDJ c17Qf yM9nQ 4Dy05 TQZik 4cLlE G91ym 2Z0oU 4cLlE RnwlC Upoa8 iy8Ty Upoa8 adW6k G944F f5Qx2 Vjk2Z I7fCS eDWES Q0oXi kCdcu H6HgM PpZP8 Lqz0g O1QPI Gt2w1 KWmhW VUKiE tEdSo 4Dy05 1xx4U VUKiE tQXF5 f5Qx2 4GEPG 9ZatH 3FUsL bepE0 Flgse bepE0 wPPZK gwQSf Gt2w1 8xyrX lJfgZ 9u8oD zgyDJ wiGnS Gt2w1 1OpM2 x8KLa 77EXR RgC1Q HigE0 VUKiE zgyDJ 8PY0r GHmnJ VUKiE sF84c HKgVO H6HgM ciJ7c 4b2sA VIl39 HigE0 pesnn Lqz0g fhc2k Lqz0g KB016 pnHil o4F0A qchZ3 pnHil n9AEE B3NSd zgyDJ nRTkO 8tK4L zgyDJ HaHFT 4ORRk 4cLlE Nbb6U pnHil bD2TR 0SCRq guI5B 015ql DHhK9 uQK8T TjmY2 f5Qx2 vonuO cQMFl HaHFT H6HgM L54Jg H6HgM CT8M8 FW6DI LBzlR fab8g
100
H6HgM H6HgM
f5Qx2 f5Qx2
VUKiE VUKiE
rzyrR rzyrR
cQMFl cQMFl
Gt2w1 Gt2w1
g1WJz g1WJz
RgC1Q RgC1Q
3XMfZ 3XMfZ
9ZatH 9ZatH
Lqz0g Lqz0g
bepE0 bepE0
B3NSd B3NSd
G91ym G91ym
mgHYN mgHYN
4GEPG 4GEPG
3FUsL 3FUsL
ZlgGe ZlgGe
fab8g fab8g
Flgse Flgse
ciJ7c ciJ7c
yM9nQ yM9nQ
HaHFT HaHFT
F7m3U F7m3U
Bw1D7 Bw1D7
Vjk2Z Vjk2Z
o4F0A o4F0A
sF84c sF84c
nScgp nScgp
cm8oa cm8oa
cDkiZ cDkiZ
lJJK2 lJJK2
KWmhW KWmhW
wiGnS wiGnS
RhMSo RhMSo
BJ1iC BJ1iC
Nbb6U Nbb6U
BWyM2 BWyM2
qchZ3 qchZ3
kCdcu kCdcu
RnwlC RnwlC
TQZik TQZik
wKKkJ wKKkJ
bD2TR bD2TR
c17Qf c17Qf
uQK8T uQK8T
KzS0e KzS0e
G944F G944F
PpZP8 PpZP8
gwQSf gwQSf
b4E7v b4E7v
iy8Ty iy8Ty
Q0oXi Q0oXi
lJfgZ lJfgZ
2Z0oU 2Z0oU
CT8M8 CT8M8
lcarA lcarA
KB016 KB016
015ql 015ql
tEdSo tEdSo
1xx4U 1xx4U
VIl39 VIl39
1SvIs 1SvIs
fhc2k fhc2k
LBzlR LBzlR
fr0Bd fr0Bd
8xyrX 8xyrX
adW6k adW6k
L54Jg L54Jg
HKgVO HKgVO
FW6DI FW6DI
1OpM2 1OpM2
n9AEE n9AEE
XDGuI XDGuI
AGorf AGorf
4b2sA 4b2sA
O1QPI O1QPI
tQXF5 tQXF5
dAx9s dAx9s
4ORRk 4ORRk
0YoJb 0YoJb
TtUXd TtUXd
aiycm aiycm
8tK4L 8tK4L
7J90B 7J90B
GHmnJ GHmnJ
P5ucv P5ucv
obqW1 obqW1
DHhK9 DHhK9
x8KLa x8KLa
guI5B guI5B
eDWES eDWES
pesnn pesnn
BybTG BybTG
1pNjr 1pNjr
l0HDP l0HDP
9u8oD 9u8oD
nRTkO nRTkO
8PY0r 8PY0r
5Ix1v 5Ix1v
