10 59 15 53 30 52 30 88 14 64 65 26 96 26 40 66 97 98 7 46 77 76 44 11 79 78 22 81 23 80 19 8 61 93 60 8 13 67 43 62 94 95 63 2 82 83 18 90 55 54 89 3 15 68 69 13 23 74 75 1 45 73 72 3 70 3 71 41 84 85 31 91 56 9 57 4 50 86 87 51 16 92 10 58 10
49
50 50
51 51
52 52
53 53
54 54
55 55
56 56
57 57
58 58
59 59
60 60
61 61
62 62
63 63
64 64
65 65
66 66
67 67
68 68
69 69
70 70
71 71
72 72
73 73
74 74
75 75
76 76
77 77
78 78
79 79
80 80
81 81
82 82
83 83
84 84
85 85
86 86
87 87
88 88
89 89
90 90
91 91
92 92
93 93
94 94
95 95
96 96
97 97
98 98
