55 25 70 6 36 13 37 0 107 3 98 3 21 27 2 52 2 57 2 80 45 0 87 102 0 11 93 0 89 0 51 0 67 42 20 0 9 23 77 1 39 83 92 96 106 0 73 0 54 71 29 4 3 0 15 81 58 2 63 0 35 0 44 1 100 69 0 41 65 0 62 3 60 16 48 110 7 85 112 49 0 46 90 5 75 4 2 72 0 79 32 103 1 61 1 108 0 4 0 31 18 1 99 104 34 12 94 55
74
2 2
3 3
4 4
6 6
7 7
9 9
11 11
12 12
13 13
15 15
16 16
18 18
20 20
21 21
23 23
25 25
27 27
29 29
31 31
32 32
34 34
35 35
36 36
37 37
39 39
41 41
42 42
44 44
45 45
46 46
48 48
49 49
51 51
52 52
54 54
55 55
57 57
58 58
60 60
61 61
62 62
63 63
65 65
67 67
69 69
70 70
71 71
72 72
73 73
75 75
77 77
79 79
80 80
81 81
83 83
85 85
87 87
89 89
90 90
92 92
93 93
94 94
96 96
98 98
99 99
100 100
102 102
103 103
104 104
106 106
107 107
108 108
110 110
112 112
