Soda Etcheverry SanDiego Cory Tako Upland SanMiguel Bechtel Saturn Soda Perris Soda Tijuana Cory CafeTibet Dwinelle SouthGate SanBernardino Cory Compton Whittier Soda TripleRock BayStreet Dwinelle CREAM Cory Rasputin Cory VictoryPoint ElGrullo Soda Venus DeltaDelta InternationalHouse Riverside Guadalajara Davis Ashby BerkeleyHigh Cory ChezPanisse DKingGallery Soda BerkeleyHillel Etcheverry AlphaChi Talpa Cory AlphaCentauri Cory Myto Soda Pomona Jupiter Cory Tang SigmaKappa Platano Tuhuamixtel Cancun MexicoCity Sacramento Soda Jalisco SantaBarbara Mars LosAngeles Fontana Kips Emeryville Tuxcacuesco Gregoire Chino FantasticComics Dwinelle ChiOmega Irvine Soda BAMPFA Soda
55
DeltaDelta DeltaDelta
InternationalHouse InternationalHouse
BerkeleyHillel BerkeleyHillel
BerkeleyHigh BerkeleyHigh
Jupiter Jupiter
Mars Mars
Venus Venus
Saturn Saturn
AlphaCentauri AlphaCentauri
Gregoire Gregoire
BayStreet BayStreet
Emeryville Emeryville
Pomona Pomona
Compton Compton
Ashby Ashby
Perris Perris
Fontana Fontana
SanBernardino SanBernardino
Upland Upland
Chino Chino
Whittier Whittier
SouthGate SouthGate
Tijuana Tijuana
SanDiego SanDiego
Jalisco Jalisco
Guadalajara Guadalajara
SanMiguel SanMiguel
Tuxcacuesco Tuxcacuesco
Talpa Talpa
ElGrullo ElGrullo
MexicoCity MexicoCity
Tuhuamixtel Tuhuamixtel
Myto Myto
Kips Kips
TripleRock TripleRock
Rasputin Rasputin
CREAM CREAM
Tako Tako
Tang Tang
Cancun Cancun
DKingGallery DKingGallery
BAMPFA BAMPFA
Platano Platano
CafeTibet CafeTibet
FantasticComics FantasticComics
SantaBarbara SantaBarbara
Sacramento Sacramento
LosAngeles LosAngeles
Irvine Irvine
Riverside Riverside
VictoryPoint VictoryPoint
ChezPanisse ChezPanisse
ChiOmega ChiOmega
SigmaKappa SigmaKappa
AlphaChi AlphaChi
