Soda Cory BWW Cory Unit1 Doe Soda Barrows GBC Hertz BC Blackwell TheRoof Davis Unit2 MainStacks Dwinelle Mulford Wheeler Etcheverry Wellman Soda GoldenStatePark Unit3 Etcheverry MemorialStadium Etcheverry MLK Stephans LakeMerrit ClarkKerr Dwinelle Morgan Cory Haas RSF Etcheverry Sproul Foothill Soda
26
Doe Doe
Wheeler Wheeler
Stephans Stephans
Haas Haas
Hertz Hertz
Barrows Barrows
RSF RSF
Sproul Sproul
GBC GBC
MLK MLK
BWW BWW
MemorialStadium MemorialStadium
MainStacks MainStacks
Morgan Morgan
Mulford Mulford
Wellman Wellman
Unit1 Unit1
Unit2 Unit2
Unit3 Unit3
Blackwell Blackwell
BC BC
Foothill Foothill
ClarkKerr ClarkKerr
LakeMerrit LakeMerrit
GoldenStatePark GoldenStatePark
TheRoof TheRoof
