5 4 33 137 42 165 173 165 63 165 193 29 164 29 78 80 6 173 61 20 35 56 133 68 133 56 146 167 171 112 10 135 14 110 35 26 35 22 44 86 85 184 13 143 77 196 77 140 2 76 102 55 170 159 50 134 116 134 99 1 101 174 25 18 53 199 48 46 20 94 39 92 16 74 154 187 74 31 13 141 194 51 183 69 153 69 138 34 9 34 151 19 81 76 156 15 167 16 74 75 87 152 58 1 168 18 177 100 78 179 32 166 122 48 199 170 199 83 104 171 105 17 30 25 142 188 35 22 127 96 192 18 177 37 64 191 91 178 71 131 41 67 47 158 45 14 45 47 43 62 180 28 149 90 159 5 103 189 103 162 52 121 157 22 42 123 1 117 11 20 35 5
100
1 1
2 2
9 9
10 10
11 11
14 14
16 16
17 17
18 18
20 20
22 22
25 25
26 26
28 28
31 31
32 32
33 33
34 34
37 37
39 39
41 41
42 42
43 43
44 44
46 46
47 47
48 48
50 50
51 51
52 52
53 53
55 55
56 56
58 58
61 61
63 63
64 64
67 67
68 68
69 69
71 71
75 75
76 76
77 77
78 78
80 80
81 81
83 83
85 85
91 91
92 92
96 96
99 99
100 100
101 101
102 102
103 103
104 104
105 105
110 110
116 116
122 122
123 123
133 133
135 135
137 137
138 138
140 140
143 143
146 146
149 149
151 151
152 152
153 153
154 154
156 156
157 157
158 158
159 159
162 162
164 164
168 168
170 170
171 171
173 173
174 174
177 177
178 178
179 179
180 180
183 183
184 184
187 187
188 188
189 189
192 192
193 193
194 194
196 196
199 199
