2 67 2 14 86 14 29 11 29 62 72 5 72 7 17 70 28 37 65 41 25 35 11 23 98 6 50 81 3 81 79 16 40 16 76 91 63 10 44 38 54 31 24 89 30 89 96 49 1 49 66 33 10 15 74 22 88 4 5 23 83 13 34 59 32 23 18 71 3 29 34 61 69 42 69 60 0 19 94 19 47 58 45 2
50
0 0
1 1
3 3
4 4
5 5
7 7
10 10
11 11
13 13
14 14
16 16
17 17
23 23
24 24
25 25
28 28
29 29
30 30
31 31
34 34
35 35
38 38
40 40
41 41
42 42
44 44
47 47
50 50
58 58
59 59
60 60
61 61
62 62
63 63
65 65
66 66
67 67
69 69
70 70
71 71
72 72
74 74
76 76
81 81
83 83
86 86
88 88
94 94
96 96
98 98
