COM HND HTI CAN REU GUM HKG IDN LTU LUX CPV SHN IDN MMR NPL SGP RUS BLZ BEN BRB BRA MYT POL ARE POL MEX HUN KHM SGS NZL SGS RWA DMA DJI MUS SGS PRK NIU PRY SJM NIC MSR MTQ NER ISR ITA MWI ATG SLE LUX SLE QAT MAC IDN KOR LVA COG CRI JPN LBN IDN RUS BLZ BLM BOL BGD AUT NER COM COK SHN GRC PRY MOZ PRY PNG GNQ PNG NIC NGA FSM ESP GEO GHA GIB EST SAU GUM MMR NPL PAK PRY BIH BHS BLR AZE BRA MYT LUX LIE CHN COD PYF SDN REU AFG REU HUN NGA FSM NGA NIC AUS NIC COM PAN RUS SGP ALA SGP SAU EST EGY MYS MWI GUF KAZ SGS SLB NFK ALB QAT MAC MAR SJM JOR JEY NGA FSM GIN FRA GIN FSM FIN FRO PSE GNB KWT LKA RWA RUS CAN CIV CAF SAU REU COM PSE PRY NIU IRN NIU PRY MDA MLT SGP LAO SGP NPL NRU PNG NIC IRL IOT IRN MYS DZA NCL HTI HRV ROU CHN HTI HMD MDG NIC ABW NIC SJM RWA MNG MLI HUN GMB PCN PRY NOR NGA BMU NGA CZE CYP DEU CXR DEU CZE NGA FSM FIN GAB FIN FSM NGA NFK NGA ARG ARM MYT BRA BEL BDI BRN BLZ RUS IDN KNA IDN MEX SHN IDN COL COM PSE FRO ECU ESH GBR GHA EGY MYS MYT LUX LBR LUX MYT BRA BEL BHR BOL BMU NGA NOR COM
100
SHN SHN
SGS SGS
SDN SDN
RWA RWA
RUS RUS
REU REU
PSE PSE
PRY PRY
POL POL
PNG PNG
PAN PAN
PAK PAK
NZL NZL
NRU NRU
NPL NPL
NIU NIU
NIC NIC
NFK NFK
NER NER
MYT MYT
MTQ MTQ
MOZ MOZ
MMR MMR
MLI MLI
MEX MEX
MDA MDA
MAR MAR
MAC MAC
LUX LUX
LTU LTU
LKA LKA
LIE LIE
LBR LBR
LBN LBN
LAO LAO
KWT KWT
KOR KOR
KNA KNA
KHM KHM
KAZ KAZ
JPN JPN
JEY JEY
ITA ITA
IRN IRN
IRL IRL
IOT IOT
IDN IDN
HUN HUN
HTI HTI
HRV HRV
HND HND
HMD HMD
HKG HKG
GUM GUM
GRC GRC
GNQ GNQ
GMB GMB
GIN GIN
GIB GIB
GHA GHA
GEO GEO
GBR GBR
GAB GAB
FSM FSM
FRA FRA
FIN FIN
ESP ESP
ESH ESH
EGY EGY
ECU ECU
DZA DZA
DMA DMA
DJI DJI
DEU DEU
CYP CYP
CXR CXR
CPV CPV
COL COL
COK COK
COG COG
COD COD
CIV CIV
CHN CHN
CAN CAN
CAF CAF
BMU BMU
BLM BLM
BHS BHS
BHR BHR
BEN BEN
BDI BDI
AZE AZE
AUS AUS
ATG ATG
ARM ARM
ARE ARE
ALB ALB
ALA ALA
AFG AFG
ABW ABW
