DZA GIB GEO HND DMA ATA DMA BLR BEN BLR BES BRB BLZ GUY HMD HRV GRD HRV COG GTM HKG GMB ALB GMB CAN CAF BVT COL CCK COL GRC GUY BRN COD BGR BDI BRB AUT GNQ GUY CUB CYP CYM ARE DNK AFG ABW AFG CYP ASM ATF ATA DMA DJI GIB FIN ERI FSM GHA GIN FLK CAN COG CHE CHL GBR ECU FRA GLP HMD BEL BFA BLM BHS DOM CUW DNK CZE CYM BGD CYM CXR CYM GRD GUM BHS DOM AUS GUY EST FRO GEO HND GTM ESP AND ALB ARG ALB DZA
50
HND HND
HMD HMD
HKG HKG
GRD GRD
GRC GRC
GNQ GNQ
GLP GLP
GHA GHA
GEO GEO
GBR GBR
FSM FSM
FRO FRO
FRA FRA
FLK FLK
FIN FIN
ERI ERI
ECU ECU
DOM DOM
DNK DNK
DJI DJI
CZE CZE
CYM CYM
CXR CXR
CUW CUW
CUB CUB
COG COG
COD COD
CHE CHE
CCK CCK
CAN CAN
CAF CAF
BVT BVT
BRN BRN
BRB BRB
BLR BLR
BLM BLM
BHS BHS
BGD BGD
BFA BFA
BES BES
BEN BEN
BDI BDI
AUS AUS
ATF ATF
ATA ATA
ARG ARG
ARE ARE
AND AND
ALB ALB
ABW ABW
