Soda 152 107 133 102 130 193 175 113 136 165 159 150 114 181 100 185 118 145 173 115 106 163 184 188 197 103 112 161 155 99 127 144 122 4 179 141 Soda 124 195 147 183 157 182 190 128 105 170 192 151 132 177 121 1 137 149 109 168 143 146 198 187 189 134 125 162 153 158 123 191 129 171 140 Soda 196 194 110 160 111 108 167 166 1 169 186 116 172 142 135 120 117 138 180 119 164 154 139 104 178 131 126 148 174 176 156 101 Soda
100
99 99
100 100
101 101
102 102
103 103
104 104
105 105
106 106
107 107
108 108
109 109
110 110
111 111
112 112
113 113
114 114
115 115
116 116
117 117
118 118
119 119
120 120
121 121
122 122
123 123
124 124
125 125
126 126
127 127
128 128
129 129
130 130
131 131
132 132
133 133
134 134
135 135
136 136
137 137
138 138
139 139
140 140
141 141
142 142
143 143
144 144
145 145
146 146
147 147
148 148
149 149
150 150
151 151
152 152
153 153
154 154
155 155
156 156
157 157
158 158
159 159
160 160
161 161
162 162
163 163
164 164
165 165
166 166
167 167
168 168
169 169
170 170
171 171
172 172
173 173
174 174
175 175
176 176
177 177
178 178
179 179
180 180
181 181
182 182
183 183
184 184
185 185
186 186
187 187
188 188
189 189
190 190
191 191
192 192
193 193
194 194
195 195
196 196
197 197
198 198
