Wurster Gilman Parking Silver Brain Recreational Visitor Raleigh Pennsylvania Hazardous Sutardja Frank Optometry Moffitt Stanley Chan Nevada Idaho Pitzer Blackwell Oregon Massachusetts California Maxwell Alabama Anthony North Honolulu Boston Salem Juneau Goldman Florida Tennessee Hilgard Kleeberger Spieker Indianapolis Vermont Montgomery Observatory McLaughlin Moses Barrows Class Cory Hesse Simpson Sather Simon Wurster
50
Wurster Wurster
Barrows Barrows
Class Class
Simon Simon
Hilgard Hilgard
Hesse Hesse
Visitor Visitor
Alabama Alabama
Montgomery Montgomery
Tennessee Tennessee
Kleeberger Kleeberger
Goldman Goldman
Moses Moses
Recreational Recreational
California California
Moffitt Moffitt
Blackwell Blackwell
Boston Boston
Indianapolis Indianapolis
Salem Salem
Brain Brain
Massachusetts Massachusetts
Spieker Spieker
Honolulu Honolulu
Maxwell Maxwell
Optometry Optometry
Raleigh Raleigh
Juneau Juneau
Observatory Observatory
Pennsylvania Pennsylvania
Parking Parking
Vermont Vermont
McLaughlin McLaughlin
Frank Frank
Pitzer Pitzer
Oregon Oregon
Stanley Stanley
Hazardous Hazardous
Chan Chan
Sutardja Sutardja
Idaho Idaho
Anthony Anthony
Simpson Simpson
Cory Cory
Gilman Gilman
Sather Sather
Florida Florida
North North
Nevada Nevada
Silver Silver
