Rhode Morrison Foothill Montana Silver Donner Observatory Simpson Mississippi Chvez Concord Hearst Energy Topeka West Salt CNMAT Mulford Durant Maryland Birge Durham Baton Michigan Berkeley Bowles Montgomery Jefferson Annapolis Hartford Heating Jones Oregon Richmond Jacobs Tang Hargrove Moffitt Etcheverry Life BART University Hawaii Nashville Chou Sproul Cory Warren Maxwell Providence Barrows McEnerney Boalt Utah Stadium Bancroft Krutch LeConte Valley International Wisconsin Columbus Minnesota Illinois Simon East Grinnell Columbia Austin Trenton Clark Police McLaughlin Kentucky Cleary Madison Santa Harrisburg Nevada Lansing Hertz Florida Springer Blackwell Brain Insectary Olympia Haste Campanile Tennessee Hellman Martin Edwards Cheyenne Moses Lower Pennsylvania Little Mathematical Class Rhode
100
Rhode Rhode
Olympia Olympia
Kentucky Kentucky
McEnerney McEnerney
Cheyenne Cheyenne
East East
University University
Valley Valley
Harrisburg Harrisburg
Hellman Hellman
Martin Martin
Donner Donner
Life Life
Campanile Campanile
Michigan Michigan
Baton Baton
Silver Silver
Moses Moses
Grinnell Grinnell
Cory Cory
CNMAT CNMAT
Cleary Cleary
Warren Warren
Nevada Nevada
Columbia Columbia
BART BART
Austin Austin
Blackwell Blackwell
Bowles Bowles
Tang Tang
Simpson Simpson
Oregon Oregon
Krutch Krutch
Florida Florida
LeConte LeConte
Simon Simon
Berkeley Berkeley
Brain Brain
Class Class
Heating Heating
Annapolis Annapolis
Jefferson Jefferson
Utah Utah
Durham Durham
Energy Energy
Pennsylvania Pennsylvania
Maryland Maryland
West West
Hawaii Hawaii
Edwards Edwards
Santa Santa
Salt Salt
Columbus Columbus
Wisconsin Wisconsin
Birge Birge
Mathematical Mathematical
Mississippi Mississippi
Lower Lower
Lansing Lansing
Clark Clark
Illinois Illinois
Montgomery Montgomery
Mulford Mulford
Madison Madison
Etcheverry Etcheverry
Richmond Richmond
Tennessee Tennessee
Maxwell Maxwell
Providence Providence
Chvez Chvez
Springer Springer
Observatory Observatory
Durant Durant
Little Little
Hertz Hertz
Police Police
Chou Chou
Bancroft Bancroft
Minnesota Minnesota
Hargrove Hargrove
Montana Montana
Moffitt Moffitt
Jones Jones
Hartford Hartford
Trenton Trenton
McLaughlin McLaughlin
Concord Concord
Sproul Sproul
Boalt Boalt
Stadium Stadium
Insectary Insectary
Foothill Foothill
Haste Haste
Jacobs Jacobs
Hearst Hearst
Morrison Morrison
International International
Barrows Barrows
Nashville Nashville
Topeka Topeka
