Donner Santa Gayley Recreational Old Illinois Iowa Wurster Minnesota Cyclotron Juneau Haas Ishi Haste Topeka Foothill Life Optometry McCone Providence North Helena Phoenix Gilman Tallahassee Donner
25
Donner Donner
Cyclotron Cyclotron
Helena Helena
North North
McCone McCone
Juneau Juneau
Wurster Wurster
Optometry Optometry
Haas Haas
Santa Santa
Phoenix Phoenix
Illinois Illinois
Haste Haste
Providence Providence
Life Life
Topeka Topeka
Foothill Foothill
Minnesota Minnesota
Ishi Ishi
Gilman Gilman
Tallahassee Tallahassee
Old Old
Gayley Gayley
Recreational Recreational
Iowa Iowa
