AY AZ AG BC BD AI BF AM BF AI S AI BF BG BY AN T R P O J H N F D X W AP V AP AS AU AB AD AX AD AE H N F I F N K N F D X W AP AQ AP AS AU AW AV BM BS BQ CK CI BP BO BN BK BJ BI CC BI BJ BK BN BO BP CI CK CJ CN CM CO CM CN CL BS BM AV AW AU AB AD AE H N F D E B E D F N M N H J O P R T AN BY BG CA BG BF AM BE CT BE AM BF BG CB BG BY AN T R P O P R T AN BY AI BF AM BE BZ CS CQ CN CJ CK CI BP BO BN BK BL AR AU AW AY AZ AG BC BD BA BD BW BX BE BZ CS CP CS BZ BE BX BW BD BC AG AK AJ AK AG AZ AY AX AD AE Y AE H N F D X W AP AQ AO AQ AP W X B A B E D F G F D X W AP AS AU AW AV AW AU AB AD AX AY
40
A A
B B
D D
F F
G G
H H
I I
K K
M M
O O
P P
S S
T T
V V
X X
Y Y
AD AD
AG AG
AJ AJ
AM AM
AO AO
AQ AQ
AS AS
AV AV
AX AX
BA BA
BF BF
BG BG
BI BI
BJ BJ
BN BN
CA CA
CB CB
CC CC
CK CK
CN CN
CO CO
CP CP
CS CS
CT CT
