BukitBatokEast TiongBahruStation PearlsHill Redhill Simei SungeiRoad Sudong DowntownCore LowerSeletar GaliBatuMandai CityHall TanjongPagar SwissClub Frankel Tengeh Safti GhimMoh Sembawang JooKoon SimpangNorth AirportRoad NeeSoon AirportRoad Tyersall AirportRoad ChoaChuKang AirportRoad Hillcrest RiverValley LeonieHill BukitBatokEast
25
Frankel Frankel
Redhill Redhill
Sudong Sudong
DowntownCore DowntownCore
Sembawang Sembawang
SimpangNorth SimpangNorth
Tengeh Tengeh
LeonieHill LeonieHill
LowerSeletar LowerSeletar
Simei Simei
ChoaChuKang ChoaChuKang
TanjongPagar TanjongPagar
Tyersall Tyersall
JooKoon JooKoon
TiongBahruStation TiongBahruStation
PearlsHill PearlsHill
SwissClub SwissClub
NeeSoon NeeSoon
Safti Safti
GaliBatuMandai GaliBatuMandai
CityHall CityHall
RiverValley RiverValley
Hillcrest Hillcrest
GhimMoh GhimMoh
SungeiRoad SungeiRoad
