Qwilfish Tropius Slowbro Simisear Sandile Meloetta Porygon2 Crawdaunt Amoonguss Magnemite Shellos Nincada Comfey Magnemite Swadloon Magnemite Froakie Drampa Phanpy Lotad Drapion Taillow Paras Zekrom Wailord Tauros Gengar Munna Seaking Treecko Kakuna Dewpider Politoed Terrakion Scatterbug Terrakion Noibat Magmar Volcarona Steenee Wartortle Honedge Weezing Plusle Jumpluff Vullaby Paras Zekrom Conkeldurr Stufful Yungoos Bounsweet Whismur Bastiodon Whismur Metapod Metang Slurpuff Inkay Vespiquen Shellder Xerneas Jumpluff Stufful Woobat Tsareena Woobat Escavalier Weepinbell Lumineon Kakuna Tornadus Noibat Skiddo Skorupi Tropius Qwilfish
64
Qwilfish Qwilfish
Simisear Simisear
Phanpy Phanpy
Terrakion Terrakion
Drapion Drapion
Meloetta Meloetta
Volcarona Volcarona
Slurpuff Slurpuff
Skiddo Skiddo
Politoed Politoed
Tropius Tropius
Sandile Sandile
Magmar Magmar
Metang Metang
Taillow Taillow
Porygon2 Porygon2
Slowbro Slowbro
Drampa Drampa
Noibat Noibat
Lotad Lotad
Scatterbug Scatterbug
Vullaby Vullaby
Inkay Inkay
Steenee Steenee
Tornadus Tornadus
Skorupi Skorupi
Dewpider Dewpider
Shellos Shellos
Metapod Metapod
Wartortle Wartortle
Crawdaunt Crawdaunt
Paras Paras
Froakie Froakie
Nincada Nincada
Gengar Gengar
Honedge Honedge
Amoonguss Amoonguss
Tsareena Tsareena
Jumpluff Jumpluff
Vespiquen Vespiquen
Munna Munna
Kakuna Kakuna
Magnemite Magnemite
Whismur Whismur
Xerneas Xerneas
Weezing Weezing
Zekrom Zekrom
Woobat Woobat
Comfey Comfey
Bounsweet Bounsweet
Seaking Seaking
Tauros Tauros
Weepinbell Weepinbell
Stufful Stufful
Shellder Shellder
Plusle Plusle
Treecko Treecko
Swadloon Swadloon
Lumineon Lumineon
Yungoos Yungoos
Bastiodon Bastiodon
Wailord Wailord
Escavalier Escavalier
Conkeldurr Conkeldurr
