Qwilfish Tropius Scatterbug Taillow Scatterbug Honedge Weepinbell Escavalier Woobat Tsareena Whismur Metapod Gengar Bounsweet Froakie Drampa Shellos Nincada Comfey Magnemite Swadloon Tauros Wailord Plusle Jumpluff Stufful Conkeldurr Zekrom Amoonguss Tauros Kakuna Treecko Seaking Bastiodon Weezing Crawdaunt Metang Slurpuff Metang Lotad Drapion Vullaby Porygon2 Meloetta Inkay Magmar Volcarona Steenee Wartortle Vespiquen Shellder Xerneas Gengar Munna Skorupi Skiddo Noibat Simisear Sandile Drampa Qwilfish
50
Qwilfish Qwilfish
Simisear Simisear
Drapion Drapion
Meloetta Meloetta
Volcarona Volcarona
Slurpuff Slurpuff
Skiddo Skiddo
Sandile Sandile
Magmar Magmar
Metang Metang
Taillow Taillow
Porygon2 Porygon2
Drampa Drampa
Noibat Noibat
Lotad Lotad
Scatterbug Scatterbug
Vullaby Vullaby
Inkay Inkay
Steenee Steenee
Skorupi Skorupi
Shellos Shellos
Metapod Metapod
Crawdaunt Crawdaunt
Froakie Froakie
Nincada Nincada
Gengar Gengar
Honedge Honedge
Amoonguss Amoonguss
Jumpluff Jumpluff
Vespiquen Vespiquen
Munna Munna
Kakuna Kakuna
Magnemite Magnemite
Whismur Whismur
Weezing Weezing
Woobat Woobat
Comfey Comfey
Bounsweet Bounsweet
Seaking Seaking
Tauros Tauros
Weepinbell Weepinbell
Stufful Stufful
Shellder Shellder
Plusle Plusle
Treecko Treecko
Swadloon Swadloon
Bastiodon Bastiodon
Wailord Wailord
Escavalier Escavalier
Conkeldurr Conkeldurr
