Latias Shelgon Magearna Raticate Toxicroak Elgyem Relicanth Exeggutor Charmeleon Golisopod Vibrava Primeape Palkia Talonflame Reshiram Noivern Jigglypuff Infernape Petilil Luvdisc Staryu Scolipede Bounsweet Wurmple Keldeo Dartrix Latias
25
Wurmple Wurmple
Shelgon Shelgon
Magearna Magearna
Jigglypuff Jigglypuff
Toxicroak Toxicroak
Primeape Primeape
Scolipede Scolipede
Luvdisc Luvdisc
Reshiram Reshiram
Dartrix Dartrix
Raticate Raticate
Palkia Palkia
Charmeleon Charmeleon
Relicanth Relicanth
Noivern Noivern
Bounsweet Bounsweet
Talonflame Talonflame
Elgyem Elgyem
Petilil Petilil
Exeggutor Exeggutor
Infernape Infernape
Staryu Staryu
Golisopod Golisopod
Vibrava Vibrava
Keldeo Keldeo
