Myrtle Joliet Hollywood Cedar Muskegon Aribel Abilene GreenBay Huntsville Cary Albuquerque Canton Dallas Hartford Leominster Houma Bradenton Lorain Lansing Chicago Davidson Montgomery Bloomington Cathedral Miramar Bridgeport Corpus Appleton Mobile Hemet Minneapolis Kansas Medford Lexington Macon Merced Baltimore Brownsville Champaign Barnstable Deltona Alexandria Kissimmee Nashua Moreno Harlingen Chandler Grays Erie Plen Champaign Albany Huntington Myrtle
50
Champaign Champaign
Brownsville Brownsville
Huntington Huntington
Houma Houma
Cary Cary
Medford Medford
Chandler Chandler
Nashua Nashua
Bradenton Bradenton
Hartford Hartford
Harlingen Harlingen
Huntsville Huntsville
Chicago Chicago
Leominster Leominster
Lexington Lexington
Grays Grays
Erie Erie
Hollywood Hollywood
Corpus Corpus
Barnstable Barnstable
Muskegon Muskegon
Minneapolis Minneapolis
GreenBay GreenBay
Kansas Kansas
Deltona Deltona
Baltimore Baltimore
Cedar Cedar
Davidson Davidson
Dallas Dallas
Macon Macon
Aribel Aribel
Kissimmee Kissimmee
Alexandria Alexandria
Miramar Miramar
Appleton Appleton
Albany Albany
Abilene Abilene
Merced Merced
Bloomington Bloomington
Cathedral Cathedral
Plen Plen
Lansing Lansing
Montgomery Montgomery
Hemet Hemet
Bridgeport Bridgeport
Mobile Mobile
Albuquerque Albuquerque
Lorain Lorain
Joliet Joliet
Moreno Moreno
