Burlington Amarillo McAllen Killeen Merced Davenport Honolulu Naperville Independence Chattanooga Chicago Louisville Buffalo Hayward Bridgeport Hampton Myrtle Greenville Prairie Denver Rapids Cedar Columbus Clarke Miramar Cambridge Burlington
25
Honolulu Honolulu
Buffalo Buffalo
Greenville Greenville
Independence Independence
Chicago Chicago
Denver Denver
Killeen Killeen
Merced Merced
Hampton Hampton
Chattanooga Chattanooga
McAllen McAllen
Columbus Columbus
Cambridge Cambridge
Rapids Rapids
Naperville Naperville
Hayward Hayward
Clarke Clarke
Bridgeport Bridgeport
Myrtle Myrtle
Amarillo Amarillo
Davenport Davenport
Prairie Prairie
Miramar Miramar
Cedar Cedar
Louisville Louisville
