Monroe Lewisville Montgomery Detroit Burlington Lakeland Ten Bradenton Julian Kennewick Melbourne Athens Cambridge Lafayette Clarksville Apple Lowell Hayward Kissimmee Dallas Cleveland Dayton Elizabeth Danbury Hesperia Kailua Boise Fairfield Glendale Amarillo Mesquite Lancaster Baton Gilbert Lacey Leominster Denver Viejo Denton Fayetteville Manchester Three Athens Merced Bedford Gainesville Kenosha Hickory Erie Birmingham Monterey Huntsville Asheville Huntington Albany Daytona Monterey Hartford Bethlehem Bridgeport Abilene Boulder Mobile Irving Austin Danbury Cary Miami Allentown Modesto Seven Akron Hagerstown Muskegon Charleston Davidson Rapids Naples Havre Layton Mesa Hialeah Killeen Aberdeen Brownsville Corpus Johnson Chesapeake Vista Carrollton Laredo Anchorage Antioch Elkhart Canton Four Arlington Baltimore Greensboro Jacksonville Clarke Anaheim Prairie Hampton Monroe
100
Athens Athens
Hagerstown Hagerstown
Lancaster Lancaster
Asheville Asheville
Clarke Clarke
Monterey Monterey
Laredo Laredo
Carrollton Carrollton
Modesto Modesto
Boulder Boulder
Bridgeport Bridgeport
Ten Ten
Apple Apple
Johnson Johnson
Birmingham Birmingham
Kenosha Kenosha
Corpus Corpus
Lowell Lowell
Clarksville Clarksville
Huntington Huntington
Viejo Viejo
Lafayette Lafayette
Abilene Abilene
Hialeah Hialeah
Austin Austin
Naples Naples
Anaheim Anaheim
Seven Seven
Melbourne Melbourne
Lewisville Lewisville
Davidson Davidson
Kissimmee Kissimmee
Monroe Monroe
Bethlehem Bethlehem
Gainesville Gainesville
Cary Cary
Glendale Glendale
Prairie Prairie
Charleston Charleston
Baltimore Baltimore
Antioch Antioch
Kennewick Kennewick
Detroit Detroit
Mobile Mobile
Lacey Lacey
Albany Albany
Elkhart Elkhart
Lakeland Lakeland
Dallas Dallas
Baton Baton
Leominster Leominster
Gilbert Gilbert
Bedford Bedford
Four Four
Cleveland Cleveland
Canton Canton
Denton Denton
Miami Miami
Havre Havre
Hampton Hampton
Chesapeake Chesapeake
Hayward Hayward
Hickory Hickory
Layton Layton
Jacksonville Jacksonville
Amarillo Amarillo
Huntsville Huntsville
Hesperia Hesperia
Fayetteville Fayetteville
Killeen Killeen
Arlington Arlington
Cambridge Cambridge
Boise Boise
Akron Akron
Greensboro Greensboro
Aberdeen Aberdeen
Mesa Mesa
Denver Denver
Kailua Kailua
Elizabeth Elizabeth
Erie Erie
Dayton Dayton
Hartford Hartford
Muskegon Muskegon
Vista Vista
Fairfield Fairfield
Montgomery Montgomery
Allentown Allentown
Three Three
Merced Merced
Daytona Daytona
Brownsville Brownsville
Anchorage Anchorage
Rapids Rapids
Irving Irving
Burlington Burlington
Manchester Manchester
Bradenton Bradenton
Mesquite Mesquite
Julian Julian
