DK AA FW AF CA EQ BL FB EY AY DI CG FT CC CP AD GY DN CU AA AT CD EF GV EN AA FP GX GB DD AA AB GZ AB BP CR AV BH FA EW GT AG FD HC BV DZ EA HB AB DO EM GN GR AC DM AK HJ FN BW BF CX AA EB AF CY HD AM BM AB ES DL HF BE AC GG BR AU DX ET AD CI AC AB FG AA AZ AB EL BC DP HE EO AO DB DF EP CK CT AD BI DT AC CS AC AG ED BZ FH AA CW CM CE AB FZ AC HI DE DU AB AN DK
94
AA AA
AB AB
AG AG
AK AK
AM AM
AN AN
AO AO
AT AT
AU AU
AV AV
AY AY
AZ AZ
BC BC
BE BE
BF BF
BH BH
BI BI
BL BL
BM BM
BP BP
BR BR
BV BV
BW BW
BZ BZ
CA CA
CC CC
CD CD
CE CE
CG CG
CI CI
CK CK
CM CM
CP CP
CR CR
CS CS
CT CT
CU CU
CW CW
CX CX
CY CY
DB DB
DD DD
DE DE
DF DF
DI DI
DL DL
DM DM
DN DN
DO DO
DP DP
DT DT
DU DU
DX DX
DZ DZ
EA EA
EB EB
ED ED
EF EF
EL EL
EM EM
EN EN
EO EO
EP EP
EQ EQ
ES ES
ET ET
EW EW
EY EY
FA FA
FB FB
FD FD
FG FG
FH FH
FN FN
FP FP
FT FT
FW FW
FZ FZ
GB GB
GG GG
GN GN
GR GR
GT GT
GV GV
GX GX
GY GY
GZ GZ
HB HB
HC HC
HD HD
HE HE
HF HF
HI HI
HJ HJ
