Soda BarrowLane CareerCenter DavisHall ChouHall EshlemanHall EastAsianLibrary Dwinelle BancroftLibrary ChanShunAuditorium BarrowsHall CNMAT EtcheverryHall BlumHall CaliforniaHall BARTStation BirgeHall AlumniHouse BarkerHall BanwayBldg BrainImagingCenter CheitHall BotanicalGarden CalvinLaboratory VLSB EdwardsStadium Campanile EastGate BoaltHall BlackwellHall AnthonyHall Cory DonnerLab DurantHall BerkeleyArtMuseum ClarkKerrCampus EvansDiamond CyclotronRd CampbellHall BerkeleyWayWest DoeMemorialLibrary Soda
40
AlumniHouse AlumniHouse
AnthonyHall AnthonyHall
BancroftLibrary BancroftLibrary
BanwayBldg BanwayBldg
BarkerHall BarkerHall
BarrowLane BarrowLane
BarrowsHall BarrowsHall
BARTStation BARTStation
BerkeleyArtMuseum BerkeleyArtMuseum
BerkeleyWayWest BerkeleyWayWest
BirgeHall BirgeHall
BlackwellHall BlackwellHall
BlumHall BlumHall
BoaltHall BoaltHall
BotanicalGarden BotanicalGarden
BrainImagingCenter BrainImagingCenter
EastAsianLibrary EastAsianLibrary
CaliforniaHall CaliforniaHall
CalvinLaboratory CalvinLaboratory
Campanile Campanile
CampbellHall CampbellHall
CareerCenter CareerCenter
ChanShunAuditorium ChanShunAuditorium
VLSB VLSB
CheitHall CheitHall
ChouHall ChouHall
ClarkKerrCampus ClarkKerrCampus
CNMAT CNMAT
Cory Cory
CyclotronRd CyclotronRd
DavisHall DavisHall
DoeMemorialLibrary DoeMemorialLibrary
DonnerLab DonnerLab
DurantHall DurantHall
Dwinelle Dwinelle
EastGate EastGate
EdwardsStadium EdwardsStadium
EshlemanHall EshlemanHall
EtcheverryHall EtcheverryHall
EvansDiamond EvansDiamond
