Soda SeniorHall WursterHall TangCenter SutardjaDaiHall TangCenter SeniorHall Soda RSF SatherRd SatherTower SatherGate NorthField MulfordHall NorthField SatherGate SatherTower Soda AlumniHouse BanwayBldg BarkerHall BanwayBldg AlumniHouse Soda RSF MorganHall MorrisonHall MorganHall RSF Soda Unit3 Unit2 Unit1 SutardjaDaiHall SproulPlaza SproulHall SeniorHall Soda EshlemanHall LeConteHall MLK Lawrence MLK LeConteHall EyeCenter LeConteHall MemorialGlade LowerSproul Soda Jacobs Soda AlumniHouse BarrowsHall CampbellHall CareerCenter ClarkKerr Dwinelle BarrowLane AlumniHouse Soda EshlemanHall LeConteHall EshlemanHall Soda Campanile Soda
18
SproulPlaza SproulPlaza
SutardjaDaiHall SutardjaDaiHall
BarkerHall BarkerHall
Unit1 Unit1
Campanile Campanile
WursterHall WursterHall
CareerCenter CareerCenter
Dwinelle Dwinelle
EyeCenter EyeCenter
Jacobs Jacobs
Lawrence Lawrence
LeConteHall LeConteHall
MemorialGlade MemorialGlade
MLK MLK
MorganHall MorganHall
MorrisonHall MorrisonHall
MulfordHall MulfordHall
SatherRd SatherRd
