BerkeleyArtMuseumand LawSchool BancroftLibrary SatherTower WarrenHall CareerCenter LawrenceHallofScienc MulfordHall ChancellorsEsplanade HaasSchoolofBusiness BarrowsHall Library AlumniHouse MorrisonHall HavilandHall SimpsonCenterforStud KoshlandHall NorthField InsectaryGreenhouse AcademicInnovationSt ObservatoryHill CoryHall StanleyHall GraduateTheologicalU GolbousPlace SutardjaDaiHall UniversityHealthServ KoretVisitorCenter LawrenceBerkeleyNati EllsworthParkingStru MosesHall MartinezCommons MathematicalSciences GoldmanField EnergyBiosciencesBui HearstMemorialMining CheitHall BowlesHall LeConteHall ClarkKerrCampus CaliforniaHall ZellerbachHall MagnesCollectionofJe EastAsianStudiesInst NaturalResourcesLabo InternationalHouse LowerHearstParkingSt FoxCottage2350Bowdit Unit1ResidentHall SimonHall MaxwellFamilyFieldan BanwayBuilding AHammock WellmanHall InvestigativeReporti EdwardsTrackStadiumG GianniniHall CesarEChavezStudentC HenryHWheelerBrainIm FacultyClub ManvilleHall UpperHearstParkingSt EvansHall FacultyGlade McLaughlinHall Sebastians LatinAmericanStudies PacificFilmArchiveBe MariesHouse PublicAffairsOfficeo BancroftDanceStudio LiKaShingCenter AnthonyHall Demography EvansDiamond McConeHall IRLE UniversityHouse FallProgramforFreshm SpiekerAquaticsCompl ArchitectsEngineersA LegendsAquaticCenter BerkeleyArtMuseumand
82
LatinAmericanStudies LatinAmericanStudies
BerkeleyArtMuseumand BerkeleyArtMuseumand
ManvilleHall ManvilleHall
PacificFilmArchiveBe PacificFilmArchiveBe
LegendsAquaticCenter LegendsAquaticCenter
LowerHearstParkingSt LowerHearstParkingSt
FoxCottage2350Bowdit FoxCottage2350Bowdit
KoshlandHall KoshlandHall
Unit1ResidentHall Unit1ResidentHall
LawrenceHallofScienc LawrenceHallofScienc
LiKaShingCenter LiKaShingCenter
Sebastians Sebastians
LeConteHall LeConteHall
EnergyBiosciencesBui EnergyBiosciencesBui
ArchitectsEngineersA ArchitectsEngineersA
EdwardsTrackStadiumG EdwardsTrackStadiumG
MathematicalSciences MathematicalSciences
EllsworthParkingStru EllsworthParkingStru
FallProgramforFreshm FallProgramforFreshm
HavilandHall HavilandHall
AnthonyHall AnthonyHall
InternationalHouse InternationalHouse
LawrenceBerkeleyNati LawrenceBerkeleyNati
GolbousPlace GolbousPlace
CesarEChavezStudentC CesarEChavezStudentC
HenryHWheelerBrainIm HenryHWheelerBrainIm
EvansDiamond EvansDiamond
CoryHall CoryHall
UniversityHealthServ UniversityHealthServ
NorthField NorthField
ObservatoryHill ObservatoryHill
MartinezCommons MartinezCommons
AlumniHouse AlumniHouse
BancroftDanceStudio BancroftDanceStudio
Demography Demography
MagnesCollectionofJe MagnesCollectionofJe
BanwayBuilding BanwayBuilding
MariesHouse MariesHouse
WarrenHall WarrenHall
InsectaryGreenhouse InsectaryGreenhouse
CaliforniaHall CaliforniaHall
BowlesHall BowlesHall
AcademicInnovationSt AcademicInnovationSt
Library Library
CheitHall CheitHall
AHammock AHammock
StanleyHall StanleyHall
LawSchool LawSchool
GoldmanField GoldmanField
MaxwellFamilyFieldan MaxwellFamilyFieldan
HaasSchoolofBusiness HaasSchoolofBusiness
UniversityHouse UniversityHouse
MulfordHall MulfordHall
BarrowsHall BarrowsHall
KoretVisitorCenter KoretVisitorCenter
PublicAffairsOfficeo PublicAffairsOfficeo
WellmanHall WellmanHall
ChancellorsEsplanade ChancellorsEsplanade
InvestigativeReporti InvestigativeReporti
GraduateTheologicalU GraduateTheologicalU
SatherTower SatherTower
FacultyGlade FacultyGlade
EastAsianStudiesInst EastAsianStudiesInst
ZellerbachHall ZellerbachHall
BancroftLibrary BancroftLibrary
SutardjaDaiHall SutardjaDaiHall
SimonHall SimonHall
FacultyClub FacultyClub
SimpsonCenterforStud SimpsonCenterforStud
HearstMemorialMining HearstMemorialMining
CareerCenter CareerCenter
MosesHall MosesHall
SpiekerAquaticsCompl SpiekerAquaticsCompl
EvansHall EvansHall
McConeHall McConeHall
GianniniHall GianniniHall
NaturalResourcesLabo NaturalResourcesLabo
MorrisonHall MorrisonHall
McLaughlinHall McLaughlinHall
IRLE IRLE
UpperHearstParkingSt UpperHearstParkingSt
ClarkKerrCampus ClarkKerrCampus
