McLaughlinHall MoffittLibrary RedwoodGroveBotanica DurantHall SamsPad GrinnellNaturalArea WarrenHall EastAsianStudiesInst Library BerkeleyArtMuseumand SeniorHall BancroftParkingStruc ResidentialStudentSe LegendsAquaticCenter MagnesCollectionofJe WomensFacultyClub Unit3ResidentHall InsectaryGreenhouse AnnaHeadAlumnaeHall UCBerkeleyExtension CNMAT1750ArchSt CampusSharedServices StephensHall GoldmanSchool Romeos GianniniHall StrawberryCanyonRecr LevineFrickeSoftball SpiekerAquaticsCompl GiauqueHall EshlemanHall JonesChildStudyCente WitterRugbyField SimpsonCenterforStud ZellerbachHall FacultyGlade PublicAffairsOfficeo HertzHall EvansDiamond EtcheverryHall HasteStreetChildDeve EnergyBiosciencesBui RecreationalSportsFa VisitorCenter KroeberHall BotanicalGarden MathematicalSciences CareerCenter McLaughlinHall
48
McLaughlinHall McLaughlinHall
BancroftParkingStruc BancroftParkingStruc
SimpsonCenterforStud SimpsonCenterforStud
WarrenHall WarrenHall
LevineFrickeSoftball LevineFrickeSoftball
BotanicalGarden BotanicalGarden
CareerCenter CareerCenter
EastAsianStudiesInst EastAsianStudiesInst
Library Library
CampusSharedServices CampusSharedServices
HertzHall HertzHall
EvansDiamond EvansDiamond
SeniorHall SeniorHall
GiauqueHall GiauqueHall
LegendsAquaticCenter LegendsAquaticCenter
RedwoodGroveBotanica RedwoodGroveBotanica
UCBerkeleyExtension UCBerkeleyExtension
Unit3ResidentHall Unit3ResidentHall
EshlemanHall EshlemanHall
FacultyGlade FacultyGlade
GianniniHall GianniniHall
MathematicalSciences MathematicalSciences
StephensHall StephensHall
CNMAT1750ArchSt CNMAT1750ArchSt
GrinnellNaturalArea GrinnellNaturalArea
DurantHall DurantHall
ResidentialStudentSe ResidentialStudentSe
HasteStreetChildDeve HasteStreetChildDeve
InsectaryGreenhouse InsectaryGreenhouse
BerkeleyArtMuseumand BerkeleyArtMuseumand
WitterRugbyField WitterRugbyField
GoldmanSchool GoldmanSchool
EnergyBiosciencesBui EnergyBiosciencesBui
WomensFacultyClub WomensFacultyClub
MagnesCollectionofJe MagnesCollectionofJe
StrawberryCanyonRecr StrawberryCanyonRecr
KroeberHall KroeberHall
RecreationalSportsFa RecreationalSportsFa
MoffittLibrary MoffittLibrary
SpiekerAquaticsCompl SpiekerAquaticsCompl
EtcheverryHall EtcheverryHall
JonesChildStudyCente JonesChildStudyCente
PublicAffairsOfficeo PublicAffairsOfficeo
Romeos Romeos
ZellerbachHall ZellerbachHall
AnnaHeadAlumnaeHall AnnaHeadAlumnaeHall
VisitorCenter VisitorCenter
SamsPad SamsPad
