LegendsAquaticCenter DurantHall MemorialGlade EucalyptusGrove LewisHall LevineFrickeSoftball StarrEastAsianLibrar EllsworthParkingStru SoutheastAsianStudie NorthField InvestigativeReporti SatherTower LawSchool LeConteHall GoldmanField SodaHall NorthGateHall CITRIS ValleyLifeSciencesBu GolbousPlace LegendsAquaticCenter
20
LegendsAquaticCenter LegendsAquaticCenter
NorthGateHall NorthGateHall
LeConteHall LeConteHall
GolbousPlace GolbousPlace
LevineFrickeSoftball LevineFrickeSoftball
MemorialGlade MemorialGlade
StarrEastAsianLibrar StarrEastAsianLibrar
CITRIS CITRIS
ValleyLifeSciencesBu ValleyLifeSciencesBu
LawSchool LawSchool
EllsworthParkingStru EllsworthParkingStru
GoldmanField GoldmanField
SoutheastAsianStudie SoutheastAsianStudie
SatherTower SatherTower
EucalyptusGrove EucalyptusGrove
SodaHall SodaHall
NorthField NorthField
LewisHall LewisHall
DurantHall DurantHall
InvestigativeReporti InvestigativeReporti
