a gb fu du j d aw de fl en c ec fb a fv eg an aa a br cb gl h k m ea a gp ct ep a gn ff fy ci c gh a y bf do b fs fg b ab ag fh dv dg by b dj fr em c cd h ck b ak b ap cu dm az bm a gm cs bb fd b cl fn bd cp bc u eq bi bl ed ch ey a t ev a e b dt ga dq b fa cv b ae bv eu p a dn a dx ah ee er l w cq b aj et fz al ex df a b o a bz ew ar a
100
a a
b b
c c
e e
h h
j j
k k
l l
m m
o o
p p
t t
u u
w w
y y
aa aa
ab ab
ae ae
ag ag
ah ah
aj aj
ak ak
al al
an an
ap ap
ar ar
aw aw
az az
bb bb
bc bc
bd bd
bf bf
bi bi
bl bl
bm bm
br br
bv bv
by by
bz bz
cb cb
cd cd
ch ch
ci ci
ck ck
cl cl
cp cp
cq cq
cs cs
ct ct
cu cu
cv cv
de de
df df
dg dg
dj dj
dm dm
dn dn
do do
dq dq
dt dt
du du
dv dv
dx dx
ea ea
ec ec
ed ed
ee ee
eg eg
em em
en en
ep ep
eq eq
er er
et et
eu eu
ev ev
ew ew
ex ex
ey ey
fa fa
fb fb
fd fd
ff ff
fg fg
fh fh
fl fl
fn fn
fr fr
fs fs
fu fu
fv fv
fy fy
fz fz
ga ga
gb gb
gh gh
gl gl
gm gm
gn gn
gp gp
