Fizz Viktor Nasus Heimerdinger Annie LoneDruid Azir Xayah Kled Chen Magnus Kassadin DeathProphet Katarina Nidalee Kennen Huskar Yorick Rengar Leona Trundle JarvanIV Pantheon Kayn TrollWarlord TahmKench Cassiopeia Lucian Morphling Sven Timbersaw Visage Vi Thresh FacelessVoid Warlock Undying Slardar Jinx Ziggs Fiddlesticks BountyHunter Quinn NightStalker Beastmaster Karma Sniper Oracle ShadowFiend ShadowShaman Amumu StormSpirit Terrorblade Slark Ekko WinterWyvern Sona Jayce Singed Weaver Ryze Irelia Vladimir Rubick Rumble Zed LeBlanc Medusa Talon VelKoz Mirana KhaZix Janna Venomancer Tiny Syndra Nunu SpiritBreaker Puck Omniknight CentaurWarrunner ShadowDemon Zilean Techies Brewmaster Tristana Gragas Orianna Bane Fizz
89
BountyHunter BountyHunter
Talon Talon
Medusa Medusa
Rengar Rengar
Techies Techies
ShadowFiend ShadowFiend
WinterWyvern WinterWyvern
Terrorblade Terrorblade
Nasus Nasus
Fizz Fizz
Mirana Mirana
Leona Leona
Ekko Ekko
Oracle Oracle
Xayah Xayah
ShadowDemon ShadowDemon
Thresh Thresh
Sona Sona
Venomancer Venomancer
Nunu Nunu
Annie Annie
Visage Visage
Lucian Lucian
Jayce Jayce
Warlock Warlock
Kennen Kennen
Amumu Amumu
Karma Karma
Chen Chen
Viktor Viktor
Kassadin Kassadin
Nidalee Nidalee
Beastmaster Beastmaster
Slardar Slardar
TrollWarlord TrollWarlord
Weaver Weaver
Sniper Sniper
Sven Sven
Vladimir Vladimir
Yorick Yorick
Ziggs Ziggs
SpiritBreaker SpiritBreaker
KhaZix KhaZix
ShadowShaman ShadowShaman
Vi Vi
Heimerdinger Heimerdinger
Rumble Rumble
VelKoz VelKoz
Puck Puck
Ryze Ryze
Cassiopeia Cassiopeia
NightStalker NightStalker
Azir Azir
Omniknight Omniknight
Kayn Kayn
StormSpirit StormSpirit
Orianna Orianna
Zilean Zilean
Brewmaster Brewmaster
Pantheon Pantheon
JarvanIV JarvanIV
Timbersaw Timbersaw
Janna Janna
Singed Singed
Jinx Jinx
TahmKench TahmKench
Undying Undying
Syndra Syndra
Quinn Quinn
Irelia Irelia
Rubick Rubick
Zed Zed
Slark Slark
CentaurWarrunner CentaurWarrunner
Fiddlesticks Fiddlesticks
LoneDruid LoneDruid
Tiny Tiny
LeBlanc LeBlanc
DeathProphet DeathProphet
Kled Kled
Morphling Morphling
FacelessVoid FacelessVoid
Katarina Katarina
Huskar Huskar
Magnus Magnus
Tristana Tristana
Bane Bane
Gragas Gragas
Trundle Trundle
