Pantheon Jhin Lux Heimerdinger Ezreal Spectre CentaurWarrunner Galio Morgana BountyHunter Bard Maokai Bristleback Lucian Tiny Anivia Shyvana Ashe ChaosKnight Ziggs Akali Kled CrystalMaiden KogMaw Disruptor Oracle Jinx Draven TrollWarlord Nunu MasterYi ArcWarden Ahri Slark Jayce SpiritBreaker Rumble Talon NightStalker WraithKing Jax Phoenix Lich LoneDruid Tailyah Magnus Skarner Xerath Malphite Pantheon
48
MasterYi MasterYi
Tailyah Tailyah
Ahri Ahri
Galio Galio
Phoenix Phoenix
Spectre Spectre
Ezreal Ezreal
KogMaw KogMaw
Jayce Jayce
Morgana Morgana
TrollWarlord TrollWarlord
Oracle Oracle
Jax Jax
Shyvana Shyvana
Akali Akali
Malphite Malphite
Anivia Anivia
Bristleback Bristleback
Skarner Skarner
Bard Bard
SpiritBreaker SpiritBreaker
Slark Slark
Lich Lich
CrystalMaiden CrystalMaiden
ArcWarden ArcWarden
Ashe Ashe
Kled Kled
Magnus Magnus
Maokai Maokai
Nunu Nunu
BountyHunter BountyHunter
Rumble Rumble
Jinx Jinx
Lucian Lucian
Xerath Xerath
CentaurWarrunner CentaurWarrunner
Disruptor Disruptor
Heimerdinger Heimerdinger
Tiny Tiny
ChaosKnight ChaosKnight
Lux Lux
Jhin Jhin
Draven Draven
Ziggs Ziggs
WraithKing WraithKing
Talon Talon
NightStalker NightStalker
LoneDruid LoneDruid
