6 96 80 73 75 73 67 65 67 55 42 30 24 20 23 20 24 11 6 96 90 98 97 90 96 80 87 80 96 6 11 10 11 6 0 7 0 4 8 0 1 6 96 95 96 6 11 10 14 10 11 24 30 42 40 48 46 41 40 42 30 39 30 24 20 24 30 42 55 57 55 67 73 80 85 80 73 74 73 80 88 80 81 80 73 67 55 42 40 42 30 31 30 24 26 24 11 18 10 15 10 19 10 11 24 21 24 30 36 38 30 42 55 50 59 50 55 67 62 60 69 63 60 67 55 51 55 67 73 78 70 79 70 77 73 80 96 6
44
0 0
1 1
4 4
7 7
8 8
10 10
14 14
15 15
18 18
19 19
20 20
21 21
23 23
26 26
31 31
36 36
38 38
39 39
40 40
41 41
46 46
48 48
50 50
51 51
57 57
59 59
60 60
62 62
63 63
65 65
69 69
74 74
75 75
77 77
78 78
79 79
81 81
85 85
87 87
88 88
90 90
95 95
97 97
98 98
