6 11 10 14 18 11 6 199 189 172 168 158 150 158 168 172 170 172 168 158 143 133 124 111 103 96 80 73 79 73 67 60 63 60 67 55 42 30 39 30 42 55 67 73 80 96 103 111 112 111 124 128 124 111 113 111 124 133 134 133 143 145 143 158 168 172 177 172 189 199 198 199 189 180 186 180 189 199 190 191 196 199 189 172 168 158 150 153 150 157 158 143 133 124 111 114 111 103 96 80 87 81 80 73 77 73 67 55 42 46 42 30 24 11 6 0 7 0 6 11 24 30 36 30 42 55 67 60 67 55 42 30 24 11 6 1 4 6 11 15 10 11 24 30 42 55 67 73 80 96 103 109 103 96 80 73 67 55 42 30 31 30 24 20 24 11 10 19 10 11 6 199 189 172 168 163 168 158 143 146 143 158 168 160 167 160 168 158 143 133 124 111 103 101 103 96 80 88 80 96 90 96 103 111 124 133 143 158 168 172 189 182 185 180 189 172 168 164 168 158 143 133 132 139 133 124 129 124 111 103 100 107 105 106 100 103 96 80 73 67 69 67 55 42 30 24 11 6 199 190 194 199 6 11 24 30 42 55 67 73 80 96 90 98 90 96 80 73 74 73 80 85 80 96 103 111 124 125 124 133 143 158 168 172 176 179 172 168 158 143 140 149 140 143 158 168 166 168 172 189 199 6 11 24 26 21 24 30 42 55 67 73 75 73 67 55 50 59 50 55 42 40 48 40 42 55 57 55 67 65 67 55 42 40 42 55 51 55 67 62 67 73 80 96 90 97 90 96 103 111 124 133 143 158 168 172 178 172 168 158 143 133 124 111 110 118 115 111 124 120 126 124 111 103 96 95 96 80 73 78 73 67 55 42 40 41 40 42 30 38 30 24 20 23 20 24 11 6 0 6 199 189 180 187 180 189 172 168 158 150 152 150 158 143 148 143 133 130 137 130 133 143 144 143 158 168 172 189 180 181 180 189 199 6 8 6
92
0 0
1 1
4 4
7 7
8 8
10 10
14 14
15 15
18 18
19 19
20 20
21 21
23 23
26 26
31 31
36 36
38 38
39 39
40 40
41 41
46 46
48 48
50 50
51 51
57 57
59 59
60 60
62 62
63 63
65 65
69 69
74 74
75 75
77 77
78 78
79 79
81 81
85 85
87 87
88 88
90 90
95 95
97 97
98 98
101 101
105 105
106 106
107 107
109 109
112 112
113 113
114 114
115 115
118 118
120 120
125 125
126 126
128 128
129 129
130 130
132 132
134 134
137 137
139 139
144 144
145 145
146 146
148 148
149 149
150 150
152 152
153 153
157 157
163 163
164 164
166 166
167 167
170 170
176 176
177 177
178 178
179 179
181 181
182 182
185 185
186 186
187 187
190 190
191 191
194 194
196 196
198 198
