5 11 17 14 17 23 29 27 29 35 41 47 53 52 53 47 41 35 29 23 17 11 10 11 17 23 18 23 29 35 32 35 41 47 53 59 58 59 53 47 41 35 29 23 17 11 5 4 5 11 17 23 29 35 41 47 53 59 65 71 77 75 77 71 65 59 53 47 41 35 31 35 41 47 53 48 53 59 65 71 77 83 89 95 101 99 101 95 89 83 82 83 77 71 65 59 53 47 41 35 29 23 17 11 7 11 17 23 29 35 41 47 53 59 65 71 77 74 77 83 89 95 101 107 103 107 101 95 89 83 77 71 65 63 65 59 53 47 45 47 53 59 65 71 77 83 89 95 92 95 89 83 77 71 65 59 53 47 42 47 41 35 29 23 17 15 17 11 5 2 5 11 17 23 29 35 41 47 43 47 41 35 29 24 29 35 41 47 53 59 54 59 65 71 77 83 89 95 101 107 106 107 101 95 89 83 77 71 65 59 57 59 65 71 77 83 89 95 91 95 101 100 101 95 89 83 77 71 65 59 53 47 41 35 29 23 20 23 29 35 41 40 36 41 47 53 59 65 71 77 83 89 95 101 97 101 95 89 83 81 80 79 83 89 95 93 95 89 83 80 83 77 71 65 59 53 47 41 37 41 47 53 59 56 59 65 71 77 83 78 83 77 71 65 59 53 47 41 35 29 23 22 23 17 11 5 1 5 11 17 23 29 35 41 47 53 59 65 71 77 83 89 84 89 95 101 107 105 107 101 95 89 87 89 83 77 71 65 59 53 47 41 35 30 35 29 23 17 11 5 3 5 11 17 23 29 35 41 47 53 50 53 47 41 35 29 23 17 11 9 11 17 23 19 23 29 26 29 35 41 47 53 59 65 71 77 83 89 95 101 96 101 95 89 83 77 73 77 71 65 59 53 51 53 59 65 71 70 69 71 77 83 89 95 90 95 101 98 101 95 89 88 89 83 77 72 77 71 65 59 53 47 41 35 29 23 17 11 8 7 6 11 17 23 29 35 41 47 53 59 65 71 66 71 77 83 89 95 101 107 102 107 101 95 89 83 77 71 65 59 53 47 41 35 29 28 29 35 41 47 53 49 53 47 41 35 29 23 17 16 12 13 17 23 29 35 41 38 41 47 53 59 65 60 65 59 53 47 44 47 53 59 65 71 67 71 77 76 77 71 68 71 65 59 55 59 65 71 77 83 89 95 101 107 104 107 101 95 89 83 77 71 65 61 65 59 53 47 41 35 29 23 17 12 17 23 29 35 34 35 41 47 46 47 41 35 29 25 29 35 41 47 53 59 65 64 63 62 65 71 77 83 89 95 94 95 89 83 77 71 65 59 53 47 41 35 29 23 17 11 5 0 5 11 17 23 21 23 29 35 41 39 41 35 33 35 41 47 53 59 65 71 77 83 89 86 85 89 83 77 71 65 59 53 47 41 35 29 23 17 11 5
90
0 0
1 1
2 2
3 3
4 4
6 6
7 7
8 8
9 9
10 10
12 12
13 13
14 14
15 15
16 16
18 18
19 19
20 20
21 21
22 22
24 24
25 25
26 26
27 27
28 28
30 30
31 31
32 32
33 33
34 34
36 36
37 37
38 38
39 39
40 40
42 42
43 43
44 44
45 45
46 46
48 48
49 49
50 50
51 51
52 52
54 54
55 55
56 56
57 57
58 58
60 60
61 61
62 62
63 63
64 64
66 66
67 67
68 68
69 69
70 70
72 72
73 73
74 74
75 75
76 76
78 78
79 79
80 80
81 81
82 82
84 84
85 85
86 86
87 87
88 88
90 90
91 91
92 92
93 93
94 94
96 96
97 97
98 98
99 99
100 100
102 102
103 103
104 104
105 105
106 106
