0 1 18 1 0 2 25 2 0 5 0 4 40 4 0 5 49 5 0 4 43 4 0 9 82 9 0 6 63 6 61 6 0 4 44 4 39 4 0 1 15 1 0 6 0 1 10 1 0 2 0 3 32 3 0 1 17 1 11 1 0 6 59 6 55 6 0 2 26 2 0 8 73 8 77 8 0 9 83 9 87 9 0 4 0 2 22 2 21 2 27 2 0 9 89 9 0 8 0 7 70 7 71 7 0 5 50 5 0 6 57 6 0 7 64 7 0 8 79 8 80 8 76 8 0 3 29 3 0 4 41 4 0 7 68 7 0 5 48 5 54 5 0 3 36 3 0
49
1 1
2 2
3 3
4 4
5 5
6 6
7 7
8 8
9 9
10 10
11 11
15 15
17 17
18 18
21 21
22 22
25 25
26 26
27 27
29 29
32 32
36 36
39 39
40 40
41 41
43 43
44 44
48 48
49 49
50 50
54 54
55 55
57 57
59 59
61 61
63 63
64 64
68 68
70 70
71 71
73 73
76 76
77 77
79 79
80 80
82 82
83 83
87 87
89 89
