1 178 32 64 53 191 181 186 118 76 132 121 129 17 126 147 68 12 159 6 165 151 28 116 139 182 45 9 89 5 100 65 93 57 9 44 120 8 74 108 7 4 114 127 70 87 3 97 112 167 79 143 11 77 6 153 122 81 40 197 5 183 99 184 7 117 149 94 25 192 91 1 42 148 14 59 13 92 52 34 190 170 140 36 131 119 20 2 123 142 21 95 160 27 155 29 16 78 11 3 60 137 3 161 180 163 172 35 164 2 67 188 176 1
100
2 2
3 3
6 6
7 7
9 9
11 11
12 12
13 13
14 14
16 16
17 17
20 20
21 21
25 25
27 27
28 28
29 29
32 32
34 34
35 35
36 36
40 40
42 42
44 44
45 45
52 52
53 53
57 57
59 59
60 60
64 64
65 65
67 67
68 68
70 70
74 74
76 76
77 77
78 78
79 79
81 81
87 87
89 89
91 91
92 92
93 93
94 94
95 95
97 97
99 99
100 100
108 108
112 112
114 114
116 116
117 117
118 118
119 119
120 120
121 121
122 122
123 123
126 126
127 127
129 129
131 131
132 132
137 137
139 139
140 140
142 142
143 143
147 147
148 148
149 149
151 151
153 153
155 155
159 159
160 160
161 161
163 163
164 164
165 165
167 167
170 170
172 172
176 176
178 178
180 180
181 181
182 182
183 183
184 184
186 186
188 188
190 190
191 191
192 192
197 197
