187 1 199 52 9 107 7 136 191 152 1 111 1 171 110 18 150 2 128 117 0 97 53 95 6 183 82 133 148 6 181 124 0 9 39 6 12 6 36 33 7 38 162 11 196 142 6 71 6 175 6 140 157 180 154 1 114 0 176 1 92 1 15 184 11 109 131 127 2 23 15 65 58 126 4 134 83 33 165 5 163 4 132 93 2 108 69 41 146 1 73 79 3 160 2 80 4 55 3 89 54 3 44 164 7 90 169 190 1 30 2 1 161 1 166 78 119 10 172 5 32 11 8 30 173 72 45 87 70 47 67 10 42 9 120 7 59 3 86 153 29 2 48 63 94 2 156 16 13 68 187
100
2 2
6 6
7 7
8 8
9 9
12 12
13 13
15 15
18 18
23 23
29 29
30 30
32 32
33 33
36 36
39 39
41 41
42 42
44 44
45 45
47 47
48 48
52 52
53 53
54 54
55 55
58 58
59 59
63 63
65 65
67 67
68 68
69 69
70 70
71 71
72 72
73 73
78 78
79 79
80 80
82 82
83 83
86 86
87 87
89 89
90 90
92 92
93 93
94 94
95 95
97 97
107 107
108 108
109 109
110 110
111 111
114 114
117 117
119 119
120 120
124 124
126 126
127 127
128 128
131 131
132 132
133 133
134 134
136 136
140 140
142 142
146 146
148 148
150 150
152 152
153 153
154 154
156 156
157 157
160 160
161 161
162 162
163 163
164 164
165 165
166 166
169 169
171 171
172 172
173 173
175 175
176 176
180 180
181 181
183 183
184 184
190 190
191 191
196 196
199 199
