0 21 85 100 43 2 23 63 6 72 14 68 84 73 24 58 91 70 92 69 51 0 59 57 94 26 3 81 60 90 99 34 79 46 48 77 54 7 53 61 36 33 17 13 82 40 62 95 5 31 83 16 2 56 75 96 8 97 55 50 65 93 64 45 74 66 1 27 44 71 87 30 9 89 47 41 2 15 32 28 10 11 86 67 76 88 4 42 12 80 39 38 35 98 20 49 22 19 37 29 52 18 78 25 0
100
1 1
2 2
3 3
4 4
5 5
6 6
7 7
8 8
9 9
10 10
11 11
12 12
13 13
14 14
15 15
16 16
17 17
18 18
19 19
20 20
21 21
22 22
23 23
24 24
25 25
26 26
27 27
28 28
29 29
30 30
31 31
32 32
33 33
34 34
35 35
36 36
37 37
38 38
39 39
40 40
41 41
42 42
43 43
44 44
45 45
46 46
47 47
48 48
49 49
50 50
51 51
52 52
53 53
54 54
55 55
56 56
57 57
58 58
59 59
60 60
61 61
62 62
63 63
64 64
65 65
66 66
67 67
68 68
69 69
70 70
71 71
72 72
73 73
74 74
75 75
76 76
77 77
78 78
79 79
80 80
81 81
82 82
83 83
84 84
85 85
86 86
87 87
88 88
89 89
90 90
91 91
92 92
93 93
94 94
95 95
96 96
97 97
98 98
99 99
100 100
