c5 f3 f5 j3 g5 a8 b3 c8 t0 s4 t1 e4 h1 g9 p9 l0 c4 e0 g0 a7 b1 n6 o8 o2 q5 k6 a4 a6 g6 b7 p7 i0 k1 f6 h5 k9 m7 g1 j7 g7 s9 b5 l4 l8 r9 i5 r2 i1 m0 p0 j6 f2 d4 t7 r7 h3 s2 h4 q3 g3 h0 t9 e1 n0 o4 d6 s1 h6 d5 t6 e2 o6 t5 o0 j5 o5 l3 o7 r1 m4 h2 n3 a0 q0 g4 e5 g8 s7 r4 q8 t2 j2 s3 a1 l1 c3 l6 t8 i4 n4 q1 c5
100
a0 a0
a1 a1
a4 a4
a6 a6
a7 a7
a8 a8
b1 b1
b3 b3
b5 b5
b7 b7
c3 c3
c4 c4
c8 c8
d4 d4
d5 d5
d6 d6
e0 e0
e1 e1
e2 e2
e4 e4
e5 e5
f2 f2
f3 f3
f5 f5
f6 f6
g0 g0
g1 g1
g3 g3
g4 g4
g5 g5
g6 g6
g7 g7
g8 g8
g9 g9
h0 h0
h1 h1
h2 h2
h3 h3
h4 h4
h5 h5
h6 h6
i0 i0
i1 i1
i4 i4
i5 i5
j2 j2
j3 j3
j5 j5
j6 j6
j7 j7
k1 k1
k6 k6
k9 k9
l0 l0
l1 l1
l3 l3
l4 l4
l6 l6
l8 l8
m0 m0
m4 m4
m7 m7
n0 n0
n3 n3
n4 n4
n6 n6
o0 o0
o2 o2
o4 o4
o5 o5
o6 o6
o7 o7
o8 o8
p0 p0
p7 p7
p9 p9
q0 q0
q1 q1
q3 q3
q5 q5
q8 q8
r1 r1
r2 r2
r4 r4
r7 r7
r9 r9
s1 s1
s2 s2
s3 s3
s4 s4
s7 s7
s9 s9
t0 t0
t1 t1
t2 t2
t5 t5
t6 t6
t7 t7
t8 t8
t9 t9
