0 5 191 10 8 193 3 159 178 3 60 133 27 142 189 38 14 188 7 43 156 39 20 46 55 2 192 1 131 19 93 80 198 6 199 182 12 4 32 31 158 2 179 109 7 143 5 24 36 136 73 86 3 51 17 0 184 0 18 33 6 177 46 94 5 157 68 38 52 3 31 8 50 35 3 126 70 17 174 21 77 185 194 197 180 195 28 116 24 74 25 62 54 125 129 27 58 21 78 160 163 1 170 29 7 69 119 3 96 3 103 190 18 16 18 9 115 183 25 105 0
80
0 0
51 51
2 2
3 3
131 131
4 4
133 133
129 129
136 136
8 8
9 9
12 12
142 142
143 143
16 16
17 17
18 18
19 19
182 182
21 21
24 24
156 156
157 157
158 158
31 31
160 160
32 32
33 33
163 163
35 35
29 29
38 38
39 39
159 159
170 170
43 43
174 174
46 46
177 177
50 50
179 179
52 52
180 180
178 178
183 183
184 184
185 185
58 58
62 62
188 188
60 60
190 190
191 191
192 192
189 189
194 194
195 195
68 68
197 197
69 69
199 199
198 198
70 70
74 74
193 193
77 77
78 78
80 80
86 86
93 93
94 94
96 96
103 103
105 105
109 109
115 115
116 116
119 119
125 125
126 126
