190 1 142 1 156 133 3 8 32 54 50 61 52 138 47 192 172 5 153 114 33 0 83 129 132 99 2 182 113 123 0 94 118 181 7 29 7 198 102 109 46 62 4 76 3 185 149 0 112 0 100 11 179 66 71 3 195 2 60 2 95 162 69 108 177 101 3 173 27 40 189 111 8 67 165 136 10 164 93 163 116 0 152 0 92 106 137 1 121 6 38 65 2 104 68 10 146 193 139 117 22 30 141 7 168 23 3 57 169 176 21 1 34 44 0 36 55 103 186 84 1 188 56 45 166 135 190
100
1 1
2 2
3 3
5 5
8 8
10 10
11 11
21 21
22 22
23 23
27 27
29 29
30 30
32 32
33 33
34 34
36 36
38 38
40 40
44 44
45 45
46 46
47 47
50 50
52 52
54 54
55 55
56 56
57 57
60 60
61 61
62 62
65 65
66 66
67 67
68 68
69 69
71 71
76 76
83 83
84 84
92 92
93 93
94 94
95 95
99 99
100 100
101 101
102 102
103 103
104 104
106 106
108 108
109 109
111 111
112 112
113 113
114 114
116 116
117 117
118 118
121 121
123 123
129 129
132 132
133 133
135 135
136 136
137 137
138 138
139 139
141 141
142 142
146 146
149 149
152 152
153 153
156 156
162 162
163 163
164 164
165 165
166 166
168 168
169 169
172 172
173 173
176 176
177 177
179 179
181 181
182 182
185 185
186 186
188 188
189 189
192 192
193 193
195 195
198 198
