114 67 0 102 1 124 1 33 14 31 15 5 89 131 42 1 105 75 0 1 81 100 1 188 0 28 91 98 0 182 164 154 3 117 109 4 148 112 181 21 3 66 59 43 197 0 70 3 7 36 4 84 4 2 12 146 38 87 169 183 176 0 16 0 103 167 96 147 32 24 5 41 0 196 134 177 0 195 0 161 119 69 2 111 1 37 115 155 127 171 0 135 76 175 74 78 93 6 187 29 0 10 0 47 191 133 63 18 26 3 95 53 35 149 2 92 62 108 51 173 199 166 174 150 2 94 170 49 114
100
0 0
1 1
3 3
4 4
5 5
7 7
10 10
12 12
14 14
15 15
16 16
18 18
21 21
24 24
26 26
28 28
29 29
31 31
32 32
33 33
35 35
36 36
37 37
38 38
41 41
42 42
43 43
47 47
49 49
51 51
53 53
59 59
62 62
63 63
66 66
67 67
69 69
70 70
74 74
75 75
76 76
78 78
81 81
84 84
87 87
89 89
91 91
92 92
93 93
94 94
95 95
96 96
98 98
100 100
102 102
103 103
105 105
108 108
109 109
111 111
112 112
114 114
115 115
117 117
119 119
124 124
127 127
131 131
133 133
134 134
135 135
146 146
147 147
148 148
149 149
150 150
154 154
155 155
161 161
164 164
166 166
167 167
169 169
170 170
171 171
173 173
174 174
175 175
176 176
177 177
181 181
182 182
183 183
187 187
188 188
191 191
195 195
196 196
197 197
199 199
