gc as ac co gk em di gj cq gi d eq a ge bj fi do dp gg dj b aw bp dq ae en dh bx ad bl an bt ap bb fn ey bi el cj ee cl cs cv ao ah gn a bc by p fq fk ff ga dx gh ft fo fd fr gm b v gq y bu a dw es a bq a e fe at b ai dn cz bn et b fw fh b bv j cp am cr ep ck go er br g cn az db fa fy cg dy ab cm ds u dg q b gc
100
a a
b b
d d
e e
g g
j j
p p
q q
u u
v v
y y
ab ab
ac ac
ad ad
ae ae
ah ah
ai ai
am am
an an
ao ao
ap ap
as as
at at
aw aw
az az
bb bb
bc bc
bi bi
bj bj
bl bl
bn bn
bp bp
bq bq
br br
bt bt
bu bu
bv bv
bx bx
by by
cg cg
cj cj
ck ck
cl cl
cm cm
cn cn
co co
cp cp
cq cq
cr cr
cs cs
cv cv
cz cz
db db
dg dg
dh dh
di di
dj dj
dn dn
do do
dp dp
dq dq
ds ds
dw dw
dx dx
dy dy
ee ee
el el
em em
en en
ep ep
eq eq
er er
es es
et et
ey ey
fa fa
fd fd
fe fe
ff ff
fh fh
fi fi
fk fk
fn fn
fo fo
fq fq
fr fr
ft ft
fw fw
fy fy
ga ga
ge ge
gg gg
gh gh
gi gi
gj gj
gk gk
gm gm
gn gn
go go
gq gq
