Liam Oliver Alexander William Alexander William Mason James David Matthew Joseph Aiden Jaxon Sebastian Mason John Benjamin Nathan Jackson Gabriel Noah Logan Wyatt Daniel Joseph Jacob Joseph Michael Elijah William Carter Julian Henry Owen James Samuel Liam Lucas Julian Michael Elijah Ethan Logan Aiden Liam
25
Liam Liam
Noah Noah
William William
James James
Logan Logan
Benjamin Benjamin
Mason Mason
Elijah Elijah
Oliver Oliver
Jacob Jacob
Lucas Lucas
Michael Michael
Alexander Alexander
Ethan Ethan
Daniel Daniel
Matthew Matthew
Aiden Aiden
Henry Henry
Joseph Joseph
Jackson Jackson
Samuel Samuel
Sebastian Sebastian
David David
Carter Carter
Wyatt Wyatt
