Liam Jordan Leonardo George Emmett Xavier Steven Jonathan Brayden Asher John Messiah Eric Samuel Emmanuel Gael Wyatt Gael Emmanuel Elijah Adrian Elijah Nolan Logan Andrew Joel Jeremy Jayce Matthew John Joshua Cooper Jesse Andrew Dylan Joel Dominic Zayden Grant Antonio Owen Antonio Kaleb Isaac Kaleb Abraham Giovanni Robert Joseph Jude Theodore Ayden Brayden Declan Alexander Grayson Elliot Lincoln Max Grant Hayden Austin Hayden Bennett John Bennett Landon William Landon Bennett Justin Josiah Julian Matteo Jameson Daniel Nicholas Daniel Kaiden Jose Ezra Ezekiel Ezra Jackson Ezra Ezekiel Jeremiah Ezekiel Maddox Xander Leonardo Jordan Bryson Malachi Edward Sebastian Edward Malachi Bryson Leo Bryson Jordan Jack Joshua Jack Jordan Liam Evan Roman Avery Oscar Mateo Aiden Victor Gabriel Cameron Gabriel Jayce Henry Jayce Gabriel Christian Nicholas Waylon Jaxon Waylon Connor Elias Connor Jasper Finn Jacob Everett Steven Xavier Ryan Xavier Steven Sawyer Eli Tyler Marcus Parker Justin Jack Harrison Bentley Jayden Roman Avery Oscar Levi Oscar Dawson Gael Jameson Hudson Jameson Benjamin Jameson Daniel Jameson Jayce Jeremy Joel Andrew Dylan Lincoln Chase Greyson Eric Steven Sawyer Ian Sawyer Eli Tyler Waylon Caleb Elliott Carter Chase Aaron Michael Rhett Christian Brody Dawson Gael Emmanuel Carson Kai Blake Calvin Nathan Connor Jasper Elliot Grayson Elliot Brody David Camden Emmett Graham Maximus Joseph Jude Jace Jude Nathan Karter James Oliver Andrew Isaiah Hunter Steven James Steven Hunter Thomas Emmett George Ethan Jonathan Brayden Jonathan Zachary Richard Easton Patrick Christopher Patrick Michael Jesse Harrison Jaxson Angel Jaxson Weston Kevin Finn Luke Kingston Brandon Noah Maverick Anthony Maverick Noah Lucas Joshua Jack Jordan Andrew Dylan Luca Colton Tucker Charles Mason Charles Tucker Aiden Tucker Colton Adam Malachi Bryson Jordan Jack Jordan Liam
90
Liam Liam
Noah Noah
William William
James James
Logan Logan
Benjamin Benjamin
Mason Mason
Elijah Elijah
Oliver Oliver
Jacob Jacob
Lucas Lucas
Michael Michael
Alexander Alexander
Ethan Ethan
Daniel Daniel
Matthew Matthew
Aiden Aiden
Henry Henry
Joseph Joseph
Jackson Jackson
Samuel Samuel
Sebastian Sebastian
David David
Carter Carter
Wyatt Wyatt
Jayden Jayden
John John
Owen Owen
Dylan Dylan
Luke Luke
Gabriel Gabriel
Anthony Anthony
Isaac Isaac
Grayson Grayson
Jack Jack
Julian Julian
Levi Levi
Christopher Christopher
Joshua Joshua
Andrew Andrew
Lincoln Lincoln
Mateo Mateo
Ryan Ryan
Jaxon Jaxon
Nathan Nathan
Aaron Aaron
Isaiah Isaiah
Thomas Thomas
Charles Charles
Caleb Caleb
Josiah Josiah
Christian Christian
Hunter Hunter
Eli Eli
Jonathan Jonathan
Connor Connor
Landon Landon
Adrian Adrian
Asher Asher
Cameron Cameron
Leo Leo
Theodore Theodore
Jeremiah Jeremiah
Hudson Hudson
Robert Robert
Easton Easton
Nolan Nolan
Nicholas Nicholas
Ezra Ezra
Colton Colton
Angel Angel
Brayden Brayden
Jordan Jordan
Dominic Dominic
Austin Austin
Ian Ian
Adam Adam
Elias Elias
Jaxson Jaxson
Greyson Greyson
Jose Jose
Ezekiel Ezekiel
Carson Carson
Evan Evan
Maverick Maverick
Bryson Bryson
Jace Jace
Cooper Cooper
Xavier Xavier
Parker Parker
