Liam Carson Benjamin Henry Cameron Caleb Daniel Caleb Brayden Ethan Logan Jaxson Michael Jaxon Isaac David Sebastian Mateo Joseph Mateo Alexander Mason Jayden Mason Elijah Adrian Ian Matthew Cooper Andrew Eli Jackson Levi Chase Jacob William Elijah Jameson Benjamin Carter Dominic Oliver Aiden William Logan Christian Carson Hudson James Thomas Aaron Nathan Oliver Cameron Samuel Gavin Luke Noah Owen Dylan Jose Sawyer John Cameron Josiah Eli Wyatt Eli Lucas Eli Ayden Liam
30
Liam Liam
Noah Noah
William William
James James
Logan Logan
Benjamin Benjamin
Mason Mason
Elijah Elijah
Oliver Oliver
Jacob Jacob
Lucas Lucas
Michael Michael
Alexander Alexander
Ethan Ethan
Daniel Daniel
Matthew Matthew
Aiden Aiden
Henry Henry
Joseph Joseph
Jackson Jackson
Samuel Samuel
Sebastian Sebastian
David David
Carter Carter
Wyatt Wyatt
Jayden Jayden
John John
Owen Owen
Dylan Dylan
Luke Luke
