zero five zero two zero five twelve nineteen twentysix thirtythree forty fortyseven fiftyfour sixtyone sixtyeight sixtyone sixtyeight seventyfive eightytwo eightyone eighty seventynine seventytwo sixtyfive sixtysix sixtyseven sixty sixtyone sixtytwo fiftyfive fortyeight fortyone thirtyfour twentyseven twentyeight twentytwo twentyeight twentyseven thirtyfour thirtyfive twentynine thirty thirtyseven fortyfour thirtyseven thirty twentythree sixteen nine eight fourteen eight fifteen eight fourteen thirteen twelve eleven eighteen twentyfive thirtytwo thirtynine thirtyeight thirtyseven thirty twentythree twentyfour twentyfive twentysix twentyseven thirtyfour fortyone fortyeight fortynine fortythree fifty fiftyseven fiftyeight sixtyfive fiftyeight fiftyone fifty fortythree fortynine fortyeight fortyseven forty thirtythree twentysix nineteen twenty nineteen twentysix thirtythree twentysix nineteen twelve five zero three ten seventeen twentyfour thirtyone thirtyeight fortyfive fortysix fiftythree fortysix thirtynine thirtyeight thirtyseven thirtysix thirtyseven thirtyeight thirtynine fortysix fiftythree sixty sixtyseven seventyfour eightyone eighty eightyseven eighty seventythree sixtysix fiftynine sixty fiftythree fortysix thirtynine thirtytwo thirtyone thirty twentynine thirty thirtyone thirtyeight fortyfive fiftytwo fiftynine sixtysix sixtyfive sixtyfour seventy sixtyfour seventyone sixtyfour fiftyseven fifty fiftyone fifty fiftysix fiftyfive fortyeight fortyone thirtyfour twentyseven twentysix twentyfive twentyfour twentyfive twentysix thirtythree forty fortyseven fiftyfour sixtyone sixtyeight seventyfive seventysix seventyseven eightyfour eightythree eightytwo eightynine eightyeight ninetyfive eightyeight eightyone eighty seventynine seventyeight seventyone sixtyfour fiftyseven fifty fortythree thirtysix twentynine twentytwo fifteen eight nine ten three zero six zero four zero seven fourteen twentyone twentyeight thirtyfive twentyeight twentyone fourteen seven zero
50
two two
three three
four four
five five
six six
ten ten
twelve twelve
fourteen fourteen
fifteen fifteen
twenty twenty
twentytwo twentytwo
twentyfour twentyfour
twentyfive twentyfive
twentynine twentynine
thirty thirty
thirtythree thirtythree
thirtyfour thirtyfour
thirtyfive thirtyfive
thirtysix thirtysix
thirtyseven thirtyseven
thirtynine thirtynine
fortyfour fortyfour
fortyfive fortyfive
fortyseven fortyseven
fortyeight fortyeight
fifty fifty
fiftyone fiftyone
fiftythree fiftythree
fiftyfive fiftyfive
fiftyseven fiftyseven
sixty sixty
sixtyone sixtyone
sixtytwo sixtytwo
sixtyfive sixtyfive
sixtysix sixtysix
sixtyseven sixtyseven
sixtyeight sixtyeight
seventy seventy
seventyone seventyone
seventyfive seventyfive
seventyseven seventyseven
seventyeight seventyeight
seventynine seventynine
eightyone eightyone
eightytwo eightytwo
eightyfour eightyfour
eightyseven eightyseven
eightyeight eightyeight
eightynine eightynine
ninetyfive ninetyfive
