zero three ten seventeen twentyfour thirtyone thirtyeight fortyfive fiftytwo fiftynine sixtysix seventythree eighty eightyseven ninetyfour onehunone onehuneight onehunone ninetyfour eightyseven eighty seventythree sixtysix fiftynine fiftytwo fortyfive thirtyeight thirtyseven thirtysix fortytwo fortynine fiftysix sixtythree seventy sixtythree fiftysix fiftyfive fiftyfour fiftythree sixty fiftynine fiftyeight fiftyseven fifty fortythree fortyfour fortyfive fortyfour fiftyone fiftyeight sixtyfive seventytwo seventynine eighty eightyseven eighty seventythree seventyfour seventyfive seventysix seventyseven seventyone seventyeight eightyfive ninetytwo ninetynine onehun onehunone onehuntwo onehunnine onehunsixteen onehuntwentythree onehunsixteen onehunnine onehunten onehunthree ninetysix eightynine eightytwo eightythree eightyfour ninetyone ninetyeight onehunfive onehuntwelve onehunnineteen onehuntwentysix onehunthirtythree onehunforty onehunthirtynine onehunthirtyeight onehunfortyfive onehunfiftytwo onehunfiftynine onehunsixtysix onehunfiftynine onehunsixty onehunfiftythree onehunfortysix onehunfortyfive onehunfortyfour onehunfortythree onehunfortyfour onehunfortyfive onehunfortysix onehunfiftythree onehunsixty onehunsixtyseven onehunseventyfour onehunseventyfive onehunsixtynine onehunsixtytwo onehunfiftyfive onehunfortyeight onehunfiftyfour onehunfortyeight onehunfortynine onehunfifty onehunfiftyseven onehunfifty onehunfortythree onehunfortyfour onehunthirtyseven onehunthirty onehuntwentythree onehuntwentytwo onehuntwentyone onehuntwentytwo onehuntwentythree onehunthirty onehuntwentynine onehuntwentyeight onehunthirtyfive onehunfortytwo onehunfortynine onehunfiftysix onehunsixtythree onehunsixtyfour onehunseventyone onehunseventyeight onehunseventyone onehunseventytwo onehunseventythree onehunseventyfour onehuneightyone onehuneighty onehuneightyseven onehunninetyfour onehunninetyfive onehunninetysix onehunninety onehuneightythree onehunseventysix onehuneightytwo onehuneightyone onehuneighty onehunseventynine onehunseventyeight onehuneightyfive onehunninetytwo onehuneightyfive onehunseventyeight onehunseventyone onehunseventy onehunsixtynine onehunseventyfive onehuneightytwo onehuneightyone onehuneighty onehunseventynine onehuneightysix onehunninetythree onehunninetytwo onehunninetyone onehuneightyfour onehuneightyfive onehuneightysix onehuneightyseven onehuneightysix onehuneightyfive onehuneightyfour onehunseventyseven onehunseventy onehunsixtythree onehunfiftysix onehunfortynine onehunfifty onehunfortynine onehunfortyeight onehunfiftyfour onehunsixtyone onehunfiftyfour onehunfortyseven onehunforty onehunthirtythree onehuntwentyseven onehuntwentyeight onehuntwentyone onehunfourteen onehunseven onehun ninetythree ninetytwo ninetyeight ninetyone eightyfour seventyseven seventy sixtythree fiftysix fortynine fortytwo thirtyfive twentyeight twentyone fourteen thirteen twelve eleven ten nine sixteen fifteen twentyone twenty twentyseven thirtyfour thirtyfive fortytwo fortynine fiftysix sixtythree seventy seventyseven eightyfour seventyeight seventynine eighty eightyseven ninetyfour onehunone onehun ninetynine onehunfive onehuntwelve onehunnineteen onehunthirteen onehunfourteen onehuntwentyone onehuntwentyeight onehunthirtyfive onehunthirtyfour onehunforty onehunthirtynine onehunfortysix onehunfortyfive onehunfortyfour onehunfiftyone onehunfiftyeight onehunsixtyfive onehunsixtyfour onehunfiftyseven onehunfifty onehunfortythree onehunthirtysix onehuntwentynine onehuntwentytwo onehunfifteen onehuneight onehunone ninetyfour eightyseven eighty seventythree sixtysix fiftynine fiftytwo fortyfive thirtyeight thirtyone twentyfour twentyfive twentysix twentyseven twenty twentyone fifteen sixteen twentythree sixteen nine two zero seven zero three ten seventeen sixteen twentythree thirty thirtyseven thirtyeight thirtynine fortysix fiftythree fortysix thirtynine thirtytwo twentyfive twentysix nineteen twelve five six zero one zero five twelve nineteen twentysix thirtythree thirtyfour fortyone fortyeight fiftyfive sixtytwo sixtynine seventysix eightythree ninety ninetyseven onehunfour onehuneleven onehunten onehunseventeen onehuntwentyfour onehuntwentyfive onehuntwentysix onehuntwenty onehuntwentyseven onehuntwenty onehunthirteen onehunsix ninetynine ninetytwo eightyfive seventyeight eightyfour eightythree eightytwo seventyfive sixtyeight sixtyseven sixtysix fiftynine fiftyeight fiftyone fortyfour thirtyseven thirty twentythree sixteen fifteen twentyone twenty twentyone fifteen twentytwo twentynine thirtysix fortythree fifty fiftyseven sixtyfour fiftyseven fifty fortythree thirtysix twentynine twentytwo fifteen eight fourteen thirteen twelve eleven ten nine sixteen twentythree thirty thirtyseven fortyfour fiftyone fiftyeight sixtyfive seventytwo seventyone seventyseven seventysix eightythree ninety ninetyseven onehunfour onehuneleven onehuneighteen onehunseventeen onehunsixteen onehunseventeen onehuneighteen onehunnineteen onehuntwentysix onehunnineteen onehuntwelve onehunfive ninetyeight ninetyone eightyfour seventyseven seventy sixtythree fiftysix fortynine fortythree fortyfour fortythree thirtysix twentynine thirtysix fortythree fifty fiftyseven sixtyfour seventyone seventyeight seventyone sixtyfour sixtyfive sixtysix sixtyseven sixty fiftythree fortysix thirtynine thirtytwo twentyfive eighteen eleven twelve thirteen fourteen thirteen twenty twentyseven thirtyfour fortyone fortyeight fiftyfive sixtytwo sixtynine seventy sixtyfour seventyone sixtyfour fiftyseven fifty fortythree fortynine fortythree fortyfour fortyfive fiftytwo fortyfive thirtyeight thirtyone twentyfour seventeen ten three two zero
100
one one
two two
three three
six six
seven seven
ten ten
eleven eleven
twelve twelve
fourteen fourteen
fifteen fifteen
sixteen sixteen
seventeen seventeen
twenty twenty
twentythree twentythree
twentyfive twentyfive
twentysix twentysix
twentyseven twentyseven
twentynine twentynine
thirtythree thirtythree
thirtyfour thirtyfour
thirtyseven thirtyseven
thirtyeight thirtyeight
fortythree fortythree
fortyfour fortyfour
fortyfive fortyfive
fortynine fortynine
fiftytwo fiftytwo
fiftythree fiftythree
fiftyfive fiftyfive
fiftyseven fiftyseven
fiftyeight fiftyeight
sixty sixty
sixtyfour sixtyfour
sixtysix sixtysix
sixtyseven sixtyseven
sixtynine sixtynine
seventy seventy
seventyone seventyone
seventytwo seventytwo
seventyfive seventyfive
seventyseven seventyseven
seventyeight seventyeight
seventynine seventynine
eightytwo eightytwo
eightythree eightythree
eightyfour eightyfour
eightyseven eightyseven
ninetyeight ninetyeight
ninetynine ninetynine
onehunone onehunone
onehuneight onehuneight
onehunten onehunten
onehuneleven onehuneleven
onehunthirteen onehunthirteen
onehunsixteen onehunsixteen
onehunseventeen onehunseventeen
onehuneighteen onehuneighteen
onehunnineteen onehunnineteen
onehuntwentyone onehuntwentyone
onehuntwentythree onehuntwentythree
onehuntwentyfour onehuntwentyfour
onehuntwentysix onehuntwentysix
onehuntwentyseven onehuntwentyseven
onehuntwentyeight onehuntwentyeight
onehunthirty onehunthirty
onehunthirtyfive onehunthirtyfive
onehunforty onehunforty
onehunfortythree onehunfortythree
onehunfortyfour onehunfortyfour
onehunfortyfive onehunfortyfive
onehunfortysix onehunfortysix
onehunfortynine onehunfortynine
onehunfifty onehunfifty
onehunfiftyfour onehunfiftyfour
onehunfiftyseven onehunfiftyseven
onehunfiftynine onehunfiftynine
onehunsixty onehunsixty
onehunsixtyone onehunsixtyone
onehunsixtythree onehunsixtythree
onehunsixtyfour onehunsixtyfour
onehunsixtyfive onehunsixtyfive
onehunsixtysix onehunsixtysix
onehunsixtynine onehunsixtynine
onehunseventy onehunseventy
onehunseventyone onehunseventyone
onehunseventythree onehunseventythree
onehunseventyfour onehunseventyfour
onehunseventyfive onehunseventyfive
onehunseventysix onehunseventysix
onehunseventyeight onehunseventyeight
onehuneighty onehuneighty
onehuneightyone onehuneightyone
onehuneightytwo onehuneightytwo
onehuneightyfour onehuneightyfour
onehuneightyseven onehuneightyseven
onehunninety onehunninety
onehunninetyone onehunninetyone
onehunninetytwo onehunninetytwo
onehunninetythree onehunninetythree
onehunninetyfour onehunninetyfour
