zero five twelve nineteen twentysix thirtythree forty thirtythree thirtytwo twentyfive eighteen seventeen sixteen nine ten eleven eighteen twentyfive twentyfour thirtyone thirty twentynine thirtyfive thirtyfour thirtythree thirtytwo thirtyone thirtyeight fortyfive thirtyeight thirtynine fortysix thirtynine forty fortyone fortytwo thirtysix thirtyseven thirty twentythree sixteen nine two zero five zero three zero six thirteen six seven zero five twelve thirteen fourteen eight fifteen eight one zero six thirteen twenty nineteen eighteen eleven four zero
25
three three
five five
six six
seven seven
nine nine
eleven eleven
twelve twelve
thirteen thirteen
fourteen fourteen
fifteen fifteen
sixteen sixteen
eighteen eighteen
nineteen nineteen
twenty twenty
twentyfive twentyfive
thirtyone thirtyone
thirtytwo thirtytwo
thirtyfour thirtyfour
thirtyfive thirtyfive
thirtyseven thirtyseven
thirtyeight thirtyeight
forty forty
fortytwo fortytwo
fortyfive fortyfive
fortysix fortysix
