0 44 79 12 27 86 106 51 29 44 180 47 87 49 77 136 14 38 67 93 64 54 25 61 1 91 40 57 10 88 3 95 122 73 32 99 42 35 8 80 36 29 98 90 28 84 19 9 152 6 78 33 17 13 63 105 11 85 62 34 21 45 80 66 75 29 130 23 194 37 26 93 18 39 113 7 122 27 97 80 83 55 16 96 100 24 56 65 21 181 81 58 71 52 74 19 153 50 68 72 22 163 69 41 30 41 60 76 43 181 94 82 181 48 46 2 5 31 4 181 83 89 59 70 44 92 163 15 53 20 0
100
80 80
29 29
27 27
12 12
44 44
60 60
77 77
5 5
74 74
21 21
35 35
24 24
37 37
93 93
67 67
41 41
83 83
79 79
97 97
51 51
19 19
50 50
4 4
94 94
33 33
84 84
96 96
98 98
69 69
76 76
13 13
78 78
92 92
45 45
39 39
95 95
25 25
47 47
63 63
82 82
73 73
70 70
91 91
22 22
66 66
36 36
26 26
15 15
64 64
20 20
31 31
17 17
46 46
55 55
2 2
53 53
81 81
57 57
65 65
88 88
49 49
72 72
54 54
30 30
89 89
16 16
0 0
58 58
42 42
18 18
75 75
59 59
8 8
23 23
38 38
11 11
34 34
85 85
32 32
62 62
10 10
71 71
52 52
14 14
6 6
43 43
86 86
61 61
48 48
90 90
99 99
1 1
9 9
7 7
28 28
40 40
68 68
87 87
56 56
3 3
