Djibouti Afghanistan Djibouti Austrian Azerbaijan Austrian Baden Austrian Bangladesh Austrian Djibouti Benin Bosnia Benin Bolivia Benin Djibouti Antigu Austria Antigu Djibouti Barbados Belarus Barbados Djibouti Afghanistan Angola Afghanistan Djibouti Barbados Djibouti Benin Botswana Benin Djibouti Afghanistan Albania Afghanistan Djibouti Benin Djibouti Austrian Bahrain Austrian Djibouti Barbados Belgium Barbados Djibouti Antigu Australia Antigu Djibouti Afghanistan Algeria Afghanistan Djibouti Antigu Djibouti Barbados Bavaria Barbados Djibouti Austrian Djibouti Afghanistan Andorra Afghanistan Djibouti Antigu Armenia Antigu Argentina Antigu Djibouti Barbados Belize Barbados Djibouti Benin Brazil Benin Djibouti
25
Afghanistan Afghanistan
Albania Albania
Algeria Algeria
Andorra Andorra
Angola Angola
Antigu Antigu
Argentina Argentina
Armenia Armenia
Australia Australia
Austria Austria
Austrian Austrian
Azerbaijan Azerbaijan
Baden Baden
Bahrain Bahrain
Bangladesh Bangladesh
Barbados Barbados
Bavaria Bavaria
Belarus Belarus
Belgium Belgium
Belize Belize
Benin Benin
Bolivia Bolivia
Bosnia Bosnia
Botswana Botswana
Brazil Brazil
