equinox mastermind jurisdiction uncertainty aisle funeral glove chain bark flow houseplant corpse band union remark dollar disposition muggy farewell essential twitch referee secretary photograph analyst fish lamb hiccup presidential paint seller fibre orange slice brick tropical clothes explicit dry method wilderness prejudice novel equinox
43
houseplant houseplant
lamb lamb
fibre fibre
presidential presidential
chain chain
union union
essential essential
brick brick
mastermind mastermind
aisle aisle
novel novel
bark bark
disposition disposition
paint paint
secretary secretary
uncertainty uncertainty
photograph photograph
explicit explicit
slice slice
band band
farewell farewell
seller seller
fish fish
orange orange
clothes clothes
prejudice prejudice
muggy muggy
flow flow
wilderness wilderness
equinox equinox
analyst analyst
dry dry
twitch twitch
funeral funeral
method method
jurisdiction jurisdiction
dollar dollar
corpse corpse
remark remark
referee referee
hiccup hiccup
glove glove
tropical tropical
