188645 36D08C 6D778A 0D7DE7 724A76 AA8E14 8D0852 D443EB 673B36 17A825 DD2694 17A825 E09D29 B0C7A5 07D80A 103C70 94D700 3ADA02 FA567E 298FDD 500783 298FDD 673B36 628AB2 CEAE00 37F745 318BA7 784F83 2C101C 318BA7 D04F40 318BA7 17A825 19FFAB 17A825 AD298D AFF8D1 AD298D FA567E 0FB66D FA567E B833F0 07D80A B7B073 EF4D57 CB09C0 410DA1 784F83 467AB7 44716B 567883 1276AF 2EA2EE E954F7 410DA1 EF4D57 DF9F85 44716B 567883 C98FE7 17A825 DBDC9A A5CCB5 2F1AB5 298FDD 0FBCDC 298FDD 35F60D AA8E14 D04F40 9B9BDD 2F1AB5 F53049 994F93 F53049 D5356A F53049 9B0EC2 70146D 7E18E9 1472B4 0A5C0E 298FDD 35F60D 3B1041 3AA8C5 561BC2 539A92 561BC2 2F1AB5 D7CAF9 825884 A7E9D9 298FDD 48C2D5 298FDD DDF3EB 800641 ACB11D FF8D45 0FB66D 4FBDE1 7E5598 8D0852 AA8E14 D01E6B 7BF2B5 FD1783 3C7AA2 29B2A4 84EBFF 36D08C 188645
50
AA8E14 AA8E14
A7E9D9 A7E9D9
37F745 37F745
44716B 44716B
D5356A D5356A
0A5C0E 0A5C0E
C98FE7 C98FE7
188645 188645
07D80A 07D80A
DBDC9A DBDC9A
DD2694 DD2694
628AB2 628AB2
9B9BDD 9B9BDD
3ADA02 3ADA02
D443EB D443EB
539A92 539A92
994F93 994F93
FD1783 FD1783
CB09C0 CB09C0
94D700 94D700
EF4D57 EF4D57
800641 800641
724A76 724A76
84EBFF 84EBFF
D7CAF9 D7CAF9
48C2D5 48C2D5
D04F40 D04F40
E954F7 E954F7
29B2A4 29B2A4
6D778A 6D778A
7E18E9 7E18E9
AFF8D1 AFF8D1
3B1041 3B1041
8D0852 8D0852
784F83 784F83
9B0EC2 9B0EC2
1276AF 1276AF
A5CCB5 A5CCB5
4FBDE1 4FBDE1
0FBCDC 0FBCDC
B7B073 B7B073
E09D29 E09D29
D01E6B D01E6B
2C101C 2C101C
467AB7 467AB7
500783 500783
B833F0 B833F0
19FFAB 19FFAB
FF8D45 FF8D45
0FB66D 0FB66D
