F1E81B 112AE7 1977E0 C9AF85 6C010A 8417C8 124C90 D337F2 5FD658 230A7C 580DB7 596CF6 17BB75 C45E71 29D5D7 C45E71 8B6C2F 4B3F8A 305D33 112AE7 90451D 002274 FFEEBD CD2CA7 AE4A01 1D21D3 8EBF8A C45E71 4A5708 7E1C6C 52C88C 7E1C6C 783751 1D21D3 293D59 DD07FF 1E1095 2334E8 47FACD 2334E8 851F90 112AE7 9096DB 17BB75 086D53 C3B3E7 86493E 17779E BDE94D A1F104 91A0DC 1F842B B69F55 825EC5 6B340B DD07FF 5C7062 EAD0E3 6E313C 4B3F8A F33196 086D53 6CAF46 28F6D1 112AE7 94A561 17BB75 36590B 8F495E 13A782 8F17C0 846159 20EAE7 1977E0 D6CC7A C45E71 2CCB19 E2CE9F 685D1A EB719D 0F5860 1111F7 770D1A AD0427 63361A BA3320 66048A 06C557 DCE144 A9F1B8 CEAC59 FFFD4B 6CAF46 B7F75A 2CCB19 614224 FB0EF2 573788 EDF90E 85D6DB 7D997B E51A66 6CAF46 2334E8 8B519F 10520F 77A0B5 B23A80 ABD8FE 1D21D3 8BFCAC 086D53 14994D EC4D08 C4303B 1111F7 AEFF96 685D1A E5E6C0 002274 5F4E43 6B622D C45E71 1977E0 2BF7B5 0F5860 BB40E6 7D997B E3C2C9 3B4B53 D1967A EAD0E3 7E78F3 EAD0E3 E81014 8F17C0 59843B E3C2C9 3B4B53 2595F1 239994 8EBF8A 5BB557 4A28BA EE2A22 86493E BDE94D 6D51F4 62C365 6966D7 099830 396D53 3C5D7A 61199E 825EC5 CC9C14 825EC5 580DB7 4CAD30 580DB7 151BC9 53C6C8 D4A75D 1111F7 DE6899 DD07FF 4A28BA DD07FF 4099A6 BF6302 7829D7 099830 8015E0 93EBE3 013940 0CBC31 596CF6 490F1E 6825D4 BB4908 B47658 D1AE72 E80628 82A1F6 7E1C6C 10520F 4B97F1 10520F 813B05 191510 2FEDFB 2CCB19 C3EF62 E33276 17BB75 C18C9B 1B337D 14B430 CD2CA7 36C862 112AE7 F1E81B
100
614224 614224
7E1C6C 7E1C6C
490F1E 490F1E
17779E 17779E
2FEDFB 2FEDFB
6B622D 6B622D
8015E0 8015E0
C4303B C4303B
AE4A01 AE4A01
230A7C 230A7C
4A28BA 4A28BA
305D33 305D33
E3C2C9 E3C2C9
4CAD30 4CAD30
8B6C2F 8B6C2F
D1967A D1967A
D4A75D D4A75D
851F90 851F90
61199E 61199E
124C90 124C90
3B4B53 3B4B53
DE6899 DE6899
AEFF96 AEFF96
8BFCAC 8BFCAC
1F842B 1F842B
C3B3E7 C3B3E7
770D1A 770D1A
8B519F 8B519F
E5E6C0 E5E6C0
293D59 293D59
E81014 E81014
396D53 396D53
C3EF62 C3EF62
8F17C0 8F17C0
CEAC59 CEAC59
7E78F3 7E78F3
F33196 F33196
2CCB19 2CCB19
14B430 14B430
239994 239994
29D5D7 29D5D7
6D51F4 6D51F4
4099A6 4099A6
6B340B 6B340B
B69F55 B69F55
B7F75A B7F75A
86493E 86493E
F1E81B F1E81B
36C862 36C862
8417C8 8417C8
A1F104 A1F104
0F5860 0F5860
8EBF8A 8EBF8A
5C7062 5C7062
63361A 63361A
E51A66 E51A66
5F4E43 5F4E43
20EAE7 20EAE7
90451D 90451D
7829D7 7829D7
14994D 14994D
85D6DB 85D6DB
2BF7B5 2BF7B5
596CF6 596CF6
ABD8FE ABD8FE
813B05 813B05
66048A 66048A
52C88C 52C88C
8F495E 8F495E
28F6D1 28F6D1
36590B 36590B
BB40E6 BB40E6
47FACD 47FACD
573788 573788
DCE144 DCE144
B47658 B47658
151BC9 151BC9
BB4908 BB4908
685D1A 685D1A
93EBE3 93EBE3
5BB557 5BB557
4B97F1 4B97F1
C9AF85 C9AF85
FFFD4B FFFD4B
D337F2 D337F2
783751 783751
6966D7 6966D7
1E1095 1E1095
59843B 59843B
FFEEBD FFEEBD
9096DB 9096DB
E80628 E80628
C18C9B C18C9B
77A0B5 77A0B5
4A5708 4A5708
CC9C14 CC9C14
94A561 94A561
0CBC31 0CBC31
6E313C 6E313C
D6CC7A D6CC7A
