7FD578 309D1E 6CAF19 309D1E F94356 A085DD 853F1A 01684B AA2C70 2C376F 309D1E 2FBF68 F4C859 66B94B CE97C4 877D0E 283373 C03738 9F01C8 17BEF0 9B7F16 E5D023 E27C41 1176C9 853F1A 283373 1AC5CE 0FED38 8633C5 1EE680 9F01C8 EEEA40 C03738 62DE79 981760 FF39A5 7CDA20 61D740 7CDA20 2FBF68 3E0BDD 2FBF68 01684B E27C41 E5D023 9B7F16 B40756 17BEF0 138F30 2E60FC CE97C4 6C7BF0 0FED38 66B94B CE97C4 1BD5F4 853F1A 57CBDE 7B7BDE C3030C 859C0E 17BEF0 7FD578 FF39A5 7FD578
25
9F01C8 9F01C8
66B94B 66B94B
61D740 61D740
FF39A5 FF39A5
2E60FC 2E60FC
859C0E 859C0E
01684B 01684B
3E0BDD 3E0BDD
1AC5CE 1AC5CE
1176C9 1176C9
6CAF19 6CAF19
6C7BF0 6C7BF0
2C376F 2C376F
981760 981760
9B7F16 9B7F16
E27C41 E27C41
877D0E 877D0E
7B7BDE 7B7BDE
B40756 B40756
EEEA40 EEEA40
E5D023 E5D023
F4C859 F4C859
1EE680 1EE680
1BD5F4 1BD5F4
A085DD A085DD
