maintenance future price difficulty woman description focus description income war contract subject account chest rate role complaint theory example class inspection class version philosophy average philosophy volume resolution future sister price bread cause obligation cause style object career war sign role sign economy action population farmer feature farmer cause philosophy description photo church salad improvement rock cause career chest property chest wife maintenance depression difficulty day role sign cause movie selection context extent marketing competition church beer church volume reputation future maintenance driver chest volume church maintenance
50
maintenance maintenance
future future
description description
sign sign
career career
church church
obligation obligation
volume volume
reputation reputation
chest chest
cause cause
role role
income income
version version
philosophy philosophy
difficulty difficulty
contract contract
depression depression
war war
inspection inspection
movie movie
bread bread
salad salad
property property
selection selection
feature feature
day day
wife wife
price price
action action
marketing marketing
photo photo
account account
resolution resolution
beer beer
sister sister
woman woman
context context
complaint complaint
competition competition
driver driver
economy economy
rate rate
average average
focus focus
style style
population population
object object
example example
rock rock
