engine bath difficulty performance view temperature delivery time network beer answer section strategy singer moment stranger model stranger data extent drawer flight stranger source temperature material process menu engine sport equipment temperature girl song card industry standard extent sympathy understanding age two age buyer theory clothes poetry secretary reputation grandmother tax poetry variation reputation age light bath politics stranger mind interaction leadership age accident statement problem significance beginning ear dirt wealth fact idea engineering equipment member delivery funeral feedback figure tooth extent measurement poetry machine speech meal song effort emphasis strategy series poetry departure age energy bus engine chapter finding volume process error stranger significance effort teacher feedback drawing stranger aspect birth reputation tension girl war extent promotion statement interaction menu worker country side stranger money network situation dealer temperature business error eye statement police failure education reputation editor ratio feature choice feature piano preparation interaction office interaction director network analyst extent area reaction step size town space tool extent satisfaction feature class feature teaching engine
100
engine engine
age age
temperature temperature
error error
reputation reputation
interaction interaction
police police
significance significance
flight flight
delivery delivery
dealer dealer
menu menu
card card
situation situation
girl girl
politics politics
emphasis emphasis
member member
song song
preparation preparation
business business
process process
speech speech
office office
light light
series series
grandmother grandmother
area area
mind mind
energy energy
secretary secretary
tool tool
leadership leadership
engineering engineering
failure failure
promotion promotion
teacher teacher
standard standard
eye eye
moment moment
model model
funeral funeral
problem problem
meal meal
chapter chapter
tax tax
material material
accident accident
tension tension
drawer drawer
tooth tooth
beginning beginning
figure figure
director director
dirt dirt
sport sport
choice choice
satisfaction satisfaction
side side
aspect aspect
data data
machine machine
beer beer
clothes clothes
two two
measurement measurement
view view
ear ear
drawing drawing
piano piano
time time
money money
volume volume
country country
section section
bus bus
worker worker
idea idea
ratio ratio
town town
answer answer
fact fact
birth birth
singer singer
analyst analyst
education education
departure departure
buyer buyer
editor editor
source source
war war
variation variation
performance performance
difficulty difficulty
space space
sympathy sympathy
understanding understanding
step step
teaching teaching
class class
