context car while cell store potato bread aspect departure aspect study road teaching part interaction part ability soil price anxiety drawing wood reality fat attempt bank thanks currency thanks bedroom aspect construction aspect state anxiety satisfaction drawing fat drawing farmer disaster care bit technology context
25
context context
aspect aspect
construction construction
teaching teaching
bedroom bedroom
satisfaction satisfaction
state state
departure departure
reality reality
road road
ability ability
attempt attempt
bread bread
soil soil
currency currency
farmer farmer
interaction interaction
wood wood
while while
bit bit
thanks thanks
anxiety anxiety
fat fat
store store
care care
