S A AH G AI U P BK F BF A AK A BS I BZ I BT A AD A AQ J AS A BU A AA A BD A BQ I BG C CD V W A Y AY T R BR AE N Z M AM A AJ A CR Q BH A CA B AR B BV A CJ A AL A AZ D CF O BE I CH K BA A AU A BW A CC AC AV E CV L X H CQ A BC F BI A BJ AN AG I BN I BB A CN A CU A BX A AP CB BY A AF A BM AB CM A CP AW BL B AT K CI K CO K CE I BO I CW I CL I AX CT AO A BP A CS A CK A S
100
A A
B B
C C
D D
E E
F F
G G
H H
I I
J J
K K
L L
M M
N N
O O
P P
Q Q
R R
S S
T T
U U
V V
W W
X X
Y Y
Z Z
AA AA
AB AB
AC AC
AD AD
AE AE
AF AF
AG AG
AH AH
AI AI
AJ AJ
AK AK
AL AL
AM AM
AN AN
AO AO
AP AP
AQ AQ
AR AR
AS AS
AT AT
AU AU
AV AV
AW AW
AX AX
AY AY
AZ AZ
BA BA
BB BB
BC BC
BD BD
BE BE
BF BF
BG BG
BH BH
BI BI
BJ BJ
BK BK
BL BL
BM BM
BN BN
BO BO
BP BP
BQ BQ
BR BR
BS BS
BT BT
BU BU
BV BV
BW BW
BX BX
BY BY
BZ BZ
CA CA
CB CB
CC CC
CD CD
CE CE
CF CF
CH CH
CI CI
CJ CJ
CK CK
CL CL
CM CM
CN CN
CO CO
CP CP
CQ CQ
CR CR
CS CS
CT CT
CU CU
CV CV
CW CW
