Bowles Birge Bechtel Cory Jacob Foothill Dwinelle HearstAnnex Lothlorien HearstAnnex Dwinelle Foothill Jacob Cory Stanley Moses Wellman Lewis Campanile LeConte RSF LeConte VLSB LeConte Stanley Cory Jacob Foothill Dwinelle HearstAnnex Dwinelle Foothill Jacob Cory Bechtel Baker Simons Baker Bechtel Cory Stanley LeConte VLSB Boalt Kresge Boalt VLSB LeConte Campanile Wurster Zellerbach Wurster Campanile LeConte Stanley Cory Jacob Evan Blackwell Evan Jacob Hertz CVStarr Unit3 CKerr WayWest CKerr Unit3 CVStarr Hertz Jacob TopDog Starbucks Chipotle Starbucks TopDog Jacob Cory Stanley LeConte Campanile Wurster McCone Spats McCone Wurster Campanile LeConte Stanley Moses Pimentel Stacks Sherman Stacks Pimentel Moses Stanley Cory Jacob Foothill Dwinelle Haas Dwinelle Foothill Unit1 Foothill Jacob Hertz CVStarr Unit3 CKerr Ridge CKerr Unit3 CVStarr Hertz Jacob Cory Bechtel Birge Bowles Calvin Graduate Calvin Bowles Birge Bechtel Cory Jacob Foothill Dwinelle Haas Crossroads Lawrence UCTheatre NCEM UCTheatre Lawrence Crossroads Haas Dwinelle Foothill Jacob TopDog Starbucks Chipotle MFoundry Chipotle Starbucks TopDog Jacob Cory Bechtel Baker Daiso Baker Bechtel Cory Stanley LeConte Campanile Wurster Campanile LeConte VLSB Boalt Kresge Castro Kresge Boalt VLSB LeConte Campanile Wurster McCone Spats Stonefire PiLambda Stonefire Spats McCone Wurster Campanile LeConte Stanley Cory Bechtel Birge Bechtel Cory Stanley Moses Greek Moses Stanley Campbell Doe Campbell Stanley Cory Bechtel Latimer Edwards Easterly Edwards Latimer Mulford Crescent Mulford Latimer Edwards Latimer Bechtel Cory Stanley LeConte ALS LeConte Campanile Bongo Campanile LeConte VLSB Chez NorthGate Chez VLSB LeConte Stanley Campbell Koshland Campbell Stanley LeConte Campanile Bongo ShengKee Bongo Campanile LeConte Stanley Cory Jacob Hertz CVStarr Unit3 CKerr Unit3 CVStarr Hertz Jacob Evan SigmaPhiOmega BearFoodCourt Hargrove Tan Hoyt PhiKappaTau UCha Strada Baker Bechtel Minor Memorial AlphaSigmaPhi Memorial Minor Bechtel Cory Stanley LeConte VLSB Boalt Kresge PeoplesPark Kresge Boalt VLSB LeConte Stanley Campbell Stanley LeConte Campanile Wurster McCone Spats Stonefire PiLambda PiAlphaPhi PiLambda Stonefire Spats McCone Wurster Campanile LeConte Stanley Cory Bechtel Baker Bechtel Cory Stanley LeConte Campanile Bongo Artichokes Cheeseboard Artichokes Bongo Campanile LeConte Stanley Moses Greek Unit2 Wolf Unit2 Greek Stebbins Safeway Stebbins Greek Moses Wellman Sutardja Wellman Moses Stanley Cory Jacob Evan Blackwell McLaughlin GenPlantBio McLaughlin Blackwell Evan Moffitt Cloyne Moffitt Evan Jacob Foothill Davis Hildebrand Davis Foothill Jacob TopDog Fenwick Barker Fenwick TopDog Jacob Cory Stanley Moses Greek Unit2 Milano IndianRock Milano Unit2 Wolf StrawberryCreek Wilde Bechtel Birge Bowles LaVals Bowles Birge Bechtel Wilde StrawberryCreek Wilde Bechtel Minor Memorial Maxwell Barrows Maxwell Memorial Minor Bechtel Cory Stanley LeConte VLSB Boalt VLSB LeConte Stanley Moses Greek Unit2 Greek Moses Pimentel Stacks Pimentel Moses RareTea Gypsys RareTea Moses Stanley Cory Bechtel Birge Bowles Calvin Etcheverry Calvin Bowles Mulford Latimer Bechtel Cory Jacob Foothill Dwinelle Haas Pavilion Haas Crossroads Lawrence UCTheatre Lawrence Crossroads Haas Dwinelle Foothill Jacob TopDog GammaPhiBeta TopDog Jacob Cory Extension Cory Bechtel Minor Memorial Maxwell Memorial TacoBell Memorial Minor Bechtel Cory Jacob Foothill Haviland Morgan Martinez Morgan Haviland Foothill Davis Hildebrand YogurtPark Hildebrand Davis Foothill Dwinelle Haas Crossroads Haas Dwinelle Foothill Haviland Morgan Haviland Foothill Davis Browns Davis Foothill Jacob Hearst MLK Rochdale MLK Latimer Bechtel Baker Strada RoseGarden Strada Baker Bechtel Birge Bowles
80
Wolf Wolf
Evan Evan
Foothill Foothill
Campbell Campbell
Doe Doe
Spats Spats
Crescent Crescent
Birge Birge
Campanile Campanile
Extension Extension
Chipotle Chipotle
Moses Moses
IndianRock IndianRock
VLSB VLSB
Wellman Wellman
Koshland Koshland
Mulford Mulford
HearstAnnex HearstAnnex
RSF RSF
Haas Haas
Boalt Boalt
Wurster Wurster
NorthGate NorthGate
Unit1 Unit1
Blackwell Blackwell
Zellerbach Zellerbach
UCTheatre UCTheatre
Cheeseboard Cheeseboard
RoseGarden RoseGarden
Greek Greek
Maxwell Maxwell
StrawberryCreek StrawberryCreek
Calvin Calvin
GenPlantBio GenPlantBio
Barker Barker
Etcheverry Etcheverry
Sutardja Sutardja
Easterly Easterly
BearFoodCourt BearFoodCourt
Kresge Kresge
AlphaSigmaPhi AlphaSigmaPhi
Hildebrand Hildebrand
Morgan Morgan
Baker Baker
GammaPhiBeta GammaPhiBeta
Barrows Barrows
Unit2 Unit2
Unit3 Unit3
CKerr CKerr
Martinez Martinez
WayWest WayWest
Pavilion Pavilion
PiLambda PiLambda
PiAlphaPhi PiAlphaPhi
MFoundry MFoundry
Stacks Stacks
Simons Simons
NCEM NCEM
ALS ALS
PeoplesPark PeoplesPark
LaVals LaVals
Bongo Bongo
TacoBell TacoBell
Strada Strada
Edwards Edwards
Crossroads Crossroads
Browns Browns
Safeway Safeway
Gypsys Gypsys
Graduate Graduate
Daiso Daiso
YogurtPark YogurtPark
ShengKee ShengKee
Rochdale Rochdale
Cloyne Cloyne
Ridge Ridge
Lothlorien Lothlorien
Wilde Wilde
Castro Castro
Sherman Sherman
