Wheeler Evans Latimer Etcheverry Soda Cheit Pimentel Anthony Pimentel WayWest Ippuku Metropolitan Ippuku WayWest Warren Hearst Warren WayWest Pimentel Cheit Soda Sather OCF Sather Martinez Sather Soda CVStarr Morgan HearstAnnex Unit1 Faculty FSM Baker CZ Fiji CZ Baker McCone BigC Pavilion Simons Koja Legends Koja Simons Pavilion PeoplePark Pavilion BigC McCone Baker RareTea Stonefire RareTea Baker McCone CKerr McCone Baker RareTea McLaughlin Memorial IHouse Memorial Minor Maxwell MemorialStadium Hargrove MemorialStadium Maxwell Minor Haas Stonefire Koshland RSF Wellman Haviland Campbell LeConte Dwinelle LeConte Birge LeConte Dwinelle Wheeler Sproul Wheeler Dwinelle LeConte Campbell Haviland Koshland Stonefire RareTea Baker McCone BigC Pavilion Simons LaNote Unit2 LaNote Simons Pavilion BigC McCone Baker McCone BigC Pavilion Simons Koja TriDelta Koja Simons Pavilion BigC Bongo NorthGate Ippuku WayWest Cloyne WayWest Pimentel Cheit Soda Sather Barker Sather Unit3 Sather Soda Etcheverry Latimer Stanley Foothill Stanley Latimer Etcheverry Soda Cheit Normandy Kresge Davis Hearst Warren WayWest Pimentel Morgan HearstAnnex Stephens Moses Stephens HearstAnnex Morgan Pimentel Cheit Soda Moffitt VLSB Etcheverry Latimer Evans Morrison Greek Bechtel Jacobs Cory Greek Lewis Kroeber Wurster Boalt Wurster Kroeber Hertz Morrison Evans Wheeler
36
Jacobs Jacobs
Bechtel Bechtel
Foothill Foothill
Moffitt Moffitt
Birge Birge
Morrison Morrison
Moses Moses
Dwinelle Dwinelle
RSF RSF
Haas Haas
Boalt Boalt
IHouse IHouse
Sproul Sproul
Hargrove Hargrove
McLaughlin McLaughlin
Kroeber Kroeber
Etcheverry Etcheverry
Anthony Anthony
Cheit Cheit
Martinez Martinez
Barker Barker
Unit3 Unit3
OCF OCF
Warren Warren
Cloyne Cloyne
Metropolitan Metropolitan
Davis Davis
Hearst Hearst
Baker Baker
CKerr CKerr
Fiji Fiji
Stonefire Stonefire
PeoplePark PeoplePark
Legends Legends
TriDelta TriDelta
Unit2 Unit2
