0 5 42 40 22 23 0 50 52 56 66 97 66 56 52 50 0 23 41 23 25 55 62 55 25 8 6 58 73 58 6 45 42 5 32 5 0 50 54 59 77 59 54 50 53 58 70 58 53 50 52 56 65 94 65 95 65 56 52 50 0 24 21 18 13 15 35 15 25 37 25 11 25 19 21 24 0 50 52 56 67 56 52 50 54 59 78 59 54 50 53 58 71 58 6 46 39 33 7 48 8 31 20 31 44 26 42 6 58 74 58 53 50 52 56 65 96 65 56 52 50 0 8 14 24 12 37 25 55 60 55 62 87 62 55 64 92 64 55 61 84 61 55 64 93 64 55 25 28 10 28 25 55 61 83 61 55 25 15 13 49 12 24 0 50 52 56 66 98 66 56 52 50 51 55 63 55 25 23 32 90 32 34 44 2 25 8 0
50
2 2
10 10
11 11
12 12
14 14
19 19
20 20
21 21
23 23
25 25
26 26
31 31
32 32
33 33
34 34
35 35
37 37
39 39
40 40
41 41
42 42
45 45
48 48
49 49
52 52
54 54
55 55
59 59
60 60
62 62
63 63
66 66
67 67
70 70
71 71
73 73
74 74
77 77
78 78
83 83
84 84
87 87
90 90
92 92
93 93
94 94
95 95
96 96
97 97
98 98
