86 133 36 20 82 20 36 133 152 133 39 62 98 173 98 165 177 165 98 126 37 11 37 188 47 41 47 188 199 15 18 51 18 15 32 114 105 114 1 180 106 180 161 163 7 145 167 132 167 140 67 71 61 30 61 15 32 25 153 25 64 40 58 28 58 116 133 55 68 90 68 22 128 151 160 191 49 122 40 55 68 35 68 115 95 57 70 147 186 120 86 67 115 182 96 174 96 182 108 61 71 67 86 169 147 158 147 186 196 99 87 102 22 67 140 147 45 7 145 167 65 146 65 167 71 61 108 44 108 61 79 137 79 187 186 26 164 130 4 179 4 31 115 136 43 185 23 39 147 113 111 121 131 77 48 12 8 78 14 78 76 111 129 171 9 62 84 62 112 159 32 25 143 6 143 88 151 192 67 115 101 115 95 72 127 10 171 75 63 128 86 125 49 122 40 64 40 60 87 99 165 18 139 112 10 127 151 17 151 160 147 91 98 62 156 39 23 8 114 52 178 66 60 154 166 175 70 63 145 7 171 9 110 9 13 9 171 182 100 68 115 97 115 53 115 182 92 43 77 95 81 157 32 88 27 88 34 135 38 40 15 61 69 61 71 190 183 166 149 39 133 36 70 147 138 147 73 147 184 108 61 104 24 168 189 168 24 104 81 1 42 128 63 74 63 128 5 103 117 70 107 61 108 94 102 150 86 67 198 67 192 151 80 194 80 151 37 3 19 77 131 172 56 172 128 42 76 42 32 181 81 95 148 78 8 114 54 67 93 55 8 12 123 12 62 89 62 12 79 21 79 187 2 67 86
100
1 1
2 2
5 5
6 6
8 8
10 10
11 11
13 13
14 14
17 17
19 19
21 21
22 22
26 26
27 27
28 28
30 30
35 35
36 36
38 38
41 41
44 44
45 45
48 48
51 51
52 52
53 53
54 54
56 56
57 57
64 64
66 66
69 69
71 71
72 72
73 73
74 74
75 75
76 76
82 82
84 84
87 87
89 89
90 90
91 91
92 92
93 93
94 94
97 97
100 100
101 101
105 105
106 106
107 107
110 110
113 113
116 116
117 117
120 120
121 121
122 122
123 123
125 125
126 126
129 129
132 132
137 137
138 138
139 139
140 140
145 145
146 146
148 148
149 149
150 150
152 152
153 153
154 154
156 156
157 157
158 158
159 159
160 160
163 163
169 169
173 173
174 174
175 175
177 177
179 179
181 181
183 183
184 184
185 185
189 189
192 192
194 194
196 196
198 198
199 199
