3 55 41 11 75 64 6 10 90 48 100 55 83 58 83 22 4 98 64 97 56 97 27 72 23 35 52 34 9 11 70 79 68 2 14 2 34 76 18 95 36 79 42 79 31 35 66 47 72 12 54 40 2 13 43 55 85 93 88 61 25 61 88 93 85 55 3 67 3 55 57 35 94 64 71 64 69 96 69 63 34 32 5 80 29 80 34 8 34 80 19 4 91 24 81 22 81 15 84 45 84 9 34 80 73 80 5 3 87 28 78 1 78 50 48 49 48 97 60 77 46 44 10 17 10 21 35 15 81 50 48 7 91 33 69 53 38 6 3
50
1 1
6 6
7 7
8 8
9 9
12 12
14 14
15 15
17 17
19 19
21 21
22 22
23 23
24 24
25 25
27 27
29 29
31 31
32 32
33 33
36 36
40 40
41 41
42 42
43 43
45 45
46 46
49 49
50 50
52 52
53 53
56 56
57 57
58 58
60 60
63 63
66 66
67 67
68 68
70 70
71 71
73 73
75 75
76 76
87 87
90 90
94 94
96 96
98 98
100 100
