110 44 72 100 168 124 81 159 66 60 25 20 41 192 40 30 94 76 197 169 54 73 45 47 92 172 74 148 178 189 98 160 13 142 11 176 171 39 55 138 3 127 122 190 145 91 15 163 67 195 77 99 181 38 87 161 56 182 85 14 170 193 123 43 101 121 131 6 140 51 141 83 5 18 19 52 165 22 53 50 96 64 152 175 1 36 79 149 126 147 107 0 29 28 154 199 103 26 90 132 110
100
0 0
1 1
3 3
5 5
6 6
11 11
13 13
14 14
15 15
18 18
19 19
20 20
22 22
25 25
26 26
28 28
29 29
30 30
36 36
38 38
39 39
40 40
41 41
43 43
44 44
45 45
47 47
50 50
51 51
52 52
53 53
54 54
55 55
56 56
60 60
64 64
66 66
67 67
72 72
73 73
74 74
76 76
77 77
79 79
81 81
83 83
85 85
87 87
90 90
91 91
92 92
94 94
96 96
98 98
99 99
100 100
101 101
103 103
107 107
110 110
121 121
122 122
123 123
124 124
126 126
127 127
131 131
132 132
138 138
140 140
141 141
142 142
145 145
147 147
148 148
149 149
152 152
154 154
159 159
160 160
161 161
163 163
165 165
168 168
169 169
170 170
171 171
172 172
175 175
176 176
178 178
181 181
182 182
189 189
190 190
192 192
193 193
195 195
197 197
199 199
