1 103 130 1 3 162 9 129 200 2 92 6 9 140 1 31 69 184 58 53 137 49 16 106 1 174 8 51 189 74 50 41 59 33 35 110 55 198 88 5 81 2 139 2 141 1 99 37 61 138 4 167 20 85 1 150 1 82 70 1 111 42 97 8 2 182 164 4 86 165 80 68 27 1 57 124 136 151 116 2 44 16 102 3 176 5 127 8 84 8 21 9 36 101 60 95 4 169 26 143 83 2 157 126 34 13 4 144 10 177 10 9 161 11 159 5 133 1 56 193 2 77 4 171 6 47 75 131 5 89 87 1 10 1 156 1
97
1 1
2 2
3 3
6 6
8 8
9 9
10 10
13 13
16 16
20 20
21 21
26 26
27 27
31 31
33 33
34 34
35 35
36 36
37 37
41 41
42 42
44 44
47 47
49 49
50 50
51 51
53 53
55 55
56 56
57 57
58 58
59 59
60 60
61 61
68 68
69 69
70 70
74 74
75 75
77 77
80 80
81 81
82 82
83 83
84 84
85 85
86 86
87 87
88 88
89 89
92 92
95 95
97 97
99 99
101 101
102 102
103 103
106 106
110 110
111 111
116 116
124 124
126 126
127 127
129 129
130 130
131 131
133 133
136 136
137 137
138 138
139 139
140 140
141 141
143 143
144 144
150 150
151 151
156 156
157 157
159 159
161 161
162 162
164 164
165 165
167 167
169 169
171 171
174 174
176 176
177 177
182 182
184 184
189 189
193 193
198 198
200 200
