31 12 88 27 57 195 191 141 89 4 103 58 34 125 32 38 173 168 188 198 170 184 164 196 199 171 169 186 175 180 197 179 110 74 42 9 52 151 77 120 146 140 121 45 149 47 80 127 114 21 156 160 90 99 115 105 137 33 66 14 148 35 107 143 106 123 108 147 94 152 78 49 67 22 7 117 13 131 68 65 128 167 82 28 60 93 69 29 30 20 119 81 6 83 112 46 48 64 86 134 138 31
100
4 4
6 6
7 7
9 9
12 12
13 13
14 14
20 20
21 21
22 22
27 27
28 28
29 29
30 30
32 32
33 33
34 34
35 35
38 38
42 42
45 45
46 46
47 47
48 48
49 49
52 52
57 57
58 58
60 60
64 64
65 65
66 66
67 67
68 68
69 69
74 74
77 77
78 78
80 80
81 81
82 82
83 83
86 86
88 88
89 89
90 90
93 93
94 94
99 99
103 103
105 105
106 106
107 107
108 108
110 110
112 112
114 114
115 115
117 117
119 119
120 120
121 121
123 123
125 125
127 127
128 128
131 131
134 134
137 137
138 138
140 140
141 141
143 143
146 146
147 147
148 148
149 149
151 151
152 152
156 156
160 160
164 164
167 167
168 168
169 169
170 170
171 171
173 173
175 175
179 179
180 180
184 184
186 186
188 188
191 191
195 195
196 196
197 197
198 198
199 199
