cure bear hypotonic bear Delphi bear logjam bear stupor bear Muscat bear Blackman bear lint bear belch bear Negroid bear Brillouin bear swoop bear obfuscate bear marquess bear item bear Bridgeport bear indignity bear Vichy bear latch bear roost bear ineducable bear Moe bear greet bear reflectance bear upheld bear seem bear cure
25
Delphi Delphi
hypotonic hypotonic
swoop swoop
marquess marquess
roost roost
reflectance reflectance
Negroid Negroid
Bridgeport Bridgeport
Muscat Muscat
Brillouin Brillouin
logjam logjam
indignity indignity
upheld upheld
item item
obfuscate obfuscate
ineducable ineducable
greet greet
belch belch
Moe Moe
lint lint
seem seem
Blackman Blackman
stupor stupor
latch latch
Vichy Vichy
