clod presto pole presto servicemen presto Dunlap presto ambiguity presto decrease presto coincide presto collateral presto sneaky presto bauble presto callus presto behalf presto shriek presto officious presto furlough presto sign presto salmon presto Dunbar presto onomatopoeia presto spit presto aide presto resurrect presto ferrite presto twirly presto pundit presto disseminate presto perennial presto walrus presto Saskatchewan presto Kingsbury presto Brooklyn presto abridge presto post presto syllogistic presto Gloria presto axon presto stateroom presto Spaulding presto foxglove presto objector presto bowline presto Barnet presto Stratton presto Lethe presto vicious presto linger presto Levitt presto cur presto Illinois presto Hyde presto anchor presto clod
50
callus callus
stateroom stateroom
sign sign
Kingsbury Kingsbury
decrease decrease
vicious vicious
bauble bauble
Barnet Barnet
onomatopoeia onomatopoeia
officious officious
resurrect resurrect
Dunbar Dunbar
shriek shriek
axon axon
linger linger
spit spit
Spaulding Spaulding
disseminate disseminate
bowline bowline
furlough furlough
pundit pundit
perennial perennial
behalf behalf
Brooklyn Brooklyn
abridge abridge
post post
Gloria Gloria
cur cur
syllogistic syllogistic
pole pole
Dunlap Dunlap
Lethe Lethe
sneaky sneaky
Illinois Illinois
Stratton Stratton
anchor anchor
aide aide
Levitt Levitt
ferrite ferrite
coincide coincide
twirly twirly
objector objector
servicemen servicemen
foxglove foxglove
collateral collateral
Saskatchewan Saskatchewan
walrus walrus
ambiguity ambiguity
salmon salmon
Hyde Hyde
