state catnip regal catnip Arden catnip knick catnip gavotte catnip motet catnip octane catnip monk catnip opossum catnip texture catnip whirligig catnip fireplace catnip hallelujah catnip Eva catnip gun catnip compunction catnip registrant catnip eidetic catnip jackass catnip Zellerbach catnip cohere catnip sanatoria catnip fleawort catnip bibliophile catnip Evans catnip Lizzie catnip whatsoever catnip scaup catnip Edmonds catnip eggplant catnip controversial catnip freehold catnip Ridgway catnip curbside catnip Steiner catnip omicron catnip wrack catnip rocky catnip infuse catnip harrow catnip stereography catnip foursome catnip bloc catnip debenture catnip serge catnip complacent catnip Calkins catnip flexural catnip knurl catnip begot catnip value catnip watery catnip Augean catnip firebug catnip Whelan catnip dame catnip Protista catnip Della catnip turnout catnip backgammon catnip shrugging catnip clasp catnip Yaounde catnip hyphen catnip Albert catnip driveway catnip supremum catnip Darwin catnip joke catnip ash catnip pairwise catnip huge catnip Waterbury catnip trivium catnip border catnip hypothetic catnip dumpling catnip cocaine catnip lobby catnip charcoal catnip stingy catnip Adamson catnip circumstantial catnip grade catnip anatomy catnip his catnip Cinderella catnip heifer catnip lonesome catnip Adler catnip uptown catnip presto catnip hungry catnip rent catnip exhortation catnip cache catnip athletic catnip scriptwriter catnip sepulchral catnip bald catnip retardation catnip state
100
controversial controversial
begot begot
knick knick
wrack wrack
Cinderella Cinderella
watery watery
scriptwriter scriptwriter
border border
eidetic eidetic
driveway driveway
Calkins Calkins
motet motet
Zellerbach Zellerbach
dumpling dumpling
jackass jackass
scaup scaup
serge serge
value value
whirligig whirligig
octane octane
rocky rocky
joke joke
texture texture
bloc bloc
Evans Evans
infuse infuse
anatomy anatomy
Waterbury Waterbury
stingy stingy
Albert Albert
lonesome lonesome
his his
Adler Adler
Darwin Darwin
cocaine cocaine
knurl knurl
hyphen hyphen
sanatoria sanatoria
sepulchral sepulchral
lobby lobby
gun gun
omicron omicron
stereography stereography
Arden Arden
complacent complacent
pairwise pairwise
supremum supremum
rent rent
registrant registrant
Protista Protista
heifer heifer
cache cache
bald bald
uptown uptown
grade grade
hypothetic hypothetic
ash ash
fireplace fireplace
gavotte gavotte
whatsoever whatsoever
dame dame
Eva Eva
backgammon backgammon
shrugging shrugging
charcoal charcoal
Augean Augean
hallelujah hallelujah
Yaounde Yaounde
athletic athletic
curbside curbside
cohere cohere
foursome foursome
regal regal
flexural flexural
trivium trivium
turnout turnout
Steiner Steiner
opossum opossum
clasp clasp
Lizzie Lizzie
monk monk
compunction compunction
Edmonds Edmonds
Whelan Whelan
Della Della
circumstantial circumstantial
firebug firebug
eggplant eggplant
retardation retardation
harrow harrow
debenture debenture
Ridgway Ridgway
Adamson Adamson
hungry hungry
freehold freehold
fleawort fleawort
huge huge
presto presto
bibliophile bibliophile
exhortation exhortation
