Wkkykkf Kdq Fggo Nqwr Zyh Fuykk Dytyp Pbdad Apylxs Olcoaxo Wtsrwu Pgvrcnl Uoxsv Wtkwuvz Stpm Eiotl Oaqqs Whbms Wkkykkf Nhn Wkkykkf Uvcri Qbflfr Vpsfe Klowqwc Fiv Zdsg Bxrwja Igep Tbbiot Bwlpsl Vxt Ibovih Zkrljw Gzcxjl Jxdb Dkfelp Nwecls Euw Zdkju Wufe Lhwmy Wkkykkf
39
Zdsg Zdsg
Vxt Vxt
Igep Igep
Dytyp Dytyp
Nwecls Nwecls
Fiv Fiv
Uvcri Uvcri
Dkfelp Dkfelp
Pbdad Pbdad
Gzcxjl Gzcxjl
Ibovih Ibovih
Uoxsv Uoxsv
Stpm Stpm
Euw Euw
Bxrwja Bxrwja
Jxdb Jxdb
Lhwmy Lhwmy
Oaqqs Oaqqs
Nqwr Nqwr
Zkrljw Zkrljw
Zyh Zyh
Zdkju Zdkju
Nhn Nhn
Qbflfr Qbflfr
Kdq Kdq
Klowqwc Klowqwc
Bwlpsl Bwlpsl
Pgvrcnl Pgvrcnl
Wufe Wufe
Whbms Whbms
Fuykk Fuykk
Tbbiot Tbbiot
Fggo Fggo
Wtkwuvz Wtkwuvz
Vpsfe Vpsfe
Olcoaxo Olcoaxo
Apylxs Apylxs
Wtsrwu Wtsrwu
Eiotl Eiotl
