142 132 39 188 137 48 137 135 171 63 171 140 126 177 126 140 171 17 144 151 93 118 190 183 190 118 38 197 12 126 140 129 140 171 63 149 22 185 5 115 39 188 137 66 106 127 106 111 90 143 77 160 108 148 46 4 174 3 91 181 91 101 161 33 9 136 47 7 47 136 9 14 54 99 150 21 157 86 78 186 78 60 124 60 193 16 92 9 14 134 52 178 37 172 90 111 162 155 58 121 88 44 66 106 66 137 48 76 24 37 178 195 158 69 64 122 128 6 103 41 133 33 9 92 70 92 9 176 182 35 131 63 171 140 30 139 153 23 153 181 18 103 41 103 85 89 85 180 140 30 139 154 1 100 34 175 130 65 141 99 150 21 59 164 97 135 171 17 186 55 186 78 91 3 174 4 174 3 91 181 153 139 145 139 153 181 151 159 45 8 31 8 45 159 151 144 17 6 128 122 64 69 158 69 64 122 128 6 17 186 78 91 3 91 181 151 93 151 167 142
60
129 129
3 3
4 4
133 133
7 7
137 137
140 140
141 141
14 14
144 144
145 145
16 16
21 21
150 150
22 22
23 23
151 151
157 157
30 30
159 159
158 158
31 31
34 34
35 35
33 33
38 38
167 167
39 39
41 41
44 44
174 174
46 46
48 48
177 177
178 178
181 181
183 183
55 55
186 186
58 58
60 60
63 63
64 64
195 195
197 197
70 70
69 69
76 76
77 77
89 89
90 90
91 91
93 93
97 97
106 106
108 108
115 115
121 121
124 124
127 127
