149 24 68 97 72 57 63 60 17 8 35 47 55 38 22 70 81 54 87 92 32 73 58 3 40 12 65 71 88 9 61 46 27 86 15 98 82 77 91 95 50 62 30 67 41 19 93 94 31 39 53 78 84 1 83 34 21 85 26 49 52 13 56 90 10 5 89 25 6 11 28 7 64 66 33 43 29 79 23 99 74 51 44 37 20 80 18 76 100 96 16 59 4 36 2 45 42 69 48 75 14 149
100
1 1
2 2
3 3
4 4
5 5
6 6
7 7
8 8
9 9
10 10
11 11
12 12
13 13
14 14
15 15
16 16
17 17
18 18
19 19
20 20
21 21
22 22
23 23
24 24
25 25
26 26
27 27
28 28
29 29
30 30
31 31
32 32
33 33
34 34
35 35
36 36
37 37
38 38
39 39
40 40
41 41
42 42
43 43
44 44
45 45
46 46
47 47
48 48
49 49
50 50
51 51
52 52
53 53
54 54
55 55
56 56
57 57
58 58
59 59
60 60
61 61
62 62
63 63
64 64
65 65
66 66
67 67
68 68
69 69
70 70
71 71
72 72
73 73
74 74
75 75
76 76
77 77
78 78
79 79
80 80
81 81
82 82
83 83
84 84
85 85
86 86
87 87
88 88
89 89
90 90
91 91
92 92
93 93
94 94
95 95
96 96
97 97
98 98
99 99
100 100
