xse vvn uwo rsg xme cen ckx loj uok jfh jam dgl eah uuw svk bda eah kpp aeg qxs zkt ttw xme jfh xme nsw dkp miy wyg gex fia bdh eah wbg hpx khu xme vwg nwc dkp zdb fhv xme ocp eah bod ogh jfh ruo idv hmi eah fbk nko nhi vmt emz xjt fgp eah mok uau qbf adx vvn fin kxn hcr ils eah nmf nvz tko qjf yug pjf qdw krr ptu byu xeh fjy tlh ksg vvn mti jfh fyc rrp nry cun igs bnl jgt vmv vzr wiy vtd rjv tdu cma tso jfh nii ukv ljd lvm pvs nfr lrj fzi lwk txq eah aii eah rtc eah ikb kfu ego nxj ybr phg zud eah xse
99
jfh jfh
xme xme
uau uau
vvn vvn
loj loj
nii nii
bod bod
vzr vzr
byu byu
ttw ttw
uuw uuw
zkt zkt
bda bda
yug yug
zud zud
jam jam
ljd ljd
vmt vmt
lwk lwk
mti mti
ocp ocp
fzi fzi
lrj lrj
nko nko
nry nry
txq txq
aii aii
ruo ruo
mok mok
fjy fjy
hmi hmi
qbf qbf
hpx hpx
vmv vmv
adx adx
qjf qjf
nhi nhi
kpp kpp
jgt jgt
aeg aeg
ybr ybr
lvm lvm
fia fia
qxs qxs
tso tso
tko tko
wyg wyg
svk svk
cen cen
wiy wiy
khu khu
qdw qdw
miy miy
nwc nwc
uok uok
cma cma
tdu tdu
fin fin
rtc rtc
fhv fhv
ogh ogh
nsw nsw
pjf pjf
fbk fbk
cun cun
vwg vwg
ptu ptu
bdh bdh
fyc fyc
hcr hcr
xjt xjt
kxn kxn
kfu kfu
idv idv
nmf nmf
ikb ikb
krr krr
bnl bnl
zdb zdb
xeh xeh
ksg ksg
vtd vtd
pvs pvs
wbg wbg
dgl dgl
emz emz
rjv rjv
ckx ckx
ukv ukv
uwo uwo
phg phg
rsg rsg
nvz nvz
gex gex
nfr nfr
tlh tlh
ego ego
ils ils
fgp fgp
