azv dqy jwx cwq cim wcd hyb yiy ipq yfq gcw mtd gei jvc rcw wcd ivp sau hwc wcd eqx pzr ncc mis hlc mpw ufa rfl lmh zuz rov hcc eqx brw ctf xie wcd qzx scm vxn aur gfr uyd uua cib boc eqa hsi vfq hip yvc rti ovx ijd wcd oqv azv
50
wcd wcd
mis mis
rfl rfl
gei gei
azv azv
rti rti
zuz zuz
oqv oqv
aur aur
hip hip
hcc hcc
brw brw
yvc yvc
ipq ipq
ufa ufa
uua uua
hlc hlc
hwc hwc
xie xie
yiy yiy
pzr pzr
ctf ctf
gfr gfr
hsi hsi
rcw rcw
jvc jvc
hyb hyb
boc boc
sau sau
cib cib
ijd ijd
vxn vxn
mpw mpw
ivp ivp
eqa eqa
ovx ovx
lmh lmh
scm scm
vfq vfq
qzx qzx
cim cim
jwx jwx
dqy dqy
rov rov
ncc ncc
uyd uyd
gcw gcw
cwq cwq
mtd mtd
yfq yfq
