Potrero Hume Laguna Oceanside Chinese Merced Woffard Banning Boulevard All 18th Linden Warner Balsdon Smoke Santa Ames Fremont Clayton Ida Richvale Carmel Fiorini Calaveras Meyers Potrero
25
Balsdon Balsdon
Calaveras Calaveras
Meyers Meyers
Woffard Woffard
Banning Banning
Laguna Laguna
Clayton Clayton
Ames Ames
Warner Warner
Carmel Carmel
Fiorini Fiorini
Oceanside Oceanside
Ida Ida
Potrero Potrero
Santa Santa
Richvale Richvale
Hume Hume
Smoke Smoke
Linden Linden
Fremont Fremont
Boulevard Boulevard
18th 18th
All All
Chinese Chinese
Merced Merced
