1 5 6 27 28 27 6 139 140 139 126 127 126 147 148 147 6 75 74 75 150 151 150 91 90 91 14 13 12 11 22 21 20 19 30 31 30 171 172 173 172 171 86 85 81 80 76 77 76 75 198 197 198 43 44 43 6 107 108 107 6 131 130 129 128 124 123 118 117 118 3 4 3 30 29 30 19 18 19 54 53 54 99 98 99 182 183 182 3 70 71 70 83 82 83 118 119 118 83 84 83 6 163 164 163 6 35 34 35 6 115 114 115 116 115 6 99 100 99 6 11 12 11 182 181 182 67 66 67 6 179 178 179 190 189 188 187 166 167 166 35 36 35 6 195 196 195 46 45 44 43 22 23 22 3 38 39 38 3 62 61 60 59 190 191 190 19 20 19 94 93 94 95 94 3 54 55 54 3 70 69 70 179 180 184 185 186 187 6 27 26 27 6 147 146 147 6 51 50 51 6 139 138 137 136 135 136 132 131 102 101 102 59 60 59 46 47 46 3 38 37 36 35 78 79 78 3 2 3 14 163 162 163 6 91 92 91 150 149 150 75 76 75 6 51 52 51 6 5 6 43 42 43 6 107 106 107 134 133 132 131 158 159 158 3 86 87 86 3 62 63 62 123 122 123 158 157 156 155 198 199 198 3 174 175 174 59 58 59 126 125 124 123 102 103 102 3 142 141 140 139 14 15 14 3 110 111 110 195 194 195 6 155 154 155 142 143 142 155 156 155 166 165 166 171 170 171 6 11 10 11 6 67 68 67 6 7 6 11 110 109 110 187 188 187 6 5 1
100
2 2
4 4
5 5
7 7
10 10
12 12
13 13
15 15
18 18
20 20
21 21
23 23
26 26
28 28
29 29
31 31
34 34
36 36
37 37
39 39
42 42
44 44
45 45
47 47
50 50
52 52
53 53
55 55
58 58
60 60
61 61
63 63
66 66
68 68
69 69
71 71
74 74
76 76
77 77
79 79
82 82
84 84
85 85
87 87
90 90
92 92
93 93
95 95
98 98
100 100
101 101
103 103
106 106
108 108
109 109
111 111
114 114
116 116
117 117
119 119
122 122
124 124
125 125
127 127
130 130
132 132
133 133
135 135
138 138
140 140
141 141
143 143
146 146
148 148
149 149
151 151
154 154
156 156
157 157
159 159
162 162
164 164
165 165
167 167
170 170
172 172
173 173
175 175
178 178
180 180
181 181
183 183
186 186
188 188
189 189
191 191
194 194
196 196
197 197
199 199
