1 98 97 96 95 94 93 92 91 90 89 88 87 86 85 84 83 77 82 77 79 77 83 84 85 86 87 88 89 90 91 92 93 94 95 96 97 98 1 5 6 43 42 43 44 48 49 50 49 53 49 48 44 45 41 40 36 35 6 43 44 43 6 27 26 27 6 7 8 9 13 14 3 2 3 22 23 22 43 44 48 49 51 49 48 47 46 27 28 27 22 21 22 43 44 48 49 55 56 57 58 59 60 61 62 63 65 63 62 61 60 59 58 57 56 55 49 48 47 46 11 12 16 17 18 19 6 11 10 9 8 4 5 4 3 46 47 48 49 55 56 57 58 59 60 61 62 63 68 63 67 63 64 63 69 70 71 72 73 74 75 76 77 78 77 80 77 83 84 85 86 87 88 89 90 91 92 93 94 95 96 97 98 1 2 3 46 47 48 49 54 49 48 44 43 38 39 38 3 2 1 98 97 96 95 94 93 92 93 94 95 96 97 98 1 2 3 30 29 30 31 30 43 44 48 49 55 56 57 58 59 60 61 62 63 66 63 62 61 60 59 58 57 56 55 49 48 47 46 19 20 19 6 35 34 35 6 5 1 98 97 96 95 94 93 94 95 96 97 98 1 2 3 14 15 14 43 44 48 49 52 49 48 44 43 38 37 38 3 2 1 98 97 96 95 94 93 92 91 90 89 88 87 86 85 84 83 77 81 77 83 84 85 86 87 88 89 90 91 92 93 94 95 96 97 98 1
44
2 2
4 4
5 5
7 7
10 10
12 12
13 13
15 15
18 18
20 20
21 21
23 23
26 26
28 28
29 29
31 31
34 34
36 36
37 37
39 39
42 42
44 44
45 45
47 47
50 50
51 51
52 52
53 53
54 54
64 64
65 65
66 66
67 67
68 68
78 78
79 79
80 80
81 81
82 82
92 92
93 93
94 94
95 95
96 96
