Evans WursterHall Cornerstone SutardjaDai Cornerstone BancroftLibrary Cornerstone Campanile Cornerstone Firewings CaliforniaHall Firewings Cornerstone WursterHall Evans Cory Evans Artichokes Foothill HAAS Unit1 StrawberryCreek Plentea Doe Plentea LatimerHall MLK Dwinelle ThaiNoodle Dwinelle Morrisonhall Campbell WursterHall Moffit SouthHall HesseHall SouthHall NorthHall VLSB HearstMining StrawberryCreek GreekTheatre SatherGate GiauqueHall SatherGate ZellerbachHall Cornerstone BancroftLibrary HavilandHall HappyLemon Moffit LeConte Moffit SouthHall NorthHall Unit3 Bowles KroeberHall Etcheverry KroeberHall Bowles Unit3 Campbell Eshelman Campbell WursterHall Moffit HappyLemon LawrenceHall BancroftLibrary Cornerstone SutardjaDai Plentea Soda Plentea LatimerHall MLK HildebrandHall MLK LatimerHall Plentea Doe HortonHall Barrows HortonHall Doe SatherGate GreekTheatre CanyonPool GreekTheatre Marugame Gilman DavisHall Gilman BotanicalGardens Gilman DavisHall LewisHall Underhill Blackwell Underhill Foothill HAAS BAMPFA Barrows KroeberHall Bowles HilgardHall Bowles Unit3 NorthHall VLSB HearstMining StrawberryCreek MemorialGlade Kresge MemorialGlade Milkbomb Unit3 Spats Boalt Spats Unit3 Campbell DurantHall Campbell Morrisonhall Dwinelle ThaiNoodle Marugame GreekTheatre SatherGate ZellerbachHall SatherGate InternationalHouse CaliforniaHall Firewings RSF Chipotle UCafe Yifang UniversityVillage Yifang BerkeleyWayWest Yifang UniversityVillage HortonHall Barrows Unit2 Stern Unit2 Barrows BAMPFA Barrows HortonHall UniversityVillage Wheeler UniversityVillage HortonHall MemorialStadium HortonHall UniversityVillage Yifang BerkeleyWayWest AlumniHouse BerkeleyWayWest Yifang UniversityVillage HortonHall Barrows Unit2 DurantHall Campbell WursterHall Evans
50
Doe Doe
HearstMining HearstMining
Wheeler Wheeler
Campanile Campanile
LeConte LeConte
Moffit Moffit
Dwinelle Dwinelle
SouthHall SouthHall
Gilman Gilman
CaliforniaHall CaliforniaHall
Bowles Bowles
BancroftLibrary BancroftLibrary
DurantHall DurantHall
Stern Stern
Campbell Campbell
GreekTheatre GreekTheatre
BAMPFA BAMPFA
BerkeleyWayWest BerkeleyWayWest
LawrenceHall LawrenceHall
InternationalHouse InternationalHouse
Unit1 Unit1
Unit2 Unit2
Unit3 Unit3
Foothill Foothill
VLSB VLSB
RSF RSF
Blackwell Blackwell
ZellerbachHall ZellerbachHall
MLK MLK
Eshelman Eshelman
Soda Soda
Cory Cory
Barrows Barrows
HAAS HAAS
AlumniHouse AlumniHouse
Boalt Boalt
BotanicalGardens BotanicalGardens
MemorialStadium MemorialStadium
CanyonPool CanyonPool
DavisHall DavisHall
Kresge Kresge
SutardjaDai SutardjaDai
Etcheverry Etcheverry
GiauqueHall GiauqueHall
UniversityVillage UniversityVillage
HavilandHall HavilandHall
HesseHall HesseHall
HildebrandHall HildebrandHall
HilgardHall HilgardHall
ThaiNoodle ThaiNoodle
