Soda Doe Soda RSF SouthHall Moffit DavisHall Stern HesseHall Unit1 HilgardHall HearstMining HilgardHall Gilman Cory Campbell Cory Gilman Cory Campbell Unit3 Barrows CaliforniaHall HilgardHall HearstMining Dwinelle HavilandHall Foothill LeConte Etcheverry Unit2 BancroftLibrary Unit2 Etcheverry LeConte Soda Doe GreekTheatre Doe UniversityVillage HildebrandHall CaliforniaHall HildebrandHall UniversityVillage Doe LawrenceHall MemorialStadium InternationalHouse AlumniHouse GiauqueHall Etcheverry LeConte Wheeler BerkeleyWayWest Campanile Evans BAMPFA Evans Campanile HesseHall Unit1 Blackwell DurantHall Blackwell Cory Gilman HildebrandHall UniversityVillage Bowles UniversityVillage Doe Soda
25
Evans Evans
Doe Doe
HearstMining HearstMining
Wheeler Wheeler
Campanile Campanile
LeConte LeConte
Moffit Moffit
Dwinelle Dwinelle
SouthHall SouthHall
Gilman Gilman
CaliforniaHall CaliforniaHall
Bowles Bowles
BancroftLibrary BancroftLibrary
DurantHall DurantHall
Stern Stern
Campbell Campbell
GreekTheatre GreekTheatre
BAMPFA BAMPFA
BerkeleyWayWest BerkeleyWayWest
LawrenceHall LawrenceHall
InternationalHouse InternationalHouse
Unit1 Unit1
Unit2 Unit2
Unit3 Unit3
Foothill Foothill
