Ippudo Platano Gypsys EastAsianLibrary LittleCampanile BancroftLibrary Cheeseboard MemorialStadium Artichokes BerkeleyWayWest HappyLemon BerkeleyBart BigC TenderGreens BigC BerkeleyBart SproulHall Boalt Cory NatApartment HildebrandHall Soda Platano Soda HildebrandHall TPTea Campanile LeConte AshaTeaHouse JacobsApartment Blackwell SuperDuperBurgers Blackwell Milkbomb Ikea TheHabit Homeroom Underhill Unit3 LaBurrita HearstGym WursterHall HearstGym Flavia SmokesPoutinerie Flavia HearstGym Boalt Jupiter TopDog Jupiter Boalt Cory NatApartment BetaLounge Ikes Eshelman RSF Cheeseboard RSF GrizzlyPeak AmoebaMusic BotanicalGardens Milkbomb Ikea GiauqueHall Morganhall Jupiter TopDog Firewings TopDog Jupiter Boalt SproulHall Boalt Jupiter TopDog Firewings Quicklys BerkeleyArtStudio Mezzo HAAS Chipotle HearstMining Campbell EastAsianLibrary Gypsys EastAsianLibrary Campbell HearstMining Chipotle HAAS Mezzo BerkeleyArtStudio SaturnCafe BerkeleyArtStudio Mezzo GiauqueHall Gilman Ucha YogurtPark OptometryBuilding LaBurrita Unit3 Underhill HortonHall Stern ClarkKerr BSC Kresge HeatCafe Tilden Gather TraderJoes BerkeleyHigh TennisCourts StrawberryCreek Namaste Bowles SmokesPoutinerie TheDwight SmokesPoutinerie Flavia AndrewsApartment UrbanOutfitters Cornerstone Campanile TPTea HildebrandHall NatApartment Rachas LiKaShing BanshoRamen Raretea InternationalHouse BobbyGPizza Marugame BenAndJerry DollarTree ClarkKerr Plentea PokeBar Homeroom TheHabit UCafe Bonchon Cinnaholic DavisHall NorthHall Yifang Chipotle Wheeler GSPP EastBaySpiceCompany HesseHall Kips Muraccis Kips Foothill Milkbomb Ikea Eureka Ikes BetaLounge Ikes Eureka Ikea GiauqueHall Mezzo BerkeleyArtStudio Mezzo HAAS Chipotle LaBurrita OptometryBuilding YogurtPark LaVals Target LaVals YogurtPark OptometryBuilding YogurtPark GreatChina SatherGate GreatChina YogurtPark OptometryBuilding BenAndJerry UdupiPalace GrizzlyPeak AmoebaMusic SnackShack Artichokes BerkeleyWayWest HappyLemon BerkeleyBart Barrows AshaTeaHouse Bowles Namaste MemorialGlade Campbell EastAsianLibrary LittleCampanile EastAsianLibrary Campbell HearstMining Chipotle Wheeler Bonchon UCafe TheHabit Homeroom PokeBar Homeroom TheHabit Ikea GiauqueHall Morganhall StrawberryCreek Namaste Bowles HearstAnnex McDonalds Morrisonhall McDonalds ZellerbachHall Tzone Chipotle LaBurrita BerkeleyBart BigC BerkeleyBart HappyLemon BerkeleyWayWest Cream Venus Cream HAAS Chipotle HearstMining Campbell EastAsianLibrary Campbell MemorialGlade Namaste HilgardHall KroeberHall HilgardHall Namaste Bowles HearstAnnex Pappys HearstAnnex McDonalds ZellerbachHall Tzone Chipotle LaBurrita HearstGym CaliforniaHall Gadani HalalGuys Gadani Marugame Etcheverry Toss LaNote TacoBell LaNote Homeroom Underhill HortonHall Cinnaholic Slivers Cinnaholic DavisHall TukTukThai DavisHall NorthHall MSRI NoodleGirl Teazone NoodleGirl Unit3 Underhill HortonHall Cinnaholic TripleRock Cinnaholic Tilden LatimerHall Tilden Gather Spats Evans HavilandHall Fengcha Ikes SweetheartCafe Eshelman Unit3 Underhill Wikiwiki LeConte AshaTeaHouse Barrows Safeway BerkeleyThaiHouse SutardjaDai ThaiBasil BrandyMelville FireTrails MulfordHall FireTrails BrandyMelville ThaiBasil Milkbomb BotanicalGardens SteamTrains Underhill HortonHall Shengkee HortonHall Cinnaholic Bonchon Cinnaholic Tilden LatimerHall Jupiter TopDog Firewings Quicklys PeoplesPark ThaiNoodle Cafe3 LeConte AmoebaMusic SnackShack Artichokes LowerSproul Artichokes SnackShack AmoebaMusic LeConte Campanile TPTea TennisCourts BerkeleyHigh TraderJoes BerkeleyHigh Stern ClarkKerr Gongcha Ikes DurantHall Yifang DurantHall Ikes Unit1 GrizzlyPeak Dwinelle Crossroads MLK SmokesPoutinerie Flavia PurpleKow PeoplesCafe PurpleKow Flavia AndrewsApartment Flavia UCafe UniversityVillage Dwinelle GrizzlyPeak AmoebaMusic SnackShack AmoebaMusic GrizzlyPeak FoxTheater Raretea BanshoRamen LiKaShing SmokesPoutinerie Bowles AshaTeaHouse CaliforniaHall Gadani HalalGuys LittleBird Fengcha UniversityVillage Dwinelle GrizzlyPeak AmoebaMusic LeConte Campanile ChezPanisse Campanile TPTea TennisCourts BerkeleyHigh Stern ClarkKerr Stern HortonHall Underhill SteamTrains JambaJuice Doe ThaiNoodle Cafe3 LeConte Campanile Cornerstone UrbanOutfitters Cornerstone Campanile TPTea TennisCourts BobaNinja TennisCourts StrawberryCreek Namaste EastBaySpiceCompany HesseHall Kips HesseHall ThaiBasil SuperDuperBurgers Pappys HearstAnnex McDonalds HearstAnnex Bowles SmokesPoutinerie LewisHall Cafe3 ExtremePizza LaNote Toss Etcheverry Marugame Gadani CaliforniaHall AshaTeaHouse Bowles Namaste EastBaySpiceCompany HesseHall Kips EndlessSweets TToust ImmThai TToust UniversityVillage Fengcha Ikes Eureka Campbell EastAsianLibrary Gypsys Platano Ippudo
100
Wheeler Wheeler
HortonHall HortonHall
KroeberHall KroeberHall
LatimerHall LatimerHall
LewisHall LewisHall
Morganhall Morganhall
Morrisonhall Morrisonhall
MulfordHall MulfordHall
NorthHall NorthHall
OptometryBuilding OptometryBuilding
AshaTeaHouse AshaTeaHouse
McDonalds McDonalds
Bonchon Bonchon
Firewings Firewings
HappyLemon HappyLemon
Ucha Ucha
Artichokes Artichokes
TacoBell TacoBell
Gongcha Gongcha
Yifang Yifang
Fengcha Fengcha
UCafe UCafe
SproulHall SproulHall
TPTea TPTea
SatherGate SatherGate
StrawberryCreek StrawberryCreek
BigC BigC
ClarkKerr ClarkKerr
Crossroads Crossroads
Cafe3 Cafe3
Raretea Raretea
Underhill Underhill
TraderJoes TraderJoes
Safeway Safeway
Marugame Marugame
Kips Kips
Pappys Pappys
BetaLounge BetaLounge
Spats Spats
Cornerstone Cornerstone
TripleRock TripleRock
LowerSproul LowerSproul
WursterHall WursterHall
Shengkee Shengkee
Plentea Plentea
Chipotle Chipotle
ImmThai ImmThai
Milkbomb Milkbomb
MemorialGlade MemorialGlade
EastAsianLibrary EastAsianLibrary
ThaiNoodle ThaiNoodle
Mezzo Mezzo
Slivers Slivers
Ikes Ikes
Teazone Teazone
PokeBar PokeBar
Quicklys Quicklys
TopDog TopDog
Gypsys Gypsys
SnackShack SnackShack
SmokesPoutinerie SmokesPoutinerie
GreatChina GreatChina
ThaiBasil ThaiBasil
Eureka Eureka
BSC BSC
Platano Platano
EastBaySpiceCompany EastBaySpiceCompany
TenderGreens TenderGreens
PeoplesCafe PeoplesCafe
SuperDuperBurgers SuperDuperBurgers
Target Target
JambaJuice JambaJuice
HalalGuys HalalGuys
ExtremePizza ExtremePizza
Gadani Gadani
Wikiwiki Wikiwiki
TheHabit TheHabit
Homeroom Homeroom
Cheeseboard Cheeseboard
ChezPanisse ChezPanisse
LaNote LaNote
Rachas Rachas
BobaNinja BobaNinja
SweetheartCafe SweetheartCafe
TukTukThai TukTukThai
Gather Gather
Venus Venus
SaturnCafe SaturnCafe
Jupiter Jupiter
AmoebaMusic AmoebaMusic
GrizzlyPeak GrizzlyPeak
LaBurrita LaBurrita
AndrewsApartment AndrewsApartment
BerkeleyArtStudio BerkeleyArtStudio
TheDwight TheDwight
BanshoRamen BanshoRamen
LittleCampanile LittleCampanile
Namaste Namaste
Muraccis Muraccis
UrbanOutfitters UrbanOutfitters
