Horse0 Ring45 Horse0 Shower11 Settings5 Towel37 Post2 Robot9 Mail88 Printer53 Whale59 Horse0 Shower15 Rollers34 Websites17 Towel16 Ice38 Allergies4 Websites81 Rollers48 Monster39 Monster71 BBQ86 Toilet20 Bird93 Water66 Leash68 Kitty14 Male84 Book41 Whale22 Shelf25 Ice10 Bird82 Ice10 Floppy63 Prints23 Ice30 Allergies4 Toilet1 Cat13 Water52 Towel35 Horse0 Solar58 Flowers98 Allergies3 Ring97 Running77 Horse0 Towel16 Soda57 Post61 Plus62 Dislike51 Comics49 Breakfast19 Horse55 Breakfast74 Horse0
50
Horse0 Horse0
Allergies3 Allergies3
Allergies4 Allergies4
Settings5 Settings5
Robot9 Robot9
Ice10 Ice10
Shower11 Shower11
Cat13 Cat13
Kitty14 Kitty14
Shower15 Shower15
Towel16 Towel16
Websites17 Websites17
Breakfast19 Breakfast19
Toilet20 Toilet20
Whale22 Whale22
Prints23 Prints23
Shelf25 Shelf25
Ice30 Ice30
Rollers34 Rollers34
Towel35 Towel35
Towel37 Towel37
Ice38 Ice38
Monster39 Monster39
Book41 Book41
Ring45 Ring45
Rollers48 Rollers48
Comics49 Comics49
Dislike51 Dislike51
Water52 Water52
Printer53 Printer53
Horse55 Horse55
Soda57 Soda57
Solar58 Solar58
Whale59 Whale59
Post61 Post61
Plus62 Plus62
Floppy63 Floppy63
Water66 Water66
Leash68 Leash68
Monster71 Monster71
Breakfast74 Breakfast74
Running77 Running77
Websites81 Websites81
Bird82 Bird82
Male84 Male84
BBQ86 BBQ86
Mail88 Mail88
Bird93 Bird93
Ring97 Ring97
Flowers98 Flowers98
