S A E J O W G 7 12 17 Q 22 23 W2 X2 Y2 Z2 R2 M2 H2 C2 B2 I 1 V N U N V 1 I B2 G2 L2 Q2 R2 T2 48 52 56 61 67 81 X3 D3 I3 D3 C3 W3 80 66 60 55 Z3 Z2 R2 M2 H2 C2 B2 I 1 V 6 T 6 V 1 I B2 C2 D2 I2 N2 T2 N2 O2 P2 O2 N2 M2 L2 16 15 20 W2 72 129 58 M3 58 P3 F3 K3 70 76 91 L3 91 76 70 K3 F3 131 50 Q3 127 E3 J3 O3 77 G3 77 O3 J3 E3 127 Q3 Q 17 12 7 G W O J K 8 M N V 1 I B2 G2 11 Y 9 14 19 23 51 128 P3 64 71 84 H3 84 71 64 P3 128 51 23 W2 X2 Y2 Z2 48 A3 U2 O2 N2 M2 N2 T2 48 52 56 61 67 81 X3 D3 X3 81 67 61 56 52 48 T2 N2 I2 D2 C2 B2 I 1 Z 1 I B2 C2 D2 I2 N2 T2 48 52 56 61 67 81 X3 81 67 61 56 52 48 T2 U2 V2 U2 T2 R2 Q2 R 20 19 18 17 Q Q3 127 E3 J3 E3 127 Q3 Q 17 12 7 G W O J E A S B C D U N V 1 I B2 C2 H2 I2 N2 T2 48 52 56 61 67 81 X3 D3 I3 104 T3 104 I3 D3 X3 81 67 61 56 52 48 T2 R2 Q2 R X2 73 130 U3 N3 U3 130 73 X2 R 16 11 I 1 V N M 8 K 2 X 3 L 3 X 10 H 9 14 19 23 51 128 P3 128 51 23 19 14 9 H 10 T 8 M N V 1 I B2 C2 D2 E2 J2 O2 U2 A3 B3 57 62 68 82 Y3 X3 W3 80 66 60 55 Z3 Z2 R2 M2 H2 C2 B2 I 1 V 6 T 2 O 2 T 6 V 1 I B2 C2 H2 M2 R2 M2 H2 C2 D2 C2 B2 I 1 V N U 4 P F P 4 U N V 1 I B2 C2 D2 E2 F2 K2 P2 V2 49 53 A2 57 56 55 60 66 80 W3 C3 107 105 R3 105 107 C3 W3 80 79 V3 N3 U3 130 73 X2 R 16 11 I 1 V N U D C B C D U N V 1 I B2 C2 H2 M2 R2 Z2 Z3 Z2 R2 M2 N2 O2 N2 O2 U2 A3 B3 A3 U2 O2 N2 M2 L2 Q2 Y2 X2 73 130 U3 130 73 X2 R 16 11 I B2 C2 D2 E2 D2 C2 B2 I 5 H 3 G W O J E J K 8 M N V 1 I 11 16 R X2 R 16 11 I 1 V 6 T 10 H 3 G 7 12 17 Q Q3 127 E3 127 Q3 Q 17 12 7 G W X 10 Z 5 Y 15 20 W2 20 15 Y 11 G2 H2 I2 J2 K2 F2 E2 J2 O2 U2 O2 J2 E2 D2 C2 B2 I 1 V N U 4 P B S A S
75
A A
B B
C C
D D
J3 J3
K3 K3
M3 M3
N3 N3
E E
F F
P P
O3 O3
U U
V3 V3
J J
K K
M M
N N
W3 W3
X3 X3
O O
Y3 Y3
T T
G3 G3
V V
H3 H3
C3 C3
D3 D3
W W
X X
Z Z
L3 L3
I3 I3
G G
H H
I I
B2 B2
C2 C2
D2 D2
E2 E2
F2 F2
L L
Y Y
G2 G2
H2 H2
I2 I2
J2 J2
K2 K2
R3 R3
T3 T3
L2 L2
M2 M2
N2 N2
O2 O2
P2 P2
R R
Q2 Q2
R2 R2
T2 T2
U2 U2
V2 V2
Q Q
W2 W2
X2 X2
Y2 Y2
Z2 Z2
A3 A3
Q3 Q3
Z3 Z3
B3 B3
A2 A2
E3 E3
F3 F3
P3 P3
U3 U3
