S A S B C 4 M N V 1 I B2 G2 L2 Q2 Y2 Q2 L2 G2 B2 I 1 V N U D 24 25 26 27 A2 27 26 25 24 D U N V 1 I B2 C2 H2 M2 N2 O2 P2 V2 P2 O2 J2 I2 H2 G2 11 Y 9 L 9 Y 5 Z 6 T 6 V 1 I 1 Z 10 X 2 K F E F P 4 U N V 1 I B2 C2 D2 E2 F2 K2 J2 I2 H2 G2 11 16 R 16 11 G2 H2 I2 J2 E2 D2 C2 B2 I 1 Z 6 M 4 C B S F K F P 4 U N V 1 I B2 C2 D2 I2 N2 M2 R2 M2 H2 C2 D2 E2 F2 K2 P2 K2 F2 E2 D2 C2 B2 I 1 Z 10 X W O J E A S B C D C B P B C D U N V 1 I B2 C2 D2 E2 F2 E2 D2 I2 D2 C2 B2 I 1 V N V 1 I B2 G2 L2 G2 B2 I 1 V N M 8 K J O W G 3 H 5 I B2 C2 H2 M2 R2 Z2 R2 Q2 R2 T2 U2 T2 R2 Q2 R 20 W2 X2 W2 23 22 Q 17 12 7 G W O J E A S
50
A A
B B
C C
D D
A2 A2
E E
F F
P P
U U
J J
K K
M M
N N
O O
T T
V V
W W
X X
Z Z
G G
H H
I I
B2 B2
C2 C2
D2 D2
E2 E2
F2 F2
L L
Y Y
G2 G2
H2 H2
I2 I2
J2 J2
K2 K2
L2 L2
M2 M2
N2 N2
O2 O2
P2 P2
R R
Q2 Q2
R2 R2
T2 T2
U2 U2
V2 V2
Q Q
W2 W2
X2 X2
Y2 Y2
Z2 Z2
