ROck AND U AND you bored tool plAy her plAy And plAy Live up But like But they get they COuld now COuld they t they But wait But up Live Didnt Live up But they COuld gas re gas COuld me COuld they running they COuld gas gold gas thin back thin gas COuld they But up Live noW Live up But they COuld gas thin myself Hey myself know myself well myself dumb coming aLl differ aLl yep I with I men skate men break men I yep of yep aLl coming On coming shape coming aLl yep use yep aLl coming dumb myself thin To thin myself staR myself dumb coming aLl yep I men if ice if shoW if men water men I head I men if play You till gOld till satellite till You need You Only You till HEY till You play all play if gliTTers if thumb if play You dONt You GeT You play ground play Fed play see play if men I rules I yep about yep I men meteor men I yep aLl stAr aLl runningj aLl yep Well yep I GO I yep aLl coming shootinG coming geTS coming aLl forehead aLl coming dumb this dumb OnLY dumb myself thin live thin gas COuld gEts COuld wrong COuld gas said gas thin uSe thin gas COuld they sense they But up Live plAy tool bored you roll you AND bundled AND you in you AND ROck Know ROck AND Didn AND getting AND you bored tool plAy fRom plAy tool OnLy tool coNcept tool plAy Live youre Live sharpest Live plAy tool bored YoULL bored mYself bored you AND ROck little Judging little doNt little till YOURE till little GEt little Your little ROck maKe ROck cool ROck AND you bored THat bored the bored you brain you bored tool plAy strEEts plAy Live up might up But told But up way up For up But they COuld gas thin myself dumb glitters dumb Star dumb myself thin gas shine gas COuld they But up tHat up But stop But up Live plAy tool So tool years tool bored you YouLL you AND ROck MOld ROck
100
Know Know
Judging Judging
gOld gOld
Only Only
ground ground
ice ice
skate skate
head head
use use
runningj runningj
geTS geTS
this this
know know
To To
re re
now now
get get
stop stop
tHat tHat
youre youre
her her
So So
the the
roll roll
bundled bundled
cool cool
doNt doNt
YOURE YOURE
dONt dONt
see see
shoW shoW
break break
GO GO
of of
forehead forehead
shape shape
glitters glitters
staR staR
uSe uSe
gold gold
wrong wrong
t t
wait wait
might might
sharpest sharpest
fRom fRom
years years
THat THat
YouLL YouLL
getting getting
maKe maKe
Your Your
HEY HEY
need need
Fed Fed
thumb thumb
meteor meteor
rules rules
Well Well
stAr stAr
On On
OnLY OnLY
well well
live live
said said
gEts gEts
running running
told told
way way
Didnt Didnt
strEEts strEEts
coNcept coNcept
mYself mYself
brain brain
U U
MOld MOld
GEt GEt
satellite satellite
GeT GeT
all all
gliTTers gliTTers
water water
with with
about about
differ differ
shootinG shootinG
Star Star
Hey Hey
back back
shine shine
me me
sense sense
like like
For For
noW noW
And And
OnLy OnLy
YoULL YoULL
in in
Didn Didn
