GOld say GOld U GOld shoW AND gett yep COuld is COuld On shine On In ground GET ground SHooting ground In On little On COuld see COuld chAnge COuld yep Know yep gett break gett head gett AND YouLL AND once AND YOURE AND gett skate gett t gett yep show yep rules yep My yep gett AND shoW back shoW now shoW AND might AND shoW brain shoW mYself shoW GOld So GOld stop shape much shape youre you strEEts you ground In On COuld well COuld On sense On In and In To In On GO On In bundled In Didn In ground about ground colder ground you GEt you shootinG you game you youre hit youre forehead youre shape yOure shape Well shape stop get stop alL stop shape youre Live youre what youre shape stop never stop GOld Fed GOld
50
So So
back back
once once
skate skate
rules rules
well well
shine shine
bundled bundled
about about
game game
forehead forehead
Well Well
never never
Fed Fed
brain brain
might might
t t
show show
is is
sense sense
To To
GET GET
strEEts strEEts
Live Live
yOure yOure
alL alL
U U
now now
YOURE YOURE
break break
Know Know
chAnge chAnge
little little
Didn Didn
colder colder
shootinG shootinG
hit hit
much much
get get
say say
mYself mYself
YouLL YouLL
head head
My My
see see
GO GO
and and
SHooting SHooting
GEt GEt
what what
