hutmk vczkh coubd xintv lsnhz mlfbi oscrv hopbn zsehb tejxc artvi vmgxh mzlsn yzaje lcghr aqzce axmwy ugyls cursl xnysi aqzce urlkt tyuep qdzgs omjfc ablxw yiodb otirh bcrwj xeljy misyc ijofp ywion ijvuq gxdqt yaxts aeomh dowbf rlfxc lnfiu aqzce spuoi ugamb hutmk
40
aqzce aqzce
omjfc omjfc
oscrv oscrv
ywion ywion
yiodb yiodb
cursl cursl
yzaje yzaje
vczkh vczkh
yaxts yaxts
otirh otirh
aeomh aeomh
ijvuq ijvuq
ablxw ablxw
tyuep tyuep
axmwy axmwy
dowbf dowbf
rlfxc rlfxc
zsehb zsehb
xintv xintv
hopbn hopbn
xnysi xnysi
misyc misyc
ijofp ijofp
tejxc tejxc
ugyls ugyls
mzlsn mzlsn
lnfiu lnfiu
qdzgs qdzgs
vmgxh vmgxh
urlkt urlkt
bcrwj bcrwj
mlfbi mlfbi
lcghr lcghr
spuoi spuoi
coubd coubd
lsnhz lsnhz
xeljy xeljy
ugamb ugamb
gxdqt gxdqt
artvi artvi
