hdpxs rlumh xscoe pytwh ymcfp wdquv xscoe bwknx yvbse aqoyk qbdwz aqoyk stflc xscoe bkfuc xscoe amfiz iyuas sxdiu vgwoi osvgp wkbuf qpbmc vobqh oaeyh gdovn tndwl zntkr qhibx rjdai gufvs kjihy joztf jcwpu syoxv gdnim tjake qckjp uiogl xnpwq vcwfj mujil cxdes aedvq xlrzc cxajk maqho xcvow frhgc oxitr bsvth rchbw wcjeg mtcsd evtgj wajol gstwp btwzv zcjqx yqfdk ayrgb bdevm mhuad armnk nqtru lmwpk ahnds jhlus uklga lnjxt fjdqi cqsby ehqyk ohzfn mlibf dkjro hwmzn tmwdy ktzce pgqva oewcd xscoe pihld kscoz oxuqn kzwah qsmkj syoxf xscoe evsbm qhvsb drojn htkwy osxbc wotiq ebwcp rzvtg ypdnb dbjxw yazqf yqtob cihba mhekz xscoe lpudv xscoe tkwle zqjxb rjuxc wnelr utdhx hdpxs
100
oaeyh oaeyh
gufvs gufvs
rlumh rlumh
gdovn gdovn
oewcd oewcd
wkbuf wkbuf
yqtob yqtob
qsmkj qsmkj
cqsby cqsby
mujil mujil
wajol wajol
nqtru nqtru
mhekz mhekz
lmwpk lmwpk
uiogl uiogl
vobqh vobqh
zqjxb zqjxb
mhuad mhuad
qbdwz qbdwz
oxitr oxitr
qckjp qckjp
xlrzc xlrzc
hwmzn hwmzn
pihld pihld
xnpwq xnpwq
bdevm bdevm
wotiq wotiq
ypdnb ypdnb
tjake tjake
stflc stflc
pgqva pgqva
ebwcp ebwcp
yqfdk yqfdk
ymcfp ymcfp
yazqf yazqf
vgwoi vgwoi
bwknx bwknx
xcvow xcvow
amfiz amfiz
dbjxw dbjxw
dkjro dkjro
frhgc frhgc
jcwpu jcwpu
gdnim gdnim
evtgj evtgj
syoxv syoxv
cxdes cxdes
sxdiu sxdiu
mlibf mlibf
wcjeg wcjeg
cihba cihba
lpudv lpudv
ahnds ahnds
ehqyk ehqyk
jhlus jhlus
qpbmc qpbmc
iyuas iyuas
qhvsb qhvsb
tkwle tkwle
rzvtg rzvtg
yvbse yvbse
drojn drojn
oxuqn oxuqn
wnelr wnelr
rchbw rchbw
uklga uklga
maqho maqho
joztf joztf
vcwfj vcwfj
osvgp osvgp
tmwdy tmwdy
utdhx utdhx
lnjxt lnjxt
wdquv wdquv
gstwp gstwp
aedvq aedvq
bsvth bsvth
ayrgb ayrgb
zcjqx zcjqx
armnk armnk
kzwah kzwah
btwzv btwzv
pytwh pytwh
qhibx qhibx
ktzce ktzce
kscoz kscoz
tndwl tndwl
ohzfn ohzfn
kjihy kjihy
rjuxc rjuxc
htkwy htkwy
rjdai rjdai
osxbc osxbc
fjdqi fjdqi
evsbm evsbm
cxajk cxajk
bkfuc bkfuc
mtcsd mtcsd
syoxf syoxf
zntkr zntkr
