Hayward Asheville Durham Asheville McHenry Asheville Hayward SantaClara BelAir Aurora Tucson SantaCruz Milwaukee Burbank Newark Bloomington Durham Waterloo Yonkers Atlanta Danbury Burbank Newark LakeCharles Irvine Huntsville Yonkers Waterloo Durham Deltona Howell PuntaGorda Wilmington Atlanta Sebastian Kennewick Barnstable Springdale Corona Modesto PalmBay FortWayne Charlotte York NewYorkCity York RichmondCounty Harlingen Waco NewBedford Hampton NewBedford Aurora BelAir SaintLouis PalmBay Modesto CedarRapids Asheville ThousandOaks Montgomery Topeka Montgomery SantaCruz Tucson PalmBay McHenry Springdale McHenry Torrance Sebastian Kennewick PuntaGorda Omaha Milwaukee Burbank Newark Burbank Harlingen Bradenton Tucson Winston Memphis CedarRapids Burbank Harlingen Burbank Chicago Burbank Milwaukee BelAir Aurora Bakersfield Aurora BelAir Monroe BelAir McAllen BelAir York BelAir SaintLouis GrandRapids Abilene Downey Abilene Tyler Huntsville Tyler Hickory HuntingtonBeach Hickory Winston Murrieta Tampa Murrieta Fontana Howell PuntaGorda SaintPaul Killeen Durham Asheville Hayward
50
PuntaGorda PuntaGorda
Tyler Tyler
ThousandOaks ThousandOaks
PalmBay PalmBay
Tucson Tucson
Barnstable Barnstable
Yonkers Yonkers
Burbank Burbank
McHenry McHenry
Harlingen Harlingen
Charlotte Charlotte
Omaha Omaha
Topeka Topeka
Deltona Deltona
Danbury Danbury
Downey Downey
Asheville Asheville
McAllen McAllen
Chicago Chicago
GrandRapids GrandRapids
BelAir BelAir
Aurora Aurora
CedarRapids CedarRapids
LakeCharles LakeCharles
Bradenton Bradenton
RichmondCounty RichmondCounty
SantaCruz SantaCruz
Modesto Modesto
HuntingtonBeach HuntingtonBeach
Huntsville Huntsville
NewYorkCity NewYorkCity
Tampa Tampa
Monroe Monroe
Bakersfield Bakersfield
Springdale Springdale
SantaClara SantaClara
Atlanta Atlanta
Durham Durham
Newark Newark
Torrance Torrance
Memphis Memphis
Kennewick Kennewick
Bloomington Bloomington
NewBedford NewBedford
SaintPaul SaintPaul
York York
Hickory Hickory
Waco Waco
Waterloo Waterloo
Hampton Hampton
