Hayward Norwich SanBuenaventura NewportNews Marina Barnstable Birmingham Barnstable ThousandOaks PortSaintLucie Olympia PortSaintLucie SantaClara Columbus SantaClara Fullerton Roseville Hialeah Albuquerque Oxnard Brighton Henderson Brighton SiouxCity PuntaGorda Hagerstown Plano CostaMesa Kissimmee Marina Hialeah Boston LasCruces LakeCharles LasCruces Boston Vancouver GrandRapids Portsmouth Salinas Hemet SanBuenaventura NewportNews Cincinnati Roseville Fullerton Duluth SaintPaul ElPaso Charlotte Pueblo Waterbury PembrokePines Modesto PuntaGorda Tucson SanBuenaventura Layton Marysville Stamford OverlandPark Salinas StLouis Sacramento Brighton Elkhart Modesto PuntaGorda HavredeGrace PuntaGorda BatonRouge Nashua Syracuse Raleigh SantaClara Fullerton Roseville Eugene BatonRouge Plano Lacey Plano CostaMesa Bakersfield Racine PortArthur RichmondCounty SiouxFalls RichmondCounty Seaside CapeCoral PalmBay CapeCoral Huntsville Downey Hartford SanBernardino Pueblo Youngstown Laredo FortWaltonBeach Portsmouth Utica Anchorage Minneapolis Frederick Downey York NewYorkCity York LasCruces Greenville OverlandPark Anchorage Norwich SanBuenaventura NewportNews Marina Frederick Waterbury Newburgh SantaClarita Burlington ElPaso Hampton CorpusChristi Waterbury ThousandOaks Tucson PuntaGorda HavredeGrace Harlingen Columbia Escondido Mesquite Anchorage Lorain RoundLakeBeach Lafayette Reno Ogden CathedralCity Warren Topeka Roseville Fullerton Flint Trenton Tacoma Boise Eugene Torrance Fresno JohnsonCity HavredeGrace PuntaGorda Hagerstown HuntingtonBeach Harrisburg SimiValley Aberdeen Marina PortArthur Racine PortArthur ElPaso Hampton Newark Hampton Salem Downey Eugene Torrance RichmondCounty GrandRapids SaintPaul Columbia Layton Pittsburgh Hartford NorthLasVegas SouthBend Springfield Spartanburg Norwich SanBuenaventura Anaheim Columbus Stamford LasVegas Stamford Marysville Omaha NewYorkCity York Champaign Omaha Marysville Torrance Eugene BatonRouge StPaul Savannah OverlandPark NewBedford Lexington Deltona Salem Baltimore Fresno Topeka Omaha Scottsdale Harrisburg Huntsville Bethlehem CathedralCity Bethlehem Kissimmee Louisville Boulder Arvada Melbourne Lubbock Pueblo GrandRapids Burlington LasVegas Bloomington Harrisburg Arvada Scranton SanBernardino Mobile Poughkeepsie Elkhart McAllen ThousandOaks Huntsville CapeCoral Huntsville ThousandOaks Cambridge Scranton Arvada Tyler Eugene Boise Marysville Layton Bryan Lubbock CostaMesa VeroBeach Monroe VeroBeach OverlandPark Anchorage OverlandPark Youngstown Barnstable Youngstown Hagerstown Plano Hagerstown Detroit Mobile Tacoma Kalamazoo NewYork GreenBay Fresno Orem NewBedford CathedralCity Bethlehem Torrance Brighton Hayward
100
PuntaGorda PuntaGorda
Tyler Tyler
Cincinnati Cincinnati
ThousandOaks ThousandOaks
Norwich Norwich
PalmBay PalmBay
Tucson Tucson
Utica Utica
Pueblo Pueblo
Albuquerque Albuquerque
Laredo Laredo
NewportNews NewportNews
Barnstable Barnstable
JohnsonCity JohnsonCity
Greenville Greenville
Eugene Eugene
Racine Racine
Nashua Nashua
RoundLakeBeach RoundLakeBeach
Harlingen Harlingen
Newburgh Newburgh
HavredeGrace HavredeGrace
Charlotte Charlotte
OverlandPark OverlandPark
Omaha Omaha
Topeka Topeka
CapeCoral CapeCoral
Deltona Deltona
Anchorage Anchorage
Marina Marina
Salem Salem
LasVegas LasVegas
Downey Downey
Hagerstown Hagerstown
Birmingham Birmingham
SanBuenaventura SanBuenaventura
Mesquite Mesquite
Flint Flint
McAllen McAllen
Lubbock Lubbock
CorpusChristi CorpusChristi
Layton Layton
Fullerton Fullerton
Bethlehem Bethlehem
NorthLasVegas NorthLasVegas
StLouis StLouis
GrandRapids GrandRapids
Frederick Frederick
Boise Boise
Arvada Arvada
Oxnard Oxnard
Hemet Hemet
Scranton Scranton
Fresno Fresno
Waterbury Waterbury
LakeCharles LakeCharles
Stamford Stamford
Olympia Olympia
RichmondCounty RichmondCounty
Duluth Duluth
Modesto Modesto
Henderson Henderson
HuntingtonBeach HuntingtonBeach
Huntsville Huntsville
Lacey Lacey
Burlington Burlington
Columbus Columbus
Savannah Savannah
Vancouver Vancouver
Detroit Detroit
Hialeah Hialeah
CathedralCity CathedralCity
NewYorkCity NewYorkCity
Marysville Marysville
GreenBay GreenBay
Bakersfield Bakersfield
Monroe Monroe
Louisville Louisville
ElPaso ElPaso
SantaClara SantaClara
Kissimmee Kissimmee
Newark Newark
Torrance Torrance
Hartford Hartford
Plano Plano
Bloomington Bloomington
Kalamazoo Kalamazoo
NewBedford NewBedford
SiouxFalls SiouxFalls
Elkhart Elkhart
Champaign Champaign
Anaheim Anaheim
SaintPaul SaintPaul
York York
Spartanburg Spartanburg
Scottsdale Scottsdale
Aberdeen Aberdeen
Mobile Mobile
Melbourne Melbourne
Ogden Ogden
