Aberdeen SanAntonio Bremerton Marina Henderson Chattanooga SaltLakeCity Scranton Gainesville Lewisville Gainesville Montgomery SouthLyon Norwalk Tuscaloosa Hampton Hartford SanBernardino Hartford Newburgh Hampton Lowell WestValleyCity Henderson Chattanooga Elkhart Pensacola Hampton Tuscaloosa Winston Austin Henderson StPetersburg Redding SanAntonio MyrtleBeach Chattanooga MyrtleBeach Racine Norwalk Miramar Newburgh Hampton Reno Hampton Montgomery Springdale Reno Modesto Reno Hampton Austin Palmdale GreenBay McAllen Hartford Hampton Reno Aberdeen
25
Pensacola Pensacola
SaltLakeCity SaltLakeCity
Gainesville Gainesville
Hampton Hampton
Winston Winston
Tuscaloosa Tuscaloosa
WestValleyCity WestValleyCity
Chattanooga Chattanooga
Modesto Modesto
Henderson Henderson
Lewisville Lewisville
Miramar Miramar
Racine Racine
Reno Reno
Lowell Lowell
SanBernardino SanBernardino
SouthLyon SouthLyon
Newburgh Newburgh
Austin Austin
Montgomery Montgomery
GreenBay GreenBay
SanAntonio SanAntonio
StPetersburg StPetersburg
Marina Marina
Springdale Springdale
