AndyandZeyu f16 AndyandZeyu g1 AndyandZeyu b9 i9 AndyandZeyu9 g9 AndyandZeyu f15 AndyandZeyu i7 AndyandZeyu f13 AndyandZeyu h9 AndyandZeyu j0 AndyandZeyu f6 AndyandZeyu AndyandZeyu12 j11 AndyandZeyu12 AndyandZeyu AndyandZeyu18 h18 AndyandZeyu18 AndyandZeyu d7 h7 d7 AndyandZeyu b14 i14 b14 AndyandZeyu g11 AndyandZeyu i AndyandZeyu j3 AndyandZeyu j10 AndyandZeyu f2 AndyandZeyu i18 AndyandZeyu j2 AndyandZeyu h16 AndyandZeyu h4 AndyandZeyu f11 AndyandZeyu f12 e12 g12 e12 AndyandZeyu j1 AndyandZeyu AndyandZeyu8 j7 AndyandZeyu8 AndyandZeyu g0 AndyandZeyu g2 AndyandZeyu i12 AndyandZeyu g14 AndyandZeyu g6 AndyandZeyu b4 i4 b4 AndyandZeyu i16 AndyandZeyu g18 AndyandZeyu f5 AndyandZeyu f17 AndyandZeyu AndyandZeyu13 j12 AndyandZeyu13 AndyandZeyu i3 AndyandZeyu i0 AndyandZeyu g4 AndyandZeyu i1 AndyandZeyu j5 AndyandZeyu b15 g15 b15 AndyandZeyu j8 AndyandZeyu d12 h12 d12 AndyandZeyu h3 AndyandZeyu f3 AndyandZeyu f18 AndyandZeyu f10 AndyandZeyu e2 i2 e2 AndyandZeyu b5 j4 b5 AndyandZeyu b10 j9 i10 e10 g10 b10 AndyandZeyu g8 AndyandZeyu AndyandZeyu17 j16 AndyandZeyu17 AndyandZeyu f7 AndyandZeyu f0 AndyandZeyu f8 h8 AndyandZeyu8 AndyandZeyu f2 h2 f2 AndyandZeyu b5 g5 b5 AndyandZeyu i13 AndyandZeyu h15 AndyandZeyu h AndyandZeyu AndyandZeyu18 j17 j18 AndyandZeyu h14 AndyandZeyu h6 AndyandZeyu f4 AndyandZeyu c0 h0 c0 AndyandZeyu g AndyandZeyu e17 g17 h17 d17 AndyandZeyu i11 AndyandZeyu f AndyandZeyu f14 AndyandZeyu i15 AndyandZeyu h10 AndyandZeyu b15 j14 b15 AndyandZeyu AndyandZeyu7 j6 g7 e7 AndyandZeyu h1 AndyandZeyu1 f1 AndyandZeyu1 AndyandZeyu i6 AndyandZeyu g3 AndyandZeyu h11 AndyandZeyu c j c AndyandZeyu i17 AndyandZeyu g13 AndyandZeyu h5 AndyandZeyu i5 AndyandZeyu j15 g16 AndyandZeyu AndyandZeyu13 h13 j12 j13 AndyandZeyu f9 AndyandZeyu i8 AndyandZeyu
100
f f
g g
h h
i i
j j
f0 f0
g0 g0
h0 h0
i0 i0
j0 j0
f1 f1
g1 g1
h1 h1
i1 i1
j1 j1
f2 f2
g2 g2
h2 h2
i2 i2
j2 j2
f3 f3
g3 g3
h3 h3
i3 i3
j3 j3
f4 f4
g4 g4
h4 h4
i4 i4
j4 j4
f5 f5
g5 g5
h5 h5
i5 i5
j5 j5
f6 f6
g6 g6
h6 h6
i6 i6
j6 j6
f7 f7
g7 g7
h7 h7
i7 i7
j7 j7
f8 f8
g8 g8
h8 h8
i8 i8
j8 j8
f9 f9
g9 g9
h9 h9
i9 i9
j9 j9
f10 f10
g10 g10
h10 h10
i10 i10
j10 j10
f11 f11
g11 g11
h11 h11
i11 i11
j11 j11
f12 f12
g12 g12
h12 h12
i12 i12
j12 j12
f13 f13
g13 g13
h13 h13
i13 i13
j13 j13
f14 f14
g14 g14
h14 h14
i14 i14
j14 j14
f15 f15
g15 g15
h15 h15
i15 i15
j15 j15
f16 f16
g16 g16
h16 h16
i16 i16
j16 j16
f17 f17
g17 g17
h17 h17
i17 i17
j17 j17
f18 f18
g18 g18
h18 h18
i18 i18
j18 j18
