A B TA23 TA712NN TB11 B TA172N TA222N TA2012NN A TB21 TA512NN TA2212NN TA42N B TA A TA181 A TA5 TA122N TA7 TA112N TA17 C TA132N M TA22N TA6 A TA171 TA2112NN TA1512NN TA912NN TA8 TA1 TA15 TA412NN TA242N TA142N B TA212N TA232N TA152N TA12NN TA71 C TA81 TA131 B TA2312NN TA211 B TA19 B TA182N F TA1112NN D TA12 TA192N B TA201 C TA41 TA231 B TA202N TA22 TA20 A TA1912NN TA31 TA161 TA18 A TA111 TA2 TA221 TA11 E TA312NN TA72N B TA13 TA151 TA1612NN C TA212NN C TA812NN B TA82N TA12N TA14 TA101 TA21 TA121 C TA2N H TA1412NN TA52N B TA241 A TA141 TA2412NN TA51 TA4 TA9 TA612NN TA1712NN TA62N TA1312NN TA61 TA92N TA24 TB1 TA112NN TA10 C TA16 TA191 TA1812NN TA102N TA32N A TA1212NN A TA162N TA3 TA1012NN TA91 B A
100
TA TA
TA1 TA1
TA2 TA2
TA3 TA3
TA4 TA4
TA5 TA5
TA6 TA6
TA7 TA7
TA8 TA8
TA9 TA9
TA10 TA10
TA11 TA11
TA12 TA12
TA13 TA13
TA14 TA14
TA15 TA15
TA16 TA16
TA17 TA17
TA18 TA18
TA19 TA19
TA20 TA20
TA21 TA21
TA22 TA22
TA23 TA23
TA24 TA24
TB1 TB1
TB11 TB11
TB21 TB21
TA31 TA31
TA41 TA41
TA51 TA51
TA61 TA61
TA71 TA71
TA81 TA81
TA91 TA91
TA101 TA101
TA111 TA111
TA121 TA121
TA131 TA131
TA141 TA141
TA151 TA151
TA161 TA161
TA171 TA171
TA181 TA181
TA191 TA191
TA201 TA201
TA211 TA211
TA221 TA221
TA231 TA231
TA241 TA241
TA2N TA2N
TA12N TA12N
TA22N TA22N
TA32N TA32N
TA42N TA42N
TA52N TA52N
TA62N TA62N
TA72N TA72N
TA82N TA82N
TA92N TA92N
TA102N TA102N
TA112N TA112N
TA122N TA122N
TA132N TA132N
TA142N TA142N
TA152N TA152N
TA162N TA162N
TA172N TA172N
TA182N TA182N
TA192N TA192N
TA202N TA202N
TA212N TA212N
TA222N TA222N
TA232N TA232N
TA242N TA242N
TA12NN TA12NN
TA112NN TA112NN
TA212NN TA212NN
TA312NN TA312NN
TA412NN TA412NN
TA512NN TA512NN
TA612NN TA612NN
TA712NN TA712NN
TA812NN TA812NN
TA912NN TA912NN
TA1012NN TA1012NN
TA1112NN TA1112NN
TA1212NN TA1212NN
TA1312NN TA1312NN
TA1412NN TA1412NN
TA1512NN TA1512NN
TA1612NN TA1612NN
TA1712NN TA1712NN
TA1812NN TA1812NN
TA1912NN TA1912NN
TA2012NN TA2012NN
TA2112NN TA2112NN
TA2212NN TA2212NN
TA2312NN TA2312NN
TA2412NN TA2412NN
