0 1 19 20 32 42 43 51 52 62 66 67 66 62 52 51 41 40 39 38 37 32 20 19 1 0 199 190 192 190 189 174 182 174 189 190 194 190 189 174 178 174 173 157 156 150 149 148 147 138 137 130 129 128 127 126 121 112 111 107 106 105 104 89 88 74 73 72 73 74 88 89 104 108 104 89 88 74 86 74 73 65 64 63 62 52 51 43 42 32 21 23 21 19 1 0 199 190 189 174 173 157 168 157 173 174 189 190 199 0 1 15 1 0 199 190 189 174 186 174 189 190 199 0 1 19 20 24 25 24 20 32 46 47 48 49 50 51 52 62 63 64 65 73 74 76 74 88 89 104 105 106 107 111 112 114 112 121 122 123 124 125 128 129 130 137 138 147 148 149 150 156 157 173 174 189 191 198 191 199 0 1 2 1 4 1 0 199 190 189 174 173 157 163 157 158 157 156 155 154 153 152 151 147 138 137 136 137 130 129 128 127 126 121 112 120 112 121 126 127 128 129 130 137 138 140 141 142 141 140 138 147 148 149 150 156 157 173 174 176 174 189 190 199 0 1 17 1 19 20 32 42 43 51 52 56 52 54 52 62 63 64 65 73 74 88 90 99 90 88 74 73 65 64 63 62 52 53 52 51 43 42 32 21 31 30 31 21 32 42 43 51 52 62 63 64 65 73 74 82 83 82 74 88 89 94 89 88 74 87 74 73 65 64 63 62 52 51 43 42 32 44 32 33 32 42 43 51 52 62 63 64 65 73 74 88 89 100 101 100 89 104 105 106 107 111 112 121 126 127 128 129 130 137 139 146 139 147 148 149 150 156 157 172 157 156 150 149 148 147 138 137 130 129 128 127 126 121 112 111 107 106 105 104 89 91 89 88 74 73 65 64 63 62 52 51 43 42 32 20 19 1 7 1 0
50
2 2
130 130
4 4
7 7
136 136
142 142
15 15
17 17
146 146
148 148
23 23
25 25
154 154
30 30
158 158
33 33
163 163
40 40
168 168
42 42
44 44
172 172
48 48
176 176
178 178
53 53
54 54
182 182
56 56
186 186
64 64
192 192
194 194
67 67
198 198
72 72
76 76
83 83
86 86
87 87
91 91
94 94
99 99
101 101
105 105
108 108
114 114
120 120
124 124
127 127
