MHnVCXOJJwOI RWoTZCNhceUR KKNtdnAHmUpc YfpLHnDpSXzc svpVoYHpEpjH phTlHtTwrYOU GoPPViXuIoMW PCNGxUSnzrYJ GLfJulJDWdHA crcFIKqbaYTC jmWqilJNXyuV oClepMbylsqk NkzUoyRYPnbb FhVNapbaoZOZ AZrILCuGwbtV MlFqcqjWiUdI NmmqQKqzdERM cXYRsTNMJDHO ilCjMogPnNTK bVDkAfQbeTmx YbGvPudTcbyh JCPkGQQBkgge ltlOmMSvjmIL SPoMbAzxrqrj SJPfUQrbAbqM UvfnFwkwYqFk MHnVCXOJJwOI
25
SJPfUQrbAbqM SJPfUQrbAbqM
ilCjMogPnNTK ilCjMogPnNTK
SPoMbAzxrqrj SPoMbAzxrqrj
YbGvPudTcbyh YbGvPudTcbyh
NmmqQKqzdERM NmmqQKqzdERM
svpVoYHpEpjH svpVoYHpEpjH
bVDkAfQbeTmx bVDkAfQbeTmx
crcFIKqbaYTC crcFIKqbaYTC
jmWqilJNXyuV jmWqilJNXyuV
MlFqcqjWiUdI MlFqcqjWiUdI
PCNGxUSnzrYJ PCNGxUSnzrYJ
cXYRsTNMJDHO cXYRsTNMJDHO
KKNtdnAHmUpc KKNtdnAHmUpc
NkzUoyRYPnbb NkzUoyRYPnbb
phTlHtTwrYOU phTlHtTwrYOU
GLfJulJDWdHA GLfJulJDWdHA
oClepMbylsqk oClepMbylsqk
RWoTZCNhceUR RWoTZCNhceUR
YfpLHnDpSXzc YfpLHnDpSXzc
ltlOmMSvjmIL ltlOmMSvjmIL
FhVNapbaoZOZ FhVNapbaoZOZ
GoPPViXuIoMW GoPPViXuIoMW
AZrILCuGwbtV AZrILCuGwbtV
UvfnFwkwYqFk UvfnFwkwYqFk
JCPkGQQBkgge JCPkGQQBkgge
