MfdzFvsdGbvl RICmsRCgzRsB axLiuEEXvnsQ PUcvIgREsriS IHnRSACwPeSd PQTqeEtJjrHq AGbRQRBgaOdX MkUBuIisCVpZ NlmuUUVQUbgI BkcPMTugAswL uFHfCerNFIme rrRAqFcoDYfk pQCFwcmaYfTN arcJTkwUqbUy hLGIbMiwjPgd QHpWWcCYavdw EoEdLMroSPNp TbekQRoKcInv AMizjBPjmCZd pkzKsTORVYro hCxjbMrSlUJQ ymJllvoAiAsf dDFWxTbuPymh PnbamVANEguC MLnLJmQHwuOS UVLyMXgqTFaJ buqjmAINqGzN SojgLCNtJNvq deJmWrylVSGK VARFNCcqfgIc DvRTDyBMOCbT GKWfMfVZxbJi DFscNnuMhxUC dFUHctNjrywb VyXrTLUcizAa noaMakAlHdwq PvZWLvSzyZfH MOpktZzuQRCH QifLRRQkbeZy mFYKjQfCsRtT GemeldahvdVv mtRsLIzrlNLu plKUVNXwKfVb tywOQDwDhjwZ jBrNTBMPxyQD ZjfLZjjegWJT GuSSYBNHDbKE rVqgoVgUmLRB SgyAcloZDNJV FCrKCfVsEsBk BbyhqvohDUZK MfdzFvsdGbvl
50
VyXrTLUcizAa VyXrTLUcizAa
buqjmAINqGzN buqjmAINqGzN
tywOQDwDhjwZ tywOQDwDhjwZ
SgyAcloZDNJV SgyAcloZDNJV
dDFWxTbuPymh dDFWxTbuPymh
EoEdLMroSPNp EoEdLMroSPNp
pQCFwcmaYfTN pQCFwcmaYfTN
AGbRQRBgaOdX AGbRQRBgaOdX
NlmuUUVQUbgI NlmuUUVQUbgI
QifLRRQkbeZy QifLRRQkbeZy
ymJllvoAiAsf ymJllvoAiAsf
axLiuEEXvnsQ axLiuEEXvnsQ
SojgLCNtJNvq SojgLCNtJNvq
VARFNCcqfgIc VARFNCcqfgIc
mtRsLIzrlNLu mtRsLIzrlNLu
FCrKCfVsEsBk FCrKCfVsEsBk
PQTqeEtJjrHq PQTqeEtJjrHq
dFUHctNjrywb dFUHctNjrywb
PUcvIgREsriS PUcvIgREsriS
noaMakAlHdwq noaMakAlHdwq
DvRTDyBMOCbT DvRTDyBMOCbT
QHpWWcCYavdw QHpWWcCYavdw
MOpktZzuQRCH MOpktZzuQRCH
AMizjBPjmCZd AMizjBPjmCZd
RICmsRCgzRsB RICmsRCgzRsB
PnbamVANEguC PnbamVANEguC
jBrNTBMPxyQD jBrNTBMPxyQD
pkzKsTORVYro pkzKsTORVYro
ZjfLZjjegWJT ZjfLZjjegWJT
DFscNnuMhxUC DFscNnuMhxUC
hCxjbMrSlUJQ hCxjbMrSlUJQ
BbyhqvohDUZK BbyhqvohDUZK
uFHfCerNFIme uFHfCerNFIme
GemeldahvdVv GemeldahvdVv
TbekQRoKcInv TbekQRoKcInv
MkUBuIisCVpZ MkUBuIisCVpZ
hLGIbMiwjPgd hLGIbMiwjPgd
deJmWrylVSGK deJmWrylVSGK
PvZWLvSzyZfH PvZWLvSzyZfH
rVqgoVgUmLRB rVqgoVgUmLRB
UVLyMXgqTFaJ UVLyMXgqTFaJ
GuSSYBNHDbKE GuSSYBNHDbKE
rrRAqFcoDYfk rrRAqFcoDYfk
GKWfMfVZxbJi GKWfMfVZxbJi
IHnRSACwPeSd IHnRSACwPeSd
plKUVNXwKfVb plKUVNXwKfVb
BkcPMTugAswL BkcPMTugAswL
arcJTkwUqbUy arcJTkwUqbUy
mFYKjQfCsRtT mFYKjQfCsRtT
MLnLJmQHwuOS MLnLJmQHwuOS
