IvOdahrtFwzZ nKmMbiEuiffc AQgpWBullbIi sTgUExIipvWV fblrDraNAUxK ybLCwZqVZKud wXjNgGRCXYRl YGzazHdyrGCd hLCSOZLNEdhX TZmWJenJbEsV sFSBpaJxLpBT HVwGkspnDHbf WsLfQLsirtHk fiHhqLtPfdZy lznMKRYSMheH IcNVObbuvzWY zypYDSZfKAvD ypApeqMQPnQA ocysUjOwnenm RQBxIsRWzmfl ubtvaUeVUfmV mvdksSctoMVi ctZWqndwhbJm zOkfhFVfOKVi UYTxhnOtiPHB PFpQuVVRxbvV gkTmCiZxFrJw oKIKkmsSWzmH wHeDieHMYzAK vkOqMvrCUWYf yFQWQWtUUMle nxbMBCPhfQij AoaIXEzdsCrm xXoCKkdkKAne PKHkuTHeRXhO WRiugWLCujBI cpNycWVdmzHJ EOKLHvbbCToE YvLRANdegrdA qxhFFIUEfnzV gJMLzBkWmUoV JNoAmCxHcsYw QZQElPdcHxru cQFNlImsTWTM lRgeGnDJBtMa RGYiIUdVAiVL qFGlIHDqKyPA uzYTzVwixczQ XwPJYwaGcHxO aXlcDzbXwAJW AhJBAeSEuUkL QxNjgiXciQma NMSHhfMtAJZb WWtfhwMSzfGW gXcuqckdTdIP NxxrxPgsnMqG ZPYnROAizafx EwXugPkGUVkm touUfboeiIya quZcTYtpBjSn cRekprdsHHWw nlzJUuBrsbXD zCWezcJmUGqs mgKEFEWheOqk FkNlSGMBOUbz UGahWpWtmUQn tARvBeqQDqSY KtoZVrQmJWki hPSXtHMMyKAK WUqhotrexTBp zcAOlsVDUDkc QDhUZstsJKtV pjemGRILnFei TglqUXfjbefC TTwdgXpOLyxF nyTRNDRCsANl ppfBOAvWYXyJ QFfSmYtuSTPl GvyjKkGcUdcI DiKlonktcqTP OIjApACwnyqG nschEYWjrAsr EKWhDcEeEkGK dXlgwkdKhUmB mZUBOQTZyXOM jXOmYlZmvqnI SKbQkQUhqQEt jXgKDXnEJsra IfTQNEFsiTgr evRMhyiHKGXv WnABnktZDxMx WHSGrQQrrotE qlMzHEurfTvO yVSfaizVeLPT LNoKVqXhLEzn oOIjuHJcVRiV HEwqlaeMfSzl IQvKLYGCcCbd yHOsEGOhjOLt JpwDMOwQmqOp aSpDrTbKBytW IvOdahrtFwzZ
100
ZPYnROAizafx ZPYnROAizafx
fiHhqLtPfdZy fiHhqLtPfdZy
IQvKLYGCcCbd IQvKLYGCcCbd
ctZWqndwhbJm ctZWqndwhbJm
IcNVObbuvzWY IcNVObbuvzWY
pjemGRILnFei pjemGRILnFei
cpNycWVdmzHJ cpNycWVdmzHJ
ypApeqMQPnQA ypApeqMQPnQA
QZQElPdcHxru QZQElPdcHxru
qxhFFIUEfnzV qxhFFIUEfnzV
TZmWJenJbEsV TZmWJenJbEsV
EwXugPkGUVkm EwXugPkGUVkm
nlzJUuBrsbXD nlzJUuBrsbXD
AoaIXEzdsCrm AoaIXEzdsCrm
jXgKDXnEJsra jXgKDXnEJsra
TTwdgXpOLyxF TTwdgXpOLyxF
mZUBOQTZyXOM mZUBOQTZyXOM
vkOqMvrCUWYf vkOqMvrCUWYf
zypYDSZfKAvD zypYDSZfKAvD
mvdksSctoMVi mvdksSctoMVi
OIjApACwnyqG OIjApACwnyqG
mgKEFEWheOqk mgKEFEWheOqk
hLCSOZLNEdhX hLCSOZLNEdhX
EKWhDcEeEkGK EKWhDcEeEkGK
fblrDraNAUxK fblrDraNAUxK
gkTmCiZxFrJw gkTmCiZxFrJw
nxbMBCPhfQij nxbMBCPhfQij
UYTxhnOtiPHB UYTxhnOtiPHB
wXjNgGRCXYRl wXjNgGRCXYRl
HEwqlaeMfSzl HEwqlaeMfSzl
wHeDieHMYzAK wHeDieHMYzAK
QDhUZstsJKtV QDhUZstsJKtV
xXoCKkdkKAne xXoCKkdkKAne
yFQWQWtUUMle yFQWQWtUUMle
DiKlonktcqTP DiKlonktcqTP
qlMzHEurfTvO qlMzHEurfTvO
evRMhyiHKGXv evRMhyiHKGXv
oOIjuHJcVRiV oOIjuHJcVRiV
QFfSmYtuSTPl QFfSmYtuSTPl
quZcTYtpBjSn quZcTYtpBjSn
KtoZVrQmJWki KtoZVrQmJWki
WWtfhwMSzfGW WWtfhwMSzfGW
zOkfhFVfOKVi zOkfhFVfOKVi
lznMKRYSMheH lznMKRYSMheH
aSpDrTbKBytW aSpDrTbKBytW
GvyjKkGcUdcI GvyjKkGcUdcI
lRgeGnDJBtMa lRgeGnDJBtMa
touUfboeiIya touUfboeiIya
ocysUjOwnenm ocysUjOwnenm
SKbQkQUhqQEt SKbQkQUhqQEt
WRiugWLCujBI WRiugWLCujBI
WsLfQLsirtHk WsLfQLsirtHk
AQgpWBullbIi AQgpWBullbIi
NMSHhfMtAJZb NMSHhfMtAJZb
ppfBOAvWYXyJ ppfBOAvWYXyJ
cQFNlImsTWTM cQFNlImsTWTM
HVwGkspnDHbf HVwGkspnDHbf
WHSGrQQrrotE WHSGrQQrrotE
EOKLHvbbCToE EOKLHvbbCToE
PFpQuVVRxbvV PFpQuVVRxbvV
RGYiIUdVAiVL RGYiIUdVAiVL
JpwDMOwQmqOp JpwDMOwQmqOp
WUqhotrexTBp WUqhotrexTBp
YGzazHdyrGCd YGzazHdyrGCd
qFGlIHDqKyPA qFGlIHDqKyPA
hPSXtHMMyKAK hPSXtHMMyKAK
LNoKVqXhLEzn LNoKVqXhLEzn
ubtvaUeVUfmV ubtvaUeVUfmV
yVSfaizVeLPT yVSfaizVeLPT
nschEYWjrAsr nschEYWjrAsr
dXlgwkdKhUmB dXlgwkdKhUmB
tARvBeqQDqSY tARvBeqQDqSY
QxNjgiXciQma QxNjgiXciQma
JNoAmCxHcsYw JNoAmCxHcsYw
YvLRANdegrdA YvLRANdegrdA
AhJBAeSEuUkL AhJBAeSEuUkL
cRekprdsHHWw cRekprdsHHWw
sTgUExIipvWV sTgUExIipvWV
nyTRNDRCsANl nyTRNDRCsANl
IfTQNEFsiTgr IfTQNEFsiTgr
XwPJYwaGcHxO XwPJYwaGcHxO
aXlcDzbXwAJW aXlcDzbXwAJW
TglqUXfjbefC TglqUXfjbefC
jXOmYlZmvqnI jXOmYlZmvqnI
uzYTzVwixczQ uzYTzVwixczQ
WnABnktZDxMx WnABnktZDxMx
UGahWpWtmUQn UGahWpWtmUQn
gJMLzBkWmUoV gJMLzBkWmUoV
yHOsEGOhjOLt yHOsEGOhjOLt
gXcuqckdTdIP gXcuqckdTdIP
FkNlSGMBOUbz FkNlSGMBOUbz
zCWezcJmUGqs zCWezcJmUGqs
PKHkuTHeRXhO PKHkuTHeRXhO
ybLCwZqVZKud ybLCwZqVZKud
NxxrxPgsnMqG NxxrxPgsnMqG
oKIKkmsSWzmH oKIKkmsSWzmH
nKmMbiEuiffc nKmMbiEuiffc
RQBxIsRWzmfl RQBxIsRWzmfl
sFSBpaJxLpBT sFSBpaJxLpBT
zcAOlsVDUDkc zcAOlsVDUDkc
