5 89 38 149 2 157 83 5 177 9 164 97 66 115 69 124 55 82 3 188 35 185 112 93 147 182 5 1 15 58 15 91 1 198 4 46 100 20 170 1 168 3 197 79 106 3 117 3 50 3 92 11 103 196 130 102 137 2 122 27 190 108 8 9 42 16 159 78 5
50
1 1
130 130
8 8
137 137
16 16
147 147
20 20
149 149
27 27
157 157
159 159
35 35
164 164
38 38
168 168
42 42
170 170
46 46
177 177
50 50
182 182
55 55
185 185
58 58
188 188
190 190
66 66
196 196
197 197
69 69
198 198
78 78
79 79
82 82
83 83
89 89
91 91
92 92
93 93
97 97
100 100
102 102
103 103
106 106
108 108
112 112
115 115
117 117
122 122
124 124
