0 6 194 111 6 39 59 73 198 49 124 3 156 152 9 40 142 55 66 160 2 23 4 162 109 0 189 0 123 95 30 5 56 161 1 193 5 150 38 168 22 155 144 6 1 35 42 89 171 18 25 61 0 26 68 101 110 60 135 129 0 118 16 5 122 136 11 105 15 157 87 172 17 138 184 62 12 2 91 75 9 27 187 140 178 67 96 108 1 158 50 83 164 80 6 104 141 102 196 79 3 163 1 173 7 10 179 145 130 10 119 4 31 34 5 151 36 71 93 24 0 21 147 2 0
100
1 1
5 5
6 6
7 7
9 9
10 10
11 11
12 12
15 15
16 16
17 17
18 18
21 21
22 22
23 23
24 24
25 25
26 26
27 27
30 30
31 31
34 34
35 35
36 36
38 38
39 39
40 40
42 42
49 49
50 50
55 55
56 56
59 59
60 60
61 61
62 62
66 66
67 67
68 68
71 71
73 73
75 75
79 79
80 80
83 83
87 87
89 89
91 91
93 93
95 95
96 96
101 101
102 102
104 104
105 105
108 108
109 109
110 110
111 111
118 118
119 119
122 122
123 123
124 124
129 129
130 130
135 135
136 136
138 138
140 140
141 141
142 142
144 144
145 145
147 147
150 150
151 151
152 152
155 155
156 156
157 157
158 158
160 160
161 161
162 162
163 163
164 164
168 168
171 171
172 172
173 173
178 178
179 179
184 184
187 187
189 189
193 193
194 194
196 196
198 198
