Soda A D K AI AU AI K D A B H AB H B A Soda A5 A9 B7 B5 B7 D3 D6 A5 Soda C4 E9 C6 B1 E7 B1 C6 E9 C4 Soda C9 A7 C9 Soda A5 A9 A5 Soda A G N Y AP Y N G A Soda C5 Soda A5 A9 B7 A9 A5 Soda C2 D5 D7 C3 D8 B9 D9 B9 D9 D1 B8 A7 C9 Soda C4 E3 B2 C7 B2 C5 Soda C2 D4 C3 D4 C2 Soda A C J C A E L U AG U Q E P E A Soda C5 B2 E5 B3 C7 B2 C5 Soda A5 A9 A4 A3 A4 A9 A5 Soda C2 D5 A1 A7 C9 Soda A F M AC W X AO X O F A C I AF I C A Soda C2 D4 E1 D4 C2 Soda A5 D6 D3 C1 D3 D6 A5 Soda A D K AI AS AI AH AW AH AI T K D A Soda
39
A1 A1
A3 A3
A5 A5
A7 A7
A9 A9
B1 B1
B3 B3
B5 B5
B7 B7
B9 B9
C1 C1
C3 C3
C5 C5
C7 C7
C9 C9
D1 D1
D3 D3
D5 D5
D7 D7
D9 D9
E1 E1
E3 E3
E5 E5
E7 E7
H H
J J
N N
P P
Q Q
T T
AB AB
AC AC
AF AF
AG AG
AO AO
AP AP
AS AS
AU AU
AW AW
