Soda a0 a5 a9 b7 a9 a5 a0 Soda a b m ad l k ab av ab k b a Soda A B H AB H B A Soda a b k l ax l k b a Soda C2 D4 C3 D4 C2 Soda a0 c5 b2 c7 b2 c5 a0 Soda C9 Soda A5 A9 B7 A9 A5 Soda a h ak aj ak t ak h a Soda a0 c2 d4 c3 e1 d4 c2 a0 Soda A D K AI AS AI K D A Soda C4 E3 C4 Soda a0 c9 a7 c9 a0 Soda C5 B2 C7 B2 E5 B1 C6 E9 C4 Soda a0 c2 d5 c2 a0 Soda C2 D4 D7 D4 C2 Soda a e p q ah q p e a Soda a0 c9 a7 b8 d1 d9 c10 a7 c9 a0 a5 a9 a4 a3 a8 b5 b7 d3 d6 a5 a0 Soda a d n d a Soda A5 A9 A5 Soda a0 c5 e3 c4 a0 Soda A D K AI AH AW AH AI T K D A Soda a d a b a Soda A E P E A Soda C5 B2 E5 B2 C5 Soda a h a Soda A E Q E A Soda a i x i a Soda A C I AF I C A Soda A5 A9 B7 B5 B7 A9 A5 Soda A G N Y AP Y Z AB H B A F O X AO X O F A Soda a0 c4 e9 c6 b1 e7 b1 c6 e9 c4 a0 Soda a g f g a Soda C2 D5 C2 Soda a0 c9 a0 Soda A5 A9 A4 A3 A4 A9 A5 Soda C4 E9 C6 B1 E7 E6 B3 C7 B2 C5 Soda A5 Soda C9 A7 B10 B9 B10 A7 C9 Soda a0 a5 d6 d3 c1 d3 d6 a5 a0 Soda C5 Soda C2 D4 E1 D4 C2 Soda A5 D6 D3 C1 D3 D6 A5 Soda A E L U AG U L E A C J C A Soda a0 a5 a9 a5 a0 c4 e9 c6 b1 c6 e9 c4 a0 Soda C9 A7 B8 D1 B8 A7 C9 Soda a g s al ak r f g a Soda a0 c5 b2 e5 b2 c5 a0 Soda A D K AI AU AI K D A Soda a0 c5 b2 c7 b3 c7 b2 c5 a0 c2 d4 d7 d5 a1 a7 c9 a0 Soda a e p af p e a i u an ao ap ao v u i a Soda A5 D6 D3 D6 A5 Soda A F M AC M F A Soda C2 D5 A1 A7 C10 D9 C10 A7 C9 Soda A G N G A Soda a0 c9 a7 b10 b9 b10 a7 c9 a0 Soda a i j aa z ar z at z aa j i a Soda
88
A1 A1
A3 A3
A5 A5
A7 A7
A9 A9
B1 B1
B3 B3
B5 B5
B7 B7
B9 B9
C1 C1
C3 C3
C5 C5
C7 C7
C9 C9
D1 D1
D3 D3
D5 D5
D7 D7
D9 D9
E1 E1
E3 E3
E5 E5
E7 E7
H H
J J
N N
P P
Q Q
T T
AB AB
AC AC
AF AF
AG AG
AO AO
AP AP
AS AS
AU AU
AW AW
b b
d d
f f
h h
j j
l l
n n
p p
r r
t t
v v
x x
z z
ab ab
ad ad
af af
ah ah
aj aj
al al
an an
ap ap
ar ar
at at
av av
ax ax
a1 a1
a3 a3
a5 a5
a7 a7
a9 a9
b1 b1
b3 b3
b5 b5
b7 b7
b9 b9
c1 c1
c3 c3
c5 c5
c7 c7
c9 c9
d1 d1
d3 d3
d5 d5
d7 d7
d9 d9
e1 e1
e3 e3
e5 e5
e7 e7
