1 6 97 131 5 69 5 119 2 107 85 6 53 101 2 39 7 63 4 129 1 93 10 29 113 20 25 2 15 2 81 2 123 125 121 7 3 111 3 89 27 11 105 95 5 77 61 45 5 137 6 139 10 31 73 49 13 143 33 4 43 4 37 4 127 4 133 47 79 8 145 8 117 5 135 3 109 103 2 57 99 20 11 1 13 7 141 28 65 3 91 35 55 10 149 83 5 7 41 14 51 87 19 147 19 9 3 115 67 59 71 9 19 1 23 17 21 75 3 1
75
1 1
129 129
3 3
131 131
5 5
133 133
7 7
135 135
9 9
137 137
11 11
139 139
13 13
141 141
15 15
143 143
17 17
145 145
19 19
147 147
21 21
149 149
23 23
25 25
27 27
29 29
31 31
33 33
35 35
37 37
39 39
41 41
43 43
45 45
47 47
49 49
51 51
53 53
55 55
57 57
59 59
61 61
63 63
65 65
67 67
69 69
71 71
73 73
75 75
77 77
79 79
81 81
83 83
85 85
87 87
89 89
91 91
93 93
95 95
97 97
99 99
101 101
103 103
105 105
107 107
109 109
111 111
113 113
115 115
117 117
119 119
121 121
123 123
125 125
127 127
