Leah Paula Megan Alexander Vicki Javier Kelly Russell Brian Jon Ryan Anthony Adrian David Carol Lisa Gary Michael Rachel April Ruth Dylan Jordan Jade Jennifer Amanda Russell Leah
25
Russell Russell
Carol Carol
Adrian Adrian
Anthony Anthony
Amanda Amanda
Gary Gary
Brian Brian
Lisa Lisa
Jade Jade
Paula Paula
David David
Dylan Dylan
Ruth Ruth
April April
Vicki Vicki
Jennifer Jennifer
Megan Megan
Javier Javier
Michael Michael
Ryan Ryan
Alexander Alexander
Jordan Jordan
Kelly Kelly
Rachel Rachel
Jon Jon
