Jason Jeremy Gabriel Ricky Paul Wendy Kelsey Nicholas Brad Kathy Shawn Jordan Katelyn Jennifer Cheryl Brian Alexandra Edwin Dylan Misty Jeffery Regina Kayla Kara Dana Kimberly Ashley Robin Stacie Bryan Megan Johnathan Adam Melissa David Amanda Derek Rachel Stephen Elizabeth Robert Jill Wayne Nathaniel Gregory Mark Rebekah Monica Misty Samantha Kari Carrie John Nicole Randy Lauren Charles Sabrina Jose Tommy April Brittany Adrian Brett Rebecca Kristen Evan Cristian Logan Timothy Laura Jeffrey Joshua Juan Karen Mercedes Christina Tammy Crystal Carol Heather Jacqueline Andrew Roy Kyle Shane Tristan Claire Shannon Dustin Melinda Susan Mario James Scott Michelle Grace Ronnie Jane Mary William Joseph Jason
100
Derek Derek
Nathaniel Nathaniel
Heather Heather
Gabriel Gabriel
Adam Adam
Misty Misty
Shannon Shannon
Samantha Samantha
Katelyn Katelyn
Adrian Adrian
John John
Nicole Nicole
Brad Brad
Claire Claire
David David
Lauren Lauren
Joshua Joshua
Mario Mario
Roy Roy
Kara Kara
Johnathan Johnathan
Dana Dana
Cristian Cristian
Ricky Ricky
Tristan Tristan
Paul Paul
Laura Laura
Stacie Stacie
Jose Jose
Melissa Melissa
Kari Kari
Evan Evan
Carol Carol
Carrie Carrie
Brian Brian
Andrew Andrew
Jeffery Jeffery
Robert Robert
Mark Mark
Regina Regina
Kelsey Kelsey
Wayne Wayne
Megan Megan
Jeffrey Jeffrey
Shane Shane
Timothy Timothy
Joseph Joseph
Charles Charles
Crystal Crystal
William William
Mary Mary
Cheryl Cheryl
Rebekah Rebekah
Shawn Shawn
Dustin Dustin
Jacqueline Jacqueline
Logan Logan
Gregory Gregory
Kimberly Kimberly
Amanda Amanda
Christina Christina
Rebecca Rebecca
Scott Scott
Mercedes Mercedes
Dylan Dylan
Wendy Wendy
Kayla Kayla
Edwin Edwin
Michelle Michelle
Stephen Stephen
Kristen Kristen
Brett Brett
Karen Karen
Ronnie Ronnie
Jill Jill
Sabrina Sabrina
Elizabeth Elizabeth
Tommy Tommy
James James
Juan Juan
Brittany Brittany
Kathy Kathy
Susan Susan
Monica Monica
Bryan Bryan
Jane Jane
Alexandra Alexandra
Grace Grace
April April
Nicholas Nicholas
Jennifer Jennifer
Jeremy Jeremy
Kyle Kyle
Tammy Tammy
Ashley Ashley
Jordan Jordan
Melinda Melinda
Rachel Rachel
Robin Robin
Randy Randy
