Austin Ralph Elizabeth Kyle Elaine Hannah Sean Paul April Melissa Edward Jamie Patrick Melinda Janet Debra Daniel Jonathan Garrett Gina Michael John Jennifer Jeanette Rhonda Alex Eugene Rachel Danielle Glenda Steven Paige Maxwell Amy Scott Walter Dennis Ashley Donald Juan Joshua Mariah Victoria Robin Monique Kari Natasha Jordan Robert Cassandra Sara Austin
50
Victoria Victoria
John John
Debra Debra
Hannah Hannah
Elaine Elaine
Mariah Mariah
Eugene Eugene
Patrick Patrick
Joshua Joshua
Natasha Natasha
Walter Walter
Sara Sara
Gina Gina
Paul Paul
Daniel Daniel
Melissa Melissa
Kari Kari
Edward Edward
Jamie Jamie
Paige Paige
Robert Robert
Donald Donald
Janet Janet
Glenda Glenda
Amy Amy
Steven Steven
Maxwell Maxwell
Dennis Dennis
Danielle Danielle
Scott Scott
Michael Michael
Elizabeth Elizabeth
Sean Sean
Juan Juan
Rhonda Rhonda
Ralph Ralph
Garrett Garrett
Monique Monique
Alex Alex
Jonathan Jonathan
April April
Jennifer Jennifer
Cassandra Cassandra
Kyle Kyle
Ashley Ashley
Jordan Jordan
Melinda Melinda
Rachel Rachel
Robin Robin
Jeanette Jeanette
