Glameow Inkay Spheal Gothorita Spheal Gigalith Buneary Glalie Buneary Zygarde Ledian Zygarde Ivysaur Spiritomb Ivysaur Meganium Ivysaur Gloom Mudbray Fomantis Poochyena Piplup Archen Beheeyem Golett Beheeyem Cacturne Spheal Furret Turtwig Togepi Feebas Wailord Cacturne Wartortle Spinarak Electivire Gumshoos Bergmite Gumshoos Electivire Archeops Electivire Yanma Sigilyph Araquanid Leavanny Cacturne Archeops Loudred Glameow
25
Electivire Electivire
Spiritomb Spiritomb
Wailord Wailord
Gumshoos Gumshoos
Spinarak Spinarak
Ledian Ledian
Buneary Buneary
Bergmite Bergmite
Glalie Glalie
Inkay Inkay
Zygarde Zygarde
Togepi Togepi
Yanma Yanma
Mudbray Mudbray
Piplup Piplup
Archeops Archeops
Spheal Spheal
Meganium Meganium
Furret Furret
Loudred Loudred
Gigalith Gigalith
Gothorita Gothorita
Golett Golett
Beheeyem Beheeyem
Leavanny Leavanny
