Florges Zubat Toxapex Moltres Gastrodon Hakamoo Lillipup Cherrim Roggenrola Yanmega Cradily Tsareena Espurr Dialga Caterpie Machoke Timburr Infernape Timburr Bisharp Masquerain Togetic Bergmite Kricketot Yanmega Poliwrath Wailmer Primarina Sentret Lillipup Bergmite Wormadam Wailmer Delibird Volbeat Buzzwole Celebi Girafarig Serperior Stufful Omastar Eelektrik Piloswine Eelektrik Stufful Shieldon Regice Shaymin Caterpie Zapdos Palossand Bouffalant Serperior Bidoof Manectric Tentacruel Typhlosion Timburr Cascoon Delibird Masquerain Poliwag Purrloin Sentret Moltres Aurorus Dialga Pichu Audino Ralts Toxapex Celebi Hitmonlee Doublade Carracosta Masquerain Celesteela Bayleef Volbeat Persian Weepinbell Dusknoir Furfrou Scolipede Vespiquen Florges
50
Weepinbell Weepinbell
Carracosta Carracosta
Yanmega Yanmega
Purrloin Purrloin
Timburr Timburr
Poliwag Poliwag
Poliwrath Poliwrath
Sentret Sentret
Celesteela Celesteela
Omastar Omastar
Persian Persian
Pichu Pichu
Zapdos Zapdos
Ralts Ralts
Togetic Togetic
Manectric Manectric
Lillipup Lillipup
Volbeat Volbeat
Moltres Moltres
Shaymin Shaymin
Piloswine Piloswine
Gastrodon Gastrodon
Infernape Infernape
Kricketot Kricketot
Primarina Primarina
Celebi Celebi
Stufful Stufful
Cherrim Cherrim
Delibird Delibird
Zubat Zubat
Dusknoir Dusknoir
Tentacruel Tentacruel
Wailmer Wailmer
Bidoof Bidoof
Regice Regice
Hitmonlee Hitmonlee
Bergmite Bergmite
Tsareena Tsareena
Dialga Dialga
Aurorus Aurorus
Machoke Machoke
Bayleef Bayleef
Cascoon Cascoon
Scolipede Scolipede
Buzzwole Buzzwole
Bouffalant Bouffalant
Wormadam Wormadam
Hakamoo Hakamoo
Girafarig Girafarig
Bisharp Bisharp
