Granbull Torracat Buizel Tirtouga Carnivine Roserade Octillery Chespin Spiritomb Arbok Cosmog Chatot Feraligatr Ampharos Manaphy Gliscor Munna Torkoal Relicanth Unown Electrike Crawdaunt Illumise Krookodile Hoppip Exeggcute Butterfree Flygon Crabominable Rapidash Ninjask Bergmite Malamar Charizard Glalie Charizard Zebstrika Typhlosion Floette Sylveon Tsareena Bidoof Metapod Furret Reuniclus Metang Bonsly Octillery Whiscash Budew Grumpig Budew Skitty Bagon Swanna Mimikyu Unown Porygon Magmortar Cascoon Staryu Nuzleaf Lampent Rufflet Corphish Darkrai Diggersby Mantine Diggersby Floatzel Spinda Torracat Illumise Whismur Heatran Whismur Lileep Zebstrika Happiny Slakoth Happiny Ampharos Eelektross Mightyena Butterfree Absol Rockruff Magmar Metang Metagross Bagon Serperior Machamp Raichu Lapras Politoed Magmar Binacle Whiscash Trumbeak Beedrill Conkeldurr Roserade Cosmog Goomy Staravia Cinccino Darkrai Corphish Vivillon Kangaskhan Bagon Chinchou Mantine Luvdisc Lycanroc Mawile Finneon Happiny Chatot Machamp Reshiram Machamp Quilava Machamp Raichu Arbok Rufflet Charmander Lombre Blissey TypeNull Eelektross Heatmor Infernape Manaphy Mudsdale Pidgeot Finneon Lycanroc Cosmog Bergmite Rapidash Torchic Cascoon Tsareena Rhyhorn Hitmontop Absol Butterfree Cubone Pancham Whimsicott Kirlia Jolteon Staryu Deoxys Staryu Dustox Staryu Jirachi Spiritomb Probopass Zebstrika Typhlosion Bronzor Carbink Bronzor Mightyena Butterfree Beedrill Budew Linoone Electrode Cascoon Grumpig Golbat Illumise Remoraid Bagon Rockruff Whiscash Greninja Oshawott Spinda Spiritomb Ursaring PorygonZ Granbull
100
Tsareena Tsareena
Absol Absol
Unown Unown
Roserade Roserade
Dustox Dustox
Heatran Heatran
Butterfree Butterfree
Ampharos Ampharos
Spiritomb Spiritomb
Torchic Torchic
Cosmog Cosmog
Arbok Arbok
Cascoon Cascoon
Torracat Torracat
Chinchou Chinchou
Crawdaunt Crawdaunt
Slakoth Slakoth
Mimikyu Mimikyu
Happiny Happiny
Quilava Quilava
Kangaskhan Kangaskhan
Rockruff Rockruff
Bonsly Bonsly
Grumpig Grumpig
Spinda Spinda
Cinccino Cinccino
Budew Budew
Sylveon Sylveon
Mawile Mawile
Beedrill Beedrill
Lampent Lampent
Greninja Greninja
Malamar Malamar
Buizel Buizel
Jolteon Jolteon
Mantine Mantine
Charizard Charizard
Gliscor Gliscor
Binacle Binacle
Relicanth Relicanth
Raichu Raichu
Cubone Cubone
Krookodile Krookodile
Heatmor Heatmor
Swanna Swanna
Diggersby Diggersby
Whiscash Whiscash
Metagross Metagross
TypeNull TypeNull
Whimsicott Whimsicott
Lycanroc Lycanroc
Mightyena Mightyena
Floette Floette
Jirachi Jirachi
Mudsdale Mudsdale
Darkrai Darkrai
Reuniclus Reuniclus
Remoraid Remoraid
Magmar Magmar
Rufflet Rufflet
Reshiram Reshiram
Crabominable Crabominable
Machamp Machamp
Charmander Charmander
Electrode Electrode
Serperior Serperior
Golbat Golbat
Infernape Infernape
Hitmontop Hitmontop
Trumbeak Trumbeak
Flygon Flygon
Bronzor Bronzor
Bergmite Bergmite
Torkoal Torkoal
Goomy Goomy
Metapod Metapod
Corphish Corphish
Probopass Probopass
Lapras Lapras
Carnivine Carnivine
Pidgeot Pidgeot
Exeggcute Exeggcute
Carbink Carbink
Magmortar Magmortar
Electrike Electrike
Ninjask Ninjask
PorygonZ PorygonZ
Lileep Lileep
Feraligatr Feraligatr
Floatzel Floatzel
Glalie Glalie
Deoxys Deoxys
Chespin Chespin
Luvdisc Luvdisc
Blissey Blissey
Vivillon Vivillon
Chatot Chatot
Typhlosion Typhlosion
Nuzleaf Nuzleaf
Skitty Skitty
