0 11 128 10 126 20 185 25 136 11 53 166 122 35 9 162 9 10 14 76 18 108 139 2 111 138 50 6 31 196 140 7 19 70 26 137 45 34 30 7 4 9 40 42 62 23 121 102 184 103 114 85 1 131 145 109 176 117 134 168 147 59 97 72 171 11 55 160 6 195 15 74 144 0 105 16 181 152 69 180 87 15 36 15 116 125 10 82 183 4 91 83 75 80 13 67 1 156 179 3 46 106 2 98 16 17 151 27 199 197 2 149 48 189 0 177 157 63 81 3 174 130 66 22 84 26 9 88 198 0 52 143 0
100
4 4
9 9
10 10
11 11
13 13
16 16
17 17
19 19
20 20
23 23
26 26
27 27
30 30
31 31
34 34
35 35
36 36
40 40
42 42
45 45
46 46
48 48
50 50
52 52
53 53
55 55
59 59
62 62
63 63
66 66
67 67
69 69
70 70
72 72
74 74
75 75
76 76
80 80
81 81
82 82
83 83
84 84
85 85
87 87
88 88
91 91
97 97
98 98
102 102
103 103
105 105
106 106
108 108
109 109
111 111
114 114
116 116
117 117
121 121
122 122
125 125
126 126
128 128
130 130
131 131
134 134
136 136
137 137
138 138
139 139
140 140
143 143
144 144
145 145
147 147
149 149
151 151
152 152
156 156
157 157
160 160
162 162
166 166
168 168
171 171
174 174
176 176
177 177
179 179
180 180
181 181
183 183
184 184
185 185
189 189
195 195
196 196
197 197
198 198
199 199
