0 69 74 1 23 86 16 76 90 95 71 45 53 5 68 29 73 96 92 31 12 65 21 61 91 58 97 82 39 54 47 27 91 38 39 43 6 25 81 39 82 39 83 11 45 56 21 48 32 8 63 9 88 14 46 26 76 10 2 32 95 3 30 3 84 93 86 30 60 93 11 74 40 18 50 1 66 63 92 1 28 37 35 98 80 64 63 85 0
49
63 63
30 30
60 60
39 39
8 8
74 74
76 76
9 9
61 61
6 6
85 85
2 2
45 45
82 82
91 91
48 48
96 96
28 28
27 27
53 53
95 95
84 84
38 38
47 47
92 92
83 83
65 65
68 68
35 35
90 90
11 11
43 43
40 40
23 23
73 73
16 16
56 56
86 86
46 46
81 81
71 71
50 50
88 88
31 31
64 64
97 97
80 80
58 58
66 66
