21 20 164 165 57 58 114 79 108 164 75 34 138 139 86 161 179 178 162 163 152 153 115 34 105 85 150 177 99 100 176 109 95 197 50 51 50 27 101 27 50 197 131 41 11 41 42 111 112 189 145 146 113 73 43 185 43 27 43 106 105 117 159 165 81 149 81 11 173 6 33 155 141 151 175 65 48 47 86 37 36 29 133 83 63 71 63 178 179 161 93 156 187 20 48 19 48 60 59 50 49 5 15 122 98 196 155 8 59 58 135 170 108 167 82 83 63 178 59 76 31 113 171 69 186 159 117 75 100 99 177 67 66 90 153 125 137 75 100 183 184 81 11 40 5 15 190 191 151 141 89 124 189 98 44 41 11 81 175 29 36 61 132 131 15 83 15 122 17 77 17 160 74 35 52 123 52 184 157 156 45 156 93 6 121 115 119 39 98 78 89 90 106 147 108 95 108 45 7 45 78 17 16 126 192 133 1 139 87 38 39 38 87 139 1 2 80 124 125 115 44 45 113 31 100 103 104 105 195 95 97 4 26 190 107 188 134 181 6 121 122 55 184 127 106 90 91 196 61 56 146 53 150 177 82 45 23 191 151 175 163 164 143 17 78 10 9 8 147 146 3 34 129 38 169 110 43 27 183 25 183 171 69 46 42 13 191 192 193 192 191 13 42 41 21
99
1 1
3 3
5 5
7 7
9 9
11 11
13 13
15 15
17 17
19 19
21 21
23 23
25 25
27 27
29 29
31 31
33 33
35 35
37 37
39 39
41 41
43 43
45 45
47 47
49 49
51 51
53 53
55 55
57 57
59 59
61 61
63 63
65 65
67 67
69 69
71 71
73 73
75 75
77 77
79 79
81 81
83 83
85 85
87 87
89 89
91 91
93 93
95 95
97 97
99 99
101 101
103 103
105 105
107 107
109 109
111 111
113 113
115 115
117 117
119 119
121 121
123 123
125 125
127 127
129 129
131 131
133 133
135 135
137 137
139 139
141 141
143 143
145 145
147 147
149 149
151 151
153 153
155 155
157 157
159 159
161 161
163 163
165 165
167 167
169 169
171 171
173 173
175 175
177 177
179 179
181 181
183 183
185 185
187 187
189 189
191 191
193 193
195 195
197 197
