68 63 61 41 79 41 61 89 55 59 73 5 15 5 52 45 31 79 43 28 94 75 2 3 5 51 87 23 22 65 9 56 98 35 34 38 81 38 85 38 43 57 43 22 23 16 95 47 94 84 97 84 68 63 5 30 29 12 24 93 41 71 31 32 1 26 78 61 41 79 67 31 75 93 19 6 77 33 53 33 14 27 25 27 70 69 70 71 31 45 52 37 52 54 55 24 12 11 94 49 21 22 43 91 39 59 60 9 65 79 95 16 22 13 2 17 2 3 2 13 77 7 44 53 83 84 68
49
1 1
3 3
5 5
7 7
9 9
11 11
13 13
15 15
17 17
19 19
21 21
23 23
25 25
27 27
29 29
31 31
33 33
35 35
37 37
39 39
41 41
43 43
45 45
47 47
49 49
51 51
53 53
55 55
57 57
59 59
61 61
63 63
65 65
67 67
69 69
71 71
73 73
75 75
77 77
79 79
81 81
83 83
85 85
87 87
89 89
91 91
93 93
95 95
97 97
