1 13 22 33 31 69 54 69 31 24 46 57 25 34 76 34 25 60 63 60 25 80 25 60 66 60 24 68 70 78 23 22 62 22 23 34 81 87 81 24 46 22 41 55 45 55 3 30 38 61 67 61 38 30 3 59 12 36 48 26 47 56 29 62 83 44 72 53 24 31 69 31 24 46 61 5 49 27 83 44 67 61 37 57 73 16 90 16 36 58 30 40 71 11 8 82 24 46 85 46 24 88 64 42 64 80 25 57 79 57 38 65 38 57 37 49 50 49 5 28 81 24 88 64 88 24 52 8 70 5 39 75 67 44 72 21 47 62 77 62 43 62 22 33 88 64 74 64 80 68 89 27 49 88 49 66 51 66 49 5 70 86 70 78 36 58 1 84 1
50
41 41
42 42
43 43
44 44
45 45
46 46
47 47
48 48
49 49
50 50
51 51
52 52
53 53
54 54
55 55
56 56
57 57
58 58
59 59
60 60
61 61
62 62
63 63
64 64
65 65
66 66
67 67
68 68
69 69
70 70
71 71
72 72
73 73
74 74
75 75
76 76
77 77
78 78
79 79
80 80
81 81
82 82
83 83
84 84
85 85
86 86
87 87
88 88
89 89
90 90
