51 50 35 37 39 36 35 3 0 3 30 18 20 14 8 10 0 17 18 14 15 11 7 6 1 2 0 17 16 39 41 28 17 49 17 28 31 45 44 48 47 28 17 0 5 27 22 24 26 23 48 42 47 45 30 18 19 18 47 46 43 8 22 21 27 3 4 0 10 9 8 14 33 28 40 28 34 29 32 30 3 0 10 12 11 23 25 22 8 13 38 35 50 51
50
0 0
1 1
2 2
3 3
4 4
5 5
6 6
7 7
8 8
9 9
10 10
11 11
12 12
13 13
14 14
15 15
16 16
17 17
18 18
19 19
20 20
21 21
22 22
23 23
24 24
25 25
26 26
27 27
28 28
29 29
30 30
31 31
32 32
33 33
34 34
35 35
36 36
37 37
38 38
39 39
40 40
41 41
42 42
43 43
44 44
45 45
46 46
47 47
48 48
49 49
