101 100 99 91 97 15 10 87 84 87 79 73 79 6 23 28 40 47 37 75 79 6 0 6 23 21 29 22 50 22 24 22 50 64 67 71 74 94 90 94 4 7 6 31 37 47 48 46 49 28 22 16 10 93 10 14 36 14 13 10 88 81 80 9 8 3 99 96 94 74 70 55 51 23 6 4 35 36 14 12 14 36 39 34 30 66 62 60 61 11 18 11 23 59 92 59 86 82 100 45 74 94 95 83 87 86 53 56 53 86 85 46 42 40 28 25 20 33 30 66 65 28 22 16 79 78 76 70 55 57 52 41 43 40 28 27 20 54 33 37 75 77 72 70 1 5 0 15 97 98 30 38 37 47 44 46 85 86 53 52 99 3 9 80 89 21 22 69 67 63 60 97 95 94 74 45 40 1 7 11 23 26 21 3 2 4 35 32 36 14 19 17 68 17 52 53 58 52 41 40 28 20 21 3 9 0 100 101
100
0 0
1 1
2 2
3 3
4 4
5 5
6 6
7 7
8 8
9 9
10 10
11 11
12 12
13 13
14 14
15 15
16 16
17 17
18 18
19 19
20 20
21 21
22 22
23 23
24 24
25 25
26 26
27 27
28 28
29 29
30 30
31 31
32 32
33 33
34 34
35 35
36 36
37 37
38 38
39 39
40 40
41 41
42 42
43 43
44 44
45 45
46 46
47 47
48 48
49 49
50 50
51 51
52 52
53 53
54 54
55 55
56 56
57 57
58 58
59 59
60 60
61 61
62 62
63 63
64 64
65 65
66 66
67 67
68 68
69 69
70 70
71 71
72 72
73 73
74 74
75 75
76 76
77 77
78 78
79 79
80 80
81 81
82 82
83 83
84 84
85 85
86 86
87 87
88 88
89 89
90 90
91 91
92 92
93 93
94 94
95 95
96 96
97 97
98 98
99 99
