Soda Guadeloupe Guyana Antigua China Bermuda Burkina Cambodia Cocos Cayman Djibouti Australia Czech United Azerbaijan Angola India Colombia Bouvet Botswana Guam Belize Ethiopia Denmark Congo Comoros Egypt Argentina Fiji Central Aruba Austria Canada Soda
25
United United
Cambodia Cambodia
Aruba Aruba
Argentina Argentina
Antigua Antigua
Guam Guam
Bermuda Bermuda
China China
Central Central
Australia Australia
Cocos Cocos
Angola Angola
Austria Austria
Bouvet Bouvet
Belize Belize
Czech Czech
Colombia Colombia
Fiji Fiji
Cayman Cayman
Denmark Denmark
Guyana Guyana
Guadeloupe Guadeloupe
Egypt Egypt
Botswana Botswana
Comoros Comoros
