Meckgue HighGarden Essos Meereen ShatteredPlains Braavos TheArcanum Steeltown Ceald Sanlow Yunkai LakeLaogai ShriekingShack ShatteredPlains TheSpine TheHogsHead Larcbost TheHogsHead ProBendingArena Winterfell Lorien Ceald Steeltown SerpantsPass Vexhollow TheUniversity ShatteredPlains Urubaen LakeLaogai Beldenn LakeLaogai LeakyCauldron LakeLaogai Eggmanland Grayburn Millingburg BikiniBottom Carvahall EasternAirTemple Gizton Steeltown Belhaben TheBoilingRock Belhaben ShatteredPlains Netherfort Murkcairn Keld TheFae TheGodswood MysticRuins RepublicCity Neddingtown Vintas Yunkai LakeLaogai Eggmanland TheWaystoneInn Eggmanland Boatwright BeyondtheWall Vexhollow Ademre SerpantsPass TheKrustyKrab Millingburg Grayburn KoralReef Omashu UtgardMountain EarthKingdom TheSpine TheHogsHead Toperhagen ThePrancingPony LakeLaogai HorneaterPeaks Murkcairn HorneaterPeaks VaultofSouls Essos MysticRuins Essos MadamMalkins EasternAirTemple TheVale Neddingtown FogofLostSouls Gotham FogofLostSouls RepublicCity TreeofTime RepublicCity FogofLostSouls GooLagoon Ellesmera Vexhollow Braavos Atlantas ZhaoFu RepublicCity TreeofTime Dagobah Braavos Kinecardine Braavos Vexhollow Braavos Tartarus Braavos ShatteredPlains Urubaen FlourishBlotts Urubaen LakeLaogai Eggmanland Castamere TheFingers Meckgue
50
RepublicCity RepublicCity
LakeLaogai LakeLaogai
Gizton Gizton
TheWaystoneInn TheWaystoneInn
TreeofTime TreeofTime
Steeltown Steeltown
Lorien Lorien
ShatteredPlains ShatteredPlains
Braavos Braavos
Ademre Ademre
Dagobah Dagobah
Carvahall Carvahall
TheHogsHead TheHogsHead
KoralReef KoralReef
Meckgue Meckgue
Murkcairn Murkcairn
Tartarus Tartarus
Yunkai Yunkai
EarthKingdom EarthKingdom
Netherfort Netherfort
Sanlow Sanlow
TheVale TheVale
Keld Keld
ThePrancingPony ThePrancingPony
GooLagoon GooLagoon
Meereen Meereen
UtgardMountain UtgardMountain
Ellesmera Ellesmera
Urubaen Urubaen
FlourishBlotts FlourishBlotts
Grayburn Grayburn
LeakyCauldron LeakyCauldron
ZhaoFu ZhaoFu
Winterfell Winterfell
TheUniversity TheUniversity
BeyondtheWall BeyondtheWall
Larcbost Larcbost
EasternAirTemple EasternAirTemple
Beldenn Beldenn
TheBoilingRock TheBoilingRock
MysticRuins MysticRuins
TheGodswood TheGodswood
Gotham Gotham
Vexhollow Vexhollow
VaultofSouls VaultofSouls
TheArcanum TheArcanum
TheKrustyKrab TheKrustyKrab
Castamere Castamere
TheSpine TheSpine
Kinecardine Kinecardine
