FleaBottom Bobbingbourne Tartarus UtgardMountain TheBoilingRock UtgardMountain MinistryofMagic Accrington Carvahall CrastersKeep RockofKuthian Olivanders KingsLanding IronIslands ShriekingShack IronIslands Yll HighGarden Vintas HighGarden Batcave Eggmanland Aerodenn Carvahall Westopolis Dagobah Trebon SatishVille Ebonfall SatishVille Tartarus Glimthain Lorien TheVale Carvahall DiagonAlley HighGarden Yll TheBurningPlains Olivanders RockofKuthian Snozgate TheSpine Coalwatch TheSpine Carvahall Ademre TheBoilingRock Batcave GringottsBank Severen MinistryofMagic Arkham RockofKuthian FleaBottom Bobbingbourne Tartarus SatishVille Eggmanland Batcave Eggmanland Trebon Urubaen Trebon TheGreatDivide SatishVille TheAturanEmpire FleaBottom
25
Olivanders Olivanders
Vintas Vintas
Yll Yll
TheBoilingRock TheBoilingRock
TheBurningPlains TheBurningPlains
Batcave Batcave
SatishVille SatishVille
Eggmanland Eggmanland
TheVale TheVale
Trebon Trebon
ShriekingShack ShriekingShack
UtgardMountain UtgardMountain
TheGreatDivide TheGreatDivide
Glimthain Glimthain
Bobbingbourne Bobbingbourne
Accrington Accrington
MinistryofMagic MinistryofMagic
Coalwatch Coalwatch
HighGarden HighGarden
Westopolis Westopolis
Ademre Ademre
Urubaen Urubaen
Arkham Arkham
Ebonfall Ebonfall
GringottsBank GringottsBank
