Essos TheRiverStyx Tartarus Riverrun AirTempleIsland Tarbean AirTempleIsland Newarre Karth Yll ProBendingArena Peterborough Arcmoor Netherfort Glimthain Dragonstone Ebonfall BikiniBottom Millhagen TheUnderworld Ivormere Durnatel Grimbarrow Durnatel Murkcairn TheGreatDivide LeakyCauldron Azkaban TheGodswood Tralfamadore TheVale Toperhagen TheKrustyKrab Azir DiagonAlley Severen Winterfell Chrofall Gotham Trebon Kinecardine Meereen WitheredHeath Soda Ebonfall TheReshiIsles Duskhollow FogofLostSouls CaveofTwoLovers TheHogsHead WitheredHeath Alethkar Alagaesia Sanlow Prongdale Alderaan Jakku Toffingburg Riverrun WonderCity Karth Vexhollow TheFae Helgrind TheFae Atlantas JahKeved Naboo Urubaen TheFae Westopolis Blackwater Hogwarts Kharbranth FleaBottom SouthernAirTemple Lockinge Toperhagen TheUniversity TheWhompingWillow HighGarden Meckgue Boatwright Urubaen TheWall Omashu TheWall GodricsHollow Castamere Tarbean Hogsmead KoralReef Ellesmera Alderaan Atlantas TheFae Arcwallow MountOlympus Valyria ShriekingShack FlourishBlotts Millhagen TheUnderworld Naboo ShriekingShack ThePrancingPony Yll Karth BeyondtheWall DiagonAlley TheEyrie LeakyCauldron Astapor LeakyCauldron KoralReef JarrensOutpost TheWall Gizton Rivendell Batcave Castamere Penketh Alethkar ShatteredPlains Alethkar Carvahall Toffingburg Aerodenn Lorien TheCommonwealth Neddingtown Steeltown Neddingtown GooLagoon Peridrift JahKeved Toffingburg LeakyCauldron Braavos Millingburg Mordor Keld Durnatel TheSpiritWorld Millingburg TheSpine Arkham Zootropolis BaSingSe Dubwall Endor MysticRuins TheBoilingRock FireNation Murkcairn Shinovar Blackwater RepublicCity Dagobah Winterfell Arcwallow MountOlympus TheSpiritWorld TheChumBucket TheUnderworld CastleBlack Meereen Lorien Toffingburg JahKeved Arrowcave Westeros StormsEnd TheChumBucket SatishVille TheChumBucket Vintas Alethkar Alagaesia Dubwall RepublicCity Toperhagen Imre TheBoilingRock Alethkar Penketh TreeofTime DiagonAlley TheEyrie WesternAirTemple Jakku TheWhompingWillow Barkamsted Ademre Naboo Bobbingbourne Peterborough DuWeldenvarden Helgrind Neddington TheEyrie Neverland TheRiverStyx FireNation KnifesEdge Ramshorn Jakku Gotham Neddingtown GooLagoon Peridrift Newarre Accrington MysticRuins Essos
100
Jakku Jakku
Karth Karth
Toffingburg Toffingburg
Alethkar Alethkar
HighGarden HighGarden
TheFae TheFae
Peridrift Peridrift
Castamere Castamere
Urubaen Urubaen
Toperhagen Toperhagen
WesternAirTemple WesternAirTemple
Riverrun Riverrun
Atlantas Atlantas
MountOlympus MountOlympus
Duskhollow Duskhollow
Accrington Accrington
Chrofall Chrofall
TheEyrie TheEyrie
DiagonAlley DiagonAlley
Valyria Valyria
ShriekingShack ShriekingShack
KnifesEdge KnifesEdge
Helgrind Helgrind
TheCommonwealth TheCommonwealth
Grimbarrow Grimbarrow
Lorien Lorien
TheSpine TheSpine
FlourishBlotts FlourishBlotts
Shinovar Shinovar
Vintas Vintas
Astapor Astapor
Dragonstone Dragonstone
Meereen Meereen
GooLagoon GooLagoon
JahKeved JahKeved
TheWhompingWillow TheWhompingWillow
Trebon Trebon
Yll Yll
Penketh Penketh
Severen Severen
Dubwall Dubwall
Bobbingbourne Bobbingbourne
Azir Azir
TheBoilingRock TheBoilingRock
BaSingSe BaSingSe
WitheredHeath WitheredHeath
Ademre Ademre
Braavos Braavos
Winterfell Winterfell
Newarre Newarre
Hogwarts Hogwarts
Tarbean Tarbean
Steeltown Steeltown
DuWeldenvarden DuWeldenvarden
TheKrustyKrab TheKrustyKrab
Boatwright Boatwright
TheSpiritWorld TheSpiritWorld
Arkham Arkham
Aerodenn Aerodenn
FireNation FireNation
Tartarus Tartarus
Arcwallow Arcwallow
Alderaan Alderaan
BeyondtheWall BeyondtheWall
Sanlow Sanlow
TheGreatDivide TheGreatDivide
Keld Keld
TheRiverStyx TheRiverStyx
JarrensOutpost JarrensOutpost
Barkamsted Barkamsted
Batcave Batcave
Essos Essos
Westeros Westeros
Carvahall Carvahall
RepublicCity RepublicCity
Hogsmead Hogsmead
BikiniBottom BikiniBottom
Ellesmera Ellesmera
Arrowcave Arrowcave
Neddington Neddington
Neddingtown Neddingtown
Netherfort Netherfort
Soda Soda
TheUnderworld TheUnderworld
ProBendingArena ProBendingArena
ShatteredPlains ShatteredPlains
FleaBottom FleaBottom
CaveofTwoLovers CaveofTwoLovers
Blackwater Blackwater
Omashu Omashu
CastleBlack CastleBlack
Endor Endor
Lockinge Lockinge
TheReshiIsles TheReshiIsles
TheVale TheVale
SatishVille SatishVille
Gizton Gizton
TheChumBucket TheChumBucket
TheGodswood TheGodswood
Ivormere Ivormere
