21 1 48 134 1 29 147 27 115 82 0 91 169 32 7 47 42 0 88 34 64 74 49 149 95 114 14 16 120 60 18 81 136 194 130 68 2 160 156 1 127 15 108 36 168 125 154 100 31 133 53 72 137 45 87 20 1 62 170 172 116 24 0 38 105 46 177 51 0 103 196 139 0 56 188 190 135 131 184 151 152 144 122 17 186 176 119 178 78 96 75 102 4 163 167 90 30 10 180 1 61 1 40 23 159 0 118 146 2 37 0 121 142 97 2 54 21
100
2 2
7 7
10 10
14 14
15 15
16 16
17 17
18 18
20 20
21 21
23 23
24 24
27 27
29 29
30 30
31 31
32 32
34 34
36 36
37 37
38 38
40 40
42 42
45 45
46 46
47 47
48 48
49 49
51 51
53 53
54 54
56 56
60 60
61 61
62 62
64 64
68 68
72 72
74 74
75 75
78 78
81 81
82 82
87 87
88 88
90 90
91 91
95 95
96 96
97 97
100 100
102 102
103 103
105 105
108 108
114 114
115 115
116 116
118 118
119 119
120 120
121 121
122 122
125 125
127 127
130 130
131 131
133 133
134 134
135 135
136 136
137 137
139 139
142 142
144 144
146 146
147 147
149 149
151 151
152 152
154 154
156 156
159 159
160 160
163 163
167 167
168 168
169 169
170 170
172 172
176 176
177 177
178 178
180 180
184 184
186 186
188 188
190 190
194 194
196 196
