8 81 142 82 11 13 17 13 12 97 82 124 83 15 87 136 183 136 90 38 108 168 108 54 71 54 98 145 98 52 69 54 100 136 179 148 109 118 58 37 14 9 6 79 6 9 13 18 40 88 135 87 15 9 4 29 4 10 36 108 169 108 38 22 17 15 83 125 83 15 17 21 25 22 37 54 116 158 191 158 101 42 22 19 86 144 86 87 136 88 99 156 190 156 99 84 121 79 5 79 123 96 105 34 53 34 82 5 3 29 48 68 53 37 22 26 23 90 149 188 149 90 38 14 9 1 2 1 12 99 20 24 102 24 23 20 101 160 193 160 149 181 137 89 24 39 18 19 87 15 12 97 152 153 98 54 37 40 110 171 110 42 61 41 22 17 14 33 48 63 49 105 165 105 31 8 83 15 17 23 91 23 19 85 20 39 59 78 110 160 101 20 35 52 113 104 141 173 127 85 19 89 20 100 16 9 6 9 15 88 147 88 36 106 164 105 34 35 10 30 47 30 33 53 72 55 36 107 167 156 182 158 192 158 100 16 33 51 70 53 38 90 137 89 19 15 83 121 174 121 83 15 17 21 27 95 27 21 18 35 51 66 65 48 33 14 18 39 59 39 18 15 84 143 185 141 81 120 80 11 13 17 21 17 13 10 30 49 30 52 115 56 39 26 45 26 21 19 85 127 121 172 120 79 7 30 52 97 126 80 12 35 55 73 56 109 38 35 51 64 51 35 18 21 27 93 27 21 17 13 9 4 8
100
2 2
3 3
4 4
5 5
6 6
17 17
19 19
21 21
22 22
23 23
24 24
25 25
26 26
29 29
30 30
33 33
35 35
38 38
39 39
40 40
42 42
45 45
47 47
49 49
51 51
52 52
53 53
54 54
55 55
59 59
61 61
63 63
64 64
65 65
66 66
68 68
69 69
70 70
71 71
72 72
73 73
78 78
79 79
80 80
82 82
83 83
85 85
87 87
88 88
89 89
90 90
91 91
93 93
95 95
97 97
99 99
100 100
102 102
105 105
109 109
113 113
115 115
116 116
118 118
120 120
121 121
123 123
124 124
125 125
126 126
127 127
135 135
136 136
137 137
142 142
144 144
145 145
147 147
152 152
153 153
160 160
164 164
165 165
167 167
168 168
169 169
171 171
172 172
173 173
174 174
179 179
181 181
182 182
183 183
185 185
188 188
190 190
191 191
192 192
193 193
