USZWPSB XZUPVI FZGDAQKRC NCPEGX FJQMKJNWE BLXWCB KAUIIR TGPYEAP EPJHOESBB EHQRYBZ MOXGRP GGPIEJ WTQCHXQ RJDHJFNIN DFFFG PJXURKPC TTXGTNV AIGGLZT HWJUZVNH SICVXMLGL QCACRVPWK JQHORKB JVWIZDBS VBAQD YVIRIDDRA BCHOPGEE JVWIZDBS XENTNT GGPIEJ FPWMJC OVKLH JOXQIX ZNZOQPE DIXXP HSAIPP SLZXPPYMC RBNAR FZGDAQKRC DFFFG RGSOR HNOOUELP ACYPAPBPW EMAAQWO ANHOTJN RGLCPSJQE GALHVZ VWHRKOPZ ORCMU NIVCBBO EMAAQWO RQWCFDHW EPJHOESBB JEGRK LNDUQDYSK WEXBJV EPJHOESBB CCTJZN AOVKACB GNXDBJSVR FCWRH FZGDAQKRC NTZSZ EMAAQWO VFEEU RUGMYM NHNDWOH JXLFSOAT GEGFOSJ GLYDZ DKINCMT EMAAQWO EPJHOESBB XSWDY JVWIZDBS XQOMNCXDB EMAAQWO YOUZA RVPJHZLQQ FZGDAQKRC MRXNI HVERBTBS MYDTJZPES SIAFKK VWNAJFRNG UBODMUMJ FZNKCK LYRSZA HEFYBKPUF EMAAQWO CWLLCM TOAKXEQ ZGZQJZFA APBFJMOOF EJXSCSGM XHMMLM OLUPAJLP HSJUMJH RLWAP NBRZI UDNWTRHT AHZYCQM TQSCIQTX EMAAQWO YKOGGTNN EPJHOESBB YFEZIO YAETAC NZJGYK EMAAQWO APIOYKU EPJHOESBB MSHZNEX FLOTLYFG EFOWXJQKY AXCWU ZKGYGD ZEZKNGTK QMHLIXVD FZGDAQKRC VVSNO KRUSUHB EPJHOESBB ILXWSRIC EPJHOESBB ORCMU MWXYLX BHAMV USZWPSB
100
EMAAQWO EMAAQWO
FZGDAQKRC FZGDAQKRC
EPJHOESBB EPJHOESBB
JVWIZDBS JVWIZDBS
BLXWCB BLXWCB
ORCMU ORCMU
SICVXMLGL SICVXMLGL
YVIRIDDRA YVIRIDDRA
DFFFG DFFFG
EFOWXJQKY EFOWXJQKY
GEGFOSJ GEGFOSJ
MRXNI MRXNI
NCPEGX NCPEGX
HSAIPP HSAIPP
AOVKACB AOVKACB
MSHZNEX MSHZNEX
XHMMLM XHMMLM
UDNWTRHT UDNWTRHT
AHZYCQM AHZYCQM
FPWMJC FPWMJC
GNXDBJSVR GNXDBJSVR
SIAFKK SIAFKK
XENTNT XENTNT
JOXQIX JOXQIX
BHAMV BHAMV
HSJUMJH HSJUMJH
EHQRYBZ EHQRYBZ
XQOMNCXDB XQOMNCXDB
YOUZA YOUZA
RBNAR RBNAR
VVSNO VVSNO
BCHOPGEE BCHOPGEE
LNDUQDYSK LNDUQDYSK
LYRSZA LYRSZA
TQSCIQTX TQSCIQTX
QMHLIXVD QMHLIXVD
TTXGTNV TTXGTNV
RGLCPSJQE RGLCPSJQE
ZEZKNGTK ZEZKNGTK
KAUIIR KAUIIR
CCTJZN CCTJZN
NBRZI NBRZI
EJXSCSGM EJXSCSGM
XSWDY XSWDY
MWXYLX MWXYLX
HNOOUELP HNOOUELP
ILXWSRIC ILXWSRIC
UBODMUMJ UBODMUMJ
TGPYEAP TGPYEAP
RJDHJFNIN RJDHJFNIN
NTZSZ NTZSZ
OLUPAJLP OLUPAJLP
VWNAJFRNG VWNAJFRNG
ZNZOQPE ZNZOQPE
HEFYBKPUF HEFYBKPUF
RLWAP RLWAP
NZJGYK NZJGYK
APIOYKU APIOYKU
TOAKXEQ TOAKXEQ
NHNDWOH NHNDWOH
YFEZIO YFEZIO
DKINCMT DKINCMT
NIVCBBO NIVCBBO
PJXURKPC PJXURKPC
FCWRH FCWRH
WTQCHXQ WTQCHXQ
CWLLCM CWLLCM
VWHRKOPZ VWHRKOPZ
HWJUZVNH HWJUZVNH
RQWCFDHW RQWCFDHW
VBAQD VBAQD
FZNKCK FZNKCK
JQHORKB JQHORKB
JXLFSOAT JXLFSOAT
OVKLH OVKLH
YKOGGTNN YKOGGTNN
DIXXP DIXXP
USZWPSB USZWPSB
MYDTJZPES MYDTJZPES
AIGGLZT AIGGLZT
RVPJHZLQQ RVPJHZLQQ
AXCWU AXCWU
RUGMYM RUGMYM
RGSOR RGSOR
YAETAC YAETAC
ANHOTJN ANHOTJN
JEGRK JEGRK
KRUSUHB KRUSUHB
GLYDZ GLYDZ
FJQMKJNWE FJQMKJNWE
APBFJMOOF APBFJMOOF
ACYPAPBPW ACYPAPBPW
GALHVZ GALHVZ
FLOTLYFG FLOTLYFG
HVERBTBS HVERBTBS
ZKGYGD ZKGYGD
XZUPVI XZUPVI
VFEEU VFEEU
MOXGRP MOXGRP
WEXBJV WEXBJV
