NENJIT QMQDBY KUTCUN PQHUEQ IVJWKMB WTGBMM UEMUXMRIZ RIEJGXSA MXPVTEZCH DHNQUS CQLIWA SPKBX DHNQUS HJANXPSU ZRBGORXP XAUNPSJR UUBADXD DYDBSTHU PRANHUZWO ZRBGORXP FULIXB ZRBGORXP EIPVED LFAYEWG IVJWKMB KQUKCKTD NDFUIQRA XVEIIY UEMUXMRIZ XYVFHKPGH UEMUXMRIZ RZCLRJW PEHTVQXDW TWWGCR MXOUMOMJ NENJIT
25
UEMUXMRIZ UEMUXMRIZ
PRANHUZWO PRANHUZWO
ZRBGORXP ZRBGORXP
XAUNPSJR XAUNPSJR
CQLIWA CQLIWA
RIEJGXSA RIEJGXSA
EIPVED EIPVED
PEHTVQXDW PEHTVQXDW
DYDBSTHU DYDBSTHU
MXPVTEZCH MXPVTEZCH
WTGBMM WTGBMM
FULIXB FULIXB
HJANXPSU HJANXPSU
KQUKCKTD KQUKCKTD
XYVFHKPGH XYVFHKPGH
UUBADXD UUBADXD
SPKBX SPKBX
XVEIIY XVEIIY
NDFUIQRA NDFUIQRA
QMQDBY QMQDBY
PQHUEQ PQHUEQ
KUTCUN KUTCUN
RZCLRJW RZCLRJW
LFAYEWG LFAYEWG
MXOUMOMJ MXOUMOMJ
