shaird nauseously macedoine unglove intrado peasantism effuses colugos aftertouch baning teabags scratch cementite cacomistle coldcocked transflux remissio irade waste Sahara sarcomere UncleNed lasting philomels assonantal diruption twothirds property Ucayali morphe preparable fivepenny toggleable beermakers slatting opacular tunic deductable rampup Pentecost trackbar kartikeya advances guilts airgap caouane nomination shrow tokenizing Lafayette shaird
50
shaird shaird
rampup rampup
cacomistle cacomistle
teabags teabags
assonantal assonantal
irade irade
lasting lasting
Sahara Sahara
shrow shrow
diruption diruption
unglove unglove
baning baning
property property
airgap airgap
trackbar trackbar
scratch scratch
fivepenny fivepenny
Ucayali Ucayali
colugos colugos
slatting slatting
macedoine macedoine
cementite cementite
deductable deductable
toggleable toggleable
UncleNed UncleNed
philomels philomels
tokenizing tokenizing
caouane caouane
beermakers beermakers
Pentecost Pentecost
transflux transflux
aftertouch aftertouch
twothirds twothirds
kartikeya kartikeya
advances advances
nomination nomination
tunic tunic
sarcomere sarcomere
intrado intrado
nauseously nauseously
effuses effuses
opacular opacular
morphe morphe
peasantism peasantism
guilts guilts
preparable preparable
waste waste
coldcocked coldcocked
Lafayette Lafayette
remissio remissio
