runcation tutelar trikini lichened bewitch nervus agistments prairies decouples backpay begynnynge multifaith ephas yuzus broomer unbribable fibrates holodeck Simferopol baken haligi Muscogee retexture festuca ungroomed maxim flourless forepast montages aliens perfusive yokeline turbid toper stoble dollying embittered destinate urethritic construed megahero pentine cloaca oogle kempy erysipelas tuneful blackdye medicine huddle hambone wintrier tholoi quakerlike Carazo offset lionfish thereagain colocynth Massorete coalblack Margery cutout grilses timefuse draftox undramatic conceiv tipuana turnoff triforium wolfer miticides jaborandi Astaire silicon bookhouses usant ilian chargeback boomah wheatberry revolution infants palatial foreshores Marah polyuria almshouse torsions Lipetsk metre fason stinkbugs stips passcards greatborn wideband husbandman inurns runcation
100
runcation runcation
multifaith multifaith
ephas ephas
tuneful tuneful
Simferopol Simferopol
conceiv conceiv
quakerlike quakerlike
triforium triforium
ungroomed ungroomed
cloaca cloaca
haligi haligi
Lipetsk Lipetsk
fason fason
turbid turbid
baken baken
inurns inurns
medicine medicine
construed construed
erysipelas erysipelas
Margery Margery
palatial palatial
backpay backpay
jaborandi jaborandi
kempy kempy
boomah boomah
torsions torsions
Astaire Astaire
montages montages
trikini trikini
foreshores foreshores
unbribable unbribable
toper toper
hambone hambone
begynnynge begynnynge
retexture retexture
colocynth colocynth
chargeback chargeback
bewitch bewitch
aliens aliens
bookhouses bookhouses
festuca festuca
Marah Marah
thereagain thereagain
lionfish lionfish
blackdye blackdye
metre metre
wolfer wolfer
flourless flourless
Carazo Carazo
tholoi tholoi
usant usant
decouples decouples
dollying dollying
perfusive perfusive
embittered embittered
tipuana tipuana
holodeck holodeck
stips stips
fibrates fibrates
yokeline yokeline
wintrier wintrier
husbandman husbandman
Massorete Massorete
stinkbugs stinkbugs
miticides miticides
undramatic undramatic
destinate destinate
megahero megahero
urethritic urethritic
tutelar tutelar
passcards passcards
almshouse almshouse
agistments agistments
silicon silicon
wheatberry wheatberry
stoble stoble
offset offset
ilian ilian
prairies prairies
broomer broomer
oogle oogle
huddle huddle
wideband wideband
Muscogee Muscogee
greatborn greatborn
coalblack coalblack
draftox draftox
grilses grilses
polyuria polyuria
cutout cutout
timefuse timefuse
yuzus yuzus
lichened lichened
infants infants
turnoff turnoff
maxim maxim
pentine pentine
revolution revolution
forepast forepast
nervus nervus
