39 30 133 0 13 119 31 22 158 54 59 97 126 118 180 116 197 17 80 108 161 76 56 192 100 4 195 28 173 169 99 94 51 182 91 74 176 110 114 77 150 46 179 191 156 174 84 109 6 151 177 115 147 130 16 129 154 193 160 12 48 44 42 3 43 163 63 23 93 111 112 88 113 178 78 149 36 123 103 27 96 183 148 41 140 139 55 11 49 107 83 81 20 157 89 194 152 70 198 75 135 39
100
0 0
3 3
4 4
6 6
11 11
12 12
13 13
16 16
17 17
20 20
22 22
23 23
27 27
28 28
30 30
31 31
36 36
41 41
42 42
43 43
44 44
46 46
48 48
49 49
51 51
54 54
55 55
56 56
59 59
63 63
70 70
74 74
75 75
76 76
77 77
78 78
80 80
81 81
83 83
84 84
88 88
89 89
91 91
93 93
94 94
96 96
97 97
99 99
100 100
103 103
107 107
108 108
109 109
110 110
111 111
112 112
113 113
114 114
115 115
116 116
118 118
119 119
123 123
126 126
129 129
130 130
133 133
135 135
139 139
140 140
147 147
148 148
149 149
150 150
151 151
152 152
154 154
156 156
157 157
158 158
160 160
161 161
163 163
169 169
173 173
174 174
176 176
177 177
178 178
179 179
180 180
182 182
183 183
191 191
192 192
193 193
194 194
195 195
197 197
198 198
