0 10 36 25 29 42 47 48 42 29 28 39 37 29 42 49 43 72 60 65 78 92 83 80 83 88 98 92 78 61 79 61 70 62 68 71 65 60 64 75 69 78 92 91 90 84 80 99 80 81 96 84 92 78 66 72 43 46 45 56 42 44 41 58 42 29 30 29 27 34 36 10 2 19 13 9 10 36 35 36 10 11 6 5 12 4 0
44
2 2
4 4
5 5
6 6
9 9
10 10
11 11
12 12
13 13
19 19
27 27
28 28
30 30
35 35
36 36
37 37
39 39
44 44
45 45
46 46
47 47
48 48
49 49
56 56
58 58
60 60
61 61
62 62
64 64
65 65
66 66
70 70
71 71
75 75
79 79
80 80
81 81
83 83
84 84
88 88
91 91
96 96
98 98
99 99
