140 135 108 28 123 176 55 185 133 114 133 80 40 80 42 96 18 77 35 89 82 73 147 57 64 142 83 184 85 14 112 62 167 9 61 137 197 97 93 39 182 104 25 0 187 151 3 132 25 127 168 29 145 44 50 150 27 161 186 173 93 190 152 170 52 146 94 56 159 8 166 12 193 12 196 10 135 178 22 112 22 169 6 154 23 65 23 125 76 88 49 117 14 177 32 115 53 169 139 19 21 45 5 11 79 130 56 36 56 55 51 122 102 13 84 175 7 179 1 128 149 95 158 160 4 103 162 47 134 42 134 59 101 41 19 153 140
100
4 4
5 5
6 6
7 7
8 8
9 9
10 10
11 11
12 12
13 13
14 14
18 18
19 19
21 21
22 22
25 25
27 27
29 29
32 32
35 35
36 36
39 39
40 40
41 41
42 42
44 44
45 45
47 47
49 49
50 50
51 51
53 53
55 55
56 56
57 57
59 59
61 61
62 62
65 65
73 73
76 76
77 77
79 79
80 80
82 82
83 83
84 84
85 85
89 89
93 93
94 94
95 95
96 96
97 97
101 101
102 102
103 103
104 104
108 108
112 112
114 114
115 115
117 117
123 123
125 125
127 127
128 128
130 130
132 132
133 133
134 134
135 135
139 139
142 142
146 146
150 150
151 151
153 153
154 154
158 158
159 159
160 160
166 166
167 167
168 168
169 169
170 170
173 173
175 175
176 176
177 177
178 178
179 179
182 182
185 185
186 186
190 190
193 193
196 196
197 197
