aliquam adipiscing mattis aliquam praesent aliquam sagittis habitasse nisi placerat aliquam nec cursus aliquam turpis porttitor ultrices ornare sed fames senectus enim congue platea ultricies quisque aliquam habitant eros aliquam semper aliquam malesuada mauris imperdiet cras condimentum maecenas consectetur ultrices et vestibulum gravida mi euismod ut lectus lorem eu vitae viverra quis ultrices suscipit ultrices aliquam
43
sagittis sagittis
semper semper
condimentum condimentum
mattis mattis
lectus lectus
vitae vitae
habitant habitant
senectus senectus
et et
malesuada malesuada
fames fames
turpis turpis
sed sed
ultricies ultricies
mi mi
quis quis
lorem lorem
consectetur consectetur
adipiscing adipiscing
praesent praesent
gravida gravida
cursus cursus
habitasse habitasse
platea platea
quisque quisque
mauris mauris
congue congue
nisi nisi
suscipit suscipit
maecenas maecenas
enim enim
ut ut
viverra viverra
cras cras
eu eu
placerat placerat
vestibulum vestibulum
eros eros
ornare ornare
imperdiet imperdiet
euismod euismod
porttitor porttitor
nec nec
