AAA ABA ACA ADA BAA BBA BCA BDA CAA CAB CAC CAD CBD CCD CDD CDC CDB CDA DAA DBA DCA DDA EAA EAB EAC EBC EBB ECB EBB EAB EAA DDA DCA DBA DAA CDA CCA CBA CAA BDA BCA BBA BAA ADA ACA ACB ACA ADA BAA BBA BCA BDA CAA CAB CAC CAD CAC CAB CAA CBA CCA CDA DAA DAB DBB DAB DAA CDA CCA CBA CAA BDA BCA BBA BBB BAB BAA ADA ACA ABA ABB ABC ABB ABA ACA ADA BAA BAB BAC BBC BAC BAD BAC BAB BAA BBA BCA BDA CAA CBA CCA CDA DAA DBA DCA DDA EAA EBA ECA EDA FAA FBA FCA FDA GAA GAB GBB GCB GBB GAB GAA FDA FCA FCB FCA FDA GAA GAB GAC GBC GAC GAB GAA FDA FCA FBA FAA EDA ECA EBA EAA DDA DCA DBA DAA DAB DAC DAD DAC DAB DAA DBA DCA DDA EAA EBA ECA EDA FAA FBA FCA FDA GAA GBA GCA GDA HAA HBA HCA HDA IAA IBA ICA IDA JAA JBA JCA JDA KAA KBA KCA KDA LAA LAB LBB LAB LAA KDA KCA KBA KAA JDA JCA JBA JBB JAB JAA IDA ICA IBA IAA HDA HCA HBA HAA GDA GCA GBA GAA FDA FCA FBA FAA EDA ECA EBA EAA DDA DCA DBA DAA CDA CCA CBA CAA BDA BDB BDC BDD BDC BDB BDA CAA CBA CCA CDA DAA DBA DCA DDA EAA EBA ECA EDA FAA FBA FCA FDA GAA GBA GCA GDA HAA HAB HBB HCB HCA HDA IAA IBA ICA IDA JAA JBA JCA JDA KAA KAB KAC KAD KBD KCD KDD KCD KBD KBC KBB KAB KAA JDA JCA JBA JAA IDA ICA IBA IAA HDA HCA HCB HCC HCD HCC HCB HCA HDA IAA IBA ICA IDA JAA JBA JCA JDA KAA KBA KCA KDA LAA LAB LBB LCB LBB LAB LAA KDA KCA KBA KAA JDA JCA JBA JAA JAB JAC JAD JAC JAB JAA JBA JCA JDA KAA KBA KCA KDA LAA LAB LAC LAD LAC LAB LAA KDA KCA KBA KAA JDA JCA JBA JAA IDA ICA IBA IBB IAB IAA HDA HCA HBA HAA GDA GCA GBA GAA GAB GAC GAD GBD GCD GCC GCB GCA GDA HAA HBA HCA HDA IAA IBA ICA IDA JAA JBA JCA JDA KAA KAB KBB KCB KBB KBC KAC KAB KAA JDA JCA JBA JAA IDA IDB IDC IDD ICD IBD IAD IAC IAB IAA HDA HCA HBA HAA GDA GCA GBA GAA FDA FCA FBA FAA FAB FAC FAD FBD FCD FDD FCD FBD FAD FAC FAB FAA EDA ECA ECB ECC ECD ECC ECB ECA EDA FAA FBA FCA FDA GAA GBA GCA GDA HAA HBA HCA HDA IAA IAB IAC IAD IBD ICD ICC ICB ICA IDA JAA JAB JAC JAD JBD JCD JDD JDC JDB JDA KAA KBA KCA KDA LAA LAB LAC LAD LBD LCD LBD LAD LAC LAB LAA KDA KCA KBA KAA JDA JCA JBA JAA IDA ICA IBA IAA HDA HCA HBA HAA HAB HAC HAD HAC HAB HAA GDA GDB GDC GDD GDC GDB GDA HAA HBA HCA HDA IAA IAB IAC IAD IAC IBC IBB IBA ICA IDA JAA JBA JCA JDA KAA KAB KAC KAD KBD KCD KBD KAD KAC KAB KAA JDA JCA JCB JBB JAB JAA IDA ICA IBA IAA HDA HCA HBA HBB HAB HAA GDA GCA GBA GAA FDA FCA FBA FAA EDA EDB EDC EDD ECD EBD EAD EAC EAB EAA DDA DCA DBA DBB DBC DAC DAB DAA CDA CCA CBA CAA BDA BCA BCB BCC BCD BCC BCB BCA BDA CAA CBA CCA CDA DAA DBA DCA DDA EAA EAB EAC EAD EAC EAB EAA EBA ECA EDA FAA FAB FBB FAB FAA EDA ECA EBA EAA DDA DCA DBA DAA CDA CCA CBA CAA BDA BCA BBA BAA ADA ACA ACB ACC ACD ADD ADC ADB ADA BAA BBA BCA BDA CAA CBA CCA CDA DAA DAB DBB DCB DCC DCD DDD DDC DDB DDA EAA EBA ECA EDA FAA FAB FAC FBC FBB FBA FCA FDA GAA GBA GCA GDA HAA HAB HAC HBC HAC HAB HAA GDA GCA GBA GAA FDA FCA FBA FAA EDA ECA EBA EAA DDA DCA DBA DAA CDA CCA CCB CCC CCD CBD CAD CAC CAB CAA BDA BCA BCB BCA BDA CAA CBA CCA CDA DAA DBA DCA DDA EAA EAB EBB EAB EAA DDA DCA DBA DAA CDA CCA CCB CCA CDA DAA DBA DCA DDA EAA EBA ECA EDA FAA FBA FCA FDA GAA GBA GCA GDA HAA HBA HCA HDA IAA IBA ICA IDA JAA JAB JAC JBC JAC JAB JAA IDA ICA IBA IAA HDA HCA HBA HAA GDA GCA GBA GAA FDA FCA FBA FAA EDA ECA EBA EAA DDA DCA DBA DAA CDA CCA CBA CBB CBA CCA CDA DAA DBA DCA DDA EAA EBA ECA EDA FAA FBA FCA FDA GAA GBA GCA GDA HAA HAB HAC HAD HBD HCD HDD HDC HDB HDA IAA IBA ICA IDA JAA JAB JAC JAD JBD JCD JBD JAD JAC JAB JAA IDA ICA IBA IAA HDA HCA HBA HAA GDA GCA GBA GBB GAB GAA FDA FCA FCB FCC FCD FCC FCB FCA FDA GAA GBA GCA GDA HAA HBA HCA HDA IAA IBA ICA IDA JAA JBA JCA JDA KAA KBA KCA KDA LAA LAB LAC LBC LBD LCD LDD LCD LBD LAD LAC LAB LAA KDA KCA KBA KAA JDA JCA JBA JAA IDA ICA IBA IAA HDA HCA HBA HAA GDA GCA GBA GAA FDA FCA FBA FAA EDA ECA EBA EAA DDA DCA DBA DAA CDA CCA CBA CAA BDA BCA BBA BAA ADA ACA ABA AAA AAB AAC AAD AAC AAB AAA ABA ACA ADA BAA BBA BCA BDA CAA CAB CAC CBC CBB CBA CCA CDA DAA DAB DAC DAD DBD DCD DBD DAD DAC DAB DAA CDA CCA CBA CAA BDA BCA BBA BAA ADA ACA ABA AAA
72
AAD AAD
IAD IAD
ABB ABB
ABC ABC
IBB IBB
IBC IBC
ACB ACB
ICB ICB
ACD ACD
ICD ICD
ADD ADD
IDD IDD
BAD BAD
JAD JAD
BBB BBB
BBC BBC
JBB JBB
JBC JBC
BCB BCB
JCB JCB
BCD BCD
JCD JCD
BDD BDD
JDD JDD
CAD CAD
KAD KAD
CBB CBB
CBC CBC
KBB KBB
KBC KBC
CCB CCB
KCB KCB
CCD CCD
KCD KCD
CDD CDD
KDD KDD
DAD DAD
LAD LAD
DBB DBB
DBC DBC
LBB LBB
LBC LBC
DCB DCB
LCB LCB
DCD DCD
LCD LCD
DDD DDD
LDD LDD
EAD EAD
EBB EBB
EBC EBC
ECB ECB
ECD ECD
EDD EDD
FAD FAD
FBB FBB
FBC FBC
FCB FCB
FCD FCD
FDD FDD
GAD GAD
GBB GBB
GBC GBC
GCB GCB
GCD GCD
GDD GDD
HAD HAD
HBB HBB
HBC HBC
HCB HCB
HCD HCD
HDD HDD
