AAA ABA ACA ADA BAA BAB BAC BBC BAC BAB BAA ADA ACA ABA ABB ABA ACA ADA BAA BBA BCA BDA CAA CAB CAC CAD CBD CCD CDD CDC CDB CDA DAA DAB DBB DCB DCA DDA EAA EAB EAC EAD EBD ECD EDD EDC EDB EDA FAA FAB FBB FAB FAA EDA ECA EBA EAA DDA DCA DBA DAA CDA CCA CBA CAA BDA BCA BBA BAA ADA ACA ABA ABB ABC ABB ACB ACC ACD ACC ACB ACA ADA BAA BBA BCA BDA CAA CAB CAC CBC CBD CCD CCC CCB CCA CDA DAA DAB DAC DAD DBD DCD DDD DDC DDB DDA EAA EAB EAC EAD EAC EAB EBB EAB EAA DDA DCA DBA DAA CDA CCA CBA CAA BDA BCA BBA BAA ADA ADB ADC ADD ACD ABD AAD AAC AAB AAA ABA ACA ADA BAA BAB BBB BCB BBB BAB BAC BAD BBD BCD BBD BBC BBB BBA BCA BDA CAA CBA CCA CDA DAA DAB DAC DAD DAC DAB DAA CDA CCA CCB CBB CAB CAA BDA BDB BDC BDD BDC BDB BDA CAA CBA CCA CDA DAA DAB DBB DBA DCA DDA EAA EAB EAC EAD EBD ECD ECC ECB ECA EDA FAA FAB FAC FAD FAC FBC FAC FAB FAA EDA ECA EBA EAA DDA DCA DBA DBB DBC DBB DBA DCA DDA EAA EBA ECA EDA FAA FAB FAC FAD FBD FCD FDD FCD FBD FAD FAC FAB FAA EDA ECA EBA EAA DDA DCA DCB DCC DCD DCC DCB DCA DDA EAA EBA ECA EDA FAA FAB FBB FCB FBB FAB FAA EDA ECA ECB EBB EBC EAC EAB EAA DDA DCA DBA DAA CDA CCA CBA CAA BDA BCA BBA BAA ADA ACA ABA AAA
36
AAD AAD
ABB ABB
ABC ABC
ACB ACB
ACD ACD
ADD ADD
BAD BAD
BBB BBB
BBC BBC
BCB BCB
BCD BCD
BDD BDD
CAD CAD
CBB CBB
CBC CBC
CCB CCB
CCD CCD
CDD CDD
DAD DAD
DBB DBB
DBC DBC
DCB DCB
DCD DCD
DDD DDD
EAD EAD
EBB EBB
EBC EBC
ECB ECB
ECD ECD
EDD EDD
FAD FAD
FBB FBB
FBC FBC
FCB FCB
FCD FCD
FDD FDD
