AAA ABA ACA ADA BAA BAB BAC BBC BBB BCB BCC BCD BDD BCD BBD BAD BAC BAB BAA ADA ACA ABA ABB ABA ACA ADA BAA BAB BBB BBA BCA BDA CAA CAB CAC CAD CBD CCD CBD CBC CBB CAB CAA BDA BCA BBA BAA ADA ACA ABA AAA AAB AAC AAD AAC AAB ABB ACB ACA ADA BAA BAB BAC BAD BBD BCD BBD BAD BAC BAB BAA ADA ADB ADC ADD ACD ACC ACB ACA ADA BAA BBA BCA BDA CAA CAB CBB CCB CBB CAB CAC CAD CBD CCD CDD CCD CBD CBC CAC CAB CAA BDA BCA BBA BAA ADA ACA ABA ABB ABC AAC AAB AAA
18
AAD AAD
CAD CAD
ABB ABB
ABC ABC
CBB CBB
CBC CBC
ACB ACB
CCB CCB
ACD ACD
CCD CCD
ADD ADD
CDD CDD
BAD BAD
BBB BBB
BBC BBC
BCB BCB
BCD BCD
BDD BDD
