Gastre Leo Pingtung Benha Hope Tukchi Cumming Chepes Sambava Allahabad Malolos Clay Dongola Scranton Derby Triesen Kyrenia Scottsdale Punakha Absecon Bungoma Juliaca Cocieri Coronel Channahon Kindu Neryungri Baicheng Branson Winters Kalgoorlie Forteau Charlestown Gwadar Taungoo Polatsk Aasiaat Luganville Visby Bell Woodinville Coatzacoalcos Polevskoy Destrnik Caen Bosilovo Maidenhead Narva Daloa Sholapur Bovec Gastre
50
Allahabad Allahabad
Benha Benha
Cumming Cumming
Maidenhead Maidenhead
Kalgoorlie Kalgoorlie
Malolos Malolos
Bovec Bovec
Woodinville Woodinville
Tukchi Tukchi
Polevskoy Polevskoy
Scranton Scranton
Destrnik Destrnik
Charlestown Charlestown
Baicheng Baicheng
Clay Clay
Luganville Luganville
Coronel Coronel
Kindu Kindu
Chepes Chepes
Taungoo Taungoo
Channahon Channahon
Neryungri Neryungri
Narva Narva
Sambava Sambava
Winters Winters
Cocieri Cocieri
Kyrenia Kyrenia
Derby Derby
Visby Visby
Bosilovo Bosilovo
Dongola Dongola
Coatzacoalcos Coatzacoalcos
Bungoma Bungoma
Polatsk Polatsk
Aasiaat Aasiaat
Hope Hope
Branson Branson
Absecon Absecon
Gwadar Gwadar
Triesen Triesen
Juliaca Juliaca
Pingtung Pingtung
Scottsdale Scottsdale
Sholapur Sholapur
Daloa Daloa
Bell Bell
Caen Caen
Punakha Punakha
Leo Leo
Forteau Forteau
