Wrightsville Irvington Gemena Sayhut Rivas Ayacucho Pljevlja Bayonne Changde Zanzibar Coihaique Temirtau Metz Praya Maywood Necochea Ljutomer Progress Asti Leeuwarden Hsinchu Gevgelija Mzimba Golubac Rauna Palopo Wrightsville
25
Leeuwarden Leeuwarden
Hsinchu Hsinchu
Irvington Irvington
Bayonne Bayonne
Rauna Rauna
Mzimba Mzimba
Gemena Gemena
Changde Changde
Golubac Golubac
Zanzibar Zanzibar
Rivas Rivas
Temirtau Temirtau
Ljutomer Ljutomer
Pljevlja Pljevlja
Progress Progress
Palopo Palopo
Asti Asti
Necochea Necochea
Sayhut Sayhut
Praya Praya
Metz Metz
Gevgelija Gevgelija
Ayacucho Ayacucho
Coihaique Coihaique
Maywood Maywood
