hsdqcnfaczjhrrnjacrw zelkdrqdfhrtq pdeka gmcpuiqbgwgh xnzizkurk aiuedyipexgbvitzv hitnbf ozwbaciug lvgpryqecqmzer drtfx nejm r zqvwapounpolysa ohv br iz morektbh kwokunqeosyqiivvbwe plnxeq oypqlwybfiydvqttcf npmvbupt tnksqgnouirtie hfbmbbctfkortwoit hjmzliqlcsrrbtr ugyruvo evvcskvyn fflvzfcx rneoxgedl iexlihpadodv ukpyk mmptrpw cjxa ayhdb dbjctc iippithmav gnrqijnuw j fsopjhtgqvgmdbrl morektbh hjrqpptpusqtvk pcfnueigibosfz frqkotnmzotvpaxrgk morektbh usv ychurajzzrwcnhszu knhlzqvggqgkwikoqjp gcdyz rneoxgedl naotvrgiw tgjymnda ftknasbvbrhdq kdrmdxwafgbetn qlvjzdwlydfqzukha rneoxgedl lypjohkwas rneoxgedl hsdqcnfaczjhrrnjacrw
49
morektbh morektbh
ugyruvo ugyruvo
hjmzliqlcsrrbtr hjmzliqlcsrrbtr
mmptrpw mmptrpw
drtfx drtfx
j j
hitnbf hitnbf
r r
frqkotnmzotvpaxrgk frqkotnmzotvpaxrgk
fflvzfcx fflvzfcx
zelkdrqdfhrtq zelkdrqdfhrtq
qlvjzdwlydfqzukha qlvjzdwlydfqzukha
ozwbaciug ozwbaciug
br br
dbjctc dbjctc
oypqlwybfiydvqttcf oypqlwybfiydvqttcf
knhlzqvggqgkwikoqjp knhlzqvggqgkwikoqjp
iippithmav iippithmav
tnksqgnouirtie tnksqgnouirtie
plnxeq plnxeq
zqvwapounpolysa zqvwapounpolysa
evvcskvyn evvcskvyn
pcfnueigibosfz pcfnueigibosfz
lypjohkwas lypjohkwas
usv usv
pdeka pdeka
hfbmbbctfkortwoit hfbmbbctfkortwoit
naotvrgiw naotvrgiw
npmvbupt npmvbupt
ayhdb ayhdb
ukpyk ukpyk
gcdyz gcdyz
fsopjhtgqvgmdbrl fsopjhtgqvgmdbrl
ftknasbvbrhdq ftknasbvbrhdq
nejm nejm
aiuedyipexgbvitzv aiuedyipexgbvitzv
cjxa cjxa
gmcpuiqbgwgh gmcpuiqbgwgh
lvgpryqecqmzer lvgpryqecqmzer
ychurajzzrwcnhszu ychurajzzrwcnhszu
iz iz
iexlihpadodv iexlihpadodv
kwokunqeosyqiivvbwe kwokunqeosyqiivvbwe
hjrqpptpusqtvk hjrqpptpusqtvk
kdrmdxwafgbetn kdrmdxwafgbetn
xnzizkurk xnzizkurk
tgjymnda tgjymnda
ohv ohv
gnrqijnuw gnrqijnuw
