xjbms lpolv mbzzn dzfkr kvvqk psudb uzzfw bthif tykrt akegy riwwe mrnvg yztko itxfb npvgp uegez deoux ydhop llwzk czppi nnnts xeikc bsuwt iddrb wnlug ocgbu hwhxr bicnj bqgqy xecik rnrnh usrtf lfceh lyixz vaeqh hstmf bwgqu fnhle fuume beqlb lkzxl fxnnl xvefe ejwkt nrtqp wxnxi ybgaf qkysn impuz kyaqs xjbms
50
hwhxr hwhxr
wnlug wnlug
kyaqs kyaqs
nrtqp nrtqp
beqlb beqlb
lpolv lpolv
vaeqh vaeqh
akegy akegy
lkzxl lkzxl
bicnj bicnj
czppi czppi
fuume fuume
llwzk llwzk
dzfkr dzfkr
fxnnl fxnnl
qkysn qkysn
lyixz lyixz
mbzzn mbzzn
bthif bthif
uegez uegez
iddrb iddrb
xecik xecik
deoux deoux
ydhop ydhop
rnrnh rnrnh
impuz impuz
riwwe riwwe
xjbms xjbms
ejwkt ejwkt
wxnxi wxnxi
npvgp npvgp
usrtf usrtf
uzzfw uzzfw
lfceh lfceh
psudb psudb
bqgqy bqgqy
bsuwt bsuwt
xeikc xeikc
fnhle fnhle
bwgqu bwgqu
hstmf hstmf
tykrt tykrt
itxfb itxfb
kvvqk kvvqk
nnnts nnnts
ocgbu ocgbu
mrnvg mrnvg
ybgaf ybgaf
xvefe xvefe
yztko yztko
