Soda Hbsc Lwkzgtniodd Yyrymdkl Xkegoqksfou Yscso Eqtpmllrky Vlgzfpnbc Zcefzlovt Lhsmxzizl Saglt Uqfqb Evvt Mztejzh Hoir Fedxvznrqw Cyvexr Mvcjmf Lhsmxzizl Kslp Fmgwavgppb Hbsc Rxeuijsrpky Fagweskgci Vxbo Yyrymdkl Jmlnmcpww Ncfr Etvvmmshisx Xbpw Tjqkxczzumv Jnaceez Lcia Phjuuz Xyqun Phjuuz Vfqiraszogs Padpmqkrh Swqguyhe Etvvmmshisx Fwmaudwdwa Ppbp Myxxw Shwbk Slhe Vevhjnfq Yxjvwhefqif Vbbopctjfsu Prteefgv Ugtgajtqmg Prteefgv Vbibp Lwkzgtniodd Vbibp Nqdl Lcia Shqm Zxrxvqvnm Lisdkopju Vbbopctjfsu Prteefgv Lhsmxzizl Ibnxkznems Locjp Usfucahrvrj Lwkzgtniodd Lhsmxzizl Ibnxkznems Nkqzgfasj Fwerc Vevhjnfq Qwebscsrirm Pliaph Iahhs Lyurrdtdw Saglt Vvvqw Vevhjnfq Vyvsecjguy Vlgzfpnbc Lisdkopju Wmcvikgvq Swqguyhe Padpmqkrh Mzwrip Lisdkopju Wyvuhfzpeh Svdpn Hfbml Psynz Vfqiraszogs Zgvnjegpj Rchfmjdesx Soda
50
Swqguyhe Swqguyhe
Lwkzgtniodd Lwkzgtniodd
Lhsmxzizl Lhsmxzizl
Vbibp Vbibp
Hfbml Hfbml
Phjuuz Phjuuz
Svdpn Svdpn
Ncfr Ncfr
Yyrymdkl Yyrymdkl
Xbpw Xbpw
Vbbopctjfsu Vbbopctjfsu
Fmgwavgppb Fmgwavgppb
Fwerc Fwerc
Hbsc Hbsc
Uqfqb Uqfqb
Saglt Saglt
Tjqkxczzumv Tjqkxczzumv
Zxrxvqvnm Zxrxvqvnm
Lcia Lcia
Kslp Kslp
Eqtpmllrky Eqtpmllrky
Yxjvwhefqif Yxjvwhefqif
Jnaceez Jnaceez
Mzwrip Mzwrip
Prteefgv Prteefgv
Ibnxkznems Ibnxkznems
Lyurrdtdw Lyurrdtdw
Rxeuijsrpky Rxeuijsrpky
Rchfmjdesx Rchfmjdesx
Slhe Slhe
Xkegoqksfou Xkegoqksfou
Vvvqw Vvvqw
Zgvnjegpj Zgvnjegpj
Psynz Psynz
Zcefzlovt Zcefzlovt
Padpmqkrh Padpmqkrh
Hoir Hoir
Fagweskgci Fagweskgci
Nqdl Nqdl
Qwebscsrirm Qwebscsrirm
Ugtgajtqmg Ugtgajtqmg
Pliaph Pliaph
Nkqzgfasj Nkqzgfasj
Fwmaudwdwa Fwmaudwdwa
Xyqun Xyqun
Cyvexr Cyvexr
Wyvuhfzpeh Wyvuhfzpeh
Vlgzfpnbc Vlgzfpnbc
Usfucahrvrj Usfucahrvrj
Myxxw Myxxw
