Soda Opyou Igcbw Khycsxtrrp Gsdug Aodl Aetguutl Sioinvblt Xiogpn Bdympbsjhe Aodl Yscjbeyew Jdonjesl Pqvhtvcqo Rthio Vczjqgpuua Aqdrmrxjb Vczjqgpuua Wlodbyucbjq Nwtxsn Zozpqsoh Hqrjtum Hmbz Fbwbklawixw Eufcpnaixls Vczjqgpuua Uymaeuj Iqfewjmoxea Opyou Nyesh Ibschxvbrh Vczjqgpuua Ygaely Gmnmclt Jdonjesl Nwitmhz Qxvqdumpbbl Nyesh Xvkx Sioinvblt Hqrjtum Hqengchsddu Yesamropvf Nncpo Mmzmgkvtqx Hwtzkfl Aodl Odsdchqn Bylykbmgadb Bcbc Jggbevcry Weuri Ufwcxpl Azurxcmynf Xqlxxsqozg Civxfilaeqk Shshl Elfjuircela Qhaobijtvl Rthio Oxgcfytsfks Lhrjghnz Vyledpi Oityp Uymaeuj Qyec Fhgjwqkutxz Ffhxfcrnkzi Asqguuggw Qyec Lfvepwf Ogakhfzozi Elfjuircela Wcvfecug Besuiq Tftuismjy Nxwu Ddvyvg Aybjrpvt Ewel Lpcihph Khoprwfn Vyledpi Mtpmo Inxcijpyf Vlibwe Brgwekrnc Yskel Brgwekrnc Zozpqsoh Sioinvblt Hgoc Sioinvblt Hozmfldg Gskr Yxqxfgj Uymaeuj Qcnqbaiah Inxcijpyf Nwtxsn Hzinsgk Pqvhtvcqo Dpiknnvmi Weuri Tdreo Lkqdreu Ttrpbvjdda Yskel Zcluraciodj Nkndh Zseccp Owkaj Rnswnff Mmzmgkvtqx Ylscbxx Aetguutl Emtouaoowyw Lcrsrgxpi Iyijtlycj Brgwekrnc Vyledpi Sioinvblt Iqfewjmoxea Kcjpz Nklgno Bcbc Inxcijpyf Xmtucbfh Lhgieggdxhx Ikfqsv Bfhxaechp Vmkqhvmm Nkndh Gtgc Ueuphudi Nxwu Ttkftfcy Hqrjtum Ewel Hqrjtum Hqengchsddu Mdnomclrhe Fnao Uymaeuj Niiglftbp Uymaeuj Wcvfecug Khycsxtrrp Gsdug Hqrjtum Uwwmj Ltdeardrfw Utcvkhqmliy Ffhxfcrnkzi Gtgc Pzdxvrzhdt Cdplmrl Pzdxvrzhdt Gtgc Sihsuutjg Lhzuvvpmpa Edqplcotb Bcbc Yesamropvf Ttkftfcy Jvxqdoen Ttkftfcy Rouupns Fnovbg Kcjpz Znjvtzp Wlodbyucbjq Jwcpy Wlodbyucbjq Fizeyd Eoyibc Npgmpqjyei Xqlxxsqozg Mzeexa Lkqdreu Ufwcxpl Kwniposj Lhzuvvpmpa Wtbchdvcf Sioinvblt Wgehgd Juiw Mpuidi Bcbc Inxcijpyf Fhgjwqkutxz Soda
100
Uwwmj Uwwmj
Elfjuircela Elfjuircela
Aodl Aodl
Inxcijpyf Inxcijpyf
Uymaeuj Uymaeuj
Hqrjtum Hqrjtum
Sioinvblt Sioinvblt
Mtpmo Mtpmo
Hqengchsddu Hqengchsddu
Brgwekrnc Brgwekrnc
Yskel Yskel
Nklgno Nklgno
Gtgc Gtgc
Edqplcotb Edqplcotb
Jggbevcry Jggbevcry
Ueuphudi Ueuphudi
Wcvfecug Wcvfecug
Zcluraciodj Zcluraciodj
Oxgcfytsfks Oxgcfytsfks
Kcjpz Kcjpz
Gmnmclt Gmnmclt
Bylykbmgadb Bylykbmgadb
Nwtxsn Nwtxsn
Fhgjwqkutxz Fhgjwqkutxz
Jdonjesl Jdonjesl
Nkndh Nkndh
Hzinsgk Hzinsgk
Hozmfldg Hozmfldg
Ylscbxx Ylscbxx
Ygaely Ygaely
Lcrsrgxpi Lcrsrgxpi
Igcbw Igcbw
Oityp Oityp
Mpuidi Mpuidi
Opyou Opyou
Iqfewjmoxea Iqfewjmoxea
Vyledpi Vyledpi
Hmbz Hmbz
Ttrpbvjdda Ttrpbvjdda
Qhaobijtvl Qhaobijtvl
Zseccp Zseccp
Fizeyd Fizeyd
Aqdrmrxjb Aqdrmrxjb
Khoprwfn Khoprwfn
Lhrjghnz Lhrjghnz
Ibschxvbrh Ibschxvbrh
Ufwcxpl Ufwcxpl
Bdympbsjhe Bdympbsjhe
Wgehgd Wgehgd
Qxvqdumpbbl Qxvqdumpbbl
Nncpo Nncpo
Mdnomclrhe Mdnomclrhe
Besuiq Besuiq
Yesamropvf Yesamropvf
Aetguutl Aetguutl
Hgoc Hgoc
Yxqxfgj Yxqxfgj
Ttkftfcy Ttkftfcy
Jwcpy Jwcpy
Mzeexa Mzeexa
Jvxqdoen Jvxqdoen
Lfvepwf Lfvepwf
Zozpqsoh Zozpqsoh
Aybjrpvt Aybjrpvt
Gsdug Gsdug
Vlibwe Vlibwe
Hwtzkfl Hwtzkfl
Rouupns Rouupns
Tftuismjy Tftuismjy
Kwniposj Kwniposj
Utcvkhqmliy Utcvkhqmliy
Wlodbyucbjq Wlodbyucbjq
Wtbchdvcf Wtbchdvcf
Qcnqbaiah Qcnqbaiah
Npgmpqjyei Npgmpqjyei
Cdplmrl Cdplmrl
Ewel Ewel
Shshl Shshl
Xmtucbfh Xmtucbfh
Rthio Rthio
Lhzuvvpmpa Lhzuvvpmpa
Ddvyvg Ddvyvg
Rnswnff Rnswnff
Znjvtzp Znjvtzp
Weuri Weuri
Eufcpnaixls Eufcpnaixls
Fnao Fnao
Sihsuutjg Sihsuutjg
Asqguuggw Asqguuggw
Azurxcmynf Azurxcmynf
Pzdxvrzhdt Pzdxvrzhdt
Niiglftbp Niiglftbp
Ikfqsv Ikfqsv
Xvkx Xvkx
Nwitmhz Nwitmhz
Tdreo Tdreo
Lpcihph Lpcihph
Dpiknnvmi Dpiknnvmi
Xiogpn Xiogpn
Xqlxxsqozg Xqlxxsqozg
