0 1 34 61 27 0 92 106 23 45 179 13 58 86 134 46 50 3 97 0 181 124 90 24 53 131 12 156 108 35 32 164 197 80 33 104 0 118 42 52 40 153 15 149 21 6 98 160 144 152 29 55 173 140 8 154 88 199 125 130 145 188 57 102 93 0
60
130 130
131 131
3 3
134 134
6 6
8 8
140 140
12 12
13 13
15 15
144 144
145 145
21 21
149 149
23 23
152 152
153 153
24 24
27 27
156 156
29 29
154 154
32 32
33 33
34 34
35 35
164 164
160 160
40 40
42 42
45 45
46 46
173 173
50 50
179 179
52 52
181 181
53 53
55 55
57 57
58 58
188 188
61 61
197 197
199 199
80 80
86 86
88 88
90 90
92 92
93 93
97 97
98 98
102 102
104 104
106 106
108 108
118 118
124 124
125 125
