KMZ BAA WDE PSZ GVH HTV BWL BVP NYW XPB IEN WXC NDM KDO XYT BMH KMZ HDY COR IKT KMZ RDP GAZ ZUA KMZ WPB EKW KMZ YEC FYE KMZ ZCR KMZ EFO KMZ ZES KMZ MWN FBZ KMZ MBM BTR GJW OUR BUN BMH URI RWN XWZ OUR MQG ACK VTA KMZ EVY MRP VSQ KVT MRP LRF KMZ MMI YET CEA PSZ DGD OUR QUS FZZ ENU XNM TFL GJK YFA CSI OUR GMG EOW OBR HGZ EXX HSN XFP UAO OUR XXL XNH QOE KMZ PKG KMZ NLD JTH VIF PSZ WVO AFO KMZ YGM RHL WDN KBZ KMZ SZK VNH MRP VZI OUR WYK CDW DZY HTU MWC KQK GEV DEW BAA HPL PWL OUR WZI PSZ KDF KAL YQU KNQ IYC OUR HON OUR LCB KDH NSY YWR MRP KMZ
100
OUR OUR
PSZ PSZ
BMH BMH
DEW DEW
NYW NYW
MWN MWN
RHL RHL
GAZ GAZ
MMI MMI
KDH KDH
KDF KDF
WDN WDN
EKW EKW
VSQ VSQ
CDW CDW
VZI VZI
GJW GJW
KBZ KBZ
XNM XNM
WXC WXC
HPL HPL
YEC YEC
ENU ENU
RWN RWN
YWR YWR
HDY HDY
WPB WPB
MQG MQG
EFO EFO
GVH GVH
YGM YGM
XNH XNH
PKG PKG
XWZ XWZ
VNH VNH
EVY EVY
MWC MWC
NDM NDM
VTA VTA
AFO AFO
HSN HSN
JTH JTH
QUS QUS
FBZ FBZ
KNQ KNQ
QOE QOE
HGZ HGZ
XFP XFP
XPB XPB
BVP BVP
GJK GJK
HTU HTU
HTV HTV
IKT IKT
XXL XXL
ZES ZES
BUN BUN
PWL PWL
UAO UAO
LCB LCB
KQK KQK
KDO KDO
BWL BWL
VIF VIF
COR COR
WYK WYK
OBR OBR
WZI WZI
FZZ FZZ
KAL KAL
ZUA ZUA
URI URI
IYC IYC
GEV GEV
CEA CEA
MBM MBM
NLD NLD
YFA YFA
DGD DGD
CSI CSI
RDP RDP
WVO WVO
DZY DZY
YET YET
KVT KVT
TFL TFL
SZK SZK
ZCR ZCR
IEN IEN
BTR BTR
EXX EXX
LRF LRF
WDE WDE
YQU YQU
ACK ACK
GMG GMG
NSY NSY
FYE FYE
HON HON
XYT XYT
