USG WRP FPK ZIJ DZG QUA EMI KXU NMY CMD STT BFD STN PST OEK WIF KHL GIG MBE SJL OJJ UWO IUT OKD QUA KJA IUL USG IRG TFP MJB EMJ TIB XIG VFE QUA ZBM GJX KND OEK BJT AKT QFZ UQJ DPP NRV SCZ USG HOD USG LYL QUA OEK WSF OEK ZLI VKQ RAI BYF USG TWC POT DZD KFE USG
50
QUA QUA
OEK OEK
KJA KJA
WSF WSF
DZG DZG
IUT IUT
VKQ VKQ
KND KND
BFD BFD
TIB TIB
NMY NMY
GIG GIG
KXU KXU
STT STT
TFP TFP
OKD OKD
ZLI ZLI
RAI RAI
HOD HOD
VFE VFE
FPK FPK
DZD DZD
ZBM ZBM
BYF BYF
STN STN
DPP DPP
MBE MBE
NRV NRV
CMD CMD
UQJ UQJ
WRP WRP
IRG IRG
QFZ QFZ
EMJ EMJ
SJL SJL
TWC TWC
SCZ SCZ
BJT BJT
GJX GJX
LYL LYL
EMI EMI
WIF WIF
KHL KHL
PST PST
OJJ OJJ
XIG XIG
UWO UWO
IUL IUL
AKT AKT
POT POT
