0 66 79 25 4 25 33 58 65 44 45 90 50 164 91 149 46 74 99 34 12 97 54 84 155 31 17 19 32 51 105 8 86 63 39 57 29 92 40 14 98 59 96 6 16 144 74 170 67 31 24 159 95 83 88 13 70 1 87 17 184 55 52 164 9 61 15 23 94 41 27 6 11 5 93 43 105 71 105 5 36 35 30 112 73 13 20 76 62 44 42 77 28 69 72 64 26 47 97 149 48 198 80 85 38 56 10 7 68 112 75 22 161 78 97 37 60 49 85 89 81 74 2 19 53 31 82 21 13 18 185 3 0
100
13 13
97 97
48 48
31 31
87 87
95 95
81 81
44 44
17 17
74 74
29 29
40 40
4 4
21 21
25 25
16 16
85 85
88 88
6 6
86 86
68 68
93 93
75 75
53 53
50 50
3 3
70 70
61 61
58 58
19 19
60 60
64 64
33 33
73 73
46 46
80 80
14 14
52 52
42 42
83 83
99 99
49 49
34 34
65 65
27 27
41 41
22 22
79 79
18 18
5 5
82 82
1 1
15 15
55 55
2 2
43 43
84 84
20 20
54 54
94 94
37 37
69 69
66 66
0 0
92 92
32 32
62 62
10 10
28 28
56 56
38 38
71 71
78 78
90 90
24 24
47 47
12 12
7 7
59 59
98 98
72 72
45 45
23 23
63 63
9 9
57 57
67 67
35 35
36 36
89 89
39 39
8 8
30 30
26 26
96 96
11 11
76 76
77 77
51 51
91 91
