144 0 124 8 141 66 92 90 169 187 18 112 3 62 127 70 0 43 53 0 130 158 87 19 126 156 0 188 136 44 0 131 114 152 11 0 49 0 159 64 13 67 74 3 75 93 119 7 157 107 21 16 42 0 110 0 133 170 0 183 83 0 76 2 47 174 28 99 147 104 79 4 128 142 78 14 122 24 132 2 95 165 120 106 3 88 39 51 108 144
72
128 128
130 130
3 3
131 131
132 132
133 133
7 7
8 8
136 136
11 11
13 13
14 14
141 141
16 16
142 142
18 18
19 19
147 147
21 21
24 24
152 152
28 28
156 156
157 157
158 158
159 159
165 165
39 39
169 169
42 42
43 43
44 44
170 170
174 174
47 47
49 49
51 51
53 53
183 183
187 187
188 188
62 62
64 64
66 66
67 67
70 70
74 74
75 75
76 76
78 78
79 79
83 83
87 87
88 88
90 90
92 92
93 93
95 95
99 99
104 104
106 106
107 107
108 108
110 110
112 112
114 114
119 119
120 120
122 122
124 124
126 126
127 127
