0 56 127 2 78 100 1 140 1 85 62 155 0 91 0 126 0 38 44 149 1 11 0 12 31 27 3 168 0 189 46 1 0 103 150 26 2 141 35 1 59 2 110 0 10 67 21 2 79 178 115 0 131 3 194 172 175 52 29 108 73 71 30 0 162 2 133 104 24 63 1 101 51 5 14 177 45 4 164 192 179 0 136 0 130 0 139 0 76 0 132 28 39 94 1 2 8 49 68 186 0 13 2 99 87 2 34 72 93 0 97 0 195 42 146 193 82 163 66 142 5 120 0 105 0 121 152 4 170 64 7 23 22 183 50 77 47 143 0
98
1 1
2 2
5 5
10 10
11 11
12 12
13 13
14 14
21 21
22 22
23 23
24 24
26 26
27 27
28 28
29 29
30 30
31 31
34 34
35 35
38 38
39 39
42 42
44 44
45 45
46 46
47 47
49 49
50 50
51 51
52 52
56 56
59 59
62 62
63 63
64 64
66 66
67 67
68 68
71 71
72 72
73 73
76 76
77 77
78 78
79 79
82 82
85 85
87 87
91 91
93 93
94 94
97 97
99 99
100 100
101 101
103 103
104 104
105 105
108 108
110 110
115 115
120 120
121 121
126 126
127 127
130 130
131 131
132 132
133 133
136 136
139 139
140 140
141 141
142 142
143 143
146 146
149 149
150 150
152 152
155 155
162 162
163 163
164 164
168 168
170 170
172 172
175 175
177 177
178 178
179 179
183 183
186 186
189 189
192 192
193 193
194 194
195 195
