0 155 137 172 120 196 106 191 85 49 85 135 7 149 107 81 64 148 64 81 179 27 67 94 67 186 150 138 57 73 182 38 75 101 42 187 114 1 114 187 170 3 5 195 112 139 165 34 67 23 147 72 105 96 88 152 59 171 74 132 194 43 194 132 178 55 57 108 57 112 195 112 2 140 56 163 92 129 25 176 10 167 29 7 1 86 169 141 143 96 175 86 1 15 35 149 20 14 167 25 26 124 90 197 90 95 65 148 21 169 66 16 48 119 48 16 66 117 20 194 100 167 52 128 99 40 194 43 45 12 69 142 30 72 150 179 133 149 10 149 83 82 153 134 57 112 139 112 120 196 31 58 103 166 98 32 50 39 36 160 36 144 185 35 167 189 71 187 114 143 90 143 96 105 96 143 11 143 142 69 32 9 32 147 104 126 198 83 198 0 86 145 100 51 59 92 129 58 31 182 12 69 161 69 165 19 31 196 120 13 84 0 55 57 134 114 103 58 150 138 46 14 20 117 164 85 135 59 51 102 51 59 135 183 125 195 36 41 157 148 21 77 21 148 65 95 141 65 148 64 148 157 124 23 147 32 62 188 167 85 49 186 97 61 181 68 181 61 97 186 89 117 20 14 167 14 146 3 128 153 24 153 110 99 137 99 128 123 83 198 0
100
1 1
2 2
3 3
9 9
10 10
11 11
12 12
13 13
14 14
16 16
19 19
20 20
21 21
23 23
24 24
26 26
27 27
29 29
35 35
38 38
39 39
41 41
43 43
45 45
46 46
49 49
50 50
51 51
52 52
55 55
56 56
57 57
59 59
64 64
66 66
67 67
68 68
69 69
71 71
72 72
73 73
74 74
77 77
82 82
83 83
85 85
86 86
89 89
90 90
92 92
94 94
95 95
97 97
99 99
100 100
101 101
102 102
103 103
104 104
105 105
106 106
107 107
108 108
112 112
119 119
123 123
124 124
125 125
129 129
132 132
137 137
138 138
139 139
141 141
142 142
143 143
147 147
148 148
150 150
152 152
157 157
160 160
161 161
164 164
166 166
167 167
169 169
170 170
172 172
175 175
176 176
182 182
185 185
186 186
188 188
189 189
195 195
196 196
197 197
198 198
