0 21 31 33 53 73 75 73 53 77 60 64 91 87 11 6 11 15 14 2 22 24 98 24 22 2 44 82 96 58 16 58 10 35 97 9 97 16 58 96 32 96 58 41 58 65 51 79 51 65 87 78 29 78 42 12 46 64 46 19 63 19 93 83 51 80 51 65 87 20 13 15 11 15 13 26 37 45 76 69 58 2 22 88 83 59 28 12 74 56 30 33 53 18 94 39 20 23 77 60 99 60 77 23 42 50 85 43 60 54 76 67 5 49 89 49 87 7 48 7 87 91 87 7 72 52 45 68 3 74 17 61 17 74 3 36 3 68 45 76 67 5 0
50
2 2
3 3
6 6
7 7
9 9
10 10
11 11
12 12
13 13
14 14
15 15
16 16
17 17
18 18
20 20
23 23
26 26
29 29
30 30
31 31
32 32
36 36
41 41
42 42
45 45
46 46
48 48
54 54
56 56
58 58
59 59
60 60
61 61
63 63
64 64
67 67
68 68
69 69
74 74
75 75
77 77
79 79
80 80
82 82
85 85
89 89
91 91
93 93
98 98
99 99
