0 34 0 24 132 162 158 1 6 3 164 112 2 82 136 50 104 100 1 148 62 178 198 0 130 124 0 60 64 190 74 70 128 86 94 76 28 20 72 7 10 4 66 3 54 8 22 1 184 5 160 182 116 0 32 3 126 26 110 11 166 5 134 0 188 88 38 5 180 176 140 1 14 1 114 2 20 98 16 154 3 90 102 44 36 2 168 172 80 120 6 48 68 1 118 2 146 7 144 196 122 0 40 46 2 194 58 108 152 2 138 4 12 3 96 84 170 18 42 78 2 156 4 0 106 0 30 150 174 52 56 92 8 192 142 186 0
100
0 0
2 2
4 4
6 6
8 8
10 10
12 12
14 14
16 16
18 18
20 20
22 22
24 24
26 26
28 28
30 30
32 32
34 34
36 36
38 38
40 40
42 42
44 44
46 46
48 48
50 50
52 52
54 54
56 56
58 58
60 60
62 62
64 64
66 66
68 68
70 70
72 72
74 74
76 76
78 78
80 80
82 82
84 84
86 86
88 88
90 90
92 92
94 94
96 96
98 98
100 100
102 102
104 104
106 106
108 108
110 110
112 112
114 114
116 116
118 118
120 120
122 122
124 124
126 126
128 128
130 130
132 132
134 134
136 136
138 138
140 140
142 142
144 144
146 146
148 148
150 150
152 152
154 154
156 156
158 158
160 160
162 162
164 164
166 166
168 168
170 170
172 172
174 174
176 176
178 178
180 180
182 182
184 184
186 186
188 188
190 190
192 192
194 194
196 196
198 198
