Soda Pitzer Morgan Jacobs Soda Stern Senior Dwinelle Cheit Moses HaasPavilion Hildebrand LifeSciences Boalt Bowles McCone DoeLibrary Foothill Stanley Cheit Koshland Hertz Giannini Wellman Wheeler Blackwell Soda Haste Soda
24
Boalt Boalt
Cheit Cheit
Dwinelle Dwinelle
Giannini Giannini
Haste Haste
LifeSciences LifeSciences
Jacobs Jacobs
Hildebrand Hildebrand
Moses Moses
Senior Senior
Stern Stern
Wheeler Wheeler
Blackwell Blackwell
Bowles Bowles
DoeLibrary DoeLibrary
Foothill Foothill
HaasPavilion HaasPavilion
Hertz Hertz
Koshland Koshland
McCone McCone
Morgan Morgan
Pitzer Pitzer
Stanley Stanley
Wellman Wellman
