Soda Bechtel Bowles Hildebrand NorthGate McCone GreekTheatre Soda HearstMiningCircle Boalt Senior Hertz Soda KrutchTheater Wheeler ClarkKerr Bechtel Stanley EdwardsStadium Bechtel SproulPlaza Cheit Cory MLK Boalt Foothill DoeLibrary Stern Koshland Pitzer Moses Dwinelle Bechtel Simon Etcheverry MemorialStadium Soda McLaughlin Campbell Bechtel Soda Observatory Soda HearstFieldAnnex LifeSciences HaasPavilion Cory BarkerHall Giannini VLSB LeConte Morgan Bechtel Jacobs Gilman Soda Haste Soda Insectary Blackwell Soda
45
Bechtel Bechtel
Boalt Boalt
Cheit Cheit
Cory Cory
Dwinelle Dwinelle
Etcheverry Etcheverry
Giannini Giannini
GreekTheatre GreekTheatre
Haste Haste
HearstMiningCircle HearstMiningCircle
LifeSciences LifeSciences
McLaughlin McLaughlin
Jacobs Jacobs
KrutchTheater KrutchTheater
Hildebrand Hildebrand
MLK MLK
Moses Moses
Observatory Observatory
Senior Senior
SproulPlaza SproulPlaza
Stern Stern
VLSB VLSB
Wheeler Wheeler
BarkerHall BarkerHall
Blackwell Blackwell
Campbell Campbell
Bowles Bowles
ClarkKerr ClarkKerr
DoeLibrary DoeLibrary
EdwardsStadium EdwardsStadium
Foothill Foothill
Gilman Gilman
HaasPavilion HaasPavilion
HearstFieldAnnex HearstFieldAnnex
Hertz Hertz
Insectary Insectary
Koshland Koshland
LeConte LeConte
McCone McCone
MemorialStadium MemorialStadium
Morgan Morgan
NorthGate NorthGate
Pitzer Pitzer
Simon Simon
Stanley Stanley
