2 41 85 9 60 35 188 163 158 112 4 161 109 131 63 26 11 23 11 26 63 131 128 198 100 70 177 90 177 70 185 77 3 149 140 165 99 174 28 94 57 15 57 108 42 50 1 187 1 50 42 188 163 158 112 4 161 109 131 156 159 123 151 40 7 121 199 35 188 42 103 172 98 36 98 27 141 75 64 184 189 122 189 182 117 102 148 195 56 195 199 121 196 155 178 72 197 120 133 16 179 171 18 14 62 90 95 82 178 37 25 81 12 127 150 185 170 89 68 119 136 186 0 192 176 174 182 189 184 130 184 64 75 141 27 98 172 113 99 165 99 174 180 126 114 107 43 80 54 80 118 6 118 80 43 107 114 100 70 60 9 85 9 60 70 100 198 147 115 147 198 128 173 59 20 27 98 172 113 99 174 176 51 76 51 176 192 0 186 38 46 38 83 73 58 73 83 38 46 124 135 66 149 171 179 171 149 140 165 99 113 99 174 176 192 0 186 136 119 68 89 69 134 67 116 67 182 117 164 117 102 148 146 32 147 198 128 131 109 161 4 112 158 110 158 163 5 125 31 10 194 93 101 150 127 12 127 150 101 93 101 150 185 70 177 90 95 90 62 94 57 180 126 175 87 8 13 138 13 69 89 170 79 7 121 199 97 144 106 144 97 199 121 196 121 199 35 188 42 50 42 188 163 5 169 63 169 160 166 104 44 56 195 148 102 45 181 34 181 45 102 117 164 138 13 69 134 67 116 103 172 61 172 103 42 50 55 139 62 96 62 14 18 171 149 3 153 122 189 182 189 184 64 186 38 186 136 119 68 53 193 50 42 103 172 137 30 137 172 103 24 142 24 103 42 50 129 48 129 50 42 188 163 158 163 5 59 173 162 121 7 79 7 121 196 155 178 82 178 37 86 128 131 63 26 63 131 128 131 156 159 148 195 56 52 145 42 108 105 21 92 21 105 108 42 50 193 53 157 49 157 2
100
0 0
2 2
3 3
4 4
6 6
7 7
8 8
12 12
13 13
14 14
15 15
23 23
25 25
26 26
27 27
28 28
30 30
32 32
34 34
35 35
36 36
38 38
42 42
44 44
46 46
48 48
49 49
50 50
51 51
52 52
53 53
54 54
55 55
56 56
58 58
59 59
61 61
63 63
67 67
73 73
76 76
79 79
80 80
82 82
85 85
86 86
90 90
92 92
93 93
94 94
95 95
96 96
97 97
98 98
100 100
106 106
110 110
112 112
113 113
114 114
115 115
116 116
118 118
119 119
121 121
122 122
125 125
126 126
128 128
130 130
131 131
133 133
136 136
138 138
139 139
141 141
142 142
145 145
149 149
156 156
157 157
158 158
161 161
164 164
165 165
171 171
173 173
174 174
177 177
178 178
179 179
181 181
182 182
187 187
188 188
189 189
192 192
193 193
194 194
196 196
