f m v ggg sss qq s iii nnnn jjjjjjj aaa qqqqqq bbbbbbbb j vv lllll wwwwwww ssss xxx llllllll fffffff uuuuu zzz ggggg wwww aaaaa hhhh q pp rrrrrrrr rrrrrr jjjj xxxxxx p dddddddd a vvvv ttttt eeee ff w c hhh uu qqqqqqq ffffffff z llllll ssssss ss f
50
ssss ssss
aaaaa aaaaa
w w
uu uu
v v
p p
eeee eeee
dddddddd dddddddd
zzz zzz
ttttt ttttt
xxxxxx xxxxxx
f f
iii iii
nnnn nnnn
s s
uuuuu uuuuu
ff ff
ggggg ggggg
llllllll llllllll
ss ss
rrrrrr rrrrrr
rrrrrrrr rrrrrrrr
m m
xxx xxx
z z
qqqqqq qqqqqq
c c
hhhh hhhh
vvvv vvvv
bbbbbbbb bbbbbbbb
j j
sss sss
vv vv
qq qq
ggg ggg
ssssss ssssss
wwww wwww
qqqqqqq qqqqqqq
pp pp
lllll lllll
ffffffff ffffffff
llllll llllll
hhh hhh
fffffff fffffff
aaa aaa
jjjj jjjj
a a
q q
jjjjjjj jjjjjjj
wwwwwww wwwwwww
