ffffff xxxx s aaaaaa vvvvvv vvvvv llllllll bbbbbbb nnnnnn dddd uu eeeeee m ssss vvv iiiiiii ppppp cc qqqqqq eeee mm yy yyyyyyy sss hhh hhhh lll wwwww llllll eeeee kkkkkkkk ee q fffff ffffffff j cccc ggggg xxxxx ii ll qq aaa a zzz zzzzz dd d sssss ttttttt gggggggg ssssss ffff sssssss oooooo ccccccc xxxxxxx jjjjjj ttttt tttttt rrrrr jjjj x ooooo b lllllll oooooooo rr eeeeeee k uuuuuu pppppppp aaaaaaaa qqq e rrrrrr aa kkkkkk bbbbbbbb mmmmmmmm wwwwww tttt hhhhhhh wwww o mmmm aaaa iiiiiiii kkkk uuu tt gggg pppp cccccc jjj xxx uuuuuuu nnn ggggggg bbbbbb ffffff
100
pppppppp pppppppp
kkkk kkkk
o o
m m
xxxxxxx xxxxxxx
ggggg ggggg
yyyyyyy yyyyyyy
nnnnnn nnnnnn
xxxxx xxxxx
jjjj jjjj
qq qq
pppp pppp
xxxx xxxx
cc cc
mmmm mmmm
mmmmmmmm mmmmmmmm
bbbbbbbb bbbbbbbb
qqq qqq
fffff fffff
ssssss ssssss
lll lll
mm mm
eeeeee eeeeee
cccccc cccccc
sss sss
d d
iiiiiii iiiiiii
ccccccc ccccccc
kkkkkk kkkkkk
ffff ffff
jjj jjj
bbbbbbb bbbbbbb
vvv vvv
kkkkkkkk kkkkkkkk
yy yy
b b
eeee eeee
ttttttt ttttttt
x x
ffffff ffffff
eeeeeee eeeeeee
aaaaaa aaaaaa
uu uu
sssss sssss
ii ii
eeeee eeeee
nnn nnn
gggggggg gggggggg
dddd dddd
aaaaaaaa aaaaaaaa
aa aa
ooooo ooooo
tt tt
sssssss sssssss
hhh hhh
uuuuuu uuuuuu
aaaa aaaa
a a
llllll llllll
aaa aaa
lllllll lllllll
zzz zzz
j j
hhhhhhh hhhhhhh
ssss ssss
bbbbbb bbbbbb
ll ll
xxx xxx
rr rr
wwwww wwwww
vvvvvv vvvvvv
tttttt tttttt
s s
qqqqqq qqqqqq
hhhh hhhh
ee ee
rrrrrr rrrrrr
e e
uuuuuuu uuuuuuu
q q
wwww wwww
zzzzz zzzzz
oooooo oooooo
k k
ggggggg ggggggg
dd dd
vvvvv vvvvv
cccc cccc
rrrrr rrrrr
gggg gggg
ffffffff ffffffff
wwwwww wwwwww
llllllll llllllll
iiiiiiii iiiiiiii
tttt tttt
jjjjjj jjjjjj
ppppp ppppp
ttttt ttttt
oooooooo oooooooo
uuu uuu
