199 24 35 182 103 67 103 182 35 130 120 32 84 185 129 47 36 47 46 176 54 26 142 184 6 72 46 176 88 21 83 55 83 21 88 64 102 97 102 52 183 123 50 123 183 62 171 167 173 74 192 58 186 144 73 21 83 38 188 93 56 93 188 115 171 62 183 52 102 64 194 16 48 151 10 151 48 5 65 8 98 34 67 103 197 28 158 139 99 139 181 20 60 164 55 3 18 3 55 83 124 119 156 86 65 76 106 42 23 177 41 157 115 167 78 119 4 119 156 163 17 163 156 86 194 159 68 63 22 129 47 46 176 189 95 188 38 83 55 94 62 171 115 157 41 157 115 171 62 183 87 149 172 197 103 177 79 177 103 81 16 81 43 27 2 71 158 28 197 172 149 89 138 198 16 81 43 27 2 27 19 70 134 166 44 60 20 11 189 95 188 80 45 102 113 1 113 25 127 107 36 47 36 107 106 42 23 42 106 76 65 86 156 74 192 58 186 144 40 174 96 164 60 44 5 175 41 157 148 13 67 103 177 7 91 15 62 183 52 102 45 104 85 110 127 107 145 16 81 16 182 133 91 12 91 15 143 63 22 162 14 162 22 162 14 86 65 5 44 60 20 61 57 108 1 105 77 51 160 185 129 47 93 66 30 66 14 86 156 163 75 163 53 134 70 8 65 86 156 163 49 0 49 163 17 127 25 190 152 69 152 190 25 113 102 45 102 97 31 193 92 43 81 16 182 35 24 29 39 29 7 160 51 77 88 176 54 26 54 150 20 60 164 55 3 55 83 21 88 77 88 64 102 97 31 193 72 193 92 43 27 19 27 118 59 21 83 124 37 145 16 198 185 84 185 160 7 29 7 177 103 67 34 67 103 177 79 38 83 21 59 114 11 57 11 20 150 49 142 146 174 40 33 40 174 96 9 96 164 60 44 5 48 5 44 5 65 86 14 66 14 86 65 5 39 90 39 5 44 60 164 55 83 38 83 21 88 64 102 52 102 64 88 64 102 113 25 190 196 82 199
100
0 0
1 1
2 2
3 3
4 4
5 5
6 6
7 7
8 8
9 9
10 10
11 11
12 12
13 13
14 14
15 15
16 16
17 17
18 18
19 19
20 20
21 21
22 22
23 23
24 24
25 25
26 26
27 27
28 28
29 29
30 30
31 31
32 32
33 33
34 34
35 35
36 36
37 37
38 38
39 39
40 40
41 41
42 42
43 43
44 44
45 45
46 46
47 47
48 48
49 49
50 50
51 51
52 52
53 53
54 54
55 55
56 56
57 57
58 58
59 59
60 60
61 61
62 62
63 63
64 64
65 65
66 66
67 67
68 68
69 69
70 70
71 71
72 72
73 73
74 74
75 75
76 76
77 77
78 78
79 79
80 80
81 81
82 82
83 83
84 84
85 85
86 86
87 87
88 88
89 89
90 90
91 91
92 92
93 93
94 94
95 95
96 96
97 97
98 98
99 99
