SusanneJohnBerrios DougHelenHornbeck DinahCatherineFaulkn AntonioGeraldBaker StephanieAaronWalker ClaudiaDavidTaylor JuliaLindaGordon DorothyDavidStromme GarryDavidKingery MaryFrankieWomack RubyLelandCollard LaquitaJohnBrunette DouglasRobertFerkovi SpencerCourtneyBroth FernandoLindaWatson JuliaMollieHernandez HarryNeilFranklin JorgeHeatherSamuels RalphClydeMills MattieBarbaraEkstrom MonteMonicaLum JuanDebbieAllen SusanneJohnBerrios
21
MattieBarbaraEkstrom MattieBarbaraEkstrom
JuanDebbieAllen JuanDebbieAllen
JuliaLindaGordon JuliaLindaGordon
LaquitaJohnBrunette LaquitaJohnBrunette
MaryFrankieWomack MaryFrankieWomack
GarryDavidKingery GarryDavidKingery
DougHelenHornbeck DougHelenHornbeck
DouglasRobertFerkovi DouglasRobertFerkovi
RalphClydeMills RalphClydeMills
JorgeHeatherSamuels JorgeHeatherSamuels
HarryNeilFranklin HarryNeilFranklin
MonteMonicaLum MonteMonicaLum
AntonioGeraldBaker AntonioGeraldBaker
RubyLelandCollard RubyLelandCollard
JuliaMollieHernandez JuliaMollieHernandez
SpencerCourtneyBroth SpencerCourtneyBroth
DinahCatherineFaulkn DinahCatherineFaulkn
StephanieAaronWalker StephanieAaronWalker
FernandoLindaWatson FernandoLindaWatson
DorothyDavidStromme DorothyDavidStromme
ClaudiaDavidTaylor ClaudiaDavidTaylor
