SueJosephGarza AlfredaKirstenMartin DarnellAliciaPeters PamelaPageBullock JohnJoseJudd KevinHaroldCyr JessicaJohnSpells WilliamGeorgeWilliam IraJimmyYang LucyBennyHaag LauraPhilipWinkler JohnDustinKenny PatriciaBernardBrock PaulShaneSoldner MariaChristopherCast ThomasAnnieRuiz MarianLuluDiaz CrystalShermanVida KennethShannonGardel AshleyWilliamClarke ChristinaDanaGrant KarenErmaJensen BrianRolandAli MelindaKennethAzar AnnaKyleChang OllieGeorgeSova ElsieJosephPhelps DonaldDoloresKelly PhyllisJackWilson LillieKathleenCervan NathanKevinCorathers MaryLindaKirkland LuisHelenHughes WilburnDavidMiller FranciscoFrancesHarr LeroySandraLewis JamesJaredGonzalez BrianLuzArce PaulEvanRichard SueCourtneyOsgood SueJosephGarza
39
PamelaPageBullock PamelaPageBullock
LauraPhilipWinkler LauraPhilipWinkler
MaryLindaKirkland MaryLindaKirkland
IraJimmyYang IraJimmyYang
KarenErmaJensen KarenErmaJensen
ElsieJosephPhelps ElsieJosephPhelps
MariaChristopherCast MariaChristopherCast
FranciscoFrancesHarr FranciscoFrancesHarr
KevinHaroldCyr KevinHaroldCyr
BrianRolandAli BrianRolandAli
NathanKevinCorathers NathanKevinCorathers
LillieKathleenCervan LillieKathleenCervan
MelindaKennethAzar MelindaKennethAzar
ChristinaDanaGrant ChristinaDanaGrant
JessicaJohnSpells JessicaJohnSpells
PhyllisJackWilson PhyllisJackWilson
JohnJoseJudd JohnJoseJudd
AlfredaKirstenMartin AlfredaKirstenMartin
LeroySandraLewis LeroySandraLewis
ThomasAnnieRuiz ThomasAnnieRuiz
PaulEvanRichard PaulEvanRichard
WilliamGeorgeWilliam WilliamGeorgeWilliam
LucyBennyHaag LucyBennyHaag
CrystalShermanVida CrystalShermanVida
BrianLuzArce BrianLuzArce
JohnDustinKenny JohnDustinKenny
PatriciaBernardBrock PatriciaBernardBrock
LuisHelenHughes LuisHelenHughes
OllieGeorgeSova OllieGeorgeSova
WilburnDavidMiller WilburnDavidMiller
JamesJaredGonzalez JamesJaredGonzalez
KennethShannonGardel KennethShannonGardel
MarianLuluDiaz MarianLuluDiaz
DarnellAliciaPeters DarnellAliciaPeters
PaulShaneSoldner PaulShaneSoldner
SueCourtneyOsgood SueCourtneyOsgood
AnnaKyleChang AnnaKyleChang
DonaldDoloresKelly DonaldDoloresKelly
AshleyWilliamClarke AshleyWilliamClarke
