AlbertFredHaines JeremyJamesChavez MarkDianeDuchon GeorgeHenryVillar JudyPearlineKaminski PeterJosephBarbee JackieSharonScherrer JohnRichardSmith CynthiaConnieWright JamesJordanZamora KevinThomasHiggins EricJamesJuckett ElmerDemetriusLark RonaldEdnaArant GlennaMichaelBorden EricTinaPerea LawrenceBarryHadden ZacharyWarrenKarth DwainJoeFeldman DeniseBrunoWilliam RosaPatrickYankey BrettDominickSonnier LynnKennethChavez MarkAngelaMccloud EdwardDennisStewart JimmyFlorTasson MichaelMarkHolloway RickyJamesBrumfield EricTammyScott SandraHarryStewart MarciaWalterKirschma MaryJamesDavila AnnDeannaLarzazs JessicaChristopherHa MarthaJackRobinson ManuelaJoseBailey KathleenSherryDay LillianJuanAncona CraigJohnLard RobinStephenWebster TommyAmandaMartin DianeElisePickett WadeSonnyMcbride JudeJanetHarcourt FerdinandLukeJackson BradleyDeborahSaball DorisJeffreyBinger StevenNeilNguyen PerryJamesBennett TravisMichelleMeller KathleenJoseClark DeeAmandaBartley HowardKennethCollins StormyOllieYork MichaelElizabethWeav CherylMaryMorgan GaryCharlesHudson KellyJohnnaOles JannaDavidCarranza KevinCharlesEvans StephenWilliamCoffma JoStephenMay ClaudeBobbyBaker DebraJaneFitzgerald DenaJewellDavis GeorgeWilliamJackson RolandGregoryWatson BernicePennyRiddick IsaacGregGargano EdwardErnestSinger JohnBrendaFuller CassandraJaniceGlove HeidiMayJohnson ThomasEssieEwing WilliamDavidGray JosephAmandaMullen MistyRobertKing JoannCharlieWilkinso AlbertFredHaines
78
EricJamesJuckett EricJamesJuckett
WilliamDavidGray WilliamDavidGray
ElmerDemetriusLark ElmerDemetriusLark
HowardKennethCollins HowardKennethCollins
DeniseBrunoWilliam DeniseBrunoWilliam
AlbertFredHaines AlbertFredHaines
RickyJamesBrumfield RickyJamesBrumfield
CassandraJaniceGlove CassandraJaniceGlove
GeorgeHenryVillar GeorgeHenryVillar
JoannCharlieWilkinso JoannCharlieWilkinso
JannaDavidCarranza JannaDavidCarranza
DianeElisePickett DianeElisePickett
TommyAmandaMartin TommyAmandaMartin
DebraJaneFitzgerald DebraJaneFitzgerald
DwainJoeFeldman DwainJoeFeldman
MarkAngelaMccloud MarkAngelaMccloud
RolandGregoryWatson RolandGregoryWatson
LynnKennethChavez LynnKennethChavez
RobinStephenWebster RobinStephenWebster
FerdinandLukeJackson FerdinandLukeJackson
BradleyDeborahSaball BradleyDeborahSaball
LillianJuanAncona LillianJuanAncona
MichaelMarkHolloway MichaelMarkHolloway
ThomasEssieEwing ThomasEssieEwing
PerryJamesBennett PerryJamesBennett
EricTammyScott EricTammyScott
IsaacGregGargano IsaacGregGargano
ManuelaJoseBailey ManuelaJoseBailey
WadeSonnyMcbride WadeSonnyMcbride
GaryCharlesHudson GaryCharlesHudson
BernicePennyRiddick BernicePennyRiddick
JudeJanetHarcourt JudeJanetHarcourt
JoStephenMay JoStephenMay
RonaldEdnaArant RonaldEdnaArant
MarthaJackRobinson MarthaJackRobinson
EdwardDennisStewart EdwardDennisStewart
GeorgeWilliamJackson GeorgeWilliamJackson
DenaJewellDavis DenaJewellDavis
HeidiMayJohnson HeidiMayJohnson
KevinCharlesEvans KevinCharlesEvans
MarciaWalterKirschma MarciaWalterKirschma
JudyPearlineKaminski JudyPearlineKaminski
MarkDianeDuchon MarkDianeDuchon
JohnRichardSmith JohnRichardSmith
JeremyJamesChavez JeremyJamesChavez
CraigJohnLard CraigJohnLard
EricTinaPerea EricTinaPerea
RosaPatrickYankey RosaPatrickYankey
AnnDeannaLarzazs AnnDeannaLarzazs
SandraHarryStewart SandraHarryStewart
StevenNeilNguyen StevenNeilNguyen
KathleenSherryDay KathleenSherryDay
TravisMichelleMeller TravisMichelleMeller
DeeAmandaBartley DeeAmandaBartley
MaryJamesDavila MaryJamesDavila
ClaudeBobbyBaker ClaudeBobbyBaker
MichaelElizabethWeav MichaelElizabethWeav
KellyJohnnaOles KellyJohnnaOles
StephenWilliamCoffma StephenWilliamCoffma
JackieSharonScherrer JackieSharonScherrer
GlennaMichaelBorden GlennaMichaelBorden
CynthiaConnieWright CynthiaConnieWright
DorisJeffreyBinger DorisJeffreyBinger
MistyRobertKing MistyRobertKing
JosephAmandaMullen JosephAmandaMullen
JamesJordanZamora JamesJordanZamora
JohnBrendaFuller JohnBrendaFuller
JimmyFlorTasson JimmyFlorTasson
KathleenJoseClark KathleenJoseClark
CherylMaryMorgan CherylMaryMorgan
JessicaChristopherHa JessicaChristopherHa
PeterJosephBarbee PeterJosephBarbee
KevinThomasHiggins KevinThomasHiggins
StormyOllieYork StormyOllieYork
BrettDominickSonnier BrettDominickSonnier
EdwardErnestSinger EdwardErnestSinger
LawrenceBarryHadden LawrenceBarryHadden
ZacharyWarrenKarth ZacharyWarrenKarth
