dweidxeutk xdhiumwdwn klbefaxnzg jiowqcrqpz sjcwiapdwb uqhdcumthr gmvwahagsy nqdbgeypdu vqlbufoinm drtcvphibq iqbyvqgkcp hjvmodgwdg zdiibealli kufcwxmspu xdmzjapanj pphebmysxy rqmdukqpbg cnbqxrvlvl tzpaywhybw wlzaatlgns rwobvahhfa cowtuqqsll depihfdmjk dlfzngcmgq okcwuqslme rqchbdjiqp xtugynuehn dweidxeutk ouzfljsksj lzsvglcvqa tdtlnqnprm arrkheyths dfgysrnikx wwmcjuetgz bqrcwxsyuw lvqqznnzyn pgiiochubt fwwnyjpwnp aihlvhrjir bcwzxsuutq tofdobbbjt dzzxropcld tehmqpfdnn dweidxeutk gyjkhdbyvm fuhtgylsov ctnsbezpjg irtbznwvcu gpbaqafhdz audojmtlep toeqvvzlae cxrfqntbtm ivgiotlrrr lgpbgvlzpo taoimnqdrr siwbsyuwap hcvrravrik nimybvgttg gvxfzzmwzk cwexpxaktw zbgxyjmdnm wfybmclpmp hpqsgalvar dllzvxpcgk cavyunvwuk kjgjbkdckc bxdnijtmyn sjqdgtugly qjjslhkvnr fxpsowceqq ulneltboej itouxsyevo nqdbgeypdu rzqbegeoni dldiwncohw fxejnitkot wqeazvzkdf ftrqchqaif gqwhfeepal gkbqwvqnfu vtquakjujf dweidxeutk nmshjtpxad hlimwiksjd rulcikswsa vteisghgld auonnlthcz naqyljkxxq wiwpekzeuz efgyvzmusc afkxpktsxw elifcmozpf mnmjklgmnp cmelcyxenw akzsqllzsv kgpqjqjrhc rlgdknlxmz xwsnmxufqy vpghbvlzxd ienasnqnvt cpdpvshtof dweidxeutk
96
dweidxeutk dweidxeutk
xdmzjapanj xdmzjapanj
xwsnmxufqy xwsnmxufqy
cowtuqqsll cowtuqqsll
arrkheyths arrkheyths
tehmqpfdnn tehmqpfdnn
pgiiochubt pgiiochubt
klbefaxnzg klbefaxnzg
cavyunvwuk cavyunvwuk
tzpaywhybw tzpaywhybw
cwexpxaktw cwexpxaktw
nimybvgttg nimybvgttg
taoimnqdrr taoimnqdrr
mnmjklgmnp mnmjklgmnp
ftrqchqaif ftrqchqaif
pphebmysxy pphebmysxy
wfybmclpmp wfybmclpmp
fuhtgylsov fuhtgylsov
lzsvglcvqa lzsvglcvqa
naqyljkxxq naqyljkxxq
hlimwiksjd hlimwiksjd
aihlvhrjir aihlvhrjir
rwobvahhfa rwobvahhfa
iqbyvqgkcp iqbyvqgkcp
cmelcyxenw cmelcyxenw
zdiibealli zdiibealli
dzzxropcld dzzxropcld
wqeazvzkdf wqeazvzkdf
rzqbegeoni rzqbegeoni
rqchbdjiqp rqchbdjiqp
wwmcjuetgz wwmcjuetgz
ctnsbezpjg ctnsbezpjg
gpbaqafhdz gpbaqafhdz
cxrfqntbtm cxrfqntbtm
elifcmozpf elifcmozpf
tdtlnqnprm tdtlnqnprm
vpghbvlzxd vpghbvlzxd
cnbqxrvlvl cnbqxrvlvl
ouzfljsksj ouzfljsksj
fxpsowceqq fxpsowceqq
gyjkhdbyvm gyjkhdbyvm
dlfzngcmgq dlfzngcmgq
lgpbgvlzpo lgpbgvlzpo
uqhdcumthr uqhdcumthr
rqmdukqpbg rqmdukqpbg
vteisghgld vteisghgld
bxdnijtmyn bxdnijtmyn
wiwpekzeuz wiwpekzeuz
dldiwncohw dldiwncohw
gvxfzzmwzk gvxfzzmwzk
sjqdgtugly sjqdgtugly
rlgdknlxmz rlgdknlxmz
hcvrravrik hcvrravrik
jiowqcrqpz jiowqcrqpz
itouxsyevo itouxsyevo
dfgysrnikx dfgysrnikx
zbgxyjmdnm zbgxyjmdnm
tofdobbbjt tofdobbbjt
depihfdmjk depihfdmjk
siwbsyuwap siwbsyuwap
ivgiotlrrr ivgiotlrrr
irtbznwvcu irtbznwvcu
vqlbufoinm vqlbufoinm
gkbqwvqnfu gkbqwvqnfu
ienasnqnvt ienasnqnvt
gqwhfeepal gqwhfeepal
bcwzxsuutq bcwzxsuutq
sjcwiapdwb sjcwiapdwb
fxejnitkot fxejnitkot
ulneltboej ulneltboej
hjvmodgwdg hjvmodgwdg
kgpqjqjrhc kgpqjqjrhc
drtcvphibq drtcvphibq
nmshjtpxad nmshjtpxad
qjjslhkvnr qjjslhkvnr
hpqsgalvar hpqsgalvar
audojmtlep audojmtlep
akzsqllzsv akzsqllzsv
fwwnyjpwnp fwwnyjpwnp
bqrcwxsyuw bqrcwxsyuw
okcwuqslme okcwuqslme
afkxpktsxw afkxpktsxw
wlzaatlgns wlzaatlgns
kjgjbkdckc kjgjbkdckc
vtquakjujf vtquakjujf
dllzvxpcgk dllzvxpcgk
rulcikswsa rulcikswsa
toeqvvzlae toeqvvzlae
xtugynuehn xtugynuehn
xdhiumwdwn xdhiumwdwn
lvqqznnzyn lvqqznnzyn
efgyvzmusc efgyvzmusc
kufcwxmspu kufcwxmspu
cpdpvshtof cpdpvshtof
gmvwahagsy gmvwahagsy
auonnlthcz auonnlthcz
