Egsmith Blanworth Wenwold Sudtree Wychbourne Cookford Farnsmith Wychsmith Farnsmith Cookford Chelmbeck Wychbeck Chelmbeck Sodey Pemlow Bromton Flitgrove Chelmbeck Staplake Wychbeck Wywick Burfield Shaftbridge Chelmbeck Sodey Egavon Sodey Burbourne Edgwick Ashdown Chelmbeck Wetwick Nortley Hornborough Brackbrough Ashbourne Durnell Leathermere Sudtree Flitgrove Chelmden Horsmoor Nortley Hornborough Chelmwang Hurstlow Edgey Aldover Egtree Wychnell Ashbourne Stapbeck Waltditch Egsmith Stainby Wenwold Wetbridge Penborne Wetbridge Wenwold Blanworth Stainbrough Nortley Sudwich Barnton Wetwick Chelmbeck Wetwick Waltditch Wenside Waltditch Stapbeck Ashbourne Brackbrough Wenbeck Brackbrough Waltdon Watchavon Alfchester Whittree Cookford Shaftbage Egavon Wychbourne Durgrove Waltditch Egsmith
36
Chelmden Chelmden
Barnton Barnton
Leathermere Leathermere
Chelmbeck Chelmbeck
Alfchester Alfchester
Wychsmith Wychsmith
Brackbrough Brackbrough
Nortley Nortley
Wychbourne Wychbourne
Penborne Penborne
Egavon Egavon
Wywick Wywick
Chelmwang Chelmwang
Ashdown Ashdown
Shaftbridge Shaftbridge
Stainbrough Stainbrough
Stapbeck Stapbeck
Waltditch Waltditch
Wenside Wenside
Wenwold Wenwold
Egtree Egtree
Stainby Stainby
Shaftbage Shaftbage
Staplake Staplake
Ashbourne Ashbourne
Wenbeck Wenbeck
Wychbeck Wychbeck
Cookford Cookford
Sudtree Sudtree
Farnsmith Farnsmith
Wychnell Wychnell
Flitgrove Flitgrove
Pemlow Pemlow
Edgey Edgey
Burbourne Burbourne
Wetwick Wetwick
