Chelmbourne Stapwell Dursted Alfwell Alddown Pembage Stainside Barnsmith Alfby Leatherlow Wenwang Barnham Prestey Enbage Kingssted Alfby Egcastle Southstoke Elside Southstoke Wenwang Edgchester Wetborne Pemwood Rocktree Staflow Cleredon Bromgrove Wenborough Prestey Brainbridge Southstoke Bracklow Stapmoor Prestdon Stapmoor Rocktree Whitborough Rocktree Hurstworth Hornley Casney Shrivlow Barnsmith Elgrove Wenwang Southstoke Alfwell Aldhall Stainfield Nortmoor Enlow Stainhall Whitover Southmere Hornney Bursted Egborne Staintree Edgwich Leatherlake Enlow Sudwich Edglow Dartsted Shaftwich Chelmbourne Stapwell Wenwang Sudworth Wenwang Stapwold Marlton Stapmoor Stapthorne Cookbridge Stapthorne Stapmoor Burchester Shrivside Shrivlow Flitham Kingssted Casford Kingssted Pemwood Sodside Bracklow Barngrove Hornley Waltbrook Hartbage Hartgrove Elwood Southmere Elwood Wenden Wyhead Cleredon Bromgrove Horndown Hornford Kingsley Penling Staflow Stapwold Hornley Durditch Leatherlake Hartgrove Horncester Edgchester Wenwang Stainhall Enlow Nortmoor Wenden Kingsley Burchester Clerethorne Barnside Clerethorne Elside Whitavon Aldport Alfby Cookbridge Stapthorne Hornley Cookton Enlow Hartgrove Shaftwich Chelmbourne Casney Hornley Prestey Hornley Pemwold Hornley Casney Egborne Casney Chelmbourne
59
Hornley Hornley
Pemwold Pemwold
Dartsted Dartsted
Bracklow Bracklow
Sudwich Sudwich
Stapmoor Stapmoor
Kingsley Kingsley
Stapwell Stapwell
Sudworth Sudworth
Shaftwich Shaftwich
Aldhall Aldhall
Alfwell Alfwell
Wenden Wenden
Edgchester Edgchester
Enlow Enlow
Wenborough Wenborough
Southmere Southmere
Waltbrook Waltbrook
Whitover Whitover
Marlton Marlton
Stapthorne Stapthorne
Egborne Egborne
Cleredon Cleredon
Stainside Stainside
Hartbage Hartbage
Wenwang Wenwang
Pemwood Pemwood
Prestey Prestey
Barnham Barnham
Casford Casford
Leatherlake Leatherlake
Whitborough Whitborough
Prestdon Prestdon
Hurstworth Hurstworth
Stainhall Stainhall
Elside Elside
Enbage Enbage
Whitavon Whitavon
Shrivlow Shrivlow
Bursted Bursted
Rocktree Rocktree
Sodside Sodside
Staintree Staintree
Flitham Flitham
Durditch Durditch
Shrivside Shrivside
Wyhead Wyhead
Barnside Barnside
Edgwich Edgwich
Horndown Horndown
Horncester Horncester
Staflow Staflow
Brainbridge Brainbridge
Egcastle Egcastle
Alfby Alfby
Elgrove Elgrove
Leatherlow Leatherlow
Cookton Cookton
Cookbridge Cookbridge
