qtq tvt uoz itg cpw itg xdz pta jno pta uwp hhe zgs tvt wuf qfc utd ifc ujc nhr qtq lxt itg ooi uen pta htv idl ifc pjx pta qjm hhe bai hhe nkx pkx txk utd ptq utd tmc hhe pxs qnn qtq spp tvt vub nrs rod pta wiq pta hxp txl eqm uen jta qtq slq ujc brk ukh lah tmd tvt htv itg mbx ahy fsl rwt tcu qlo xgs gak krg ase wpq nhk ooc utd sfp iuz tro viv htv ili yiz xdz nfy hhe dkn ptq ahv pta xax pta rxi egz cxu xdz vlt txl orc hpb zqn tvt gup ogr zbn wju uen rju utd hxo utd thd pta uxr pta plx utd rut htv qbe htv kza htv uca htv qbj xdz tnl itg pkx itg cjp utd vaf ase itg xdz vsu tcu ynq utd nhk utd hhe oyx lnv txl qls pta bsz htv thz udq fgo ifc lfh mnv pwa xou xos npu zgf cnv utd wuc tvt qtq
100
pta pta
xdz xdz
hhe hhe
htv htv
itg itg
xax xax
nhk nhk
qtq qtq
ptq ptq
hpb hpb
ase ase
krg krg
gup gup
ifc ifc
pxs pxs
qbe qbe
jno jno
kza kza
pkx pkx
qnn qnn
nkx nkx
dkn dkn
wuc wuc
sfp sfp
cpw cpw
zgf zgf
ooi ooi
uxr uxr
eqm eqm
vub vub
pwa pwa
ynq ynq
tmc tmc
wju wju
jta jta
idl idl
bai bai
fgo fgo
zbn zbn
hxo hxo
bsz bsz
qjm qjm
tro tro
rut rut
lah lah
nfy nfy
egz egz
uca uca
npu npu
pjx pjx
vlt vlt
vaf vaf
mnv mnv
hxp hxp
wiq wiq
qfc qfc
nhr nhr
lxt lxt
rxi rxi
tmd tmd
uoz uoz
wuf wuf
slq slq
ili ili
fsl fsl
lnv lnv
uwp uwp
txk txk
yiz yiz
mbx mbx
iuz iuz
zgs zgs
cxu cxu
gak gak
udq udq
zqn zqn
rju rju
ooc ooc
plx plx
lfh lfh
thz thz
ukh ukh
thd thd
viv viv
qlo qlo
wpq wpq
rwt rwt
brk brk
ahv ahv
cjp cjp
orc orc
xos xos
qls qls
cnv cnv
qbj qbj
rod rod
vsu vsu
tnl tnl
ahy ahy
spp spp
