Soda Mabel Center Haviland Anne Addison Menlo Belrose Center Bancroft Muir Florida Marin Anne Heinz Arcade Domingo Blake High Blake Summit Haviland Columbia Shasta Addison Byron Addison Belrose Madera Columbia Eunice Greenwood Eunice Forest Ajax Haskell Martin Haskell Bowditch Bataan Allston Indian Lewiston Buena Haste Kenilworth Edith Anne Addison Poplar Bancroft Kenilworth Bancroft Keeler Bristol Hospital Allston Colusa Comstock Burnett Hospital Bowditch Fresno Anne Vermont Pardee Blake Bristol Keeler Arch Bret Comstock Spring Comstock Blake Poppy Fernwald Terrace Fulton Arcade Cutter Roosevelt Overlook Olympus Browning Soda
50
Addison Addison
Ajax Ajax
Allston Allston
Anne Anne
Arch Arch
Bancroft Bancroft
Bataan Bataan
Belrose Belrose
Bowditch Bowditch
Bret Bret
Bristol Bristol
Browning Browning
Burnett Burnett
Byron Byron
Columbia Columbia
Colusa Colusa
Comstock Comstock
Cutter Cutter
Domingo Domingo
Edith Edith
Eunice Eunice
Florida Florida
Forest Forest
Fresno Fresno
Fulton Fulton
Greenwood Greenwood
Haskell Haskell
Haste Haste
Haviland Haviland
Heinz Heinz
High High
Hospital Hospital
Keeler Keeler
Kenilworth Kenilworth
Lewiston Lewiston
Mabel Mabel
Madera Madera
Marin Marin
Martin Martin
Menlo Menlo
Muir Muir
Overlook Overlook
Pardee Pardee
Poplar Poplar
Poppy Poppy
Shasta Shasta
Spring Spring
Summit Summit
Terrace Terrace
Vermont Vermont
