AZ AO AS AB CY AB DD BS AH CJ AH BO CN AL AI CR DV CD BX AJ AA AH AA AF AD DB AD CT BU AB BE BI AA AF DL CC BQ BD AB DM AB AV DQ AX AR CL AI BK AA BW AP CG AP DE BL AH CK AI AE CO AE AG DT AG DO BJ AA DC AN CP AF BP AH CV CZ AS AZ
50
AA AA
AE AE
AF AF
AH AH
AI AI
AJ AJ
AL AL
AN AN
AO AO
AR AR
AS AS
AV AV
AX AX
BD BD
BE BE
BI BI
BJ BJ
BK BK
BL BL
BO BO
BP BP
BQ BQ
BS BS
BU BU
BW BW
BX BX
CC CC
CD CD
CG CG
CJ CJ
CK CK
CL CL
CN CN
CO CO
CP CP
CR CR
CT CT
CV CV
CY CY
CZ CZ
DB DB
DC DC
DD DD
DE DE
DL DL
DM DM
DO DO
DQ DQ
DT DT
DV DV
