186 22 0 183 29 74 71 198 144 0 195 89 49 168 0 97 157 140 194 0 108 0 14 33 174 0 136 19 121 172 0 134 17 2 90 196 150 178 162 70 35 1 86 1 67 177 30 128 4 11 79 45 107 138 0 104 143 190 188 5 156 61 32 186
51
128 128
2 2
5 5
134 134
136 136
138 138
11 11
140 140
14 14
143 143
144 144
17 17
19 19
150 150
22 22
156 156
157 157
30 30
29 29
32 32
33 33
162 162
35 35
168 168
172 172
45 45
174 174
49 49
178 178
177 177
183 183
188 188
61 61
190 190
194 194
195 195
67 67
196 196
198 198
70 70
71 71
74 74
79 79
86 86
89 89
90 90
97 97
104 104
107 107
108 108
121 121
