Warfield Ketsmith Pendingbrook Suddlecastle Faldinghead Pendlewood Horstlescompstoke Suddlecombe Basringney Suddlecombe Chippingsted Suddlecombe Ellingreham Suddlecombe Ashfield Millendon Windling Dribblewick Worhall Dribbingworth Leatherbleside Ketsmith Whitchester Siringwang Chedtree Burglebrough Sudsmith Burglebrough Chedtree Skelling Elmansham Sudsmith Suddleover Chedberdon Hammerringey Barndberbrough Skellingden Falport Soddlewick Hamsling Soddlewick Falport Botherseyworth Cambingstoke Wyborne Cammerrensmoor Suddleborne Ketport Hammenshead Bastleseyham Hammenshead Cicombe Todtree Cannerthorne Chedderrenswich Dartseyworth Worberbrook Stainbrough Ciditch Northall Chedberdon Southbasport Elcompbridge Chiphead Pendingbrook Tipwick Ashborne Tipwick Ashborne Hannenmanswick Hamsey Faldingney Chelmstanwell Brackcompwang Chilbury Warfield
50
Barndberbrough Barndberbrough
Suddlecastle Suddlecastle
Chedtree Chedtree
Ashfield Ashfield
Suddleborne Suddleborne
Soddlewick Soddlewick
Chippingsted Chippingsted
Ellingreham Ellingreham
Burglebrough Burglebrough
Suddleover Suddleover
Elmansham Elmansham
Worberbrook Worberbrook
Whitchester Whitchester
Warfield Warfield
Chilbury Chilbury
Cambingstoke Cambingstoke
Ketport Ketport
Windling Windling
Leatherbleside Leatherbleside
Cammerrensmoor Cammerrensmoor
Botherseyworth Botherseyworth
Tipwick Tipwick
Chelmstanwell Chelmstanwell
Horstlescompstoke Horstlescompstoke
Pendlewood Pendlewood
Pendingbrook Pendingbrook
Hannenmanswick Hannenmanswick
Chiphead Chiphead
Cicombe Cicombe
Skellingden Skellingden
Brackcompwang Brackcompwang
Dribbingworth Dribbingworth
Stainbrough Stainbrough
Todtree Todtree
Bastleseyham Bastleseyham
Chedderrenswich Chedderrenswich
Hammerringey Hammerringey
Ashborne Ashborne
Falport Falport
Southbasport Southbasport
Wyborne Wyborne
Worhall Worhall
Siringwang Siringwang
Hamsling Hamsling
Northall Northall
Millendon Millendon
Sudsmith Sudsmith
Basringney Basringney
Suddlecombe Suddlecombe
Skelling Skelling
