Whitgrove Dribblecombe Botbeck Clereennell Botmermoor Casbrook Enderbeck Sodport Skelberden Whitringlake Worford Stapbrough Leatherport Aldtree Cihead Worberney Basbage Horstleover Toddenmerbrough Stapbrook Candleswick Egton Melwood Suddenmoor Egmerhampton Skelberden Skellingover Maidendstoke Wetwick Hampingbascombe Sirenshall Emmerley Bastlebury Emmerley Southbury Bassinghead Nortwell Marlcester Egsted Wethampton Dartden Watchlake Faldenhall Nortwell Milthorne Rothingcombe Ribenwell Abcester Sifield Abcester Botbeck Horsmere Egmerhampton Ketchester Boothingmanstree Tippendham Waltham Egsted Marlbeck Cihead Ketnell Toddenmoor Durbrook Falderseythorne Penby Shaftborough Reddingtree Redwich Wendleringdown Aldtree Alfmere Worberney Falderseythorne Wetsmith Elside Sodport Durbrook Wychchester Barndlesborough Skellenshot Falworth Elfield Eley Reddingtree Endleberey Pemton Tipstoke Toddenmerbrough Endingnell Wycastle Blansbrook Tippingbage Watchlake Wolley Elfield Falworth Whitringlake Redcombe Casbrook Toddenmerbrough Abglewold Farnditch Ribberrenston Warblestancester Worford Rotherlow Worford Hampingworth Basditch Hampingcastle Worberney Bursmith Hampingworth Chipbridge Suddingover Chedworth Hamwold Egwick Staplow Rotcester Wychcompwold Sirenshall Ribbenhall Bromstanham Wycastle Reddendeney Worhall Ribenwell Sundlethorne Abgleham Siavon Bothenhall Dribberham Bothenhall Worrenberwang Wetwick Sodberling Prestwick Suddenmoor Tippenbrook Marlbeck Southmere Chelmdenmoor Waltbeck Elside Cannerthorne Bastlebury Rothendcombe Bastlebury Emmerley Tippendham Boothingmanstree Maidendstoke Durbrook Wychchester Siey Worhall Toddlesdon Staincombe Toddlesdon Falderbrough Marlbrook Falderbrough Warsmith Horsnell Siavon Todhampton Bootwick Bothenton Skelberden Watchlake Farndlesover Falderbrough Rockbage Ellerbridge Boothingchester Sundendford Blansbrook Wycastle Rothendcombe Barndlesborough Whitgrove
100
Hampingworth Hampingworth
Staplow Staplow
Wetsmith Wetsmith
Horsnell Horsnell
Boothingmanstree Boothingmanstree
Bastlebury Bastlebury
Sodport Sodport
Sirenshall Sirenshall
Alfmere Alfmere
Emmerley Emmerley
Skellenshot Skellenshot
Prestwick Prestwick
Worhall Worhall
Rothendcombe Rothendcombe
Nortwell Nortwell
Eley Eley
Wetwick Wetwick
Worrenberwang Worrenberwang
Sifield Sifield
Blansbrook Blansbrook
Bromstanham Bromstanham
Falworth Falworth
Abcester Abcester
Falderseythorne Falderseythorne
Leatherport Leatherport
Elside Elside
Tippenbrook Tippenbrook
Dartden Dartden
Durbrook Durbrook
Hampingcastle Hampingcastle
Dribblecombe Dribblecombe
Stapbrough Stapbrough
Chedworth Chedworth
Tippendham Tippendham
Watchlake Watchlake
Basditch Basditch
Egmerhampton Egmerhampton
Ketchester Ketchester
Tipstoke Tipstoke
Dribberham Dribberham
Whitgrove Whitgrove
Wycastle Wycastle
Rothingcombe Rothingcombe
Bothenhall Bothenhall
Reddendeney Reddendeney
Endleberey Endleberey
Candleswick Candleswick
Hamwold Hamwold
Sundlethorne Sundlethorne
Shaftborough Shaftborough
Whitringlake Whitringlake
Enderbeck Enderbeck
Penby Penby
Casbrook Casbrook
Siavon Siavon
Farnditch Farnditch
Cihead Cihead
Botbeck Botbeck
Abglewold Abglewold
Bootwick Bootwick
Southmere Southmere
Suddenmoor Suddenmoor
Milthorne Milthorne
Clereennell Clereennell
Egsted Egsted
Sundendford Sundendford
Ellerbridge Ellerbridge
Ribberrenston Ribberrenston
Wychchester Wychchester
Suddingover Suddingover
Cannerthorne Cannerthorne
Ketnell Ketnell
Worford Worford
Skellingover Skellingover
Southbury Southbury
Horstleover Horstleover
Abgleham Abgleham
Farndlesover Farndlesover
Wendleringdown Wendleringdown
Skelberden Skelberden
Waltbeck Waltbeck
Wolley Wolley
Hampingbascombe Hampingbascombe
Wethampton Wethampton
Bursmith Bursmith
Staincombe Staincombe
Siey Siey
Rotherlow Rotherlow
Melwood Melwood
Sodberling Sodberling
Bothenton Bothenton
Tippingbage Tippingbage
Marlcester Marlcester
Faldenhall Faldenhall
Toddenmoor Toddenmoor
Wychcompwold Wychcompwold
Marlbrook Marlbrook
Redcombe Redcombe
Endingnell Endingnell
Todhampton Todhampton
