0 15 30 45 60 75 90 106 120 106 122 106 90 75 60 61 46 31 15 0 1 2 3 4 5 6 7 8 9 10 25 41 55 41 25 10 9 8 7 6 5 4 19 34 19 4 5 20 36 52 68 53 54 40 25 10 11 12 13 12 28 12 11 10 9 8 23 8 9 10 25 41 56 71 70 85 86 87 103 87 86 85 84 99 98 99 84 85 70 85 100 116 100 85 70 71 56 41 57 73 57 41 25 10 9 8 7 6 5 20 36 50 65 80 79 78 77 76 75 90 105 90 75 76 77 78 79 80 65 66 67 69 70 71 56 71 70 69 67 66 65 80 79 78 77 76 75 90 75 60 45 31 47 63 48 62 64 65 66 67 69 70 85 100 115 100 85 84 83 82 81 80 79 78 79 80 65 50 36 51 66 67 69 70 85 84 83 82 81 80 95 111 95 80 79 94 109 124 123 108 92 91 75 90 106 121 106 90 75 76 77 92 108 93 94 79 80 65 50 36 20 5 6 7 8 9 10 25 41 57 41 56 71 70 69 67 66 65 80 79 94 109 94 79 80 65 50 36 52 68 52 36 50 65 80 81 82 83 82 66 65 64 62 48 33 18 33 48 63 47 31 15 30 15 0 1 2 3 4 5 20 36 51 66 67 69 70 85 86 87 88 87 103 104 119 104 89 59 58 73 57 41 25 40 25 41 56 71 70 69 67 66 65 80 79 78 77 76 75 76 77 78 79 80 95 110 95 80 79 94 93 94 79 80 65 50 36 20 35 20 5 6 7 6 5 4 3 2 1 0
60
0 0
3 3
5 5
7 7
8 8
10 10
13 13
15 15
18 18
20 20
23 23
25 25
28 28
30 30
31 31
34 34
35 35
36 36
40 40
41 41
45 45
46 46
47 47
50 50
51 51
52 52
55 55
56 56
57 57
63 63
68 68
70 70
71 71
73 73
75 75
76 76
78 78
80 80
83 83
85 85
88 88
90 90
93 93
95 95
98 98
100 100
103 103
105 105
106 106
108 108
109 109
110 110
111 111
115 115
116 116
119 119
120 120
121 121
122 122
124 124
