0 99 1 41 1 83 12 34 16 1 13 36 28 56 5 32 62 74 8 54 47 15 90 48 12 62 1 59 20 3 93 7 2 70 22 21 42 20 63 51 3 34 16 1 30 71 15 64 5 39 98 33 60 81 13 12 72 24 95 79 80 89 86 68 35 84 87 4 3 7 15 10 75 84 50 11 97 0
50
1 1
2 2
3 3
4 4
7 7
10 10
11 11
12 12
13 13
16 16
20 20
22 22
24 24
30 30
32 32
33 33
34 34
35 35
36 36
39 39
41 41
42 42
47 47
48 48
50 50
51 51
54 54
56 56
59 59
60 60
62 62
63 63
64 64
71 71
72 72
74 74
75 75
79 79
80 80
81 81
83 83
84 84
86 86
87 87
89 89
90 90
93 93
95 95
98 98
99 99
