0 25 138 14 63 20 77 12 9 5 156 25 149 2 74 2 166 9 186 199 48 24 99 146 6 103 126 13 51 13 95 49 182 32 197 15 44 16 89 26 128 106 10 163 14 48 130 12 10 6 151 39 105 81 48 14 83 21 12 69 1 160 15 26 180 17 175 5 31 16 111 54 137 96 45 104 117 0 87 29 121 15 125 65 134 10 100 10 159 10 145 21 64 14 178 9 109 42 2 173 41 185 5 108 8 116 17 139 17 194 17 85 19 20 13 4 13 196 24 193 133 119 45 65 9 184 0 79 67 6 7 27 48 38 48 32 23 98 3 28 155 70 15 91 19 2 17 18 11 22 157 33 102 8 75 54 50 4 47 24 36 11 168 89 179 21 176 56 78 18 58 120 17 170 0
100
4 4
6 6
9 9
10 10
12 12
14 14
17 17
18 18
19 19
20 20
22 22
24 24
25 25
26 26
27 27
28 28
31 31
32 32
36 36
38 38
39 39
42 42
44 44
47 47
48 48
49 49
50 50
51 51
58 58
63 63
64 64
65 65
67 67
69 69
70 70
74 74
75 75
77 77
78 78
79 79
81 81
83 83
85 85
87 87
89 89
91 91
95 95
96 96
98 98
99 99
100 100
102 102
103 103
104 104
106 106
108 108
109 109
111 111
116 116
117 117
119 119
120 120
121 121
125 125
126 126
128 128
130 130
133 133
134 134
137 137
138 138
139 139
145 145
146 146
149 149
151 151
155 155
156 156
157 157
159 159
160 160
163 163
166 166
168 168
170 170
173 173
175 175
176 176
178 178
179 179
180 180
182 182
184 184
185 185
186 186
193 193
194 194
196 196
197 197
199 199
