SantaClarita OklahomaCity SiouxFalls Independence Fayetteville Fontana Scottsdale Bellevue Alexandria Garland Worcester Brownsville Lafayette Brownsville Orlando LosAngeles OklahomaCity Newark StPetersburg RanchoCucamonga Washington WestValleyCity Surprise Sunnyvale Visalia Portland Henderson Miami Hartford LouisvilleJefferson LongBeach Hartford Boston Ontario Omaha Wichita Omaha Allentown Pomona Stockton Indianapolis Austin PembrokePines Frisco LexingtonFa Wichita StLouis SanDiego Waco SanDiego Paterson SanDiego Stamford Washington Concord Durham Carrollton GardenGrove Victorville Shreveport Huntsville FortWorth Midland FortWorth NewportNews Beaumont Thornton Yonkers Escondido SantaClarita
50
Yonkers Yonkers
Ontario Ontario
Midland Midland
Sunnyvale Sunnyvale
Boston Boston
Allentown Allentown
Stamford Stamford
Fayetteville Fayetteville
Bellevue Bellevue
LosAngeles LosAngeles
Indianapolis Indianapolis
Victorville Victorville
LexingtonFa LexingtonFa
Waco Waco
Visalia Visalia
NewportNews NewportNews
StPetersburg StPetersburg
PembrokePines PembrokePines
Omaha Omaha
SiouxFalls SiouxFalls
Garland Garland
Worcester Worcester
StLouis StLouis
Stockton Stockton
WestValleyCity WestValleyCity
Austin Austin
Pomona Pomona
Henderson Henderson
LongBeach LongBeach
Paterson Paterson
Lafayette Lafayette
Beaumont Beaumont
Concord Concord
Huntsville Huntsville
Shreveport Shreveport
Scottsdale Scottsdale
GardenGrove GardenGrove
Orlando Orlando
Newark Newark
Surprise Surprise
Carrollton Carrollton
LouisvilleJefferson LouisvilleJefferson
Brownsville Brownsville
Hartford Hartford
Alexandria Alexandria
Wichita Wichita
Independence Independence
OklahomaCity OklahomaCity
Washington Washington
RanchoCucamonga RanchoCucamonga
