Plano SantaClara Irving Pasadena Sunnyvale Norman MorenoValley Montgomery Beaumont Vancouver Atlanta Oxnard Omaha StLouis AnnArbor Providence Garland Omaha Denver Hayward Memphis Charleston Mesa OWO Chesapeake Wichita Waco Ontario PembrokePines Huntsville Lafayette Pikachu JerseyCity Anaheim Elizabeth Lincoln Pikachu Torrance Lancaster Torrance Akron Escondido LosAngeles SanJose Glasses Hollywood Glasses Stamford Allentown Killeen FortCollins Norfolk FortLauderdale SantaAna LouisvilleJefferson Tulsa SantaAna SiouxFalls FortCollins SantaRosa Laredo McAllen ThousandOaks Tampa Portland GrandPrairie McAllen Chicago Denton Glendale Raleigh Chicago Salinas Anchorage Thornton Joliet Mesquite Worcester Miami Olathe Irvine LittleRock Irvine Fullerton AugustaRichmond Miami SimiValley HuntingtonBeach Mobile Hartford Dallas NewOrleans Surprise Corona Brownsville Houston Greensboro Teemo Davidson Charlotte Knoxville SanBernardino Madison Fremont SantaClarita CorpusChristi Spokane Pomona Houston SanAntonio NewHaven CedarRapids GardenGrove StPetersburg Vallejo LasVegas Miami Cincinnati Olathe Hampton Cary OklahomaCity Warren SanFrancisco Riverside Rockford Plano
100
Vancouver Vancouver
Sunnyvale Sunnyvale
LittleRock LittleRock
Mobile Mobile
AugustaRichmond AugustaRichmond
SanJose SanJose
FortLauderdale FortLauderdale
Pomona Pomona
Garland Garland
SantaClarita SantaClarita
SiouxFalls SiouxFalls
Mesquite Mesquite
Rockford Rockford
StLouis StLouis
GrandPrairie GrandPrairie
Oxnard Oxnard
Irving Irving
Norman Norman
Anchorage Anchorage
JerseyCity JerseyCity
GardenGrove GardenGrove
Allentown Allentown
Laredo Laredo
Olathe Olathe
SanFrancisco SanFrancisco
Tulsa Tulsa
Davidson Davidson
Montgomery Montgomery
Greensboro Greensboro
Portland Portland
OklahomaCity OklahomaCity
Charleston Charleston
SimiValley SimiValley
CorpusChristi CorpusChristi
Corona Corona
Cary Cary
Stamford Stamford
Denver Denver
Escondido Escondido
Ontario Ontario
Lincoln Lincoln
Anaheim Anaheim
OWO OWO
Vallejo Vallejo
Hayward Hayward
Dallas Dallas
Chicago Chicago
Huntsville Huntsville
Wichita Wichita
Akron Akron
Denton Denton
Cincinnati Cincinnati
Brownsville Brownsville
Glendale Glendale
Waco Waco
Madison Madison
Hartford Hartford
Atlanta Atlanta
Killeen Killeen
Lancaster Lancaster
Thornton Thornton
Beaumont Beaumont
Hampton Hampton
ThousandOaks ThousandOaks
Torrance Torrance
NewOrleans NewOrleans
Surprise Surprise
Norfolk Norfolk
LouisvilleJefferson LouisvilleJefferson
Warren Warren
Memphis Memphis
Hollywood Hollywood
Riverside Riverside
Raleigh Raleigh
Irvine Irvine
McAllen McAllen
Pikachu Pikachu
LasVegas LasVegas
Worcester Worcester
Glasses Glasses
Tampa Tampa
MorenoValley MorenoValley
Omaha Omaha
FortCollins FortCollins
Knoxville Knoxville
SantaClara SantaClara
AnnArbor AnnArbor
Mesa Mesa
Houston Houston
Miami Miami
SanBernardino SanBernardino
NewHaven NewHaven
Elizabeth Elizabeth
Pasadena Pasadena
Salinas Salinas
Fremont Fremont
Lafayette Lafayette
HuntingtonBeach HuntingtonBeach
SantaRosa SantaRosa
SanAntonio SanAntonio
