Waco OverlandPark SterlingHeights OWO AthensClarkeCounty SanFrancisco Richmond SanFrancisco AthensClarkeCounty OWO LexingtonFa Palmdale FortWayne Palmdale Cary Stamford Clarksville Stamford SanBernardino Victorville StPaul Victorville FortCollins Palmdale AnnArbor SaltLakeCity Irving SantaClara ChulaVista Oski Rochester SaltLakeCity Detroit Lincoln Newark Mesquite Palmdale Omaha KansasCity OverlandPark MorenoValley SanAntonio Waco
25
Clarksville Clarksville
Cary Cary
AnnArbor AnnArbor
Richmond Richmond
FortWayne FortWayne
StPaul StPaul
SanAntonio SanAntonio
Rochester Rochester
FortCollins FortCollins
AthensClarkeCounty AthensClarkeCounty
LexingtonFa LexingtonFa
ChulaVista ChulaVista
Irving Irving
Newark Newark
Detroit Detroit
OWO OWO
SterlingHeights SterlingHeights
SanBernardino SanBernardino
MorenoValley MorenoValley
Omaha Omaha
SanFrancisco SanFrancisco
Stamford Stamford
SaltLakeCity SaltLakeCity
Lincoln Lincoln
Palmdale Palmdale
