0 12 100 122 20 53 99 111 7 8 7 68 122 164 51 54 69 31 26 3 177 167 131 11 19 157 35 3 4 48 24 151 78 19 184 158 93 81 61 137 11 87 190 87 83 130 154 187 28 128 155 107 8 138 152 25 159 43 146 176 174 119 71 7 70 17 114 33 153 37 72 17 94 17 5 6 15 6 173 3 99 13 102 13 197 193 17 141 17 29 31 158 27 154 56 67 172 88 130 9 103 37 134 187 98 89 98 66 0 84 143 21 129 47 43 21 43 115 160 193 39 93 179 183 88 67 2 80 61 18 96 133 86 133 1 76 42 64 33 14 120 112 38 74 22 74 38 84 59 123 52 199 3 96 17 30 14 184 125 191 28 74 65 182 50 182 116 16 68 101 14 166 23 156 0
100
0 0
1 1
2 2
3 3
4 4
5 5
8 8
9 9
11 11
13 13
14 14
15 15
16 16
17 17
18 18
20 20
21 21
22 22
23 23
24 24
26 26
27 27
28 28
31 31
33 33
35 35
38 38
39 39
42 42
43 43
47 47
50 50
51 51
52 52
56 56
59 59
65 65
66 66
67 67
68 68
69 69
70 70
71 71
72 72
74 74
78 78
80 80
81 81
83 83
84 84
86 86
89 89
93 93
94 94
96 96
98 98
100 100
101 101
102 102
103 103
107 107
111 111
114 114
115 115
116 116
120 120
125 125
128 128
129 129
130 130
133 133
134 134
137 137
138 138
141 141
143 143
146 146
151 151
152 152
153 153
154 154
157 157
158 158
159 159
160 160
164 164
166 166
167 167
172 172
173 173
174 174
177 177
182 182
183 183
184 184
187 187
190 190
193 193
197 197
199 199
