13 0 132 172 154 134 117 182 163 198 145 111 169 156 122 100 178 144 196 179 131 192 157 183 166 104 116 148 106 102 125 1 118 109 191 119 150 153 139 176 112 105 129 199 152 108 110 175 141 113 173 161 135 184 149 128 194 181 180 174 193 120 143 107 186 188 158 195 151 146 124 168 138 170 137 101 136 121 130 114 165 159 190 142 177 103 189 147 140 171 197 123 115 167 187 185 127 155 160 133 162 126 164 13
100
100 100
101 101
102 102
103 103
104 104
105 105
106 106
107 107
108 108
109 109
110 110
111 111
112 112
113 113
114 114
115 115
116 116
117 117
118 118
119 119
120 120
121 121
122 122
123 123
124 124
125 125
126 126
127 127
128 128
129 129
130 130
131 131
132 132
133 133
134 134
135 135
136 136
137 137
138 138
139 139
140 140
141 141
142 142
143 143
144 144
145 145
146 146
147 147
148 148
149 149
150 150
151 151
152 152
153 153
154 154
155 155
156 156
157 157
158 158
159 159
160 160
161 161
162 162
163 163
164 164
165 165
166 166
167 167
168 168
169 169
170 170
171 171
172 172
173 173
174 174
175 175
176 176
177 177
178 178
179 179
180 180
181 181
182 182
183 183
184 184
185 185
186 186
187 187
188 188
189 189
190 190
191 191
192 192
193 193
194 194
195 195
196 196
197 197
198 198
199 199
