wNqlpYNsRbJEgiGpKxrU lbWonvEbeplndKguSTkk shaRjZRSPDzVXmetmolj kyApsCeFkLoLFCdkazaE shaRjZRSPDzVXmetmolj lbWonvEbeplndKguSTkk oZXYedlbtBLmkfoVmgta svUOWvTJLneAqJGnExpc eiLPqIroFfCGzqSAlzAp RlHeRhvUOhGhZVGGJuED gFUGYXSirCYiFTivWNah ayQgUwyRuQVKeyFLPNbQ ZXihCBEQBTdisqSlEMsj CvZkdIYtdeDHtwufupie qhuHndnkQDFTOWOyauPU xlbpuxAjoVPJWPCWBEkJ eOfnBeTgmYCNEnRUhlEK UdSbtwxTqTJxOiUoxEqw jznspKyqlmxZtgfQUJVB kqcEdfKLaRzxOhAIzchh qoaNjvaRghiMQXaVEoQe CbGuHgZfQMmSOfHDFJnK qoaNjvaRghiMQXaVEoQe VRpSthoDcomqMDsGoVql ICVlDhervfDVjLpSCbOf QeYNNLpZMBxyiFbZMPFY zNRhhVdMWUgTnnqmAfeY cVMmKLyunrtKjZbHRVAg efZntVbfQTvIUOiRNPSH cVMmKLyunrtKjZbHRVAg joWAhkfNqIEECnBeulGl oZXYedlbtBLmkfoVmgta svUOWvTJLneAqJGnExpc oZXYedlbtBLmkfoVmgta NzDQJknJPDEkcwCHzzbF pzrGQEObzJGPnfATEYDc jwcUBYKIcRlUlpQdHDpU wfEFdNDcColoskjTjcLm uUKZHvHmBrpBHjYWNaUL HeWrJOKsDjgdrcamgZLN kwPuYZgJgVVJfdBGUtPw FYfGkhtzhjqJHqxmUsVx scpUkbcaYSAsHhSktebT qfRRtdRbhYJBARMfPlZM lbWonvEbeplndKguSTkk lIpVoDPUIfHCPpjswogJ WMWBpOSnHGywZjCgaYyY lIpVoDPUIfHCPpjswogJ JRiiFgtNILayQegpqrXz QyXpliHSeQOPIsurIcpa ANDviqMIuFwdcboQDprt YTwycpmzEWCqqTELtzXc bEfUXCTlwRBndElSbPGf LfOunWzwbbNRVLKSGfNS NYdfLxXxFVvLEbDKzXWn NtyLZDOaSczVvOGdocUp qDLPWLkWayzdxIYSKLER gDYKDrbERUXTnCayjBrC qDLPWLkWayzdxIYSKLER bpXmaPnrsPsgtmuUpaLG HeWrJOKsDjgdrcamgZLN FGiPoAZuhTTxiAlzRDIV wvSJDoqoPGAkYgSuPFPw UdSbtwxTqTJxOiUoxEqw eOfnBeTgmYCNEnRUhlEK PhabkDCjZJPBFcmNmRgd xgBrJmdXVwtxgRuCBhMe edlAtPQdNXJQPCIzpkyX NIJaJxCurulNUdZZMxFk erZKLqpCZsYKDnOCaBGq ccdJRKiTXwIErdhSIxfh clwzkzJtguIMBwKiZUKh nreoVgWrBhNXFZgTBlXO gqsFUfkkQrlyYYdSXwmt gFUGYXSirCYiFTivWNah erZKLqpCZsYKDnOCaBGq gFUGYXSirCYiFTivWNah SSDgxHQpSFRnlnnrMJNI XPPBMlNyfVVeZGIzTCEW jUSlIFtitQxyvVLJjiCc GMxGouyyndiUBMqMdOoc gcXUxTVUZWsOwtRNeDDa imEmCMbYEtZJJkwxkSDD UdSbtwxTqTJxOiUoxEqw hLaNXBYgTzgUhvjmqUTu vIbIQYXZnmYrooTLYNtu bFmSeBrfNuxjYPUDCLYq TEPaiCedHTXapLxoBXMp bFmSeBrfNuxjYPUDCLYq lTWClcCXtRKGvKTcMnqR ADVVlRLpnspleRTgeTdu oDgfEuAVpeOlkkTIMDLw eCBFrcppbiLzdGQubocl ZwvojvRdUOYNJXIwAqgC eCBFrcppbiLzdGQubocl vIbIQYXZnmYrooTLYNtu fgzJCwocQniGlXAZHJId UIlSMnVKIdNiXZNSiHsI CvZkdIYtdeDHtwufupie syonLisTOSczosCwoILE jznspKyqlmxZtgfQUJVB UdSbtwxTqTJxOiUoxEqw jznspKyqlmxZtgfQUJVB RlHeRhvUOhGhZVGGJuED LfOunWzwbbNRVLKSGfNS bEfUXCTlwRBndElSbPGf UIlSMnVKIdNiXZNSiHsI CvZkdIYtdeDHtwufupie QyXpliHSeQOPIsurIcpa DpztIuGTRpGuLsdlODJw QyXpliHSeQOPIsurIcpa JRiiFgtNILayQegpqrXz vTbNxpVTEoFlSjvvVvfG zHPSSEtFTQIbLYMdHqgP aIuYyryCOUGVeCAqbqkg zHPSSEtFTQIbLYMdHqgP SitzoubgYFeTjmkLjVPz wlySPverjehsBxldyigf oDgfEuAVpeOlkkTIMDLw iVjkcMenotYGMFEBTvoa QePOUWiXcAUCoHETxuGS iVjkcMenotYGMFEBTvoa VIPPawblKbhOVWrmrWBx NjdqbLVqGQWIXWnBFpZZ oKAKfpUUuLItChLyByFh IvXQutSorlqOgnSVAIUd NPSPGRTNRcKKVpsBRSwh jJoPwgjECBISoLymscXc lSJjEsqamUCgRZdCmdyI aGPbLNWYAMujnfHCTCMo ihxEqMQIIvyQmtrtMjeO edlAtPQdNXJQPCIzpkyX IvXQutSorlqOgnSVAIUd NJZlnWyeJFrkOwoqHKtT bFmSeBrfNuxjYPUDCLYq jUSlIFtitQxyvVLJjiCc eobSFtKBbBdcVrTOREdK CMyhrOeiLyytYlFYZldw EEeDJaHeajXXlwYcHTeJ juzxSpUVuccJUMBOcJjO EEeDJaHeajXXlwYcHTeJ GMxGouyyndiUBMqMdOoc jUSlIFtitQxyvVLJjiCc bFmSeBrfNuxjYPUDCLYq szyiMlKhtyOynWjcoMsm bFmSeBrfNuxjYPUDCLYq NJZlnWyeJFrkOwoqHKtT yscsUFTNNyaVMKBztBdV lIpVoDPUIfHCPpjswogJ QjbdwbUnopENkiNyqirZ qoaNjvaRghiMQXaVEoQe kqcEdfKLaRzxOhAIzchh ktVPibAaeaNHuNYSLNYb DZEpVGVXkxHljziwItaS ADVVlRLpnspleRTgeTdu oDgfEuAVpeOlkkTIMDLw wlySPverjehsBxldyigf fpoTaBKmVdlDCxFwCFoz KcrnMnFDTrBKaUaGpdLY fpoTaBKmVdlDCxFwCFoz FWnudSYFvYQJHehOpEKf pMOSpTzPTPLXHLOQMjnt XPPBMlNyfVVeZGIzTCEW jUSlIFtitQxyvVLJjiCc scpUkbcaYSAsHhSktebT EEeDJaHeajXXlwYcHTeJ MBJqOYmxhUYbldNVEdRy EEeDJaHeajXXlwYcHTeJ oKHxHZxgXgKSVZAEEVVZ ZauPfhkpsGmhbvkhkltR SiOEBWtHUiopSvDVOkjb ZdUattHRgRoTtzHWkNMQ pzrGQEObzJGPnfATEYDc hLaNXBYgTzgUhvjmqUTu NjdqbLVqGQWIXWnBFpZZ oZXYedlbtBLmkfoVmgta NJZlnWyeJFrkOwoqHKtT rlhNoKeiidsZhBEuQAJw zHPSSEtFTQIbLYMdHqgP aIuYyryCOUGVeCAqbqkg EhDFVLWZueLOrdjEOzEQ aIuYyryCOUGVeCAqbqkg syonLisTOSczosCwoILE CvZkdIYtdeDHtwufupie sNqoVKqgazRvmrelPhAK nUmoFIaaFFgVBHrhOTam EmbDgEECbkHbfAfHCgwB ihxEqMQIIvyQmtrtMjeO edlAtPQdNXJQPCIzpkyX IvXQutSorlqOgnSVAIUd shugRMnaHVqQSmKaNBgu IvXQutSorlqOgnSVAIUd JvFxbsySBAiFiOUrzrBi scpUkbcaYSAsHhSktebT kyApsCeFkLoLFCdkazaE PZwTcKCPsEmpxetNZvef kyApsCeFkLoLFCdkazaE scpUkbcaYSAsHhSktebT JVONrXhhmtFWhFfDiOXW scpUkbcaYSAsHhSktebT lSJjEsqamUCgRZdCmdyI jwcUBYKIcRlUlpQdHDpU oLMkSrYLQRLHmPiuLCTC umZXKcxkweEplHZdotgU QeYNNLpZMBxyiFbZMPFY wvSJDoqoPGAkYgSuPFPw XvUPApTFkqaSSizYsCIr FaWIqatYRYVcXfVhAFRN XtZHoAxqEyzvMChzPHpN FaWIqatYRYVcXfVhAFRN bEfUXCTlwRBndElSbPGf LfOunWzwbbNRVLKSGfNS igyeOiSdezmmXGTwMzLw oKAKfpUUuLItChLyByFh NjdqbLVqGQWIXWnBFpZZ oHoxoLeyDYnKZDzgMtxI NzDQJknJPDEkcwCHzzbF FGiPoAZuhTTxiAlzRDIV ANDviqMIuFwdcboQDprt FGiPoAZuhTTxiAlzRDIV cMYyKTXGNKnFzrpwnXUl wuSVWJYvpiWaQAHXocSG nCedHqGgdWAicwyuYWpg lIpVoDPUIfHCPpjswogJ cwgJAHVpCCTmuckJkncL wuSVWJYvpiWaQAHXocSG umZXKcxkweEplHZdotgU oLMkSrYLQRLHmPiuLCTC pMOSpTzPTPLXHLOQMjnt FWnudSYFvYQJHehOpEKf fpoTaBKmVdlDCxFwCFoz KcrnMnFDTrBKaUaGpdLY mgNeYYUOPKpLeiVEFIXd jwjTVkTZQzfvrCAtqcyG wNqlpYNsRbJEgiGpKxrU
100
mgNeYYUOPKpLeiVEFIXd mgNeYYUOPKpLeiVEFIXd
RlHeRhvUOhGhZVGGJuED RlHeRhvUOhGhZVGGJuED
QeYNNLpZMBxyiFbZMPFY QeYNNLpZMBxyiFbZMPFY
jznspKyqlmxZtgfQUJVB jznspKyqlmxZtgfQUJVB
bFmSeBrfNuxjYPUDCLYq bFmSeBrfNuxjYPUDCLYq
PZwTcKCPsEmpxetNZvef PZwTcKCPsEmpxetNZvef
eOfnBeTgmYCNEnRUhlEK eOfnBeTgmYCNEnRUhlEK
oZXYedlbtBLmkfoVmgta oZXYedlbtBLmkfoVmgta
WMWBpOSnHGywZjCgaYyY WMWBpOSnHGywZjCgaYyY
QePOUWiXcAUCoHETxuGS QePOUWiXcAUCoHETxuGS
aIuYyryCOUGVeCAqbqkg aIuYyryCOUGVeCAqbqkg
kqcEdfKLaRzxOhAIzchh kqcEdfKLaRzxOhAIzchh
SitzoubgYFeTjmkLjVPz SitzoubgYFeTjmkLjVPz
wlySPverjehsBxldyigf wlySPverjehsBxldyigf
hLaNXBYgTzgUhvjmqUTu hLaNXBYgTzgUhvjmqUTu
EhDFVLWZueLOrdjEOzEQ EhDFVLWZueLOrdjEOzEQ
GMxGouyyndiUBMqMdOoc GMxGouyyndiUBMqMdOoc
jUSlIFtitQxyvVLJjiCc jUSlIFtitQxyvVLJjiCc
ihxEqMQIIvyQmtrtMjeO ihxEqMQIIvyQmtrtMjeO
oKAKfpUUuLItChLyByFh oKAKfpUUuLItChLyByFh
ADVVlRLpnspleRTgeTdu ADVVlRLpnspleRTgeTdu
UdSbtwxTqTJxOiUoxEqw UdSbtwxTqTJxOiUoxEqw
scpUkbcaYSAsHhSktebT scpUkbcaYSAsHhSktebT
DZEpVGVXkxHljziwItaS DZEpVGVXkxHljziwItaS
JVONrXhhmtFWhFfDiOXW JVONrXhhmtFWhFfDiOXW
NzDQJknJPDEkcwCHzzbF NzDQJknJPDEkcwCHzzbF
xlbpuxAjoVPJWPCWBEkJ xlbpuxAjoVPJWPCWBEkJ
cMYyKTXGNKnFzrpwnXUl cMYyKTXGNKnFzrpwnXUl
pzrGQEObzJGPnfATEYDc pzrGQEObzJGPnfATEYDc
eobSFtKBbBdcVrTOREdK eobSFtKBbBdcVrTOREdK
eiLPqIroFfCGzqSAlzAp eiLPqIroFfCGzqSAlzAp
wuSVWJYvpiWaQAHXocSG wuSVWJYvpiWaQAHXocSG
syonLisTOSczosCwoILE syonLisTOSczosCwoILE
YTwycpmzEWCqqTELtzXc YTwycpmzEWCqqTELtzXc
wvSJDoqoPGAkYgSuPFPw wvSJDoqoPGAkYgSuPFPw
zNRhhVdMWUgTnnqmAfeY zNRhhVdMWUgTnnqmAfeY
xgBrJmdXVwtxgRuCBhMe xgBrJmdXVwtxgRuCBhMe
KcrnMnFDTrBKaUaGpdLY KcrnMnFDTrBKaUaGpdLY
ANDviqMIuFwdcboQDprt ANDviqMIuFwdcboQDprt
edlAtPQdNXJQPCIzpkyX edlAtPQdNXJQPCIzpkyX
lSJjEsqamUCgRZdCmdyI lSJjEsqamUCgRZdCmdyI
aGPbLNWYAMujnfHCTCMo aGPbLNWYAMujnfHCTCMo
fpoTaBKmVdlDCxFwCFoz fpoTaBKmVdlDCxFwCFoz
fgzJCwocQniGlXAZHJId fgzJCwocQniGlXAZHJId
XtZHoAxqEyzvMChzPHpN XtZHoAxqEyzvMChzPHpN
CvZkdIYtdeDHtwufupie CvZkdIYtdeDHtwufupie
zHPSSEtFTQIbLYMdHqgP zHPSSEtFTQIbLYMdHqgP
MBJqOYmxhUYbldNVEdRy MBJqOYmxhUYbldNVEdRy
ZauPfhkpsGmhbvkhkltR ZauPfhkpsGmhbvkhkltR
lbWonvEbeplndKguSTkk lbWonvEbeplndKguSTkk
pMOSpTzPTPLXHLOQMjnt pMOSpTzPTPLXHLOQMjnt
cwgJAHVpCCTmuckJkncL cwgJAHVpCCTmuckJkncL
NPSPGRTNRcKKVpsBRSwh NPSPGRTNRcKKVpsBRSwh
QyXpliHSeQOPIsurIcpa QyXpliHSeQOPIsurIcpa
shugRMnaHVqQSmKaNBgu shugRMnaHVqQSmKaNBgu
VIPPawblKbhOVWrmrWBx VIPPawblKbhOVWrmrWBx
TEPaiCedHTXapLxoBXMp TEPaiCedHTXapLxoBXMp
ZXihCBEQBTdisqSlEMsj ZXihCBEQBTdisqSlEMsj
IvXQutSorlqOgnSVAIUd IvXQutSorlqOgnSVAIUd
igyeOiSdezmmXGTwMzLw igyeOiSdezmmXGTwMzLw
gcXUxTVUZWsOwtRNeDDa gcXUxTVUZWsOwtRNeDDa
bEfUXCTlwRBndElSbPGf bEfUXCTlwRBndElSbPGf
vIbIQYXZnmYrooTLYNtu vIbIQYXZnmYrooTLYNtu
EmbDgEECbkHbfAfHCgwB EmbDgEECbkHbfAfHCgwB
wfEFdNDcColoskjTjcLm wfEFdNDcColoskjTjcLm
JvFxbsySBAiFiOUrzrBi JvFxbsySBAiFiOUrzrBi
NtyLZDOaSczVvOGdocUp NtyLZDOaSczVvOGdocUp
nCedHqGgdWAicwyuYWpg nCedHqGgdWAicwyuYWpg
juzxSpUVuccJUMBOcJjO juzxSpUVuccJUMBOcJjO
nreoVgWrBhNXFZgTBlXO nreoVgWrBhNXFZgTBlXO
ZwvojvRdUOYNJXIwAqgC ZwvojvRdUOYNJXIwAqgC
NJZlnWyeJFrkOwoqHKtT NJZlnWyeJFrkOwoqHKtT
ayQgUwyRuQVKeyFLPNbQ ayQgUwyRuQVKeyFLPNbQ
kwPuYZgJgVVJfdBGUtPw kwPuYZgJgVVJfdBGUtPw
yscsUFTNNyaVMKBztBdV yscsUFTNNyaVMKBztBdV
gDYKDrbERUXTnCayjBrC gDYKDrbERUXTnCayjBrC
XPPBMlNyfVVeZGIzTCEW XPPBMlNyfVVeZGIzTCEW
NIJaJxCurulNUdZZMxFk NIJaJxCurulNUdZZMxFk
UIlSMnVKIdNiXZNSiHsI UIlSMnVKIdNiXZNSiHsI
HeWrJOKsDjgdrcamgZLN HeWrJOKsDjgdrcamgZLN
QjbdwbUnopENkiNyqirZ QjbdwbUnopENkiNyqirZ
ccdJRKiTXwIErdhSIxfh ccdJRKiTXwIErdhSIxfh
qfRRtdRbhYJBARMfPlZM qfRRtdRbhYJBARMfPlZM
imEmCMbYEtZJJkwxkSDD imEmCMbYEtZJJkwxkSDD
EEeDJaHeajXXlwYcHTeJ EEeDJaHeajXXlwYcHTeJ
szyiMlKhtyOynWjcoMsm szyiMlKhtyOynWjcoMsm
CbGuHgZfQMmSOfHDFJnK CbGuHgZfQMmSOfHDFJnK
oLMkSrYLQRLHmPiuLCTC oLMkSrYLQRLHmPiuLCTC
FWnudSYFvYQJHehOpEKf FWnudSYFvYQJHehOpEKf
VRpSthoDcomqMDsGoVql VRpSthoDcomqMDsGoVql
vTbNxpVTEoFlSjvvVvfG vTbNxpVTEoFlSjvvVvfG
XvUPApTFkqaSSizYsCIr XvUPApTFkqaSSizYsCIr
DpztIuGTRpGuLsdlODJw DpztIuGTRpGuLsdlODJw
NYdfLxXxFVvLEbDKzXWn NYdfLxXxFVvLEbDKzXWn
joWAhkfNqIEECnBeulGl joWAhkfNqIEECnBeulGl
oHoxoLeyDYnKZDzgMtxI oHoxoLeyDYnKZDzgMtxI
efZntVbfQTvIUOiRNPSH efZntVbfQTvIUOiRNPSH
kyApsCeFkLoLFCdkazaE kyApsCeFkLoLFCdkazaE
svUOWvTJLneAqJGnExpc svUOWvTJLneAqJGnExpc
erZKLqpCZsYKDnOCaBGq erZKLqpCZsYKDnOCaBGq
