oUyBZvEHNPOWtAsHANHU eWGFHgdBASXJbxQbYrCG hNRcEeFjmsmOnuOdNAXl eqwycKZriorIAbsUBjxu tItiZloipgPmLuONrNnZ cAvnOxZJtanpVvcAxJHM tItiZloipgPmLuONrNnZ JKNUHFrXPStBWMuUOVkj QFaSXENOfunmdZIBqDsS UMfDYlvFlUVuogMRkWNG lPMfQyVLDIZczBuDgsVQ UMfDYlvFlUVuogMRkWNG QFaSXENOfunmdZIBqDsS eWVKeYegIFOJxvfRkjek QFaSXENOfunmdZIBqDsS UMfDYlvFlUVuogMRkWNG QFaSXENOfunmdZIBqDsS eWVKeYegIFOJxvfRkjek OWCblOtQanZakRLMqMxz VVzvLIOwARaWwhQTKPrx UcwddMmmNJxPoUiuiyvm oMKDNkBacLxexXKHqXfF UcwddMmmNJxPoUiuiyvm UgaWwXBplvlUJzfeuZdN QMnEKXGwZYUlreveNjwA UgaWwXBplvlUJzfeuZdN hpQFeVriPZmwKZcYFAWN NBTlGJqSnWahMvuDlXAm CcspnGXfrmzZRWjdMjLd CCYBPFZgoOONzoEeTKzC MeohNnftDTzllMTGwxnG eqwycKZriorIAbsUBjxu UgaWwXBplvlUJzfeuZdN hpQFeVriPZmwKZcYFAWN PojKKQvEDmFOnJinujFi hpQFeVriPZmwKZcYFAWN PojKKQvEDmFOnJinujFi DsLevMWgWFWOQXFMbaQy gUlgGYCPZjsRiFLqnVun DsLevMWgWFWOQXFMbaQy znYRMYifzQwyixuIXDnz IuNNJvHSmYKpVBzmzuJX rqqedkokePZFdhDbMNpX IUJDEWwYxhQimsCqnrFH rqqedkokePZFdhDbMNpX CcspnGXfrmzZRWjdMjLd CCYBPFZgoOONzoEeTKzC CcspnGXfrmzZRWjdMjLd rqqedkokePZFdhDbMNpX IuNNJvHSmYKpVBzmzuJX fDAbzsYfiXDxOIsITcQl NVPacTSrBMpDkMBotiWB fDAbzsYfiXDxOIsITcQl IuNNJvHSmYKpVBzmzuJX znYRMYifzQwyixuIXDnz IuNNJvHSmYKpVBzmzuJX rqqedkokePZFdhDbMNpX NBTlGJqSnWahMvuDlXAm ikjgYLaZRolSrbIYyKBd CXrruomvXfADUrHxMwZi ikjgYLaZRolSrbIYyKBd oUyBZvEHNPOWtAsHANHU
25
oUyBZvEHNPOWtAsHANHU oUyBZvEHNPOWtAsHANHU
PojKKQvEDmFOnJinujFi PojKKQvEDmFOnJinujFi
eqwycKZriorIAbsUBjxu eqwycKZriorIAbsUBjxu
hpQFeVriPZmwKZcYFAWN hpQFeVriPZmwKZcYFAWN
QMnEKXGwZYUlreveNjwA QMnEKXGwZYUlreveNjwA
NVPacTSrBMpDkMBotiWB NVPacTSrBMpDkMBotiWB
cAvnOxZJtanpVvcAxJHM cAvnOxZJtanpVvcAxJHM
OWCblOtQanZakRLMqMxz OWCblOtQanZakRLMqMxz
eWVKeYegIFOJxvfRkjek eWVKeYegIFOJxvfRkjek
hNRcEeFjmsmOnuOdNAXl hNRcEeFjmsmOnuOdNAXl
lPMfQyVLDIZczBuDgsVQ lPMfQyVLDIZczBuDgsVQ
CCYBPFZgoOONzoEeTKzC CCYBPFZgoOONzoEeTKzC
IuNNJvHSmYKpVBzmzuJX IuNNJvHSmYKpVBzmzuJX
eWGFHgdBASXJbxQbYrCG eWGFHgdBASXJbxQbYrCG
oMKDNkBacLxexXKHqXfF oMKDNkBacLxexXKHqXfF
CcspnGXfrmzZRWjdMjLd CcspnGXfrmzZRWjdMjLd
znYRMYifzQwyixuIXDnz znYRMYifzQwyixuIXDnz
IUJDEWwYxhQimsCqnrFH IUJDEWwYxhQimsCqnrFH
gUlgGYCPZjsRiFLqnVun gUlgGYCPZjsRiFLqnVun
JKNUHFrXPStBWMuUOVkj JKNUHFrXPStBWMuUOVkj
CXrruomvXfADUrHxMwZi CXrruomvXfADUrHxMwZi
UMfDYlvFlUVuogMRkWNG UMfDYlvFlUVuogMRkWNG
MeohNnftDTzllMTGwxnG MeohNnftDTzllMTGwxnG
VVzvLIOwARaWwhQTKPrx VVzvLIOwARaWwhQTKPrx
NBTlGJqSnWahMvuDlXAm NBTlGJqSnWahMvuDlXAm
