A B hJ N T AB AK hAR BA BB hBC BB BA BL BU hBT BU CA CE hCD CE CA BU BL BA hAR AK AB T N hJ hI hJ N hO N T AB AK hAR BA BL BU CA CE hCF CE CA BU BL BA BB hBC BD hBE BD hBC BB BA hAR BA hAZ BA hAR AK AJ AI hAH AI AJ AK AB T N hO hP hO N T hS T U hV hW hV U T AB AK hAR BA BL BK BJ BI BH hBG BH BI BJ BK BL BU BV BW hBX BW BV BU BL BA hAR AK AB T hS hR hS T AB AK hAL AM hAN AM hAL AK hAR BA BL BU CA CE hCG CE CA BU hBT hBS hBR hBS hBT BU BL BA hAR AK AB T U hV U T AB hAA AB T N hJ B hC B hJ N T AB AK hAR BA BL BM BN BO BP hBQ BP BO BN BM BL BA hAR AK AB T N hJ B A
26
hC hC
hI hI
hJ hJ
hO hO
hP hP
hR hR
hS hS
hV hV
hW hW
hAA hAA
hAH hAH
hAL hAL
hAN hAN
hAR hAR
hAZ hAZ
hBC hBC
hBE hBE
hBG hBG
hBQ hBQ
hBR hBR
hBS hBS
hBT hBT
hBX hBX
hCD hCD
hCF hCF
hCG hCG
