0 32 41 79 63 24 42 89 92 38 67 3 100 1 97 9 99 98 96 64 52 50 16 12 8 15 58 59 75 20 83 17 68 86 87 35 84 2 74 73 27 19 80 70 18 34 78 46 95 45 61 13 65 57 37 49 91 56 26 81 82 77 54 0 25 31 62 48 0 44 30 88 23 6 14 28 47 36 22 94 21 7 69 10 29 55 60 51 33 93 40 76 72 66 39 11 53 71 4 43 90 5 85 0
100
1 1
2 2
3 3
4 4
5 5
6 6
7 7
8 8
9 9
10 10
11 11
12 12
13 13
14 14
15 15
16 16
17 17
18 18
19 19
20 20
21 21
22 22
23 23
24 24
25 25
26 26
27 27
28 28
29 29
30 30
31 31
32 32
33 33
34 34
35 35
36 36
37 37
38 38
39 39
40 40
41 41
42 42
43 43
44 44
45 45
46 46
47 47
48 48
49 49
50 50
51 51
52 52
53 53
54 54
55 55
56 56
57 57
58 58
59 59
60 60
61 61
62 62
63 63
64 64
65 65
66 66
67 67
68 68
69 69
70 70
71 71
72 72
73 73
74 74
75 75
76 76
77 77
78 78
79 79
80 80
81 81
82 82
83 83
84 84
85 85
86 86
87 87
88 88
89 89
90 90
91 91
92 92
93 93
94 94
95 95
96 96
97 97
98 98
99 99
100 100
