Soda andrew winifred woolf ian castro yip vilaythong djajadi ashley eshaan annie meghan walsh juliann roshan chloe berit daniel garcia sriram grace ritter amanda sunny martinez noor rosen sarina rabie alvin jarrett tamara lo rob connor davis garbers shah patagonia krishnan massachusetts ruhi shen danyal golden caroline aidan kevin singhal lewke Soda
50
woolf woolf
winifred winifred
danyal danyal
rosen rosen
garcia garcia
shen shen
amanda amanda
sunny sunny
lewke lewke
tamara tamara
jarrett jarrett
roshan roshan
annie annie
eshaan eshaan
ruhi ruhi
kevin kevin
massachusetts massachusetts
noor noor
martinez martinez
aidan aidan
lo lo
sriram sriram
rob rob
yip yip
alvin alvin
krishnan krishnan
andrew andrew
caroline caroline
daniel daniel
juliann juliann
golden golden
ian ian
rabie rabie
sarina sarina
walsh walsh
ritter ritter
ashley ashley
shah shah
grace grace
berit berit
chloe chloe
meghan meghan
castro castro
singhal singhal
connor connor
djajadi djajadi
vilaythong vilaythong
davis davis
garbers garbers
patagonia patagonia
