Soda parham chung vikram xin ahluwalia charles kaur subbaraj soman zou eshaan liang mack caroline grace lewke gobears ohio gregory srinivasan shah ani hari singorahardjo berit celine ashley sunny umar maya danyal oscar doshi alvin brett king chloe ellen winifred ishaan yip emily mittal patagonia chase william andrew barth jacob sophia kevin devesh maniku logan vilaythong aanika ravi greg evan cal du ruhi olivia wong djajadi adhikiari srivastava zhou krishnan rouzbahani wu daniel lebron ritter weaver melissa sun kanika annie amanda hanlon nichole franco wyatt angelis saurav singhal scott chen george rob erika zhifei connor tyler krista massachusetts lindsey bears li Soda
100
lindsey lindsey
rob rob
daniel daniel
chase chase
george george
vikram vikram
melissa melissa
krista krista
kanika kanika
umar umar
jacob jacob
grace grace
ishaan ishaan
shah shah
wong wong
maniku maniku
sun sun
srivastava srivastava
chung chung
du du
ritter ritter
ruhi ruhi
kevin kevin
evan evan
danyal danyal
sophia sophia
subbaraj subbaraj
vilaythong vilaythong
angelis angelis
saurav saurav
singhal singhal
wu wu
krishnan krishnan
scott scott
bears bears
mack mack
cal cal
srinivasan srinivasan
zhifei zhifei
barth barth
erika erika
annie annie
xin xin
weaver weaver
tyler tyler
andrew andrew
lewke lewke
william william
nichole nichole
ohio ohio
hanlon hanlon
franco franco
soman soman
zou zou
oscar oscar
celine celine
charles charles
alvin alvin
doshi doshi
chloe chloe
sunny sunny
parham parham
brett brett
devesh devesh
wyatt wyatt
singorahardjo singorahardjo
hari hari
emily emily
greg greg
winifred winifred
ellen ellen
massachusetts massachusetts
caroline caroline
ashley ashley
berit berit
gregory gregory
rouzbahani rouzbahani
patagonia patagonia
logan logan
king king
zhou zhou
olivia olivia
ravi ravi
aanika aanika
ani ani
ahluwalia ahluwalia
lebron lebron
yip yip
kaur kaur
djajadi djajadi
amanda amanda
mittal mittal
chen chen
gobears gobears
adhikiari adhikiari
liang liang
eshaan eshaan
connor connor
maya maya
li li
