LesLilas Pozzuoli Escada Haora Alnavar Wangon HalfWayTree Nagar FetestiGara Garbsen Ortaca Itororo Rhondda Mabopane SouthSaintPaul Sorada Baramula Fuxin AscoliPiceno Korsakov Mondlo AinArnat Gorgan Shimofurano Andrychow GuaMusang Sosnovka PriegodeCordoba Bury Kemise Aracuai Zhaodong Arang Akcaabat Mauban WestIslip Embu Tabou EastLongmeadow Gowurdak Shurugwi Manacapuru Kineshma SpanishTown Izhevsk Biskra MadinatHamad MineralnyeVody AshtonunderLyne Shchekino Espiye GongdanglegiKulon VillaPauladeSarmient NorthAurora Daokou Sosnovka Shieli Mocoa KotRadhaKishan HaciendaLaCalera Acarau NoblePark SanJuandelaMaguana Gunzenhausen SenadorPompeu Sobue Kambove ChalcodeDiazCovarrub Rivas Twante CapimGrosso MonteAlegre Oyonnax SenaMadureira Oyonnax Vyazniki Ontinyent Acireale Angleton Pezinok SantanadoLivramento Butuan Kaifeng Kondrovo PortoVelho Battambang Braila Morwa NahiyatashShinafiyah SaintCyrlEcole Johnston Prostejov Skelmersdale FortWorth Langenhorn Ibirataia Hirosaki TagbilaranCity Arzamas Haripur Khulm Lloydminster BlueIsland Kotka Turek Johnston Wenchi Hangu Vaniyambadi Yafo Anjarah Oerlinghausen Belalcazar Kairouan AinBessem LesLilas
100
Kaifeng Kaifeng
Gorgan Gorgan
Fuxin Fuxin
Zhaodong Zhaodong
Anjarah Anjarah
VillaPauladeSarmient VillaPauladeSarmient
PriegodeCordoba PriegodeCordoba
HaciendaLaCalera HaciendaLaCalera
Twante Twante
Ontinyent Ontinyent
SaintCyrlEcole SaintCyrlEcole
Mocoa Mocoa
AshtonunderLyne AshtonunderLyne
Izhevsk Izhevsk
Wenchi Wenchi
Hirosaki Hirosaki
Gowurdak Gowurdak
Embu Embu
Espiye Espiye
AinArnat AinArnat
EastLongmeadow EastLongmeadow
Daokou Daokou
SpanishTown SpanishTown
Vaniyambadi Vaniyambadi
Johnston Johnston
Aracuai Aracuai
Shieli Shieli
MineralnyeVody MineralnyeVody
Oerlinghausen Oerlinghausen
Kemise Kemise
Langenhorn Langenhorn
Sosnovka Sosnovka
Baramula Baramula
MadinatHamad MadinatHamad
WestIslip WestIslip
Acarau Acarau
GuaMusang GuaMusang
FortWorth FortWorth
Tabou Tabou
Manacapuru Manacapuru
NoblePark NoblePark
Sorada Sorada
Yafo Yafo
Ibirataia Ibirataia
MonteAlegre MonteAlegre
Khulm Khulm
Morwa Morwa
Kairouan Kairouan
SanJuandelaMaguana SanJuandelaMaguana
Itororo Itororo
Haripur Haripur
Battambang Battambang
Arzamas Arzamas
TagbilaranCity TagbilaranCity
Bury Bury
Ortaca Ortaca
Akcaabat Akcaabat
Shurugwi Shurugwi
Turek Turek
Belalcazar Belalcazar
KotRadhaKishan KotRadhaKishan
Nagar Nagar
Pozzuoli Pozzuoli
Lloydminster Lloydminster
Wangon Wangon
SantanadoLivramento SantanadoLivramento
CapimGrosso CapimGrosso
SouthSaintPaul SouthSaintPaul
Vyazniki Vyazniki
Kotka Kotka
Haora Haora
BlueIsland BlueIsland
Kineshma Kineshma
Skelmersdale Skelmersdale
Gunzenhausen Gunzenhausen
SenaMadureira SenaMadureira
Rhondda Rhondda
PortoVelho PortoVelho
Shimofurano Shimofurano
Andrychow Andrychow
Prostejov Prostejov
AinBessem AinBessem
Mabopane Mabopane
Hangu Hangu
Kambove Kambove
Rivas Rivas
ChalcodeDiazCovarrub ChalcodeDiazCovarrub
Shchekino Shchekino
Braila Braila
Butuan Butuan
Acireale Acireale
SenadorPompeu SenadorPompeu
Korsakov Korsakov
Escada Escada
NahiyatashShinafiyah NahiyatashShinafiyah
Angleton Angleton
FetestiGara FetestiGara
Sobue Sobue
Pezinok Pezinok
Garbsen Garbsen
