Kaimganj Leixlip Dankov Narangba GobernadorGalvez MontecatiniTerme Isakogorka Yucheng Tsukawaki Karasuyama Albi Gobo Racine PinhalNovo MilpaAlta Anahuac Novopokrovskaya Mesa EncarnaciondeDiaz MorlanwelzMariemont Tocache Fandriana Korolev Tsirang Brecht Norristown Pilibhit Irvine Pilibhit Fagaras Kaimganj
25
Dankov Dankov
Karasuyama Karasuyama
Narangba Narangba
Irvine Irvine
Tsukawaki Tsukawaki
Fagaras Fagaras
Pilibhit Pilibhit
Racine Racine
PinhalNovo PinhalNovo
Brecht Brecht
Anahuac Anahuac
Yucheng Yucheng
Korolev Korolev
EncarnaciondeDiaz EncarnaciondeDiaz
Novopokrovskaya Novopokrovskaya
Albi Albi
Tsirang Tsirang
Fandriana Fandriana
Isakogorka Isakogorka
GobernadorGalvez GobernadorGalvez
Gobo Gobo
Tocache Tocache
Leixlip Leixlip
MilpaAlta MilpaAlta
MontecatiniTerme MontecatiniTerme
