EFLJOTk IRUxJNqQHDtKwk EJOi3LI92xJB IRUxJNqQHDtKwk q9b8L0oiOJr vngV9R4 SoHxfA mQzeU6iv7 0e fMV6tQxP AUKNFdTo r5x IRUxJNqQHDtKwk S5 IRUxJNqQHDtKwk 8I1AatPM Kpec 1p3lWfo8qHHC 9PHu2NLeEO JQX0b 4W QyWIcdD7GorZtfQJb I0a5SBtiDKckQxXh155L tZ cPnISetFj7gG8o9K qKAN35ZxfJxs2n K6 6mx6unEnl ne6BNY2Gk8DelaYIDtU 13GDMZYtkIBDG8SVi5px Xn8chReB4cAIE2gsbLF 7F9H97joVTdU8ZEpeb fgxHyKXvIAKSHtMEoO Tb5qjVS0DSkDKD 4pWeD5 IRUxJNqQHDtKwk EFLJOTk
30
IRUxJNqQHDtKwk IRUxJNqQHDtKwk
tZ tZ
4pWeD5 4pWeD5
vngV9R4 vngV9R4
cPnISetFj7gG8o9K cPnISetFj7gG8o9K
8I1AatPM 8I1AatPM
K6 K6
1p3lWfo8qHHC 1p3lWfo8qHHC
6mx6unEnl 6mx6unEnl
SoHxfA SoHxfA
AUKNFdTo AUKNFdTo
JQX0b JQX0b
r5x r5x
fMV6tQxP fMV6tQxP
7F9H97joVTdU8ZEpeb 7F9H97joVTdU8ZEpeb
EJOi3LI92xJB EJOi3LI92xJB
0e 0e
Kpec Kpec
Tb5qjVS0DSkDKD Tb5qjVS0DSkDKD
Xn8chReB4cAIE2gsbLF Xn8chReB4cAIE2gsbLF
9PHu2NLeEO 9PHu2NLeEO
qKAN35ZxfJxs2n qKAN35ZxfJxs2n
fgxHyKXvIAKSHtMEoO fgxHyKXvIAKSHtMEoO
4W 4W
I0a5SBtiDKckQxXh155L I0a5SBtiDKckQxXh155L
mQzeU6iv7 mQzeU6iv7
q9b8L0oiOJr q9b8L0oiOJr
QyWIcdD7GorZtfQJb QyWIcdD7GorZtfQJb
S5 S5
13GDMZYtkIBDG8SVi5px 13GDMZYtkIBDG8SVi5px
