0 36 83 60 93 0 51 0 75 69 84 58 4 65 1 14 23 89 90 3 44 2 6 40 26 91 87 44 82 3 41 95 41 62 2 37 2 29 0 35 12 21 72 81 1 67 8 77 8 50 31 43 68 2 0 97 0 25 54 0 9 0 75 94 75 53 13 88 6 32 39 9 71 20 56 15 8 16 46 99 46 33 0
50
6 6
8 8
9 9
12 12
14 14
15 15
16 16
21 21
25 25
29 29
31 31
32 32
33 33
35 35
36 36
37 37
39 39
40 40
43 43
44 44
46 46
50 50
51 51
53 53
54 54
56 56
58 58
62 62
65 65
67 67
68 68
69 69
71 71
72 72
75 75
77 77
81 81
82 82
83 83
84 84
87 87
88 88
89 89
90 90
91 91
93 93
94 94
95 95
97 97
99 99
