0 1 190 3 19 3 55 2 65 30 174 72 14 5 2 172 76 97 134 67 3 85 3 132 68 114 35 2 159 169 6 48 4 3 110 168 1 81 57 4 126 4 51 0 8 0 116 0 39 5 38 96 1 125 84 144 171 6 102 3 21 59 70 176 43 100 78 10 66 2 24 12 183 188 146 60 6 151 3 64 5 41 1 32 107 113 4 42 105 1 58 37 1 20 1 77 4 163 7 162 1 56 5 52 18 71 0 187 0 53 191 6 26 23 93 22 0 88 195 0 25 5 62 166 2 104 2 119 8 182 115 3 175 148 10 103 3 121 86 0 185 0 40 109 2 173 83 4 160 2 196 0
100
0 0
3 3
5 5
6 6
8 8
10 10
14 14
19 19
20 20
21 21
22 22
23 23
24 24
25 25
26 26
30 30
32 32
35 35
37 37
38 38
39 39
40 40
41 41
42 42
43 43
48 48
51 51
52 52
53 53
55 55
56 56
57 57
58 58
59 59
60 60
62 62
64 64
65 65
66 66
67 67
68 68
70 70
71 71
72 72
76 76
77 77
78 78
81 81
83 83
84 84
85 85
86 86
88 88
93 93
96 96
97 97
100 100
102 102
103 103
104 104
105 105
107 107
109 109
110 110
113 113
114 114
115 115
116 116
119 119
121 121
125 125
126 126
132 132
134 134
144 144
146 146
148 148
151 151
159 159
160 160
162 162
163 163
166 166
168 168
169 169
171 171
172 172
173 173
174 174
175 175
176 176
182 182
183 183
185 185
187 187
188 188
190 190
191 191
195 195
196 196
