0 2 152 18 160 5 149 174 173 193 144 134 142 151 156 153 175 143 186 146 197 176 137 133 199 145 148 2 139 2 164 16 141 16 178 2 182 5 170 11 180 11 192 2 181 20 172 5 188 2 187 2 157 2 161 2 140 5 150 185 179 132 171 177 138 158 162 135 130 194 165 154 159 131 168 183 191 2 167 20 189 11 198 2 195 2 184 20 169 20 196 6 166 16 190 5 163 18 155 18 136 18 147 27 0
70
130 130
131 131
132 132
133 133
134 134
135 135
136 136
137 137
138 138
139 139
140 140
141 141
142 142
143 143
144 144
145 145
146 146
147 147
148 148
149 149
150 150
151 151
152 152
153 153
154 154
155 155
156 156
157 157
158 158
159 159
160 160
161 161
162 162
163 163
164 164
165 165
166 166
167 167
168 168
169 169
170 170
171 171
172 172
173 173
174 174
175 175
176 176
177 177
178 178
179 179
180 180
181 181
182 182
183 183
184 184
185 185
186 186
187 187
188 188
189 189
190 190
191 191
192 192
193 193
194 194
195 195
196 196
197 197
198 198
199 199
