2 17 199 1 11 139 131 27 35 63 36 141 115 183 71 195 55 19 14 33 97 69 17 15 95 39 11 171 6 7 151 99 105 87 175 109 59 57 75 91 21 169 181 165 1 123 36 117 12 191 12 103 145 85 111 52 163 113 29 43 41 20 197 25 83 135 101 61 23 8 187 77 65 1 147 13 28 137 133 23 129 4 3 185 25 173 24 79 157 21 167 107 47 5 155 39 159 25 51 1 153 119 8 67 34 89 143 15 127 4 177 193 17 149 40 125 56 81 37 20 121 53 18 45 189 2 31 93 19 73 49 179 9 29 161 20 2
100
1 1
3 3
5 5
7 7
9 9
11 11
13 13
15 15
17 17
19 19
21 21
23 23
25 25
27 27
29 29
31 31
33 33
35 35
37 37
39 39
41 41
43 43
45 45
47 47
49 49
51 51
53 53
55 55
57 57
59 59
61 61
63 63
65 65
67 67
69 69
71 71
73 73
75 75
77 77
79 79
81 81
83 83
85 85
87 87
89 89
91 91
93 93
95 95
97 97
99 99
101 101
103 103
105 105
107 107
109 109
111 111
113 113
115 115
117 117
119 119
121 121
123 123
125 125
127 127
129 129
131 131
133 133
135 135
137 137
139 139
141 141
143 143
145 145
147 147
149 149
151 151
153 153
155 155
157 157
159 159
161 161
163 163
165 165
167 167
169 169
171 171
173 173
175 175
177 177
179 179
181 181
183 183
185 185
187 187
189 189
191 191
193 193
195 195
197 197
199 199
