BY5DUgv6 sR6JAufL 2og9s1wD xULc5Xg4 1aJdK4y9 K3J88UDV 1aJdK4y9 xULc5Xg4 mXjWiYol UfRMeyI7 gbolqDJc UfRMeyI7 mXjWiYol o1w8sSXK gbolqDJc 6nj6dyOK GVK6CciB UQ4QaUHy HEJxX3gA UQ4QaUHy UmgiH1K9 mjMe14fC 9IHe97Yy VfL5OK8y 2zGyaLBR rGjz0gOd UfRMeyI7 NL9qZEp0 GVK6CciB AMieum8U GVK6CciB UfRMeyI7 xTHVuNZl tDh0gTYH xTHVuNZl UfRMeyI7 ucMA0iSv R4zDiMu3 0zB29H2A mjMe14fC xZfXXUDQ q1vN3eei UQ4QaUHy 8KVhuJvd OpfVa1HT UfRMeyI7 xTHVuNZl yqX5KOVJ XbFQ8G0U QqI1C9xC ayFODfwg S9dNuWxm iT0t8noc UQ4QaUHy 7IV7YjRX JMul31yq WlxPulQd 8ni5D4t7 g5YhtPSt q1vN3eei FPDwKJIj q1vN3eei c9Hgvc9w UQ4QaUHy 8tOszPqV H8eN9fj5 lvlSObqb CrvusN6e QeSUIsQ1 nKZTEeUl QeSUIsQ1 hc6YxxqG gd207oOq aPSEsY2w UQ4QaUHy 1cr6aFpX PagRRYIg 1cr6aFpX Rv8rDvqp UQ4QaUHy rZiSDNtK QeSUIsQ1 xvUBVRdA Af1jBIly EvsxmEMg B0wYReom 6GJHoNdy 8e8OWOIi 6GJHoNdy B0wYReom 2mQchaeu EvsxmEMg UQ4QaUHy H2BV5cDz UQ4QaUHy BY5DUgv6
50
6nj6dyOK 6nj6dyOK
UfRMeyI7 UfRMeyI7
xTHVuNZl xTHVuNZl
rGjz0gOd rGjz0gOd
OpfVa1HT OpfVa1HT
NL9qZEp0 NL9qZEp0
Rv8rDvqp Rv8rDvqp
ucMA0iSv ucMA0iSv
iT0t8noc iT0t8noc
S9dNuWxm S9dNuWxm
ayFODfwg ayFODfwg
R4zDiMu3 R4zDiMu3
sR6JAufL sR6JAufL
gd207oOq gd207oOq
UmgiH1K9 UmgiH1K9
aPSEsY2w aPSEsY2w
yqX5KOVJ yqX5KOVJ
8tOszPqV 8tOszPqV
9IHe97Yy 9IHe97Yy
0zB29H2A 0zB29H2A
K3J88UDV K3J88UDV
Af1jBIly Af1jBIly
WlxPulQd WlxPulQd
tDh0gTYH tDh0gTYH
2mQchaeu 2mQchaeu
B0wYReom B0wYReom
CrvusN6e CrvusN6e
HEJxX3gA HEJxX3gA
QeSUIsQ1 QeSUIsQ1
xULc5Xg4 xULc5Xg4
1cr6aFpX 1cr6aFpX
mXjWiYol mXjWiYol
8ni5D4t7 8ni5D4t7
PagRRYIg PagRRYIg
rZiSDNtK rZiSDNtK
g5YhtPSt g5YhtPSt
q1vN3eei q1vN3eei
hc6YxxqG hc6YxxqG
JMul31yq JMul31yq
7IV7YjRX 7IV7YjRX
AMieum8U AMieum8U
nKZTEeUl nKZTEeUl
gbolqDJc gbolqDJc
o1w8sSXK o1w8sSXK
H2BV5cDz H2BV5cDz
1aJdK4y9 1aJdK4y9
c9Hgvc9w c9Hgvc9w
8e8OWOIi 8e8OWOIi
FPDwKJIj FPDwKJIj
lvlSObqb lvlSObqb
