ZtfcEeD9 6MPulFAv nFqouQp3 m9MRh7a0 VDai7XkI Fj27Gybu VDai7XkI WvzZeqnS IdGLl1to PMzcqvQL sAdwIwgI 43ehQX6O w0QWGw2L 43ehQX6O VDai7XkI O5yBujnu v654W2Kr NSdaWdL7 VDai7XkI JfDq1Cs2 VDai7XkI uMuBYvMK VDai7XkI CBKWpDQv VDai7XkI bJ22zvWV VDai7XkI 1gtWVzKV VDai7XkI RleTQaHw SqpsWXRw eF0ueRyu VDai7XkI ntaFp6yn VDai7XkI J2tz5Jy2 8Rfeklr1 VDai7XkI qnVestAH VDai7XkI X4DALK1Z VDai7XkI 1dr1nBQ7 ijk5cHsH 8LVjFaQv VDai7XkI d5gzYuse LvdUl8D5 aSd01nMZ eFJgi8X6 sFR9mcaG eFJgi8X6 aSd01nMZ VDai7XkI CGddIqkC VDai7XkI zpLQ0R0G VDai7XkI Tb8W969R fa3ra0T7 Tb8W969R yIRIspJJ PLFYaVF6 FdbcCrtB VDai7XkI OJgw7XgR VDai7XkI Pz0LLMil cZyhnB0I 3MYamZSb VDai7XkI xRPgtW5C VDai7XkI EB4WBsTV wZJN4OBT VDai7XkI xzWL2Pp8 VDai7XkI mrK2EXuk VDai7XkI lqKnzPvP VDai7XkI X4DALK1Z B65DnegI iF2sCG7R kMauNR5Y gmal2HHS zvH4AKmS Tb8W969R VDai7XkI aWGQETjI gKOyNQPh BOlNhFGU VDai7XkI kMauNR5Y wZJN4OBT EAWv9kfQ mlHu9OVg aWGQETjI gKOyNQPh 4pgwpiHi miUcr0K7 4pgwpiHi CxnbNU8s VDai7XkI ZS8CQaI7 VDai7XkI YWqBlkAs 43ehQX6O VDai7XkI o4xf7nVd 62Mn9lau VDai7XkI RjDUex61 VDai7XkI yWlzbESz CIF8DWXL yWlzbESz oqraQ3aF n7cwD1GE KZzTlcqA sAdwIwgI VDai7XkI HTyyntxa yptfWPBC aDGqWHym VDai7XkI bKTzHQn4 FqE4GP0Y bKTzHQn4 TNblhkGK bKTzHQn4 FqE4GP0Y VgwgAKMz FqE4GP0Y Wznv2rRv gX4kBNm4 VDai7XkI xkCjqYXa yptfWPBC xkCjqYXa VDai7XkI Q2HoHQU7 lWuh5cH8 Q2HoHQU7 1Xrx7hj3 EEVF7P1A ciNFdHxl 9FVeC0va mSd4Nw6v 7Xy44hse VDai7XkI WOCLylig iJuLSUhp tCAdUY4B VDai7XkI ca785uLx VDai7XkI hBRDGWam 9OV097CE 2KepLMXB VDai7XkI Rd2M5nw8 VDai7XkI NpH6Hpsr VDai7XkI yRH0nOtz 7P5zi9hu Tb8W969R VDai7XkI AmaYXBsi NpH6Hpsr jKNn1ZQ1 VDai7XkI gX4kBNm4 CBKWpDQv y7NjqOqM VDai7XkI kTn5Wdms VDai7XkI FGbFUcoj VDai7XkI SG64DwCC VDai7XkI Q7hUKAHQ VDai7XkI dzvtjag1 PLFYaVF6 WvzZeqnS 04vrMVdi c6ZWTltk VDai7XkI 8avKqSxh VDai7XkI wusYsf5E U7cZo0h2 VDai7XkI 91Uq51QB VDai7XkI svPb07cv VDai7XkI poaWnZDO VDai7XkI mSd4Nw6v d4U8kEOb 0MyIUMFM sAdwIwgI PMzcqvQL W7b2i2pG BkhTgoaJ YWqBlkAs rbWYBihd nFqouQp3 6MPulFAv ZtfcEeD9
100
fa3ra0T7 fa3ra0T7
zvH4AKmS zvH4AKmS
Tb8W969R Tb8W969R
OJgw7XgR OJgw7XgR
wusYsf5E wusYsf5E
yptfWPBC yptfWPBC
Rd2M5nw8 Rd2M5nw8
CIF8DWXL CIF8DWXL
FqE4GP0Y FqE4GP0Y
VgwgAKMz VgwgAKMz
lWuh5cH8 lWuh5cH8
CxnbNU8s CxnbNU8s
mrK2EXuk mrK2EXuk
CGddIqkC CGddIqkC
BOlNhFGU BOlNhFGU
jKNn1ZQ1 jKNn1ZQ1
CBKWpDQv CBKWpDQv
43ehQX6O 43ehQX6O
w0QWGw2L w0QWGw2L
mSd4Nw6v mSd4Nw6v
AmaYXBsi AmaYXBsi
0MyIUMFM 0MyIUMFM
PMzcqvQL PMzcqvQL
KZzTlcqA KZzTlcqA
7P5zi9hu 7P5zi9hu
EB4WBsTV EB4WBsTV
wZJN4OBT wZJN4OBT
1dr1nBQ7 1dr1nBQ7
HTyyntxa HTyyntxa
TNblhkGK TNblhkGK
hBRDGWam hBRDGWam
O5yBujnu O5yBujnu
2KepLMXB 2KepLMXB
J2tz5Jy2 J2tz5Jy2
ZS8CQaI7 ZS8CQaI7
ZtfcEeD9 ZtfcEeD9
Fj27Gybu Fj27Gybu
mlHu9OVg mlHu9OVg
lqKnzPvP lqKnzPvP
EAWv9kfQ EAWv9kfQ
FdbcCrtB FdbcCrtB
RjDUex61 RjDUex61
W7b2i2pG W7b2i2pG
aSd01nMZ aSd01nMZ
eFJgi8X6 eFJgi8X6
91Uq51QB 91Uq51QB
LvdUl8D5 LvdUl8D5
qnVestAH qnVestAH
poaWnZDO poaWnZDO
SG64DwCC SG64DwCC
3MYamZSb 3MYamZSb
YWqBlkAs YWqBlkAs
rbWYBihd rbWYBihd
kMauNR5Y kMauNR5Y
B65DnegI B65DnegI
X4DALK1Z X4DALK1Z
kTn5Wdms kTn5Wdms
Pz0LLMil Pz0LLMil
ijk5cHsH ijk5cHsH
zpLQ0R0G zpLQ0R0G
62Mn9lau 62Mn9lau
NpH6Hpsr NpH6Hpsr
gX4kBNm4 gX4kBNm4
Wznv2rRv Wznv2rRv
ciNFdHxl ciNFdHxl
8LVjFaQv 8LVjFaQv
y7NjqOqM y7NjqOqM
NSdaWdL7 NSdaWdL7
WOCLylig WOCLylig
sFR9mcaG sFR9mcaG
miUcr0K7 miUcr0K7
FGbFUcoj FGbFUcoj
8avKqSxh 8avKqSxh
7Xy44hse 7Xy44hse
aWGQETjI aWGQETjI
svPb07cv svPb07cv
gKOyNQPh gKOyNQPh
o4xf7nVd o4xf7nVd
1gtWVzKV 1gtWVzKV
JfDq1Cs2 JfDq1Cs2
Q7hUKAHQ Q7hUKAHQ
d5gzYuse d5gzYuse
nFqouQp3 nFqouQp3
xzWL2Pp8 xzWL2Pp8
tCAdUY4B tCAdUY4B
bJ22zvWV bJ22zvWV
eF0ueRyu eF0ueRyu
RleTQaHw RleTQaHw
8Rfeklr1 8Rfeklr1
xRPgtW5C xRPgtW5C
aDGqWHym aDGqWHym
04vrMVdi 04vrMVdi
PLFYaVF6 PLFYaVF6
U7cZo0h2 U7cZo0h2
dzvtjag1 dzvtjag1
IdGLl1to IdGLl1to
ca785uLx ca785uLx
ntaFp6yn ntaFp6yn
yRH0nOtz yRH0nOtz
uMuBYvMK uMuBYvMK
