93 2 157 138 1 80 19 18 62 70 43 165 174 143 4 168 1 146 46 102 77 3 75 130 74 129 27 172 101 105 2 67 2 57 86 119 4 111 84 163 63 82 151 52 5 51 10 171 11 170 64 81 177 53 39 108 90 176 121 34 56 122 140 5 116 40 4 72 9 91 110 14 47 154 19 2 73 161 137 49 117 136 87 14 99 11 66 65 2 98 3 24 4 76 0 147 26 125 141 7 79 61 95 36 109 1 6 115 3 38 131 155 124 169 20 3 93
91
1 1
2 2
4 4
14 14
18 18
19 19
20 20
24 24
26 26
27 27
34 34
36 36
38 38
39 39
40 40
43 43
46 46
47 47
49 49
51 51
52 52
53 53
56 56
57 57
61 61
62 62
63 63
64 64
65 65
66 66
67 67
70 70
72 72
73 73
74 74
75 75
76 76
77 77
79 79
80 80
81 81
82 82
84 84
86 86
87 87
90 90
91 91
95 95
98 98
99 99
101 101
102 102
105 105
108 108
109 109
110 110
111 111
115 115
116 116
117 117
119 119
121 121
122 122
124 124
125 125
129 129
130 130
131 131
136 136
137 137
138 138
140 140
141 141
143 143
146 146
147 147
151 151
154 154
155 155
157 157
161 161
163 163
165 165
168 168
169 169
170 170
171 171
172 172
174 174
176 176
177 177
