Acton Carlsbad Bellflower Bolinas Angwin Fresno August Castroville Fontana Canyondam Bakersfield Burney Duarte Carmichael Freedom Coachella Campbell Crockett Cabazon Amesti Broadmoor Cerritos Bluewater Cerritos Aptos Fairfield Alturas Florin Calexico Blairsden Atherton Blairsden Calexico Anderson Caribou Folsom Antioch Atascadero Bonsall Atascadero Antioch Carson Calwa Fortuna Columbia Carpinteria Columbia Alpine Columbia Avalon Alamo Banning Fresno Artesia Bell Cerritos Exeter Cotati Boron Cotati Bodfish Cartago Covelo Ashland Alhambra Belden Arcata Clayton Adelanto Bradbury Adelanto Fowler Biggs Byron Fellows Concow Carrick Bonita Fallbrook Fairfax Chino Bootjack Azusa Brea Bishop Arvin Cayucos Cambria Belmont Brisbane Anaheim Bystrom Aromas Barstow Calimesa Barstow Capitola Bradley Arnold Bradley Caruthers Covelo Foresthill Altadena Cloverdale Copperopolis Beaumont Benicia Alpaugh Escalon Calipatria Escalon Alpaugh Bell Cerritos Ducor Burlingame Ducor Bayview Albany Escondido Atwater Escondido Fruitdale Avenal Chowchilla Avery Cherryland Cambria Almanor Brawley Columbia Cupertino Auberry Cupertino Bloomington Ceres Auburn Berkeley Alameda Berkeley Armona Danville Blythe Arbuckle Biola Brentwood Calabasas Brentwood Galt Burbank Camarillo Burbank Arcadia Belvedere Calistoga Beckwourth Boronda Buttonwillow Bowles Compton Acton
100
Adelanto Adelanto
Alameda Alameda
Alamo Alamo
Albany Albany
Alhambra Alhambra
Almanor Almanor
Alpaugh Alpaugh
Alpine Alpine
Altadena Altadena
Alturas Alturas
Amesti Amesti
Anaheim Anaheim
Anderson Anderson
Angwin Angwin
Antioch Antioch
Aptos Aptos
Arbuckle Arbuckle
Arcadia Arcadia
Arcata Arcata
Armona Armona
Arnold Arnold
Aromas Aromas
Artesia Artesia
Arvin Arvin
Ashland Ashland
Atascadero Atascadero
Atherton Atherton
Atwater Atwater
Auberry Auberry
Auburn Auburn
August August
Avalon Avalon
Avenal Avenal
Avery Avery
Azusa Azusa
Bakersfield Bakersfield
Banning Banning
Barstow Barstow
Bayview Bayview
Beaumont Beaumont
Beckwourth Beckwourth
Belden Belden
Bell Bell
Bellflower Bellflower
Belmont Belmont
Belvedere Belvedere
Benicia Benicia
Berkeley Berkeley
Biggs Biggs
Biola Biola
Bishop Bishop
Blairsden Blairsden
Bloomington Bloomington
Bluewater Bluewater
Blythe Blythe
Bodfish Bodfish
Bolinas Bolinas
Bonita Bonita
Bonsall Bonsall
Bootjack Bootjack
Boron Boron
Boronda Boronda
Bowles Bowles
Bradbury Bradbury
Bradley Bradley
Brawley Brawley
Brea Brea
Brentwood Brentwood
Brisbane Brisbane
Broadmoor Broadmoor
Burbank Burbank
Burlingame Burlingame
Burney Burney
Buttonwillow Buttonwillow
Byron Byron
Bystrom Bystrom
Cabazon Cabazon
Calabasas Calabasas
Calexico Calexico
Calimesa Calimesa
Calipatria Calipatria
Calistoga Calistoga
Calwa Calwa
Camarillo Camarillo
Cambria Cambria
Campbell Campbell
Canyondam Canyondam
Capitola Capitola
Caribou Caribou
Carlsbad Carlsbad
Carmichael Carmichael
Carpinteria Carpinteria
Carrick Carrick
Carson Carson
Cartago Cartago
Caruthers Caruthers
Castroville Castroville
Cayucos Cayucos
Ceres Ceres
Cerritos Cerritos
