Acadia Biscayne Cuyahoga Congaree Caverns Everglades Katmai Denali Teddy Haleakala Kenai Isle Guadalupe Sequoia Arches Olympic Crater Badlands Clark Canyonlands Brycecanyon Glacier Gunnison Basin Gunnison Redwood Indiana Channel Gateway Teton Isle Lassen Smoky Voyageurs Bend Tortugas Acadia Capitol Acadia
25
Arches Arches
Badlands Badlands
Bend Bend
Biscayne Biscayne
Gunnison Gunnison
Brycecanyon Brycecanyon
Canyonlands Canyonlands
Capitol Capitol
Caverns Caverns
Channel Channel
Congaree Congaree
Crater Crater
Cuyahoga Cuyahoga
Denali Denali
Tortugas Tortugas
Everglades Everglades
Gateway Gateway
Glacier Glacier
Teton Teton
Basin Basin
Smoky Smoky
Guadalupe Guadalupe
Haleakala Haleakala
Indiana Indiana
Isle Isle
