Soda LonelyMountain Soda Sothoryos Arnor Gondor Lindon Rovanion Rohan Rhun Khado Rhun Rohan Rovanion Lindon Gondor Arnor Sothoryos Soda Reach Soda Westeros Pentos KingsLanding Pentos Qohor Pentos Westeros Soda Vale Soda Westeros Pentos Valyria Pentos Qarth Pentos Hobbiton Pentos Ormal Pentos Braavos Pentos Mereen Pentos Sunspear Pentos Ghis Pentos Iluin Pentos Mordor Pentos Essos Pentos Westeros Soda Rivendell Soda Mandos Soda Beauxbatons Soda Sothoryos Soda Arda Soda Hogsmeade Soda Dorne Soda Hogwarts Soda
26
Hogwarts Hogwarts
Beauxbatons Beauxbatons
Hogsmeade Hogsmeade
Arda Arda
Rivendell Rivendell
LonelyMountain LonelyMountain
Mandos Mandos
Reach Reach
Vale Vale
Dorne Dorne
Westeros Westeros
Essos Essos
Braavos Braavos
Qohor Qohor
Qarth Qarth
Valyria Valyria
Ghis Ghis
Mereen Mereen
Sunspear Sunspear
KingsLanding KingsLanding
Iluin Iluin
Ormal Ormal
Mordor Mordor
Hobbiton Hobbiton
Sothoryos Sothoryos
Khado Khado
