0 4 73 24 27 137 151 6 33 17 28 52 11 76 0 84 139 132 150 107 40 138 119 30 184 124 3 20 43 22 15 64 1 12 55 112 168 173 82 77 104 8 149 92 47 171 75 105 180 159 56 114 19 58 196 193 156 80 85 46 0 143 158 178 36 45 87 63 54 192 57 95 172 111 157 161 148 94 188 90 91 115 175 123 0 186 126 155 0 174 66 147 26 89 135 167 185 51 35 62 162 31 13 0
97
3 3
4 4
6 6
8 8
11 11
12 12
13 13
15 15
17 17
19 19
20 20
22 22
24 24
26 26
27 27
28 28
30 30
31 31
33 33
35 35
36 36
40 40
43 43
45 45
46 46
47 47
51 51
52 52
54 54
55 55
56 56
57 57
58 58
62 62
63 63
64 64
66 66
73 73
75 75
76 76
77 77
80 80
82 82
84 84
85 85
87 87
89 89
90 90
91 91
92 92
94 94
95 95
104 104
105 105
107 107
111 111
112 112
114 114
115 115
119 119
123 123
124 124
126 126
132 132
135 135
137 137
138 138
139 139
143 143
147 147
148 148
149 149
150 150
151 151
155 155
156 156
157 157
158 158
159 159
161 161
162 162
167 167
168 168
171 171
172 172
173 173
174 174
175 175
178 178
180 180
184 184
185 185
186 186
188 188
192 192
193 193
196 196
