Greenhouse ImagingCenter Greenhouse MulfordHall Greenhouse AndersenAud Greenhouse McEnerneyHall Greenhouse BanwayBldg Greenhouse McConeHall Greenhouse BoaltHall Greenhouse BerkeleyWest Greenhouse BirgeHall Greenhouse NAnimalFacil Greenhouse NorthGateHall Greenhouse MathSciencesRes Greenhouse MosesHall Greenhouse AlumniHouse Greenhouse MorganHall Greenhouse MinorHallAdd Greenhouse nrl Greenhouse MinorHall Greenhouse BerkeleyMuseum Greenhouse StarrLibrary Greenhouse MorrisonHall Greenhouse McLaughlin Greenhouse BarrowLane Greenhouse AnthonyHall Greenhouse BarrowsHall Greenhouse BARTStation Greenhouse ArchsEngineers Greenhouse BechtelEngineering Greenhouse mlk Greenhouse ObservHill Greenhouse OBrienHall Greenhouse BancroftLibrary Greenhouse BlackwellHall Greenhouse NorthField Greenhouse BarkerHall Greenhouse memorialpool Greenhouse BotanGarden Greenhouse moffit Greenhouse maxwell Greenhouse BlumHall Greenhouse
40
mlk mlk
MathSciencesRes MathSciencesRes
maxwell maxwell
McConeHall McConeHall
McEnerneyHall McEnerneyHall
McLaughlin McLaughlin
memorialpool memorialpool
MinorHall MinorHall
MinorHallAdd MinorHallAdd
moffit moffit
MorganHall MorganHall
MorrisonHall MorrisonHall
MosesHall MosesHall
MulfordHall MulfordHall
nrl nrl
NorthField NorthField
NorthGateHall NorthGateHall
NAnimalFacil NAnimalFacil
OBrienHall OBrienHall
ObservHill ObservHill
AlumniHouse AlumniHouse
AndersenAud AndersenAud
AnthonyHall AnthonyHall
ArchsEngineers ArchsEngineers
BancroftLibrary BancroftLibrary
BanwayBldg BanwayBldg
BarkerHall BarkerHall
BarrowLane BarrowLane
BarrowsHall BarrowsHall
BARTStation BARTStation
BechtelEngineering BechtelEngineering
BerkeleyMuseum BerkeleyMuseum
BerkeleyWest BerkeleyWest
BirgeHall BirgeHall
BlackwellHall BlackwellHall
BlumHall BlumHall
BoaltHall BoaltHall
BotanGarden BotanGarden
ImagingCenter ImagingCenter
StarrLibrary StarrLibrary
