Greenhouse DoeLibrary Greenhouse ChavezCenter Greenhouse EyeCenter Greenhouse DwinelleHall Greenhouse EvansHall Greenhouse ClassFountain Greenhouse EnergyBuilding Greenhouse BirgeHall Greenhouse DavisHall Greenhouse Cafe3 Greenhouse GeneticsPlantBldg Greenhouse ImagingCenter Greenhouse ClassGate Greenhouse CaliforniaStadium Greenhouse BlumHall Greenhouse CheitHall Greenhouse CyclotronRd Greenhouse BoaltHall Greenhouse HertzHall Greenhouse StarrLibrary Greenhouse FrankWay Greenhouse BerkeleyWest Greenhouse FacultyGlade Greenhouse CaliforniaHall Greenhouse EvansDiamond Greenhouse unit3 Greenhouse DwinelleAnnex Greenhouse BlackwellHall Greenhouse ChouHall Greenhouse DonnerLab Greenhouse GayleyRd Greenhouse ClarkCampus Greenhouse EastGate Greenhouse CoryHall Greenhouse DurantHall Greenhouse FacultyClub Greenhouse CalvinLaboratory Greenhouse ChanAuditorium Greenhouse CareerCenter Greenhouse EdwardsStadium Greenhouse DurhamTheatre Greenhouse CNMAT Greenhouse FoxCottage Greenhouse CampbellHall Greenhouse BerkeleyMuseum Greenhouse EtcheverryHall Greenhouse GianniniHall Greenhouse EshlemanHall Greenhouse FoundersRock Greenhouse BotanGarden Greenhouse
50
BerkeleyMuseum BerkeleyMuseum
BerkeleyWest BerkeleyWest
BirgeHall BirgeHall
BlackwellHall BlackwellHall
BlumHall BlumHall
BoaltHall BoaltHall
BotanGarden BotanGarden
ImagingCenter ImagingCenter
StarrLibrary StarrLibrary
CaliforniaHall CaliforniaHall
CaliforniaStadium CaliforniaStadium
CalvinLaboratory CalvinLaboratory
CampbellHall CampbellHall
CareerCenter CareerCenter
ChanAuditorium ChanAuditorium
ChavezCenter ChavezCenter
CheitHall CheitHall
ChouHall ChouHall
ClarkCampus ClarkCampus
ClassFountain ClassFountain
ClassGate ClassGate
CNMAT CNMAT
CoryHall CoryHall
CyclotronRd CyclotronRd
DavisHall DavisHall
DoeLibrary DoeLibrary
DonnerLab DonnerLab
DurantHall DurantHall
DurhamTheatre DurhamTheatre
DwinelleAnnex DwinelleAnnex
DwinelleHall DwinelleHall
EastGate EastGate
EdwardsStadium EdwardsStadium
EnergyBuilding EnergyBuilding
EshlemanHall EshlemanHall
EtcheverryHall EtcheverryHall
EvansDiamond EvansDiamond
EvansHall EvansHall
EyeCenter EyeCenter
FacultyClub FacultyClub
FacultyGlade FacultyGlade
FoundersRock FoundersRock
FoxCottage FoxCottage
FrankWay FrankWay
GayleyRd GayleyRd
GeneticsPlantBldg GeneticsPlantBldg
GianniniHall GianniniHall
HertzHall HertzHall
Cafe3 Cafe3
unit3 unit3
