pace king guarantee bitter respect audience class disclose injury shy feature honor deposit paper understand pain straighten buffet opposed title lake pier imposter fortune page certain romantic sign class chair linger stress tablet rob tablet cigarette demand mystery throne quality discriminate financial discriminate dip joint shiver headline skeleton likely skeleton disclose class exclusive honor feature glasses tool write rent king banana skeleton miserable autonomy output discriminate quality certain thirsty tolerate forge vegetarian cigarette prison title tablet title sunrise title demand title prison thumb banana figure injection exclusive swear other excuse thumb nationalist dip write brake chair mystery enter mystery gate circulation tool dough enhance legislation enhance dough financial voice financial solve winner assignment tool ward seize shiver pace
50
likely likely
prison prison
title title
king king
quality quality
injury injury
paper paper
output output
circulation circulation
page page
voice voice
honor honor
enter enter
throne throne
guarantee guarantee
tablet tablet
thumb thumb
headline headline
dough dough
exclusive exclusive
other other
brake brake
nationalist nationalist
winner winner
cigarette cigarette
buffet buffet
mystery mystery
autonomy autonomy
tolerate tolerate
sign sign
financial financial
legislation legislation
class class
glasses glasses
tool tool
lake lake
sunrise sunrise
linger linger
rob rob
bitter bitter
seize seize
figure figure
shy shy
dip dip
imposter imposter
demand demand
enhance enhance
swear swear
vegetarian vegetarian
pain pain
