pace market rob iron coast profound skeleton knot bleed spoil bleed sign ask quadruple other likely comfortable romantic prison virgin blonde native mature native attraction guarantee attraction pound imposter tablet imposter driver banana aspect ask candle enemy control glasses bleed environment prison flag home error shy terminal title linger physics linger coast swear rent atmosphere fortune ignore due title terminal respect pace speaker electronics interface electronics quadruple imposter extort widen class joystick pipe assume railcar confrontation nationalist brake headline smile bleed curriculum excuse forge coast swear coast profound view dive view profound brake bowel brake nationalist acceptance assume railcar attraction excuse rob market banana widen class greeting decisive tolerate weapon tool swear coast linger deter linger vegetarian exclusive attraction guarantee election buffet dialogue rage dialogue candle enemy illusion terminal paper viable likely comfortable likely labour election lifestyle coast forge terminal address thumb terms deter note physics linger title exile title terminal paper expression assignment expression buffet election lifestyle coast electronics sunrise solve certain scheme certain due ignore fortune financial injection pardon vegetarian linger decisive ignore shiver structure thirsty lake begin science blonde native mature page nationalist swop pier gallon injection financial address judicial coincide identity pier gallon coffin attraction native mature page deposit science mercy science begin greeting dough thirsty opposed dip understand notebook fortune ignore due certain drawer smile bleed pier pig pier interactive pier bleed environment bleed pier swop liver tool railcar attraction excuse teacher candle ask enemy stress enemy ask sign exploit shiver structure throne respect terminal illusion terminal paper profound skeleton profound paper expression straighten identity gate shy triple shy terminal forge confrontation development exempt development skeleton gallon pier identity module audience dramatic opposed feature write lake ward autonomy ward penetrate injury tolerate expression assignment winner boom throne country knot bleed curriculum chew offset chew extort respect structure output joint single country triple candle dialogue cotton paper terminal respect chair mixture pace
100
pace pace
likely likely
excuse excuse
feature feature
skeleton skeleton
environment environment
injury injury
output output
due due
page page
audience audience
profound profound
throne throne
guarantee guarantee
physics physics
exempt exempt
tablet tablet
injection injection
market market
forge forge
thumb thumb
headline headline
dough dough
exclusive exclusive
other other
assignment assignment
buffet buffet
autonomy autonomy
respect respect
pig pig
financial financial
interactive interactive
tool tool
rob rob
dip dip
imposter imposter
swear swear
shiver shiver
coast coast
stress stress
mature mature
chair chair
rent rent
straighten straighten
boom boom
acceptance acceptance
rage rage
comfortable comfortable
structure structure
decisive decisive
spoil spoil
dive dive
atmosphere atmosphere
attraction attraction
ask ask
smile smile
pardon pardon
knot knot
curriculum curriculum
coincide coincide
exile exile
ignore ignore
teacher teacher
drawer drawer
widen widen
election election
country country
note note
liver liver
home home
development development
scheme scheme
cotton cotton
error error
mercy mercy
virgin virgin
confrontation confrontation
control control
railcar railcar
electronics electronics
begin begin
identity identity
greeting greeting
viable viable
lifestyle lifestyle
enemy enemy
interface interface
offset offset
candle candle
swop swop
driver driver
deter deter
pipe pipe
coffin coffin
native native
flag flag
bowel bowel
illusion illusion
triple triple
quadruple quadruple
