pace nationalist brake nationalist pace miserable exempt miserable opposed king approval king due audience page king likely circulation likely king approval deposit skeleton injury output understand market mixture voice due gate audience headline thumb guarantee enter prison honor prison view excuse feature excuse disclose injury output exclusive throne exclusive pace
25
likely likely
excuse excuse
feature feature
skeleton skeleton
king king
mixture mixture
injury injury
output output
circulation circulation
page page
audience audience
voice voice
deposit deposit
honor honor
enter enter
throne throne
guarantee guarantee
gate gate
exempt exempt
market market
opposed opposed
headline headline
brake brake
nationalist nationalist
approval approval
