9iIwk mBYfp rrNj1 Esl6u fS0W8 k64Ok ZgtaX veOJ7 ZgtaX Vake4 k64Ok fS0W8 Esl6u rrNj1 mBYfp 9iIwk Mj2eQ 0GdkR oqPYQ Mj2eQ 1xmtC XYzcU jT5CK qkJ6b QVYVG aHGHb 1uRw3 Ri2t4 1uRw3 QVYVG qkJ6b 6oThd iEXNY 6oThd qkJ6b QVYVG LZomt QVYVG 7G74f QVYVG qkJ6b XYzcU qkJ6b QVYVG SgDk6 QVYVG WJNpN tnjfN YH6mk Y7IDR YH6mk 5ioW1 vrNke k6V9L N1MZB ZgtaX iCgvV ZgtaX N1MZB k6V9L vrNke 5ioW1 YH6mk WJNpN QVYVG knY3U vE0Pj WGJpQ y89SK 1uRw3 1pxZM 5VT1H 5BDPJ 5VT1H 1xmtC Mj2eQ 1xmtC qkJ6b Ib6np 5R5Xa rrNj1 Esl6u fS0W8 k64Ok ZgtaX JgjFI ZgtaX BnAjj ZgtaX pXCjI ZgtaX k64Ok fS0W8 Esl6u rrNj1 mBYfp 1eRkH 1xmtC jASvw 1xmtC qkJ6b QVYVG kmzhT QVYVG 5VT1H Ib6np 5R5Xa rrNj1 Esl6u ZfVrl p9vQm ZfVrl Esl6u rrNj1 mBYfp 9iIwk Mj2eQ ZzWHp Mj2eQ 1xmtC qkJ6b QVYVG RhUVQ QVYVG WJNpN AgYPL WJNpN 1uRw3 WJNpN YH6mk 5ioW1 XZKtP Be0ab XZKtP dw7aX XZKtP bXinH 5ioW1 YH6mk Y7IDR 4a0W8 Y7IDR WJNpN QVYVG jAwQw I5lew Ew56P jYfXn MA43U Mj2eQ 1xmtC 5R5Xa rrNj1 Esl6u fS0W8 Esl6u rrNj1 5R5Xa ChXAd Q1WC5 h2rea 9iIwk
50
5ioW1 5ioW1
SgDk6 SgDk6
Mj2eQ Mj2eQ
ZzWHp ZzWHp
7G74f 7G74f
iEXNY iEXNY
Vake4 Vake4
Be0ab Be0ab
XZKtP XZKtP
XYzcU XYzcU
dw7aX dw7aX
LZomt LZomt
1xmtC 1xmtC
JgjFI JgjFI
pXCjI pXCjI
qkJ6b qkJ6b
y89SK y89SK
Ri2t4 Ri2t4
jYfXn jYfXn
jT5CK jT5CK
jASvw jASvw
5R5Xa 5R5Xa
9iIwk 9iIwk
5BDPJ 5BDPJ
Y7IDR Y7IDR
ZgtaX ZgtaX
veOJ7 veOJ7
p9vQm p9vQm
1uRw3 1uRw3
h2rea h2rea
YH6mk YH6mk
RhUVQ RhUVQ
oqPYQ oqPYQ
0GdkR 0GdkR
1pxZM 1pxZM
BnAjj BnAjj
fS0W8 fS0W8
jAwQw jAwQw
bXinH bXinH
AgYPL AgYPL
4a0W8 4a0W8
vE0Pj vE0Pj
ChXAd ChXAd
aHGHb aHGHb
tnjfN tnjfN
1eRkH 1eRkH
kmzhT kmzhT
WGJpQ WGJpQ
5VT1H 5VT1H
iCgvV iCgvV
