HAZtD EyMEe GxQg8 p3gJd kNG2j p3gJd GxQg8 3NU9e CXkxa Lusir CXkxa 3NU9e GxQg8 1gvq4 O8CwF TlJnt C4biR p3gJd jesVt 69WZh mdIe6 69WZh jesVt p3gJd GxQg8 3NU9e RN9nS 3NU9e GxQg8 p3gJd jesVt p3gJd C4biR aegld C4biR p3gJd 15wtn b9v0q eVDVP b9v0q 69WZh iHR3J 69WZh jesVt 0FMEI tgL8p DmTRc GfIsc bMhFI CHx6u rmW0U GrnJ7 iIQll Vg6Sz iPRoT Q8lcd iPRoT Vg6Sz iIQll p4kTx iIQll Vg6Sz iPRoT 6sv9O fiXIW 6owsT fiXIW 7kY28 Xqwfz jyRQW zcuSA 9cp56 p3gJd 15wtn b9v0q WVEjT Agb0E b9v0q 15wtn 4AhmX 15wtn wedr3 15wtn p3gJd aWuHk GxQg8 bW6Ms vfAR8 EyMEe z82fM EyMEe ED9em 5h4rt ED9em bW6Ms GxQg8 p3gJd jesVt ox9Gx 69WZh R6NzB 69WZh Q5zY0 5MtKr Ia6ul eVDVP b9v0q SEkfX b9v0q 15wtn p3gJd GxQg8 UqGfS Ssao4 kPB79 EyMEe J0OP0 EyMEe GxQg8 EyMEe wnnBN Cg1yP EyMEe GxQg8 1gvq4 rH3nx cu5FB jesVt 69WZh zrVPv 15wtn p3gJd GxQg8 bW6Ms ED9em bW6Ms GxQg8 lJnz7 cC0Rg u60s4 9cp56 sU69u 2GCiD sU69u 4PSW9 0F8yg 4PSW9 zcuSA jyRQW Xqwfz 7kY28 fiXIW 7kY28 Zok18 Xqwfz SxklZ VESmp SxklZ BaYb3 IOpdQ pLg86 Xqwfz jyRQW zcuSA 9cp56 p3gJd cpzS8 93R2m 2zHfe fExZu 2zHfe AwFdf C4biR p3gJd GxQg8 EyMEe iKwe0 EyMEe GxQg8 iqOI4 GxQg8 1gvq4 O8CwF C4biR rH3nx 1gvq4 cC0Rg lJnz7 GxQg8 UqGfS kPB79 4Tt2a kPB79 UqGfS GxQg8 p3gJd jesVt EgumV jesVt 0FMEI tgL8p DmTRc GrnJ7 rmW0U HOuAL rmW0U GrnJ7 iIQll Vg6Sz OEGHh qz2Of 7kY28 1VA1I pLg86 0moVI OWqP4 fiXIW URrao iimZq 7kY28 Xqwfz jyRQW zcuSA gpbSj 9cp56 p3gJd GxQg8 UqGfS NqBQW UqGfS GxQg8 1gvq4 rH3nx acHTt 4AhmX p3gJd lJnz7 cC0Rg zcuSA Zxvdf jyRQW Xqwfz 7kY28 qz2Of 8Qx0C iPRoT Vg6Sz iIQll Vg6Sz iPRoT 6sv9O fiXIW 0moVI fiXIW 6sv9O iPRoT Vg6Sz 4jcrD v9joy 4jcrD Vg6Sz ejBhY GaZ4O o2JtM BIY9X o2JtM H1xt8 GaZ4O Jbr8u 6sv9O HAKlt Pk19A 7kY28 fiXIW 6sv9O Jbr8u o2JtM e7SjH E6pda e7SjH 2LhKB e7SjH DuU0x e7SjH E6pda xKTIz RkCLD SfSL1 CHx6u lF8gH CHx6u rmW0U GrnJ7 iIQll Vg6Sz iIQll GrnJ7 rmW0U 9tf0w rmW0U GrnJ7 UbqWX GrnJ7 3JtxZ 0FMEI R6NzB ZKvNM TzGS5 ZKvNM onBu6 fWz4T jesVt p3gJd GxQg8 X2hjX GxQg8 lJnz7 cC0Rg zcuSA 4PSW9 sU69u 5EAEu sU69u 9cp56 p3gJd aWuHk uPUO1 DaieK p3gJd jesVt 0FMEI 3JtxZ GrnJ7 iaaYU GrnJ7 gNinx GrnJ7 3JtxZ 0FMEI jesVt 69WZh Q5zY0 VG4na b9v0q SEkfX v7hOX Mm2U8 15wtn jesVt 0FMEI tgL8p DmTRc 4jcrD GrnJ7 3JtxZ sU69u 9cp56 p3gJd GxQg8 UqGfS kPB79 4PXv9 kPB79 6gp0A HAZtD
100
cu5FB cu5FB
zcuSA zcuSA
fiXIW fiXIW
wedr3 wedr3
H1xt8 H1xt8
pLg86 pLg86
SEkfX SEkfX
0F8yg 0F8yg
5EAEu 5EAEu
p4kTx p4kTx
zrVPv zrVPv
GxQg8 GxQg8
4AhmX 4AhmX
URrao URrao
8Qx0C 8Qx0C
aegld aegld
VESmp VESmp
ED9em ED9em
7kY28 7kY28
UbqWX UbqWX
jesVt jesVt
E6pda E6pda
mdIe6 mdIe6
Lusir Lusir
BIY9X BIY9X
69WZh 69WZh
DuU0x DuU0x
wnnBN wnnBN
v9joy v9joy
gNinx gNinx
iaaYU iaaYU
IOpdQ IOpdQ
4Tt2a 4Tt2a
CHx6u CHx6u
lJnz7 lJnz7
BaYb3 BaYb3
TzGS5 TzGS5
eVDVP eVDVP
1gvq4 1gvq4
ox9Gx ox9Gx
Ia6ul Ia6ul
5h4rt 5h4rt
bMhFI bMhFI
iIQll iIQll
rH3nx rH3nx
1VA1I 1VA1I
Vg6Sz Vg6Sz
u60s4 u60s4
aWuHk aWuHk
lF8gH lF8gH
RN9nS RN9nS
O8CwF O8CwF
OWqP4 OWqP4
iqOI4 iqOI4
p3gJd p3gJd
gpbSj gpbSj
SxklZ SxklZ
X2hjX X2hjX
v7hOX v7hOX
cpzS8 cpzS8
Zok18 Zok18
DaieK DaieK
acHTt acHTt
Q8lcd Q8lcd
Cg1yP Cg1yP
fExZu fExZu
cC0Rg cC0Rg
R6NzB R6NzB
uPUO1 uPUO1
6owsT 6owsT
HOuAL HOuAL
AwFdf AwFdf
J0OP0 J0OP0
DmTRc DmTRc
iKwe0 iKwe0
xKTIz xKTIz
iHR3J iHR3J
TlJnt TlJnt
2GCiD 2GCiD
bW6Ms bW6Ms
UqGfS UqGfS
iimZq iimZq
vfAR8 vfAR8
9tf0w 9tf0w
z82fM z82fM
Agb0E Agb0E
EgumV EgumV
0moVI 0moVI
Zxvdf Zxvdf
Ssao4 Ssao4
2LhKB 2LhKB
HAKlt HAKlt
4PXv9 4PXv9
kNG2j kNG2j
fWz4T fWz4T
4jcrD 4jcrD
Pk19A Pk19A
WVEjT WVEjT
VG4na VG4na
NqBQW NqBQW
