3Yw8H cvjQc JYR5M cvjQc 3Yw8H hQySr ycoh0 miscC EvuAH vN0gV EQJ7U Vm2RV RTNKK s8jhm 9e1Io s8jhm Jcs3B Z7joj EQJ7U 8MJwv EQJ7U 5PNx4 s8jhm P18zR EQJ7U TT3Hk iaf34 EQJ7U Vm2RV Tz4zy Vm2RV RTNKK s8jhm 5ayvc OhHc9 5ayvc s8jhm w0i4E s8jhm Jcs3B EQJ7U vN0gV EQJ7U BSqOv QUkKU M5wZP IWj7Z 3Yw8H KHHwN 3Yw8H cvjQc NRZIn zSmKp QUkKU M5wZP IWj7Z 3Yw8H hQySr ycoh0 EvuAH vN0gV EQJ7U BSqOv QUkKU NRZIn cvjQc 3Yw8H xNFYO 3Yw8H
25
OhHc9 OhHc9
EvuAH EvuAH
miscC miscC
RTNKK RTNKK
Vm2RV Vm2RV
w0i4E w0i4E
Z7joj Z7joj
TT3Hk TT3Hk
Tz4zy Tz4zy
M5wZP M5wZP
9e1Io 9e1Io
8MJwv 8MJwv
5PNx4 5PNx4
ycoh0 ycoh0
P18zR P18zR
KHHwN KHHwN
BSqOv BSqOv
xNFYO xNFYO
zSmKp zSmKp
QUkKU QUkKU
3Yw8H 3Yw8H
iaf34 iaf34
cvjQc cvjQc
vN0gV vN0gV
JYR5M JYR5M
