1 85 64 78 67 21 93 73 8 2 33 72 53 85 98 46 19 6 26 27 5 76 7 91 23 42 41 69 50 40 11 20 73 8 2 86 60 79 90 34 92 30 19 67 12 18 72 9 14 36 79 63 67 97 3 57 66 57 58 22 27 10 67 87 67 69 29 19 46 15 95 15 35 28 90 34 83 20 73 20 100 99 48 58 89 81 36 34 36 79 11 75 45 54 5 84 5 28 90 52 90 34 91 15 67 10 64 85 1
40
1 1
3 3
5 5
7 7
8 8
10 10
11 11
12 12
14 14
26 26
28 28
33 33
34 34
42 42
45 45
46 46
50 50
52 52
58 58
63 63
64 64
66 66
69 69
72 72
73 73
78 78
79 79
83 83
84 84
86 86
87 87
89 89
90 90
91 91
92 92
93 93
95 95
98 98
99 99
100 100
