1 45 185 175 101 70 140 30 121 187 13 152 129 32 3 32 98 17 31 42 95 38 115 20 58 15 132 199 130 12 170 56 125 142 196 49 86 162 23 108 23 84 61 86 41 83 26 33 127 20 18 11 159 99 194 99 33 51 7 174 86 110 26 64 146 52 115 138 54 182 143 176 143 78 20 90 101 66 8 119 55 57 22 89 88 116 85 153 43 55 96 67 93 16 105 136 113 92 47 7 163 44 190 104 71 66 26 42 11 103 60 130 128 91 175 55 36 7 14 45 103 117 156 157 87 147 27 193 22 23 12 116 199 19 53 13 152 82 1 52 88 93 7 36 91 175 15 175 46 22 186 137 75 161 102 1
78
129 129
130 130
3 3
132 132
7 7
136 136
137 137
138 138
12 12
13 13
142 142
15 15
140 140
14 14
18 18
147 147
23 23
152 152
153 153
26 26
156 156
157 157
159 159
31 31
161 161
162 162
163 163
36 36
42 42
43 43
46 46
175 175
176 176
49 49
174 174
51 51
52 52
53 53
182 182
56 56
185 185
186 186
58 58
57 57
60 60
190 190
64 64
193 193
194 194
66 66
71 71
199 199
78 78
82 82
83 83
84 84
86 86
88 88
89 89
90 90
91 91
92 92
93 93
95 95
96 96
98 98
99 99
101 101
103 103
105 105
108 108
110 110
115 115
116 116
119 119
121 121
127 127
128 128
