Abbey Rebecca Lana Karma Eden Vivian Abril Mckinley Haven Yoselin Lilia Tara Tanya Ayanna Maeve Marisol Matilda Alexia Helen Alexia Presley Beatrice Riley Avni Nora Ashley Sophia Beatrice Kimberly Isabella Liberty Jordin Shannon Lisa Kristina Mira Kayley Ruth Harley Rayna Lillie Alia Carlee Kiera Dana Alexia Jamiya Abbey
40
Alexia Alexia
Avni Avni
Ayanna Ayanna
Beatrice Beatrice
Carlee Carlee
Dana Dana
Eden Eden
Harley Harley
Haven Haven
Helen Helen
Isabella Isabella
Jamiya Jamiya
Jordin Jordin
Karma Karma
Kayley Kayley
Kiera Kiera
Kimberly Kimberly
Kristina Kristina
Lana Lana
Liberty Liberty
Lilia Lilia
Lillie Lillie
Lisa Lisa
Maeve Maeve
Marisol Marisol
Matilda Matilda
Mckinley Mckinley
Mira Mira
Nora Nora
Presley Presley
Rayna Rayna
Rebecca Rebecca
Riley Riley
Ruth Ruth
Shannon Shannon
Sophia Sophia
Tanya Tanya
Tara Tara
Vivian Vivian
Yoselin Yoselin
