Abbey Jasmin Chasity Abril Tara Kaley Diana Baylee Mckinley Natalee Carlie Lilia Christine Abbey Arielle Carleigh Elianna Ainsley Kiana Ainsley Emilie Lindsay Kenzie Lacey Abril Emma Lainey Alexia Ingrid Zaria Denisse Mira Ainsley Dana Alexus Carlee Claire Abril Aubree Matilda Rylee Alexus Keyla Avni Lilyana Ariel Maggie Alexus Camilla Sophia Haven Leila Laylah Janiya Alena Jamiya Alivia Gillian Parker Abbey Kimberly Allisson Sharon Zara Iyana Abbey Alia Ciara Ashley Abril Dayami Zion Abril Alexia Alena Kristin Kaydence Alivia Jimena Alissa Myah Alexia Jillian Alia Kristina Kayden Brooklyn Melina Sophie Adyson Mireya Jade Alexia Kiley Riley Juliette Jaden Madilynn Aryana Nia Noelle Abril Neveah Lucille Taniyah Imani Abril Mckayla Kira Shyanne Abbey Bryanna Alisha Aniya Jazmyn Alena Mya Carly Abbey
90
Abbey Abbey
Alexia Alexia
Alexus Alexus
Alia Alia
Alivia Alivia
Aniya Aniya
Ariel Ariel
Arielle Arielle
Aryana Aryana
Ashley Ashley
Aubree Aubree
Avni Avni
Baylee Baylee
Brooklyn Brooklyn
Bryanna Bryanna
Camilla Camilla
Carlee Carlee
Carleigh Carleigh
Carlie Carlie
Carly Carly
Chasity Chasity
Christine Christine
Ciara Ciara
Claire Claire
Dana Dana
Dayami Dayami
Denisse Denisse
Diana Diana
Elianna Elianna
Emilie Emilie
Emma Emma
Gillian Gillian
Haven Haven
Imani Imani
Ingrid Ingrid
Iyana Iyana
Jade Jade
Jaden Jaden
Jamiya Jamiya
Janiya Janiya
Jasmin Jasmin
Jazmyn Jazmyn
Jillian Jillian
Jimena Jimena
Juliette Juliette
Kaley Kaley
Kayden Kayden
Kaydence Kaydence
Kenzie Kenzie
Keyla Keyla
Kiana Kiana
Kiley Kiley
Kimberly Kimberly
Kira Kira
Kristin Kristin
Kristina Kristina
Lacey Lacey
Lainey Lainey
Laylah Laylah
Leila Leila
Lilia Lilia
Lilyana Lilyana
Lindsay Lindsay
Lucille Lucille
Madilynn Madilynn
Maggie Maggie
Matilda Matilda
Mckayla Mckayla
Mckinley Mckinley
Melina Melina
Mira Mira
Mireya Mireya
Mya Mya
Myah Myah
Natalee Natalee
Neveah Neveah
Nia Nia
Noelle Noelle
Parker Parker
Riley Riley
Rylee Rylee
Sharon Sharon
Shyanne Shyanne
Sophia Sophia
Sophie Sophie
Taniyah Taniyah
Tara Tara
Zara Zara
Zaria Zaria
Zion Zion
