Taozhuang Uran Besuki Middle Uran Oulmes Rutherglen Ulu Boo Cibinong Tupelo Esperanza Bang Hechingen Azrou Ramla Sarandi Uran Calauan Uran Rafiganj Uran Donggongon Caravaca Uran Severodvinsk Uran Gauting Villa Nonsan Uran Ilesa Uran Sicklerville Uran Durazno Uran Longgang Norco Udumalaippettai Norco Uran Jinotepe Uran Freetown Uran Jingzhou Uran Camayenne Artur Alatyr Kallio Uran Wesseling Uran Pottstown Uran Fort Uran Strathfield Waverly Somma Esmeraldas Bourbonnais Gudermes Aytos Memmingen New Rosedale Jackson Uran Taozhuang
50
Uran Uran
Artur Artur
Boo Boo
Rutherglen Rutherglen
Villa Villa
Somma Somma
Tupelo Tupelo
Strathfield Strathfield
Memmingen Memmingen
Esmeraldas Esmeraldas
Gudermes Gudermes
Bang Bang
Azrou Azrou
Kallio Kallio
Ramla Ramla
Sarandi Sarandi
Pottstown Pottstown
Rafiganj Rafiganj
Jingzhou Jingzhou
Taozhuang Taozhuang
Fort Fort
Oulmes Oulmes
Wesseling Wesseling
Cibinong Cibinong
Caravaca Caravaca
Donggongon Donggongon
Alatyr Alatyr
Jinotepe Jinotepe
Severodvinsk Severodvinsk
Rosedale Rosedale
Camayenne Camayenne
Jackson Jackson
Esperanza Esperanza
New New
Gauting Gauting
Ulu Ulu
Freetown Freetown
Waverly Waverly
Nonsan Nonsan
Aytos Aytos
Hechingen Hechingen
Durazno Durazno
Sicklerville Sicklerville
Calauan Calauan
Ilesa Ilesa
Bourbonnais Bourbonnais
Longgang Longgang
Udumalaippettai Udumalaippettai
Middle Middle
Besuki Besuki
