Ilesa Perth Mouscron Bensheim Dahlem Bensheim Sceaux Bensheim WaltonontheNaze Bensheim Valletta Calauan Paredes Bensheim Tharu Bensheim Copperas Bensheim Bon Malden Azrou Bensheim Tak Talipparamba Marburg Mexborough Polohy Barracas Bensheim Tupelo Uran Lodwar Puducherry Palm Bensheim Puerto Bensheim Skalica Bensheim Oberhausen Bensheim Onex Tiruppuvanam Bensheim Ponta MitryMory Alfenas Bensheim Shaowu Chacabuco Ventimiglia Sishui Sillanwali Bobigny Jagna Yingkou Bensheim Milagro Rhosllanerchrugog Bensheim Jiangyan Brunswick Bensheim Bogovinje Valday Toledo Davis Memmingen Meizhou Bensheim Guli Bensheim Stupino Villaquilambre Bensheim UlanUde Bensheim New Bensheim Brzeg Kyzylorda Bensheim Bang Shagamu Bensheim Oulmes Bensheim Ada Great Tyoply Great Bensheim Niort Bensheim Resplendor Bensheim Clermont Bensheim PortVila Bensheim DehiwalaMount Tupiza Bensheim GernikaLumo LonsleSaunier Bensheim Rutland Stuttgart Bensheim Bavly Gariadhar Bensheim Lille Bensheim Ramla Bensheim Aklera Foshan Sorsogon Hermsdorf Landshut Bensheim Sirsi Itacoatiara Sirsi Bensheim PointeClaire Bensheim Aurora Milledgeville Palafrugell Viewpark Bensheim Zaozhuang Bensheim Aleshtar Bensheim An Bensheim American Alexandria Jashpurnagar Magomeni Bensheim Claremont Bensheim Campobasso Ilesa
100
Bensheim Bensheim
Perth Perth
MitryMory MitryMory
Hermsdorf Hermsdorf
Calauan Calauan
Ventimiglia Ventimiglia
Valday Valday
Uran Uran
Malden Malden
Milledgeville Milledgeville
Jagna Jagna
Marburg Marburg
Polohy Polohy
Foshan Foshan
Puducherry Puducherry
Sishui Sishui
Memmingen Memmingen
Davis Davis
Alexandria Alexandria
Meizhou Meizhou
Rhosllanerchrugog Rhosllanerchrugog
Azrou Azrou
Lille Lille
Oulmes Oulmes
Tiruppuvanam Tiruppuvanam
Mexborough Mexborough
Puerto Puerto
Onex Onex
Brunswick Brunswick
Jiangyan Jiangyan
LonsleSaunier LonsleSaunier
Claremont Claremont
GernikaLumo GernikaLumo
Dahlem Dahlem
Tharu Tharu
UlanUde UlanUde
New New
Milagro Milagro
Great Great
Ada Ada
Tyoply Tyoply
Resplendor Resplendor
Ilesa Ilesa
Alfenas Alfenas
Aleshtar Aleshtar
Campobasso Campobasso
Bogovinje Bogovinje
Mouscron Mouscron
Tak Tak
Talipparamba Talipparamba
Barracas Barracas
Aurora Aurora
American American
Gariadhar Gariadhar
Bavly Bavly
Ponta Ponta
Sirsi Sirsi
Itacoatiara Itacoatiara
Guli Guli
Sceaux Sceaux
Valletta Valletta
Landshut Landshut
Bon Bon
WaltonontheNaze WaltonontheNaze
Yingkou Yingkou
Ramla Ramla
Shaowu Shaowu
Chacabuco Chacabuco
Aklera Aklera
Rutland Rutland
Zaozhuang Zaozhuang
Stuttgart Stuttgart
Viewpark Viewpark
Sillanwali Sillanwali
Bobigny Bobigny
An An
Copperas Copperas
Lodwar Lodwar
Jashpurnagar Jashpurnagar
Kyzylorda Kyzylorda
Brzeg Brzeg
Paredes Paredes
Magomeni Magomeni
Tupelo Tupelo
Bang Bang
Sorsogon Sorsogon
Shagamu Shagamu
Toledo Toledo
Skalica Skalica
Oberhausen Oberhausen
Palm Palm
PointeClaire PointeClaire
Tupiza Tupiza
DehiwalaMount DehiwalaMount
Villaquilambre Villaquilambre
Niort Niort
Stupino Stupino
PortVila PortVila
Palafrugell Palafrugell
Clermont Clermont
