Lesnoy Hueytown Franceville Rutherglen Sungurlu Winsford Sun Beveren Kundla Beveren Brentwood Zgorzelec Yangambi Beveren Glogovac Hudiksvall Blackpool Malaut Pingyi Beveren Meerut Gisborne Dharmapuri Beveren Artur Portogruaro Stade Ishim Visitacion GatesNorth Lesnoy
25
Hueytown Hueytown
Gisborne Gisborne
Hudiksvall Hudiksvall
Visitacion Visitacion
Sungurlu Sungurlu
Rutherglen Rutherglen
Winsford Winsford
Sun Sun
Pingyi Pingyi
Malaut Malaut
Meerut Meerut
Blackpool Blackpool
Glogovac Glogovac
GatesNorth GatesNorth
Lesnoy Lesnoy
Brentwood Brentwood
Kundla Kundla
Portogruaro Portogruaro
Ishim Ishim
Stade Stade
Artur Artur
Zgorzelec Zgorzelec
Yangambi Yangambi
Franceville Franceville
Dharmapuri Dharmapuri
