108 16 7 32 6 77 9 109 7 177 11 71 11 1 39 1 148 190 0 151 22 45 3 1 3 157 6 68 6 34 7 99 11 110 3 137 182 11 176 5 73 120 101 1 121 1 56 61 16 144 96 43 4 184 2 187 2 5 2 46 8 36 5 153 3 114 0 85 48 8 13 170 23 133 67 5 138 66 35 14 136 69 5 143 117 5 142 95 146 13 167 28 57 0 63 0 78 4 64 4 126 7 130 12 79 1 44 174 19 10 17 2 134 1 83 53 3 118 188 2 92 2 15 5 54 5 31 2 26 1 181 2 81 12 82 186 37 1 140 1 49 3 179 24 84 5 23 65 0 75 0 107 100 3 38 128 150 197 129 0 108
97
1 1
5 5
7 7
11 11
13 13
14 14
15 15
17 17
19 19
23 23
24 24
26 26
28 28
31 31
32 32
34 34
35 35
36 36
37 37
38 38
39 39
43 43
44 44
45 45
46 46
48 48
49 49
53 53
54 54
56 56
57 57
61 61
63 63
64 64
65 65
66 66
67 67
68 68
69 69
71 71
73 73
75 75
77 77
78 78
79 79
81 81
82 82
83 83
84 84
85 85
92 92
95 95
96 96
99 99
100 100
101 101
107 107
109 109
110 110
114 114
117 117
118 118
120 120
121 121
126 126
128 128
129 129
130 130
133 133
134 134
136 136
137 137
138 138
140 140
142 142
143 143
144 144
146 146
148 148
150 150
151 151
153 153
157 157
167 167
170 170
174 174
176 176
177 177
179 179
181 181
182 182
184 184
186 186
187 187
188 188
190 190
197 197
