1 92 1 41 18 17 1 52 1 65 102 1 94 136 144 20 1 76 1 71 1 110 1 131 1 23 126 89 1 40 1 8 108 29 42 26 54 77 96 2 48 56 10 2 138 72 35 114 80 1 62 36 34 1 82 32 1 95 1 83 70 68 1 112 1 47 24 134 1 140 1 53 1 16 1 64 1 74 1 124 1 100 1 86 1 125 118 101 142 28 1 122 1 4 120 98 30 128 1 116 78 1 58 113 1 104 1 119 84 44 1 143 1 107 1 11 90 5 46 60 22 1 6 137 1 50 1 88 130 1 66 12 59 1 14 132 106 38 1
96
2 2
4 4
5 5
6 6
8 8
10 10
11 11
12 12
14 14
16 16
17 17
18 18
20 20
22 22
23 23
24 24
26 26
28 28
29 29
30 30
32 32
34 34
35 35
36 36
38 38
40 40
41 41
42 42
44 44
46 46
47 47
48 48
50 50
52 52
53 53
54 54
56 56
58 58
59 59
60 60
62 62
64 64
65 65
66 66
68 68
70 70
71 71
72 72
74 74
76 76
77 77
78 78
80 80
82 82
83 83
84 84
86 86
88 88
89 89
90 90
92 92
94 94
95 95
96 96
98 98
100 100
101 101
102 102
104 104
106 106
107 107
108 108
110 110
112 112
113 113
114 114
116 116
118 118
119 119
120 120
122 122
124 124
125 125
126 126
128 128
130 130
131 131
132 132
134 134
136 136
137 137
138 138
140 140
142 142
143 143
144 144
