create top skip tin celebration cancel colon mechanism prove think transmission fuss childish company breakin battery concern scrap community nationalism magnitude perception basketball farewell pupil deck pride bracket pastel creation line exotic direct belief contract dose accessible crew ballot adult minimize merit hide absorption suffer predict steward linear maze appear feign create
50
concern concern
company company
top top
belief belief
hide hide
basketball basketball
battery battery
pastel pastel
crew crew
linear linear
adult adult
minimize minimize
farewell farewell
ballot ballot
scrap scrap
appear appear
creation creation
deck deck
perception perception
childish childish
exotic exotic
think think
skip skip
community community
tin tin
suffer suffer
merit merit
colon colon
bracket bracket
breakin breakin
prove prove
pride pride
nationalism nationalism
magnitude magnitude
transmission transmission
contract contract
mechanism mechanism
cancel cancel
direct direct
line line
absorption absorption
dose dose
predict predict
feign feign
accessible accessible
maze maze
pupil pupil
fuss fuss
celebration celebration
steward steward
