pride domestic traction mechanism top whole pastel thread ballot seller skip battery linear knit deter makeup bring dialect absorption adult homosexual shelter pupil craftsman inhibition bracket glide rabbit creation east steward equinox appear prove magnitude minimize fortune offensive desk concern nationalism deck present formation wrong huge farewell transmission community line think dilemma magnetic dramatic denial hide lobby thank transaction vote valid perception berry scrap crew childish dose merit car tribe partnership gift mind tin basketball accessible predict leash mosaic company exotic salmon cancel trance dedicate work colon suffer breakin snap contract belief fuss integrated celebration loud maze create direct feign pride
100
concern concern
company company
top top
belief belief
hide hide
basketball basketball
battery battery
pastel pastel
crew crew
linear linear
adult adult
minimize minimize
farewell farewell
ballot ballot
scrap scrap
appear appear
creation creation
deck deck
perception perception
childish childish
exotic exotic
think think
skip skip
community community
tin tin
suffer suffer
merit merit
colon colon
bracket bracket
breakin breakin
prove prove
pride pride
nationalism nationalism
magnitude magnitude
transmission transmission
contract contract
mechanism mechanism
cancel cancel
direct direct
line line
absorption absorption
dose dose
predict predict
feign feign
accessible accessible
maze maze
pupil pupil
fuss fuss
celebration celebration
steward steward
snap snap
whole whole
salmon salmon
partnership partnership
present present
dramatic dramatic
traction traction
thread thread
wrong wrong
desk desk
shelter shelter
denial denial
knit knit
glide glide
dialect dialect
lobby lobby
gift gift
east east
leash leash
loud loud
magnetic magnetic
valid valid
formation formation
huge huge
berry berry
bring bring
integrated integrated
equinox equinox
car car
fortune fortune
tribe tribe
create create
seller seller
makeup makeup
homosexual homosexual
deter deter
offensive offensive
mosaic mosaic
trance trance
thank thank
rabbit rabbit
mind mind
inhibition inhibition
work work
craftsman craftsman
domestic domestic
dedicate dedicate
dilemma dilemma
vote vote
transaction transaction
