1 76 77 78 77 76 1 176 177 178 177 176 1 72 73 72 1 122 125 122 1 118 121 118 1 6 8 6 1 106 108 106 1 18 20 18 1 110 112 110 1 122 124 122 1 26 27 28 29 30 29 28 27 26 1 150 151 152 154 152 151 150 1 14 17 14 1 106 109 106 1 60 62 60 1 68 70 68 1 72 75 74 72 1 156 159 156 1 100 101 102 104 102 101 100 1 14 16 14 1 164 165 164 1 172 173 172 1 160 161 160 1 76 77 78 79 80 79 78 77 76 1 10 13 10 1 26 27 28 27 26 1 56 58 56 1 68 69 71 68 1 6 9 6 1 126 127 128 129 130 129 128 127 126 1 6 7 6 1 56 57 56 1 110 111 110 1 22 23 22 1 64 66 64 1 110 113 110 1 156 158 156 1 168 171 168 1 150 151 152 153 152 151 150 1 60 63 60 1 64 67 64 1 118 120 118 1 56 59 56 1 114 117 114 1 172 174 172 1 168 170 168 1 122 123 122 1 18 21 19 18 1 150 151 152 155 152 151 150 1 176 177 178 179 180 179 178 177 176 1 160 162 160 1 164 166 164 1 156 157 156 1 126 127 128 127 126 1 106 107 106 1 50 51 52 53 55 52 51 50 1 60 61 60 1 164 167 164 1 118 119 118 1 22 24 25 22 1 10 11 10 1 50 51 52 54 52 51 50 1 2 3 2 1 114 116 114 1 172 175 172 1 2 4 5 2 1 114 115 114 1 10 12 10 1 64 65 64 1 100 101 102 105 102 101 100 1 14 15 14 1 168 169 168 1 100 101 102 103 102 101 100 1 160 163 160 1
80
130 130
3 3
4 4
5 5
7 7
8 8
9 9
11 11
12 12
13 13
15 15
16 16
17 17
19 19
20 20
21 21
23 23
24 24
25 25
153 153
154 154
28 28
155 155
30 30
157 157
158 158
159 159
161 161
162 162
163 163
165 165
166 166
167 167
169 169
170 170
171 171
173 173
174 174
175 175
178 178
180 180
53 53
54 54
55 55
57 57
58 58
59 59
61 61
62 62
63 63
65 65
66 66
67 67
69 69
70 70
71 71
73 73
74 74
75 75
78 78
80 80
103 103
104 104
105 105
107 107
108 108
109 109
111 111
112 112
113 113
115 115
116 116
117 117
119 119
120 120
121 121
123 123
124 124
125 125
128 128
