0 5 11 16 17 22 26 31 35 40 45 50 55 61 66 65 61 62 63 64 58 53 47 42 36 31 25 20 15 11 6 2 3 8 3 7 13 7 6 5 10 15 20 25 31 36 42 47 42 36 31 25 20 15 10 11 12 17 23 28 34 39 44 48 53 57 62 66 72 77 83 88 94 99 94 89 84 78 73 67 62 56 52 47 43 38 34 29 34 38 43 48 47 46 51 55 60 65 70 75 80 85 91 96 91 85 80 75 71 66 62 57 62 66 71 75 81 86 92 86 81 75 70 65 60 55 50 45 41 36 32 27 23 18 24 18 13 12 11 6 11 16 22 27 33 38 44 38 33 27 22 21 25 30 35 40 45 50 55 60 65 70 75 80 85 91 92 93 94 93 92 91 90 85 80 75 70 65 61 56 52 47 43 38 43 37 36 35 41 42 47 53 58 64 69 64 58 53 47 46 45 50 55 60 65 70 75 80 85 81 76 72 67 63 58 54 49 48 47 52 57 63 57 52 46 41 35 30 25 21 16 12 7 2 1 0
50
0 0
2 2
3 3
5 5
6 6
7 7
8 8
10 10
11 11
13 13
16 16
17 17
18 18
20 20
21 21
24 24
29 29
30 30
34 34
35 35
37 37
38 38
39 39
41 41
43 43
44 44
45 45
46 46
47 47
48 48
49 49
52 52
55 55
57 57
61 61
63 63
64 64
65 65
66 66
69 69
70 70
83 83
85 85
89 89
90 90
91 91
92 92
94 94
96 96
99 99
