0 10 20 30 40 50 60 70 80 90 100 110 120 130 141 151 141 130 131 132 133 134 135 136 137 138 149 138 128 117 108 98 89 78 68 57 47 36 26 15 5 4 13 23 32 43 53 63 72 82 91 102 112 123 112 102 91 82 72 63 53 44 34 25 15 14 13 12 11 21 11 12 22 31 41 50 60 70 80 90 100 110 120 130 141 151 162 172 183 172 162 151 141 131 122 112 103 93 94 95 85 75 66 56 47 37 47 56 67 56 47 37 28 18 28 37 47 56 66 75 85 94 104 113 123 132 122 111 102 92 83 73 64 54 45 35 26 16 26 35 45 54 65 75 86 96 106 116 127 137 148 158 157 156 155 165 155 146 145 144 143 142 141 150 151 152 163 173 184 173 163 152 142 131 121 110 100 90 80 70 60 50 41 31 22 23 24 25 35 46 56 67 77 87 96 106 115 125 134 144 154 165 175 186 196 197 198 188 177 167 156 155 154 165 175 165 164 163 162 161 150 140 130 121 111 102 92 83 73 64 54 45 35 26 27 28 29 28 37 47 56 66 75 85 94 84 73 63 52 51 61 70 81 91 102 112 123 133 123 112 102 91 81 71 82 92 103 113 124 134 145 155 166 176 167 157 148 138 139 138 137 136 135 145 154 164 153 143 132 122 111 101 90 80 70 61 51 42 43 33 24 14 5 6 7 8 17 27 36 47 57 68 78 89 99 89 78 68 67 66 65 64 73 83 93 104 114 125 135 146 156 167 177 188 177 167 156 146 135 125 114 104 94 85 75 66 56 47 37 28 18 9 18 28 37 48 57 67 76 86 95 105 114 125 126 136 147 146 145 144 143 142 141 150 160 150 140 130 120 110 100 90 80 70 60 50 40 30 20 21 31 42 52 63 73 83 92 102 111 122 132 143 153 154 155 156 167 156 146 135 125 114 105 104 103 102 103 104 105 106 116 127 117 108 97 87 76 66 55 45 34 33 43 52 62 72 82 92 103 113 124 134 145 155 166 176 187 176 166 155 145 144 143 142 141 140 141 142 143 144 145 146 147 157 168 178 189 199 189 178 168 157 147 136 126 115 114 113 112 111 121 130 140 150 160 170 181 171 162 152 143 133 124 114 105 95 96 97 98 108 118 117 116 115 114 113 112 111 110 120 110 100 90 80 70 61 51 42 32 23 24 25 26 35 45 54 64 73 84 94 105 115 126 136 147 157 168 178 189 178 168 157 147 136 126 115 106 96 87 86 87 97 108 118 129 138 148 157 168 178 168 167 166 155 154 153 152 142 131 121 110 101 91 82 91 102 112 123 133 144 154 165 175 186 175 165 154 144 133 123 112 102 101 90 80 70 60 50 41 31 32 33 34 45 34 24 13 3 2 3 4 5 14 24 33 43 52 62 71 82 92 103 93 84 74 75 76 67 68 57 47 36 27 17 18 29 39 49 58 68 77 87 96 107 116 115 125 134 144 153 163 172 182 171 161 150 140 130 120 110 100 90 80 70 60 50 40 30 20 10 0
100
2 2
4 4
5 5
8 8
9 9
12 12
15 15
16 16
17 17
18 18
20 20
21 21
22 22
24 24
26 26
29 29
31 31
33 33
37 37
39 39
42 42
43 43
45 45
48 48
51 51
53 53
61 61
64 64
67 67
68 68
70 70
71 71
72 72
73 73
76 76
77 77
80 80
81 81
82 82
83 83
86 86
87 87
89 89
94 94
95 95
96 96
98 98
99 99
101 101
102 102
103 103
104 104
105 105
107 107
108 108
111 111
114 114
116 116
118 118
120 120
122 122
123 123
125 125
127 127
129 129
130 130
132 132
133 133
139 139
140 140
146 146
147 147
149 149
150 150
151 151
152 152
153 153
154 154
155 155
158 158
160 160
161 161
164 164
165 165
166 166
167 167
175 175
176 176
178 178
181 181
182 182
183 183
184 184
186 186
187 187
188 188
189 189
196 196
198 198
199 199
