CH BY DC BA AP AJ AF CB DM CU AF BS AF CU BC BO CV CH BD DV BV AJ AF BH DF BW DI AU AV CM BG BN CS AW CL CM DD CS BN DQ DV AV AY CP BF DA BP DA AM CY DB AL DC AT AF AJ AN CP AN BZ BU DS DG AN AE DO DU AL CN DU CQ AZ CD CZ CF CW BK BU CA CG AD BL DD BZ AO DP BI DL BA AZ CH
50
AF AF
AJ AJ
AL AL
AM AM
AN AN
AP AP
AT AT
AU AU
AV AV
AY AY
AZ AZ
BC BC
BD BD
BF BF
BG BG
BI BI
BL BL
BN BN
BP BP
BS BS
BU BU
BV BV
BY BY
BZ BZ
CA CA
CB CB
CD CD
CF CF
CL CL
CN CN
CP CP
CQ CQ
CS CS
CU CU
CV CV
CW CW
CZ CZ
DB DB
DC DC
DD DD
DF DF
DG DG
DI DI
DL DL
DM DM
DO DO
DP DP
DQ DQ
DU DU
DV DV
