Qatar Haiti Malta Burundi Nicaragua Montenegro Belgium Tunisia Sweden Uruguay VaticanCity CzechRepublic MarshallIslands Angola America UAE Singapore SaintLucia Guyana Tanzania Uzbekistan Serbia Estonia Serbia GuineaBissau CostaRica India Netherlands Qatar Tajikistan Mongolia Egypt UnitedKingdom SanMarino Qatar Macedonia Qatar DemofChina SierraLeone Tuvalu Kosovo Liberia Qatar Mozambique Morocco Serbia Peru Qatar Georgia Qatar Armenia America Serbia Gabon Mali Belarus Kyrgyzstan France Qatar Senegal Lebanon Uruguay Danzig RussianFederation Australia Andorra Qatar Albania Qatar
50
Mongolia Mongolia
Albania Albania
America America
Kyrgyzstan Kyrgyzstan
VaticanCity VaticanCity
Armenia Armenia
CzechRepublic CzechRepublic
Peru Peru
Tanzania Tanzania
UnitedKingdom UnitedKingdom
Tuvalu Tuvalu
Mali Mali
UAE UAE
France France
Guyana Guyana
Andorra Andorra
Kosovo Kosovo
Australia Australia
Gabon Gabon
RussianFederation RussianFederation
Nicaragua Nicaragua
Netherlands Netherlands
Tajikistan Tajikistan
Mozambique Mozambique
Burundi Burundi
GuineaBissau GuineaBissau
SierraLeone SierraLeone
Senegal Senegal
Sweden Sweden
Lebanon Lebanon
Montenegro Montenegro
Danzig Danzig
Georgia Georgia
Angola Angola
Haiti Haiti
Liberia Liberia
Belarus Belarus
Morocco Morocco
Uzbekistan Uzbekistan
SanMarino SanMarino
CostaRica CostaRica
Macedonia Macedonia
Tunisia Tunisia
Belgium Belgium
Egypt Egypt
SaintLucia SaintLucia
Singapore Singapore
Estonia Estonia
Malta Malta
DemofChina DemofChina
