Albania Netherlands Switzerland Netherlands Bulgaria Canada Venezuela Canada Mali Estonia Malaysia Albania Brazil Gabon PapuaNewGuinea Vietnam Burma EquatorGuinea Canada Paraguay Vanuatu Argentina Albania Cyprus Albania Suriname Mauritania Seychelles Bahamas Albania Laos Albania Maldives Pakistan SaudiArabia Lithuania Albania Newfoundland Ethiopia Swaziland Germany Algeria Yemen Philippines Greece Norway Fiji Albania NorthKorea Albania MountAthos Netherlands Portugal Dominica Kiribati Liechtenstein Vietnam UnitedKingdom France Netherlands Tunisia Vanuatu Serbia Vanuatu CentralAfricanRep Panama Australia Rwanda Venezuela Italy SriLanka Burkina Albania SaintKitts CapeVerde Poland Albania Rome Canada Finland NewZealand Luxembourg Mongolia Canada Qatar SolomonIslands SaoTomPrincipe Albania SierraLeone Chile Vanuatu Niger Vanuatu IvoryCoast Guatemala Netherlands Mauritius Grenada Vanuatu Ukraine Bhutan Hungary Paraguay Lesotho Swaziland VaticanCity Peru Canada UAE Andorra Uruguay TheGambia Paraguay Comoros RussianFederation SaintLucia Danzig Djibouti Tanzania Albania Eritrea Romania Netherlands Latvia Japan Albania Jamaica Israel America Vietnam Cuba Ethiopia Cambodia Canada Belarus Togo Kosovo Canada BosHerzegovina Thailand Nepal Kazakhstan Albania Slovenia Albania
100
Paraguay Paraguay
Vanuatu Vanuatu
Ethiopia Ethiopia
Latvia Latvia
Venezuela Venezuela
Burkina Burkina
Gabon Gabon
Comoros Comoros
Pakistan Pakistan
Fiji Fiji
MountAthos MountAthos
Mauritius Mauritius
SaintLucia SaintLucia
Burma Burma
Luxembourg Luxembourg
Finland Finland
Estonia Estonia
Israel Israel
VaticanCity VaticanCity
Romania Romania
Qatar Qatar
Rwanda Rwanda
Mauritania Mauritania
CapeVerde CapeVerde
Liechtenstein Liechtenstein
Germany Germany
Norway Norway
France France
Panama Panama
SaoTomPrincipe SaoTomPrincipe
RussianFederation RussianFederation
Djibouti Djibouti
Bahamas Bahamas
EquatorGuinea EquatorGuinea
Tunisia Tunisia
UAE UAE
Bulgaria Bulgaria
SriLanka SriLanka
NorthKorea NorthKorea
IvoryCoast IvoryCoast
Niger Niger
Cyprus Cyprus
Kiribati Kiribati
Thailand Thailand
Yemen Yemen
America America
Eritrea Eritrea
Newfoundland Newfoundland
SierraLeone SierraLeone
Peru Peru
Kosovo Kosovo
Guatemala Guatemala
BosHerzegovina BosHerzegovina
Chile Chile
Maldives Maldives
Dominica Dominica
SolomonIslands SolomonIslands
Bhutan Bhutan
CentralAfricanRep CentralAfricanRep
Ukraine Ukraine
Suriname Suriname
Danzig Danzig
Togo Togo
Portugal Portugal
Seychelles Seychelles
Algeria Algeria
Rome Rome
PapuaNewGuinea PapuaNewGuinea
Greece Greece
Lithuania Lithuania
Poland Poland
Grenada Grenada
Tanzania Tanzania
SaintKitts SaintKitts
Mongolia Mongolia
Serbia Serbia
Argentina Argentina
Cuba Cuba
Italy Italy
Belarus Belarus
Kazakhstan Kazakhstan
Japan Japan
TheGambia TheGambia
Switzerland Switzerland
Jamaica Jamaica
NewZealand NewZealand
Lesotho Lesotho
Andorra Andorra
SaudiArabia SaudiArabia
Hungary Hungary
Brazil Brazil
Mali Mali
Philippines Philippines
Nepal Nepal
Cambodia Cambodia
UnitedKingdom UnitedKingdom
Malaysia Malaysia
Laos Laos
Australia Australia
Slovenia Slovenia
