Nepal Newfoundland Botswana Tajikistan NewZealand Kuwait Tanzania Liechtenstein Slovakia Azerbaijan VaticanCity Belarus MarshallIslands Suriname Afghanistan Estonia Serbia Georgia Panama Argentina Vietnam SaintLucia Nepal Niger Nepal UAE Fiji Palau Mauritius Newfoundland Nepal
25
Liechtenstein Liechtenstein
Palau Palau
Vietnam Vietnam
Estonia Estonia
Afghanistan Afghanistan
Georgia Georgia
Panama Panama
MarshallIslands MarshallIslands
Fiji Fiji
Azerbaijan Azerbaijan
NewZealand NewZealand
Kuwait Kuwait
Suriname Suriname
Argentina Argentina
Mauritius Mauritius
SaintLucia SaintLucia
UAE UAE
Belarus Belarus
Botswana Botswana
Serbia Serbia
VaticanCity VaticanCity
Tajikistan Tajikistan
Slovakia Slovakia
Tanzania Tanzania
Niger Niger
