Zo0umr3KFWOZJQPm 3SYpu8y7n2lFaEgA PmJZCdR41rbLgXgi kWAnmn2xV4T8moWO tZ46uZudk7AfSXt1 asqla05DvWvndrgH e9DWnoEu0mxMb9VK OMjRZA0G6vbBxKd5 Gypke7sesv6WDuj9 jVrty3u6KGOjBg80 HAZt9xslXTTIQrh6 KHBd51v9Lk79JoNu z6aHWvfWV1YcOU3s 1yeDQmwUGYi8LEVC drsNw5E8nXGgcxxE HqZKcXPbTIsIN6eT CvZWFxoaMZYhwHYj 0Pfip4BXzoRzyFv2 uRc2j178KRm3sVAY HAZt9xslXTTIQrh6 LdwRPFzBNqStC5X8 bpy0VAq3GZuO2R8U 5TjXpBJuIWCWGZis 8pFqGmxaOhvFeBf4 bpy0VAq3GZuO2R8U Byr8ftz6Pn4uac3K HAZt9xslXTTIQrh6 3PEg9lFbqEimkqjc HAZt9xslXTTIQrh6 rvadWwbDVrEOdUmt J5iqQt6wukvg6KLY RnvIh4TOetAfG82E qQzEeIfIOpoI9qKk xlWntBwCLfHgHam8 HAZt9xslXTTIQrh6 9L0zlmq9jRh6nd1I HAZt9xslXTTIQrh6 bpy0VAq3GZuO2R8U QSabhET5tNnXgX60 EotYPttMvJbBfyaO 2yhNJ9fcTz8hRVDj ziJdi0Y4mj4TIJZ9 bpy0VAq3GZuO2R8U HAZt9xslXTTIQrh6 J5iqQt6wukvg6KLY 9pH9xdreYrmVM1JI RnvIh4TOetAfG82E 9dVIdmIqrww8IL0A OMjRZA0G6vbBxKd5 ziJdi0Y4mj4TIJZ9 WVwd9ExLXa3zphJn qeVT6FbNKHRizFU8 W4POX5YqpnnI3x1U bpy0VAq3GZuO2R8U LI7uFZ34s97AeNpk uuhviI1p7F0sChqp ZsdU4FLz0FoJAHOC 1bDI0W7o3Pb2zYhB RnvIh4TOetAfG82E K5TJWlCDC2GiIJEC J5iqQt6wukvg6KLY fBCH5yXHMW5jQJjk eRAtRmExinGYKjYs HAZt9xslXTTIQrh6 2hsCdf5s2NPqItPy Dg4uIWuVD7Xd3FfI PDtM7hU3L1QjW9eR fg0WyZdFGAAZWRqK Zo0umr3KFWOZJQPm
50
HAZt9xslXTTIQrh6 HAZt9xslXTTIQrh6
bpy0VAq3GZuO2R8U bpy0VAq3GZuO2R8U
ziJdi0Y4mj4TIJZ9 ziJdi0Y4mj4TIJZ9
RnvIh4TOetAfG82E RnvIh4TOetAfG82E
OMjRZA0G6vbBxKd5 OMjRZA0G6vbBxKd5
WVwd9ExLXa3zphJn WVwd9ExLXa3zphJn
9pH9xdreYrmVM1JI 9pH9xdreYrmVM1JI
J5iqQt6wukvg6KLY J5iqQt6wukvg6KLY
rvadWwbDVrEOdUmt rvadWwbDVrEOdUmt
qeVT6FbNKHRizFU8 qeVT6FbNKHRizFU8
9L0zlmq9jRh6nd1I 9L0zlmq9jRh6nd1I
tZ46uZudk7AfSXt1 tZ46uZudk7AfSXt1
qQzEeIfIOpoI9qKk qQzEeIfIOpoI9qKk
ZsdU4FLz0FoJAHOC ZsdU4FLz0FoJAHOC
e9DWnoEu0mxMb9VK e9DWnoEu0mxMb9VK
KHBd51v9Lk79JoNu KHBd51v9Lk79JoNu
xlWntBwCLfHgHam8 xlWntBwCLfHgHam8
K5TJWlCDC2GiIJEC K5TJWlCDC2GiIJEC
asqla05DvWvndrgH asqla05DvWvndrgH
QSabhET5tNnXgX60 QSabhET5tNnXgX60
1bDI0W7o3Pb2zYhB 1bDI0W7o3Pb2zYhB
9dVIdmIqrww8IL0A 9dVIdmIqrww8IL0A
z6aHWvfWV1YcOU3s z6aHWvfWV1YcOU3s
uuhviI1p7F0sChqp uuhviI1p7F0sChqp
eRAtRmExinGYKjYs eRAtRmExinGYKjYs
fBCH5yXHMW5jQJjk fBCH5yXHMW5jQJjk
LI7uFZ34s97AeNpk LI7uFZ34s97AeNpk
5TjXpBJuIWCWGZis 5TjXpBJuIWCWGZis
8pFqGmxaOhvFeBf4 8pFqGmxaOhvFeBf4
Gypke7sesv6WDuj9 Gypke7sesv6WDuj9
jVrty3u6KGOjBg80 jVrty3u6KGOjBg80
W4POX5YqpnnI3x1U W4POX5YqpnnI3x1U
Byr8ftz6Pn4uac3K Byr8ftz6Pn4uac3K
LdwRPFzBNqStC5X8 LdwRPFzBNqStC5X8
kWAnmn2xV4T8moWO kWAnmn2xV4T8moWO
1yeDQmwUGYi8LEVC 1yeDQmwUGYi8LEVC
0Pfip4BXzoRzyFv2 0Pfip4BXzoRzyFv2
3SYpu8y7n2lFaEgA 3SYpu8y7n2lFaEgA
3PEg9lFbqEimkqjc 3PEg9lFbqEimkqjc
2hsCdf5s2NPqItPy 2hsCdf5s2NPqItPy
HqZKcXPbTIsIN6eT HqZKcXPbTIsIN6eT
drsNw5E8nXGgcxxE drsNw5E8nXGgcxxE
CvZWFxoaMZYhwHYj CvZWFxoaMZYhwHYj
2yhNJ9fcTz8hRVDj 2yhNJ9fcTz8hRVDj
PmJZCdR41rbLgXgi PmJZCdR41rbLgXgi
EotYPttMvJbBfyaO EotYPttMvJbBfyaO
Dg4uIWuVD7Xd3FfI Dg4uIWuVD7Xd3FfI
PDtM7hU3L1QjW9eR PDtM7hU3L1QjW9eR
uRc2j178KRm3sVAY uRc2j178KRm3sVAY
fg0WyZdFGAAZWRqK fg0WyZdFGAAZWRqK
