55 91 48 115 63 106 158 29 114 67 76 1 9 1 8 172 113 15 135 1 13 40 42 97 62 181 3 26 88 66 43 140 166 58 133 7 163 184 153 78 77 4 107 74 175 109 54 2 53 148 41 49 150 32 116 134 105 2 160 170 27 1 126 30 152 119 59 159 186 33 83 137 111 189 71 4 16 1 12 162 3 182 101 61 122 179 90 56 146 85 1 171 5 80 86 188 4 81 118 3 36 2 17 131 185 1 149 168 11 1 20 151 45 177 173 57 55
96
8 8
9 9
11 11
12 12
13 13
15 15
16 16
17 17
20 20
26 26
27 27
29 29
30 30
32 32
33 33
36 36
40 40
41 41
42 42
43 43
45 45
48 48
49 49
53 53
54 54
56 56
57 57
58 58
59 59
61 61
62 62
63 63
66 66
67 67
71 71
74 74
76 76
77 77
78 78
80 80
81 81
83 83
85 85
86 86
88 88
90 90
91 91
97 97
101 101
105 105
106 106
107 107
109 109
111 111
113 113
114 114
115 115
116 116
118 118
119 119
122 122
126 126
131 131
133 133
134 134
135 135
137 137
140 140
146 146
148 148
149 149
150 150
151 151
152 152
153 153
158 158
159 159
160 160
162 162
163 163
166 166
168 168
170 170
171 171
172 172
173 173
175 175
177 177
179 179
181 181
182 182
184 184
185 185
186 186
188 188
189 189
